
0it [00:00, ?it/s]

Processing dense_1:   0%|          | 0/40 [00:00<?, ?it/s][A

Processing dense_1:   2%|▎         | 1/40 [00:00<00:07,  5.52it/s][A

Processing dense_1:   8%|▊         | 3/40 [00:00<00:03, 10.12it/s][A

Processing dense_1:  15%|█▌        | 6/40 [00:00<00:02, 14.70it/s][A

Processing dense_1:  20%|██        | 8/40 [00:00<00:02, 15.50it/s][A

Processing dense_1:  25%|██▌       | 10/40 [00:00<00:01, 15.58it/s][A

Processing dense_1:  30%|███       | 12/40 [00:00<00:01, 16.23it/s][A

Processing dense_1:  35%|███▌      | 14/40 [00:00<00:01, 17.12it/s][A

Processing dense_1:  40%|████      | 16/40 [00:01<00:01, 17.10it/s][A

Processing dense_1:  45%|████▌     | 18/40 [00:01<00:01, 17.07it/s][A

Processing dense_1:  50%|█████     | 20/40 [00:01<00:01, 16.86it/s][A

Processing dense_1:  55%|█████▌    | 22/40 [00:01<00:01, 17.25it/s][A

Processing dense_1:  60%|██████    | 24/40 [00:01<00:00, 16.89it/s][A

Processing dense_1:  65%|██████▌   | 26/40 [00:01<00:00, 16.63it/s][A

Processing dense_1:  70%|███████   | 28/40 [00:01<00:00, 16.63it/s][A

Processing dense_1:  75%|███████▌  | 30/40 [00:01<00:00, 16.01it/s][A

Processing dense_1:  80%|████████  | 32/40 [00:02<00:00, 16.07it/s][A

Processing dense_1:  85%|████████▌ | 34/40 [00:02<00:00, 16.14it/s][A

Processing dense_1:  90%|█████████ | 36/40 [00:02<00:00, 16.93it/s][A

Processing dense_1:  95%|█████████▌| 38/40 [00:02<00:00, 17.26it/s][A
Processing dense_1: 100%|██████████| 40/40 [00:02<00:00, 16.43it/s]


Processing activation_7:   0%|          | 0/40 [00:00<?, ?it/s][A

Processing activation_7:   5%|▌         | 2/40 [00:00<00:02, 18.41it/s][A

Processing activation_7:  10%|█         | 4/40 [00:00<00:01, 18.52it/s][A

Processing activation_7:  15%|█▌        | 6/40 [00:00<00:01, 18.68it/s][A

Processing activation_7:  20%|██        | 8/40 [00:00<00:01, 18.84it/s][A

Processing activation_7:  25%|██▌       | 10/40 [00:00<00:01, 19.21it/s][A

Processing activation_7:  30%|███       | 12/40 [00:00<00:01, 19.07it/s][A

Processing activation_7:  35%|███▌      | 14/40 [00:00<00:01, 18.79it/s][A

Processing activation_7:  40%|████      | 16/40 [00:00<00:01, 18.19it/s][A

Processing activation_7:  45%|████▌     | 18/40 [00:00<00:01, 17.89it/s][A

Processing activation_7:  50%|█████     | 20/40 [00:01<00:01, 17.55it/s][A

Processing activation_7:  55%|█████▌    | 22/40 [00:01<00:01, 17.54it/s][A

Processing activation_7:  60%|██████    | 24/40 [00:01<00:00, 17.45it/s][A

Processing activation_7:  65%|██████▌   | 26/40 [00:01<00:00, 17.35it/s][A

Processing activation_7:  70%|███████   | 28/40 [00:01<00:00, 17.23it/s][A

Processing activation_7:  75%|███████▌  | 30/40 [00:01<00:00, 17.07it/s][A

Processing activation_7:  80%|████████  | 32/40 [00:01<00:00, 16.80it/s][A

Processing activation_7:  85%|████████▌ | 34/40 [00:01<00:00, 16.91it/s][A

Processing activation_7:  90%|█████████ | 36/40 [00:02<00:00, 16.75it/s][A

Processing activation_7:  95%|█████████▌| 38/40 [00:02<00:00, 16.75it/s][A
Processing activation_7: 100%|██████████| 40/40 [00:02<00:00, 17.83it/s]


Processing dense_2:   0%|          | 0/40 [00:00<?, ?it/s][A

Processing dense_2:   5%|▌         | 2/40 [00:00<00:02, 14.11it/s][A

Processing dense_2:  10%|█         | 4/40 [00:00<00:02, 14.11it/s][A

Processing dense_2:  15%|█▌        | 6/40 [00:00<00:02, 14.84it/s][A

Processing dense_2:  20%|██        | 8/40 [00:00<00:02, 14.77it/s][A

Processing dense_2:  25%|██▌       | 10/40 [00:00<00:01, 15.22it/s][A

Processing dense_2:  30%|███       | 12/40 [00:00<00:01, 15.26it/s][A

Processing dense_2:  35%|███▌      | 14/40 [00:00<00:01, 15.35it/s][A

Processing dense_2:  40%|████      | 16/40 [00:01<00:01, 15.57it/s][A

Processing dense_2:  45%|████▌     | 18/40 [00:01<00:01, 15.86it/s][A

Processing dense_2:  50%|█████     | 20/40 [00:01<00:01, 15.92it/s][A

Processing dense_2:  55%|█████▌    | 22/40 [00:01<00:01, 16.07it/s][A

Processing dense_2:  60%|██████    | 24/40 [00:01<00:00, 16.18it/s][A

Processing dense_2:  65%|██████▌   | 26/40 [00:01<00:00, 16.03it/s][A

Processing dense_2:  70%|███████   | 28/40 [00:01<00:00, 16.21it/s][A

Processing dense_2:  75%|███████▌  | 30/40 [00:01<00:00, 16.09it/s][A

Processing dense_2:  80%|████████  | 32/40 [00:02<00:00, 16.08it/s][A

Processing dense_2:  85%|████████▌ | 34/40 [00:02<00:00, 15.79it/s][A

Processing dense_2:  90%|█████████ | 36/40 [00:02<00:00, 15.50it/s][A

Processing dense_2:  95%|█████████▌| 38/40 [00:02<00:00, 15.44it/s][A
Processing dense_2: 100%|██████████| 40/40 [00:02<00:00, 15.83it/s]


Processing activation_8:   0%|          | 0/40 [00:00<?, ?it/s][A

Processing activation_8:   5%|▌         | 2/40 [00:00<00:03, 12.33it/s][A

Processing activation_8:  10%|█         | 4/40 [00:00<00:02, 13.84it/s][A

Processing activation_8:  15%|█▌        | 6/40 [00:00<00:02, 14.81it/s][A

Processing activation_8:  20%|██        | 8/40 [00:00<00:02, 15.20it/s][A

Processing activation_8:  25%|██▌       | 10/40 [00:00<00:01, 15.43it/s][A

Processing activation_8:  30%|███       | 12/40 [00:00<00:01, 15.80it/s][A

Processing activation_8:  35%|███▌      | 14/40 [00:00<00:01, 15.88it/s][A

Processing activation_8:  40%|████      | 16/40 [00:01<00:01, 15.84it/s][A

Processing activation_8:  45%|████▌     | 18/40 [00:01<00:01, 16.14it/s][A

Processing activation_8:  50%|█████     | 20/40 [00:01<00:01, 16.20it/s][A

Processing activation_8:  55%|█████▌    | 22/40 [00:01<00:01, 16.11it/s][A

Processing activation_8:  60%|██████    | 24/40 [00:01<00:00, 16.04it/s][A

Processing activation_8:  65%|██████▌   | 26/40 [00:01<00:00, 16.00it/s][A

Processing activation_8:  70%|███████   | 28/40 [00:01<00:00, 15.92it/s][A

Processing activation_8:  75%|███████▌  | 30/40 [00:01<00:00, 15.99it/s][A

Processing activation_8:  80%|████████  | 32/40 [00:02<00:00, 15.94it/s][A

Processing activation_8:  85%|████████▌ | 34/40 [00:02<00:00, 15.21it/s][A

Processing activation_8:  90%|█████████ | 36/40 [00:02<00:00, 15.31it/s][A

Processing activation_8:  95%|█████████▌| 38/40 [00:02<00:00, 15.50it/s][A
Processing activation_8: 100%|██████████| 40/40 [00:02<00:00, 15.81it/s]


Processing dense_3:   0%|          | 0/40 [00:00<?, ?it/s][A

Processing dense_3:   5%|▌         | 2/40 [00:00<00:03, 12.44it/s][A

Processing dense_3:  10%|█         | 4/40 [00:00<00:02, 12.81it/s][A

Processing dense_3:  15%|█▌        | 6/40 [00:00<00:02, 13.33it/s][A

Processing dense_3:  20%|██        | 8/40 [00:00<00:02, 13.58it/s][A

Processing dense_3:  25%|██▌       | 10/40 [00:00<00:02, 13.77it/s][A

Processing dense_3:  30%|███       | 12/40 [00:00<00:02, 13.89it/s][A

Processing dense_3:  35%|███▌      | 14/40 [00:01<00:01, 13.96it/s][A

Processing dense_3:  40%|████      | 16/40 [00:01<00:01, 14.13it/s][A

Processing dense_3:  45%|████▌     | 18/40 [00:01<00:01, 13.95it/s][A

Processing dense_3:  50%|█████     | 20/40 [00:01<00:01, 14.04it/s][A

Processing dense_3:  55%|█████▌    | 22/40 [00:01<00:01, 13.96it/s][A

Processing dense_3:  60%|██████    | 24/40 [00:01<00:01, 13.96it/s][A

Processing dense_3:  65%|██████▌   | 26/40 [00:01<00:01, 13.90it/s][A

Processing dense_3:  70%|███████   | 28/40 [00:02<00:00, 13.91it/s][A

Processing dense_3:  75%|███████▌  | 30/40 [00:02<00:00, 14.00it/s][A

Processing dense_3:  80%|████████  | 32/40 [00:02<00:00, 14.15it/s][A

Processing dense_3:  85%|████████▌ | 34/40 [00:02<00:00, 14.00it/s][A

Processing dense_3:  90%|█████████ | 36/40 [00:02<00:00, 13.92it/s][A

Processing dense_3:  95%|█████████▌| 38/40 [00:02<00:00, 13.95it/s][A

Processing dense_3: 100%|██████████| 40/40 [00:02<00:00, 15.30it/s][A
Processing dense_3: 100%|██████████| 40/40 [00:02<00:00, 14.07it/s]


Processing activation_9:   0%|          | 0/40 [00:00<?, ?it/s][A

Processing activation_9:   5%|▌         | 2/40 [00:00<00:02, 13.10it/s][A

Processing activation_9:  10%|█         | 4/40 [00:00<00:02, 13.24it/s][A

Processing activation_9:  15%|█▌        | 6/40 [00:00<00:02, 13.75it/s][A

Processing activation_9:  20%|██        | 8/40 [00:00<00:02, 13.92it/s][A

Processing activation_9:  25%|██▌       | 10/40 [00:00<00:02, 14.09it/s][A

Processing activation_9:  30%|███       | 12/40 [00:00<00:01, 14.46it/s][A

Processing activation_9:  35%|███▌      | 14/40 [00:00<00:01, 14.56it/s][A

Processing activation_9:  40%|████      | 16/40 [00:01<00:01, 14.03it/s][A

Processing activation_9:  45%|████▌     | 18/40 [00:01<00:01, 13.64it/s][A

Processing activation_9:  50%|█████     | 20/40 [00:01<00:01, 13.58it/s][A

Processing activation_9:  55%|█████▌    | 22/40 [00:01<00:01, 13.95it/s][A

Processing activation_9:  60%|██████    | 24/40 [00:01<00:01, 14.10it/s][A

Processing activation_9:  65%|██████▌   | 26/40 [00:01<00:00, 14.28it/s][A

Processing activation_9:  70%|███████   | 28/40 [00:01<00:00, 14.22it/s][A

Processing activation_9:  75%|███████▌  | 30/40 [00:02<00:00, 14.16it/s][A

Processing activation_9:  80%|████████  | 32/40 [00:02<00:00, 14.16it/s][A

Processing activation_9:  85%|████████▌ | 34/40 [00:02<00:00, 14.30it/s][A

Processing activation_9:  90%|█████████ | 36/40 [00:02<00:00, 14.18it/s][A

Processing activation_9:  95%|█████████▌| 38/40 [00:02<00:00, 14.25it/s][A
Processing activation_9: 100%|██████████| 40/40 [00:02<00:00, 14.33it/s]

1it [00:15, 15.52s/it]
127it [00:15, 11.55it/s]
253it [00:15, 27.61it/s]
380it [00:15, 50.02it/s]
507it [00:15, 80.66it/s]
637it [00:16, 122.88it/s]
767it [00:16, 178.32it/s]
895it [00:16, 247.69it/s]
1025it [00:16, 334.64it/s]
1155it [00:16, 436.35it/s]
1284it [00:16, 546.88it/s]
1413it [00:16, 661.03it/s]
1542it [00:16, 776.05it/s]
1671it [00:16, 882.23it/s]
1801it [00:16, 976.32it/s]
1930it [00:17, 1052.59it/s]
2061it [00:17, 1117.95it/s]
2191it [00:17, 1158.63it/s]
2320it [00:17, 1192.18it/s]
2449it [00:17, 1215.87it/s]
2580it [00:17, 1240.77it/s]
2710it [00:17, 1257.79it/s]
2840it [00:17, 1261.77it/s]
2971it [00:17, 1274.30it/s]
3101it [00:17, 1280.37it/s]
3231it [00:18, 1284.62it/s]
3361it [00:18, 1286.10it/s]
3491it [00:18, 1285.80it/s]
3621it [00:18, 1289.36it/s]
3751it [00:18, 1289.09it/s]
3881it [00:18, 1282.23it/s]
4010it [00:18, 1283.68it/s]
4140it [00:18, 1287.37it/s]
4269it [00:18, 1284.84it/s]
4398it [00:18, 1274.87it/s]
4528it [00:19, 1280.38it/s]
4659it [00:19, 1286.45it/s]
4789it [00:19, 1289.24it/s]
4918it [00:19, 1287.77it/s]
5048it [00:19, 1288.55it/s]
5179it [00:19, 1292.67it/s]
5309it [00:19, 1292.44it/s]
5439it [00:19, 1290.67it/s]
5569it [00:19, 1288.07it/s]
5698it [00:19, 1286.68it/s]
5828it [00:20, 1289.63it/s]
5957it [00:20, 1285.35it/s]
6087it [00:20, 1287.13it/s]
6216it [00:20, 1287.29it/s]
6345it [00:20, 1284.61it/s]
6474it [00:20, 1280.30it/s]
6605it [00:20, 1287.52it/s]
6734it [00:20, 1288.18it/s]
6865it [00:20, 1293.36it/s]
6995it [00:20, 1284.07it/s]
7134it [00:21, 1314.44it/s]
7324it [00:21, 1486.87it/s]
7512it [00:21, 1602.95it/s]
7698it [00:21, 1677.38it/s]
7886it [00:21, 1736.97it/s]
8074it [00:21, 1777.86it/s]
8262it [00:21, 1805.64it/s]
8448it [00:21, 1820.71it/s]
8637it [00:21, 1841.21it/s]
8826it [00:21, 1853.40it/s]
9016it [00:22, 1865.54it/s]
9206it [00:22, 1874.09it/s]
9396it [00:22, 1881.36it/s]
9585it [00:22, 1872.55it/s]
9773it [00:22, 1864.13it/s]
9960it [00:22, 1865.53it/s]
10000it [00:22, 442.54it/s]
