Number of layers in the model: 4
Layer: dense
Layer: dense_1
Layer: dense_2
Layer: dense_3
Number of selected layers in the model: 4
#weights: 4 | #biases: 4 | #N: 4 | #Gamma: 4
W_ 1 : [[ 2.75961578e-01 -2.82904655e-01 -3.37915510e-01  1.91274256e-01
   2.54154205e-01 -3.12854089e-02  1.05830848e-01 -2.17881069e-01
  -3.40368710e-02 -4.99965400e-01]
 [-7.69413173e-01  1.25678539e-01 -2.84535378e-01 -2.13595822e-01
   3.23501766e-01 -2.42085606e-01  2.61120290e-01  2.57015526e-01
   6.03831597e-02 -6.66920066e-01]
 [-1.10970259e-01 -1.92080557e-01 -1.46239311e-01 -5.42944949e-03
  -2.38435984e-01 -5.06017311e-03 -1.80005829e-03 -1.02369180e-02
  -1.99510425e-01 -1.79970637e-01]
 [ 1.35755345e-01  7.50297964e-01 -3.02583009e-01  1.66991130e-01
  -5.29221177e-01 -1.68873608e-01 -2.45885085e-03  6.90527400e-03
   3.22030157e-01 -5.17472863e-01]
 [ 7.07608640e-01  6.36115193e-01  2.17271000e-01  2.43938267e-01
  -9.74954545e-01 -8.25543463e-01 -5.57469368e-01 -1.12859216e-02
   7.50085294e-01  2.05840413e-02]
 [-1.41382089e-03 -4.45971936e-01  3.19454283e-03 -1.93243579e-03
  -2.67046005e-01  5.01627177e-02  7.62221441e-02  8.65052491e-02
  -2.61173368e-01 -3.11964005e-01]
 [-2.23154023e-01  1.55151173e-01 -1.31706998e-01  8.36577237e-01
   1.08202422e+00 -1.72254801e-01 -6.69377327e-01 -3.91395018e-02
  -1.91859379e-01 -7.30154932e-01]
 [-8.99902433e-02  1.03097364e-01 -4.01677370e-01  8.88776779e-02
   2.37146646e-01  7.91028142e-03  2.42875312e-02 -7.40345493e-02
  -4.25170124e-01  3.06564182e-01]
 [ 3.18482608e-01  2.12955073e-01 -4.28665578e-01 -3.65171075e-01
   8.94998431e-01  1.51471779e-01  2.21889690e-01 -8.35425034e-02
   6.15905702e-01 -1.11138964e+00]
 [ 1.35979533e-01  1.19487777e-01 -5.66080689e-01 -2.32689929e+00
  -1.09782368e-01 -1.79605973e+00  3.85754943e+00  2.48756552e+00
   1.70513928e-01 -2.39618063e-01]
 [ 1.04989314e+00 -5.58486879e-01 -2.39978760e-01  2.05212355e+00
   8.62543344e-01  1.99797821e+00 -2.71133018e+00 -9.38248813e-01
   1.36236262e+00 -2.15531874e+00]
 [-2.14981720e-01 -9.15484190e-01  2.02660012e+00  1.22165370e+00
  -5.00780225e-01  1.69253254e+00 -2.31561208e+00 -6.91057265e-01
   1.19438875e+00 -1.29319143e+00]
 [-5.19092739e-01  1.34474599e+00 -1.41934288e+00  4.31099504e-01
  -1.07046497e+00 -5.50131798e-01 -3.85922521e-01 -3.93478334e-01
   1.08470809e+00  5.05024076e-01]
 [-3.38305458e-02  1.32017720e+00 -6.94704115e-01  5.78026697e-02
  -1.53889894e-01 -1.38477755e+00  2.57871807e-01  6.57834888e-01
   6.56417012e-01  2.00316474e-01]
 [-9.57836270e-01 -1.32860795e-01 -1.19035995e+00 -2.09451485e+00
  -1.23062682e+00 -1.17260203e-01  2.15557194e+00  4.71114844e-01
  -2.17227086e-01  1.42219877e+00]
 [ 1.54928315e+00  5.19301236e-01 -1.16458488e+00  7.19364047e-01
  -1.95258230e-01  1.23745167e+00 -7.91235983e-01 -8.37669313e-01
   9.33400333e-01 -2.14536607e-01]
 [ 1.43167853e+00 -5.92832804e-01  1.59918457e-01  7.73039162e-01
  -7.15092495e-02  1.75539041e+00 -1.08671939e+00 -7.32893169e-01
  -4.12460715e-01 -8.18401217e-01]
 [-8.96364152e-01 -3.61148417e-01 -1.63214684e-01 -1.72376490e+00
   1.98325753e+00 -2.26332974e+00  2.95179892e+00  9.72373128e-01
   1.09565234e+00 -1.27729905e+00]
 [ 1.14176476e+00 -3.31565797e-01  6.35427237e-01  6.16362810e-01
  -7.39753783e-01  3.85657132e-01 -7.88420618e-01 -9.20032144e-01
  -7.72387743e-01  7.01892912e-01]
 [-1.32453048e+00  4.30991858e-01  6.80559695e-01 -6.41643703e-01
   2.14157924e-01 -8.28460336e-01  8.35745513e-01  4.51341003e-01
   1.14144182e+00 -1.10599720e+00]
 [ 9.78892744e-01 -1.40989125e-02 -1.64464489e-01  8.73225704e-02
  -2.55316496e-04 -1.03153956e+00  4.26646471e-02  6.49528623e-01
  -2.66717017e-01  2.33021766e-01]
 [ 1.17504454e+00  9.94063854e-01 -1.12578356e+00  1.09293890e+00
   1.38078928e+00 -4.27040368e-01 -7.12680101e-01 -5.40986180e-01
   9.44485545e-01 -1.77531433e+00]
 [-5.55299759e-01 -3.35316002e-01 -3.21793318e-01 -4.83551413e-01
  -5.00033498e-01 -9.73718092e-02  6.12653077e-01  9.37397540e-01
   5.48689544e-01  2.24129826e-01]
 [ 9.71163571e-01  1.21285784e+00  4.89879489e-01  1.77359295e+00
  -4.32009965e-01  4.70369533e-02 -2.04782724e+00 -1.67500305e+00
   9.47119713e-01 -1.26946723e+00]
 [-1.40689337e+00  9.50061232e-02 -5.73886093e-03  3.77562332e+00
  -3.35969515e-02  3.02341127e+00 -4.06046581e+00 -2.43952274e+00
   6.36701167e-01 -1.57642341e+00]
 [ 8.53171349e-01  5.78673124e-01  2.22980604e-01  2.26112676e+00
  -2.35821530e-01  1.30152297e+00 -2.92263365e+00 -1.35648715e+00
   8.81654024e-01  3.91901582e-01]
 [ 4.21630889e-01  2.97224790e-01 -1.68779051e+00 -5.43838084e-01
  -1.15874445e+00  6.19240962e-02  5.21600306e-01  3.62187207e-01
   4.68202025e-01 -1.64557767e+00]
 [ 2.07387257e+00  2.28297472e+00 -8.39131594e-01  5.82886553e+00
  -1.96924412e+00  5.53183413e+00 -6.83312845e+00 -5.10340261e+00
   1.22613049e+00  3.10197145e-01]]
W_ 2 : [[ 0.25576532 -0.5189079  -0.02853186  0.15351199 -0.05378692 -0.17572983
   0.0958245  -0.21480739 -0.25200775  0.10254442 -0.26983997 -0.39885223
   0.02438544  0.39353964 -0.33345792  0.17584014  0.09986395  0.03356986
   0.31775108 -0.27538705 -0.3534355   0.07646956  0.32981718  0.3797056
  -0.2085056   0.04517084  0.2634492   0.29813805]
 [ 0.16398421  0.03699815  0.06616075 -0.17092079 -0.25460243  0.108091
  -0.14814578 -0.0684434   0.1884657  -0.18696152 -0.4273945  -0.03113317
   0.04005643  0.31598714 -0.3352061  -0.44351378 -0.4609574   0.06967796
  -0.3580895  -0.7775097  -0.32822037  0.33791307  0.36849102 -0.47221398
   0.07975826  0.33965784  0.08693505 -0.21454999]
 [-0.21863511 -0.00323852 -0.12500922 -0.0507394   0.05904196 -0.4270388
  -0.7306055   0.16081674  0.17215627 -0.10038607  0.05955908 -0.03563831
   0.01947956 -0.10370917  0.07698023  0.21472818 -0.02252061 -0.14027043
   0.00499753  0.08153711 -0.51422805  0.04376252 -0.11652626 -0.378992
  -0.16383299 -0.23257221 -0.2565846  -0.5627549 ]
 [ 0.18397966 -0.24026777  0.07120633 -0.06543031  0.10747263 -0.4534883
   0.0262481  -0.40449172 -0.7908772   0.08831394 -0.2566921  -0.19841662
  -0.18151563  0.29483184  0.07689607 -0.16385771 -0.005014    0.17017889
  -0.67352426  0.20413165  0.2707732   0.16405953  0.27047428 -0.28120562
  -0.1121822   0.2901196   0.06964455 -0.2955895 ]
 [-0.07776157 -0.24839053  0.01997463 -0.16930325  0.35025272  0.09196959
   0.08635877  0.28684694 -0.24915753  0.02237116  0.03318289  0.45166874
  -0.3885556  -0.1154406   0.22282413  0.10950322  0.32533976 -0.34161636
   0.17633185 -0.17569473 -1.0426818  -0.10960091 -0.5988474   0.03331692
  -0.14521259 -0.33085772  0.4230662   0.1288665 ]
 [-0.03889679  0.07200893  0.0790825   0.2659139  -0.27495107  0.13736628
  -0.08031129 -0.3225374   0.16607402 -0.20125014 -0.09724033  0.2911454
  -0.17099337 -0.15462767  0.09726175 -0.5039823  -0.15407011 -0.19245279
  -0.4322995  -0.10951561 -0.04117218  0.15159918 -0.28378803 -0.12226666
   0.1511849   0.2107745   0.01617461 -0.09100072]
 [-0.20924757  0.2666578  -0.11418118  0.06732237 -0.22346038 -0.19231664
  -0.27950215 -0.33239827  0.10756531  0.3121842  -0.43766752 -0.17066431
   0.18827538 -0.18693535 -0.28247398  0.27112392 -0.2854181   0.27469122
  -0.23273803  0.07461927 -0.39584622  0.11622835  0.10792383 -0.10147993
  -0.2032726  -0.11495841  0.20685925  0.03820749]
 [ 0.15746208 -0.18608178 -0.05236508 -0.17269881 -0.44376066 -0.35113373
   0.34693444 -0.02775041 -0.15754065 -0.06248659 -0.38784584  0.17388745
  -0.04909601 -0.47126615 -0.00776446  0.04651645  0.35009855 -0.35059005
   0.0880071  -0.19492662 -0.01633623  0.05650774 -0.20458531  0.07465624
   0.33425283 -0.11920794  0.21582638  0.07047931]
 [ 0.09423713  0.17586704  0.03017227 -0.10018048 -0.04356205  0.37996873
   0.36244136 -0.11290894  0.03535633 -0.43003935  0.11401036  0.24501728
   0.03663452  0.12394486  0.30822435 -0.07480954  0.38766444 -0.36877108
  -0.15944208  0.32678103 -1.508776    0.1992538   0.17028037  0.0818534
  -0.26746878  0.40049884 -0.2339239   0.07110505]
 [-0.64025956 -0.18170172  0.0112457   0.20710808 -0.34540597 -0.16994606
   0.09736718  0.01304173  0.02366007 -0.1604778   0.19272375 -0.1484282
  -0.43784046  0.07129093  0.12380208  0.14856477 -0.2177949   0.33231604
  -0.10718466  0.18806702 -0.20721696  0.14369789 -0.00218391  0.2892913
   0.10343042 -0.06527008 -0.22661638  0.19667034]]
W_ 3 : [[ 1.91618726e-01 -1.07779883e-01 -4.22042469e-03 -1.98857576e-01
  -4.40491527e-01 -1.13990121e-01 -2.17004176e-02  3.69394235e-02
  -3.49929601e-01  1.86112583e-01 -2.78724104e-01 -2.35268220e-01
   4.65388084e-03  6.39398172e-02  1.86549529e-01  4.97682430e-02
  -1.46928302e-03 -1.76380336e-01  1.65970206e-01 -3.70600164e-01
   2.69936770e-01  2.39269152e-01 -2.11689636e-01  1.74820423e-01
  -2.16965526e-01 -3.49550188e-01 -3.11471939e-01 -2.10939214e-01]
 [-2.43308827e-01 -2.84470409e-01  1.97140351e-02 -3.04361254e-01
  -4.23660921e-03  6.99564964e-02  5.64675443e-02 -2.16852739e-01
  -5.37700839e-02 -1.51474714e-01 -2.39882126e-01 -3.38645846e-01
  -2.03803957e-01 -5.57783023e-02 -4.81585175e-01 -1.13374129e-01
  -2.00813398e-01 -1.02266647e-01  5.37929609e-02  1.43335760e-01
   6.08520389e-01  7.05841929e-02 -1.87268816e-02  1.53451994e-01
  -4.77205627e-02 -3.26863259e-01  9.56514850e-02  6.19190812e-01]
 [ 1.85905144e-01 -1.01247467e-01 -1.96377560e-02  3.93874556e-01
   6.84582531e-01 -1.80544451e-01  5.94818056e-01  4.17014003e-01
  -2.01700464e-01 -7.66412169e-02 -1.29890934e-01  3.44392151e-01
   3.19667459e-01  2.06904411e-01  1.15910232e-01  4.89192754e-01
  -1.29867271e-02 -1.69997126e-01 -2.47489244e-01  3.71933639e-01
  -2.74828166e-01 -5.24847627e-01  1.73262820e-01  3.48119259e-01
   1.01573087e-01 -3.28081548e-01  3.48368376e-01  2.53952026e-01]
 [ 3.87626052e-01 -3.71409237e-01 -2.42870018e-01  2.20158949e-01
  -2.58214206e-01  1.55767277e-01  3.41474004e-02 -2.41111368e-01
  -1.81676909e-01  1.07618138e-01 -2.37888079e-02 -1.86904803e-01
  -2.56517142e-01  1.78585216e-01 -8.15573260e-02  2.03667611e-01
  -1.43617988e-01  2.37173006e-01 -8.82021263e-02  2.22702324e-01
   2.10489318e-01  8.74947160e-02 -2.46305540e-01 -1.24054037e-01
   1.56676397e-02  1.14168204e-01 -3.71243447e-01 -1.42739639e-01]
 [ 2.78808534e-01 -7.23462820e-01  6.05464391e-02 -3.58375907e-01
   7.19302356e-01 -1.15864828e-01  1.14180155e-01  5.27003765e-01
   1.06817059e-01 -1.93027183e-01  1.63635954e-01 -1.96217015e-01
   1.74664199e-01  7.88975284e-02  1.07691988e-01  6.96292639e-01
  -8.19324106e-02 -7.18823494e-03  2.74074346e-01 -3.02328374e-02
   1.83620617e-01 -1.90810308e-01  5.74850142e-01  1.54686466e-01
  -1.99136078e-01 -2.02433586e-01 -5.89607596e-01  9.72825810e-02]
 [ 7.11116016e-01 -4.59626615e-01  1.69912145e-01  7.70417154e-02
  -1.70437783e-01  2.01349080e-01 -1.52357146e-01  7.84569904e-02
   1.45040914e-01 -8.42623636e-02 -1.89167723e-01 -2.66176432e-01
   2.70538896e-01 -7.84802884e-02  3.38538468e-01  3.09690028e-01
   3.15469861e-01  2.84229904e-01 -2.29582772e-01 -4.09556419e-01
  -2.20102414e-01 -4.69880462e-01 -2.22240657e-01 -1.14098780e-01
  -1.90130726e-01  3.02228272e-01 -1.20380677e-01  4.02439773e-01]
 [-4.06970024e-01  2.48712674e-01 -1.44102558e-01  1.04342692e-01
  -3.10539067e-01 -1.52990013e-01  3.25829186e-03  8.47634859e-03
  -6.15182936e-01 -2.50717819e-01 -2.09753394e-01  2.31841765e-02
   1.79196205e-02  1.39261588e-01 -7.18091950e-02 -2.20926672e-01
  -1.77085489e-01  3.23735505e-01 -3.13271582e-02 -1.06558204e-01
  -4.17648762e-01  1.13479488e-01 -3.29148114e-01  2.29361892e-01
   1.67346865e-01  2.11893842e-01 -1.82150617e-01  2.11422667e-01]
 [ 1.34453118e-01  2.49530807e-01  1.26982599e-01 -1.01946950e-01
   7.86330327e-02  4.98038530e-02 -1.97552189e-01 -8.95777345e-02
   9.56887677e-02 -2.60914743e-01  1.89281836e-01  4.68766727e-02
   2.59065092e-01 -1.65516492e-02 -1.29854903e-02  3.02432895e-01
   1.00382224e-01 -7.81048685e-02  1.98143035e-01 -2.64050975e-03
  -2.77317196e-01 -2.07993761e-01  2.61036187e-01 -4.73838020e-03
  -1.32493839e-01  2.28846848e-01 -2.04399645e-01 -1.34350762e-01]
 [-3.11102122e-01 -2.86162607e-02  4.08241361e-01 -4.31425869e-02
   9.08763185e-02  2.55104959e-01  2.93116748e-01 -2.89524615e-01
   2.72215039e-01 -1.61430955e-01 -1.25061169e-01 -1.41007602e-01
  -8.48666579e-02 -3.11978668e-01 -3.08822215e-01 -4.80173916e-01
  -3.24935913e-01 -3.21059316e-01  5.83393313e-02 -2.46822268e-01
   1.27626032e-01 -2.40454227e-01 -5.34724481e-02  1.95694745e-01
   5.19529283e-02 -2.05419689e-01  2.53940970e-01  2.17761219e-01]
 [-1.76373601e-01 -3.60476406e-07 -8.49765018e-02 -3.16985816e-01
   1.72937915e-01 -2.08969593e-01  8.51925835e-02  2.61755586e-01
   2.70023465e-01  1.20743737e-01 -2.31324807e-01  1.42812431e-01
  -1.58462390e-01 -3.70243639e-01 -4.73937835e-04  2.49208212e-01
  -1.30985275e-01  7.14324191e-02 -4.39481497e-01  2.41070092e-01
   2.18393683e-01 -3.01933549e-02 -9.84006794e-04 -1.22872613e-01
  -2.80433297e-01 -1.95336223e-01  3.56135815e-01 -2.26389050e-01]
 [-2.49830455e-01 -1.28136888e-01  2.83301651e-01  6.36517107e-02
  -1.18569210e-01  5.38732708e-02  2.10182831e-01 -1.48561746e-01
  -1.73134074e-01 -3.32929417e-02  1.45654142e-01  3.02680284e-01
   9.50354114e-02 -2.37560898e-01  3.78902197e-01  7.50015303e-02
  -3.37371044e-02 -2.25157186e-01 -1.06248379e-01 -2.97746897e-01
  -1.89812705e-01 -7.64738917e-02  3.02350912e-02 -5.78415878e-02
   1.95585221e-01 -5.68242706e-02 -4.41491492e-02 -2.06689522e-01]
 [ 2.87835766e-02 -8.20079446e-02 -1.89057142e-01  1.48980767e-01
   6.85097203e-02  1.71246335e-01 -7.12321401e-02 -6.16639495e-01
  -3.53673816e-01 -1.47913620e-01  3.73993590e-02 -1.28006712e-01
  -1.75876707e-01 -3.53423543e-02  5.22748008e-02 -5.49112320e-01
  -1.21141620e-01 -2.24116936e-01  1.55771315e-01  1.85728222e-01
   6.69391546e-03 -7.47754425e-02 -3.66731919e-02 -1.89659491e-01
   4.30106111e-02 -1.47775620e-01 -9.32310820e-02 -9.83413607e-02]
 [-2.87778705e-01  1.85185730e-01  8.32213834e-02 -4.80195105e-01
   8.17470402e-02  9.36887190e-02  3.01765621e-01 -3.08287442e-01
  -1.30469099e-01  2.19625309e-02  2.03914165e-01  8.72873962e-02
   1.93209633e-01  3.02956045e-01  5.52730411e-02 -4.62698281e-01
   4.19757096e-03 -8.88953805e-02 -1.67036667e-01  1.23298943e-01
  -2.19244629e-01  2.25787371e-01 -2.36269370e-01  2.91323990e-01
  -2.20408753e-01  4.88036796e-02  2.57747740e-01 -2.90922403e-01]
 [ 1.63600489e-01 -1.66263044e-01  1.59906223e-01 -1.33591548e-01
   2.14565143e-01 -1.05895743e-01 -1.02296174e-01  1.86109424e-01
   3.26692700e-01  3.29674035e-02 -1.81302711e-01 -2.51955360e-01
   1.42947391e-01 -2.49966875e-01 -1.09489094e-02  1.16975367e-01
   3.03217322e-01  2.90768504e-01 -3.00786883e-01 -4.59814191e-01
  -6.97934806e-01 -5.21526933e-02 -2.27703765e-01  2.58589029e-01
  -3.70963663e-01  5.61531633e-02  1.99705333e-01 -3.28778684e-01]
 [-2.89967507e-02  8.76858905e-02 -3.94921489e-02 -1.18791401e-01
  -1.35967880e-01  3.01124877e-03 -3.11368585e-01 -2.91103482e-01
   3.00973684e-01  8.38015974e-02 -1.19183034e-01  1.55393645e-01
   9.49156191e-03  3.46275538e-01  5.82007170e-02  1.00852624e-01
  -2.53558099e-01 -3.80676061e-01 -5.92178181e-02  8.03854242e-02
   2.06885248e-01  1.00363970e-01 -1.88653022e-01  1.72008112e-01
   4.92130704e-02  1.56997323e-01  3.03552061e-01 -1.91038281e-01]
 [-3.11627120e-01 -2.68408597e-01 -5.20639420e-01  4.67526242e-02
  -5.17486691e-01 -1.14439525e-01 -4.08099964e-02 -3.66027988e-02
   5.01108579e-02  1.45793170e-01  3.40171576e-01  2.19135731e-01
   1.81908477e-02  3.89629126e-01  3.32354456e-02 -2.99115688e-01
  -9.92004946e-02 -3.50618511e-01  1.53471321e-01 -1.40807822e-01
  -1.85543478e-01 -2.58623242e-01 -7.34402776e-01  2.17697889e-01
  -5.28361723e-02  3.15001100e-01  3.01528782e-01 -1.31898195e-01]
 [-2.04096660e-01  1.56591773e-01 -1.49983138e-01 -1.32104248e-01
  -1.69091314e-01 -1.71744615e-01 -4.67066839e-02  9.06215757e-02
  -1.87515736e-01  2.07763180e-01  3.10532182e-01  6.44418746e-02
   2.98973590e-01 -6.54676631e-02  1.18996222e-02 -1.69341117e-01
  -9.89081431e-03 -1.22817028e-02 -1.78008586e-01 -4.85167116e-01
   3.98868769e-02 -1.59999236e-01 -3.67209524e-01 -2.97122091e-01
  -1.85957253e-01  1.81177426e-02 -4.41749394e-01 -7.52457976e-02]
 [-1.27583846e-01  2.38995224e-01 -3.21919858e-01 -2.19672680e-01
  -1.42995548e-03 -7.98276514e-02  3.65188345e-02 -1.18708059e-01
  -7.05079436e-02 -1.07377701e-01  7.68405497e-02  1.10575587e-04
  -1.20248817e-01 -9.27836001e-02  7.14716539e-02 -1.00622833e-01
   3.15762796e-02 -2.11143255e-04 -5.64631261e-02 -6.13053888e-02
  -3.16693544e-01  9.48963240e-02 -4.31729481e-02 -9.01656002e-02
   1.16760172e-01 -1.87932670e-01  2.13744909e-01  1.28873631e-01]
 [-3.60293776e-01 -2.60034561e-01  1.15621986e-03 -8.69750902e-02
  -2.77949572e-01 -4.83596921e-02  2.39670694e-01 -4.67764102e-02
   1.64303273e-01 -3.83869231e-01  1.01128615e-01  9.36348513e-02
  -4.97322083e-02 -2.04365358e-01 -8.18370730e-02 -4.61833090e-01
   2.63817757e-01 -3.66294682e-01 -4.13422287e-02 -1.63601458e-01
  -2.43546665e-01 -1.47399232e-01  7.30454624e-02  1.39606267e-01
   1.56075984e-01  1.81380868e-01 -1.00512159e+00  2.27244467e-01]
 [ 4.92971092e-02  1.19721323e-01 -1.95061862e-01 -3.07121783e-01
  -2.21664384e-01 -2.15343207e-01  4.74159792e-02  1.10867500e-01
  -1.06806159e-01  3.19664985e-01  2.98656642e-01 -2.72963166e-01
   2.48965889e-01  1.70590207e-01  7.86787271e-03 -2.08713412e-01
   7.38713844e-03 -2.34779581e-01 -5.49373865e-01  1.88237742e-01
  -2.63451964e-01  9.48771536e-02 -7.58932978e-02 -8.24466422e-02
  -3.58264238e-01 -3.06658149e-01 -1.66591719e-01 -1.01647057e-01]
 [-4.66269881e-01  2.20049843e-01  1.69545691e-02 -1.93249226e-01
   7.64721483e-02 -9.17437524e-02  5.02988547e-02 -1.29344821e-01
   2.89382517e-01  2.88200289e-01 -9.48911831e-02 -1.90768138e-01
  -1.44682467e-01  1.40859514e-01  6.45682290e-02 -3.95888418e-01
  -2.24317089e-02  2.41486177e-01 -3.59218299e-01 -1.72786906e-01
  -1.84441075e-01 -5.18887378e-02  1.83308899e-01 -1.80151135e-01
   5.35377860e-02  2.19053328e-02  2.56650746e-01 -5.26028991e-01]
 [ 9.96536836e-02 -1.21833973e-01  2.41348743e-02 -2.15902731e-01
  -1.32091016e-01 -2.10138857e-01  8.03665593e-02 -2.52429601e-02
  -1.81597665e-01 -2.32520804e-01  2.09267586e-01 -1.44083992e-01
   7.73368180e-02 -3.25538963e-01 -4.37617779e-01  1.97759986e-01
   1.45577922e-01 -2.01794401e-01  1.07529856e-01 -4.69502434e-02
  -2.12438762e-01  2.20276326e-01  1.90460011e-01  1.43093988e-01
   5.17998375e-02 -2.04552636e-01 -1.27245173e-01 -9.61346999e-02]
 [ 5.22595085e-02  2.66990215e-01 -4.53495681e-02 -5.11323884e-02
   7.60194287e-02  2.00067550e-01 -1.29394472e-01 -5.55068254e-01
   1.91154942e-01 -3.34347814e-01 -3.91117670e-02  2.13834926e-01
   2.33786032e-01  8.83680433e-02 -5.44205792e-02 -3.78674231e-02
   1.27410129e-01 -8.84755403e-02 -1.99074760e-01 -1.51652440e-01
  -6.20213091e-01 -1.02368318e-01 -6.68861717e-02 -7.58904964e-02
  -2.11066585e-02 -2.10806713e-01  3.52255255e-02 -2.20199361e-01]
 [ 1.03606604e-01 -1.34932593e-01  7.21850619e-02 -3.35706085e-01
   1.57771632e-01 -2.81633854e-01 -5.79040766e-01  2.92669475e-01
   1.95032991e-02  2.36037411e-02  4.99517247e-02  4.06827509e-01
   2.62903541e-01  1.97651684e-01 -6.30497187e-02  4.92129959e-02
   7.87314773e-02  2.82802463e-01 -2.43630752e-01  6.29077805e-03
   1.99119136e-01 -1.88357040e-01 -1.25827804e-01 -9.56054255e-02
  -1.24135152e-01 -2.89265394e-01 -2.39824457e-03 -8.92748982e-02]
 [ 2.14767680e-02 -3.12904328e-01  8.00593421e-02  1.36756077e-01
  -3.42230797e-02 -1.96029767e-02  1.41558498e-01 -6.06259525e-01
  -3.72628361e-01 -2.75114924e-01  2.84232318e-01  5.14751114e-02
   9.89676937e-02 -2.01476533e-02 -3.18288207e-01  1.49643317e-01
   2.60758191e-01  8.30799118e-02 -7.26286694e-02 -2.48475075e-01
  -2.41436243e-01 -1.36690214e-01 -5.02415560e-02 -2.73923039e-01
  -1.45731300e-01  1.94796637e-01  1.86569139e-01  1.70650557e-01]
 [ 2.43672013e-01  1.12745471e-01  2.10653886e-01 -2.27585599e-01
  -4.05904919e-01 -1.28513366e-01  2.74534017e-01 -4.15574640e-01
   1.54871643e-01 -1.02476319e-02  1.94591358e-01 -3.61307263e-01
   1.62685901e-01  1.91324040e-01  4.26253587e-01  1.21911382e-02
  -4.37659994e-02  1.22204892e-01 -3.62952441e-01  1.10024124e-01
  -4.17431921e-01 -1.02887161e-01  2.31156901e-01 -3.05474490e-01
  -1.68259397e-01 -1.92092612e-01 -1.39344022e-01  6.82516873e-01]
 [-2.29158163e-01  2.56942213e-01  4.73418124e-02 -2.20517918e-01
   2.19689474e-01 -3.14025730e-01 -3.77809048e-01 -4.82796170e-02
  -3.57718021e-02  7.02486783e-02  1.18351430e-01  2.45163783e-01
   1.63803607e-01 -2.71236777e-01  1.11751929e-01 -1.72280818e-01
   2.02310205e-01 -2.72296578e-01 -6.76854001e-03 -4.15940970e-01
   1.33807644e-01  2.05515996e-02  1.20627008e-01  1.05971001e-01
  -1.47758216e-01 -2.07027137e-01 -5.85164987e-02 -3.54084104e-01]
 [ 1.21594109e-01 -4.06844541e-02  2.92856306e-01  2.14771062e-01
  -1.25796050e-01 -2.17453361e-01  3.22599828e-01  1.27046574e-02
   3.65873218e-01  8.63866434e-02 -7.96695948e-02 -1.20442748e-01
   2.31284052e-01  2.99185961e-01  1.97737500e-01 -1.39546528e-01
   1.11932836e-01  2.05274791e-01 -4.61804062e-01 -2.46326357e-01
  -2.05235273e-01 -1.39924198e-01 -2.68660545e-01 -3.36282849e-01
  -2.15850145e-01  9.29442607e-03  7.54171908e-02 -3.41954641e-02]]
W_ 4 : [[-0.13502668]
 [ 0.08822897]
 [-0.02264287]
 [-0.11562138]
 [-0.15425476]
 [ 0.34155047]
 [-0.2250176 ]
 [-0.6128437 ]
 [ 0.23479323]
 [ 0.00757586]
 [ 0.17412758]
 [ 0.23023546]
 [-0.29468438]
 [-0.24988134]
 [-0.12537518]
 [-0.06925149]
 [ 0.10854024]
 [-0.23877867]
 [ 0.02829668]
 [ 0.01845885]
 [ 0.14895627]
 [ 0.18883125]
 [-0.0408849 ]
 [-0.11087404]
 [ 0.24030243]
 [ 0.13156159]
 [ 0.23294349]
 [ 0.10194793]]
B_ 1 : [ 0.26493353  0.08766235 -0.58716154  0.72747874  0.28451902  0.26115
 -0.57853484 -0.21026626  0.4343104  -0.7835402 ]
B_ 2 : [ 0.27177    -0.80051035  1.7360274   0.41384175  0.659876    0.02410078
 -0.11680435 -0.04753682 -1.0275935  -0.06620414 -0.22680491 -0.05416929
  0.22892557  0.23039642  0.42883116  0.33734676  0.06267166 -0.218012
 -0.51746386  0.26188308 -0.6876558  -0.39569962  0.12464669 -0.25837642
  0.5749741   1.092849   -0.44064826 -0.13066535]
B_ 3 : [ 6.8957609e-01 -1.9300833e-01 -7.3861808e-02 -6.9512784e-02
 -1.1110891e+00  5.6532733e-03  3.0670121e-01 -5.1944397e-02
 -1.2941897e+00 -2.4382427e-01  5.9845706e-04  1.8075514e-01
  2.6277868e-02  4.6013903e-02  1.1679426e+00  4.3732896e-01
 -4.6328630e-02  6.5197892e-02 -1.8091548e-02  2.0127265e-01
  1.9347331e-01  3.5916291e-02 -3.4048960e-01 -7.3524229e-02
 -8.8546194e-02 -2.2224545e-01 -1.9642738e-01  5.0553846e-01]
B_ 4 : [0.01960834]
Activation function of layer_a 1 : relu
Activation function of layer_a 2 : relu
Activation function of layer_a 3 : relu
Activation function of layer_a 4 : sigmoid
Gamma_ 1 : [[-3.14364910e-01 -5.93333781e-01  6.17532909e-01  1.08101428e+00
   4.53594834e-01 -2.01852322e-02  3.76064181e-01 -1.66002810e-01
   6.56448662e-01 -9.82796699e-02  1.29234642e-02  7.10329264e-02
  -1.77522182e-01  5.75681105e-02 -9.64908078e-02  1.50209278e-01
   3.15408930e-02 -8.47191289e-02  5.14481850e-02  1.23367310e-01
   4.84000206e-01 -1.99395031e-01  7.86157548e-02  5.96450493e-02
  -4.15676087e-03 -6.15838617e-02 -3.22092995e-02 -1.06697150e-01]
 [-1.26188922e+00  4.20156807e-01 -6.87171817e-02  1.32027340e+00
  -2.19271690e-01 -4.90065932e-01  8.41079891e-01  1.26101768e+00
  -1.02976203e-01  7.40039870e-02 -3.03951278e-02 -3.37647274e-02
  -1.26736015e-01 -2.91098535e-01 -2.20532566e-01  8.43331665e-02
   9.09934938e-02 -1.05397336e-01 -1.65443480e-01 -5.72013855e-01
  -1.63179874e-01 -9.21031237e-01 -1.17385283e-01  3.00312750e-02
   2.76979394e-02  1.12999327e-01  1.37843817e-01  2.22523883e-02]
 [ 2.90726542e-01  1.53712183e-02 -2.18598342e+00  9.57594931e-01
   6.53999686e-01  2.50839186e+00 -6.73432350e-01  1.69267237e+00
  -1.13213740e-01 -1.52073696e-01  1.84882104e-01 -8.24996084e-02
  -2.14896947e-01 -3.54591370e-01  1.18979394e-01  6.64701834e-02
  -1.34424567e-01  1.29002705e-01 -1.39118448e-01  4.94792938e-01
   4.46672678e-01  3.97684783e-01 -1.16746090e-01  9.45527852e-02
   1.06761262e-01 -9.15420130e-02 -1.33236319e-01 -6.44182712e-02]
 [-3.34693027e+00 -1.42943531e-01 -5.21093559e+00  1.17304873e+00
  -1.98537409e-01  7.21433115e+00 -2.29078937e+00  1.07669204e-01
  -8.85252297e-01  1.19169168e-01  2.28475600e-01  1.73230410e-01
   9.57151502e-02  7.31983185e-02  9.59946364e-02 -1.65121093e-01
  -1.28980488e-01  1.62436724e-01  3.11842747e-03  5.05989075e-01
   3.84953976e-01  1.05958605e+00 -1.95323378e-02  1.80195682e-02
   2.93334097e-01  3.19079220e-01 -4.31966633e-01 -8.54695514e-02]
 [-5.30037224e-01 -3.34189385e-01 -1.39715326e+00 -3.19688618e-01
  -8.06258321e-01 -8.05159211e-01  5.59036285e-02 -6.89807758e-02
   6.12094998e-01 -7.21921176e-02 -2.71164831e-02 -8.15823078e-02
  -7.82905146e-02  1.84426755e-01 -1.53653204e-01  9.86458063e-02
   9.46449582e-03 -4.61886004e-02 -4.96156141e-02  3.52933884e-01
   5.96834779e-01  4.68063116e-01 -3.01347636e-02  3.66508327e-02
   3.44672911e-02  1.10472091e-01 -1.19352169e-01 -5.56188747e-02]
 [-4.93347883e-01  2.26232147e+00 -1.74424779e+00 -5.21921515e-01
   3.22907031e-01  2.90826440e-01  9.10857856e-01 -5.65179229e-01
  -5.64829886e-01  3.17420885e-02  2.53304809e-01 -3.76162708e-01
  -8.75557438e-02 -2.20888883e-01  1.01410210e-01 -7.20394999e-02
   6.25988841e-02  2.46788114e-02 -1.29327521e-01 -1.99638367e-01
  -2.51837254e-01 -1.86743364e-01  2.83068657e-01 -1.63298085e-01
   1.60006210e-01 -2.35772617e-02  1.84713483e-01  3.43566388e-02]
 [ 8.15475225e-01 -4.67992753e-01 -4.80218124e+00  7.99022168e-02
  -1.11422896e+00  5.39830589e+00 -4.85886991e-01  2.31791067e+00
  -4.62695837e-01  2.44977146e-01  1.41068399e-01  4.47655693e-02
   1.91275075e-01 -2.62471922e-02  5.80907464e-01 -3.08228791e-01
  -9.24004167e-02  4.95491587e-02  1.96207166e-01  1.83616638e-01
   2.54219532e-01  3.55156720e-01 -1.71934813e-02  5.61243176e-01
  -1.43572725e-02 -9.45549756e-02 -3.21107119e-01 -6.48104027e-02]
 [-2.21594596e+00  2.09946126e-01 -1.79549670e+00 -4.51186955e-01
  -3.46779585e-01  1.18743908e+00 -2.25328028e-01  3.90435189e-01
  -4.73037899e-01  2.04454392e-01  3.51301953e-02 -2.58455247e-01
  -6.90627024e-02  2.12966092e-02 -9.45862010e-02 -2.68923223e-01
   1.86514072e-02  6.66163489e-02 -2.29236752e-01  5.06362915e-02
   4.87273693e-01  4.10489589e-02  2.47797891e-01 -3.30479480e-02
   1.54703498e-01 -8.88585951e-03  6.52767569e-02  1.90429576e-02]
 [-2.96345234e-01 -4.61477637e-02 -1.04490124e-01 -5.92253804e-01
  -2.96118587e-01 -1.49799943e+00 -2.74244189e-01 -1.14332616e-01
   2.60448828e-02 -5.13720959e-02 -4.34431881e-02  4.01204377e-02
   2.74733275e-01 -3.04383412e-02 -1.70466229e-01  3.12865883e-01
  -1.38396889e-01  2.29521748e-02  3.24683003e-02 -4.20684814e-02
   2.67449379e-01  5.35651565e-01  5.10477901e-01  1.08334072e-01
  -1.04310222e-01 -2.02537645e-02 -1.60890073e-01 -5.79235777e-02]
 [ 7.17246473e-01  3.15280020e-01  5.54981947e-01 -1.55555177e+00
  -1.13790140e-01  2.34213376e+00  4.61839765e-01 -1.06977558e+00
  -3.69418174e-01 -6.38394104e-03 -2.15449005e-01 -4.41882730e-01
   1.25150196e-02  4.79310304e-01  4.58757542e-02 -6.35023341e-02
   7.40465671e-02 -1.99334815e-01  1.02422774e-01 -4.75688457e-01
  -6.85531020e-01  1.47539556e-01  5.57323992e-01 -1.54432550e-01
   1.41508907e-01  4.33184616e-02 -1.12578124e-01  1.02392353e-01]]
Gamma_ 2 : [[ 2.25978419e-01 -6.20089136e-02  2.67586876e-02  2.87343301e-02
  -1.19230039e-01  1.03310540e-01 -1.37567073e-01  5.38868122e-02
   8.04082006e-02 -4.70936865e-01]
 [-4.48106259e-01  2.97374371e-02 -2.15098768e-01 -7.40603283e-02
  -6.97030574e-02 -2.05601752e-01  3.59351724e-01 -3.94581966e-02
   1.39918774e-01 -1.47820100e-01]
 [-2.26996075e-02  4.00287807e-02 -7.85976350e-02  3.71371508e-02
   5.40281422e-02  3.81260440e-02 -6.44289628e-02 -6.65375814e-02
  -1.11241881e-02  2.66948920e-02]
 [ 4.75565076e-01 -3.45624715e-01  1.22574396e-01 -1.15839176e-01
  -9.89502296e-02  7.31761336e-01  4.95949807e-03 -2.54817337e-01
  -7.71999583e-02 -2.79759709e-02]
 [-4.32424806e-02 -6.45465925e-02 -5.28274924e-02  1.30458206e-01
   2.75352985e-01 -1.06428050e-01 -6.15849160e-02 -4.27209198e-01
  -7.82566965e-02 -2.64341444e-01]
 [-1.07203938e-01  5.99438958e-02 -3.59563917e-01 -1.88288346e-01
   1.03413098e-01  8.63613784e-02  3.34049203e-02 -3.43497574e-01
   7.21829534e-02 -1.40207395e-01]
 [-2.76352495e-01  1.22497551e-01 -4.80078369e-01  7.47783259e-02
   1.70573536e-02 -4.01979953e-01 -2.21134387e-02  2.73796618e-01
   1.76897198e-01  1.76427096e-01]
 [-3.17305595e-01  3.08079273e-01  1.59352086e-02 -9.20188054e-02
   1.39750943e-01 -5.79324424e-01 -2.49363244e-01  7.58700147e-02
  -5.79299517e-02  1.70887068e-01]
 [ 4.66561615e-02  3.85708883e-02  1.17167205e-01 -4.23760742e-01
  -1.99342221e-01  1.94613531e-01  3.30558456e-02 -5.34474179e-02
   1.77168995e-02 -3.05790585e-02]
 [-4.17862944e-02 -9.88521427e-02 -1.75928742e-01  5.48271015e-02
   1.59506246e-01 -7.03334436e-02  3.47015411e-01 -1.26121521e-01
  -1.31969914e-01 -1.54255882e-01]
 [-2.39875503e-02 -1.02600291e-01  7.45182857e-02 -5.94308376e-02
  -1.67441815e-02  1.26232887e-02 -3.02459836e-01 -2.51830041e-01
   2.48554274e-02  1.14245862e-01]
 [-2.29132131e-01  1.60519890e-02 -1.16881110e-01 -1.59001611e-02
   1.90118074e-01  1.25971645e-01  7.04185059e-03  3.11951060e-02
   5.71766228e-04 -8.33307132e-02]
 [ 2.91431472e-02 -8.28225240e-02  4.11052592e-02 -1.36355370e-01
  -2.66073734e-01 -9.64649394e-02  1.67306393e-01  4.64948826e-02
   1.36861399e-01 -3.71939689e-01]
 [ 2.26566538e-01  1.52396277e-01 -2.51247734e-03  9.20797810e-02
   4.22176830e-02 -6.47195280e-02 -2.58541018e-01 -3.44998866e-01
  -2.14394135e-03  7.76226223e-02]
 [-1.66780293e-01 -1.05766341e-01  2.98232846e-02  1.19316876e-01
   3.78088132e-02  2.08225586e-02 -1.49308503e-01  4.12992667e-03
   8.59171972e-02  8.36643800e-02]
 [-7.36675858e-02 -6.93333521e-02  4.78914008e-02 -2.04536393e-02
  -1.39986025e-02 -4.40350950e-01  2.10842714e-01  1.25571594e-01
   2.85656676e-02  9.33005959e-02]
 [ 9.62134972e-02 -2.19146207e-01  1.03915431e-01  5.03608212e-02
  -8.62641707e-02 -2.68208515e-02 -1.54985756e-01  2.35782221e-01
   1.58718258e-01 -1.87552765e-01]
 [-2.12862492e-01  1.54526651e-01 -2.42486507e-01  8.00737664e-02
   8.24138448e-02 -3.34476084e-01  2.21986949e-01 -1.79798216e-01
  -8.47708732e-02  2.81258732e-01]
 [ 2.82420993e-01 -5.86309843e-02  1.44958094e-01 -3.14241320e-01
  -7.62683377e-02 -1.22667789e-01 -2.02265039e-01  5.48205413e-02
  -4.91727740e-02 -8.33807960e-02]
 [-1.21105373e-01 -4.38776731e-01  1.34786088e-02  1.63557991e-01
  -1.79408640e-01  2.79035997e-02  1.79741338e-01 -6.45354018e-02
   2.15649918e-01 -1.71310995e-02]
 [-9.74898636e-02 -1.15527771e-01 -1.14844024e-01  5.49237803e-02
  -2.09308237e-01  5.76549806e-02 -1.98487297e-01  2.94265412e-02
  -2.83799887e-01 -9.31228921e-02]
 [ 1.00126723e-02  1.19997002e-01  3.20746228e-02  3.85068394e-02
  -6.58975542e-02  8.70136917e-03 -3.24007403e-03  9.14226919e-02
   6.28699586e-02  1.27679601e-01]
 [-1.07085705e-03  1.99302077e-01 -3.20174769e-02  5.33685833e-02
  -2.76232064e-01 -4.38897491e-01 -3.02720163e-02  4.83557768e-02
   1.89409271e-01  5.04640527e-02]
 [ 3.33504915e-01 -2.53320664e-01 -1.00232735e-01 -1.48717627e-01
  -8.50138292e-02  2.13698268e-01 -2.88054347e-02 -2.07886733e-02
   2.69364510e-02  1.14507422e-01]
 [-1.69124261e-01  1.51383519e-01 -4.77087088e-02 -5.52896969e-02
  -6.22620769e-02 -8.44241232e-02 -1.50923699e-01  2.97486037e-01
  -4.87481765e-02  1.79240435e-01]
 [ 4.99812886e-02  4.20484692e-02 -7.00948909e-02  7.72946849e-02
  -1.71726108e-01  1.11220621e-01 -1.12092800e-01 -4.69224863e-02
   1.74974993e-01 -5.31137288e-02]
 [ 5.32030128e-02  1.40631935e-02 -2.51712441e-01  4.31024171e-02
   3.23249102e-01  9.24991518e-02  2.68044591e-01 -4.62454855e-02
  -1.71374276e-01 -1.57701522e-01]
 [ 6.78693876e-02 -4.88549173e-02 -3.79123151e-01 -1.27879962e-01
   8.99790972e-02 -6.12927461e-03  1.70053437e-01 -4.51124981e-02
  -1.26473587e-05  1.17553242e-01]]
Gamma_ 3 : [[ 4.32842255e-01 -1.97036982e+00  6.55732751e-02  3.26927751e-01
   1.60569221e-01  5.96970201e-01 -4.76628717e-04 -8.24592233e-01
   1.24564242e+00  1.97508648e-01 -1.39023983e+00 -6.37833253e-02
   2.74200678e-01 -6.36148989e-01  5.56284904e-01 -4.35598671e-01
  -1.67186469e-01  5.60226321e-01  1.21511437e-01 -2.87894346e-02
  -2.11162478e-01  5.25351465e-01 -2.76249141e-01  3.55176270e-01
   4.84796703e-01  1.53759629e-01  8.35215822e-02 -3.20692539e-01]
 [ 2.07551807e-01  1.95444286e-01  2.61727631e-01  8.59693050e-01
  -5.27371347e-01 -2.15170786e-01 -6.93389922e-02  1.66672587e+00
   4.96216774e-01 -3.37423056e-01 -7.92553574e-02 -5.69325626e-01
   4.97672819e-02 -9.45179909e-02 -1.45866692e-01 -3.72593403e-01
  -1.18582077e-01  1.54094589e+00  1.47654917e-02  2.77395487e-01
  -1.46834418e-01 -6.41935349e-01 -5.76784432e-01  1.56731624e-02
  -1.74988538e-01 -3.32644016e-01  4.78002131e-01  4.68208671e-01]
 [ 5.50725222e-01  4.50159520e-01  2.30131477e-01  1.26554757e-01
  -7.29034781e-01 -1.10312998e+00 -6.25701785e-01  1.82113123e+00
   3.05404216e-01 -8.57706010e-01  1.15885293e+00  2.87314028e-01
  -1.07435301e-01  1.43239665e+00  6.31570280e-01 -8.34063113e-01
  -2.86644213e-02  1.06875384e+00  4.67552960e-01  1.34968430e-01
  -3.45949411e-01 -8.57909977e-01 -1.74986756e+00  1.18631518e+00
   3.52865070e-01 -1.61996692e-01 -1.22978163e+00  4.40897018e-01]
 [-7.42194533e-01  3.18084240e-01 -2.48689279e-01  5.94864786e-01
   1.78661317e-01 -3.15100923e-02  5.88545263e-01 -2.55969912e-01
   3.33361775e-02 -1.51933461e-01  2.63831884e-01 -3.95422935e-01
  -6.28517985e-01 -4.26398903e-01 -9.46475327e-01  5.45908451e-01
  -1.00482059e+00 -8.71576011e-01 -5.38463175e-01  6.85529590e-01
  -4.61358368e-01 -3.04528236e-01  7.75754750e-01 -7.83032537e-01
  -2.41045728e-01 -2.29190767e-01  1.53564155e+00  8.13241661e-01]
 [-2.23826453e-01  2.52856672e-01  4.20893759e-01 -8.53656232e-02
   6.22004010e-02 -5.91304660e-01 -4.54446286e-01  1.53372332e-01
  -2.68033952e-01 -5.14999270e-01  3.56677324e-02  7.07954288e-01
   1.46162465e-01  1.15287220e+00  8.94586146e-01 -7.71600962e-01
   9.30570364e-01  8.92875671e-01  2.45780244e-01 -3.30113441e-01
  -2.51696020e-01 -5.35642922e-01 -7.43778527e-01  1.59231588e-01
   1.44800246e-01 -2.07390562e-01 -5.23660541e-01  3.76169868e-02]
 [-4.84373011e-02  2.62579024e-01 -5.06950200e-01  1.55133322e-01
   1.66266024e-01  5.21671236e-01 -8.22821781e-02  9.81873423e-02
   3.83977354e-01 -2.07039073e-01  6.20063007e-01 -9.02244627e-01
   1.33281454e-01 -6.30270541e-01 -9.41477180e-01  3.82789858e-02
  -6.82010233e-01  5.59604466e-02 -2.76005894e-01  1.14683425e+00
  -9.89488065e-02 -1.06534553e+00  1.03453183e+00 -3.10743988e-01
   3.17248218e-02 -8.31937850e-01 -1.74134523e-01 -4.48679537e-01]
 [ 3.40532780e-01 -5.45518041e-01  3.12803745e-01  2.10218225e-02
   8.90643895e-02  1.19868651e-01 -1.73831314e-01 -5.27407646e-01
   1.82921678e-01  4.65968609e-01 -5.91001034e-01 -2.18686178e-01
   6.34204447e-01 -5.28283954e-01 -2.49607489e-01  2.53725853e-02
   4.58748728e-01 -1.64017260e-01  1.24964535e-01 -6.97066545e-01
   1.84867457e-01  5.62237620e-01  1.84586182e-01 -4.68737841e-01
   7.08668604e-02  2.30744302e-01 -1.99443877e-01  8.95030722e-02]
 [ 1.79857999e-01 -3.97597343e-01 -3.52358580e-01 -2.06139117e-01
   2.58836299e-01  2.33961970e-01  2.82687336e-01  5.54592788e-01
   6.46576703e-01 -5.16601652e-02  2.00435460e-01 -5.35177827e-01
  -2.75858253e-01 -5.14830887e-01 -3.98678243e-01 -5.49359731e-02
  -9.07089233e-01  1.09364951e+00  3.21425982e-02  1.22353280e+00
  -2.58525819e-01 -5.61181843e-01 -4.30500954e-01  2.88691759e-01
   9.78619307e-02 -1.04580688e+00 -3.04045647e-01  5.47019243e-01]
 [-5.79905570e-01  2.22198367e-01 -2.19401553e-01  7.62384534e-02
   1.52315363e-01 -7.12844804e-02 -2.55877942e-01 -5.26278317e-01
  -2.21530586e-01  1.59438401e-01 -2.69626588e-01 -2.39197806e-01
  -2.93462351e-02  1.40566900e-02 -1.64817914e-01  4.70152766e-01
   1.31564572e-01 -6.69411540e-01 -6.02788329e-02 -5.95808506e-01
  -8.42835978e-02  4.53823984e-01  7.95129538e-01 -3.64060521e-01
  -7.39987075e-01  4.54331756e-01  4.10744548e-01  3.37476701e-01]
 [ 7.30890155e-01 -5.59194565e-01  8.02150548e-01 -1.30882215e+00
  -7.11473763e-01 -1.06193841e+00 -1.26447380e+00 -1.59274745e+00
  -7.70796239e-01 -3.13811898e-01 -6.08556330e-01  6.96179032e-01
  -1.80144444e-01  1.81742907e+00  1.17448878e+00 -4.88688260e-01
   2.46747875e+00 -1.80899024e+00  4.46301252e-01 -1.20410717e+00
   5.85165083e-01  5.60454652e-02 -3.21787983e-01  3.14550728e-01
   4.66379285e-01  1.45960414e+00 -2.01753736e+00 -2.32754755e+00]
 [-1.01330459e+00  4.62727219e-01 -3.94280374e-01  1.88630354e+00
   1.65703759e-01 -2.25616619e-02  2.27524526e-02  1.30651605e+00
   7.87782490e-01 -7.68736660e-01  9.22150075e-01 -1.05006111e+00
   1.49165586e-01 -4.47461456e-01 -1.11321175e+00  5.25435984e-01
  -1.23902690e+00  1.58568275e+00 -4.92015362e-01  1.07942617e+00
  -5.14116228e-01 -4.54963267e-01 -5.49234688e-01  9.30952504e-02
  -2.68899679e-01 -4.46183830e-01  1.67596233e+00  9.22626257e-01]
 [ 6.21611059e-01 -2.03148890e+00 -6.00254759e-02 -6.71514034e-01
   1.88772529e-01 -2.86846370e-01  6.97933557e-03 -1.85540318e+00
   6.85030043e-01  7.93084800e-01 -1.12406778e+00 -4.42694753e-01
   1.08825974e-01 -4.35139149e-01  2.92595476e-01 -1.20291442e-01
   2.00713053e-01 -9.62405086e-01  4.84255373e-01 -4.70545292e-01
  -3.32382351e-01 -2.98948705e-01  7.50608623e-01  4.93010700e-01
   1.10211563e+00  6.47623718e-01 -4.24288422e-01 -1.30120373e+00]
 [-1.20214784e+00  5.39066494e-01 -9.01976004e-02 -1.74649930e+00
   4.17204678e-01  1.27483666e+00  5.61092556e-01 -2.42676806e+00
  -1.64884150e+00  6.72360897e-01 -4.11637515e-01  7.92168200e-01
   6.67334080e-01 -9.79896963e-01 -2.88803428e-01  7.00900555e-01
   1.62679660e+00 -3.99532866e+00 -1.04557252e+00 -1.24979639e+00
   3.91251445e-01  2.66494679e+00  2.27011395e+00 -1.23097205e+00
  -1.49710631e+00  8.25276792e-01  3.26428473e-01 -2.61373669e-01]
 [ 6.63997710e-01 -1.74129214e-02  4.84555885e-02  2.67680883e-01
   1.98883712e-01 -4.15831178e-01 -4.96867970e-02  8.29773009e-01
   3.51812810e-01 -7.80216932e-01 -2.87115965e-02 -5.76603770e-01
  -1.37940988e-01 -1.86154336e-01  2.86465347e-01 -1.59712508e-01
  -7.98411310e-01  1.23988283e+00  2.63500512e-01  7.69517183e-01
   2.05694333e-01 -1.14747512e+00 -3.40661854e-01  5.26392817e-01
   7.12254643e-01 -5.85098147e-01 -3.60514551e-01  5.36278963e-01]
 [-3.80273402e-01  6.25752628e-01 -1.81037039e-01  3.66262436e-01
   1.80519179e-01  4.07714128e-01  2.10689977e-01  4.49429244e-01
  -5.32496810e-01  3.18649672e-02  9.62048829e-01  2.15441659e-01
   2.67186463e-01 -1.88928425e-01 -4.66394424e-01  3.37025285e-01
  -6.40551209e-01  4.53361869e-01 -3.08280319e-01 -2.98861824e-02
  -2.60730684e-01 -3.36514235e-01 -1.07329071e-01 -3.88454020e-01
  -8.29477608e-01  4.51642722e-02  9.98384476e-01  7.08841145e-01]
 [ 1.13022164e-01  1.25097573e+00  3.30163062e-01  5.93276262e-01
  -3.12549919e-01 -5.96367717e-01 -4.15030479e-01  1.45083916e+00
  -6.58519447e-01 -3.23524654e-01  1.08505988e+00 -3.72157574e-01
  -3.30740929e-01  8.11096668e-01  2.43815333e-01 -1.16808586e-01
   3.13516557e-01  7.84123242e-01 -6.10072091e-02 -7.47326761e-02
  -9.95374545e-02 -4.64957744e-01 -3.45643163e-01 -4.07806113e-02
  -7.11404160e-02 -1.42989695e-01 -3.68048400e-01  1.74787879e-01]
 [ 2.37021446e-01  1.77820444e+00  4.80131060e-01  1.35051876e-01
  -1.01602185e+00 -1.51946262e-01 -1.14540660e+00  1.46279001e+00
  -1.40426588e+00 -8.11935067e-01  8.02898109e-01 -5.61862402e-02
   2.35401019e-01  7.23662496e-01 -6.06220841e-01 -7.12114051e-02
  -1.77799925e-01  9.47446942e-01  5.39993107e-01 -1.70296714e-01
   1.98913500e-01 -4.18561518e-01 -5.80514669e-01  1.92682132e-01
  -1.91129863e-01 -5.55382669e-01 -4.86733764e-02  5.46901464e-01]
 [-6.27085626e-01  1.25590906e-01 -2.37315774e-01  7.39122331e-01
   1.82380825e-01  3.46447974e-01  5.22586703e-01 -6.67711437e-01
  -1.42634273e-01  2.74535984e-01 -2.97588229e-01 -4.67514843e-01
   4.50103372e-01 -4.86747146e-01 -1.34897435e+00  5.90620100e-01
  -1.35441601e-01 -1.11284578e+00 -6.35205209e-01 -8.47064555e-01
   3.07794571e-01  6.03942215e-01  8.93074095e-01 -1.08651690e-01
  -6.71326995e-01  6.65202439e-01  1.03920603e+00 -6.17826432e-02]
 [ 6.84203565e-01  2.84170471e-02  1.95981294e-01 -1.32167542e+00
  -2.05863565e-01 -8.69510531e-01 -7.06377745e-01 -9.90916565e-02
  -8.12590837e-01 -4.87284847e-02 -3.87293428e-01  1.05760813e+00
   2.13522371e-02  9.48218644e-01  7.19421953e-02  2.64191806e-01
   1.32372475e+00 -9.84447181e-01  7.27460440e-03 -1.64488721e+00
  -4.89170430e-03  5.02938211e-01 -4.47383225e-02  1.60766050e-01
  -2.50558674e-01  8.23523819e-01 -1.46756613e+00 -5.75178087e-01]
 [-3.71596843e-01  1.14705956e+00  3.72831285e-01 -2.83793926e-01
  -6.89319432e-01 -4.95570123e-01 -4.89705831e-01  8.35514069e-01
  -1.27329600e+00  1.15993679e-01  6.19220138e-01  1.09226334e+00
   2.35428587e-01  8.73496830e-01 -2.03161445e-02  6.15300834e-02
   5.01012623e-01 -7.66618490e-01  1.23679809e-01 -5.37884831e-01
  -1.27179950e-01  4.34614927e-01 -3.97803843e-01  2.60636777e-01
  -8.71877670e-01  3.69342268e-01 -9.01858032e-01  3.07088587e-02]
 [-5.50264835e-01  7.68171310e-01 -1.67232484e-01  1.04963088e+00
   1.07102476e-01  8.93198431e-01  2.59736329e-01  3.76165897e-01
   6.50884211e-02  1.39907628e-01  1.10298559e-01 -6.14390850e-01
   4.40080673e-01 -1.35603213e+00 -7.54775405e-01  3.31348956e-01
  -6.73371136e-01  1.05187237e-01 -4.48094457e-01  9.63816717e-02
   4.93570343e-02  2.92980373e-01  1.62025914e-01 -4.60752547e-01
  -5.88656664e-01 -5.11619270e-01  1.78914154e+00  9.61241663e-01]
 [-4.42307055e-01 -4.90799844e-01 -7.66786337e-01 -6.84860826e-01
   5.94165325e-01 -9.02041644e-02  4.07005131e-01 -1.91696024e+00
  -4.13273543e-01  1.33417338e-01 -2.10678220e-01 -1.94827631e-01
   2.06552744e-01 -1.94478124e-01  3.71105880e-01 -2.88126051e-01
  -1.01927005e-01 -7.26834714e-01 -2.60406613e-01  1.80184111e-01
  -7.44052231e-01  3.58002186e-01  8.18688154e-01 -6.69282019e-01
   9.90600511e-02  1.14255967e-02  1.78687170e-01  1.57402366e-01]
 [ 3.77992988e-02 -1.64339006e+00 -4.90923047e-01 -6.13558412e-01
   8.85484159e-01  8.84067476e-01  8.33480477e-01 -1.81159496e+00
   7.51478493e-01  7.47562170e-01 -1.23577976e+00 -7.69180059e-01
  -2.23509431e-01 -1.80126262e+00 -5.34353554e-01  3.04016173e-01
  -1.14061058e+00 -1.68038130e+00 -2.44890466e-01  6.31211698e-01
   7.20831335e-01  3.61737758e-01  1.28810871e+00 -6.29074395e-01
   7.74015486e-01  3.92184764e-01  1.08340251e+00 -9.42975521e-01]
 [-5.16517997e-01  2.41399020e-01  1.51654616e-01  1.51715803e+00
   5.71038984e-02  4.91801262e-01  5.83261490e-01 -1.79243495e-03
   5.56586087e-01 -2.22776398e-01 -9.55119357e-02 -1.06724668e+00
   4.45683777e-01 -3.76554072e-01 -8.37327123e-01  6.36395276e-01
  -1.15591741e+00 -3.61040801e-01 -2.69689739e-01  1.95944101e-01
  -2.62660608e-02  9.02562886e-02  3.39787483e-01 -3.99029911e-01
  -6.09265089e-01  2.34215245e-01  2.14822578e+00 -1.65787458e-01]
 [-5.57963252e-01  8.16997647e-01  6.02992415e-01  1.63471565e-01
  -5.30227184e-01  3.18200707e-01 -4.77940410e-01  7.67478570e-02
  -7.43688345e-01 -9.36410785e-01  8.27036023e-01  5.11925995e-01
   1.75670534e-01  2.99984634e-01  8.32461596e-01 -3.79865319e-01
   1.05023766e+00  7.55682230e-01  8.87109861e-02 -9.72131014e-01
   7.35437512e-01  1.41772544e+00 -6.04962349e-01  3.93862456e-01
  -1.09021235e+00 -8.65339041e-02 -7.02718019e-01  1.32541671e-01]
 [-1.63962737e-01 -9.61259067e-01 -5.73474541e-02 -5.68614900e-01
   1.19895793e-01  5.05990207e-01  2.89213836e-01 -4.09331948e-01
   4.36593629e-02  4.14573163e-01 -7.69291639e-01  2.54947931e-01
   3.39371830e-01 -1.38803795e-01  1.11666930e+00 -3.90094846e-01
   5.04598379e-01 -3.43374431e-01  3.43522966e-01 -2.47254401e-01
   1.80501685e-01  2.44555712e-01 -6.55321598e-01 -3.26307923e-01
   6.13631904e-01 -1.66048221e-02 -4.06108111e-01 -4.33866948e-01]
 [-1.84663221e-01 -1.44133866e-01 -2.18363494e-01 -3.30888957e-01
   1.22757196e-01  5.92015922e-01  2.32473060e-01 -2.61094242e-01
   2.41668537e-01  2.36721322e-01 -3.02123223e-02 -1.87435359e-01
   8.14568624e-02 -6.72993541e-01 -2.63808995e-01  3.82920295e-01
  -7.72919476e-01  1.22403540e-01 -5.75623691e-01  2.90984511e-01
   1.23580024e-01  3.21934134e-01  1.21510193e-01 -1.72853634e-01
   1.64614931e-01 -2.63609141e-01  4.03954417e-01  2.48100355e-01]
 [ 3.06452415e-03 -1.03816405e-01  7.30418563e-02 -6.25789344e-01
  -3.77972014e-02 -2.42454544e-01 -1.04127310e-01 -7.58568287e-01
  -2.35311245e-03 -1.81303039e-01 -3.90812725e-01 -1.11947268e-01
  -2.17076957e-01  4.12342370e-01  4.40512300e-01 -2.60921508e-01
   4.59331900e-01  6.17652293e-03  2.62063026e-01 -7.82394931e-02
  -4.40267384e-01 -5.33525050e-01 -1.22205056e-01  5.18595800e-02
   4.74088281e-01  5.64406812e-01 -3.99478078e-01 -6.36712790e-01]]
Gamma_ 4 : [[   6.0292416   -7.08339     89.38792    -20.908657    17.066385
     0.8071132   -7.524459     1.6802695   -7.903877  -245.20422
    11.285835    -3.0658607    5.8852444  -17.281937    12.246005
    -2.5220146  -23.266884    11.194988    34.52878     -6.733536
     4.725822     3.4639325   59.286102    -7.1746483  -10.821688
    -3.4470367   -6.110191   -16.795242 ]]
X_ 1 postcondition: >= 0.75
[ 2.8317096  -0.16640599  0.3954268  -1.1071812  -0.07915115  1.7134045
  0.7473325   1.2380513  -0.2114423   0.04338223 -0.13334677 -0.34573358
 -0.07942788  0.09907341  0.36624283 -0.23834632  0.03608905 -0.09564374
  0.07220449 -0.25947624 -0.4796314  -0.29332042  0.09518234  0.15441518
 -0.01741767 -0.23892844  0.02085416  0.09706278]
X_ 1 postcondition: <= 0.75
[ 2.8317096  -0.16640599  0.3954268  -1.1071812  -0.07915115  1.7134045
  0.7473325   1.2380513  -0.2114423   0.04338223 -0.13334677 -0.34573358
 -0.07942788  0.09907341  0.36624283 -0.23834632  0.03608905 -0.09564374
  0.07220449 -0.25947624 -0.4796314  -0.29332042  0.09518234  0.15441518
 -0.01741767 -0.23892844  0.02085416  0.09706278]
X_ 1 postcondition: > 0.75
[ 2.8317096  -0.16640599  0.3954268  -1.1071812  -0.07915115  1.7134045
  0.7473325   1.2380513  -0.2114423   0.04338223 -0.13334677 -0.34573358
 -0.07942788  0.09907341  0.36624283 -0.23834632  0.03608905 -0.09564374
  0.07220449 -0.25947624 -0.4796314  -0.29332042  0.09518234  0.15441518
 -0.01741767 -0.23892844  0.02085416  0.09706278]
X_ 1 postcondition: < 0.75
[ 2.8317096  -0.16640599  0.3954268  -1.1071812  -0.07915115  1.7134045
  0.7473325   1.2380513  -0.2114423   0.04338223 -0.13334677 -0.34573358
 -0.07942788  0.09907341  0.36624283 -0.23834632  0.03608905 -0.09564374
  0.07220449 -0.25947624 -0.4796314  -0.29332042  0.09518234  0.15441518
 -0.01741767 -0.23892844  0.02085416  0.09706278]
X_ 1 postcondition: == 0.75
[ 2.8317096  -0.16640599  0.3954268  -1.1071812  -0.07915115  1.7134045
  0.7473325   1.2380513  -0.2114423   0.04338223 -0.13334677 -0.34573358
 -0.07942788  0.09907341  0.36624283 -0.23834632  0.03608905 -0.09564374
  0.07220449 -0.25947624 -0.4796314  -0.29332042  0.09518234  0.15441518
 -0.01741767 -0.23892844  0.02085416  0.09706278]
X_ 1 postcondition: != 0.75
[ 2.8317096  -0.16640599  0.3954268  -1.1071812  -0.07915115  1.7134045
  0.7473325   1.2380513  -0.2114423   0.04338223 -0.13334677 -0.34573358
 -0.07942788  0.09907341  0.36624283 -0.23834632  0.03608905 -0.09564374
  0.07220449 -0.25947624 -0.4796314  -0.29332042  0.09518234  0.15441518
 -0.01741767 -0.23892844  0.02085416  0.09706278]
X_ 1 postcondition: >= 0.9
[ 3.3980513  -0.19968717  0.47451186 -1.3286173  -0.09498139  2.0560856
  0.896799    1.4856617  -0.2537308   0.05205868 -0.1600161  -0.41488028
 -0.09531346  0.11888804  0.43949142 -0.28601557  0.04330685 -0.11477247
  0.08664539 -0.3113715  -0.5755577  -0.35198444  0.11421881  0.18529819
 -0.02090121 -0.28671414  0.02502498  0.11647534]
X_ 1 postcondition: <= 0.9
[ 3.3980513  -0.19968717  0.47451186 -1.3286173  -0.09498139  2.0560856
  0.896799    1.4856617  -0.2537308   0.05205868 -0.1600161  -0.41488028
 -0.09531346  0.11888804  0.43949142 -0.28601557  0.04330685 -0.11477247
  0.08664539 -0.3113715  -0.5755577  -0.35198444  0.11421881  0.18529819
 -0.02090121 -0.28671414  0.02502498  0.11647534]
X_ 1 postcondition: > 0.9
[ 3.3980513  -0.19968717  0.47451186 -1.3286173  -0.09498139  2.0560856
  0.896799    1.4856617  -0.2537308   0.05205868 -0.1600161  -0.41488028
 -0.09531346  0.11888804  0.43949142 -0.28601557  0.04330685 -0.11477247
  0.08664539 -0.3113715  -0.5755577  -0.35198444  0.11421881  0.18529819
 -0.02090121 -0.28671414  0.02502498  0.11647534]
X_ 1 postcondition: < 0.9
[ 3.3980513  -0.19968717  0.47451186 -1.3286173  -0.09498139  2.0560856
  0.896799    1.4856617  -0.2537308   0.05205868 -0.1600161  -0.41488028
 -0.09531346  0.11888804  0.43949142 -0.28601557  0.04330685 -0.11477247
  0.08664539 -0.3113715  -0.5755577  -0.35198444  0.11421881  0.18529819
 -0.02090121 -0.28671414  0.02502498  0.11647534]
X_ 1 postcondition: == 0.9
[ 3.3980513  -0.19968717  0.47451186 -1.3286173  -0.09498139  2.0560856
  0.896799    1.4856617  -0.2537308   0.05205868 -0.1600161  -0.41488028
 -0.09531346  0.11888804  0.43949142 -0.28601557  0.04330685 -0.11477247
  0.08664539 -0.3113715  -0.5755577  -0.35198444  0.11421881  0.18529819
 -0.02090121 -0.28671414  0.02502498  0.11647534]
X_ 1 postcondition: != 0.9
[ 3.3980513  -0.19968717  0.47451186 -1.3286173  -0.09498139  2.0560856
  0.896799    1.4856617  -0.2537308   0.05205868 -0.1600161  -0.41488028
 -0.09531346  0.11888804  0.43949142 -0.28601557  0.04330685 -0.11477247
  0.08664539 -0.3113715  -0.5755577  -0.35198444  0.11421881  0.18529819
 -0.02090121 -0.28671414  0.02502498  0.11647534]
X_ 1 postcondition: >= 0.95
[ 3.5868328  -0.21078102  0.50087357 -1.4024295  -0.10025807  2.1703126
  0.9466214   1.5681983  -0.267827    0.05495081 -0.1689059  -0.4379292
 -0.10060865  0.12549299  0.46390754 -0.30190536  0.04571278 -0.12114873
  0.09145902 -0.3286699  -0.60753316 -0.37153915  0.12056433  0.19559255
 -0.02206238 -0.3026427   0.02641525  0.1229462 ]
X_ 1 postcondition: <= 0.95
[ 3.5868328  -0.21078102  0.50087357 -1.4024295  -0.10025807  2.1703126
  0.9466214   1.5681983  -0.267827    0.05495081 -0.1689059  -0.4379292
 -0.10060865  0.12549299  0.46390754 -0.30190536  0.04571278 -0.12114873
  0.09145902 -0.3286699  -0.60753316 -0.37153915  0.12056433  0.19559255
 -0.02206238 -0.3026427   0.02641525  0.1229462 ]
X_ 1 postcondition: > 0.95
[ 3.5868328  -0.21078102  0.50087357 -1.4024295  -0.10025807  2.1703126
  0.9466214   1.5681983  -0.267827    0.05495081 -0.1689059  -0.4379292
 -0.10060865  0.12549299  0.46390754 -0.30190536  0.04571278 -0.12114873
  0.09145902 -0.3286699  -0.60753316 -0.37153915  0.12056433  0.19559255
 -0.02206238 -0.3026427   0.02641525  0.1229462 ]
X_ 1 postcondition: < 0.95
[ 3.5868328  -0.21078102  0.50087357 -1.4024295  -0.10025807  2.1703126
  0.9466214   1.5681983  -0.267827    0.05495081 -0.1689059  -0.4379292
 -0.10060865  0.12549299  0.46390754 -0.30190536  0.04571278 -0.12114873
  0.09145902 -0.3286699  -0.60753316 -0.37153915  0.12056433  0.19559255
 -0.02206238 -0.3026427   0.02641525  0.1229462 ]
X_ 1 postcondition: == 0.95
[ 3.5868328  -0.21078102  0.50087357 -1.4024295  -0.10025807  2.1703126
  0.9466214   1.5681983  -0.267827    0.05495081 -0.1689059  -0.4379292
 -0.10060865  0.12549299  0.46390754 -0.30190536  0.04571278 -0.12114873
  0.09145902 -0.3286699  -0.60753316 -0.37153915  0.12056433  0.19559255
 -0.02206238 -0.3026427   0.02641525  0.1229462 ]
X_ 1 postcondition: != 0.95
[ 3.5868328  -0.21078102  0.50087357 -1.4024295  -0.10025807  2.1703126
  0.9466214   1.5681983  -0.267827    0.05495081 -0.1689059  -0.4379292
 -0.10060865  0.12549299  0.46390754 -0.30190536  0.04571278 -0.12114873
  0.09145902 -0.3286699  -0.60753316 -0.37153915  0.12056433  0.19559255
 -0.02206238 -0.3026427   0.02641525  0.1229462 ]
X_ 1 postcondition: >= 0.99
[ 3.7378566  -0.21965593  0.5219633  -1.4614792  -0.10447951  2.2616942
  0.98647904  1.6342279  -0.2791039   0.05726456 -0.17601772 -0.45636836
 -0.1048448   0.13077691  0.48344052 -0.31461716  0.04763754 -0.12624973
  0.09530994 -0.34250864 -0.6331135  -0.38718298  0.12564074  0.20382804
 -0.02299136 -0.31538555  0.02752747  0.12812288]
X_ 1 postcondition: <= 0.99
[ 3.7378566  -0.21965593  0.5219633  -1.4614792  -0.10447951  2.2616942
  0.98647904  1.6342279  -0.2791039   0.05726456 -0.17601772 -0.45636836
 -0.1048448   0.13077691  0.48344052 -0.31461716  0.04763754 -0.12624973
  0.09530994 -0.34250864 -0.6331135  -0.38718298  0.12564074  0.20382804
 -0.02299136 -0.31538555  0.02752747  0.12812288]
X_ 1 postcondition: > 0.99
[ 3.7378566  -0.21965593  0.5219633  -1.4614792  -0.10447951  2.2616942
  0.98647904  1.6342279  -0.2791039   0.05726456 -0.17601772 -0.45636836
 -0.1048448   0.13077691  0.48344052 -0.31461716  0.04763754 -0.12624973
  0.09530994 -0.34250864 -0.6331135  -0.38718298  0.12564074  0.20382804
 -0.02299136 -0.31538555  0.02752747  0.12812288]
X_ 1 postcondition: < 0.99
[ 3.7378566  -0.21965593  0.5219633  -1.4614792  -0.10447951  2.2616942
  0.98647904  1.6342279  -0.2791039   0.05726456 -0.17601772 -0.45636836
 -0.1048448   0.13077691  0.48344052 -0.31461716  0.04763754 -0.12624973
  0.09530994 -0.34250864 -0.6331135  -0.38718298  0.12564074  0.20382804
 -0.02299136 -0.31538555  0.02752747  0.12812288]
X_ 1 postcondition: == 0.99
[ 3.7378566  -0.21965593  0.5219633  -1.4614792  -0.10447951  2.2616942
  0.98647904  1.6342279  -0.2791039   0.05726456 -0.17601772 -0.45636836
 -0.1048448   0.13077691  0.48344052 -0.31461716  0.04763754 -0.12624973
  0.09530994 -0.34250864 -0.6331135  -0.38718298  0.12564074  0.20382804
 -0.02299136 -0.31538555  0.02752747  0.12812288]
X_ 1 postcondition: != 0.99
[ 3.7378566  -0.21965593  0.5219633  -1.4614792  -0.10447951  2.2616942
  0.98647904  1.6342279  -0.2791039   0.05726456 -0.17601772 -0.45636836
 -0.1048448   0.13077691  0.48344052 -0.31461716  0.04763754 -0.12624973
  0.09530994 -0.34250864 -0.6331135  -0.38718298  0.12564074  0.20382804
 -0.02299136 -0.31538555  0.02752747  0.12812288]
X_ 2 postcondition: >= 0.75
[-0.229027    0.09310601 -0.11736833 -0.65614223 -0.111651   -0.1563423
  0.4332591   0.22258662 -0.29170817  0.07961573]
X_ 2 postcondition: <= 0.75
[-0.229027    0.09310601 -0.11736833 -0.65614223 -0.111651   -0.1563423
  0.4332591   0.22258662 -0.29170817  0.07961573]
X_ 2 postcondition: > 0.75
[-0.229027    0.09310601 -0.11736833 -0.65614223 -0.111651   -0.1563423
  0.4332591   0.22258662 -0.29170817  0.07961573]
X_ 2 postcondition: < 0.75
[-0.229027    0.09310601 -0.11736833 -0.65614223 -0.111651   -0.1563423
  0.4332591   0.22258662 -0.29170817  0.07961573]
X_ 2 postcondition: == 0.75
[-0.229027    0.09310601 -0.11736833 -0.65614223 -0.111651   -0.1563423
  0.4332591   0.22258662 -0.29170817  0.07961573]
X_ 2 postcondition: != 0.75
[-0.229027    0.09310601 -0.11736833 -0.65614223 -0.111651   -0.1563423
  0.4332591   0.22258662 -0.29170817  0.07961573]
X_ 2 postcondition: >= 0.9
[-0.27483234  0.11172716 -0.14084198 -0.7873708  -0.13398124 -0.18761078
  0.51991075  0.26710397 -0.3500497   0.09553888]
X_ 2 postcondition: <= 0.9
[-0.27483234  0.11172716 -0.14084198 -0.7873708  -0.13398124 -0.18761078
  0.51991075  0.26710397 -0.3500497   0.09553888]
X_ 2 postcondition: > 0.9
[-0.27483234  0.11172716 -0.14084198 -0.7873708  -0.13398124 -0.18761078
  0.51991075  0.26710397 -0.3500497   0.09553888]
X_ 2 postcondition: < 0.9
[-0.27483234  0.11172716 -0.14084198 -0.7873708  -0.13398124 -0.18761078
  0.51991075  0.26710397 -0.3500497   0.09553888]
X_ 2 postcondition: == 0.9
[-0.27483234  0.11172716 -0.14084198 -0.7873708  -0.13398124 -0.18761078
  0.51991075  0.26710397 -0.3500497   0.09553888]
X_ 2 postcondition: != 0.9
[-0.27483234  0.11172716 -0.14084198 -0.7873708  -0.13398124 -0.18761078
  0.51991075  0.26710397 -0.3500497   0.09553888]
X_ 2 postcondition: >= 0.95
[-0.2901009   0.11793427 -0.14866652 -0.8311136  -0.14142458 -0.19803357
  0.54879487  0.28194308 -0.36949703  0.10084657]
X_ 2 postcondition: <= 0.95
[-0.2901009   0.11793427 -0.14866652 -0.8311136  -0.14142458 -0.19803357
  0.54879487  0.28194308 -0.36949703  0.10084657]
X_ 2 postcondition: > 0.95
[-0.2901009   0.11793427 -0.14866652 -0.8311136  -0.14142458 -0.19803357
  0.54879487  0.28194308 -0.36949703  0.10084657]
X_ 2 postcondition: < 0.95
[-0.2901009   0.11793427 -0.14866652 -0.8311136  -0.14142458 -0.19803357
  0.54879487  0.28194308 -0.36949703  0.10084657]
X_ 2 postcondition: == 0.95
[-0.2901009   0.11793427 -0.14866652 -0.8311136  -0.14142458 -0.19803357
  0.54879487  0.28194308 -0.36949703  0.10084657]
X_ 2 postcondition: != 0.95
[-0.2901009   0.11793427 -0.14866652 -0.8311136  -0.14142458 -0.19803357
  0.54879487  0.28194308 -0.36949703  0.10084657]
X_ 2 postcondition: >= 0.99
[-0.3023156   0.12289985 -0.15492621 -0.8661078  -0.14737934 -0.20637172
  0.571902    0.2938144  -0.38505477  0.10509273]
X_ 2 postcondition: <= 0.99
[-0.3023156   0.12289985 -0.15492621 -0.8661078  -0.14737934 -0.20637172
  0.571902    0.2938144  -0.38505477  0.10509273]
X_ 2 postcondition: > 0.99
[-0.3023156   0.12289985 -0.15492621 -0.8661078  -0.14737934 -0.20637172
  0.571902    0.2938144  -0.38505477  0.10509273]
X_ 2 postcondition: < 0.99
[-0.3023156   0.12289985 -0.15492621 -0.8661078  -0.14737934 -0.20637172
  0.571902    0.2938144  -0.38505477  0.10509273]
X_ 2 postcondition: == 0.99
[-0.3023156   0.12289985 -0.15492621 -0.8661078  -0.14737934 -0.20637172
  0.571902    0.2938144  -0.38505477  0.10509273]
X_ 2 postcondition: != 0.99
[-0.3023156   0.12289985 -0.15492621 -0.8661078  -0.14737934 -0.20637172
  0.571902    0.2938144  -0.38505477  0.10509273]
X_ 3 postcondition: >= 0.75
[-0.5914089   0.11901494  0.13660541 -0.7654881   0.0435993  -0.8617439
 -0.5939075  -0.69956094 -0.18398795 -0.4563784  -0.7712296   0.26318532
 -0.4073853   1.1601721   0.8095501  -0.27923074  1.2128878  -0.9442998
  0.27971956 -0.44582155  0.5700987   0.23174076  0.31784156 -0.10271946
  0.08713366  0.04911289 -0.7339437  -0.4488917 ]
X_ 3 postcondition: <= 0.75
[-0.5914089   0.11901494  0.13660541 -0.7654881   0.0435993  -0.8617439
 -0.5939075  -0.69956094 -0.18398795 -0.4563784  -0.7712296   0.26318532
 -0.4073853   1.1601721   0.8095501  -0.27923074  1.2128878  -0.9442998
  0.27971956 -0.44582155  0.5700987   0.23174076  0.31784156 -0.10271946
  0.08713366  0.04911289 -0.7339437  -0.4488917 ]
X_ 3 postcondition: > 0.75
[-0.5914089   0.11901494  0.13660541 -0.7654881   0.0435993  -0.8617439
 -0.5939075  -0.69956094 -0.18398795 -0.4563784  -0.7712296   0.26318532
 -0.4073853   1.1601721   0.8095501  -0.27923074  1.2128878  -0.9442998
  0.27971956 -0.44582155  0.5700987   0.23174076  0.31784156 -0.10271946
  0.08713366  0.04911289 -0.7339437  -0.4488917 ]
X_ 3 postcondition: < 0.75
[-0.5914089   0.11901494  0.13660541 -0.7654881   0.0435993  -0.8617439
 -0.5939075  -0.69956094 -0.18398795 -0.4563784  -0.7712296   0.26318532
 -0.4073853   1.1601721   0.8095501  -0.27923074  1.2128878  -0.9442998
  0.27971956 -0.44582155  0.5700987   0.23174076  0.31784156 -0.10271946
  0.08713366  0.04911289 -0.7339437  -0.4488917 ]
X_ 3 postcondition: == 0.75
[-0.5914089   0.11901494  0.13660541 -0.7654881   0.0435993  -0.8617439
 -0.5939075  -0.69956094 -0.18398795 -0.4563784  -0.7712296   0.26318532
 -0.4073853   1.1601721   0.8095501  -0.27923074  1.2128878  -0.9442998
  0.27971956 -0.44582155  0.5700987   0.23174076  0.31784156 -0.10271946
  0.08713366  0.04911289 -0.7339437  -0.4488917 ]
X_ 3 postcondition: != 0.75
[-0.5914089   0.11901494  0.13660541 -0.7654881   0.0435993  -0.8617439
 -0.5939075  -0.69956094 -0.18398795 -0.4563784  -0.7712296   0.26318532
 -0.4073853   1.1601721   0.8095501  -0.27923074  1.2128878  -0.9442998
  0.27971956 -0.44582155  0.5700987   0.23174076  0.31784156 -0.10271946
  0.08713366  0.04911289 -0.7339437  -0.4488917 ]
X_ 3 postcondition: >= 0.9
[-0.7096906   0.14281787  0.16392653 -0.9185856   0.05231913 -1.0340925
 -0.7126893  -0.8394731  -0.22078544 -0.54765403 -0.9254757   0.3158226
 -0.48886234  1.3922065   0.97145975 -0.3350769   1.4554654  -1.1331598
  0.33566344 -0.53498584  0.68411845  0.27808872  0.3814099  -0.1232634
  0.10456038  0.05893551 -0.8807323  -0.53866994]
X_ 3 postcondition: <= 0.9
[-0.7096906   0.14281787  0.16392653 -0.9185856   0.05231913 -1.0340925
 -0.7126893  -0.8394731  -0.22078544 -0.54765403 -0.9254757   0.3158226
 -0.48886234  1.3922065   0.97145975 -0.3350769   1.4554654  -1.1331598
  0.33566344 -0.53498584  0.68411845  0.27808872  0.3814099  -0.1232634
  0.10456038  0.05893551 -0.8807323  -0.53866994]
X_ 3 postcondition: > 0.9
[-0.7096906   0.14281787  0.16392653 -0.9185856   0.05231913 -1.0340925
 -0.7126893  -0.8394731  -0.22078544 -0.54765403 -0.9254757   0.3158226
 -0.48886234  1.3922065   0.97145975 -0.3350769   1.4554654  -1.1331598
  0.33566344 -0.53498584  0.68411845  0.27808872  0.3814099  -0.1232634
  0.10456038  0.05893551 -0.8807323  -0.53866994]
X_ 3 postcondition: < 0.9
[-0.7096906   0.14281787  0.16392653 -0.9185856   0.05231913 -1.0340925
 -0.7126893  -0.8394731  -0.22078544 -0.54765403 -0.9254757   0.3158226
 -0.48886234  1.3922065   0.97145975 -0.3350769   1.4554654  -1.1331598
  0.33566344 -0.53498584  0.68411845  0.27808872  0.3814099  -0.1232634
  0.10456038  0.05893551 -0.8807323  -0.53866994]
X_ 3 postcondition: == 0.9
[-0.7096906   0.14281787  0.16392653 -0.9185856   0.05231913 -1.0340925
 -0.7126893  -0.8394731  -0.22078544 -0.54765403 -0.9254757   0.3158226
 -0.48886234  1.3922065   0.97145975 -0.3350769   1.4554654  -1.1331598
  0.33566344 -0.53498584  0.68411845  0.27808872  0.3814099  -0.1232634
  0.10456038  0.05893551 -0.8807323  -0.53866994]
X_ 3 postcondition: != 0.9
[-0.7096906   0.14281787  0.16392653 -0.9185856   0.05231913 -1.0340925
 -0.7126893  -0.8394731  -0.22078544 -0.54765403 -0.9254757   0.3158226
 -0.48886234  1.3922065   0.97145975 -0.3350769   1.4554654  -1.1331598
  0.33566344 -0.53498584  0.68411845  0.27808872  0.3814099  -0.1232634
  0.10456038  0.05893551 -0.8807323  -0.53866994]
X_ 3 postcondition: >= 0.95
[-0.74911803  0.150752    0.17303357 -0.96961814  0.05522576 -1.0915421
 -0.75228304 -0.8861105  -0.23305131 -0.57807934 -0.97689086  0.3333681
 -0.5160214   1.4695514   1.0254298  -0.35369217  1.536325   -1.1961131
  0.35431153 -0.5647073   0.72212505  0.29353824  0.40259942 -0.13011146
  0.11036927  0.0622097  -0.9296617  -0.56859607]
X_ 3 postcondition: <= 0.95
[-0.74911803  0.150752    0.17303357 -0.96961814  0.05522576 -1.0915421
 -0.75228304 -0.8861105  -0.23305131 -0.57807934 -0.97689086  0.3333681
 -0.5160214   1.4695514   1.0254298  -0.35369217  1.536325   -1.1961131
  0.35431153 -0.5647073   0.72212505  0.29353824  0.40259942 -0.13011146
  0.11036927  0.0622097  -0.9296617  -0.56859607]
X_ 3 postcondition: > 0.95
[-0.74911803  0.150752    0.17303357 -0.96961814  0.05522576 -1.0915421
 -0.75228304 -0.8861105  -0.23305131 -0.57807934 -0.97689086  0.3333681
 -0.5160214   1.4695514   1.0254298  -0.35369217  1.536325   -1.1961131
  0.35431153 -0.5647073   0.72212505  0.29353824  0.40259942 -0.13011146
  0.11036927  0.0622097  -0.9296617  -0.56859607]
X_ 3 postcondition: < 0.95
[-0.74911803  0.150752    0.17303357 -0.96961814  0.05522576 -1.0915421
 -0.75228304 -0.8861105  -0.23305131 -0.57807934 -0.97689086  0.3333681
 -0.5160214   1.4695514   1.0254298  -0.35369217  1.536325   -1.1961131
  0.35431153 -0.5647073   0.72212505  0.29353824  0.40259942 -0.13011146
  0.11036927  0.0622097  -0.9296617  -0.56859607]
X_ 3 postcondition: == 0.95
[-0.74911803  0.150752    0.17303357 -0.96961814  0.05522576 -1.0915421
 -0.75228304 -0.8861105  -0.23305131 -0.57807934 -0.97689086  0.3333681
 -0.5160214   1.4695514   1.0254298  -0.35369217  1.536325   -1.1961131
  0.35431153 -0.5647073   0.72212505  0.29353824  0.40259942 -0.13011146
  0.11036927  0.0622097  -0.9296617  -0.56859607]
X_ 3 postcondition: != 0.95
[-0.74911803  0.150752    0.17303357 -0.96961814  0.05522576 -1.0915421
 -0.75228304 -0.8861105  -0.23305131 -0.57807934 -0.97689086  0.3333681
 -0.5160214   1.4695514   1.0254298  -0.35369217  1.536325   -1.1961131
  0.35431153 -0.5647073   0.72212505  0.29353824  0.40259942 -0.13011146
  0.11036927  0.0622097  -0.9296617  -0.56859607]
X_ 3 postcondition: >= 0.99
[-0.7806598   0.1570997   0.18031918 -1.0104443   0.0575511  -1.137502
 -0.783958   -0.9234203  -0.24286395 -0.6024196  -1.0180231   0.34740466
 -0.53774863  1.5314275   1.0686058  -0.36858466  1.6010119  -1.2464757
  0.36922973 -0.58848447  0.7525303   0.30589765  0.41955096 -0.13558973
  0.11501633  0.06482907 -0.9688055  -0.592537  ]
X_ 3 postcondition: <= 0.99
[-0.7806598   0.1570997   0.18031918 -1.0104443   0.0575511  -1.137502
 -0.783958   -0.9234203  -0.24286395 -0.6024196  -1.0180231   0.34740466
 -0.53774863  1.5314275   1.0686058  -0.36858466  1.6010119  -1.2464757
  0.36922973 -0.58848447  0.7525303   0.30589765  0.41955096 -0.13558973
  0.11501633  0.06482907 -0.9688055  -0.592537  ]
X_ 3 postcondition: > 0.99
[-0.7806598   0.1570997   0.18031918 -1.0104443   0.0575511  -1.137502
 -0.783958   -0.9234203  -0.24286395 -0.6024196  -1.0180231   0.34740466
 -0.53774863  1.5314275   1.0686058  -0.36858466  1.6010119  -1.2464757
  0.36922973 -0.58848447  0.7525303   0.30589765  0.41955096 -0.13558973
  0.11501633  0.06482907 -0.9688055  -0.592537  ]
X_ 3 postcondition: < 0.99
[-0.7806598   0.1570997   0.18031918 -1.0104443   0.0575511  -1.137502
 -0.783958   -0.9234203  -0.24286395 -0.6024196  -1.0180231   0.34740466
 -0.53774863  1.5314275   1.0686058  -0.36858466  1.6010119  -1.2464757
  0.36922973 -0.58848447  0.7525303   0.30589765  0.41955096 -0.13558973
  0.11501633  0.06482907 -0.9688055  -0.592537  ]
X_ 3 postcondition: == 0.99
[-0.7806598   0.1570997   0.18031918 -1.0104443   0.0575511  -1.137502
 -0.783958   -0.9234203  -0.24286395 -0.6024196  -1.0180231   0.34740466
 -0.53774863  1.5314275   1.0686058  -0.36858466  1.6010119  -1.2464757
  0.36922973 -0.58848447  0.7525303   0.30589765  0.41955096 -0.13558973
  0.11501633  0.06482907 -0.9688055  -0.592537  ]
X_ 3 postcondition: != 0.99
[-0.7806598   0.1570997   0.18031918 -1.0104443   0.0575511  -1.137502
 -0.783958   -0.9234203  -0.24286395 -0.6024196  -1.0180231   0.34740466
 -0.53774863  1.5314275   1.0686058  -0.36858466  1.6010119  -1.2464757
  0.36922973 -0.58848447  0.7525303   0.30589765  0.41955096 -0.13558973
  0.11501633  0.06482907 -0.9688055  -0.592537  ]
X_ 4 postcondition: >= 0.75
[-0.08866758  0.10417017 -1.3145617   0.30748808 -0.25098267 -0.01186961
  0.11065663 -0.02471048  0.11623644  3.6060364  -0.1659724   0.04508734
 -0.08654992  0.2541526  -0.1800929   0.0370894   0.34216878 -0.16463637
 -0.5077892   0.09902511 -0.06949915 -0.05094149 -0.87187666  0.10551222
  0.15914653  0.05069301  0.08985804  0.24699515]
X_ 4 postcondition: <= 0.75
[-0.08866758  0.10417017 -1.3145617   0.30748808 -0.25098267 -0.01186961
  0.11065663 -0.02471048  0.11623644  3.6060364  -0.1659724   0.04508734
 -0.08654992  0.2541526  -0.1800929   0.0370894   0.34216878 -0.16463637
 -0.5077892   0.09902511 -0.06949915 -0.05094149 -0.87187666  0.10551222
  0.15914653  0.05069301  0.08985804  0.24699515]
X_ 4 postcondition: > 0.75
[-0.08866758  0.10417017 -1.3145617   0.30748808 -0.25098267 -0.01186961
  0.11065663 -0.02471048  0.11623644  3.6060364  -0.1659724   0.04508734
 -0.08654992  0.2541526  -0.1800929   0.0370894   0.34216878 -0.16463637
 -0.5077892   0.09902511 -0.06949915 -0.05094149 -0.87187666  0.10551222
  0.15914653  0.05069301  0.08985804  0.24699515]
X_ 4 postcondition: < 0.75
[-0.08866758  0.10417017 -1.3145617   0.30748808 -0.25098267 -0.01186961
  0.11065663 -0.02471048  0.11623644  3.6060364  -0.1659724   0.04508734
 -0.08654992  0.2541526  -0.1800929   0.0370894   0.34216878 -0.16463637
 -0.5077892   0.09902511 -0.06949915 -0.05094149 -0.87187666  0.10551222
  0.15914653  0.05069301  0.08985804  0.24699515]
X_ 4 postcondition: == 0.75
[-0.08866758  0.10417017 -1.3145617   0.30748808 -0.25098267 -0.01186961
  0.11065663 -0.02471048  0.11623644  3.6060364  -0.1659724   0.04508734
 -0.08654992  0.2541526  -0.1800929   0.0370894   0.34216878 -0.16463637
 -0.5077892   0.09902511 -0.06949915 -0.05094149 -0.87187666  0.10551222
  0.15914653  0.05069301  0.08985804  0.24699515]
X_ 4 postcondition: != 0.75
[-0.08866758  0.10417017 -1.3145617   0.30748808 -0.25098267 -0.01186961
  0.11065663 -0.02471048  0.11623644  3.6060364  -0.1659724   0.04508734
 -0.08654992  0.2541526  -0.1800929   0.0370894   0.34216878 -0.16463637
 -0.5077892   0.09902511 -0.06949915 -0.05094149 -0.87187666  0.10551222
  0.15914653  0.05069301  0.08985804  0.24699515]
X_ 4 postcondition: >= 0.9
[-0.10640109  0.12500419 -1.5774739   0.3689857  -0.30117917 -0.01424354
  0.13278794 -0.02965257  0.13948373  4.3272433  -0.19916686  0.0541048
 -0.1038599   0.3049831  -0.21611148  0.04450727  0.41060254 -0.19756365
 -0.609347    0.11883013 -0.08339898 -0.06112978 -1.046252    0.12661466
  0.19097583  0.06083161  0.10782965  0.29639417]
X_ 4 postcondition: <= 0.9
[-0.10640109  0.12500419 -1.5774739   0.3689857  -0.30117917 -0.01424354
  0.13278794 -0.02965257  0.13948373  4.3272433  -0.19916686  0.0541048
 -0.1038599   0.3049831  -0.21611148  0.04450727  0.41060254 -0.19756365
 -0.609347    0.11883013 -0.08339898 -0.06112978 -1.046252    0.12661466
  0.19097583  0.06083161  0.10782965  0.29639417]
X_ 4 postcondition: > 0.9
[-0.10640109  0.12500419 -1.5774739   0.3689857  -0.30117917 -0.01424354
  0.13278794 -0.02965257  0.13948373  4.3272433  -0.19916686  0.0541048
 -0.1038599   0.3049831  -0.21611148  0.04450727  0.41060254 -0.19756365
 -0.609347    0.11883013 -0.08339898 -0.06112978 -1.046252    0.12661466
  0.19097583  0.06083161  0.10782965  0.29639417]
X_ 4 postcondition: < 0.9
[-0.10640109  0.12500419 -1.5774739   0.3689857  -0.30117917 -0.01424354
  0.13278794 -0.02965257  0.13948373  4.3272433  -0.19916686  0.0541048
 -0.1038599   0.3049831  -0.21611148  0.04450727  0.41060254 -0.19756365
 -0.609347    0.11883013 -0.08339898 -0.06112978 -1.046252    0.12661466
  0.19097583  0.06083161  0.10782965  0.29639417]
X_ 4 postcondition: == 0.9
[-0.10640109  0.12500419 -1.5774739   0.3689857  -0.30117917 -0.01424354
  0.13278794 -0.02965257  0.13948373  4.3272433  -0.19916686  0.0541048
 -0.1038599   0.3049831  -0.21611148  0.04450727  0.41060254 -0.19756365
 -0.609347    0.11883013 -0.08339898 -0.06112978 -1.046252    0.12661466
  0.19097583  0.06083161  0.10782965  0.29639417]
X_ 4 postcondition: != 0.9
[-0.10640109  0.12500419 -1.5774739   0.3689857  -0.30117917 -0.01424354
  0.13278794 -0.02965257  0.13948373  4.3272433  -0.19916686  0.0541048
 -0.1038599   0.3049831  -0.21611148  0.04450727  0.41060254 -0.19756365
 -0.609347    0.11883013 -0.08339898 -0.06112978 -1.046252    0.12661466
  0.19097583  0.06083161  0.10782965  0.29639417]
X_ 4 postcondition: >= 0.95
[-0.11231226  0.13194887 -1.6651114   0.3894849  -0.31791136 -0.01503484
  0.14016506 -0.03129993  0.14723283  4.567646   -0.21023169  0.05711063
 -0.10962989  0.32192662 -0.22811766  0.0469799   0.43341377 -0.20853941
 -0.64319956  0.1254318  -0.08803227 -0.06452588 -1.1043772   0.13364881
  0.20158559  0.06421115  0.11382018  0.31286052]
X_ 4 postcondition: <= 0.95
[-0.11231226  0.13194887 -1.6651114   0.3894849  -0.31791136 -0.01503484
  0.14016506 -0.03129993  0.14723283  4.567646   -0.21023169  0.05711063
 -0.10962989  0.32192662 -0.22811766  0.0469799   0.43341377 -0.20853941
 -0.64319956  0.1254318  -0.08803227 -0.06452588 -1.1043772   0.13364881
  0.20158559  0.06421115  0.11382018  0.31286052]
X_ 4 postcondition: > 0.95
[-0.11231226  0.13194887 -1.6651114   0.3894849  -0.31791136 -0.01503484
  0.14016506 -0.03129993  0.14723283  4.567646   -0.21023169  0.05711063
 -0.10962989  0.32192662 -0.22811766  0.0469799   0.43341377 -0.20853941
 -0.64319956  0.1254318  -0.08803227 -0.06452588 -1.1043772   0.13364881
  0.20158559  0.06421115  0.11382018  0.31286052]
X_ 4 postcondition: < 0.95
[-0.11231226  0.13194887 -1.6651114   0.3894849  -0.31791136 -0.01503484
  0.14016506 -0.03129993  0.14723283  4.567646   -0.21023169  0.05711063
 -0.10962989  0.32192662 -0.22811766  0.0469799   0.43341377 -0.20853941
 -0.64319956  0.1254318  -0.08803227 -0.06452588 -1.1043772   0.13364881
  0.20158559  0.06421115  0.11382018  0.31286052]
X_ 4 postcondition: == 0.95
[-0.11231226  0.13194887 -1.6651114   0.3894849  -0.31791136 -0.01503484
  0.14016506 -0.03129993  0.14723283  4.567646   -0.21023169  0.05711063
 -0.10962989  0.32192662 -0.22811766  0.0469799   0.43341377 -0.20853941
 -0.64319956  0.1254318  -0.08803227 -0.06452588 -1.1043772   0.13364881
  0.20158559  0.06421115  0.11382018  0.31286052]
X_ 4 postcondition: != 0.95
[-0.11231226  0.13194887 -1.6651114   0.3894849  -0.31791136 -0.01503484
  0.14016506 -0.03129993  0.14723283  4.567646   -0.21023169  0.05711063
 -0.10962989  0.32192662 -0.22811766  0.0469799   0.43341377 -0.20853941
 -0.64319956  0.1254318  -0.08803227 -0.06452588 -1.1043772   0.13364881
  0.20158559  0.06421115  0.11382018  0.31286052]
X_ 4 postcondition: >= 0.99
[-0.11704121  0.1375046  -1.7352215   0.4058843  -0.3312971  -0.01566789
  0.14606676 -0.03261783  0.15343212  4.7599683  -0.21908358  0.05951529
 -0.1142459   0.33548144 -0.23772262  0.048958    0.4516628  -0.21732001
 -0.6702817   0.13071315 -0.09173888 -0.06724276 -1.1508772   0.13927613
  0.2100734   0.06691477  0.11861261  0.32603362]
X_ 4 postcondition: <= 0.99
[-0.11704121  0.1375046  -1.7352215   0.4058843  -0.3312971  -0.01566789
  0.14606676 -0.03261783  0.15343212  4.7599683  -0.21908358  0.05951529
 -0.1142459   0.33548144 -0.23772262  0.048958    0.4516628  -0.21732001
 -0.6702817   0.13071315 -0.09173888 -0.06724276 -1.1508772   0.13927613
  0.2100734   0.06691477  0.11861261  0.32603362]
X_ 4 postcondition: > 0.99
[-0.11704121  0.1375046  -1.7352215   0.4058843  -0.3312971  -0.01566789
  0.14606676 -0.03261783  0.15343212  4.7599683  -0.21908358  0.05951529
 -0.1142459   0.33548144 -0.23772262  0.048958    0.4516628  -0.21732001
 -0.6702817   0.13071315 -0.09173888 -0.06724276 -1.1508772   0.13927613
  0.2100734   0.06691477  0.11861261  0.32603362]
X_ 4 postcondition: < 0.99
[-0.11704121  0.1375046  -1.7352215   0.4058843  -0.3312971  -0.01566789
  0.14606676 -0.03261783  0.15343212  4.7599683  -0.21908358  0.05951529
 -0.1142459   0.33548144 -0.23772262  0.048958    0.4516628  -0.21732001
 -0.6702817   0.13071315 -0.09173888 -0.06724276 -1.1508772   0.13927613
  0.2100734   0.06691477  0.11861261  0.32603362]
X_ 4 postcondition: == 0.99
[-0.11704121  0.1375046  -1.7352215   0.4058843  -0.3312971  -0.01566789
  0.14606676 -0.03261783  0.15343212  4.7599683  -0.21908358  0.05951529
 -0.1142459   0.33548144 -0.23772262  0.048958    0.4516628  -0.21732001
 -0.6702817   0.13071315 -0.09173888 -0.06724276 -1.1508772   0.13927613
  0.2100734   0.06691477  0.11861261  0.32603362]
X_ 4 postcondition: != 0.99
[-0.11704121  0.1375046  -1.7352215   0.4058843  -0.3312971  -0.01566789
  0.14606676 -0.03261783  0.15343212  4.7599683  -0.21908358  0.05951529
 -0.1142459   0.33548144 -0.23772262  0.048958    0.4516628  -0.21732001
 -0.6702817   0.13071315 -0.09173888 -0.06724276 -1.1508772   0.13927613
  0.2100734   0.06691477  0.11861261  0.32603362]
Weakest precondition: [ 3.775613   -0.2218747   0.52723545 -1.4762416  -0.10553481  2.2845395
  0.9964435   1.650735   -0.28192312  0.05784298 -0.17779568 -0.46097812
 -0.10590383  0.13209784  0.4883238  -0.31779507  0.04811873 -0.12752497
  0.09627265 -0.34596834 -0.6395086  -0.39109388  0.12690979  0.2058869
 -0.02322356 -0.31857127  0.02780554  0.12941705]
Features:  ['age' 'education' 'balance' 'day' 'month' 'duration' 'campaign' 'pdays'
 'previous' 'poutcome' 'job_blue' 'job_entrepreneur' 'job_housemaid'
 'job_management' 'job_retired' 'job_self' 'job_services' 'job_student'
 'job_technician' 'job_unemployed' 'job_unknown' 'marital_married'
 'marital_single' 'default_yes' 'housing_yes' 'loan_yes'
 'contact_telephone' 'contact_unknown']
Features length:  28
Weakest precondition size  28

Checking precondition violation:   0%|          | 0/28 [00:00<?, ?it/s]
Checking precondition violation: 100%|| 28/28 [00:00<00:00, 364.07it/s]
