Number of layers in the model: 3
Layer: dense
Layer: dense_1
Layer: dense_2
Number of selected layers in the model: 3
#weights: 3 | #biases: 3 | #N: 3 | #Gamma: 3
W_ 1 : [[ 0.09601949  0.25393265 -0.23342448 ...  0.13022347  0.2519055
   0.23349743]
 [-0.18892421  0.21600442  0.02591249 ...  0.00343931  0.03499576
   0.17743762]
 [-0.0216283  -0.07718855  0.19735914 ... -0.119084    0.02815541
   0.25658047]
 ...
 [-0.0239137   0.23352171  0.05572223 ...  0.2588477  -0.00188182
   0.11654837]
 [ 0.23312314  0.0144831  -0.21215954 ...  0.20411706  0.24596281
   0.05005027]
 [-0.05090383  0.11282308  0.11250143 ... -0.31760356  0.01784543
   0.24115615]]
W_ 2 : [[ 0.20475005 -0.03062016  0.0714611  ...  0.01763638  0.07241904
  -0.12551363]
 [-0.08695629 -0.35731095 -0.02990035 ... -0.24890885 -0.26343474
   0.14350261]
 [-0.13157435 -0.12811537 -0.19761187 ... -0.02867009  0.27412245
  -0.10505041]
 ...
 [ 0.15920314 -0.25840536  0.24978434 ... -0.01697136 -0.12209556
  -0.06720028]
 [-0.1603048  -0.05953748 -0.10982354 ... -0.02486215 -0.2994134
  -0.12318444]
 [ 0.19075815  0.38033006  0.27799243 ... -0.0798113  -0.12564038
   0.2346708 ]]
W_ 3 : [[-0.28777102]
 [-0.47797588]
 [ 0.35415292]
 [-0.00817356]
 [-0.28232315]
 [ 0.05934085]
 [ 0.02907613]
 [-0.7336438 ]
 [-0.02009674]
 [ 0.17406704]
 [ 0.45894268]
 [-0.04980913]
 [-0.14285001]
 [-0.22078538]
 [ 0.38436475]
 [ 0.31604967]
 [ 0.2969938 ]
 [-0.6224943 ]
 [-0.18861939]
 [ 0.16468471]
 [ 0.03230796]
 [-0.08921834]]
B_ 1 : [ 0.06520399 -0.01285416 -0.03483852 -0.01341593 -0.10586316 -0.08533749
  0.03301572  0.12597215  0.05254912 -0.01379014  0.12659319  0.08690637
  0.07112645 -0.0654351  -0.0406028   0.00842076  0.00692292  0.06257224
 -0.11674242 -0.1508641   0.03801435  0.03699616 -0.02565905  0.07191459
 -0.02341316 -0.0630269   0.07923021  0.01391067  0.1795517   0.03426861
  0.00338356  0.07204617  0.03398581  0.05563854 -0.09980765  0.04239013
 -0.01935898  0.09725952 -0.02271495  0.14068578 -0.04372894  0.06862683
 -0.02295347 -0.00975761  0.10675256  0.15330754  0.04360369  0.13733473
 -0.12819365  0.01909265]
B_ 2 : [ 0.08706195  0.08174365 -0.03629132 -0.01872614  0.05361526 -0.16253988
 -0.002075    0.25853014  0.         -0.14984377 -0.10467075 -0.01629974
  0.02351114  0.04263825 -0.10246304 -0.22272073 -0.06302696  0.11943131
  0.00758266 -0.2001087  -0.0069663  -0.01695766]
B_ 3 : [-0.65854317]
Activation function of layer_a 1 : tanh
Activation function of layer_a 2 : relu
Activation function of layer_a 3 : tanh
Gamma_ 1 : [[-0.04725942 -0.09899025  0.05952954 ...  0.01229063  0.05876477
  -0.01633066]
 [ 0.43499714  0.18288231 -0.09045665 ...  0.11739846  0.09359062
   0.12140641]
 [-0.1120915  -0.09428135  0.06409092 ...  0.09167039 -0.2533586
   0.0240051 ]
 ...
 [ 0.11485196  0.05050464 -0.17299335 ...  0.01026133  0.13398114
  -0.5907116 ]
 [ 0.13946937  0.03015601  0.02028581 ...  0.0591918   0.34280622
   0.19194153]
 [ 0.02965703 -0.02552461  0.2283214  ...  0.14283206  0.06796438
   0.38954338]]
Gamma_ 2 : [[ 1.6602864  -1.3661906  -0.85158175 ...  0.2595411  -1.4964081
   1.805947  ]
 [-1.5242865  -0.0195353  -0.9262532  ...  0.10814049 -0.87990135
  -1.3288693 ]
 [ 1.0960581  -0.6176057  -0.3960926  ... -0.40940478 -0.18702786
  -1.0692221 ]
 ...
 [ 1.3059016  -0.46544433  0.179349   ... -0.52233064 -0.7191117
  -1.1261578 ]
 [ 0.4162794   0.79854786 -1.0368135  ...  0.5037883  -2.2733831
   1.6618769 ]
 [-0.35657704 -0.3772856  -1.0936029  ... -0.51987374 -1.560286
  -0.7258147 ]]
Gamma_ 3 : [[-2.0238080e+00  3.0093786e-01  2.5308979e-01  2.2355892e+01
   3.6222329e+00  1.7830177e+01  6.4001846e+01  6.6326320e-01
  -3.9384274e+01  7.2739282e+00  2.8126154e+00 -3.5817657e+01
  -4.9688444e+00 -1.7656089e+00  4.4930482e-01  1.4174895e+00
  -1.9627106e+00 -3.7459746e-02  5.9949875e-02 -2.9693818e+00
  -2.3024728e+00 -1.1710205e+00]]
X_ 1 postcondition: >= 0.75
[-0.03309643  0.01643827 -0.14727564  0.02583713 -0.06763588 -0.07920317
 -0.0938904  -0.02691201 -0.02816811 -0.02727541  0.00213223 -0.14006482
  0.0209894  -0.18324642 -0.02843122 -0.05518349 -0.11857251 -0.13227573
  0.0818336  -0.02280956 -0.02215044  0.06956758]
X_ 1 postcondition: <= 0.75
[-0.03309643  0.01643827 -0.14727564  0.02583713 -0.06763588 -0.07920317
 -0.0938904  -0.02691201 -0.02816811 -0.02727541  0.00213223 -0.14006482
  0.0209894  -0.18324642 -0.02843122 -0.05518349 -0.11857251 -0.13227573
  0.0818336  -0.02280956 -0.02215044  0.06956758]
X_ 1 postcondition: > 0.75
[-0.03309643  0.01643827 -0.14727564  0.02583713 -0.06763588 -0.07920317
 -0.0938904  -0.02691201 -0.02816811 -0.02727541  0.00213223 -0.14006482
  0.0209894  -0.18324642 -0.02843122 -0.05518349 -0.11857251 -0.13227573
  0.0818336  -0.02280956 -0.02215044  0.06956758]
X_ 1 postcondition: < 0.75
[-0.03309643  0.01643827 -0.14727564  0.02583713 -0.06763588 -0.07920317
 -0.0938904  -0.02691201 -0.02816811 -0.02727541  0.00213223 -0.14006482
  0.0209894  -0.18324642 -0.02843122 -0.05518349 -0.11857251 -0.13227573
  0.0818336  -0.02280956 -0.02215044  0.06956758]
X_ 1 postcondition: == 0.75
[-0.03309643  0.01643827 -0.14727564  0.02583713 -0.06763588 -0.07920317
 -0.0938904  -0.02691201 -0.02816811 -0.02727541  0.00213223 -0.14006482
  0.0209894  -0.18324642 -0.02843122 -0.05518349 -0.11857251 -0.13227573
  0.0818336  -0.02280956 -0.02215044  0.06956758]
X_ 1 postcondition: != 0.75
[-0.03309643  0.01643827 -0.14727564  0.02583713 -0.06763588 -0.07920317
 -0.0938904  -0.02691201 -0.02816811 -0.02727541  0.00213223 -0.14006482
  0.0209894  -0.18324642 -0.02843122 -0.05518349 -0.11857251 -0.13227573
  0.0818336  -0.02280956 -0.02215044  0.06956758]
X_ 1 postcondition: >= 0.9
[-0.03971571  0.01972592 -0.17673078  0.03100456 -0.08116305 -0.09504381
 -0.11266847 -0.0322944  -0.03380173 -0.03273049  0.00255867 -0.16807777
  0.02518728 -0.2198957  -0.03411745 -0.06622018 -0.142287   -0.15873086
  0.09820032 -0.02737148 -0.0265805   0.0834811 ]
X_ 1 postcondition: <= 0.9
[-0.03971571  0.01972592 -0.17673078  0.03100456 -0.08116305 -0.09504381
 -0.11266847 -0.0322944  -0.03380173 -0.03273049  0.00255867 -0.16807777
  0.02518728 -0.2198957  -0.03411745 -0.06622018 -0.142287   -0.15873086
  0.09820032 -0.02737148 -0.0265805   0.0834811 ]
X_ 1 postcondition: > 0.9
[-0.03971571  0.01972592 -0.17673078  0.03100456 -0.08116305 -0.09504381
 -0.11266847 -0.0322944  -0.03380173 -0.03273049  0.00255867 -0.16807777
  0.02518728 -0.2198957  -0.03411745 -0.06622018 -0.142287   -0.15873086
  0.09820032 -0.02737148 -0.0265805   0.0834811 ]
X_ 1 postcondition: < 0.9
[-0.03971571  0.01972592 -0.17673078  0.03100456 -0.08116305 -0.09504381
 -0.11266847 -0.0322944  -0.03380173 -0.03273049  0.00255867 -0.16807777
  0.02518728 -0.2198957  -0.03411745 -0.06622018 -0.142287   -0.15873086
  0.09820032 -0.02737148 -0.0265805   0.0834811 ]
X_ 1 postcondition: == 0.9
[-0.03971571  0.01972592 -0.17673078  0.03100456 -0.08116305 -0.09504381
 -0.11266847 -0.0322944  -0.03380173 -0.03273049  0.00255867 -0.16807777
  0.02518728 -0.2198957  -0.03411745 -0.06622018 -0.142287   -0.15873086
  0.09820032 -0.02737148 -0.0265805   0.0834811 ]
X_ 1 postcondition: != 0.9
[-0.03971571  0.01972592 -0.17673078  0.03100456 -0.08116305 -0.09504381
 -0.11266847 -0.0322944  -0.03380173 -0.03273049  0.00255867 -0.16807777
  0.02518728 -0.2198957  -0.03411745 -0.06622018 -0.142287   -0.15873086
  0.09820032 -0.02737148 -0.0265805   0.0834811 ]
X_ 1 postcondition: >= 0.95
[-0.04192213  0.02082181 -0.18654916  0.03272702 -0.08567213 -0.100324
 -0.11892783 -0.03408854 -0.03567961 -0.03454886  0.00270084 -0.17741543
  0.02658656 -0.23211215 -0.03601285 -0.06989908 -0.15019184 -0.16754924
  0.10365588 -0.02889211 -0.02805722  0.08811894]
X_ 1 postcondition: <= 0.95
[-0.04192213  0.02082181 -0.18654916  0.03272702 -0.08567213 -0.100324
 -0.11892783 -0.03408854 -0.03567961 -0.03454886  0.00270084 -0.17741543
  0.02658656 -0.23211215 -0.03601285 -0.06989908 -0.15019184 -0.16754924
  0.10365588 -0.02889211 -0.02805722  0.08811894]
X_ 1 postcondition: > 0.95
[-0.04192213  0.02082181 -0.18654916  0.03272702 -0.08567213 -0.100324
 -0.11892783 -0.03408854 -0.03567961 -0.03454886  0.00270084 -0.17741543
  0.02658656 -0.23211215 -0.03601285 -0.06989908 -0.15019184 -0.16754924
  0.10365588 -0.02889211 -0.02805722  0.08811894]
X_ 1 postcondition: < 0.95
[-0.04192213  0.02082181 -0.18654916  0.03272702 -0.08567213 -0.100324
 -0.11892783 -0.03408854 -0.03567961 -0.03454886  0.00270084 -0.17741543
  0.02658656 -0.23211215 -0.03601285 -0.06989908 -0.15019184 -0.16754924
  0.10365588 -0.02889211 -0.02805722  0.08811894]
X_ 1 postcondition: == 0.95
[-0.04192213  0.02082181 -0.18654916  0.03272702 -0.08567213 -0.100324
 -0.11892783 -0.03408854 -0.03567961 -0.03454886  0.00270084 -0.17741543
  0.02658656 -0.23211215 -0.03601285 -0.06989908 -0.15019184 -0.16754924
  0.10365588 -0.02889211 -0.02805722  0.08811894]
X_ 1 postcondition: != 0.95
[-0.04192213  0.02082181 -0.18654916  0.03272702 -0.08567213 -0.100324
 -0.11892783 -0.03408854 -0.03567961 -0.03454886  0.00270084 -0.17741543
  0.02658656 -0.23211215 -0.03601285 -0.06989908 -0.15019184 -0.16754924
  0.10365588 -0.02889211 -0.02805722  0.08811894]
X_ 1 postcondition: >= 0.99
[-0.04368727  0.02169852 -0.19440387  0.03410501 -0.08927936 -0.10454817
 -0.12393533 -0.03552385 -0.03718191 -0.03600355  0.00281455 -0.18488555
  0.027706   -0.24188532 -0.0375292  -0.07284221 -0.1565157  -0.17460394
  0.10802035 -0.03010863 -0.02923854  0.09182923]
X_ 1 postcondition: <= 0.99
[-0.04368727  0.02169852 -0.19440387  0.03410501 -0.08927936 -0.10454817
 -0.12393533 -0.03552385 -0.03718191 -0.03600355  0.00281455 -0.18488555
  0.027706   -0.24188532 -0.0375292  -0.07284221 -0.1565157  -0.17460394
  0.10802035 -0.03010863 -0.02923854  0.09182923]
X_ 1 postcondition: > 0.99
[-0.04368727  0.02169852 -0.19440387  0.03410501 -0.08927936 -0.10454817
 -0.12393533 -0.03552385 -0.03718191 -0.03600355  0.00281455 -0.18488555
  0.027706   -0.24188532 -0.0375292  -0.07284221 -0.1565157  -0.17460394
  0.10802035 -0.03010863 -0.02923854  0.09182923]
X_ 1 postcondition: < 0.99
[-0.04368727  0.02169852 -0.19440387  0.03410501 -0.08927936 -0.10454817
 -0.12393533 -0.03552385 -0.03718191 -0.03600355  0.00281455 -0.18488555
  0.027706   -0.24188532 -0.0375292  -0.07284221 -0.1565157  -0.17460394
  0.10802035 -0.03010863 -0.02923854  0.09182923]
X_ 1 postcondition: == 0.99
[-0.04368727  0.02169852 -0.19440387  0.03410501 -0.08927936 -0.10454817
 -0.12393533 -0.03552385 -0.03718191 -0.03600355  0.00281455 -0.18488555
  0.027706   -0.24188532 -0.0375292  -0.07284221 -0.1565157  -0.17460394
  0.10802035 -0.03010863 -0.02923854  0.09182923]
X_ 1 postcondition: != 0.99
[-0.04368727  0.02169852 -0.19440387  0.03410501 -0.08927936 -0.10454817
 -0.12393533 -0.03552385 -0.03718191 -0.03600355  0.00281455 -0.18488555
  0.027706   -0.24188532 -0.0375292  -0.07284221 -0.1565157  -0.17460394
  0.10802035 -0.03010863 -0.02923854  0.09182923]
X_ 2 postcondition: >= 0.75
[ 0.0148055  -0.3414213   0.39239237  0.24522968  0.18855353  0.04527655
  0.30535275 -0.34859174  0.00168614  0.08768783 -0.68887657 -0.28142035
  0.06003957  0.4485883  -0.1482971  -0.17308214  0.43241885 -0.49410936
  0.07980915  0.22313498  0.3124966  -0.5442654   0.34891972 -0.23778194
  0.18405405 -0.03151463 -0.37871602 -0.3350705  -0.13829522  0.4113048
 -0.43274996 -0.12375752 -0.409306   -0.23286006  0.4515616  -0.17245029
 -0.2947403  -0.01341402  0.22933754 -0.26984864  0.24572776 -0.60475385
  1.4687501  -0.08937918  0.3012553   0.18297419 -0.95991826 -0.06808934
  0.3286234  -0.3927501 ]
X_ 2 postcondition: <= 0.75
[ 0.0148055  -0.3414213   0.39239237  0.24522968  0.18855353  0.04527655
  0.30535275 -0.34859174  0.00168614  0.08768783 -0.68887657 -0.28142035
  0.06003957  0.4485883  -0.1482971  -0.17308214  0.43241885 -0.49410936
  0.07980915  0.22313498  0.3124966  -0.5442654   0.34891972 -0.23778194
  0.18405405 -0.03151463 -0.37871602 -0.3350705  -0.13829522  0.4113048
 -0.43274996 -0.12375752 -0.409306   -0.23286006  0.4515616  -0.17245029
 -0.2947403  -0.01341402  0.22933754 -0.26984864  0.24572776 -0.60475385
  1.4687501  -0.08937918  0.3012553   0.18297419 -0.95991826 -0.06808934
  0.3286234  -0.3927501 ]
X_ 2 postcondition: > 0.75
[ 0.0148055  -0.3414213   0.39239237  0.24522968  0.18855353  0.04527655
  0.30535275 -0.34859174  0.00168614  0.08768783 -0.68887657 -0.28142035
  0.06003957  0.4485883  -0.1482971  -0.17308214  0.43241885 -0.49410936
  0.07980915  0.22313498  0.3124966  -0.5442654   0.34891972 -0.23778194
  0.18405405 -0.03151463 -0.37871602 -0.3350705  -0.13829522  0.4113048
 -0.43274996 -0.12375752 -0.409306   -0.23286006  0.4515616  -0.17245029
 -0.2947403  -0.01341402  0.22933754 -0.26984864  0.24572776 -0.60475385
  1.4687501  -0.08937918  0.3012553   0.18297419 -0.95991826 -0.06808934
  0.3286234  -0.3927501 ]
X_ 2 postcondition: < 0.75
[ 0.0148055  -0.3414213   0.39239237  0.24522968  0.18855353  0.04527655
  0.30535275 -0.34859174  0.00168614  0.08768783 -0.68887657 -0.28142035
  0.06003957  0.4485883  -0.1482971  -0.17308214  0.43241885 -0.49410936
  0.07980915  0.22313498  0.3124966  -0.5442654   0.34891972 -0.23778194
  0.18405405 -0.03151463 -0.37871602 -0.3350705  -0.13829522  0.4113048
 -0.43274996 -0.12375752 -0.409306   -0.23286006  0.4515616  -0.17245029
 -0.2947403  -0.01341402  0.22933754 -0.26984864  0.24572776 -0.60475385
  1.4687501  -0.08937918  0.3012553   0.18297419 -0.95991826 -0.06808934
  0.3286234  -0.3927501 ]
X_ 2 postcondition: == 0.75
[ 0.0148055  -0.3414213   0.39239237  0.24522968  0.18855353  0.04527655
  0.30535275 -0.34859174  0.00168614  0.08768783 -0.68887657 -0.28142035
  0.06003957  0.4485883  -0.1482971  -0.17308214  0.43241885 -0.49410936
  0.07980915  0.22313498  0.3124966  -0.5442654   0.34891972 -0.23778194
  0.18405405 -0.03151463 -0.37871602 -0.3350705  -0.13829522  0.4113048
 -0.43274996 -0.12375752 -0.409306   -0.23286006  0.4515616  -0.17245029
 -0.2947403  -0.01341402  0.22933754 -0.26984864  0.24572776 -0.60475385
  1.4687501  -0.08937918  0.3012553   0.18297419 -0.95991826 -0.06808934
  0.3286234  -0.3927501 ]
X_ 2 postcondition: != 0.75
[ 0.0148055  -0.3414213   0.39239237  0.24522968  0.18855353  0.04527655
  0.30535275 -0.34859174  0.00168614  0.08768783 -0.68887657 -0.28142035
  0.06003957  0.4485883  -0.1482971  -0.17308214  0.43241885 -0.49410936
  0.07980915  0.22313498  0.3124966  -0.5442654   0.34891972 -0.23778194
  0.18405405 -0.03151463 -0.37871602 -0.3350705  -0.13829522  0.4113048
 -0.43274996 -0.12375752 -0.409306   -0.23286006  0.4515616  -0.17245029
 -0.2947403  -0.01341402  0.22933754 -0.26984864  0.24572776 -0.60475385
  1.4687501  -0.08937918  0.3012553   0.18297419 -0.95991826 -0.06808934
  0.3286234  -0.3927501 ]
X_ 2 postcondition: >= 0.9
[ 0.01776653 -0.4097056   0.47087082  0.29427564  0.2262643   0.05433187
  0.36642328 -0.41830996  0.00202336  0.1052254  -0.82665175 -0.33770454
  0.0720475   0.53830594 -0.17795646 -0.20769851  0.5189026  -0.59293133
  0.09577096  0.26776198  0.37499592 -0.6531185   0.4187037  -0.2853383
  0.22086486 -0.03781755 -0.4544593  -0.40208465 -0.16595428  0.49356586
 -0.51930004 -0.14850901 -0.4911672  -0.2794321   0.54187393 -0.20694034
 -0.35368836 -0.01609686  0.275205   -0.32381842  0.29487333 -0.7257046
  1.7625     -0.10725504  0.36150634  0.21956909 -1.151902   -0.08170722
  0.39434803 -0.47130015]
X_ 2 postcondition: <= 0.9
[ 0.01776653 -0.4097056   0.47087082  0.29427564  0.2262643   0.05433187
  0.36642328 -0.41830996  0.00202336  0.1052254  -0.82665175 -0.33770454
  0.0720475   0.53830594 -0.17795646 -0.20769851  0.5189026  -0.59293133
  0.09577096  0.26776198  0.37499592 -0.6531185   0.4187037  -0.2853383
  0.22086486 -0.03781755 -0.4544593  -0.40208465 -0.16595428  0.49356586
 -0.51930004 -0.14850901 -0.4911672  -0.2794321   0.54187393 -0.20694034
 -0.35368836 -0.01609686  0.275205   -0.32381842  0.29487333 -0.7257046
  1.7625     -0.10725504  0.36150634  0.21956909 -1.151902   -0.08170722
  0.39434803 -0.47130015]
X_ 2 postcondition: > 0.9
[ 0.01776653 -0.4097056   0.47087082  0.29427564  0.2262643   0.05433187
  0.36642328 -0.41830996  0.00202336  0.1052254  -0.82665175 -0.33770454
  0.0720475   0.53830594 -0.17795646 -0.20769851  0.5189026  -0.59293133
  0.09577096  0.26776198  0.37499592 -0.6531185   0.4187037  -0.2853383
  0.22086486 -0.03781755 -0.4544593  -0.40208465 -0.16595428  0.49356586
 -0.51930004 -0.14850901 -0.4911672  -0.2794321   0.54187393 -0.20694034
 -0.35368836 -0.01609686  0.275205   -0.32381842  0.29487333 -0.7257046
  1.7625     -0.10725504  0.36150634  0.21956909 -1.151902   -0.08170722
  0.39434803 -0.47130015]
X_ 2 postcondition: < 0.9
[ 0.01776653 -0.4097056   0.47087082  0.29427564  0.2262643   0.05433187
  0.36642328 -0.41830996  0.00202336  0.1052254  -0.82665175 -0.33770454
  0.0720475   0.53830594 -0.17795646 -0.20769851  0.5189026  -0.59293133
  0.09577096  0.26776198  0.37499592 -0.6531185   0.4187037  -0.2853383
  0.22086486 -0.03781755 -0.4544593  -0.40208465 -0.16595428  0.49356586
 -0.51930004 -0.14850901 -0.4911672  -0.2794321   0.54187393 -0.20694034
 -0.35368836 -0.01609686  0.275205   -0.32381842  0.29487333 -0.7257046
  1.7625     -0.10725504  0.36150634  0.21956909 -1.151902   -0.08170722
  0.39434803 -0.47130015]
X_ 2 postcondition: == 0.9
[ 0.01776653 -0.4097056   0.47087082  0.29427564  0.2262643   0.05433187
  0.36642328 -0.41830996  0.00202336  0.1052254  -0.82665175 -0.33770454
  0.0720475   0.53830594 -0.17795646 -0.20769851  0.5189026  -0.59293133
  0.09577096  0.26776198  0.37499592 -0.6531185   0.4187037  -0.2853383
  0.22086486 -0.03781755 -0.4544593  -0.40208465 -0.16595428  0.49356586
 -0.51930004 -0.14850901 -0.4911672  -0.2794321   0.54187393 -0.20694034
 -0.35368836 -0.01609686  0.275205   -0.32381842  0.29487333 -0.7257046
  1.7625     -0.10725504  0.36150634  0.21956909 -1.151902   -0.08170722
  0.39434803 -0.47130015]
X_ 2 postcondition: != 0.9
[ 0.01776653 -0.4097056   0.47087082  0.29427564  0.2262643   0.05433187
  0.36642328 -0.41830996  0.00202336  0.1052254  -0.82665175 -0.33770454
  0.0720475   0.53830594 -0.17795646 -0.20769851  0.5189026  -0.59293133
  0.09577096  0.26776198  0.37499592 -0.6531185   0.4187037  -0.2853383
  0.22086486 -0.03781755 -0.4544593  -0.40208465 -0.16595428  0.49356586
 -0.51930004 -0.14850901 -0.4911672  -0.2794321   0.54187393 -0.20694034
 -0.35368836 -0.01609686  0.275205   -0.32381842  0.29487333 -0.7257046
  1.7625     -0.10725504  0.36150634  0.21956909 -1.151902   -0.08170722
  0.39434803 -0.47130015]
X_ 2 postcondition: >= 0.95
[ 0.01875358 -0.43246704  0.49703026  0.3106243   0.2388345   0.0573503
  0.38678014 -0.44154942  0.00213575  0.11107127 -0.87257683 -0.3564658
  0.0760501   0.5682119  -0.18784294 -0.21923739  0.54773057 -0.62587184
  0.10109156  0.28263763  0.39582896 -0.6894028   0.44196516 -0.30119044
  0.23313513 -0.03991852 -0.479707   -0.42442265 -0.17517394  0.5209862
 -0.54815006 -0.15675953 -0.5184543  -0.2949561   0.5719779  -0.21843702
 -0.37333772 -0.01699107  0.29049423 -0.34180832  0.31125522 -0.76602155
  1.8604164  -0.11321361  0.38159007  0.23176736 -1.2158965  -0.08624648
  0.41625628 -0.49748346]
X_ 2 postcondition: <= 0.95
[ 0.01875358 -0.43246704  0.49703026  0.3106243   0.2388345   0.0573503
  0.38678014 -0.44154942  0.00213575  0.11107127 -0.87257683 -0.3564658
  0.0760501   0.5682119  -0.18784294 -0.21923739  0.54773057 -0.62587184
  0.10109156  0.28263763  0.39582896 -0.6894028   0.44196516 -0.30119044
  0.23313513 -0.03991852 -0.479707   -0.42442265 -0.17517394  0.5209862
 -0.54815006 -0.15675953 -0.5184543  -0.2949561   0.5719779  -0.21843702
 -0.37333772 -0.01699107  0.29049423 -0.34180832  0.31125522 -0.76602155
  1.8604164  -0.11321361  0.38159007  0.23176736 -1.2158965  -0.08624648
  0.41625628 -0.49748346]
X_ 2 postcondition: > 0.95
[ 0.01875358 -0.43246704  0.49703026  0.3106243   0.2388345   0.0573503
  0.38678014 -0.44154942  0.00213575  0.11107127 -0.87257683 -0.3564658
  0.0760501   0.5682119  -0.18784294 -0.21923739  0.54773057 -0.62587184
  0.10109156  0.28263763  0.39582896 -0.6894028   0.44196516 -0.30119044
  0.23313513 -0.03991852 -0.479707   -0.42442265 -0.17517394  0.5209862
 -0.54815006 -0.15675953 -0.5184543  -0.2949561   0.5719779  -0.21843702
 -0.37333772 -0.01699107  0.29049423 -0.34180832  0.31125522 -0.76602155
  1.8604164  -0.11321361  0.38159007  0.23176736 -1.2158965  -0.08624648
  0.41625628 -0.49748346]
X_ 2 postcondition: < 0.95
[ 0.01875358 -0.43246704  0.49703026  0.3106243   0.2388345   0.0573503
  0.38678014 -0.44154942  0.00213575  0.11107127 -0.87257683 -0.3564658
  0.0760501   0.5682119  -0.18784294 -0.21923739  0.54773057 -0.62587184
  0.10109156  0.28263763  0.39582896 -0.6894028   0.44196516 -0.30119044
  0.23313513 -0.03991852 -0.479707   -0.42442265 -0.17517394  0.5209862
 -0.54815006 -0.15675953 -0.5184543  -0.2949561   0.5719779  -0.21843702
 -0.37333772 -0.01699107  0.29049423 -0.34180832  0.31125522 -0.76602155
  1.8604164  -0.11321361  0.38159007  0.23176736 -1.2158965  -0.08624648
  0.41625628 -0.49748346]
X_ 2 postcondition: == 0.95
[ 0.01875358 -0.43246704  0.49703026  0.3106243   0.2388345   0.0573503
  0.38678014 -0.44154942  0.00213575  0.11107127 -0.87257683 -0.3564658
  0.0760501   0.5682119  -0.18784294 -0.21923739  0.54773057 -0.62587184
  0.10109156  0.28263763  0.39582896 -0.6894028   0.44196516 -0.30119044
  0.23313513 -0.03991852 -0.479707   -0.42442265 -0.17517394  0.5209862
 -0.54815006 -0.15675953 -0.5184543  -0.2949561   0.5719779  -0.21843702
 -0.37333772 -0.01699107  0.29049423 -0.34180832  0.31125522 -0.76602155
  1.8604164  -0.11321361  0.38159007  0.23176736 -1.2158965  -0.08624648
  0.41625628 -0.49748346]
X_ 2 postcondition: != 0.95
[ 0.01875358 -0.43246704  0.49703026  0.3106243   0.2388345   0.0573503
  0.38678014 -0.44154942  0.00213575  0.11107127 -0.87257683 -0.3564658
  0.0760501   0.5682119  -0.18784294 -0.21923739  0.54773057 -0.62587184
  0.10109156  0.28263763  0.39582896 -0.6894028   0.44196516 -0.30119044
  0.23313513 -0.03991852 -0.479707   -0.42442265 -0.17517394  0.5209862
 -0.54815006 -0.15675953 -0.5184543  -0.2949561   0.5719779  -0.21843702
 -0.37333772 -0.01699107  0.29049423 -0.34180832  0.31125522 -0.76602155
  1.8604164  -0.11321361  0.38159007  0.23176736 -1.2158965  -0.08624648
  0.41625628 -0.49748346]
X_ 2 postcondition: >= 0.99
[ 0.01954323 -0.4506762   0.5179579   0.32370323  0.2488907   0.05976508
  0.40306562 -0.460141    0.0022257   0.1157479  -0.90931714 -0.37147492
  0.07925225  0.59213656 -0.19575217 -0.22846842  0.5707929  -0.6522243
  0.10534807  0.29453817  0.41249552 -0.7184303   0.46057406 -0.31387213
  0.2429514  -0.04159933 -0.49990517 -0.4422931  -0.18254967  0.54292274
 -0.57123    -0.16335993 -0.5402839  -0.30737534  0.5960611  -0.22763439
 -0.3890572  -0.01770648  0.30272552 -0.35620028  0.3243607  -0.7982751
  1.93875    -0.11798052  0.397657    0.24152602 -1.2670921  -0.08987793
  0.43378285 -0.5184301 ]
X_ 2 postcondition: <= 0.99
[ 0.01954323 -0.4506762   0.5179579   0.32370323  0.2488907   0.05976508
  0.40306562 -0.460141    0.0022257   0.1157479  -0.90931714 -0.37147492
  0.07925225  0.59213656 -0.19575217 -0.22846842  0.5707929  -0.6522243
  0.10534807  0.29453817  0.41249552 -0.7184303   0.46057406 -0.31387213
  0.2429514  -0.04159933 -0.49990517 -0.4422931  -0.18254967  0.54292274
 -0.57123    -0.16335993 -0.5402839  -0.30737534  0.5960611  -0.22763439
 -0.3890572  -0.01770648  0.30272552 -0.35620028  0.3243607  -0.7982751
  1.93875    -0.11798052  0.397657    0.24152602 -1.2670921  -0.08987793
  0.43378285 -0.5184301 ]
X_ 2 postcondition: > 0.99
[ 0.01954323 -0.4506762   0.5179579   0.32370323  0.2488907   0.05976508
  0.40306562 -0.460141    0.0022257   0.1157479  -0.90931714 -0.37147492
  0.07925225  0.59213656 -0.19575217 -0.22846842  0.5707929  -0.6522243
  0.10534807  0.29453817  0.41249552 -0.7184303   0.46057406 -0.31387213
  0.2429514  -0.04159933 -0.49990517 -0.4422931  -0.18254967  0.54292274
 -0.57123    -0.16335993 -0.5402839  -0.30737534  0.5960611  -0.22763439
 -0.3890572  -0.01770648  0.30272552 -0.35620028  0.3243607  -0.7982751
  1.93875    -0.11798052  0.397657    0.24152602 -1.2670921  -0.08987793
  0.43378285 -0.5184301 ]
X_ 2 postcondition: < 0.99
[ 0.01954323 -0.4506762   0.5179579   0.32370323  0.2488907   0.05976508
  0.40306562 -0.460141    0.0022257   0.1157479  -0.90931714 -0.37147492
  0.07925225  0.59213656 -0.19575217 -0.22846842  0.5707929  -0.6522243
  0.10534807  0.29453817  0.41249552 -0.7184303   0.46057406 -0.31387213
  0.2429514  -0.04159933 -0.49990517 -0.4422931  -0.18254967  0.54292274
 -0.57123    -0.16335993 -0.5402839  -0.30737534  0.5960611  -0.22763439
 -0.3890572  -0.01770648  0.30272552 -0.35620028  0.3243607  -0.7982751
  1.93875    -0.11798052  0.397657    0.24152602 -1.2670921  -0.08987793
  0.43378285 -0.5184301 ]
X_ 2 postcondition: == 0.99
[ 0.01954323 -0.4506762   0.5179579   0.32370323  0.2488907   0.05976508
  0.40306562 -0.460141    0.0022257   0.1157479  -0.90931714 -0.37147492
  0.07925225  0.59213656 -0.19575217 -0.22846842  0.5707929  -0.6522243
  0.10534807  0.29453817  0.41249552 -0.7184303   0.46057406 -0.31387213
  0.2429514  -0.04159933 -0.49990517 -0.4422931  -0.18254967  0.54292274
 -0.57123    -0.16335993 -0.5402839  -0.30737534  0.5960611  -0.22763439
 -0.3890572  -0.01770648  0.30272552 -0.35620028  0.3243607  -0.7982751
  1.93875    -0.11798052  0.397657    0.24152602 -1.2670921  -0.08987793
  0.43378285 -0.5184301 ]
X_ 2 postcondition: != 0.99
[ 0.01954323 -0.4506762   0.5179579   0.32370323  0.2488907   0.05976508
  0.40306562 -0.460141    0.0022257   0.1157479  -0.90931714 -0.37147492
  0.07925225  0.59213656 -0.19575217 -0.22846842  0.5707929  -0.6522243
  0.10534807  0.29453817  0.41249552 -0.7184303   0.46057406 -0.31387213
  0.2429514  -0.04159933 -0.49990517 -0.4422931  -0.18254967  0.54292274
 -0.57123    -0.16335993 -0.5402839  -0.30737534  0.5960611  -0.22763439
 -0.3890572  -0.01770648  0.30272552 -0.35620028  0.3243607  -0.7982751
  1.93875    -0.11798052  0.397657    0.24152602 -1.2670921  -0.08987793
  0.43378285 -0.5184301 ]
X_ 3 postcondition: >= 0.75
[-9.9957371e-01  1.4863543e-01  1.2500291e-01  1.1041739e+01
  1.7890476e+00  8.8064566e+00  3.1610985e+01  3.2759058e-01
 -1.9452183e+01  3.5926468e+00  1.3891715e+00 -1.7690605e+01
 -2.4541490e+00 -8.7204731e-01  2.2191496e-01  7.0010853e-01
 -9.6939731e-01 -1.8501645e-02  2.9609686e-02 -1.4665997e+00
 -1.1372082e+00 -5.7837570e-01]
X_ 3 postcondition: <= 0.75
[-9.9957371e-01  1.4863543e-01  1.2500291e-01  1.1041739e+01
  1.7890476e+00  8.8064566e+00  3.1610985e+01  3.2759058e-01
 -1.9452183e+01  3.5926468e+00  1.3891715e+00 -1.7690605e+01
 -2.4541490e+00 -8.7204731e-01  2.2191496e-01  7.0010853e-01
 -9.6939731e-01 -1.8501645e-02  2.9609686e-02 -1.4665997e+00
 -1.1372082e+00 -5.7837570e-01]
X_ 3 postcondition: > 0.75
[-9.9957371e-01  1.4863543e-01  1.2500291e-01  1.1041739e+01
  1.7890476e+00  8.8064566e+00  3.1610985e+01  3.2759058e-01
 -1.9452183e+01  3.5926468e+00  1.3891715e+00 -1.7690605e+01
 -2.4541490e+00 -8.7204731e-01  2.2191496e-01  7.0010853e-01
 -9.6939731e-01 -1.8501645e-02  2.9609686e-02 -1.4665997e+00
 -1.1372082e+00 -5.7837570e-01]
X_ 3 postcondition: < 0.75
[-9.9957371e-01  1.4863543e-01  1.2500291e-01  1.1041739e+01
  1.7890476e+00  8.8064566e+00  3.1610985e+01  3.2759058e-01
 -1.9452183e+01  3.5926468e+00  1.3891715e+00 -1.7690605e+01
 -2.4541490e+00 -8.7204731e-01  2.2191496e-01  7.0010853e-01
 -9.6939731e-01 -1.8501645e-02  2.9609686e-02 -1.4665997e+00
 -1.1372082e+00 -5.7837570e-01]
X_ 3 postcondition: == 0.75
[-9.9957371e-01  1.4863543e-01  1.2500291e-01  1.1041739e+01
  1.7890476e+00  8.8064566e+00  3.1610985e+01  3.2759058e-01
 -1.9452183e+01  3.5926468e+00  1.3891715e+00 -1.7690605e+01
 -2.4541490e+00 -8.7204731e-01  2.2191496e-01  7.0010853e-01
 -9.6939731e-01 -1.8501645e-02  2.9609686e-02 -1.4665997e+00
 -1.1372082e+00 -5.7837570e-01]
X_ 3 postcondition: != 0.75
[-9.9957371e-01  1.4863543e-01  1.2500291e-01  1.1041739e+01
  1.7890476e+00  8.8064566e+00  3.1610985e+01  3.2759058e-01
 -1.9452183e+01  3.5926468e+00  1.3891715e+00 -1.7690605e+01
 -2.4541490e+00 -8.7204731e-01  2.2191496e-01  7.0010853e-01
 -9.6939731e-01 -1.8501645e-02  2.9609686e-02 -1.4665997e+00
 -1.1372082e+00 -5.7837570e-01]
X_ 3 postcondition: >= 0.9
[-1.1994884e+00  1.7836252e-01  1.5000349e-01  1.3250088e+01
  2.1468570e+00  1.0567747e+01  3.7933182e+01  3.9310870e-01
 -2.3342621e+01  4.3111758e+00  1.6670057e+00 -2.1228725e+01
 -2.9449787e+00 -1.0464567e+00  2.6629797e-01  8.4013021e-01
 -1.1632767e+00 -2.2201972e-02  3.5531621e-02 -1.7599195e+00
 -1.3646500e+00 -6.9405079e-01]
X_ 3 postcondition: <= 0.9
[-1.1994884e+00  1.7836252e-01  1.5000349e-01  1.3250088e+01
  2.1468570e+00  1.0567747e+01  3.7933182e+01  3.9310870e-01
 -2.3342621e+01  4.3111758e+00  1.6670057e+00 -2.1228725e+01
 -2.9449787e+00 -1.0464567e+00  2.6629797e-01  8.4013021e-01
 -1.1632767e+00 -2.2201972e-02  3.5531621e-02 -1.7599195e+00
 -1.3646500e+00 -6.9405079e-01]
X_ 3 postcondition: > 0.9
[-1.1994884e+00  1.7836252e-01  1.5000349e-01  1.3250088e+01
  2.1468570e+00  1.0567747e+01  3.7933182e+01  3.9310870e-01
 -2.3342621e+01  4.3111758e+00  1.6670057e+00 -2.1228725e+01
 -2.9449787e+00 -1.0464567e+00  2.6629797e-01  8.4013021e-01
 -1.1632767e+00 -2.2201972e-02  3.5531621e-02 -1.7599195e+00
 -1.3646500e+00 -6.9405079e-01]
X_ 3 postcondition: < 0.9
[-1.1994884e+00  1.7836252e-01  1.5000349e-01  1.3250088e+01
  2.1468570e+00  1.0567747e+01  3.7933182e+01  3.9310870e-01
 -2.3342621e+01  4.3111758e+00  1.6670057e+00 -2.1228725e+01
 -2.9449787e+00 -1.0464567e+00  2.6629797e-01  8.4013021e-01
 -1.1632767e+00 -2.2201972e-02  3.5531621e-02 -1.7599195e+00
 -1.3646500e+00 -6.9405079e-01]
X_ 3 postcondition: == 0.9
[-1.1994884e+00  1.7836252e-01  1.5000349e-01  1.3250088e+01
  2.1468570e+00  1.0567747e+01  3.7933182e+01  3.9310870e-01
 -2.3342621e+01  4.3111758e+00  1.6670057e+00 -2.1228725e+01
 -2.9449787e+00 -1.0464567e+00  2.6629797e-01  8.4013021e-01
 -1.1632767e+00 -2.2201972e-02  3.5531621e-02 -1.7599195e+00
 -1.3646500e+00 -6.9405079e-01]
X_ 3 postcondition: != 0.9
[-1.1994884e+00  1.7836252e-01  1.5000349e-01  1.3250088e+01
  2.1468570e+00  1.0567747e+01  3.7933182e+01  3.9310870e-01
 -2.3342621e+01  4.3111758e+00  1.6670057e+00 -2.1228725e+01
 -2.9449787e+00 -1.0464567e+00  2.6629797e-01  8.4013021e-01
 -1.1632767e+00 -2.2201972e-02  3.5531621e-02 -1.7599195e+00
 -1.3646500e+00 -6.9405079e-01]
X_ 3 postcondition: >= 0.95
[-1.2661266e+00  1.8827154e-01  1.5833701e-01  1.3986204e+01
  2.2661269e+00  1.1154843e+01  4.0040581e+01  4.1494805e-01
 -2.4639431e+01  4.5506859e+00  1.7596172e+00 -2.2408100e+01
 -3.1085887e+00 -1.1045932e+00  2.8109229e-01  8.8680416e-01
 -1.2279031e+00 -2.3435418e-02  3.7505601e-02 -1.8576927e+00
 -1.4404638e+00 -7.3260915e-01]
X_ 3 postcondition: <= 0.95
[-1.2661266e+00  1.8827154e-01  1.5833701e-01  1.3986204e+01
  2.2661269e+00  1.1154843e+01  4.0040581e+01  4.1494805e-01
 -2.4639431e+01  4.5506859e+00  1.7596172e+00 -2.2408100e+01
 -3.1085887e+00 -1.1045932e+00  2.8109229e-01  8.8680416e-01
 -1.2279031e+00 -2.3435418e-02  3.7505601e-02 -1.8576927e+00
 -1.4404638e+00 -7.3260915e-01]
X_ 3 postcondition: > 0.95
[-1.2661266e+00  1.8827154e-01  1.5833701e-01  1.3986204e+01
  2.2661269e+00  1.1154843e+01  4.0040581e+01  4.1494805e-01
 -2.4639431e+01  4.5506859e+00  1.7596172e+00 -2.2408100e+01
 -3.1085887e+00 -1.1045932e+00  2.8109229e-01  8.8680416e-01
 -1.2279031e+00 -2.3435418e-02  3.7505601e-02 -1.8576927e+00
 -1.4404638e+00 -7.3260915e-01]
X_ 3 postcondition: < 0.95
[-1.2661266e+00  1.8827154e-01  1.5833701e-01  1.3986204e+01
  2.2661269e+00  1.1154843e+01  4.0040581e+01  4.1494805e-01
 -2.4639431e+01  4.5506859e+00  1.7596172e+00 -2.2408100e+01
 -3.1085887e+00 -1.1045932e+00  2.8109229e-01  8.8680416e-01
 -1.2279031e+00 -2.3435418e-02  3.7505601e-02 -1.8576927e+00
 -1.4404638e+00 -7.3260915e-01]
X_ 3 postcondition: == 0.95
[-1.2661266e+00  1.8827154e-01  1.5833701e-01  1.3986204e+01
  2.2661269e+00  1.1154843e+01  4.0040581e+01  4.1494805e-01
 -2.4639431e+01  4.5506859e+00  1.7596172e+00 -2.2408100e+01
 -3.1085887e+00 -1.1045932e+00  2.8109229e-01  8.8680416e-01
 -1.2279031e+00 -2.3435418e-02  3.7505601e-02 -1.8576927e+00
 -1.4404638e+00 -7.3260915e-01]
X_ 3 postcondition: != 0.95
[-1.2661266e+00  1.8827154e-01  1.5833701e-01  1.3986204e+01
  2.2661269e+00  1.1154843e+01  4.0040581e+01  4.1494805e-01
 -2.4639431e+01  4.5506859e+00  1.7596172e+00 -2.2408100e+01
 -3.1085887e+00 -1.1045932e+00  2.8109229e-01  8.8680416e-01
 -1.2279031e+00 -2.3435418e-02  3.7505601e-02 -1.8576927e+00
 -1.4404638e+00 -7.3260915e-01]
X_ 3 postcondition: >= 0.99
[-1.3194373e+00  1.9619876e-01  1.6500384e-01  1.4575097e+01
  2.3615429e+00  1.1624522e+01  4.1726498e+01  4.3241957e-01
 -2.5676884e+01  4.7422938e+00  1.8337063e+00 -2.3351599e+01
 -3.2394767e+00 -1.1511024e+00  2.9292774e-01  9.2414325e-01
 -1.2796044e+00 -2.4422172e-02  3.9084785e-02 -1.9359114e+00
 -1.5011150e+00 -7.6345593e-01]
X_ 3 postcondition: <= 0.99
[-1.3194373e+00  1.9619876e-01  1.6500384e-01  1.4575097e+01
  2.3615429e+00  1.1624522e+01  4.1726498e+01  4.3241957e-01
 -2.5676884e+01  4.7422938e+00  1.8337063e+00 -2.3351599e+01
 -3.2394767e+00 -1.1511024e+00  2.9292774e-01  9.2414325e-01
 -1.2796044e+00 -2.4422172e-02  3.9084785e-02 -1.9359114e+00
 -1.5011150e+00 -7.6345593e-01]
X_ 3 postcondition: > 0.99
[-1.3194373e+00  1.9619876e-01  1.6500384e-01  1.4575097e+01
  2.3615429e+00  1.1624522e+01  4.1726498e+01  4.3241957e-01
 -2.5676884e+01  4.7422938e+00  1.8337063e+00 -2.3351599e+01
 -3.2394767e+00 -1.1511024e+00  2.9292774e-01  9.2414325e-01
 -1.2796044e+00 -2.4422172e-02  3.9084785e-02 -1.9359114e+00
 -1.5011150e+00 -7.6345593e-01]
X_ 3 postcondition: < 0.99
[-1.3194373e+00  1.9619876e-01  1.6500384e-01  1.4575097e+01
  2.3615429e+00  1.1624522e+01  4.1726498e+01  4.3241957e-01
 -2.5676884e+01  4.7422938e+00  1.8337063e+00 -2.3351599e+01
 -3.2394767e+00 -1.1511024e+00  2.9292774e-01  9.2414325e-01
 -1.2796044e+00 -2.4422172e-02  3.9084785e-02 -1.9359114e+00
 -1.5011150e+00 -7.6345593e-01]
X_ 3 postcondition: == 0.99
[-1.3194373e+00  1.9619876e-01  1.6500384e-01  1.4575097e+01
  2.3615429e+00  1.1624522e+01  4.1726498e+01  4.3241957e-01
 -2.5676884e+01  4.7422938e+00  1.8337063e+00 -2.3351599e+01
 -3.2394767e+00 -1.1511024e+00  2.9292774e-01  9.2414325e-01
 -1.2796044e+00 -2.4422172e-02  3.9084785e-02 -1.9359114e+00
 -1.5011150e+00 -7.6345593e-01]
X_ 3 postcondition: != 0.99
[-1.3194373e+00  1.9619876e-01  1.6500384e-01  1.4575097e+01
  2.3615429e+00  1.1624522e+01  4.1726498e+01  4.3241957e-01
 -2.5676884e+01  4.7422938e+00  1.8337063e+00 -2.3351599e+01
 -3.2394767e+00 -1.1511024e+00  2.9292774e-01  9.2414325e-01
 -1.2796044e+00 -2.4422172e-02  3.9084785e-02 -1.9359114e+00
 -1.5011150e+00 -7.6345593e-01]
Weakest precondition: [-0.00184447  0.00097025  0.00242832  0.00050759 -0.00223235 -0.00321915
  0.00071199 -0.00528362 -0.00010848  0.0024692  -0.00241057  0.00404248
 -0.0012687   0.00290141  0.00281569  0.00279482 -0.00021052 -0.00030943
 -0.00445309 -0.00147656 -0.0030687  -0.00144475]
Features:  ['Age' 'Job' 'Credit amount' 'Duration' 'Sex_female' 'Sex_male'
 'Housing_free' 'Housing_own' 'Housing_rent' 'Saving accounts_little'
 'Saving accounts_moderate' 'Saving accounts_quite rich'
 'Checking account_little' 'Checking account_moderate'
 'Checking account_rich' 'Purpose_business' 'Purpose_car'
 'Purpose_domestic appliances' 'Purpose_education'
 'Purpose_furniture/equipment' 'Purpose_radio/TV' 'Purpose_repairs']
Features length:  22
Weakest precondition size  22

Checking precondition violation:   0%|          | 0/22 [00:00<?, ?it/s]
Checking precondition violation: 100%|██████████| 22/22 [00:00<00:00, 1442.40it/s]
