Number of layers in the model: 6
Layer: dense
Layer: dense_1
Layer: dense_2
Layer: dense_3
Layer: dense_4
Layer: dense_5
Number of selected layers in the model: 6
#weights: 6 | #biases: 6 | #N: 6 | #Gamma: 6
W_ 1 : [[-0.23263863  0.12449767  0.21784645 ... -0.13983445  0.20496443
  -0.2019122 ]
 [ 0.10303203 -0.00634818 -0.32879454 ...  0.08116619 -0.2217828
   0.15413868]
 [ 0.23427066 -0.20742027  0.03541004 ...  0.07874118 -0.22298165
   0.07486883]
 ...
 [-0.14040197  0.13843746  0.09111206 ... -0.05222515 -0.25915363
  -0.16892076]
 [-0.12025712  0.04985008 -0.1059774  ...  0.03142585 -0.07703117
  -0.22611997]
 [-0.00053264 -0.09768637 -0.00626295 ...  0.06914407 -0.28241774
   0.12197539]]
W_ 2 : [[ 0.14801826 -0.1142475   0.23275605 ... -0.00281099 -0.15239705
  -0.15861829]
 [-0.06629238 -0.13113846 -0.14907704 ... -0.16358018 -0.07542769
  -0.10310142]
 [ 0.22233073 -0.22473246 -0.04771737 ... -0.09611531  0.0724169
  -0.08148759]
 ...
 [ 0.13885197  0.11865207 -0.12174828 ... -0.11194457  0.10464132
   0.03946498]
 [-0.1226274  -0.02623072  0.20638411 ...  0.02903987  0.09031217
   0.17513087]
 [-0.12541781 -0.30520403  0.08465227 ... -0.08409914  0.11031955
  -0.17450087]]
W_ 3 : [[ 7.60124177e-02 -1.67792484e-01  2.16770992e-01  2.01245129e-01
   2.57964373e-01 -2.19266668e-01  7.62457401e-02  1.57920495e-01
   8.30991343e-02 -2.67412126e-01  1.40414938e-01  1.86961338e-01
  -3.24514985e-01 -1.98610857e-01 -6.39610291e-02  6.08888268e-03]
 [-1.19642578e-01  1.37801528e-01  3.55783671e-01  3.76130849e-01
   2.02779785e-01 -7.83321187e-02  5.88104241e-02  8.83784592e-02
   2.85538942e-01 -1.51701001e-02 -6.11880422e-02 -1.95401069e-02
   2.37269074e-01  5.58289774e-02 -1.41709402e-01 -1.63567469e-01]
 [-2.78082579e-01  1.62429027e-02  2.46735811e-01 -2.44555950e-01
  -3.34206849e-01  2.04814315e-01  4.76184525e-02 -2.33335897e-01
  -2.22233489e-01 -1.05439246e-01 -1.09820649e-01  5.40259853e-02
  -1.65951371e-01 -2.46885970e-01  1.91883028e-01  3.05132657e-01]
 [-2.87277512e-02  1.06518418e-01  2.77298726e-02 -6.24106760e-05
   2.26225585e-01  1.91321746e-02 -8.66616592e-02  8.21649432e-02
   2.47766182e-01  1.34361058e-01 -3.12019169e-01 -3.07560176e-01
   7.66725391e-02 -1.17369607e-01  1.30563214e-01 -2.42943782e-02]
 [-2.79396981e-01  2.94931442e-01  1.21673211e-01 -2.40072399e-01
  -8.81819427e-02  4.74356450e-02 -1.55780494e-01 -2.13591874e-01
   2.22789526e-01  1.09150104e-01  2.24595815e-01  3.08027677e-02
   2.50996113e-01  2.20558196e-02  3.41164082e-01  3.22872281e-01]
 [ 2.05836389e-02  9.23243538e-02 -1.29432216e-01  6.35382235e-02
  -6.76713139e-02  9.77031961e-02 -3.75354469e-01  8.34953189e-02
   3.84770520e-02 -1.46312416e-01 -2.00213015e-01 -4.21872944e-01
   9.24999118e-02 -1.95010826e-01  2.56850630e-01 -8.24862346e-02]
 [ 8.94306153e-02 -1.99140519e-01 -5.86682707e-02 -3.28207284e-01
  -3.73553097e-01 -3.27168822e-01  5.69371507e-02  2.62290478e-01
  -9.33294091e-03 -1.20355092e-01 -1.73356518e-01 -4.23223227e-01
   1.87723786e-01  4.36260477e-02 -2.87745565e-01  1.32780448e-01]
 [ 4.76497188e-02  6.20266870e-02  2.51666963e-01  6.08670823e-02
  -8.91168192e-02 -6.21920750e-02  1.36457160e-01 -1.39855534e-01
   4.05175447e-01 -1.41363800e-01  6.63680807e-02  1.57626837e-01
   7.19958842e-02 -4.66575384e-01  4.44466248e-02 -8.10375214e-02]
 [-5.31612933e-02  2.70250067e-02 -1.85598105e-01  6.05011322e-02
   7.94459432e-02 -3.89603198e-01  8.41680467e-02 -6.91479966e-02
   1.40913457e-01 -6.62123039e-02 -4.16080654e-02 -1.52034029e-01
  -2.52245754e-01 -3.46603662e-01  3.73423547e-02  2.84847498e-01]
 [-3.51807028e-01  4.41987477e-02  6.76447898e-02 -2.22133070e-01
   1.20694965e-01 -4.26124930e-01  1.54745905e-02  8.26793164e-02
  -8.68831947e-02  2.37826303e-01  1.91572085e-01 -3.29910487e-01
   8.55368301e-02  9.04292166e-02  1.33369237e-01 -3.94474089e-01]
 [ 8.23781341e-02 -1.44445926e-01 -2.35954095e-02 -5.97909875e-02
  -1.02573343e-01  2.68223472e-02  2.24185139e-01  2.58143842e-01
   2.93502152e-01 -7.12452605e-02  1.60818875e-01 -5.63871441e-03
   8.50922763e-02 -1.90545432e-03  2.71193609e-02 -1.25091612e-01]
 [ 9.69893113e-02  2.23188847e-01  8.61824900e-02 -1.94559038e-01
  -3.40931490e-02 -4.81676571e-02  1.16353013e-01  2.22271103e-02
   1.78924367e-01 -4.21501882e-02  7.90582597e-02 -2.24353090e-01
   7.93554038e-02  3.92338485e-02  2.34846860e-01 -1.80674627e-01]
 [ 1.43956438e-01  2.33069107e-01  3.40936244e-01  2.99773067e-01
   1.29113555e-01  4.41310443e-02 -8.70924741e-02 -1.62657008e-01
  -5.32627665e-02 -1.80834159e-02  1.48281157e-01  1.57552406e-01
   3.47931713e-01 -2.73449898e-01 -6.72868788e-02 -4.63491321e-01]
 [-3.18295546e-02  1.98300138e-01 -1.92063197e-01 -3.23266909e-02
   5.56288771e-02 -1.12283621e-02 -1.74291655e-01 -1.31284133e-01
  -1.79827195e-02  9.62077156e-02  1.68960080e-01 -5.04441708e-02
   2.29105651e-01  3.80560428e-01 -2.36237824e-01 -4.10306573e-01]
 [-7.70596191e-02 -3.65952164e-01 -1.00448526e-01 -2.22173646e-01
  -2.00612038e-01 -3.79351228e-01 -2.56325640e-02  9.11519378e-02
   7.93472677e-02 -1.30851835e-01 -8.68292674e-02  4.95160930e-02
  -4.96108085e-02  3.54094952e-02  9.49918851e-02  4.29182351e-02]
 [ 4.02860716e-02 -3.39173190e-02  1.44488830e-02 -3.56331736e-01
  -2.66460240e-01 -1.90540254e-02 -1.93832442e-02 -3.49034299e-03
   2.22994402e-01 -1.19535565e-01  2.31810138e-01  3.15332487e-02
   5.30750751e-02 -4.56188768e-02  1.20119467e-01 -3.03014189e-01]
 [ 1.02620013e-01 -1.36134207e-01  1.16644815e-01 -1.39134288e-01
  -3.60648125e-01  5.00090010e-02  2.77055502e-01  1.86694339e-01
   4.52953547e-01  1.14245430e-01  2.27339827e-02  3.74602586e-01
   3.13522249e-01  1.41289458e-01  1.52810052e-01  1.24060661e-02]
 [ 5.02497032e-02 -9.94838178e-02 -8.64885673e-02 -3.09655696e-01
   3.15509349e-01 -6.36710897e-02  1.40769437e-01  4.53592777e-01
   2.27870569e-01 -1.52135178e-01  3.73694181e-01  2.20292673e-01
   4.45294559e-01 -3.54633629e-01 -4.11361992e-01  9.18643475e-02]
 [ 7.70834386e-02 -1.71389550e-01 -1.03990115e-01 -2.10249782e-01
   1.67553887e-01 -2.50311613e-01 -8.76728669e-02 -2.02865154e-01
   1.05755448e-01 -2.79535204e-01 -7.50567988e-02 -1.24028482e-01
   3.03783834e-01 -1.85423017e-01  3.40527738e-04 -9.11565274e-02]
 [-2.79045403e-01 -6.19068369e-02  1.41628280e-01 -6.17932975e-02
   1.62893057e-01  3.35882604e-01  4.22422469e-01  2.04747647e-01
   4.87493686e-02 -2.58640051e-01  1.57758623e-01  2.13571757e-01
   2.92299464e-02  1.37609720e-01 -1.32734835e-01 -2.46996790e-01]
 [ 1.20694764e-01  1.04304604e-01  7.15950727e-02  1.04558475e-01
   1.94136083e-01 -2.58549117e-02  1.82823807e-01 -2.28441224e-01
  -3.08643073e-01 -1.30233854e-01 -1.37470916e-01 -1.07096747e-01
   2.28840396e-01 -1.52422577e-01 -1.75056368e-01  1.40145540e-01]
 [ 1.63909957e-01  1.00940518e-01 -3.19036007e-01  3.32472354e-01
  -2.42722332e-01 -8.20743740e-02 -1.98305860e-01 -1.86473522e-02
   2.67249078e-01  1.22576937e-01  8.98239091e-02 -3.67640927e-02
  -1.04891472e-01  1.38984635e-01  1.60942405e-01 -1.95299968e-01]
 [-2.84409195e-01  1.38541356e-01  3.90653372e-01  1.92435697e-01
   3.61320585e-01 -1.62154987e-01 -1.40812770e-01  2.55200803e-01
   2.60723352e-01  1.06890395e-01 -2.64876559e-02  3.23149585e-03
  -7.07440153e-02 -3.73956949e-01  2.20395222e-01  1.00763692e-02]
 [ 4.01163965e-01 -3.42464775e-01  2.20378950e-01 -2.60650665e-01
   3.05585355e-01  1.82458788e-01 -1.64197102e-01 -1.95019379e-01
   2.52573878e-01 -1.17545821e-01 -6.84007779e-02  1.71941683e-01
   3.29216748e-01 -2.55573183e-01 -3.43871005e-02 -2.19215214e-01]
 [-8.22168440e-02  1.57869622e-01 -1.51638716e-01 -1.17567152e-01
   1.10399537e-01  2.07235634e-01 -4.33599204e-01 -1.87169552e-01
  -2.22636625e-01 -3.58413998e-03 -1.45572918e-02  3.70519072e-01
   4.56803143e-02 -3.36656690e-01  1.78424805e-01 -2.75133371e-01]
 [ 6.77511096e-02 -6.08721524e-02 -3.16575646e-01 -8.25421698e-03
  -2.28251494e-03 -2.10947827e-01 -6.15047775e-02 -8.26992914e-02
  -2.25223050e-01 -1.03846028e-01  3.02195907e-01  3.52051079e-01
   1.12062857e-01  1.52210847e-01  7.57610947e-02  5.83140515e-02]
 [ 1.27027050e-01 -3.61745991e-02 -7.57194683e-02 -4.41937476e-01
  -1.79417193e-01  2.57765740e-01 -1.63200110e-01  3.12748998e-01
  -2.67704934e-01 -2.48488471e-01  1.64745569e-01 -1.89277291e-01
  -3.32870185e-01  2.20197923e-02 -1.23365998e-01 -4.35517102e-01]
 [ 2.05446780e-01 -3.51388566e-02  1.11136138e-01 -2.08091557e-01
   1.81937031e-02  1.94517881e-01  3.24770927e-01 -3.52178693e-01
  -5.10118492e-02  2.42594570e-01 -8.62477049e-02  9.40220207e-02
   7.78537244e-02  7.03408867e-02  1.20514520e-01 -7.04615265e-02]
 [ 3.06735158e-01  9.55903307e-02 -1.22909382e-01  4.50438827e-01
  -2.17840925e-01 -6.52542189e-02 -3.21761847e-01  9.41856727e-02
   1.19795300e-01 -5.67834675e-02  3.60610336e-01 -2.97469944e-01
  -1.74264282e-01  1.49912030e-01 -3.39775801e-01  3.43563080e-01]
 [ 9.77463275e-02  2.52579838e-01  4.42795455e-01 -1.71004012e-01
   3.52911770e-01  1.21070795e-01  6.05695602e-03 -8.66298899e-02
   1.34228289e-01 -2.42092405e-02  6.04073294e-02  3.85321558e-01
   1.52001306e-01  9.69402585e-03  5.20923696e-02  8.58632848e-02]
 [-4.23667766e-02  2.64909208e-01 -1.75486192e-01  1.68983072e-01
   2.55150914e-01  4.39315178e-02  3.92897457e-01 -1.33950682e-02
   1.05542138e-01 -5.11997892e-03 -8.67192820e-02 -2.15338230e-01
   9.29937065e-02  1.62638113e-01 -1.80212840e-01  4.53188233e-02]
 [ 1.36571079e-01  9.81077701e-02 -7.87074119e-02  2.36509264e-01
   4.11640227e-01 -1.57986715e-01 -2.72155851e-01  7.07636923e-02
   3.36641669e-01  8.33300948e-02 -1.30394340e-01  3.91754299e-01
  -1.61067322e-01  3.49947453e-01  1.67716384e-01  3.64127941e-02]]
W_ 4 : [[ 0.05248672 -0.06452683 -0.6463776   0.08873586 -0.2914235  -0.23268498
  -0.09975524  0.04515873]
 [-0.3011116  -0.4037603  -0.18229921  0.48804918 -0.11306545 -0.37917772
  -0.22018734 -0.38938463]
 [ 0.37948105 -0.04285337 -0.08000332 -0.36285028  0.17341125  0.35692427
   0.585169    0.5098158 ]
 [ 0.10709939 -0.2762274   0.00099204 -0.59990495 -0.29018414 -0.11062548
   0.12844503 -0.24546279]
 [-0.28504503  0.0080341   0.12196989  0.280749   -0.32977632  0.11999977
   0.44004598 -0.18778549]
 [-0.09911785 -0.09732322  0.05178944 -0.20759283  0.5435532  -0.07639271
  -0.11196707  0.01205964]
 [ 0.05408451  0.44024456  0.05711617 -0.11841653  0.5185432  -0.15053135
  -0.26972127 -0.37693375]
 [-0.14973186  0.20080619  0.41403058 -0.15058418 -0.01931067 -0.27423996
  -0.3257189   0.3095552 ]
 [-0.08806089 -0.00717446  0.09450278  0.16539572  0.67324024 -0.43694955
   0.25811505  0.34636772]
 [ 0.06013759 -0.15744866  0.06182839 -0.15697773  0.62310636  0.15910517
   0.04211178 -0.56642693]
 [-0.19198161  0.33254993 -0.2084982   0.254714    0.24400298  0.0370568
  -0.04168013 -0.35906503]
 [-0.10428043  0.03908927 -0.20780224  0.11871645  0.05106144 -0.01769852
  -0.2892447  -0.2500208 ]
 [ 0.14322512  0.6164682   0.0813685  -0.16121396  0.3240431   0.00969198
  -0.24835797  0.11200147]
 [ 0.15667208 -0.06765631  0.21428312  0.17314038 -0.0466285   0.10756536
  -0.08810798  0.08364087]
 [-0.27695668 -0.01239849 -0.25981557  0.24008939 -0.00710153 -0.2510119
   0.18847103  0.300748  ]
 [-0.41477597 -0.109903    0.1561265   0.47231433 -0.12669928 -0.42600647
  -0.04492455 -0.6051251 ]]
W_ 5 : [[ 0.32055238 -0.53711313  0.19197597  0.4452991 ]
 [-0.12083675  0.2414551   0.2678287   0.12294503]
 [-0.06954292 -0.58864427 -0.80879766 -0.43328676]
 [ 0.35022086  0.20627303 -0.00892279 -0.5211323 ]
 [-0.33632722  0.7383316   0.8859216  -0.2053824 ]
 [-0.66470176  0.42742857 -0.5513839  -0.33058727]
 [-0.10928223  0.14332585 -0.24007747 -0.19159706]
 [ 0.2886135   0.30808264 -0.21396817  0.25454327]]
W_ 6 : [[ 0.8437785 ]
 [-0.77435756]
 [-0.5974163 ]
 [-0.2405985 ]]
B_ 1 : [-6.62855133e-02  3.14997160e-05 -1.69113707e-02  0.00000000e+00
  9.05234814e-02  3.96972857e-02  4.70230449e-03  1.77706461e-02
 -1.72482990e-03 -1.00216225e-01 -2.01324522e-02 -2.88726594e-02
 -1.04074990e-02  1.04554798e-02 -1.84829980e-02  8.42734799e-03
  4.38644662e-02  3.38173881e-02  3.66441198e-02  5.54820802e-03
  1.14569096e-02 -1.97867956e-02  1.88288391e-02  5.30984700e-02
  7.31816888e-03 -2.42185071e-02 -6.24403264e-03  2.03573350e-02
  9.32922587e-03 -2.35853950e-03 -1.92795612e-03  2.03742390e-03
 -1.60340965e-02  3.30387577e-02 -4.05287603e-03 -1.15870405e-02
  8.42428941e-04 -3.03872414e-02  1.40210730e-03 -1.91997588e-02
 -1.22048873e-02 -3.94773744e-02  2.12668022e-03  5.81558852e-04
  0.00000000e+00  1.49714053e-02  1.45046860e-02 -4.58069285e-03
  3.99079286e-02  1.91789269e-02  1.47183891e-03  3.21426392e-02
 -2.39984388e-03 -1.00977188e-02 -6.40306715e-03  5.41615998e-03
  1.90107804e-02 -1.38494363e-02 -3.34801190e-02 -4.24977243e-02
  4.08896478e-03  3.02513577e-02 -9.12559126e-03  9.04578483e-04]
B_ 2 : [-2.0374000e-02  2.1046961e-02 -7.1858466e-02 -2.3870276e-02
 -2.8863421e-03 -1.3479723e-02 -9.2347873e-05  4.5084819e-02
 -2.0995814e-02  3.3506323e-03  6.8095803e-02  3.0043814e-02
  2.7902612e-02  8.3222445e-03 -3.6063731e-02  4.1262928e-02
  1.2059950e-01 -2.9092862e-03  3.4265924e-02  4.2613205e-02
 -7.6161092e-04 -1.7708380e-03  4.1999100e-03  4.3209485e-04
 -5.2833017e-02  8.7602306e-03 -9.5302977e-02  2.4081727e-02
  2.5236186e-02  1.5037089e-02  4.2419355e-02 -1.4653585e-03]
B_ 3 : [ 0.02293801 -0.12378298 -0.00284922  0.02244861 -0.00506013  0.0492123
  0.11644936 -0.04295826  0.16991016  0.0087146   0.1467109   0.00815817
  0.16607292 -0.02091253 -0.03893621 -0.01113455]
B_ 4 : [-0.03577078  0.12224298 -0.11153727 -0.05141743  0.44919747  0.
  0.00382536 -0.0413512 ]
B_ 5 : [-0.28821823  0.38439897  0.19694874  0.01415746]
B_ 6 : [-1.6952852]
Activation function of layer_a 1 : relu
Activation function of layer_a 2 : relu
Activation function of layer_a 3 : relu
Activation function of layer_a 4 : relu
Activation function of layer_a 5 : relu
Activation function of layer_a 6 : sigmoid
Gamma_ 1 : [[-0.16420868  0.03198235  0.21958438 ... -0.11968163  0.0036566
  -0.08459902]
 [ 0.25648987 -0.03789176 -0.12862392 ...  0.13356335  0.09702513
   0.10739806]
 [ 0.17084306 -0.17811655 -0.01397067 ... -0.00138798 -0.25870004
   0.04249578]
 ...
 [-0.03556095  0.02639443 -0.04961987 ... -0.01258456 -0.00172752
   0.08655251]
 [ 0.29265082 -0.20345812 -0.12873444 ... -0.12319784 -0.08613285
  -0.1321858 ]
 [-0.21164367  0.04041455  0.01224448 ...  0.02563095 -0.10311979
   0.1838365 ]]
Gamma_ 2 : [[-0.71398133 -1.7325875  -1.4066882  ...  0.23552933  0.4459413
  -1.4539007 ]
 [ 0.5978223  -0.61956567 -0.75481534 ...  1.6194875   0.94976515
   1.8084733 ]
 [ 1.163804    1.5024288  -0.13166638 ...  0.0629717   0.26388052
  -0.24495412]
 ...
 [-0.00627211 -0.84843796 -1.1732533  ... -0.11550945  1.8753465
   0.99267393]
 [-0.71454906  1.0805632   2.5300584  ...  1.0710988  -0.06135773
   0.9379448 ]
 [-0.55454457 -1.0154955  -0.6141902  ... -0.45931694 -0.38124985
  -1.8547988 ]]
Gamma_ 3 : [[ 9.28679645e-01 -3.42959613e-02 -2.99928665e+00  1.32298052e+00
   2.75480819e+00 -7.35921979e-01 -5.92192002e-02 -3.31744611e-01
  -2.74310589e+00 -1.37316918e+00 -2.82152444e-01  1.37353909e+00
   7.32964694e-01 -1.65994644e+00 -1.19155777e+00  6.01639032e-01
   1.66488886e+00 -2.13078213e+00  1.49452698e+00 -9.01862264e-01
  -1.00891936e+00  1.28222167e+00 -3.36798787e+00 -1.34797490e+00
   2.42019460e-01  1.83211356e-01  1.04901493e+00  6.01811051e-01
  -5.52336454e-01  1.57899737e+00 -2.08103597e-01 -1.55266893e+00]
 [-2.16671139e-01  3.81332844e-01  1.47416735e+00  1.15659416e+00
  -1.81694996e+00 -1.47615230e+00  5.86226463e-01  7.55469322e-01
  -2.14914465e+00  4.27042097e-01 -1.82671115e-01  3.42170298e-01
  -3.63863301e+00  1.00944841e+00 -1.87406391e-01 -2.24751309e-01
  -9.04195905e-01 -2.31680021e-01 -8.66594911e-01 -1.46674871e-01
   2.12078357e+00  1.94501877e+00  1.93751776e+00 -6.47830516e-02
   2.58160561e-01  5.65979838e-01  1.23753202e+00 -3.78516674e-01
   2.56798983e-01 -1.23019151e-01 -5.26861846e-02  8.53149444e-02]
 [ 3.92885834e-01  2.91337490e+00 -5.60073316e-01  4.35434639e-01
  -1.70027530e+00 -7.61307657e-01  3.73347938e-01  2.93321657e+00
  -5.17456293e+00  7.50389457e-01 -7.55970061e-01  7.34092176e-01
  -1.75029218e+00 -1.23424113e+00 -1.75042295e+00  1.14982092e+00
   2.98642206e+00  9.34705615e-01  1.05801928e+00 -1.08070290e+00
   6.60862207e+00  4.99728107e+00 -3.26149750e+00 -1.10030055e+00
  -1.60090774e-01  2.43564487e+00  2.24171489e-01  1.60542524e+00
  -5.56374826e-02 -1.98697209e+00 -1.09248257e+00  9.86579478e-01]
 [-9.65075374e-01  3.38077164e+00  1.35430455e+00 -2.05255651e+00
  -3.44743109e+00 -1.36819530e+00  1.52773976e-01  1.72610605e+00
  -8.67601395e-01  1.42480481e+00  2.43525803e-01 -2.66505480e-01
   2.75852299e+00 -1.92001462e-02  9.12108898e-01 -1.68487561e+00
  -3.40198696e-01  2.48040378e-01 -1.21973765e+00  6.40517831e-01
   3.75344563e+00  2.01591992e+00  4.07976341e+00  1.50352097e+00
  -1.20145869e+00 -3.32911944e+00  6.59238547e-04 -5.91200471e-01
   7.28381202e-02 -1.46635234e+00  9.88368392e-01  1.56806469e+00]
 [ 3.47945094e-01 -1.37447643e+00 -7.71676922e+00  2.45334089e-01
   1.79488897e+00  2.83789158e-01 -8.28820586e-01 -1.66569269e+00
  -1.88429070e+00 -1.72391140e+00  5.06314278e-01 -1.96966243e+00
   1.86079681e+00 -4.83750522e-01  2.95478314e-01  6.08703256e-01
   1.64468944e-01 -1.24360585e+00  1.91890562e+00  5.48724532e-01
  -7.98322964e+00 -3.56814313e+00 -2.20620155e+00 -1.64367485e+00
   1.75594062e-01  5.16537488e-01 -6.88772798e-01  1.80598032e+00
  -5.68546891e-01 -8.19562078e-01  2.08458543e-01 -1.13763213e-02]
 [ 2.47022063e-01 -8.37692559e-01 -2.17952347e+00  7.56232917e-01
  -1.78028941e-01  7.13425040e-01 -3.79462987e-01 -1.17707753e+00
  -1.94563389e-01 -1.58191955e+00  1.35742962e+00  7.81703889e-01
   4.31885153e-01  5.55810452e-01 -8.25064957e-01  1.61172375e-01
   1.08004689e+00 -1.22691441e+00  1.29923344e-01 -8.22767437e-01
   3.27246487e-01 -1.65473509e+00 -5.53885818e-01  1.17715609e+00
   1.44723430e-02 -8.80950928e-01 -8.30958307e-01  5.16166151e-01
   4.06507477e-02  1.49247587e+00  1.94710940e-01 -1.66357887e+00]
 [-8.31880867e-01 -1.79135942e+00  4.25066853e+00  1.40713543e-01
   2.84549475e-01 -1.86902380e+00  8.35173875e-02  3.07530212e+00
  -1.29911327e+00  4.79120433e-01 -1.35010049e-01  7.29247332e-02
  -1.07686639e+00  1.58614904e-01  1.40239501e+00 -7.31760919e-01
  -1.58035779e+00  1.16747737e+00 -1.18676221e+00  1.02954865e+00
  -1.96875703e+00  3.07344437e+00  1.10752416e+00  9.33013082e-01
  -6.99768603e-01 -1.19380689e+00 -3.30235213e-02  3.75456959e-02
   5.99990606e-01  1.15862143e+00  1.24243796e-01  6.20089889e-01]
 [-4.16812599e-02 -9.65616181e-02 -1.43524718e+00  7.36976624e-01
   1.82063639e+00  1.62528670e+00 -1.28562137e-01  1.51897997e-01
   2.26517439e+00  3.79414350e-01 -3.36281419e+00  3.18428874e-02
   2.76437855e+00 -2.51960814e-01  3.82677138e-01 -4.98293102e-01
   1.62885654e+00  1.46193254e+00 -1.89450121e+00  1.20502746e+00
  -1.96536291e+00 -8.36222827e-01 -7.45416403e-01  6.47405535e-02
  -3.60727787e-01 -7.79960215e-01 -5.05196936e-02 -9.92344499e-01
  -1.39582649e-01  1.35984814e+00 -3.13393503e-01  3.38327765e-01]
 [ 4.36146259e-02  2.81810308e+00  1.40903950e-01  4.24463868e-01
   1.90200901e+00 -1.12250352e+00 -1.93711802e-01  1.23689628e+00
  -2.07294464e-01 -8.98724318e-01 -4.33135957e-01  6.14528179e-01
  -9.96828794e-01  1.57738769e+00 -2.77330279e-02  2.45490223e-01
  -1.94189918e+00 -1.30956376e+00  3.40326428e-01 -5.22984445e-01
  -2.93387270e+00 -1.92443037e+00 -1.51066661e+00 -5.68266273e-01
  -1.20989108e+00  1.89961135e+00 -7.91755378e-01  1.93541467e-01
   4.83686656e-01  5.23790777e-01 -1.10054255e-01  2.55054832e-01]
 [ 1.97911382e-01  2.28437394e-01 -1.96980238e-01 -1.90057218e-01
  -1.08588934e+00  4.43236902e-02 -3.11866164e-01 -5.64352632e-01
  -1.15703011e+00  1.36519635e+00  1.86498106e-01 -9.98423815e-01
  -6.61253810e-01 -2.22321332e-01 -3.56546849e-01  2.03219309e-01
  -3.40385616e-01  2.35607648e+00 -1.60052121e+00 -1.02856672e+00
  -4.96146142e-01 -3.92908812e-01  5.42738080e-01  6.43882811e-01
  -1.96844786e-01 -5.61171353e-01 -5.37170887e-01  1.44476640e+00
   7.27292821e-02 -1.55170810e+00 -1.47915483e-01  5.59355676e-01]
 [-1.91256070e+00  2.96394515e+00  5.84468412e+00 -2.61687136e+00
  -2.97221470e+00 -2.25541973e+00  1.49914071e-01  3.95014977e+00
  -7.16788864e+00  1.20168376e+00 -6.85614526e-01  4.03953218e+00
  -6.40568638e+00  6.26837850e-01 -1.94430232e+00  1.51529640e-01
  -4.10421467e+00  3.09514904e+00 -9.14156318e-01 -1.56650162e+00
   2.40319300e+00  7.50859022e+00  4.34444904e+00  1.00795400e+00
  -1.15822434e+00  4.52061749e+00  2.94271290e-01  2.24149513e+00
   4.00624007e-01 -3.37158346e+00  2.92156458e-01  3.16209936e+00]
 [ 4.40972507e-01  7.92407572e-01 -3.69435120e+00 -5.28233886e-01
  -5.42364359e-01 -4.95557338e-01  3.59602720e-01 -2.13809729e+00
   1.49624348e+00  1.15912795e+00 -1.19905651e+00 -7.93455839e-02
   2.09307849e-01  1.62531883e-01  1.01935923e+00  3.24355632e-01
   1.25798368e+00 -1.17538422e-01 -6.62623167e-01  1.19999444e+00
  -4.99835640e-01 -1.78341782e+00 -9.90750611e-01 -4.27102238e-01
   2.18969628e-01  4.90551293e-02  1.04533267e+00 -7.33856082e-01
  -1.95641741e-01  1.28031030e-01 -6.77023351e-01 -6.65146232e-01]
 [-1.03331196e+00 -1.13416612e+00  9.81949866e-01 -7.20771849e-01
   3.01640630e-01  5.40832698e-01  1.76311031e-01 -9.97655630e-01
  -2.30089426e+00  5.37629724e-01 -3.45222980e-01 -7.79549658e-01
  -2.90358633e-01 -6.99079186e-02  1.84869552e+00 -9.09009397e-01
  -4.22839642e-01 -5.95865488e-01 -3.85330528e-01  8.50486219e-01
   5.99015296e-01  2.86798239e+00  1.35792267e+00  4.72816288e-01
  -3.36311847e-01 -1.06647611e+00 -5.99103749e-01 -1.23780274e+00
  -3.36337507e-01  1.48741889e+00  2.84449309e-01 -1.04798806e+00]
 [-2.89349556e-01 -2.94020724e+00 -8.48449898e+00  1.31525564e+00
   3.17202377e+00 -8.82999718e-01 -3.45275223e-01 -2.79018307e+00
   1.41157532e+00 -1.27476692e-01 -3.18739176e-01 -1.62902641e+00
   3.47862530e+00 -6.09481335e-01  1.46045947e+00 -2.52227426e-01
   2.04231977e+00 -2.17361403e+00  9.74449098e-01  2.78661489e-01
  -3.34145594e+00 -2.33046150e+00 -9.24946785e-01 -1.34422541e+00
  -6.68650866e-01 -1.84991407e+00 -1.38478726e-01 -1.83363128e+00
  -3.87484312e-01  1.89979959e+00  6.97350502e-01 -6.06847286e-01]
 [ 7.97581673e-03 -6.86418831e-01 -3.90335035e+00  3.41153741e-01
   1.18636417e+00  7.58429587e-01 -6.33173168e-01 -5.42902231e-01
   1.32532883e+00  4.19704914e-02  7.68741667e-01 -5.76080799e-01
   1.53180242e+00 -6.34967923e-01  6.12630188e-01 -5.00469327e-01
   1.31494641e-01 -1.35086834e+00  2.48664871e-01  8.61497521e-02
  -9.73294973e-02 -2.92672300e+00 -1.11364245e+00  4.12396073e-01
  -1.49708927e-01 -7.76519895e-01  7.18533248e-03 -5.22846758e-01
  -1.63627446e-01  2.05965936e-01  1.15976095e-01 -4.80047822e-01]
 [-4.53157201e-02 -1.16677642e+00  5.01845980e+00  8.30738693e-02
  -4.74959642e-01  5.58949590e-01  1.17011815e-01  8.59852731e-01
  -2.26999640e-01  1.02312672e+00  1.43854094e+00  1.85879636e+00
  -2.28447509e+00  4.25924003e-01 -1.96481541e-01 -8.59564602e-01
   8.46688390e-01  2.70984101e+00  1.89803228e-01 -1.60012507e+00
  -1.94945350e-01  2.65523577e+00  1.48656392e+00  9.60669816e-01
   4.76245642e-01  1.19249928e+00 -3.02785113e-02  3.81055295e-01
   1.88278183e-01  4.46590364e-01 -4.56637561e-01  1.27255106e+00]]
Gamma_ 4 : [[ 8.68615246e+00 -1.20228219e+00 -5.73797405e-01  8.63651872e-01
   9.55726206e-01  6.49751377e+00 -3.88625860e+00  3.45102549e-01
  -8.85990620e-01  2.13034153e+00  4.58850193e+00 -1.15304718e+01
   2.32793522e+00  4.94929552e+00 -3.18819332e+00  6.48271680e-01]
 [-2.61095762e-01 -9.04316306e-01  8.39633495e-02  1.64781660e-01
   4.07581949e+00 -5.43500721e-01  3.57174456e-01  2.47314408e-01
  -1.17311805e-01  1.08215833e+00 -1.67693782e+00 -4.85947996e-01
   8.57934535e-01 -1.67384535e-01  3.38001341e-01 -6.14167452e-01]
 [-1.69204617e+00  6.78289175e-01 -2.48559952e+00 -1.50335324e+00
   5.45308208e+00  2.17113495e-01  2.59747028e-01  1.75164354e+00
  -5.84983826e-03  1.41846848e+00  8.65612030e-01 -1.50878334e+00
   3.77032220e-01  2.43201256e+00 -5.44710636e-01 -4.43634987e-02]
 [ 1.85122275e+00 -2.98719108e-03 -9.23041701e-01  1.81291133e-01
   2.11557046e-01 -3.02854896e+00  6.45171106e-02 -3.72568548e-01
  -2.13408589e-01 -8.43547583e-01 -3.01184440e+00  1.69305921e-01
   4.99377698e-01  2.07232857e+00  1.01815963e+00  2.56874114e-01]
 [-1.15017867e+00  1.29639626e-01  1.62757301e+00  2.02957839e-01
  -3.97685200e-01  1.40688002e+00 -6.34231329e-01 -6.33199632e-01
   1.31309152e+00  1.78648591e-01 -2.18459845e+00  4.59314680e+00
  -5.01773775e-01  5.77632248e-01  7.35082567e-01 -1.34438932e+00]
 [-5.82311296e+00  1.41597867e+00  1.62504327e+00 -1.18759906e+00
  -1.03413391e+00 -3.36354327e+00  2.42891884e+00 -7.01749921e-01
   3.44122291e-01 -4.97679472e-01 -2.35637546e+00  6.54029894e+00
  -3.36848593e+00 -2.95838118e+00  2.15289354e+00 -8.51963401e-01]
 [ 1.48918557e+00 -8.38641152e-02 -6.48090422e-01  1.10943687e+00
   3.96548653e+00  1.02997875e+00 -3.39129925e-01  1.54872134e-01
   1.53320444e+00 -4.08719569e-01  4.73187894e-01  5.56532192e+00
   1.94236648e+00  7.05526590e-01 -8.51322114e-02 -9.80658889e-01]
 [-3.50572109e+00  8.91759396e-01  2.18842626e+00 -1.90281048e-01
  -1.50266254e+00 -4.14510584e+00  2.04702377e+00 -1.11228895e+00
   1.08330083e+00 -1.67566156e+00 -1.07155085e+00  9.38857937e+00
  -2.62300777e+00 -1.86796689e+00  2.38706899e+00 -9.93964493e-01]]
Gamma_ 5 : [[ 1.3026207e+02  5.5221107e+01  2.7821803e-01  4.2190697e+01
   6.3875070e+00  1.3503525e+02  1.6108311e+02 -1.1612112e+01]
 [-7.4224863e+00 -5.4344551e+01  9.8747406e+00 -4.9616379e+01
  -2.4127277e+01 -3.9787464e+01 -1.7436441e+02  1.5089674e+01]
 [ 2.0806046e+02  3.1732973e+01  1.0339704e+00  9.6587357e+01
  -2.3201740e+01  2.8739929e+02 -2.1086818e+02 -1.7278361e+00]
 [-8.3076111e+01  1.5045322e+01 -4.8772507e+00 -7.2253822e+01
   8.5478916e+00  2.6232243e+00 -1.3351994e+02 -1.5881263e+01]]
Gamma_ 6 : [[-2.  -1.5  0.   0. ]]
X_ 1 postcondition: >= 0.75
[ 0.01131802  0.00589667  0.00729221 -0.04102258  0.03564912 -0.01455582
 -0.00744345 -0.05226003  0.01432934 -0.04004495 -0.00374292  0.01245796
 -0.01344883  0.03638635 -0.02889659  0.0066094  -0.01042825 -0.00121499
  0.04065018  0.00580421 -0.0202939  -0.00860594]
X_ 1 postcondition: <= 0.75
[ 0.01131802  0.00589667  0.00729221 -0.04102258  0.03564912 -0.01455582
 -0.00744345 -0.05226003  0.01432934 -0.04004495 -0.00374292  0.01245796
 -0.01344883  0.03638635 -0.02889659  0.0066094  -0.01042825 -0.00121499
  0.04065018  0.00580421 -0.0202939  -0.00860594]
X_ 1 postcondition: > 0.75
[ 0.01131802  0.00589667  0.00729221 -0.04102258  0.03564912 -0.01455582
 -0.00744345 -0.05226003  0.01432934 -0.04004495 -0.00374292  0.01245796
 -0.01344883  0.03638635 -0.02889659  0.0066094  -0.01042825 -0.00121499
  0.04065018  0.00580421 -0.0202939  -0.00860594]
X_ 1 postcondition: < 0.75
[ 0.01131802  0.00589667  0.00729221 -0.04102258  0.03564912 -0.01455582
 -0.00744345 -0.05226003  0.01432934 -0.04004495 -0.00374292  0.01245796
 -0.01344883  0.03638635 -0.02889659  0.0066094  -0.01042825 -0.00121499
  0.04065018  0.00580421 -0.0202939  -0.00860594]
X_ 1 postcondition: == 0.75
[ 0.01131802  0.00589667  0.00729221 -0.04102258  0.03564912 -0.01455582
 -0.00744345 -0.05226003  0.01432934 -0.04004495 -0.00374292  0.01245796
 -0.01344883  0.03638635 -0.02889659  0.0066094  -0.01042825 -0.00121499
  0.04065018  0.00580421 -0.0202939  -0.00860594]
X_ 1 postcondition: != 0.75
[ 0.01131802  0.00589667  0.00729221 -0.04102258  0.03564912 -0.01455582
 -0.00744345 -0.05226003  0.01432934 -0.04004495 -0.00374292  0.01245796
 -0.01344883  0.03638635 -0.02889659  0.0066094  -0.01042825 -0.00121499
  0.04065018  0.00580421 -0.0202939  -0.00860594]
X_ 1 postcondition: >= 0.9
[ 0.01358162  0.007076    0.00875065 -0.0492271   0.04277894 -0.01746699
 -0.00893214 -0.06271203  0.01719521 -0.04805393 -0.00449151  0.01494956
 -0.01613859  0.04366362 -0.03467591  0.00793128 -0.0125139  -0.00145799
  0.04878022  0.00696505 -0.0243527  -0.01032712]
X_ 1 postcondition: <= 0.9
[ 0.01358162  0.007076    0.00875065 -0.0492271   0.04277894 -0.01746699
 -0.00893214 -0.06271203  0.01719521 -0.04805393 -0.00449151  0.01494956
 -0.01613859  0.04366362 -0.03467591  0.00793128 -0.0125139  -0.00145799
  0.04878022  0.00696505 -0.0243527  -0.01032712]
X_ 1 postcondition: > 0.9
[ 0.01358162  0.007076    0.00875065 -0.0492271   0.04277894 -0.01746699
 -0.00893214 -0.06271203  0.01719521 -0.04805393 -0.00449151  0.01494956
 -0.01613859  0.04366362 -0.03467591  0.00793128 -0.0125139  -0.00145799
  0.04878022  0.00696505 -0.0243527  -0.01032712]
X_ 1 postcondition: < 0.9
[ 0.01358162  0.007076    0.00875065 -0.0492271   0.04277894 -0.01746699
 -0.00893214 -0.06271203  0.01719521 -0.04805393 -0.00449151  0.01494956
 -0.01613859  0.04366362 -0.03467591  0.00793128 -0.0125139  -0.00145799
  0.04878022  0.00696505 -0.0243527  -0.01032712]
X_ 1 postcondition: == 0.9
[ 0.01358162  0.007076    0.00875065 -0.0492271   0.04277894 -0.01746699
 -0.00893214 -0.06271203  0.01719521 -0.04805393 -0.00449151  0.01494956
 -0.01613859  0.04366362 -0.03467591  0.00793128 -0.0125139  -0.00145799
  0.04878022  0.00696505 -0.0243527  -0.01032712]
X_ 1 postcondition: != 0.9
[ 0.01358162  0.007076    0.00875065 -0.0492271   0.04277894 -0.01746699
 -0.00893214 -0.06271203  0.01719521 -0.04805393 -0.00449151  0.01494956
 -0.01613859  0.04366362 -0.03467591  0.00793128 -0.0125139  -0.00145799
  0.04878022  0.00696505 -0.0243527  -0.01032712]
X_ 1 postcondition: >= 0.95
[ 0.01433616  0.00746911  0.0092368  -0.05196194  0.04515555 -0.01843737
 -0.00942837 -0.06619602  0.0181505  -0.05072359 -0.00474103  0.01578009
 -0.01703518  0.04608937 -0.03660234  0.00837191 -0.01320912 -0.00153899
  0.05149023  0.007352   -0.02570562 -0.01090086]
X_ 1 postcondition: <= 0.95
[ 0.01433616  0.00746911  0.0092368  -0.05196194  0.04515555 -0.01843737
 -0.00942837 -0.06619602  0.0181505  -0.05072359 -0.00474103  0.01578009
 -0.01703518  0.04608937 -0.03660234  0.00837191 -0.01320912 -0.00153899
  0.05149023  0.007352   -0.02570562 -0.01090086]
X_ 1 postcondition: > 0.95
[ 0.01433616  0.00746911  0.0092368  -0.05196194  0.04515555 -0.01843737
 -0.00942837 -0.06619602  0.0181505  -0.05072359 -0.00474103  0.01578009
 -0.01703518  0.04608937 -0.03660234  0.00837191 -0.01320912 -0.00153899
  0.05149023  0.007352   -0.02570562 -0.01090086]
X_ 1 postcondition: < 0.95
[ 0.01433616  0.00746911  0.0092368  -0.05196194  0.04515555 -0.01843737
 -0.00942837 -0.06619602  0.0181505  -0.05072359 -0.00474103  0.01578009
 -0.01703518  0.04608937 -0.03660234  0.00837191 -0.01320912 -0.00153899
  0.05149023  0.007352   -0.02570562 -0.01090086]
X_ 1 postcondition: == 0.95
[ 0.01433616  0.00746911  0.0092368  -0.05196194  0.04515555 -0.01843737
 -0.00942837 -0.06619602  0.0181505  -0.05072359 -0.00474103  0.01578009
 -0.01703518  0.04608937 -0.03660234  0.00837191 -0.01320912 -0.00153899
  0.05149023  0.007352   -0.02570562 -0.01090086]
X_ 1 postcondition: != 0.95
[ 0.01433616  0.00746911  0.0092368  -0.05196194  0.04515555 -0.01843737
 -0.00942837 -0.06619602  0.0181505  -0.05072359 -0.00474103  0.01578009
 -0.01703518  0.04608937 -0.03660234  0.00837191 -0.01320912 -0.00153899
  0.05149023  0.007352   -0.02570562 -0.01090086]
X_ 1 postcondition: >= 0.99
[ 0.01493978  0.0077836   0.00962572 -0.05414981  0.04705683 -0.01921369
 -0.00982535 -0.06898323  0.01891472 -0.05285932 -0.00494066  0.01644451
 -0.01775245  0.04802999 -0.03814351  0.00872441 -0.01376529 -0.00160379
  0.05365825  0.00766156 -0.02678796 -0.01135984]
X_ 1 postcondition: <= 0.99
[ 0.01493978  0.0077836   0.00962572 -0.05414981  0.04705683 -0.01921369
 -0.00982535 -0.06898323  0.01891472 -0.05285932 -0.00494066  0.01644451
 -0.01775245  0.04802999 -0.03814351  0.00872441 -0.01376529 -0.00160379
  0.05365825  0.00766156 -0.02678796 -0.01135984]
X_ 1 postcondition: > 0.99
[ 0.01493978  0.0077836   0.00962572 -0.05414981  0.04705683 -0.01921369
 -0.00982535 -0.06898323  0.01891472 -0.05285932 -0.00494066  0.01644451
 -0.01775245  0.04802999 -0.03814351  0.00872441 -0.01376529 -0.00160379
  0.05365825  0.00766156 -0.02678796 -0.01135984]
X_ 1 postcondition: < 0.99
[ 0.01493978  0.0077836   0.00962572 -0.05414981  0.04705683 -0.01921369
 -0.00982535 -0.06898323  0.01891472 -0.05285932 -0.00494066  0.01644451
 -0.01775245  0.04802999 -0.03814351  0.00872441 -0.01376529 -0.00160379
  0.05365825  0.00766156 -0.02678796 -0.01135984]
X_ 1 postcondition: == 0.99
[ 0.01493978  0.0077836   0.00962572 -0.05414981  0.04705683 -0.01921369
 -0.00982535 -0.06898323  0.01891472 -0.05285932 -0.00494066  0.01644451
 -0.01775245  0.04802999 -0.03814351  0.00872441 -0.01376529 -0.00160379
  0.05365825  0.00766156 -0.02678796 -0.01135984]
X_ 1 postcondition: != 0.99
[ 0.01493978  0.0077836   0.00962572 -0.05414981  0.04705683 -0.01921369
 -0.00982535 -0.06898323  0.01891472 -0.05285932 -0.00494066  0.01644451
 -0.01775245  0.04802999 -0.03814351  0.00872441 -0.01376529 -0.00160379
  0.05365825  0.00766156 -0.02678796 -0.01135984]
X_ 2 postcondition: >= 0.75
[ 0.01099501 -0.27156368 -0.40160474  0.05420744 -0.00932609  0.09374572
  0.21001562 -0.14888717 -0.03865272  0.10593393  0.21045506  0.06763821
  0.07917588 -0.09071814 -0.2677524  -0.00120048  0.09987962 -0.3176529
  0.08003474  0.04751543  0.05546879 -0.06610618 -0.00066654 -0.11095357
 -0.02951388 -0.04541373 -0.0967088  -0.5539267   0.04942666  0.04237446
 -0.00545314 -0.06881478  0.05317372  0.3804267  -0.15586257  0.10815424
 -0.38248736 -0.10513555  0.01520509  0.4504396   0.02267759  0.10500721
 -0.31366146 -0.05342726 -0.10291997  0.22749057  0.10711539 -0.04814613
  0.16072498 -0.18315133 -0.10318136  0.373024   -0.14941695  0.03706254
  0.09089936  0.03516142 -0.20496212 -0.08091567  0.2592366  -0.42696926
  0.21745683 -0.01272359  0.2564858   0.4165854 ]
X_ 2 postcondition: <= 0.75
[ 0.01099501 -0.27156368 -0.40160474  0.05420744 -0.00932609  0.09374572
  0.21001562 -0.14888717 -0.03865272  0.10593393  0.21045506  0.06763821
  0.07917588 -0.09071814 -0.2677524  -0.00120048  0.09987962 -0.3176529
  0.08003474  0.04751543  0.05546879 -0.06610618 -0.00066654 -0.11095357
 -0.02951388 -0.04541373 -0.0967088  -0.5539267   0.04942666  0.04237446
 -0.00545314 -0.06881478  0.05317372  0.3804267  -0.15586257  0.10815424
 -0.38248736 -0.10513555  0.01520509  0.4504396   0.02267759  0.10500721
 -0.31366146 -0.05342726 -0.10291997  0.22749057  0.10711539 -0.04814613
  0.16072498 -0.18315133 -0.10318136  0.373024   -0.14941695  0.03706254
  0.09089936  0.03516142 -0.20496212 -0.08091567  0.2592366  -0.42696926
  0.21745683 -0.01272359  0.2564858   0.4165854 ]
X_ 2 postcondition: > 0.75
[ 0.01099501 -0.27156368 -0.40160474  0.05420744 -0.00932609  0.09374572
  0.21001562 -0.14888717 -0.03865272  0.10593393  0.21045506  0.06763821
  0.07917588 -0.09071814 -0.2677524  -0.00120048  0.09987962 -0.3176529
  0.08003474  0.04751543  0.05546879 -0.06610618 -0.00066654 -0.11095357
 -0.02951388 -0.04541373 -0.0967088  -0.5539267   0.04942666  0.04237446
 -0.00545314 -0.06881478  0.05317372  0.3804267  -0.15586257  0.10815424
 -0.38248736 -0.10513555  0.01520509  0.4504396   0.02267759  0.10500721
 -0.31366146 -0.05342726 -0.10291997  0.22749057  0.10711539 -0.04814613
  0.16072498 -0.18315133 -0.10318136  0.373024   -0.14941695  0.03706254
  0.09089936  0.03516142 -0.20496212 -0.08091567  0.2592366  -0.42696926
  0.21745683 -0.01272359  0.2564858   0.4165854 ]
X_ 2 postcondition: < 0.75
[ 0.01099501 -0.27156368 -0.40160474  0.05420744 -0.00932609  0.09374572
  0.21001562 -0.14888717 -0.03865272  0.10593393  0.21045506  0.06763821
  0.07917588 -0.09071814 -0.2677524  -0.00120048  0.09987962 -0.3176529
  0.08003474  0.04751543  0.05546879 -0.06610618 -0.00066654 -0.11095357
 -0.02951388 -0.04541373 -0.0967088  -0.5539267   0.04942666  0.04237446
 -0.00545314 -0.06881478  0.05317372  0.3804267  -0.15586257  0.10815424
 -0.38248736 -0.10513555  0.01520509  0.4504396   0.02267759  0.10500721
 -0.31366146 -0.05342726 -0.10291997  0.22749057  0.10711539 -0.04814613
  0.16072498 -0.18315133 -0.10318136  0.373024   -0.14941695  0.03706254
  0.09089936  0.03516142 -0.20496212 -0.08091567  0.2592366  -0.42696926
  0.21745683 -0.01272359  0.2564858   0.4165854 ]
X_ 2 postcondition: == 0.75
[ 0.01099501 -0.27156368 -0.40160474  0.05420744 -0.00932609  0.09374572
  0.21001562 -0.14888717 -0.03865272  0.10593393  0.21045506  0.06763821
  0.07917588 -0.09071814 -0.2677524  -0.00120048  0.09987962 -0.3176529
  0.08003474  0.04751543  0.05546879 -0.06610618 -0.00066654 -0.11095357
 -0.02951388 -0.04541373 -0.0967088  -0.5539267   0.04942666  0.04237446
 -0.00545314 -0.06881478  0.05317372  0.3804267  -0.15586257  0.10815424
 -0.38248736 -0.10513555  0.01520509  0.4504396   0.02267759  0.10500721
 -0.31366146 -0.05342726 -0.10291997  0.22749057  0.10711539 -0.04814613
  0.16072498 -0.18315133 -0.10318136  0.373024   -0.14941695  0.03706254
  0.09089936  0.03516142 -0.20496212 -0.08091567  0.2592366  -0.42696926
  0.21745683 -0.01272359  0.2564858   0.4165854 ]
X_ 2 postcondition: != 0.75
[ 0.01099501 -0.27156368 -0.40160474  0.05420744 -0.00932609  0.09374572
  0.21001562 -0.14888717 -0.03865272  0.10593393  0.21045506  0.06763821
  0.07917588 -0.09071814 -0.2677524  -0.00120048  0.09987962 -0.3176529
  0.08003474  0.04751543  0.05546879 -0.06610618 -0.00066654 -0.11095357
 -0.02951388 -0.04541373 -0.0967088  -0.5539267   0.04942666  0.04237446
 -0.00545314 -0.06881478  0.05317372  0.3804267  -0.15586257  0.10815424
 -0.38248736 -0.10513555  0.01520509  0.4504396   0.02267759  0.10500721
 -0.31366146 -0.05342726 -0.10291997  0.22749057  0.10711539 -0.04814613
  0.16072498 -0.18315133 -0.10318136  0.373024   -0.14941695  0.03706254
  0.09089936  0.03516142 -0.20496212 -0.08091567  0.2592366  -0.42696926
  0.21745683 -0.01272359  0.2564858   0.4165854 ]
X_ 2 postcondition: >= 0.9
[ 0.013194   -0.32587638 -0.4819257   0.0650489  -0.01119131  0.11249489
  0.25201872 -0.17866467 -0.04638324  0.12712072  0.2525461   0.08116587
  0.09501106 -0.10886177 -0.3213029  -0.00144059  0.11985557 -0.38118353
  0.09604169  0.05701851  0.06656256 -0.07932741 -0.00079984 -0.13314427
 -0.03541667 -0.05449648 -0.11605059 -0.66471195  0.05931201  0.05084937
 -0.00654377 -0.08257779  0.06380846  0.45651206 -0.18703504  0.12978512
 -0.45898482 -0.1261626   0.01824611  0.5405276   0.02721307  0.12600861
 -0.3763938  -0.06411269 -0.123504    0.27298868  0.12853847 -0.05777536
  0.19286996 -0.21978162 -0.12381756  0.44762865 -0.17930031  0.04447501
  0.10907925  0.04219368 -0.24595462 -0.09709878  0.31108367 -0.5123631
  0.26094818 -0.01526828  0.30778298  0.4999024 ]
X_ 2 postcondition: <= 0.9
[ 0.013194   -0.32587638 -0.4819257   0.0650489  -0.01119131  0.11249489
  0.25201872 -0.17866467 -0.04638324  0.12712072  0.2525461   0.08116587
  0.09501106 -0.10886177 -0.3213029  -0.00144059  0.11985557 -0.38118353
  0.09604169  0.05701851  0.06656256 -0.07932741 -0.00079984 -0.13314427
 -0.03541667 -0.05449648 -0.11605059 -0.66471195  0.05931201  0.05084937
 -0.00654377 -0.08257779  0.06380846  0.45651206 -0.18703504  0.12978512
 -0.45898482 -0.1261626   0.01824611  0.5405276   0.02721307  0.12600861
 -0.3763938  -0.06411269 -0.123504    0.27298868  0.12853847 -0.05777536
  0.19286996 -0.21978162 -0.12381756  0.44762865 -0.17930031  0.04447501
  0.10907925  0.04219368 -0.24595462 -0.09709878  0.31108367 -0.5123631
  0.26094818 -0.01526828  0.30778298  0.4999024 ]
X_ 2 postcondition: > 0.9
[ 0.013194   -0.32587638 -0.4819257   0.0650489  -0.01119131  0.11249489
  0.25201872 -0.17866467 -0.04638324  0.12712072  0.2525461   0.08116587
  0.09501106 -0.10886177 -0.3213029  -0.00144059  0.11985557 -0.38118353
  0.09604169  0.05701851  0.06656256 -0.07932741 -0.00079984 -0.13314427
 -0.03541667 -0.05449648 -0.11605059 -0.66471195  0.05931201  0.05084937
 -0.00654377 -0.08257779  0.06380846  0.45651206 -0.18703504  0.12978512
 -0.45898482 -0.1261626   0.01824611  0.5405276   0.02721307  0.12600861
 -0.3763938  -0.06411269 -0.123504    0.27298868  0.12853847 -0.05777536
  0.19286996 -0.21978162 -0.12381756  0.44762865 -0.17930031  0.04447501
  0.10907925  0.04219368 -0.24595462 -0.09709878  0.31108367 -0.5123631
  0.26094818 -0.01526828  0.30778298  0.4999024 ]
X_ 2 postcondition: < 0.9
[ 0.013194   -0.32587638 -0.4819257   0.0650489  -0.01119131  0.11249489
  0.25201872 -0.17866467 -0.04638324  0.12712072  0.2525461   0.08116587
  0.09501106 -0.10886177 -0.3213029  -0.00144059  0.11985557 -0.38118353
  0.09604169  0.05701851  0.06656256 -0.07932741 -0.00079984 -0.13314427
 -0.03541667 -0.05449648 -0.11605059 -0.66471195  0.05931201  0.05084937
 -0.00654377 -0.08257779  0.06380846  0.45651206 -0.18703504  0.12978512
 -0.45898482 -0.1261626   0.01824611  0.5405276   0.02721307  0.12600861
 -0.3763938  -0.06411269 -0.123504    0.27298868  0.12853847 -0.05777536
  0.19286996 -0.21978162 -0.12381756  0.44762865 -0.17930031  0.04447501
  0.10907925  0.04219368 -0.24595462 -0.09709878  0.31108367 -0.5123631
  0.26094818 -0.01526828  0.30778298  0.4999024 ]
X_ 2 postcondition: == 0.9
[ 0.013194   -0.32587638 -0.4819257   0.0650489  -0.01119131  0.11249489
  0.25201872 -0.17866467 -0.04638324  0.12712072  0.2525461   0.08116587
  0.09501106 -0.10886177 -0.3213029  -0.00144059  0.11985557 -0.38118353
  0.09604169  0.05701851  0.06656256 -0.07932741 -0.00079984 -0.13314427
 -0.03541667 -0.05449648 -0.11605059 -0.66471195  0.05931201  0.05084937
 -0.00654377 -0.08257779  0.06380846  0.45651206 -0.18703504  0.12978512
 -0.45898482 -0.1261626   0.01824611  0.5405276   0.02721307  0.12600861
 -0.3763938  -0.06411269 -0.123504    0.27298868  0.12853847 -0.05777536
  0.19286996 -0.21978162 -0.12381756  0.44762865 -0.17930031  0.04447501
  0.10907925  0.04219368 -0.24595462 -0.09709878  0.31108367 -0.5123631
  0.26094818 -0.01526828  0.30778298  0.4999024 ]
X_ 2 postcondition: != 0.9
[ 0.013194   -0.32587638 -0.4819257   0.0650489  -0.01119131  0.11249489
  0.25201872 -0.17866467 -0.04638324  0.12712072  0.2525461   0.08116587
  0.09501106 -0.10886177 -0.3213029  -0.00144059  0.11985557 -0.38118353
  0.09604169  0.05701851  0.06656256 -0.07932741 -0.00079984 -0.13314427
 -0.03541667 -0.05449648 -0.11605059 -0.66471195  0.05931201  0.05084937
 -0.00654377 -0.08257779  0.06380846  0.45651206 -0.18703504  0.12978512
 -0.45898482 -0.1261626   0.01824611  0.5405276   0.02721307  0.12600861
 -0.3763938  -0.06411269 -0.123504    0.27298868  0.12853847 -0.05777536
  0.19286996 -0.21978162 -0.12381756  0.44762865 -0.17930031  0.04447501
  0.10907925  0.04219368 -0.24595462 -0.09709878  0.31108367 -0.5123631
  0.26094818 -0.01526828  0.30778298  0.4999024 ]
X_ 2 postcondition: >= 0.95
[ 0.01392701 -0.34398064 -0.5086994   0.06866273 -0.01181305  0.11874457
  0.26601976 -0.18859045 -0.04896011  0.13418296  0.26657647  0.0856751
  0.10028945 -0.11490966 -0.33915305 -0.00152063  0.1265142  -0.40236044
  0.10137735  0.06018622  0.07026047 -0.08373449 -0.00084428 -0.1405412
 -0.03738426 -0.05752404 -0.12249782 -0.70164037  0.06260715  0.05367434
 -0.00690731 -0.08716546  0.06735337  0.4818738  -0.19742586  0.13699536
 -0.48448393 -0.13317166  0.01925975  0.5705568   0.02872492  0.1330091
 -0.3973045  -0.0676745  -0.13036531  0.28815472  0.1356795  -0.0609851
  0.20358494 -0.2319917  -0.13069639  0.47249696 -0.18926144  0.04694584
  0.11513923  0.04453779 -0.25961867 -0.10249314  0.32836622 -0.5408277
  0.27544528 -0.01611651  0.32488203  0.5276746 ]
X_ 2 postcondition: <= 0.95
[ 0.01392701 -0.34398064 -0.5086994   0.06866273 -0.01181305  0.11874457
  0.26601976 -0.18859045 -0.04896011  0.13418296  0.26657647  0.0856751
  0.10028945 -0.11490966 -0.33915305 -0.00152063  0.1265142  -0.40236044
  0.10137735  0.06018622  0.07026047 -0.08373449 -0.00084428 -0.1405412
 -0.03738426 -0.05752404 -0.12249782 -0.70164037  0.06260715  0.05367434
 -0.00690731 -0.08716546  0.06735337  0.4818738  -0.19742586  0.13699536
 -0.48448393 -0.13317166  0.01925975  0.5705568   0.02872492  0.1330091
 -0.3973045  -0.0676745  -0.13036531  0.28815472  0.1356795  -0.0609851
  0.20358494 -0.2319917  -0.13069639  0.47249696 -0.18926144  0.04694584
  0.11513923  0.04453779 -0.25961867 -0.10249314  0.32836622 -0.5408277
  0.27544528 -0.01611651  0.32488203  0.5276746 ]
X_ 2 postcondition: > 0.95
[ 0.01392701 -0.34398064 -0.5086994   0.06866273 -0.01181305  0.11874457
  0.26601976 -0.18859045 -0.04896011  0.13418296  0.26657647  0.0856751
  0.10028945 -0.11490966 -0.33915305 -0.00152063  0.1265142  -0.40236044
  0.10137735  0.06018622  0.07026047 -0.08373449 -0.00084428 -0.1405412
 -0.03738426 -0.05752404 -0.12249782 -0.70164037  0.06260715  0.05367434
 -0.00690731 -0.08716546  0.06735337  0.4818738  -0.19742586  0.13699536
 -0.48448393 -0.13317166  0.01925975  0.5705568   0.02872492  0.1330091
 -0.3973045  -0.0676745  -0.13036531  0.28815472  0.1356795  -0.0609851
  0.20358494 -0.2319917  -0.13069639  0.47249696 -0.18926144  0.04694584
  0.11513923  0.04453779 -0.25961867 -0.10249314  0.32836622 -0.5408277
  0.27544528 -0.01611651  0.32488203  0.5276746 ]
X_ 2 postcondition: < 0.95
[ 0.01392701 -0.34398064 -0.5086994   0.06866273 -0.01181305  0.11874457
  0.26601976 -0.18859045 -0.04896011  0.13418296  0.26657647  0.0856751
  0.10028945 -0.11490966 -0.33915305 -0.00152063  0.1265142  -0.40236044
  0.10137735  0.06018622  0.07026047 -0.08373449 -0.00084428 -0.1405412
 -0.03738426 -0.05752404 -0.12249782 -0.70164037  0.06260715  0.05367434
 -0.00690731 -0.08716546  0.06735337  0.4818738  -0.19742586  0.13699536
 -0.48448393 -0.13317166  0.01925975  0.5705568   0.02872492  0.1330091
 -0.3973045  -0.0676745  -0.13036531  0.28815472  0.1356795  -0.0609851
  0.20358494 -0.2319917  -0.13069639  0.47249696 -0.18926144  0.04694584
  0.11513923  0.04453779 -0.25961867 -0.10249314  0.32836622 -0.5408277
  0.27544528 -0.01611651  0.32488203  0.5276746 ]
X_ 2 postcondition: == 0.95
[ 0.01392701 -0.34398064 -0.5086994   0.06866273 -0.01181305  0.11874457
  0.26601976 -0.18859045 -0.04896011  0.13418296  0.26657647  0.0856751
  0.10028945 -0.11490966 -0.33915305 -0.00152063  0.1265142  -0.40236044
  0.10137735  0.06018622  0.07026047 -0.08373449 -0.00084428 -0.1405412
 -0.03738426 -0.05752404 -0.12249782 -0.70164037  0.06260715  0.05367434
 -0.00690731 -0.08716546  0.06735337  0.4818738  -0.19742586  0.13699536
 -0.48448393 -0.13317166  0.01925975  0.5705568   0.02872492  0.1330091
 -0.3973045  -0.0676745  -0.13036531  0.28815472  0.1356795  -0.0609851
  0.20358494 -0.2319917  -0.13069639  0.47249696 -0.18926144  0.04694584
  0.11513923  0.04453779 -0.25961867 -0.10249314  0.32836622 -0.5408277
  0.27544528 -0.01611651  0.32488203  0.5276746 ]
X_ 2 postcondition: != 0.95
[ 0.01392701 -0.34398064 -0.5086994   0.06866273 -0.01181305  0.11874457
  0.26601976 -0.18859045 -0.04896011  0.13418296  0.26657647  0.0856751
  0.10028945 -0.11490966 -0.33915305 -0.00152063  0.1265142  -0.40236044
  0.10137735  0.06018622  0.07026047 -0.08373449 -0.00084428 -0.1405412
 -0.03738426 -0.05752404 -0.12249782 -0.70164037  0.06260715  0.05367434
 -0.00690731 -0.08716546  0.06735337  0.4818738  -0.19742586  0.13699536
 -0.48448393 -0.13317166  0.01925975  0.5705568   0.02872492  0.1330091
 -0.3973045  -0.0676745  -0.13036531  0.28815472  0.1356795  -0.0609851
  0.20358494 -0.2319917  -0.13069639  0.47249696 -0.18926144  0.04694584
  0.11513923  0.04453779 -0.25961867 -0.10249314  0.32836622 -0.5408277
  0.27544528 -0.01611651  0.32488203  0.5276746 ]
X_ 2 postcondition: >= 0.99
[ 0.01451342 -0.358464   -0.53011835  0.07155384 -0.01231045  0.12374435
  0.2772206  -0.19653107 -0.05102156  0.13983281  0.2778008   0.08928242
  0.10451215 -0.11974794 -0.35343322 -0.00158466  0.13184111 -0.41930187
  0.10564587  0.0627204   0.07321879 -0.08726016 -0.00087985 -0.1464587
 -0.03895835 -0.05994611 -0.12765561 -0.7311832   0.0652432   0.05593431
 -0.00719815 -0.09083554  0.07018929  0.50216323 -0.2057385   0.1427636
 -0.5048833  -0.1387789   0.02007071  0.5945802   0.02993442  0.1386095
 -0.41403317 -0.07052394 -0.13585436  0.30028757  0.14139237 -0.06355292
  0.212157   -0.24175976 -0.13619943  0.49239162 -0.19723035  0.04892253
  0.11998716  0.04641306 -0.27055    -0.10680865  0.3421922  -0.56359947
  0.28704306 -0.01679512  0.3385612   0.54989266]
X_ 2 postcondition: <= 0.99
[ 0.01451342 -0.358464   -0.53011835  0.07155384 -0.01231045  0.12374435
  0.2772206  -0.19653107 -0.05102156  0.13983281  0.2778008   0.08928242
  0.10451215 -0.11974794 -0.35343322 -0.00158466  0.13184111 -0.41930187
  0.10564587  0.0627204   0.07321879 -0.08726016 -0.00087985 -0.1464587
 -0.03895835 -0.05994611 -0.12765561 -0.7311832   0.0652432   0.05593431
 -0.00719815 -0.09083554  0.07018929  0.50216323 -0.2057385   0.1427636
 -0.5048833  -0.1387789   0.02007071  0.5945802   0.02993442  0.1386095
 -0.41403317 -0.07052394 -0.13585436  0.30028757  0.14139237 -0.06355292
  0.212157   -0.24175976 -0.13619943  0.49239162 -0.19723035  0.04892253
  0.11998716  0.04641306 -0.27055    -0.10680865  0.3421922  -0.56359947
  0.28704306 -0.01679512  0.3385612   0.54989266]
X_ 2 postcondition: > 0.99
[ 0.01451342 -0.358464   -0.53011835  0.07155384 -0.01231045  0.12374435
  0.2772206  -0.19653107 -0.05102156  0.13983281  0.2778008   0.08928242
  0.10451215 -0.11974794 -0.35343322 -0.00158466  0.13184111 -0.41930187
  0.10564587  0.0627204   0.07321879 -0.08726016 -0.00087985 -0.1464587
 -0.03895835 -0.05994611 -0.12765561 -0.7311832   0.0652432   0.05593431
 -0.00719815 -0.09083554  0.07018929  0.50216323 -0.2057385   0.1427636
 -0.5048833  -0.1387789   0.02007071  0.5945802   0.02993442  0.1386095
 -0.41403317 -0.07052394 -0.13585436  0.30028757  0.14139237 -0.06355292
  0.212157   -0.24175976 -0.13619943  0.49239162 -0.19723035  0.04892253
  0.11998716  0.04641306 -0.27055    -0.10680865  0.3421922  -0.56359947
  0.28704306 -0.01679512  0.3385612   0.54989266]
X_ 2 postcondition: < 0.99
[ 0.01451342 -0.358464   -0.53011835  0.07155384 -0.01231045  0.12374435
  0.2772206  -0.19653107 -0.05102156  0.13983281  0.2778008   0.08928242
  0.10451215 -0.11974794 -0.35343322 -0.00158466  0.13184111 -0.41930187
  0.10564587  0.0627204   0.07321879 -0.08726016 -0.00087985 -0.1464587
 -0.03895835 -0.05994611 -0.12765561 -0.7311832   0.0652432   0.05593431
 -0.00719815 -0.09083554  0.07018929  0.50216323 -0.2057385   0.1427636
 -0.5048833  -0.1387789   0.02007071  0.5945802   0.02993442  0.1386095
 -0.41403317 -0.07052394 -0.13585436  0.30028757  0.14139237 -0.06355292
  0.212157   -0.24175976 -0.13619943  0.49239162 -0.19723035  0.04892253
  0.11998716  0.04641306 -0.27055    -0.10680865  0.3421922  -0.56359947
  0.28704306 -0.01679512  0.3385612   0.54989266]
X_ 2 postcondition: == 0.99
[ 0.01451342 -0.358464   -0.53011835  0.07155384 -0.01231045  0.12374435
  0.2772206  -0.19653107 -0.05102156  0.13983281  0.2778008   0.08928242
  0.10451215 -0.11974794 -0.35343322 -0.00158466  0.13184111 -0.41930187
  0.10564587  0.0627204   0.07321879 -0.08726016 -0.00087985 -0.1464587
 -0.03895835 -0.05994611 -0.12765561 -0.7311832   0.0652432   0.05593431
 -0.00719815 -0.09083554  0.07018929  0.50216323 -0.2057385   0.1427636
 -0.5048833  -0.1387789   0.02007071  0.5945802   0.02993442  0.1386095
 -0.41403317 -0.07052394 -0.13585436  0.30028757  0.14139237 -0.06355292
  0.212157   -0.24175976 -0.13619943  0.49239162 -0.19723035  0.04892253
  0.11998716  0.04641306 -0.27055    -0.10680865  0.3421922  -0.56359947
  0.28704306 -0.01679512  0.3385612   0.54989266]
X_ 2 postcondition: != 0.99
[ 0.01451342 -0.358464   -0.53011835  0.07155384 -0.01231045  0.12374435
  0.2772206  -0.19653107 -0.05102156  0.13983281  0.2778008   0.08928242
  0.10451215 -0.11974794 -0.35343322 -0.00158466  0.13184111 -0.41930187
  0.10564587  0.0627204   0.07321879 -0.08726016 -0.00087985 -0.1464587
 -0.03895835 -0.05994611 -0.12765561 -0.7311832   0.0652432   0.05593431
 -0.00719815 -0.09083554  0.07018929  0.50216323 -0.2057385   0.1427636
 -0.5048833  -0.1387789   0.02007071  0.5945802   0.02993442  0.1386095
 -0.41403317 -0.07052394 -0.13585436  0.30028757  0.14139237 -0.06355292
  0.212157   -0.24175976 -0.13619943  0.49239162 -0.19723035  0.04892253
  0.11998716  0.04641306 -0.27055    -0.10680865  0.3421922  -0.56359947
  0.28704306 -0.01679512  0.3385612   0.54989266]
X_ 3 postcondition: >= 0.75
[ 0.36942607 -0.46188977 -1.1664978   0.4639644   0.02346437  0.42693183
  0.01623111 -0.6771915   1.1967545  -0.02979955  0.04666109 -0.47301435
  0.72493005 -0.20972668 -0.07211706  0.08002844  0.8399868  -0.16638848
  0.10558961  0.09614637  0.21567251 -1.1371288  -0.43327686 -0.23957352
  0.40189186 -0.42076328  0.2646598  -0.24248433 -0.10094795  0.0341555
 -0.08556174 -0.23396072]
X_ 3 postcondition: <= 0.75
[ 0.36942607 -0.46188977 -1.1664978   0.4639644   0.02346437  0.42693183
  0.01623111 -0.6771915   1.1967545  -0.02979955  0.04666109 -0.47301435
  0.72493005 -0.20972668 -0.07211706  0.08002844  0.8399868  -0.16638848
  0.10558961  0.09614637  0.21567251 -1.1371288  -0.43327686 -0.23957352
  0.40189186 -0.42076328  0.2646598  -0.24248433 -0.10094795  0.0341555
 -0.08556174 -0.23396072]
X_ 3 postcondition: > 0.75
[ 0.36942607 -0.46188977 -1.1664978   0.4639644   0.02346437  0.42693183
  0.01623111 -0.6771915   1.1967545  -0.02979955  0.04666109 -0.47301435
  0.72493005 -0.20972668 -0.07211706  0.08002844  0.8399868  -0.16638848
  0.10558961  0.09614637  0.21567251 -1.1371288  -0.43327686 -0.23957352
  0.40189186 -0.42076328  0.2646598  -0.24248433 -0.10094795  0.0341555
 -0.08556174 -0.23396072]
X_ 3 postcondition: < 0.75
[ 0.36942607 -0.46188977 -1.1664978   0.4639644   0.02346437  0.42693183
  0.01623111 -0.6771915   1.1967545  -0.02979955  0.04666109 -0.47301435
  0.72493005 -0.20972668 -0.07211706  0.08002844  0.8399868  -0.16638848
  0.10558961  0.09614637  0.21567251 -1.1371288  -0.43327686 -0.23957352
  0.40189186 -0.42076328  0.2646598  -0.24248433 -0.10094795  0.0341555
 -0.08556174 -0.23396072]
X_ 3 postcondition: == 0.75
[ 0.36942607 -0.46188977 -1.1664978   0.4639644   0.02346437  0.42693183
  0.01623111 -0.6771915   1.1967545  -0.02979955  0.04666109 -0.47301435
  0.72493005 -0.20972668 -0.07211706  0.08002844  0.8399868  -0.16638848
  0.10558961  0.09614637  0.21567251 -1.1371288  -0.43327686 -0.23957352
  0.40189186 -0.42076328  0.2646598  -0.24248433 -0.10094795  0.0341555
 -0.08556174 -0.23396072]
X_ 3 postcondition: != 0.75
[ 0.36942607 -0.46188977 -1.1664978   0.4639644   0.02346437  0.42693183
  0.01623111 -0.6771915   1.1967545  -0.02979955  0.04666109 -0.47301435
  0.72493005 -0.20972668 -0.07211706  0.08002844  0.8399868  -0.16638848
  0.10558961  0.09614637  0.21567251 -1.1371288  -0.43327686 -0.23957352
  0.40189186 -0.42076328  0.2646598  -0.24248433 -0.10094795  0.0341555
 -0.08556174 -0.23396072]
X_ 3 postcondition: >= 0.9
[ 0.4433112  -0.55426776 -1.3997973   0.55675733  0.02815723  0.5123182
  0.01947733 -0.81262976  1.4361055  -0.03575946  0.05599331 -0.5676173
  0.86991614 -0.251672   -0.08654046  0.09603413  1.0079842  -0.19966617
  0.12670754  0.11537564  0.25880697 -1.3645546  -0.51993215 -0.28748822
  0.48227024 -0.504916    0.31759176 -0.2909812  -0.12113754  0.04098659
 -0.10267408 -0.28075287]
X_ 3 postcondition: <= 0.9
[ 0.4433112  -0.55426776 -1.3997973   0.55675733  0.02815723  0.5123182
  0.01947733 -0.81262976  1.4361055  -0.03575946  0.05599331 -0.5676173
  0.86991614 -0.251672   -0.08654046  0.09603413  1.0079842  -0.19966617
  0.12670754  0.11537564  0.25880697 -1.3645546  -0.51993215 -0.28748822
  0.48227024 -0.504916    0.31759176 -0.2909812  -0.12113754  0.04098659
 -0.10267408 -0.28075287]
X_ 3 postcondition: > 0.9
[ 0.4433112  -0.55426776 -1.3997973   0.55675733  0.02815723  0.5123182
  0.01947733 -0.81262976  1.4361055  -0.03575946  0.05599331 -0.5676173
  0.86991614 -0.251672   -0.08654046  0.09603413  1.0079842  -0.19966617
  0.12670754  0.11537564  0.25880697 -1.3645546  -0.51993215 -0.28748822
  0.48227024 -0.504916    0.31759176 -0.2909812  -0.12113754  0.04098659
 -0.10267408 -0.28075287]
X_ 3 postcondition: < 0.9
[ 0.4433112  -0.55426776 -1.3997973   0.55675733  0.02815723  0.5123182
  0.01947733 -0.81262976  1.4361055  -0.03575946  0.05599331 -0.5676173
  0.86991614 -0.251672   -0.08654046  0.09603413  1.0079842  -0.19966617
  0.12670754  0.11537564  0.25880697 -1.3645546  -0.51993215 -0.28748822
  0.48227024 -0.504916    0.31759176 -0.2909812  -0.12113754  0.04098659
 -0.10267408 -0.28075287]
X_ 3 postcondition: == 0.9
[ 0.4433112  -0.55426776 -1.3997973   0.55675733  0.02815723  0.5123182
  0.01947733 -0.81262976  1.4361055  -0.03575946  0.05599331 -0.5676173
  0.86991614 -0.251672   -0.08654046  0.09603413  1.0079842  -0.19966617
  0.12670754  0.11537564  0.25880697 -1.3645546  -0.51993215 -0.28748822
  0.48227024 -0.504916    0.31759176 -0.2909812  -0.12113754  0.04098659
 -0.10267408 -0.28075287]
X_ 3 postcondition: != 0.9
[ 0.4433112  -0.55426776 -1.3997973   0.55675733  0.02815723  0.5123182
  0.01947733 -0.81262976  1.4361055  -0.03575946  0.05599331 -0.5676173
  0.86991614 -0.251672   -0.08654046  0.09603413  1.0079842  -0.19966617
  0.12670754  0.11537564  0.25880697 -1.3645546  -0.51993215 -0.28748822
  0.48227024 -0.504916    0.31759176 -0.2909812  -0.12113754  0.04098659
 -0.10267408 -0.28075287]
X_ 3 postcondition: >= 0.95
[ 0.46793967 -0.5850604  -1.477564    0.5876883   0.0297215   0.5407803
  0.02055941 -0.8577759   1.515889   -0.03774609  0.05910405 -0.5991515
  0.91824466 -0.2656538  -0.0913483   0.10136936  1.0639832  -0.21075876
  0.13374688  0.1217854   0.2731851  -1.4403633  -0.5488173  -0.30345976
  0.50906307 -0.53296685  0.33523571 -0.3071468  -0.12786742  0.04326365
 -0.10837822 -0.29635024]
X_ 3 postcondition: <= 0.95
[ 0.46793967 -0.5850604  -1.477564    0.5876883   0.0297215   0.5407803
  0.02055941 -0.8577759   1.515889   -0.03774609  0.05910405 -0.5991515
  0.91824466 -0.2656538  -0.0913483   0.10136936  1.0639832  -0.21075876
  0.13374688  0.1217854   0.2731851  -1.4403633  -0.5488173  -0.30345976
  0.50906307 -0.53296685  0.33523571 -0.3071468  -0.12786742  0.04326365
 -0.10837822 -0.29635024]
X_ 3 postcondition: > 0.95
[ 0.46793967 -0.5850604  -1.477564    0.5876883   0.0297215   0.5407803
  0.02055941 -0.8577759   1.515889   -0.03774609  0.05910405 -0.5991515
  0.91824466 -0.2656538  -0.0913483   0.10136936  1.0639832  -0.21075876
  0.13374688  0.1217854   0.2731851  -1.4403633  -0.5488173  -0.30345976
  0.50906307 -0.53296685  0.33523571 -0.3071468  -0.12786742  0.04326365
 -0.10837822 -0.29635024]
X_ 3 postcondition: < 0.95
[ 0.46793967 -0.5850604  -1.477564    0.5876883   0.0297215   0.5407803
  0.02055941 -0.8577759   1.515889   -0.03774609  0.05910405 -0.5991515
  0.91824466 -0.2656538  -0.0913483   0.10136936  1.0639832  -0.21075876
  0.13374688  0.1217854   0.2731851  -1.4403633  -0.5488173  -0.30345976
  0.50906307 -0.53296685  0.33523571 -0.3071468  -0.12786742  0.04326365
 -0.10837822 -0.29635024]
X_ 3 postcondition: == 0.95
[ 0.46793967 -0.5850604  -1.477564    0.5876883   0.0297215   0.5407803
  0.02055941 -0.8577759   1.515889   -0.03774609  0.05910405 -0.5991515
  0.91824466 -0.2656538  -0.0913483   0.10136936  1.0639832  -0.21075876
  0.13374688  0.1217854   0.2731851  -1.4403633  -0.5488173  -0.30345976
  0.50906307 -0.53296685  0.33523571 -0.3071468  -0.12786742  0.04326365
 -0.10837822 -0.29635024]
X_ 3 postcondition: != 0.95
[ 0.46793967 -0.5850604  -1.477564    0.5876883   0.0297215   0.5407803
  0.02055941 -0.8577759   1.515889   -0.03774609  0.05910405 -0.5991515
  0.91824466 -0.2656538  -0.0913483   0.10136936  1.0639832  -0.21075876
  0.13374688  0.1217854   0.2731851  -1.4403633  -0.5488173  -0.30345976
  0.50906307 -0.53296685  0.33523571 -0.3071468  -0.12786742  0.04326365
 -0.10837822 -0.29635024]
X_ 3 postcondition: >= 0.99
[ 0.4876424  -0.6096944  -1.5397773   0.6124331   0.03097294  0.56355
  0.02142507 -0.8938929   1.5797161  -0.03933543  0.06159266 -0.6243789
  0.9569077  -0.2768392  -0.09519453  0.10563756  1.1087825  -0.21963279
  0.13937831  0.1269132   0.28468773 -1.5010103  -0.5719254  -0.31623703
  0.53049725 -0.5554075   0.3493509  -0.3200793  -0.13325128  0.04508527
 -0.11294151 -0.30882812]
X_ 3 postcondition: <= 0.99
[ 0.4876424  -0.6096944  -1.5397773   0.6124331   0.03097294  0.56355
  0.02142507 -0.8938929   1.5797161  -0.03933543  0.06159266 -0.6243789
  0.9569077  -0.2768392  -0.09519453  0.10563756  1.1087825  -0.21963279
  0.13937831  0.1269132   0.28468773 -1.5010103  -0.5719254  -0.31623703
  0.53049725 -0.5554075   0.3493509  -0.3200793  -0.13325128  0.04508527
 -0.11294151 -0.30882812]
X_ 3 postcondition: > 0.99
[ 0.4876424  -0.6096944  -1.5397773   0.6124331   0.03097294  0.56355
  0.02142507 -0.8938929   1.5797161  -0.03933543  0.06159266 -0.6243789
  0.9569077  -0.2768392  -0.09519453  0.10563756  1.1087825  -0.21963279
  0.13937831  0.1269132   0.28468773 -1.5010103  -0.5719254  -0.31623703
  0.53049725 -0.5554075   0.3493509  -0.3200793  -0.13325128  0.04508527
 -0.11294151 -0.30882812]
X_ 3 postcondition: < 0.99
[ 0.4876424  -0.6096944  -1.5397773   0.6124331   0.03097294  0.56355
  0.02142507 -0.8938929   1.5797161  -0.03933543  0.06159266 -0.6243789
  0.9569077  -0.2768392  -0.09519453  0.10563756  1.1087825  -0.21963279
  0.13937831  0.1269132   0.28468773 -1.5010103  -0.5719254  -0.31623703
  0.53049725 -0.5554075   0.3493509  -0.3200793  -0.13325128  0.04508527
 -0.11294151 -0.30882812]
X_ 3 postcondition: == 0.99
[ 0.4876424  -0.6096944  -1.5397773   0.6124331   0.03097294  0.56355
  0.02142507 -0.8938929   1.5797161  -0.03933543  0.06159266 -0.6243789
  0.9569077  -0.2768392  -0.09519453  0.10563756  1.1087825  -0.21963279
  0.13937831  0.1269132   0.28468773 -1.5010103  -0.5719254  -0.31623703
  0.53049725 -0.5554075   0.3493509  -0.3200793  -0.13325128  0.04508527
 -0.11294151 -0.30882812]
X_ 3 postcondition: != 0.99
[ 0.4876424  -0.6096944  -1.5397773   0.6124331   0.03097294  0.56355
  0.02142507 -0.8938929   1.5797161  -0.03933543  0.06159266 -0.6243789
  0.9569077  -0.2768392  -0.09519453  0.10563756  1.1087825  -0.21963279
  0.13937831  0.1269132   0.28468773 -1.5010103  -0.5719254  -0.31623703
  0.53049725 -0.5554075   0.3493509  -0.3200793  -0.13325128  0.04508527
 -0.11294151 -0.30882812]
X_ 4 postcondition: >= 0.75
[ 0.461311    0.09150226 -0.74521124 -0.18816659  0.19228438 -0.4799668
  0.16533862  0.29713044 -0.43491307 -0.06691412  0.9345082  -1.6566905
  0.11671963  0.1769273  -0.29619768  0.5048044 ]
X_ 4 postcondition: <= 0.75
[ 0.461311    0.09150226 -0.74521124 -0.18816659  0.19228438 -0.4799668
  0.16533862  0.29713044 -0.43491307 -0.06691412  0.9345082  -1.6566905
  0.11671963  0.1769273  -0.29619768  0.5048044 ]
X_ 4 postcondition: > 0.75
[ 0.461311    0.09150226 -0.74521124 -0.18816659  0.19228438 -0.4799668
  0.16533862  0.29713044 -0.43491307 -0.06691412  0.9345082  -1.6566905
  0.11671963  0.1769273  -0.29619768  0.5048044 ]
X_ 4 postcondition: < 0.75
[ 0.461311    0.09150226 -0.74521124 -0.18816659  0.19228438 -0.4799668
  0.16533862  0.29713044 -0.43491307 -0.06691412  0.9345082  -1.6566905
  0.11671963  0.1769273  -0.29619768  0.5048044 ]
X_ 4 postcondition: == 0.75
[ 0.461311    0.09150226 -0.74521124 -0.18816659  0.19228438 -0.4799668
  0.16533862  0.29713044 -0.43491307 -0.06691412  0.9345082  -1.6566905
  0.11671963  0.1769273  -0.29619768  0.5048044 ]
X_ 4 postcondition: != 0.75
[ 0.461311    0.09150226 -0.74521124 -0.18816659  0.19228438 -0.4799668
  0.16533862  0.29713044 -0.43491307 -0.06691412  0.9345082  -1.6566905
  0.11671963  0.1769273  -0.29619768  0.5048044 ]
X_ 4 postcondition: >= 0.9
[ 0.5535732   0.10980272 -0.8942535  -0.22579992  0.23074134 -0.57596016
  0.19840631  0.3565565  -0.52189565 -0.08029694  1.1214098  -1.9880286
  0.14006355  0.21231274 -0.3554372   0.6057652 ]
X_ 4 postcondition: <= 0.9
[ 0.5535732   0.10980272 -0.8942535  -0.22579992  0.23074134 -0.57596016
  0.19840631  0.3565565  -0.52189565 -0.08029694  1.1214098  -1.9880286
  0.14006355  0.21231274 -0.3554372   0.6057652 ]
X_ 4 postcondition: > 0.9
[ 0.5535732   0.10980272 -0.8942535  -0.22579992  0.23074134 -0.57596016
  0.19840631  0.3565565  -0.52189565 -0.08029694  1.1214098  -1.9880286
  0.14006355  0.21231274 -0.3554372   0.6057652 ]
X_ 4 postcondition: < 0.9
[ 0.5535732   0.10980272 -0.8942535  -0.22579992  0.23074134 -0.57596016
  0.19840631  0.3565565  -0.52189565 -0.08029694  1.1214098  -1.9880286
  0.14006355  0.21231274 -0.3554372   0.6057652 ]
X_ 4 postcondition: == 0.9
[ 0.5535732   0.10980272 -0.8942535  -0.22579992  0.23074134 -0.57596016
  0.19840631  0.3565565  -0.52189565 -0.08029694  1.1214098  -1.9880286
  0.14006355  0.21231274 -0.3554372   0.6057652 ]
X_ 4 postcondition: != 0.9
[ 0.5535732   0.10980272 -0.8942535  -0.22579992  0.23074134 -0.57596016
  0.19840631  0.3565565  -0.52189565 -0.08029694  1.1214098  -1.9880286
  0.14006355  0.21231274 -0.3554372   0.6057652 ]
X_ 4 postcondition: >= 0.95
[ 0.5843273   0.11590288 -0.9439342  -0.23834434  0.24356031 -0.60795796
  0.20942892  0.3763652  -0.55088985 -0.08475789  1.1837103  -2.0984747
  0.14784488  0.2241079  -0.37518373  0.6394189 ]
X_ 4 postcondition: <= 0.95
[ 0.5843273   0.11590288 -0.9439342  -0.23834434  0.24356031 -0.60795796
  0.20942892  0.3763652  -0.55088985 -0.08475789  1.1837103  -2.0984747
  0.14784488  0.2241079  -0.37518373  0.6394189 ]
X_ 4 postcondition: > 0.95
[ 0.5843273   0.11590288 -0.9439342  -0.23834434  0.24356031 -0.60795796
  0.20942892  0.3763652  -0.55088985 -0.08475789  1.1837103  -2.0984747
  0.14784488  0.2241079  -0.37518373  0.6394189 ]
X_ 4 postcondition: < 0.95
[ 0.5843273   0.11590288 -0.9439342  -0.23834434  0.24356031 -0.60795796
  0.20942892  0.3763652  -0.55088985 -0.08475789  1.1837103  -2.0984747
  0.14784488  0.2241079  -0.37518373  0.6394189 ]
X_ 4 postcondition: == 0.95
[ 0.5843273   0.11590288 -0.9439342  -0.23834434  0.24356031 -0.60795796
  0.20942892  0.3763652  -0.55088985 -0.08475789  1.1837103  -2.0984747
  0.14784488  0.2241079  -0.37518373  0.6394189 ]
X_ 4 postcondition: != 0.95
[ 0.5843273   0.11590288 -0.9439342  -0.23834434  0.24356031 -0.60795796
  0.20942892  0.3763652  -0.55088985 -0.08475789  1.1837103  -2.0984747
  0.14784488  0.2241079  -0.37518373  0.6394189 ]
X_ 4 postcondition: >= 0.99
[ 0.6089305   0.120783   -0.9836788  -0.24837992  0.25381544 -0.6335562
  0.21824697  0.39221218 -0.57408524 -0.08832664  1.2335507  -2.1868317
  0.15406992  0.23354407 -0.390981    0.6663418 ]
X_ 4 postcondition: <= 0.99
[ 0.6089305   0.120783   -0.9836788  -0.24837992  0.25381544 -0.6335562
  0.21824697  0.39221218 -0.57408524 -0.08832664  1.2335507  -2.1868317
  0.15406992  0.23354407 -0.390981    0.6663418 ]
X_ 4 postcondition: > 0.99
[ 0.6089305   0.120783   -0.9836788  -0.24837992  0.25381544 -0.6335562
  0.21824697  0.39221218 -0.57408524 -0.08832664  1.2335507  -2.1868317
  0.15406992  0.23354407 -0.390981    0.6663418 ]
X_ 4 postcondition: < 0.99
[ 0.6089305   0.120783   -0.9836788  -0.24837992  0.25381544 -0.6335562
  0.21824697  0.39221218 -0.57408524 -0.08832664  1.2335507  -2.1868317
  0.15406992  0.23354407 -0.390981    0.6663418 ]
X_ 4 postcondition: == 0.99
[ 0.6089305   0.120783   -0.9836788  -0.24837992  0.25381544 -0.6335562
  0.21824697  0.39221218 -0.57408524 -0.08832664  1.2335507  -2.1868317
  0.15406992  0.23354407 -0.390981    0.6663418 ]
X_ 4 postcondition: != 0.99
[ 0.6089305   0.120783   -0.9836788  -0.24837992  0.25381544 -0.6335562
  0.21824697  0.39221218 -0.57408524 -0.08832664  1.2335507  -2.1868317
  0.15406992  0.23354407 -0.390981    0.6663418 ]
X_ 5 postcondition: >= 0.75
[  0.4469993  22.757212   -2.8876815   9.924587   11.673026   -1.8196402
 117.65483    -6.436608 ]
X_ 5 postcondition: <= 0.75
[  0.4469993  22.757212   -2.8876815   9.924587   11.673026   -1.8196402
 117.65483    -6.436608 ]
X_ 5 postcondition: > 0.75
[  0.4469993  22.757212   -2.8876815   9.924587   11.673026   -1.8196402
 117.65483    -6.436608 ]
X_ 5 postcondition: < 0.75
[  0.4469993  22.757212   -2.8876815   9.924587   11.673026   -1.8196402
 117.65483    -6.436608 ]
X_ 5 postcondition: == 0.75
[  0.4469993  22.757212   -2.8876815   9.924587   11.673026   -1.8196402
 117.65483    -6.436608 ]
X_ 5 postcondition: != 0.75
[  0.4469993  22.757212   -2.8876815   9.924587   11.673026   -1.8196402
 117.65483    -6.436608 ]
X_ 5 postcondition: >= 0.9
[  0.53640175  27.30865     -3.4652178   11.909506    14.007629
  -2.183569   141.18579     -7.7239294 ]
X_ 5 postcondition: <= 0.9
[  0.53640175  27.30865     -3.4652178   11.909506    14.007629
  -2.183569   141.18579     -7.7239294 ]
X_ 5 postcondition: > 0.9
[  0.53640175  27.30865     -3.4652178   11.909506    14.007629
  -2.183569   141.18579     -7.7239294 ]
X_ 5 postcondition: < 0.9
[  0.53640175  27.30865     -3.4652178   11.909506    14.007629
  -2.183569   141.18579     -7.7239294 ]
X_ 5 postcondition: == 0.9
[  0.53640175  27.30865     -3.4652178   11.909506    14.007629
  -2.183569   141.18579     -7.7239294 ]
X_ 5 postcondition: != 0.9
[  0.53640175  27.30865     -3.4652178   11.909506    14.007629
  -2.183569   141.18579     -7.7239294 ]
X_ 5 postcondition: >= 0.95
[  0.56620145  28.8258      -3.65773     12.571146    14.785831
  -2.3048782  149.02946     -8.153037  ]
X_ 5 postcondition: <= 0.95
[  0.56620145  28.8258      -3.65773     12.571146    14.785831
  -2.3048782  149.02946     -8.153037  ]
X_ 5 postcondition: > 0.95
[  0.56620145  28.8258      -3.65773     12.571146    14.785831
  -2.3048782  149.02946     -8.153037  ]
X_ 5 postcondition: < 0.95
[  0.56620145  28.8258      -3.65773     12.571146    14.785831
  -2.3048782  149.02946     -8.153037  ]
X_ 5 postcondition: == 0.95
[  0.56620145  28.8258      -3.65773     12.571146    14.785831
  -2.3048782  149.02946     -8.153037  ]
X_ 5 postcondition: != 0.95
[  0.56620145  28.8258      -3.65773     12.571146    14.785831
  -2.3048782  149.02946     -8.153037  ]
X_ 5 postcondition: >= 0.99
[  0.59004116  30.039518    -3.81174     13.100458    15.408394
  -2.4019241  155.30438     -8.496323  ]
X_ 5 postcondition: <= 0.99
[  0.59004116  30.039518    -3.81174     13.100458    15.408394
  -2.4019241  155.30438     -8.496323  ]
X_ 5 postcondition: > 0.99
[  0.59004116  30.039518    -3.81174     13.100458    15.408394
  -2.4019241  155.30438     -8.496323  ]
X_ 5 postcondition: < 0.99
[  0.59004116  30.039518    -3.81174     13.100458    15.408394
  -2.4019241  155.30438     -8.496323  ]
X_ 5 postcondition: == 0.99
[  0.59004116  30.039518    -3.81174     13.100458    15.408394
  -2.4019241  155.30438     -8.496323  ]
X_ 5 postcondition: != 0.99
[  0.59004116  30.039518    -3.81174     13.100458    15.408394
  -2.4019241  155.30438     -8.496323  ]
X_ 6 postcondition: >= 0.75
[-2.5429277 -1.9071958  0.         0.       ]
X_ 6 postcondition: <= 0.75
[-2.5429277 -1.9071958  0.         0.       ]
X_ 6 postcondition: > 0.75
[-2.5429277 -1.9071958  0.         0.       ]
X_ 6 postcondition: < 0.75
[-2.5429277 -1.9071958  0.         0.       ]
X_ 6 postcondition: == 0.75
[-2.5429277 -1.9071958  0.         0.       ]
X_ 6 postcondition: != 0.75
[-2.5429277 -1.9071958  0.         0.       ]
X_ 6 postcondition: >= 0.9
[-3.0515132 -2.2886348  0.         0.       ]
X_ 6 postcondition: <= 0.9
[-3.0515132 -2.2886348  0.         0.       ]
X_ 6 postcondition: > 0.9
[-3.0515132 -2.2886348  0.         0.       ]
X_ 6 postcondition: < 0.9
[-3.0515132 -2.2886348  0.         0.       ]
X_ 6 postcondition: == 0.9
[-3.0515132 -2.2886348  0.         0.       ]
X_ 6 postcondition: != 0.9
[-3.0515132 -2.2886348  0.         0.       ]
X_ 6 postcondition: >= 0.95
[-3.221042  -2.4157813  0.         0.       ]
X_ 6 postcondition: <= 0.95
[-3.221042  -2.4157813  0.         0.       ]
X_ 6 postcondition: > 0.95
[-3.221042  -2.4157813  0.         0.       ]
X_ 6 postcondition: < 0.95
[-3.221042  -2.4157813  0.         0.       ]
X_ 6 postcondition: == 0.95
[-3.221042  -2.4157813  0.         0.       ]
X_ 6 postcondition: != 0.95
[-3.221042  -2.4157813  0.         0.       ]
X_ 6 postcondition: >= 0.99
[-3.3566647 -2.5174985  0.         0.       ]
X_ 6 postcondition: <= 0.99
[-3.3566647 -2.5174985  0.         0.       ]
X_ 6 postcondition: > 0.99
[-3.3566647 -2.5174985  0.         0.       ]
X_ 6 postcondition: < 0.99
[-3.3566647 -2.5174985  0.         0.       ]
X_ 6 postcondition: == 0.99
[-3.3566647 -2.5174985  0.         0.       ]
X_ 6 postcondition: != 0.99
[-3.3566647 -2.5174985  0.         0.       ]
Weakest precondition: [ 0.01509069  0.00786222  0.00972295 -0.05469678  0.04753216 -0.01940777
 -0.0099246  -0.06968004  0.01910579 -0.05339326 -0.00499056  0.01661061
 -0.01793177  0.04851513 -0.03852879  0.00881254 -0.01390433 -0.00161999
  0.05420024  0.00773895 -0.02705855 -0.01147458]
Features:  ['Age' 'Job' 'Credit amount' 'Duration' 'Sex_female' 'Sex_male'
 'Housing_free' 'Housing_own' 'Housing_rent' 'Saving accounts_little'
 'Saving accounts_moderate' 'Saving accounts_quite rich'
 'Checking account_little' 'Checking account_moderate'
 'Checking account_rich' 'Purpose_business' 'Purpose_car'
 'Purpose_domestic appliances' 'Purpose_education'
 'Purpose_furniture/equipment' 'Purpose_radio/TV' 'Purpose_repairs']
Features length:  22
Weakest precondition size  22

Checking precondition violation:   0%|          | 0/22 [00:00<?, ?it/s]
Checking precondition violation: 100%|| 22/22 [00:00<00:00, 2204.47it/s]
