Number of layers in the model: 3
Layer: dense
Layer: dense_1
Layer: dense_2
Number of selected layers in the model: 3
#weights: 3 | #biases: 3 | #N: 3 | #Gamma: 3
W_ 1 : [[-1.73593327e-01 -4.60720882e-02  1.68022186e-01 -1.63527533e-01
  -2.13783160e-01 -5.54737151e-01  7.33159840e-01  4.64998335e-02
   2.50528961e-01 -1.64138511e-01 -5.66759482e-02 -8.64875838e-02
  -5.93232960e-02  1.01589762e-01  3.98714423e-01 -6.05288334e-02
  -1.93712175e-01 -2.00579092e-01 -1.89562127e-01  1.93042651e-01
  -2.89361309e-02  2.39260688e-01]
 [ 1.42658913e+00 -7.01219663e-02 -2.16486275e-01  1.54977158e-01
   1.80547293e-02 -6.37068510e-01  8.54491413e-01  2.47237757e-01
   4.72898692e-01 -2.26961926e-01 -5.62498927e-01  2.22303361e-01
  -4.88665670e-01  4.12215851e-02  3.22585315e-01 -3.74849588e-01
  -1.31326452e-01 -4.06177551e-01  4.37870882e-02 -2.19898343e-01
  -5.65936230e-02  6.31739378e-01]
 [-1.75553739e-01 -1.89103842e-01  1.55763507e-01  8.78158137e-02
  -8.33126600e-04 -4.75557242e-03  9.89660155e-03 -4.15686052e-03
  -6.81946278e-02  1.07427992e-01 -1.30042478e-01 -2.62519550e-02
   9.89137916e-04  1.10125728e-01 -1.88288495e-01  7.34682083e-02
   4.49818671e-02 -1.26069993e-01 -1.96325011e-03 -1.69697016e-01
   1.46136925e-01 -2.11054776e-02]
 [-1.22662790e-01  1.54682072e-02  1.55481294e-01  1.46189585e-01
   9.11234245e-02 -1.02186456e-01  1.73102930e-01  1.52439654e-01
  -2.31365021e-02 -6.53237998e-02 -1.89625055e-01  3.40159684e-01
   3.02867919e-01 -1.01976149e-01  1.37548015e-01  1.91205204e-01
  -2.97935633e-03 -6.96457803e-01 -2.83309817e-01  3.28482777e-01
   2.26457626e-01  5.75288355e-01]
 [ 2.32966185e-01  1.15542173e+00 -5.77715449e-02  2.38109566e-02
   3.26395519e-02  5.03208876e-01  1.04409778e+00  2.63612896e-01
   8.23054492e-01 -1.37715578e-01 -8.83988440e-02  3.36028516e-01
  -5.56149721e-01 -1.05052754e-01 -3.57132703e-02 -6.48168206e-01
  -1.24607421e-01  1.39812931e-01  1.36007443e-01  6.12254798e-01
  -3.23656052e-01  9.81473446e-01]
 [-1.12771774e-02 -1.42751681e-02  2.37549141e-01 -2.99666822e-01
  -6.92219380e-03 -2.00855210e-01 -6.25957549e-01 -1.10890754e-02
  -2.49909788e-01 -1.20969400e-01  2.03075543e-01  1.33218411e-02
  -6.51909634e-02  1.54994056e-01  1.84124857e-01 -3.01278234e-01
   1.73188329e-01 -3.36938977e-01  2.24206597e-03 -8.61031264e-02
  -2.11451158e-01 -6.01387247e-02]
 [ 8.97512674e-01  7.83190280e-02  2.85250634e-01  4.45382506e-01
   8.56120735e-02 -1.22183526e+00  2.14840007e+00 -7.18896568e-01
   8.53170872e-01  6.59533292e-02 -3.00254047e-01  6.85265720e-01
  -3.17371637e-02  2.99706832e-02  2.41453648e-01 -2.93538570e-01
  -3.15136343e-01 -3.33335586e-02 -3.34994406e-01 -4.71909761e-01
  -7.49696791e-02  8.12178791e-01]
 [-1.39630541e-01 -1.39295086e-01  1.86045080e-01 -8.16872865e-02
  -3.01122107e-02  2.48243392e-01  6.98512420e-02  5.11124544e-02
   1.29782021e-01  1.90654285e-02 -3.97595167e-02  3.61276381e-02
   1.05481200e-01  9.25018489e-02 -7.10793883e-02 -1.13548644e-01
  -8.35065264e-04  1.54335156e-01 -2.58761495e-01  2.25852787e-01
   4.11924869e-02 -4.49672699e-01]
 [ 8.66680264e-01  3.92192304e-01 -3.81518602e-01 -3.04147273e-01
  -7.24810064e-02 -1.43104911e+00 -2.12490559e-01  1.04101837e-01
   3.81663501e-01  2.83086270e-01 -2.76101112e-01 -5.07376373e-01
  -8.79742131e-02  1.62486613e-01  4.99713495e-02  3.93638940e-04
   9.27124768e-02  1.88261434e-01 -2.40523338e-01 -9.74958986e-02
  -2.59477049e-01 -1.00348496e+00]
 [ 4.00882810e-01  5.36377788e-01 -1.57008016e+00 -1.47296548e+00
   6.15836561e-01 -4.49323684e-01 -2.75540090e+00  5.67438960e-01
   3.66424561e-01 -1.13852930e+00 -1.51303017e+00 -1.33493853e+00
  -3.45875233e-01  1.28037512e+00  1.14578116e+00  1.36593258e+00
   1.53481531e+00 -6.43040299e-01  1.92364618e-01  4.54169095e-01
   1.07809913e+00 -1.00611913e+00]
 [ 4.62339193e-01  2.68335342e+00  9.56227660e-01  7.30541885e-01
  -8.39297295e-01 -1.41119277e+00  2.28872633e+00 -6.91545188e-01
   8.85897815e-01  7.98379123e-01  1.86540186e-01  8.05619895e-01
   7.73264408e-01 -4.55435187e-01 -4.35971916e-01 -6.54382825e-01
  -1.47346032e+00  8.91340911e-01  1.24418184e-01 -1.72942698e+00
  -1.04042804e+00  1.40359747e+00]
 [ 1.35791469e+00  2.73068726e-01  1.10067427e+00  7.32623935e-01
  -6.97846234e-01 -1.88190639e+00  2.41522241e+00 -6.22974515e-01
   1.58575678e+00  1.33324075e+00 -3.05765390e-01  5.84510744e-01
   9.86114621e-01 -9.06820416e-01  1.44648388e-01 -7.34929740e-01
  -1.41090262e+00 -2.03882918e-01 -3.16080958e-01 -2.02206349e+00
  -1.16301346e+00 -3.21920007e-01]
 [-1.85871816e+00 -1.18343186e+00  3.31490934e-02  3.33274394e-01
   4.43719000e-01  2.31989130e-01  1.80686367e+00  2.30710320e-02
   7.79000401e-01 -5.50239623e-01  7.61754036e-01  1.68402746e-01
  -1.15816914e-01 -5.17249666e-02 -9.92833555e-01 -6.73368692e-01
  -6.43683016e-01  2.32046559e-01  1.70716435e-01  2.03827071e+00
  -2.58386508e-02  7.12638795e-01]
 [ 8.14709961e-02  3.59568417e-01 -1.30318269e-01 -2.75908917e-01
   4.09220338e-01 -6.97474122e-01 -4.38433439e-01 -3.68449837e-01
   2.82071382e-01 -2.32793599e-01  1.45299301e-01 -5.69822155e-02
  -4.03672546e-01 -2.02068806e-01 -3.36383998e-01 -3.58093083e-01
   1.96331665e-01  2.72347689e-01  2.82721221e-01  8.15222204e-01
   3.50056469e-01  3.42831790e-01]
 [-9.67964232e-01 -1.41568279e+00 -8.65762532e-01 -6.45282269e-01
   8.97421300e-01  8.72627079e-01 -1.07755530e+00 -2.65682489e-01
  -6.10970318e-01 -1.14114428e+00  2.21275732e-01 -4.16811287e-01
  -1.06109571e+00  7.45344758e-01  3.24706674e-01  8.42636526e-01
   1.12734270e+00 -3.06472689e-01 -4.36208546e-02  1.35904086e+00
   9.94378567e-01  6.46671131e-02]
 [ 7.57739663e-01 -5.65709352e-01  6.95295632e-01  2.89977610e-01
  -6.94151938e-01 -7.10205212e-02 -4.86815006e-01  6.95599914e-01
  -5.42469323e-01  7.62087703e-01 -3.10339183e-01 -2.53847539e-01
  -4.03858900e-01 -1.03716761e-01  8.63618016e-01 -9.37295675e-01
  -3.46965015e-01  1.63583860e-01 -1.24788404e-01  1.10074317e+00
  -3.02267820e-01 -3.40313166e-01]
 [ 1.28432977e+00  7.11171269e-01  2.84577608e-01 -1.67647153e-01
  -7.98397779e-01 -5.22772014e-01  1.68824172e+00 -7.99563587e-01
   9.86840069e-01  7.40566850e-01  6.63809717e-01  9.22931254e-01
   7.97710776e-01  2.37023816e-01 -3.33829075e-01 -1.95810243e-01
  -3.43094289e-01 -2.88755566e-01 -2.93519586e-01 -1.34634066e+00
  -5.16919792e-01  4.08368051e-01]
 [-4.31771010e-01  3.55974466e-01 -8.92082632e-01 -8.92391622e-01
  -4.97559518e-01  1.40330896e-01 -1.46607578e+00  1.13501942e+00
   3.94007266e-01 -9.26740408e-01 -1.69420278e+00 -1.70988631e+00
  -1.30578995e+00  4.06515479e-01  1.67069185e+00  1.13623893e+00
   1.56808341e+00  4.28378522e-01 -4.61526290e-02  5.99276423e-01
   7.41435647e-01 -1.21406460e+00]
 [ 2.02798888e-01  8.81205857e-01  2.15419650e-01  1.51850522e-01
  -4.10101324e-01 -2.37485602e-01 -1.28276899e-01 -6.71711147e-01
  -3.54276597e-01 -2.70091921e-01  1.14091885e+00  6.14875078e-01
  -1.55813128e-01 -5.56186557e-01 -9.42762554e-01 -3.19784552e-01
  -3.07833850e-01 -1.92271948e-01 -3.83037180e-01 -1.34551525e+00
   2.75734514e-01 -1.10434078e-01]
 [-1.08853257e+00  6.61983967e-01  4.29759353e-01  4.66819435e-01
   5.31752348e-01  7.55237222e-01  1.12696445e+00  8.71611655e-01
  -3.43807817e-01 -7.45757595e-02  1.79144084e-01 -7.71728039e-01
  -5.99664867e-01 -5.64160466e-01  6.30575180e-01 -3.74815851e-01
   3.73367742e-02 -2.28160948e-01  1.73096597e-01 -2.66806543e-01
  -3.14044476e-01  2.88365990e-01]
 [ 1.20426297e+00  9.99548316e-01  3.42191547e-01  3.24049026e-01
   1.97591588e-01  1.09949410e+00 -8.51922572e-01  8.72109592e-01
   5.24069548e-01  9.94347572e-01 -1.27492511e+00 -6.44043088e-02
   2.48892531e-01 -4.05234635e-01  9.50186312e-01 -8.94775614e-02
  -1.07757568e-01 -6.20068908e-02 -3.32074016e-01  7.02872723e-02
  -9.36530948e-01  4.04335186e-02]
 [-1.74591506e+00  2.29933095e+00 -3.06010470e-02 -1.22111589e-01
  -8.00505057e-02 -1.07172966e+00  1.06088495e+00  2.33233079e-01
   9.54577744e-01  2.89518058e-01  5.87313533e-01  2.99870431e-01
  -8.81105065e-02 -2.85253555e-01  1.22168578e-01 -3.35205436e-01
  -2.83148080e-01  7.43110120e-01  5.26209921e-02 -1.30670047e+00
  -2.49593347e-01  8.60265255e-01]
 [ 1.88765776e+00  6.17831230e-01  5.36055602e-02 -7.20904171e-02
  -2.44931310e-01 -3.10151905e-01  8.64983320e-01  3.77906975e-03
  -3.41459692e-01 -5.56978524e-01 -8.30422416e-02  3.43808858e-03
  -7.27913156e-02  3.45870137e-01  8.04244950e-02 -1.31183818e-01
   3.86718988e-01  2.62094796e-01  4.28518355e-02  2.67338663e-01
  -1.37570232e-01  1.33157301e+00]
 [ 1.06952436e-01  1.70420814e+00  9.76620913e-01  1.06702769e+00
  -8.04022610e-01 -1.03590512e+00 -5.36857665e-01 -4.67316687e-01
   1.22003365e+00  2.64634881e-02  6.53967917e-01  3.82864811e-02
   1.09009564e+00 -5.28692245e-01 -9.37953651e-01 -6.87249422e-01
  -1.36378694e+00  3.32685381e-01  8.15013573e-02 -1.96895134e+00
  -1.10616028e+00  2.71632761e-01]
 [ 4.76983786e-01 -5.69452703e-01  1.47146177e+00  1.30822968e+00
  -1.37245870e+00 -1.99834526e+00  3.08401752e+00 -9.19996679e-01
   9.43332672e-01  2.35806489e+00  4.36321288e-01  2.19441223e+00
   7.38329649e-01 -8.81473839e-01 -4.54112351e-01 -1.52685857e+00
  -1.56781554e+00  4.41947550e-01 -1.21683262e-01 -9.93621111e-01
  -1.63596880e+00  9.84553874e-01]
 [ 2.45472163e-01  1.37305701e+00  1.17618990e+00  9.86765146e-01
  -6.13171935e-01  4.50255036e-01 -5.62537536e-02 -3.08907568e-01
   8.82356092e-02  4.41387266e-01  3.20652276e-01  1.44442737e+00
   6.41846597e-01  2.93482959e-01 -5.63266933e-01 -8.89801502e-01
  -1.18350935e+00 -3.51651907e-01  1.28345400e-01  5.14875948e-02
  -8.18599820e-01  1.13041389e+00]
 [-5.97573519e-01  1.29922584e-01 -6.78561032e-01 -8.21228683e-01
  -2.45568469e-01  7.28470922e-01  1.22929323e+00 -1.82838008e-01
   4.97288555e-01 -1.02734637e+00  4.71721947e-01  3.16202819e-01
  -3.56727391e-01  6.95313334e-01 -4.49106008e-01  6.10991001e-01
   3.51731509e-01 -3.15787822e-01  1.27792269e-01  1.09255649e-01
   4.00087565e-01  2.40895510e-01]
 [-6.44007146e-01  3.28313065e+00  2.90158963e+00  3.15341663e+00
  -1.10046363e+00  1.78380072e+00  1.31081438e+00 -6.51041210e-01
  -1.39399374e+00  2.79134917e+00  1.51598656e+00  3.63329482e+00
   7.76495397e-01 -1.98148906e+00 -1.78512454e+00 -2.89113426e+00
  -2.80092525e+00 -4.61847126e-01 -1.75060630e-01  1.45616293e+00
  -2.83859491e+00  3.13114548e+00]]
W_ 2 : [[ 6.69081211e-02  4.71729755e-01 -3.93935800e-01  3.53908539e-02
   4.37334441e-02 -2.15703413e-01  6.88661030e-03 -2.60682642e-01
  -4.88508105e-01 -7.76544213e-01]
 [ 4.07995582e-01  3.74733567e-01 -2.84961313e-01 -2.19459966e-01
   9.66269523e-02 -5.39611638e-01 -3.59177142e-01 -5.28826974e-02
  -3.86916876e-01 -4.06896114e-01]
 [-1.32616296e-01  1.62551001e-01 -2.18126550e-01  1.78274333e-01
  -1.04143463e-01 -2.98316747e-01 -1.22753337e-01  3.71750146e-01
  -1.24754816e-01 -2.28559896e-01]
 [ 9.31618288e-02 -1.15871020e-01 -6.46803603e-02 -1.46835655e-01
   2.38078579e-01 -4.53141294e-02 -4.00958151e-01  2.32471898e-01
  -7.50626251e-02  3.79942544e-02]
 [-1.86305478e-01 -1.03577703e-01  2.94386484e-02 -1.96967885e-01
  -8.28976780e-02  3.01122546e-01  1.41597480e-01  1.52683660e-01
   4.80931550e-01 -9.43629146e-02]
 [-4.52941507e-01  1.27014652e-01  1.74951807e-01 -1.90868869e-01
  -1.81675926e-02  9.17591807e-03  3.20157975e-01 -2.63174176e-01
   2.36230627e-01  2.05713093e-01]
 [ 2.30851859e-01 -2.75513858e-01  1.62744179e-01 -3.49554598e-01
  -1.62250772e-01 -2.87537992e-01 -3.60831499e-01 -4.06625241e-01
   1.42984614e-01  3.53927106e-01]
 [-8.29361305e-02 -4.22035962e-01 -2.39502087e-01  4.00329471e-01
  -2.90159792e-01 -3.50754887e-01 -1.21454289e-02  1.44597605e-01
  -1.84384480e-01 -2.80232161e-01]
 [-1.57128777e-02 -3.76130283e-01 -3.23299617e-01 -1.54351339e-01
   3.72776389e-01 -5.02616726e-02 -1.89096048e-01  2.85024017e-01
   3.23891580e-01 -9.67724770e-02]
 [ 2.48930022e-01 -3.40447217e-01  7.30779395e-02 -1.21492036e-01
   1.33151710e-01  1.94734722e-01 -2.44797558e-01  2.19508350e-01
  -5.79859555e-01 -8.20826665e-02]
 [-8.11758488e-02 -2.11753622e-01  1.25583112e-01 -2.12558314e-01
  -6.41235232e-01 -9.08600166e-02  1.46081775e-01 -6.27158117e-03
  -9.16067660e-02  4.16510403e-02]
 [ 3.82480770e-01 -1.57080904e-01 -1.82296470e-01  3.53979588e-01
   1.66680470e-01  1.70242310e-01  1.30134523e-01  3.44827920e-01
   2.22933382e-01  2.40393043e-01]
 [ 2.81377405e-01  1.68859571e-01  3.45261335e-01  1.04971580e-01
  -1.70209333e-01  1.05704919e-01 -2.54830152e-01  1.87393919e-01
  -3.16671342e-01 -2.94074193e-02]
 [ 3.60285759e-01 -1.99934930e-01 -4.13440734e-01  3.19318801e-01
  -2.27930754e-01  2.22744793e-01 -2.54321009e-01  1.46225020e-01
  -1.84665442e-01  8.83981586e-02]
 [ 2.91571282e-02  2.52846569e-01  1.13368988e-01 -1.60080329e-01
   7.76284561e-02 -2.97627449e-01  1.60533965e-01 -3.13111901e-01
  -4.18976307e-01  1.79774731e-01]
 [-1.94400936e-01  4.12912071e-02  1.44370988e-01  3.88474792e-01
   9.08054039e-02  1.71999291e-01  1.52867705e-01  4.17435169e-01
   3.18915278e-01  2.82909036e-01]
 [-2.20719874e-01 -2.15344876e-01 -2.58799642e-01  1.31797403e-01
  -5.43716596e-04  2.98031624e-02 -4.38834876e-01 -1.00874335e-01
   4.75124449e-01 -2.96725750e-01]
 [ 1.00513086e-01 -1.57453895e-01  3.79871666e-01 -5.10409474e-02
  -4.39377874e-01 -9.04318094e-01 -2.15364635e-01 -2.71386445e-01
   1.66645214e-01  2.10190788e-01]
 [-3.31475705e-01  9.94685218e-02 -6.77306056e-02 -2.26860613e-01
  -1.19776011e-01  9.16881040e-02  1.16278432e-01 -1.85706899e-01
  -1.52960733e-01  1.22978397e-01]
 [ 9.74707976e-02 -3.78578693e-01  1.76915020e-01  1.18548185e-01
   8.09017010e-03  4.84274387e-01 -3.83766979e-01  8.06292742e-02
   6.95004910e-02 -8.10607746e-02]
 [-2.94441164e-01  2.01661378e-01  2.50563502e-01 -1.13578498e-01
  -1.16243973e-01  2.41904989e-01  2.17830688e-01 -3.69497597e-01
  -2.34572917e-01  1.05315655e-01]
 [ 9.25101861e-02 -1.07068336e+00 -2.41902322e-01  1.62470728e-01
   4.52640742e-01  1.11528464e-01 -2.99664497e-01  2.39731371e-01
  -2.92992592e-01  3.78622115e-01]]
W_ 3 : [[-0.06284014]
 [ 0.08871182]
 [-0.5803221 ]
 [ 0.48723036]
 [-0.2631763 ]
 [ 0.36612326]
 [-0.57860714]
 [-0.47538292]
 [ 0.38004425]
 [-0.00256546]]
B_ 1 : [-0.10145456  0.6852356   0.19644979  0.12096599 -0.14896664 -1.0215207
  0.9783469  -0.08350871  0.7662854   0.16324438  0.1775025   0.44546035
 -0.01168572 -0.24902849 -0.2314835  -0.29194424 -0.33662963 -0.03366562
 -0.05660993 -0.55313575 -0.18463413  0.6246821 ]
B_ 2 : [ 0.37762696 -1.1442288   0.00216291 -0.29645002  0.42614704 -0.33677563
 -0.0694664   0.2801288  -0.40279436 -0.08907786]
B_ 3 : [-0.38082442]
Activation function of layer_a 1 : relu
Activation function of layer_a 2 : relu
Activation function of layer_a 3 : sigmoid
Gamma_ 1 : [[-5.45787692e-01  1.47030517e-01 -2.49004677e-01 -1.57602414e-01
  -7.28540957e-01 -3.21088791e-01 -1.75426960e-01  1.83753483e-03
   3.29751782e-02 -2.01709960e-02  4.90244776e-02  1.50097102e-01
   3.79084907e-02  3.02143663e-01  2.39970118e-01  3.07936072e-01
   6.57539815e-02 -3.83142009e-02  2.08297879e-01  1.67183742e-01
   4.26173419e-01  3.09105888e-02  3.13099951e-01 -5.75670525e-02
  -3.94981056e-02  2.77749419e-01  3.06206882e-01 -4.67614867e-02]
 [ 1.79012418e-02  1.25384644e-01 -2.86294192e-01  4.39161122e-01
   6.02505028e-01 -6.04288816e-01 -1.23638958e-01  9.89830375e-01
   2.70812869e-01 -1.62107423e-02 -1.77394837e-01 -1.57560617e-01
  -8.30018282e-01  2.37682506e-01  2.89943814e-02  1.88578665e-02
   4.46316600e-03 -1.33108288e-01 -5.41756928e-01  2.04412416e-01
  -5.91980278e-01 -4.09727246e-02 -1.33112326e-01  2.94726551e-01
  -5.70551455e-02 -1.88529193e-02  5.72659224e-02  1.36400700e-01]
 [-8.47453237e-01 -2.30249330e-01  7.04729140e-01 -9.65756625e-02
  -1.97480798e+00  3.22192848e-01  8.09952542e-02 -2.16259867e-01
  -6.97467774e-02 -1.57200217e-01  1.67553946e-01  3.69268358e-01
   5.57560027e-01  1.39884865e+00 -9.12285894e-02  3.26597661e-01
  -1.39877602e-01  2.44575143e-01  5.06196916e-01  5.48931301e-01
   1.23603439e+00  1.25455767e-01  5.19473553e-01 -2.66467601e-01
   1.30089849e-01  8.28191876e-01  9.94469285e-01 -2.83261210e-01]
 [ 3.70871127e-01  1.13659573e+00 -9.52527165e-01  2.69233048e-01
   2.93979198e-02 -1.76817179e+00 -1.50012761e-01  2.11997056e+00
   3.16057742e-01 -2.58442253e-01 -6.68873131e-01 -5.53249121e-01
  -1.22915244e+00  4.26603138e-01  3.94060671e-01 -5.84698260e-01
   4.77149308e-01  6.78186640e-02 -1.19197392e+00  5.94556272e-01
  -1.07769299e+00 -9.25332010e-02 -3.19928020e-01  8.59389246e-01
   1.01645373e-01  1.80015638e-02 -4.55005944e-01  2.78986275e-01]
 [-1.40773559e+00  4.48956370e-01 -1.27482459e-01  4.08884704e-01
  -6.60169363e-01  2.14034542e-01 -1.66943863e-01  1.10821426e+00
   1.63612068e-01  8.51618797e-02  3.52941692e-01  6.16417050e-01
   7.45221227e-02  2.98734635e-01  9.09970522e-01  2.63163120e-01
  -3.52501333e-01 -3.47945809e-01 -2.41750985e-01  1.89052060e-01
   2.11866885e-01  4.20796007e-01  2.79814631e-01 -6.92256689e-02
  -1.47290722e-01  3.42095271e-04  4.03373778e-01  1.55968834e-02]
 [ 1.92260015e+00 -2.37972289e-01  7.01440945e-02 -8.39903831e-01
   3.43481153e-01 -3.73035431e-01  2.55793989e-01 -1.53470412e-01
  -3.27999949e-01  1.11505315e-02 -2.43983313e-01 -5.67060292e-01
  -7.02045932e-02 -5.64728826e-02 -5.14373839e-01 -5.24052620e-01
   2.40626737e-01 -2.90673189e-02  2.24002123e-01  4.71730763e-03
   2.27067739e-01 -3.49866629e-01 -1.62070721e-01  1.16850995e-03
   6.94357753e-02  1.08182296e-01 -3.26976895e-01 -2.69838255e-02]
 [-7.83770680e-01  2.29780778e-01 -1.09217413e-01  2.05955267e-01
   3.17560017e-01 -3.79198730e-01  5.95668331e-03  6.46988869e-01
   4.38700542e-02  4.79517467e-02 -3.50922257e-01 -3.02313089e-01
  -4.09722596e-01  9.86252576e-02  2.73302913e-01  1.54487848e-01
   6.59524649e-02 -9.79556143e-02 -3.54194582e-01  2.24977970e-01
  -5.16830742e-01 -3.84810343e-02  1.08532459e-02  3.37551758e-02
  -4.50865962e-02 -2.08418027e-01  1.50136247e-01  1.08145498e-01]
 [-1.94798934e+00  4.47179556e-01  8.58630314e-02  7.48442948e-01
  -1.28499186e+00  2.12952390e-01 -5.84994733e-01 -7.03810081e-02
   2.30835542e-01 -6.91136066e-03  1.74113244e-01  6.89421117e-01
   7.66709387e-01 -1.12835104e-02  3.45965296e-01  6.58733606e-01
  -3.18705827e-01  6.92354813e-02  4.09051061e-01  9.32941362e-02
   6.46641731e-01  7.47185946e-01  6.76299036e-01 -3.22962344e-01
  -1.71801168e-02  3.97722185e-01  7.97371924e-01 -1.67006239e-01]
 [-6.27265513e-01  2.21156359e-01 -9.95090902e-02 -7.49332681e-02
  -4.84361678e-01 -3.57231289e-01  4.52019162e-02 -2.83737123e-01
  -9.33374241e-02 -9.61269140e-02 -2.65038252e-01 -2.12557733e-01
   2.97101587e-01  6.70330048e-01  9.45243165e-02 -2.30630822e-02
   4.14871335e-01  2.26076856e-01  1.07874982e-01  2.21986786e-01
   4.33880717e-01  3.33250538e-02 -9.81039330e-02  1.44928694e-01
   9.35469791e-02  3.20493430e-01  1.38244957e-01 -1.20584622e-01]
 [-5.65083325e-01 -4.76016134e-01  1.27560627e+00  3.09767991e-01
   5.92994213e-01 -3.40042710e-01 -3.17346871e-01 -6.62403882e-01
   2.17023104e-01  1.14876240e-01  1.12307526e-01  4.46722358e-01
  -9.18855518e-02 -2.62156010e-01  4.77539271e-01  7.57965982e-01
   2.13593751e-01 -2.35421419e-01 -1.07172906e-01 -1.57195300e-01
  -1.23304605e-01  2.26075485e-01 -2.14740317e-02 -9.34220254e-02
  -8.97293985e-02 -1.13986649e-01 -5.60315698e-02  1.61171202e-02]
 [-2.54014874e+00  3.55232269e-01 -9.99920607e-01  1.03384829e+00
  -7.67385781e-01 -3.60757917e-01 -7.18793511e-01  8.16356719e-01
   2.44429022e-01  6.73402380e-03  2.92697579e-01  1.01061392e+00
   1.57181621e-01  2.32082874e-01  1.38152552e+00  1.05740082e+00
   1.45187587e-01 -1.62412718e-01 -1.25223577e-01  3.33059222e-01
  -1.48002893e-01  5.54710627e-01  5.11995971e-01  2.16228858e-01
  -9.24061835e-02  1.63093545e-02  6.56821907e-01 -6.01766352e-03]
 [ 9.69339013e-01  3.82847220e-01 -1.36008847e+00 -4.05061036e-01
  -8.32685053e-01 -2.24597394e-01  4.02506024e-01  1.12312622e-01
   1.91444770e-01 -6.43340945e-01 -6.31318986e-01 -8.45820904e-01
  -4.82659101e-01  9.88949299e-01 -9.26926970e-01 -8.09252083e-01
  -1.11745663e-01  1.83266908e-01 -1.88721381e-02  2.25475445e-01
   4.36610043e-01  5.02174161e-02 -3.86842668e-01 -1.89167529e-01
   3.54130685e-01  9.19060886e-01  3.29742581e-01 -1.75926879e-01]
 [-1.79902411e+00  7.71386504e-01 -1.03947413e+00  1.54073882e+00
   6.46587133e-01 -1.77643225e-01 -1.09206378e+00  3.05230498e+00
  -4.59957123e-01  3.36376756e-01  3.73678058e-01  7.38369286e-01
  -7.46515930e-01 -4.50689465e-01  8.42723668e-01  3.92040700e-01
   1.60701975e-01 -3.26585054e-01 -1.34324300e+00 -1.27954900e-01
  -1.48288763e+00  2.34095603e-01  2.08558455e-01  6.15584135e-01
  -2.63419449e-01 -9.40554500e-01 -2.45676264e-01  3.80062491e-01]
 [-7.57891238e-01  7.37754405e-01  8.47916961e-01  4.67984319e-01
   6.09923482e-01 -5.89076161e-01 -5.76708913e-01  2.48239303e+00
   3.12954545e-01  1.34983376e-01  1.89461038e-01  6.34342432e-01
  -8.85865271e-01 -4.58730131e-01  1.26066482e+00  6.00165069e-01
  -7.00105950e-02 -4.99037564e-01 -1.18991625e+00 -1.26049116e-01
  -9.86733198e-01  5.15984714e-01  1.89163029e-01  5.78896046e-01
  -2.31802970e-01 -3.66113961e-01  2.65318304e-01  2.72602379e-01]
 [-4.51879710e-01  5.31821311e-01 -1.75342762e+00  4.64435548e-01
  -1.87487021e-01 -4.81034696e-01 -8.56183842e-02  1.20779169e+00
  -3.30061376e-01 -2.03800574e-02 -1.41426817e-01  2.40034342e-01
  -6.55658185e-01  1.76234409e-01  5.10552168e-01  2.94307619e-01
   1.63495556e-01 -4.69582602e-02 -6.67917192e-01  2.00672999e-01
  -5.50882220e-01  2.10360348e-01 -1.86730936e-01  2.87334055e-01
  -8.99208412e-02 -1.44939601e-01  7.40906149e-02  1.32528931e-01]
 [-1.75138801e-01 -1.09663749e+00  6.93776645e-03  1.18891865e-01
  -1.69759715e+00 -2.13245362e-01  4.85848129e-01 -2.82346749e+00
   6.45749807e-01 -3.43718529e-01 -9.45793092e-03  2.03125328e-02
   8.36676002e-01  6.53771877e-01 -1.35229439e-01  9.50213224e-02
  -3.79391313e-01  2.95755208e-01  9.91761327e-01  2.65375167e-01
   1.63991702e+00  3.20379063e-02  3.62437308e-01 -5.37085176e-01
   2.34727427e-01  1.11906934e+00  1.12027097e+00 -4.54228014e-01]
 [-4.34930205e-01  7.67784297e-01 -4.24704701e-01  9.22239661e-01
   3.60833645e-01  2.43072212e-02 -5.03252983e-01  2.52886605e+00
   6.73718601e-02 -9.84616950e-02 -9.73083004e-02 -1.50093228e-01
  -7.02249587e-01  2.88774669e-01  3.05346131e-01 -5.95457137e-01
   5.50569654e-01  3.39257479e-01 -1.00412345e+00  3.83277625e-01
  -1.06024027e+00 -3.68286856e-02  1.45433754e-01  4.67038035e-01
   2.56203294e-01 -5.09745181e-01 -4.33470190e-01  2.66893476e-01]
 [-1.79984164e+00  2.20363121e-02 -2.98938721e-01  7.57027715e-02
  -7.09836483e-01  2.32247040e-01 -1.46658018e-01  4.56845254e-01
  -2.57248342e-01  1.32091761e-01  5.01688123e-01  6.07320487e-01
   5.28292835e-01 -2.09200248e-01  5.56182444e-01  5.82292974e-01
  -3.20836842e-01  8.27578232e-02  2.25388467e-01 -2.74579644e-01
   3.05419981e-01  4.82659519e-01  5.97227633e-01 -1.90847278e-01
  -6.21550642e-02 -5.91231398e-02  2.27500394e-01 -4.49671671e-02]
 [ 1.40172899e+00  9.12721634e-01 -1.01400387e+00 -4.32337016e-01
  -6.13593102e-01 -1.16180944e+00 -3.05378765e-01  8.67776930e-01
  -9.35684517e-02 -5.14556170e-01 -6.42335176e-01 -5.04476964e-01
  -1.23357999e+00  1.72596478e+00 -6.69205725e-01 -6.28629565e-01
   1.62590638e-01 -5.97712882e-02 -1.26977527e+00  6.99614286e-01
  -5.39854169e-01 -2.08431154e-01 -4.63592768e-01  3.15549612e-01
   2.17435479e-01  5.25605381e-01  5.72366297e-01  3.01854424e-02]
 [ 7.76049852e-01 -2.08204046e-01 -5.70165455e-01  1.32998452e-02
   9.24578533e-02 -4.22417283e-01  1.14669725e-01 -7.50830621e-02
   3.30060750e-01 -1.66971788e-01 -1.24962270e-01 -1.93356305e-01
  -2.25687355e-01  4.14162457e-01  1.42552644e-01 -3.70635279e-02
  -1.53070316e-03  4.39305976e-03 -1.16128407e-01  1.25016361e-01
  -9.37200412e-02 -2.24961907e-01 -7.86304250e-02 -1.58004984e-02
   9.74931866e-02  2.44783074e-01  7.22802952e-02 -8.68127681e-04]
 [-2.68367678e-03  7.16432869e-01  3.18928510e-01  4.80458826e-01
   4.98797745e-03 -1.32634020e+00 -4.43054676e-01  1.98533094e+00
  -5.66645861e-01  1.92659512e-01 -8.82117450e-02  3.39332342e-01
  -6.25121236e-01  5.61581850e-01  3.98746461e-01  5.19255579e-01
   1.90467089e-01 -2.80599713e-01 -4.74683434e-01  2.58880462e-02
  -7.62593985e-01  4.11609173e-01  2.91814860e-02  2.40542680e-01
  -2.49602392e-01 -3.10169101e-01  9.86369476e-02  1.70210004e-01]
 [-9.75081742e-01 -6.14894331e-01  1.10399413e+00  4.73915935e-02
   3.30912769e-01  7.81085193e-01  1.68831438e-01 -1.91438234e+00
  -3.49359989e-01  2.82269955e-01  3.77209395e-01  2.32169658e-01
   9.46078539e-01 -6.09024107e-01  2.72247970e-01  3.94866794e-01
   2.62215436e-02  2.60795653e-02  5.99008381e-01 -4.55153525e-01
   5.18578351e-01  1.40993729e-01  4.18849081e-01 -2.84674346e-01
  -1.33145422e-01 -1.36848956e-01 -2.99865305e-01 -9.14786533e-02]]
Gamma_ 2 : [[ 2.5211079e+00  1.2791178e+00 -9.7076291e-01  3.1467779e+00
   4.1171279e+00 -5.1722061e-02  9.1948313e-01 -3.7723050e-01
   3.3281941e+00  3.1002465e-01  2.0268872e-01  1.9248204e+00
   3.7115259e+00  2.0809595e-01  6.6359147e-02 -1.0350535e+00
   1.2728347e+00  9.6254784e-01 -2.8365922e+00 -7.0632750e-01
   1.6674391e+00  6.8969417e-01]
 [ 1.0157502e+00  3.0872753e+00 -3.3569491e-01 -1.3782722e+00
  -9.0978241e-01 -1.3726683e+00  2.6046231e-01 -2.0966623e+00
  -1.1240709e+00 -1.5826932e-01 -9.6211892e-01  1.9640168e+00
   3.0110698e+00 -1.2238445e+00 -1.4335828e+00 -1.1210699e+00
  -1.7254637e+00 -2.3612256e+00  1.6148571e+00 -9.7207785e-02
   1.3676327e+00 -1.5470624e-01]
 [-7.0684499e-01 -2.8503158e+00  9.4297636e-01  5.4904804e+00
   9.3187141e-01 -1.8039149e+00  3.1477490e-01  1.8867098e+00
  -4.4818764e+00 -1.5147702e+00 -4.4260627e-01 -2.5477800e+00
  -6.6092710e+00 -7.3274863e-01  1.0334520e+00  3.3322930e-01
  -1.6612184e+00  2.8482071e-01 -5.1335831e+00  3.9143187e-01
  -2.9537538e-01 -3.3624440e-01]
 [ 1.2395153e+00 -2.0553551e+00  8.3619022e-01  2.6527081e+00
  -2.2235928e+00 -1.4985307e-01  2.2941370e-01 -5.8998573e-01
  -1.1854823e+00 -1.1308098e+00  7.6017094e-01 -1.5939036e-01
  -1.8402621e+00 -1.3154088e+00  8.2121176e-01  1.9559407e-01
  -1.8739972e-01 -2.6939818e-01 -1.6989627e+00  1.2627084e+00
   1.4864215e-01 -1.1905084e+00]
 [-2.7577846e+00 -9.2513961e-01  8.7051523e-01  3.3316867e+00
  -1.1644611e+00 -1.1306999e+00 -1.8158440e-01  5.8858508e-01
  -2.0311103e+00  1.0969696e-01 -1.4961946e+00 -3.6651709e+00
  -4.4239521e+00  1.3183023e-01  6.4272940e-01 -2.2814772e+00
  -9.9835682e-01 -1.5172232e+00 -5.1211357e+00 -4.2680317e-01
  -8.7702155e-01 -1.4671047e+00]
 [ 4.8484415e-01 -4.0950143e-01  6.1544609e-01  8.5256499e-01
   7.2654772e-01 -1.2401513e+00  4.1500714e-01 -4.5887542e-01
  -3.2193601e-01 -1.4325025e+00 -2.8701055e-01  1.3002695e+00
   9.1286469e-01  9.1622108e-01 -1.1061250e+00 -1.9260058e+00
  -1.7118136e+00 -5.5108450e-02 -3.3031545e+00  2.3500265e-01
   5.6556398e-01  1.6105978e-01]
 [ 3.2098675e+00  1.7582622e+00 -1.0468283e+00 -3.9174070e+00
   2.9430542e+00  1.8946099e+00 -8.8957107e-01 -1.2236702e+00
  -3.4326553e-02  2.4043772e+00 -8.1706047e-03  2.3722553e-01
   2.4817085e+00  1.2591653e+00  7.4929190e-01  2.7408676e+00
   1.0586653e+00  2.0977163e+00  2.8312387e+00 -8.5396767e-01
   7.0367146e-01  1.2133656e+00]
 [-1.2799991e+00  2.7365580e-01  2.3732013e-01  2.8470397e+00
   2.8182411e+00 -9.7203732e-01 -4.3444884e-01 -1.5382968e-01
  -1.9102752e-01  1.2280364e+00  3.2124051e-01  2.9098076e-01
   1.3458228e-01  1.8104121e-01  3.0375603e-01 -2.5811419e+00
   1.0433760e+00  2.1589553e+00 -1.1109970e+00  3.6409104e-01
   8.6694950e-01 -1.6946852e-01]
 [ 1.3421383e+00  7.5769949e-01 -9.5476055e-01  2.6404963e+00
   1.4931030e+00 -2.9572248e-01  1.6526195e-01  1.3314605e-01
   1.6389294e+00  3.8585973e-01  4.8909616e-01 -1.5216436e+00
   2.7652016e+00  9.4483995e-01  6.4978361e-01  1.3196335e+00
   1.6654654e+00 -5.7632160e-01 -2.6871061e+00  7.6368332e-02
   4.0274906e-01 -2.1552944e+00]
 [-2.6136413e+00 -3.4127285e+00  1.0484283e+00  8.8806528e-01
   2.4655533e-01  2.4606884e-03  7.3187619e-02 -2.3669307e+00
  -2.7961612e-02  1.5061957e+00 -3.8795915e-01 -5.6845493e+00
  -3.1018431e+00  2.9030105e-01  1.0553935e-01  6.2837267e-01
   9.8237282e-01  3.8856814e+00  9.8855438e+00  7.2646725e-01
  -1.2520056e+00  1.6114467e+00]]
Gamma_ 3 : [[ 1.5376902e+01  2.7820698e+01 -1.5524831e+00  1.4550654e+00
  -5.9276018e+00  2.0652809e+00  3.4932268e-01  7.7050109e+00
  -2.3826222e+00  1.0656917e+03]]
X_ 1 postcondition: >= 0.75
[ 2.66182852e+00 -1.08383074e-01 -2.96758026e-01 -4.73282695e-01
  3.17104273e-02 -2.05195814e-01 -1.00102045e-01  8.65414560e-01
 -1.08053662e-01  2.22198218e-02  2.94406205e-01  1.88209981e-01
 -1.99558213e-01 -3.81443053e-01 -1.25869066e-01 -4.78840858e-01
 -1.05024770e-01 -1.05850354e-01 -9.70504954e-02 -1.33141577e-01
 -9.49266329e-02 -2.36523554e-01 -2.30077398e-03  4.85919267e-02
  4.86770272e-02 -1.53452262e-01 -2.36939833e-01  7.23233297e-02]
X_ 1 postcondition: <= 0.75
[ 2.66182852e+00 -1.08383074e-01 -2.96758026e-01 -4.73282695e-01
  3.17104273e-02 -2.05195814e-01 -1.00102045e-01  8.65414560e-01
 -1.08053662e-01  2.22198218e-02  2.94406205e-01  1.88209981e-01
 -1.99558213e-01 -3.81443053e-01 -1.25869066e-01 -4.78840858e-01
 -1.05024770e-01 -1.05850354e-01 -9.70504954e-02 -1.33141577e-01
 -9.49266329e-02 -2.36523554e-01 -2.30077398e-03  4.85919267e-02
  4.86770272e-02 -1.53452262e-01 -2.36939833e-01  7.23233297e-02]
X_ 1 postcondition: > 0.75
[ 2.66182852e+00 -1.08383074e-01 -2.96758026e-01 -4.73282695e-01
  3.17104273e-02 -2.05195814e-01 -1.00102045e-01  8.65414560e-01
 -1.08053662e-01  2.22198218e-02  2.94406205e-01  1.88209981e-01
 -1.99558213e-01 -3.81443053e-01 -1.25869066e-01 -4.78840858e-01
 -1.05024770e-01 -1.05850354e-01 -9.70504954e-02 -1.33141577e-01
 -9.49266329e-02 -2.36523554e-01 -2.30077398e-03  4.85919267e-02
  4.86770272e-02 -1.53452262e-01 -2.36939833e-01  7.23233297e-02]
X_ 1 postcondition: < 0.75
[ 2.66182852e+00 -1.08383074e-01 -2.96758026e-01 -4.73282695e-01
  3.17104273e-02 -2.05195814e-01 -1.00102045e-01  8.65414560e-01
 -1.08053662e-01  2.22198218e-02  2.94406205e-01  1.88209981e-01
 -1.99558213e-01 -3.81443053e-01 -1.25869066e-01 -4.78840858e-01
 -1.05024770e-01 -1.05850354e-01 -9.70504954e-02 -1.33141577e-01
 -9.49266329e-02 -2.36523554e-01 -2.30077398e-03  4.85919267e-02
  4.86770272e-02 -1.53452262e-01 -2.36939833e-01  7.23233297e-02]
X_ 1 postcondition: == 0.75
[ 2.66182852e+00 -1.08383074e-01 -2.96758026e-01 -4.73282695e-01
  3.17104273e-02 -2.05195814e-01 -1.00102045e-01  8.65414560e-01
 -1.08053662e-01  2.22198218e-02  2.94406205e-01  1.88209981e-01
 -1.99558213e-01 -3.81443053e-01 -1.25869066e-01 -4.78840858e-01
 -1.05024770e-01 -1.05850354e-01 -9.70504954e-02 -1.33141577e-01
 -9.49266329e-02 -2.36523554e-01 -2.30077398e-03  4.85919267e-02
  4.86770272e-02 -1.53452262e-01 -2.36939833e-01  7.23233297e-02]
X_ 1 postcondition: != 0.75
[ 2.66182852e+00 -1.08383074e-01 -2.96758026e-01 -4.73282695e-01
  3.17104273e-02 -2.05195814e-01 -1.00102045e-01  8.65414560e-01
 -1.08053662e-01  2.22198218e-02  2.94406205e-01  1.88209981e-01
 -1.99558213e-01 -3.81443053e-01 -1.25869066e-01 -4.78840858e-01
 -1.05024770e-01 -1.05850354e-01 -9.70504954e-02 -1.33141577e-01
 -9.49266329e-02 -2.36523554e-01 -2.30077398e-03  4.85919267e-02
  4.86770272e-02 -1.53452262e-01 -2.36939833e-01  7.23233297e-02]
X_ 1 postcondition: >= 0.9
[ 3.19419456e+00 -1.30059615e-01 -3.56109679e-01 -5.67939460e-01
  3.80525962e-02 -2.46235013e-01 -1.20122485e-01  1.03849733e+00
 -1.29664391e-01  2.66637728e-02  3.53287339e-01  2.25851998e-01
 -2.39469796e-01 -4.57731396e-01 -1.51042908e-01 -5.74608922e-01
 -1.26029670e-01 -1.27020389e-01 -1.16460599e-01 -1.59769803e-01
 -1.13912046e-01 -2.83828318e-01 -2.76094815e-03  5.83103187e-02
  5.84124327e-02 -1.84142679e-01 -2.84327865e-01  8.67879838e-02]
X_ 1 postcondition: <= 0.9
[ 3.19419456e+00 -1.30059615e-01 -3.56109679e-01 -5.67939460e-01
  3.80525962e-02 -2.46235013e-01 -1.20122485e-01  1.03849733e+00
 -1.29664391e-01  2.66637728e-02  3.53287339e-01  2.25851998e-01
 -2.39469796e-01 -4.57731396e-01 -1.51042908e-01 -5.74608922e-01
 -1.26029670e-01 -1.27020389e-01 -1.16460599e-01 -1.59769803e-01
 -1.13912046e-01 -2.83828318e-01 -2.76094815e-03  5.83103187e-02
  5.84124327e-02 -1.84142679e-01 -2.84327865e-01  8.67879838e-02]
X_ 1 postcondition: > 0.9
[ 3.19419456e+00 -1.30059615e-01 -3.56109679e-01 -5.67939460e-01
  3.80525962e-02 -2.46235013e-01 -1.20122485e-01  1.03849733e+00
 -1.29664391e-01  2.66637728e-02  3.53287339e-01  2.25851998e-01
 -2.39469796e-01 -4.57731396e-01 -1.51042908e-01 -5.74608922e-01
 -1.26029670e-01 -1.27020389e-01 -1.16460599e-01 -1.59769803e-01
 -1.13912046e-01 -2.83828318e-01 -2.76094815e-03  5.83103187e-02
  5.84124327e-02 -1.84142679e-01 -2.84327865e-01  8.67879838e-02]
X_ 1 postcondition: < 0.9
[ 3.19419456e+00 -1.30059615e-01 -3.56109679e-01 -5.67939460e-01
  3.80525962e-02 -2.46235013e-01 -1.20122485e-01  1.03849733e+00
 -1.29664391e-01  2.66637728e-02  3.53287339e-01  2.25851998e-01
 -2.39469796e-01 -4.57731396e-01 -1.51042908e-01 -5.74608922e-01
 -1.26029670e-01 -1.27020389e-01 -1.16460599e-01 -1.59769803e-01
 -1.13912046e-01 -2.83828318e-01 -2.76094815e-03  5.83103187e-02
  5.84124327e-02 -1.84142679e-01 -2.84327865e-01  8.67879838e-02]
X_ 1 postcondition: == 0.9
[ 3.19419456e+00 -1.30059615e-01 -3.56109679e-01 -5.67939460e-01
  3.80525962e-02 -2.46235013e-01 -1.20122485e-01  1.03849733e+00
 -1.29664391e-01  2.66637728e-02  3.53287339e-01  2.25851998e-01
 -2.39469796e-01 -4.57731396e-01 -1.51042908e-01 -5.74608922e-01
 -1.26029670e-01 -1.27020389e-01 -1.16460599e-01 -1.59769803e-01
 -1.13912046e-01 -2.83828318e-01 -2.76094815e-03  5.83103187e-02
  5.84124327e-02 -1.84142679e-01 -2.84327865e-01  8.67879838e-02]
X_ 1 postcondition: != 0.9
[ 3.19419456e+00 -1.30059615e-01 -3.56109679e-01 -5.67939460e-01
  3.80525962e-02 -2.46235013e-01 -1.20122485e-01  1.03849733e+00
 -1.29664391e-01  2.66637728e-02  3.53287339e-01  2.25851998e-01
 -2.39469796e-01 -4.57731396e-01 -1.51042908e-01 -5.74608922e-01
 -1.26029670e-01 -1.27020389e-01 -1.16460599e-01 -1.59769803e-01
 -1.13912046e-01 -2.83828318e-01 -2.76094815e-03  5.83103187e-02
  5.84124327e-02 -1.84142679e-01 -2.84327865e-01  8.67879838e-02]
X_ 1 postcondition: >= 0.95
[ 3.3716495e+00 -1.3728516e-01 -3.7589341e-01 -5.9949160e-01
  4.0166594e-02 -2.5991467e-01 -1.2679590e-01  1.0961919e+00
 -1.3686796e-01  2.8145077e-02  3.7291452e-01  2.3839937e-01
 -2.5277364e-01 -4.8316118e-01 -1.5943417e-01 -6.0653162e-01
 -1.3303138e-01 -1.3407710e-01 -1.2293069e-01 -1.6864604e-01
 -1.2024042e-01 -2.9959652e-01 -2.9143335e-03  6.1549835e-02
  6.1657548e-02 -1.9437288e-01 -3.0012378e-01  9.1609545e-02]
X_ 1 postcondition: <= 0.95
[ 3.3716495e+00 -1.3728516e-01 -3.7589341e-01 -5.9949160e-01
  4.0166594e-02 -2.5991467e-01 -1.2679590e-01  1.0961919e+00
 -1.3686796e-01  2.8145077e-02  3.7291452e-01  2.3839937e-01
 -2.5277364e-01 -4.8316118e-01 -1.5943417e-01 -6.0653162e-01
 -1.3303138e-01 -1.3407710e-01 -1.2293069e-01 -1.6864604e-01
 -1.2024042e-01 -2.9959652e-01 -2.9143335e-03  6.1549835e-02
  6.1657548e-02 -1.9437288e-01 -3.0012378e-01  9.1609545e-02]
X_ 1 postcondition: > 0.95
[ 3.3716495e+00 -1.3728516e-01 -3.7589341e-01 -5.9949160e-01
  4.0166594e-02 -2.5991467e-01 -1.2679590e-01  1.0961919e+00
 -1.3686796e-01  2.8145077e-02  3.7291452e-01  2.3839937e-01
 -2.5277364e-01 -4.8316118e-01 -1.5943417e-01 -6.0653162e-01
 -1.3303138e-01 -1.3407710e-01 -1.2293069e-01 -1.6864604e-01
 -1.2024042e-01 -2.9959652e-01 -2.9143335e-03  6.1549835e-02
  6.1657548e-02 -1.9437288e-01 -3.0012378e-01  9.1609545e-02]
X_ 1 postcondition: < 0.95
[ 3.3716495e+00 -1.3728516e-01 -3.7589341e-01 -5.9949160e-01
  4.0166594e-02 -2.5991467e-01 -1.2679590e-01  1.0961919e+00
 -1.3686796e-01  2.8145077e-02  3.7291452e-01  2.3839937e-01
 -2.5277364e-01 -4.8316118e-01 -1.5943417e-01 -6.0653162e-01
 -1.3303138e-01 -1.3407710e-01 -1.2293069e-01 -1.6864604e-01
 -1.2024042e-01 -2.9959652e-01 -2.9143335e-03  6.1549835e-02
  6.1657548e-02 -1.9437288e-01 -3.0012378e-01  9.1609545e-02]
X_ 1 postcondition: == 0.95
[ 3.3716495e+00 -1.3728516e-01 -3.7589341e-01 -5.9949160e-01
  4.0166594e-02 -2.5991467e-01 -1.2679590e-01  1.0961919e+00
 -1.3686796e-01  2.8145077e-02  3.7291452e-01  2.3839937e-01
 -2.5277364e-01 -4.8316118e-01 -1.5943417e-01 -6.0653162e-01
 -1.3303138e-01 -1.3407710e-01 -1.2293069e-01 -1.6864604e-01
 -1.2024042e-01 -2.9959652e-01 -2.9143335e-03  6.1549835e-02
  6.1657548e-02 -1.9437288e-01 -3.0012378e-01  9.1609545e-02]
X_ 1 postcondition: != 0.95
[ 3.3716495e+00 -1.3728516e-01 -3.7589341e-01 -5.9949160e-01
  4.0166594e-02 -2.5991467e-01 -1.2679590e-01  1.0961919e+00
 -1.3686796e-01  2.8145077e-02  3.7291452e-01  2.3839937e-01
 -2.5277364e-01 -4.8316118e-01 -1.5943417e-01 -6.0653162e-01
 -1.3303138e-01 -1.3407710e-01 -1.2293069e-01 -1.6864604e-01
 -1.2024042e-01 -2.9959652e-01 -2.9143335e-03  6.1549835e-02
  6.1657548e-02 -1.9437288e-01 -3.0012378e-01  9.1609545e-02]
X_ 1 postcondition: >= 0.99
[ 3.5136142e+00 -1.4306565e-01 -3.9172047e-01 -6.2473309e-01
  4.1857898e-02 -2.7085862e-01 -1.3213468e-01  1.1423472e+00
 -1.4263077e-01  2.9330174e-02  3.8861617e-01  2.4843721e-01
 -2.6341704e-01 -5.0350451e-01 -1.6614702e-01 -6.3207000e-01
 -1.3863264e-01 -1.3972244e-01 -1.2810677e-01 -1.7574678e-01
 -1.2530315e-01 -3.1221107e-01 -3.0370459e-03  6.4141348e-02
  6.4253666e-02 -2.0255697e-01 -3.1276068e-01  9.5466785e-02]
X_ 1 postcondition: <= 0.99
[ 3.5136142e+00 -1.4306565e-01 -3.9172047e-01 -6.2473309e-01
  4.1857898e-02 -2.7085862e-01 -1.3213468e-01  1.1423472e+00
 -1.4263077e-01  2.9330174e-02  3.8861617e-01  2.4843721e-01
 -2.6341704e-01 -5.0350451e-01 -1.6614702e-01 -6.3207000e-01
 -1.3863264e-01 -1.3972244e-01 -1.2810677e-01 -1.7574678e-01
 -1.2530315e-01 -3.1221107e-01 -3.0370459e-03  6.4141348e-02
  6.4253666e-02 -2.0255697e-01 -3.1276068e-01  9.5466785e-02]
X_ 1 postcondition: > 0.99
[ 3.5136142e+00 -1.4306565e-01 -3.9172047e-01 -6.2473309e-01
  4.1857898e-02 -2.7085862e-01 -1.3213468e-01  1.1423472e+00
 -1.4263077e-01  2.9330174e-02  3.8861617e-01  2.4843721e-01
 -2.6341704e-01 -5.0350451e-01 -1.6614702e-01 -6.3207000e-01
 -1.3863264e-01 -1.3972244e-01 -1.2810677e-01 -1.7574678e-01
 -1.2530315e-01 -3.1221107e-01 -3.0370459e-03  6.4141348e-02
  6.4253666e-02 -2.0255697e-01 -3.1276068e-01  9.5466785e-02]
X_ 1 postcondition: < 0.99
[ 3.5136142e+00 -1.4306565e-01 -3.9172047e-01 -6.2473309e-01
  4.1857898e-02 -2.7085862e-01 -1.3213468e-01  1.1423472e+00
 -1.4263077e-01  2.9330174e-02  3.8861617e-01  2.4843721e-01
 -2.6341704e-01 -5.0350451e-01 -1.6614702e-01 -6.3207000e-01
 -1.3863264e-01 -1.3972244e-01 -1.2810677e-01 -1.7574678e-01
 -1.2530315e-01 -3.1221107e-01 -3.0370459e-03  6.4141348e-02
  6.4253666e-02 -2.0255697e-01 -3.1276068e-01  9.5466785e-02]
X_ 1 postcondition: == 0.99
[ 3.5136142e+00 -1.4306565e-01 -3.9172047e-01 -6.2473309e-01
  4.1857898e-02 -2.7085862e-01 -1.3213468e-01  1.1423472e+00
 -1.4263077e-01  2.9330174e-02  3.8861617e-01  2.4843721e-01
 -2.6341704e-01 -5.0350451e-01 -1.6614702e-01 -6.3207000e-01
 -1.3863264e-01 -1.3972244e-01 -1.2810677e-01 -1.7574678e-01
 -1.2530315e-01 -3.1221107e-01 -3.0370459e-03  6.4141348e-02
  6.4253666e-02 -2.0255697e-01 -3.1276068e-01  9.5466785e-02]
X_ 1 postcondition: != 0.99
[ 3.5136142e+00 -1.4306565e-01 -3.9172047e-01 -6.2473309e-01
  4.1857898e-02 -2.7085862e-01 -1.3213468e-01  1.1423472e+00
 -1.4263077e-01  2.9330174e-02  3.8861617e-01  2.4843721e-01
 -2.6341704e-01 -5.0350451e-01 -1.6614702e-01 -6.3207000e-01
 -1.3863264e-01 -1.3972244e-01 -1.2810677e-01 -1.7574678e-01
 -1.2530315e-01 -3.1221107e-01 -3.0370459e-03  6.4141348e-02
  6.4253666e-02 -2.0255697e-01 -3.1276068e-01  9.5466785e-02]
X_ 2 postcondition: >= 0.75
[ 2.1052737   2.0620425  -0.27431756 -2.2878706  -1.8582548  -0.93182576
  0.2762055  -2.2800565  -1.0641246  -0.7850214  -0.25371295  1.7206279
  3.5080588  -0.8788024  -1.3743868   0.7424589  -1.588788   -2.147115
  2.851838    0.54312474  1.0506376  -0.52729285]
X_ 2 postcondition: <= 0.75
[ 2.1052737   2.0620425  -0.27431756 -2.2878706  -1.8582548  -0.93182576
  0.2762055  -2.2800565  -1.0641246  -0.7850214  -0.25371295  1.7206279
  3.5080588  -0.8788024  -1.3743868   0.7424589  -1.588788   -2.147115
  2.851838    0.54312474  1.0506376  -0.52729285]
X_ 2 postcondition: > 0.75
[ 2.1052737   2.0620425  -0.27431756 -2.2878706  -1.8582548  -0.93182576
  0.2762055  -2.2800565  -1.0641246  -0.7850214  -0.25371295  1.7206279
  3.5080588  -0.8788024  -1.3743868   0.7424589  -1.588788   -2.147115
  2.851838    0.54312474  1.0506376  -0.52729285]
X_ 2 postcondition: < 0.75
[ 2.1052737   2.0620425  -0.27431756 -2.2878706  -1.8582548  -0.93182576
  0.2762055  -2.2800565  -1.0641246  -0.7850214  -0.25371295  1.7206279
  3.5080588  -0.8788024  -1.3743868   0.7424589  -1.588788   -2.147115
  2.851838    0.54312474  1.0506376  -0.52729285]
X_ 2 postcondition: == 0.75
[ 2.1052737   2.0620425  -0.27431756 -2.2878706  -1.8582548  -0.93182576
  0.2762055  -2.2800565  -1.0641246  -0.7850214  -0.25371295  1.7206279
  3.5080588  -0.8788024  -1.3743868   0.7424589  -1.588788   -2.147115
  2.851838    0.54312474  1.0506376  -0.52729285]
X_ 2 postcondition: != 0.75
[ 2.1052737   2.0620425  -0.27431756 -2.2878706  -1.8582548  -0.93182576
  0.2762055  -2.2800565  -1.0641246  -0.7850214  -0.25371295  1.7206279
  3.5080588  -0.8788024  -1.3743868   0.7424589  -1.588788   -2.147115
  2.851838    0.54312474  1.0506376  -0.52729285]
X_ 2 postcondition: >= 0.9
[ 2.5263286   2.4744513  -0.32918108 -2.7454448  -2.2299054  -1.1181909
  0.33144662 -2.736068   -1.2769494  -0.94202584 -0.30445552  2.0647538
  4.2096705  -1.054563   -1.6492641   0.89095056 -1.9065459  -2.576538
  3.4222057   0.65174955  1.260765   -0.6327514 ]
X_ 2 postcondition: <= 0.9
[ 2.5263286   2.4744513  -0.32918108 -2.7454448  -2.2299054  -1.1181909
  0.33144662 -2.736068   -1.2769494  -0.94202584 -0.30445552  2.0647538
  4.2096705  -1.054563   -1.6492641   0.89095056 -1.9065459  -2.576538
  3.4222057   0.65174955  1.260765   -0.6327514 ]
X_ 2 postcondition: > 0.9
[ 2.5263286   2.4744513  -0.32918108 -2.7454448  -2.2299054  -1.1181909
  0.33144662 -2.736068   -1.2769494  -0.94202584 -0.30445552  2.0647538
  4.2096705  -1.054563   -1.6492641   0.89095056 -1.9065459  -2.576538
  3.4222057   0.65174955  1.260765   -0.6327514 ]
X_ 2 postcondition: < 0.9
[ 2.5263286   2.4744513  -0.32918108 -2.7454448  -2.2299054  -1.1181909
  0.33144662 -2.736068   -1.2769494  -0.94202584 -0.30445552  2.0647538
  4.2096705  -1.054563   -1.6492641   0.89095056 -1.9065459  -2.576538
  3.4222057   0.65174955  1.260765   -0.6327514 ]
X_ 2 postcondition: == 0.9
[ 2.5263286   2.4744513  -0.32918108 -2.7454448  -2.2299054  -1.1181909
  0.33144662 -2.736068   -1.2769494  -0.94202584 -0.30445552  2.0647538
  4.2096705  -1.054563   -1.6492641   0.89095056 -1.9065459  -2.576538
  3.4222057   0.65174955  1.260765   -0.6327514 ]
X_ 2 postcondition: != 0.9
[ 2.5263286   2.4744513  -0.32918108 -2.7454448  -2.2299054  -1.1181909
  0.33144662 -2.736068   -1.2769494  -0.94202584 -0.30445552  2.0647538
  4.2096705  -1.054563   -1.6492641   0.89095056 -1.9065459  -2.576538
  3.4222057   0.65174955  1.260765   -0.6327514 ]
X_ 2 postcondition: >= 0.95
[ 2.66668     2.6119206  -0.34746894 -2.8979697  -2.3537896  -1.1803125
  0.3498603  -2.888072   -1.3478905  -0.99436045 -0.32136968  2.1794624
  4.4435415  -1.1131499  -1.74089     0.9404478  -2.0124648  -2.7196796
  3.6123285   0.6879579   1.3308077  -0.6679042 ]
X_ 2 postcondition: <= 0.95
[ 2.66668     2.6119206  -0.34746894 -2.8979697  -2.3537896  -1.1803125
  0.3498603  -2.888072   -1.3478905  -0.99436045 -0.32136968  2.1794624
  4.4435415  -1.1131499  -1.74089     0.9404478  -2.0124648  -2.7196796
  3.6123285   0.6879579   1.3308077  -0.6679042 ]
X_ 2 postcondition: > 0.95
[ 2.66668     2.6119206  -0.34746894 -2.8979697  -2.3537896  -1.1803125
  0.3498603  -2.888072   -1.3478905  -0.99436045 -0.32136968  2.1794624
  4.4435415  -1.1131499  -1.74089     0.9404478  -2.0124648  -2.7196796
  3.6123285   0.6879579   1.3308077  -0.6679042 ]
X_ 2 postcondition: < 0.95
[ 2.66668     2.6119206  -0.34746894 -2.8979697  -2.3537896  -1.1803125
  0.3498603  -2.888072   -1.3478905  -0.99436045 -0.32136968  2.1794624
  4.4435415  -1.1131499  -1.74089     0.9404478  -2.0124648  -2.7196796
  3.6123285   0.6879579   1.3308077  -0.6679042 ]
X_ 2 postcondition: == 0.95
[ 2.66668     2.6119206  -0.34746894 -2.8979697  -2.3537896  -1.1803125
  0.3498603  -2.888072   -1.3478905  -0.99436045 -0.32136968  2.1794624
  4.4435415  -1.1131499  -1.74089     0.9404478  -2.0124648  -2.7196796
  3.6123285   0.6879579   1.3308077  -0.6679042 ]
X_ 2 postcondition: != 0.95
[ 2.66668     2.6119206  -0.34746894 -2.8979697  -2.3537896  -1.1803125
  0.3498603  -2.888072   -1.3478905  -0.99436045 -0.32136968  2.1794624
  4.4435415  -1.1131499  -1.74089     0.9404478  -2.0124648  -2.7196796
  3.6123285   0.6879579   1.3308077  -0.6679042 ]
X_ 2 postcondition: >= 0.99
[ 2.7789612   2.721896   -0.36209923 -3.0199893  -2.452896   -1.2300098
  0.36459124 -3.0096748  -1.4046443  -1.0362283  -0.33490095  2.271229
  4.630638   -1.1600193  -1.8141905   0.98004574 -2.0972004  -2.8341918
  3.764426    0.7169246   1.3868415  -0.6960265 ]
X_ 2 postcondition: <= 0.99
[ 2.7789612   2.721896   -0.36209923 -3.0199893  -2.452896   -1.2300098
  0.36459124 -3.0096748  -1.4046443  -1.0362283  -0.33490095  2.271229
  4.630638   -1.1600193  -1.8141905   0.98004574 -2.0972004  -2.8341918
  3.764426    0.7169246   1.3868415  -0.6960265 ]
X_ 2 postcondition: > 0.99
[ 2.7789612   2.721896   -0.36209923 -3.0199893  -2.452896   -1.2300098
  0.36459124 -3.0096748  -1.4046443  -1.0362283  -0.33490095  2.271229
  4.630638   -1.1600193  -1.8141905   0.98004574 -2.0972004  -2.8341918
  3.764426    0.7169246   1.3868415  -0.6960265 ]
X_ 2 postcondition: < 0.99
[ 2.7789612   2.721896   -0.36209923 -3.0199893  -2.452896   -1.2300098
  0.36459124 -3.0096748  -1.4046443  -1.0362283  -0.33490095  2.271229
  4.630638   -1.1600193  -1.8141905   0.98004574 -2.0972004  -2.8341918
  3.764426    0.7169246   1.3868415  -0.6960265 ]
X_ 2 postcondition: == 0.99
[ 2.7789612   2.721896   -0.36209923 -3.0199893  -2.452896   -1.2300098
  0.36459124 -3.0096748  -1.4046443  -1.0362283  -0.33490095  2.271229
  4.630638   -1.1600193  -1.8141905   0.98004574 -2.0972004  -2.8341918
  3.764426    0.7169246   1.3868415  -0.6960265 ]
X_ 2 postcondition: != 0.99
[ 2.7789612   2.721896   -0.36209923 -3.0199893  -2.452896   -1.2300098
  0.36459124 -3.0096748  -1.4046443  -1.0362283  -0.33490095  2.271229
  4.630638   -1.1600193  -1.8141905   0.98004574 -2.0972004  -2.8341918
  3.764426    0.7169246   1.3868415  -0.6960265 ]
X_ 3 postcondition: >= 0.75
[ 4.3919249e+00  7.9461012e+00 -4.4341761e-01  4.1559333e-01
 -1.6930317e+00  5.8988208e-01  9.9772952e-02  2.2006922e+00
 -6.8052053e-01  3.0438104e+02]
X_ 3 postcondition: <= 0.75
[ 4.3919249e+00  7.9461012e+00 -4.4341761e-01  4.1559333e-01
 -1.6930317e+00  5.8988208e-01  9.9772952e-02  2.2006922e+00
 -6.8052053e-01  3.0438104e+02]
X_ 3 postcondition: > 0.75
[ 4.3919249e+00  7.9461012e+00 -4.4341761e-01  4.1559333e-01
 -1.6930317e+00  5.8988208e-01  9.9772952e-02  2.2006922e+00
 -6.8052053e-01  3.0438104e+02]
X_ 3 postcondition: < 0.75
[ 4.3919249e+00  7.9461012e+00 -4.4341761e-01  4.1559333e-01
 -1.6930317e+00  5.8988208e-01  9.9772952e-02  2.2006922e+00
 -6.8052053e-01  3.0438104e+02]
X_ 3 postcondition: == 0.75
[ 4.3919249e+00  7.9461012e+00 -4.4341761e-01  4.1559333e-01
 -1.6930317e+00  5.8988208e-01  9.9772952e-02  2.2006922e+00
 -6.8052053e-01  3.0438104e+02]
X_ 3 postcondition: != 0.75
[ 4.3919249e+00  7.9461012e+00 -4.4341761e-01  4.1559333e-01
 -1.6930317e+00  5.8988208e-01  9.9772952e-02  2.2006922e+00
 -6.8052053e-01  3.0438104e+02]
X_ 3 postcondition: >= 0.9
[ 5.2703094e+00  9.5353212e+00 -5.3210109e-01  4.9871194e-01
 -2.0316379e+00  7.0785844e-01  1.1972754e-01  2.6408305e+00
 -8.1662470e-01  3.6525723e+02]
X_ 3 postcondition: <= 0.9
[ 5.2703094e+00  9.5353212e+00 -5.3210109e-01  4.9871194e-01
 -2.0316379e+00  7.0785844e-01  1.1972754e-01  2.6408305e+00
 -8.1662470e-01  3.6525723e+02]
X_ 3 postcondition: > 0.9
[ 5.2703094e+00  9.5353212e+00 -5.3210109e-01  4.9871194e-01
 -2.0316379e+00  7.0785844e-01  1.1972754e-01  2.6408305e+00
 -8.1662470e-01  3.6525723e+02]
X_ 3 postcondition: < 0.9
[ 5.2703094e+00  9.5353212e+00 -5.3210109e-01  4.9871194e-01
 -2.0316379e+00  7.0785844e-01  1.1972754e-01  2.6408305e+00
 -8.1662470e-01  3.6525723e+02]
X_ 3 postcondition: == 0.9
[ 5.2703094e+00  9.5353212e+00 -5.3210109e-01  4.9871194e-01
 -2.0316379e+00  7.0785844e-01  1.1972754e-01  2.6408305e+00
 -8.1662470e-01  3.6525723e+02]
X_ 3 postcondition: != 0.9
[ 5.2703094e+00  9.5353212e+00 -5.3210109e-01  4.9871194e-01
 -2.0316379e+00  7.0785844e-01  1.1972754e-01  2.6408305e+00
 -8.1662470e-01  3.6525723e+02]
X_ 3 postcondition: >= 0.95
[ 5.5631046e+00  1.0065061e+01 -5.6166226e-01  5.2641821e-01
 -2.1445067e+00  7.4718392e-01  1.2637907e-01  2.7875435e+00
 -8.6199272e-01  3.8554932e+02]
X_ 3 postcondition: <= 0.95
[ 5.5631046e+00  1.0065061e+01 -5.6166226e-01  5.2641821e-01
 -2.1445067e+00  7.4718392e-01  1.2637907e-01  2.7875435e+00
 -8.6199272e-01  3.8554932e+02]
X_ 3 postcondition: > 0.95
[ 5.5631046e+00  1.0065061e+01 -5.6166226e-01  5.2641821e-01
 -2.1445067e+00  7.4718392e-01  1.2637907e-01  2.7875435e+00
 -8.6199272e-01  3.8554932e+02]
X_ 3 postcondition: < 0.95
[ 5.5631046e+00  1.0065061e+01 -5.6166226e-01  5.2641821e-01
 -2.1445067e+00  7.4718392e-01  1.2637907e-01  2.7875435e+00
 -8.6199272e-01  3.8554932e+02]
X_ 3 postcondition: == 0.95
[ 5.5631046e+00  1.0065061e+01 -5.6166226e-01  5.2641821e-01
 -2.1445067e+00  7.4718392e-01  1.2637907e-01  2.7875435e+00
 -8.6199272e-01  3.8554932e+02]
X_ 3 postcondition: != 0.95
[ 5.5631046e+00  1.0065061e+01 -5.6166226e-01  5.2641821e-01
 -2.1445067e+00  7.4718392e-01  1.2637907e-01  2.7875435e+00
 -8.6199272e-01  3.8554932e+02]
X_ 3 postcondition: >= 0.99
[ 5.7973409e+00  1.0488853e+01 -5.8531123e-01  5.4858315e-01
 -2.2348018e+00  7.7864432e-01  1.3170031e-01  2.9049137e+00
 -8.9828718e-01  4.0178302e+02]
X_ 3 postcondition: <= 0.99
[ 5.7973409e+00  1.0488853e+01 -5.8531123e-01  5.4858315e-01
 -2.2348018e+00  7.7864432e-01  1.3170031e-01  2.9049137e+00
 -8.9828718e-01  4.0178302e+02]
X_ 3 postcondition: > 0.99
[ 5.7973409e+00  1.0488853e+01 -5.8531123e-01  5.4858315e-01
 -2.2348018e+00  7.7864432e-01  1.3170031e-01  2.9049137e+00
 -8.9828718e-01  4.0178302e+02]
X_ 3 postcondition: < 0.99
[ 5.7973409e+00  1.0488853e+01 -5.8531123e-01  5.4858315e-01
 -2.2348018e+00  7.7864432e-01  1.3170031e-01  2.9049137e+00
 -8.9828718e-01  4.0178302e+02]
X_ 3 postcondition: == 0.99
[ 5.7973409e+00  1.0488853e+01 -5.8531123e-01  5.4858315e-01
 -2.2348018e+00  7.7864432e-01  1.3170031e-01  2.9049137e+00
 -8.9828718e-01  4.0178302e+02]
X_ 3 postcondition: != 0.99
[ 5.7973409e+00  1.0488853e+01 -5.8531123e-01  5.4858315e-01
 -2.2348018e+00  7.7864432e-01  1.3170031e-01  2.9049137e+00
 -8.9828718e-01  4.0178302e+02]
Weakest precondition: [ 3.5491049e+00 -1.4451079e-01 -3.9567733e-01 -6.3104349e-01
  4.2280607e-02 -2.7359453e-01 -1.3346939e-01  1.1538863e+00
 -1.4407136e-01  2.9626405e-02  3.9254156e-01  2.5094667e-01
 -2.6607761e-01 -5.0859040e-01 -1.6782540e-01 -6.3845444e-01
 -1.4003307e-01 -1.4113379e-01 -1.2940052e-01 -1.7752214e-01
 -1.2656878e-01 -3.1536475e-01 -3.0676553e-03  6.4789221e-02
  6.4902693e-02 -2.0460299e-01 -3.1591985e-01  9.6431106e-02]
Features:  ['age' 'education' 'balance' 'day' 'month' 'duration' 'campaign' 'pdays'
 'previous' 'poutcome' 'job_blue' 'job_entrepreneur' 'job_housemaid'
 'job_management' 'job_retired' 'job_self' 'job_services' 'job_student'
 'job_technician' 'job_unemployed' 'job_unknown' 'marital_married'
 'marital_single' 'default_yes' 'housing_yes' 'loan_yes'
 'contact_telephone' 'contact_unknown']
Features length:  28
Weakest precondition size  28

Checking precondition violation:   0%|          | 0/28 [00:00<?, ?it/s]
Checking precondition violation: 100%|| 28/28 [00:00<00:00, 354.66it/s]
