Number of layers in the model: 3
Layer: dense
Layer: dense_1
Layer: dense_2
Number of selected layers in the model: 3
#weights: 3 | #biases: 3 | #N: 3 | #Gamma: 3
W_ 1 : [[ 4.08984393e-01  9.13952142e-02 -5.98282814e-01  3.23039979e-01
  -3.41032773e-01  1.23444386e-01  2.38210559e-01  2.24929720e-01
  -2.72514105e-01]
 [ 3.51862729e-01  4.62987512e-01 -1.59951493e-01 -5.21370880e-02
  -2.80983865e-01 -2.87050992e-01  7.82352507e-01  1.47626555e+00
  -2.35720098e-01]
 [-1.08942926e-01 -2.73660524e-03 -1.17523775e-01 -2.84210920e-01
  -1.31450087e-01 -1.30394511e-02 -2.13458613e-01  1.02979131e-03
  -9.01676193e-02]
 [-2.58132041e-01  1.05084524e-01 -1.08497016e-01  1.71865433e-01
  -9.06507432e-01 -3.02253425e-01  9.97939035e-02  7.68695399e-02
   3.78146842e-02]
 [ 8.05381417e-01  8.58786643e-01  2.87981093e-01 -8.80097300e-02
  -1.00520837e+00  5.68287633e-02  1.65135860e-01  8.25610518e-01
  -6.97904676e-02]
 [-2.60867745e-01 -4.01651002e-02 -3.36009741e-01  5.22801504e-02
   1.34469057e-02 -1.27108797e-01  5.02802171e-02 -2.59548575e-01
  -3.07434916e-01]
 [ 1.54600155e+00  8.46916616e-01 -5.87168276e-01 -7.45245069e-03
   1.32290244e-01  1.65302113e-01  2.76266485e-01  1.92433417e+00
  -3.28491956e-01]
 [ 1.46177933e-01 -1.39158928e+00  6.55008331e-02  1.78168640e-01
  -3.02386105e-01 -2.82883141e-02  1.11542150e-01  1.29171371e-01
   2.67503440e-01]
 [ 6.21660471e-01 -1.72162044e+00  7.05356479e-01  1.70794174e-01
  -5.27604401e-01  5.20723462e-01  4.48199064e-01  5.95377982e-01
  -5.15668571e-01]
 [-3.22191231e-02 -2.08190560e+00  3.40461701e-01 -1.99068618e+00
  -2.76320521e-03 -2.88712736e-02  1.72858536e+00 -1.96225893e+00
   1.74779162e-01]
 [ 2.02076483e+00  3.08157992e+00  3.94043535e-01  1.20896709e+00
   3.10599148e-01 -6.96769431e-02 -7.47197628e-01  3.51902771e+00
  -1.08700526e+00]
 [ 2.29466987e+00  2.57991767e+00  4.33302552e-01 -9.49386284e-02
   1.82036602e+00 -6.73092544e-01 -3.82844180e-01  2.82298613e+00
  -1.50475454e+00]
 [ 1.33870399e+00  1.18323743e-01  5.02160370e-01  4.27875906e-01
  -1.39503884e+00 -3.59035492e-01 -4.89491493e-01 -3.44614744e-01
   6.59893593e-03]
 [ 7.56875634e-01 -2.82511801e-01  7.04401612e-01  1.97259665e-01
  -1.14499414e+00  2.79721498e-01 -8.03669751e-01 -5.91480613e-01
  -5.69549203e-01]
 [-9.40022767e-01 -3.54488254e+00  4.19935346e-01 -1.18956673e+00
  -1.85788178e+00  1.63894093e+00  8.13249409e-01 -2.36706138e+00
   6.86387181e-01]
 [-8.55937660e-01  1.89834666e+00  1.04295349e+00  1.01953067e-01
   2.94397622e-01 -8.03523242e-01  7.40540862e-01  1.43312782e-01
  -3.00579131e-01]
 [-5.57201326e-01  1.75666606e+00 -9.47944164e-01  7.15738982e-02
   1.58940578e+00 -7.25074634e-02 -4.17474210e-01  2.14883327e+00
   8.44311900e-03]
 [ 1.00318873e+00 -1.96154177e+00 -3.81938547e-01 -2.34598204e-01
   5.37023723e-01  1.71078578e-01  9.55353975e-01 -5.30815065e-01
  -1.02299321e+00]
 [ 1.97877347e-01  1.21267772e+00 -4.21472400e-01  1.52281964e+00
   8.87445152e-01 -4.65442181e-01 -1.33310688e+00  1.23160887e+00
   1.72726884e-01]
 [-1.19926476e+00 -2.67289113e-02  4.76473063e-01  4.22870457e-01
  -3.38253677e-01 -5.04281342e-01 -5.41736722e-01 -4.96900469e-01
  -7.73749352e-02]
 [ 1.36373103e+00  8.07316959e-01 -1.04121119e-01 -1.39507806e+00
   1.71499580e-01 -2.68627226e-01  6.64787292e-01 -8.34992886e-01
  -3.33025098e-01]
 [ 1.61646163e+00  1.56477499e+00  2.97264040e-01  1.40596080e+00
  -9.84172702e-01 -3.19575578e-01 -1.25993955e+00  2.13658547e+00
  -9.62828696e-01]
 [ 1.20438194e+00 -8.22814107e-02 -9.75802362e-01  6.05049491e-01
  -5.18832281e-02 -7.14086890e-02 -6.28680170e-01  6.30022645e-01
  -1.91296145e-01]
 [ 2.16274619e+00  1.82526612e+00  1.16723406e+00  1.52185655e+00
   1.03240274e-01  2.89076954e-01 -1.17539132e+00  2.12756729e+00
  -1.91462004e+00]
 [ 1.79641202e-01  5.39956188e+00 -2.19899267e-01  5.10633230e-01
  -1.04143918e+00 -5.06551147e-01 -5.31588256e-01  5.53426266e+00
  -1.18816066e+00]
 [ 2.40684852e-01  3.34405327e+00 -9.29969609e-01  5.57539284e-01
  -3.75947475e-01 -6.29987776e-01 -5.24358153e-01  1.41001272e+00
   2.09971756e-01]
 [ 1.24783421e+00 -2.30142713e+00 -2.60564029e-01  1.12678206e+00
  -1.35656214e+00  4.66672182e-01 -1.25772774e+00 -1.52790099e-01
  -1.04404330e+00]
 [-1.20572340e+00  8.61722374e+00  7.33484864e-01  1.40489149e+00
  -1.01452005e+00 -2.16539288e+00 -1.42193305e+00  1.22337317e+00
   1.61849225e+00]]
W_ 2 : [[ 3.07676136e-01 -1.44156322e-01 -1.15136862e+00  4.61824328e-01
   3.40002030e-01  3.26454431e-01  6.78771019e-01 -3.03643286e-01
   5.79072423e-02]
 [ 6.94785357e-01 -5.68998158e-01  7.28626847e-02 -4.36042517e-01
   3.01088363e-01  5.83146095e-01  1.01975322e-01  1.21515557e-01
  -2.05915987e-01]
 [ 8.56510997e-02 -1.76322430e-01  2.21543416e-01  2.73561358e-01
  -4.90236795e-03  5.12828231e-01  9.33731437e-01  3.54094893e-01
  -5.65133333e-01]
 [ 2.65613273e-02 -7.72399902e-02 -2.37244740e-01  4.26098883e-01
  -2.71179497e-01 -4.31622826e-02  4.16474193e-02  3.13705117e-01
  -8.17646980e-02]
 [ 7.51722038e-01 -1.89675003e-01 -1.74662501e-01 -2.75006518e-02
   5.00350952e-01 -4.21533197e-01 -1.63240701e-01  2.91990548e-01
  -7.79774040e-02]
 [-1.51473373e-01 -5.39223015e-01  1.48573741e-01 -1.06835455e-01
  -1.01788372e-01  3.24938744e-01  6.44453987e-02  2.34536469e-01
  -5.35612941e-01]
 [-6.67231679e-01 -2.55674541e-01  6.45842478e-02  4.50781465e-01
   1.08398676e-01  2.47051090e-01 -1.80287808e-01 -5.04748940e-01
   4.76281106e-01]
 [ 7.55748749e-02 -2.78907623e-02  2.25543305e-01  5.26068985e-01
  -1.09150507e-01  2.74877548e-01 -5.79035103e-01 -1.72453243e-02
   1.25551015e-01]
 [ 9.22332630e-02 -2.86294460e-01 -3.55426580e-01 -7.24336889e-04
  -7.32478023e-01  3.77156496e-01 -6.55032277e-01  9.93472487e-02
   3.39168668e-01]]
W_ 3 : [[-0.22674544]
 [ 0.29405928]
 [ 0.26873404]
 [-0.18006025]
 [ 0.20068635]
 [-0.18300211]
 [ 0.1261681 ]
 [-0.01236504]
 [ 0.5917214 ]]
B_ 1 : [ 0.5726371   1.4626926  -0.35438794  1.180743   -0.53609693 -0.09939975
 -0.9228203   2.1026201  -0.49365574]
B_ 2 : [ 0.00165943 -0.22643104 -1.1365721  -0.00262898  0.8544197   0.01032774
 -0.41019985 -0.00569304 -1.3540815 ]
B_ 3 : [1.4558705]
Activation function of layer_a 1 : relu
Activation function of layer_a 2 : relu
Activation function of layer_a 3 : sigmoid
Gamma_ 1 : [[-1.62758770e+01 -1.29359827e+01 -3.18235950e+01  4.93958664e+01
   2.14786739e+01 -5.54457550e+01 -6.29400015e+00 -3.88379707e+01
  -3.59638643e+00  9.56731141e-01 -9.43223190e+00  1.02510109e+01
  -6.38399887e+00 -2.19879589e+01  6.69293404e-01 -1.57265329e+01
  -1.01458235e+01 -6.54497623e-01 -3.34126663e+00  1.32707777e+01
   7.66930914e+00  1.73664703e+01  2.90712032e+01  1.01911175e+00
  -1.81399286e+00 -1.06731014e+01  6.80639088e-01  1.49754930e+00]
 [ 9.39236832e+00  5.57431316e+00 -5.65361633e+01  1.56493807e+01
  -1.80262032e+01  2.41048145e+01 -2.84455895e+00  9.15154457e-01
  -2.66922879e+00  2.60178304e+00 -8.30025673e+00  1.78063989e+00
   3.31971703e+01  2.02850800e+01  3.75632614e-01  1.01081343e+01
   3.45473433e+00  2.04074311e+00  5.46781492e+00  5.32994318e+00
  -8.64581966e+00 -1.84448433e+01  1.12523041e+01  9.68672574e-01
   2.45206356e-02 -6.91029453e+00  9.17692780e-02  6.76835179e-01]
 [-4.10385638e-01 -5.23200035e+00 -1.98070507e+01  1.10517845e+01
   4.33366680e+00 -1.98064404e+01 -5.24557209e+00 -9.93429184e+00
   1.59900403e+00 -3.28465271e+00 -1.38362277e+00  4.40542793e+00
   4.88649750e+00 -5.26323938e+00  2.68877625e-01 -1.20547295e+01
  -1.12803006e+00  6.47989988e-01 -5.21397066e+00  4.55018950e+00
   1.57838993e+01  1.46530509e+00  1.08734713e+01  2.34700990e+00
   1.22016060e+00 -3.61886263e+00  1.77756101e-01  2.99437135e-01]
 [ 5.09512091e+00  3.40996170e+00  4.24874115e+00 -9.84235764e+00
   4.78889108e-01  7.09848642e+00  2.24859977e+00  1.67873459e+01
  -1.00474119e+00  4.65755558e+00  1.86917126e+00 -3.55066657e+00
   4.58301067e+00 -6.42792225e+00 -4.22838405e-02 -1.80571961e+00
   4.28235412e-01  2.04333127e-01  2.20618296e+00 -9.59168315e-01
  -5.82901049e+00 -9.57880259e-01 -7.89487123e+00 -2.23815107e+00
   7.35339820e-01  4.07287884e+00 -1.19657680e-01 -3.26167643e-01]
 [-2.29937696e+00 -9.64350998e-01  1.13994312e+01  2.18171139e+01
   8.91345978e-01 -5.74582863e+00  6.70896769e+00  2.27240963e+01
  -2.94480622e-01  5.89022100e-01 -4.22360092e-01 -2.79828811e+00
  -2.27209320e+01 -4.34232759e+00  5.32772839e-01  4.09694862e+00
  -2.91134858e+00 -9.72378492e-01 -1.32196016e+01  1.70921021e+01
   3.81999230e+00  1.64774489e+00 -2.36068230e+01  9.37859356e-01
  -1.45139825e+00 -9.77849770e+00 -3.91980149e-02 -7.15563357e-01]
 [ 1.93515377e+01  1.12900333e+01  7.93506012e+01 -4.09097290e+01
  -3.13836346e+01  4.17996140e+01  8.52216721e+00  5.25453377e+01
  -7.09819746e+00  9.83629608e+00  1.23186693e+01 -1.10983620e+01
   3.23682709e+01  3.66771774e+01 -1.03342927e+00  2.77300663e+01
   1.02264366e+01  3.32453442e+00  1.89144154e+01 -3.76982727e+01
  -1.39398355e+01 -2.88645382e+01 -3.39285736e+01 -3.88016939e+00
   4.00266647e+00  1.56127205e+01 -1.44791651e+00 -1.70246804e+00]
 [ 3.39720511e+00 -1.66157618e-01 -2.35041561e+01 -5.15985537e+00
  -2.56352496e+00 -6.76795626e+00 -2.62231410e-01  6.23520553e-01
   4.49146032e-01 -5.52936673e-01 -6.66214752e+00  3.08029413e+00
  -7.31396008e+00 -3.64833951e+00  2.36876309e-01 -1.83707237e+00
   3.24889326e+00  6.49712503e-01 -3.19316554e+00 -6.69602871e-01
   1.41307759e+00  8.88102150e+00 -1.70221100e+01  1.19961822e+00
  -1.27371740e+00 -8.80320191e-01  2.90053546e-01  3.64946157e-01]
 [-4.86115170e+00 -6.00557029e-02 -2.73268509e+00  1.52706890e+01
   4.71540642e+00  3.61415148e-01  7.99214244e-01 -1.66772308e+01
  -1.57478976e+00  3.30173254e+00 -3.07021904e+00  2.06580472e+00
   1.13988514e+01  7.17728567e+00  4.56814736e-01  1.46206558e+00
  -1.93425298e+00 -3.06230158e-01 -1.29736722e-01  1.44906759e+00
  -4.42381191e+00  8.56860256e+00  7.21959257e+00 -2.34048367e-01
  -3.74652058e-01 -2.40573645e+00  9.67254817e-01  2.33404487e-01]
 [-3.16772848e-01  3.05149555e-01 -1.54068508e+01 -6.44562435e+00
  -1.24085510e+00 -1.57781756e+00  1.94622004e+00  3.39433312e+00
   1.19737756e+00 -3.37689161e-01 -7.76108265e+00  1.91387308e+00
  -1.47846003e+01 -1.32931032e+01  4.99607809e-03 -1.32152472e+01
  -8.20162177e-01  1.79220960e-01 -1.41300261e+00 -8.97638416e+00
   2.57230902e+00  7.65531206e+00 -1.02932644e+01 -1.68855429e-01
   1.80164129e-02 -5.59211016e-01 -3.20198625e-01  7.31128275e-01]]
Gamma_ 2 : [[  1.3055574  -14.676983    13.245939   -24.943695    13.425832
    2.529553     0.87560093   0.48661748  12.595689  ]
 [ -0.7816514   12.539929   -11.221364    20.615229   -11.999441
   -3.139451    -2.1550932    0.7844752  -10.961628  ]
 [  0.0675832   -8.87191      8.455983   -15.126568     8.118953
    1.3912206    1.1532421    0.17075443   7.425989  ]
 [  0.6419854   -6.2969913    5.4702425   -9.39287      5.500944
    1.1901258    0.73813957   0.7845071    4.7351108 ]
 [ -1.4333835   19.369747   -16.847443    31.393934   -16.469397
   -3.8482656   -1.3525933    0.13975409 -16.51485   ]
 [ -1.0202218   15.943418   -13.238311    25.077173   -14.260961
   -3.333275    -1.5706624    0.58906835 -12.7141285 ]
 [  0.4181645   -6.931044     6.924478   -11.388683     6.275809
    0.73563427   1.040801    -0.8948009    5.987202  ]
 [ -2.8849456   28.055344   -23.672714    47.04076    -23.974007
   -6.2746286   -2.1013377   -0.7629071  -22.765718  ]
 [ -1.2510883    7.763596    -5.556843    12.453165    -5.8262467
   -3.2231305    0.6039287   -1.1474143   -5.2342725 ]]
Gamma_ 3 : [[ -246.59476     -18.014042    -49.299664    159.51054       5.7552967
     15.068565    -56.042645  -5021.689        14.046639 ]]
X_ 1 postcondition: >= 0.75
[  2.4833975   -4.4231315   59.49823    -51.04541     -0.37271214
 -19.213625     5.049744    39.211174     8.377517   -13.00698
   9.239179    -4.410421   -71.669876   -26.293133    -1.0080268
 -10.694979     4.475453    -1.1105397  -14.336602   -11.497893
  24.951262     7.9928474  -53.946335     2.3301508   -0.14395294
   7.805655    -1.8066123   -1.2766566 ]
X_ 1 postcondition: <= 0.75
[  2.4833975   -4.4231315   59.49823    -51.04541     -0.37271214
 -19.213625     5.049744    39.211174     8.377517   -13.00698
   9.239179    -4.410421   -71.669876   -26.293133    -1.0080268
 -10.694979     4.475453    -1.1105397  -14.336602   -11.497893
  24.951262     7.9928474  -53.946335     2.3301508   -0.14395294
   7.805655    -1.8066123   -1.2766566 ]
X_ 1 postcondition: > 0.75
[  2.4833975   -4.4231315   59.49823    -51.04541     -0.37271214
 -19.213625     5.049744    39.211174     8.377517   -13.00698
   9.239179    -4.410421   -71.669876   -26.293133    -1.0080268
 -10.694979     4.475453    -1.1105397  -14.336602   -11.497893
  24.951262     7.9928474  -53.946335     2.3301508   -0.14395294
   7.805655    -1.8066123   -1.2766566 ]
X_ 1 postcondition: < 0.75
[  2.4833975   -4.4231315   59.49823    -51.04541     -0.37271214
 -19.213625     5.049744    39.211174     8.377517   -13.00698
   9.239179    -4.410421   -71.669876   -26.293133    -1.0080268
 -10.694979     4.475453    -1.1105397  -14.336602   -11.497893
  24.951262     7.9928474  -53.946335     2.3301508   -0.14395294
   7.805655    -1.8066123   -1.2766566 ]
X_ 1 postcondition: == 0.75
[  2.4833975   -4.4231315   59.49823    -51.04541     -0.37271214
 -19.213625     5.049744    39.211174     8.377517   -13.00698
   9.239179    -4.410421   -71.669876   -26.293133    -1.0080268
 -10.694979     4.475453    -1.1105397  -14.336602   -11.497893
  24.951262     7.9928474  -53.946335     2.3301508   -0.14395294
   7.805655    -1.8066123   -1.2766566 ]
X_ 1 postcondition: != 0.75
[  2.4833975   -4.4231315   59.49823    -51.04541     -0.37271214
 -19.213625     5.049744    39.211174     8.377517   -13.00698
   9.239179    -4.410421   -71.669876   -26.293133    -1.0080268
 -10.694979     4.475453    -1.1105397  -14.336602   -11.497893
  24.951262     7.9928474  -53.946335     2.3301508   -0.14395294
   7.805655    -1.8066123   -1.2766566 ]
X_ 1 postcondition: >= 0.9
[  2.9800756   -5.3077583   71.397865   -61.254494    -0.44725397
 -23.056349     6.059692    47.053402    10.053021   -15.6083765
  11.087012    -5.292505   -86.00385    -31.551758    -1.2096323
 -12.833976     5.3705435   -1.3326473  -17.203922   -13.797473
  29.941513     9.591417   -64.735596     2.796181    -0.17274354
   9.366785    -2.1679344   -1.5319879 ]
X_ 1 postcondition: <= 0.9
[  2.9800756   -5.3077583   71.397865   -61.254494    -0.44725397
 -23.056349     6.059692    47.053402    10.053021   -15.6083765
  11.087012    -5.292505   -86.00385    -31.551758    -1.2096323
 -12.833976     5.3705435   -1.3326473  -17.203922   -13.797473
  29.941513     9.591417   -64.735596     2.796181    -0.17274354
   9.366785    -2.1679344   -1.5319879 ]
X_ 1 postcondition: > 0.9
[  2.9800756   -5.3077583   71.397865   -61.254494    -0.44725397
 -23.056349     6.059692    47.053402    10.053021   -15.6083765
  11.087012    -5.292505   -86.00385    -31.551758    -1.2096323
 -12.833976     5.3705435   -1.3326473  -17.203922   -13.797473
  29.941513     9.591417   -64.735596     2.796181    -0.17274354
   9.366785    -2.1679344   -1.5319879 ]
X_ 1 postcondition: < 0.9
[  2.9800756   -5.3077583   71.397865   -61.254494    -0.44725397
 -23.056349     6.059692    47.053402    10.053021   -15.6083765
  11.087012    -5.292505   -86.00385    -31.551758    -1.2096323
 -12.833976     5.3705435   -1.3326473  -17.203922   -13.797473
  29.941513     9.591417   -64.735596     2.796181    -0.17274354
   9.366785    -2.1679344   -1.5319879 ]
X_ 1 postcondition: == 0.9
[  2.9800756   -5.3077583   71.397865   -61.254494    -0.44725397
 -23.056349     6.059692    47.053402    10.053021   -15.6083765
  11.087012    -5.292505   -86.00385    -31.551758    -1.2096323
 -12.833976     5.3705435   -1.3326473  -17.203922   -13.797473
  29.941513     9.591417   -64.735596     2.796181    -0.17274354
   9.366785    -2.1679344   -1.5319879 ]
X_ 1 postcondition: != 0.9
[  2.9800756   -5.3077583   71.397865   -61.254494    -0.44725397
 -23.056349     6.059692    47.053402    10.053021   -15.6083765
  11.087012    -5.292505   -86.00385    -31.551758    -1.2096323
 -12.833976     5.3705435   -1.3326473  -17.203922   -13.797473
  29.941513     9.591417   -64.735596     2.796181    -0.17274354
   9.366785    -2.1679344   -1.5319879 ]
X_ 1 postcondition: >= 0.95
[  3.1456368  -5.6026335  75.36443   -64.65753    -0.4721026 -24.337257
   6.3963428  49.667484   10.611522  -16.475508   11.702956   -5.586532
 -90.781845  -33.304634   -1.276834  -13.546975    5.6689067  -1.4066834
 -18.159697  -14.563998   31.604933   10.124275  -68.33202     2.9515245
  -0.1823404   9.887161   -2.2883756  -1.6170981]
X_ 1 postcondition: <= 0.95
[  3.1456368  -5.6026335  75.36443   -64.65753    -0.4721026 -24.337257
   6.3963428  49.667484   10.611522  -16.475508   11.702956   -5.586532
 -90.781845  -33.304634   -1.276834  -13.546975    5.6689067  -1.4066834
 -18.159697  -14.563998   31.604933   10.124275  -68.33202     2.9515245
  -0.1823404   9.887161   -2.2883756  -1.6170981]
X_ 1 postcondition: > 0.95
[  3.1456368  -5.6026335  75.36443   -64.65753    -0.4721026 -24.337257
   6.3963428  49.667484   10.611522  -16.475508   11.702956   -5.586532
 -90.781845  -33.304634   -1.276834  -13.546975    5.6689067  -1.4066834
 -18.159697  -14.563998   31.604933   10.124275  -68.33202     2.9515245
  -0.1823404   9.887161   -2.2883756  -1.6170981]
X_ 1 postcondition: < 0.95
[  3.1456368  -5.6026335  75.36443   -64.65753    -0.4721026 -24.337257
   6.3963428  49.667484   10.611522  -16.475508   11.702956   -5.586532
 -90.781845  -33.304634   -1.276834  -13.546975    5.6689067  -1.4066834
 -18.159697  -14.563998   31.604933   10.124275  -68.33202     2.9515245
  -0.1823404   9.887161   -2.2883756  -1.6170981]
X_ 1 postcondition: == 0.95
[  3.1456368  -5.6026335  75.36443   -64.65753    -0.4721026 -24.337257
   6.3963428  49.667484   10.611522  -16.475508   11.702956   -5.586532
 -90.781845  -33.304634   -1.276834  -13.546975    5.6689067  -1.4066834
 -18.159697  -14.563998   31.604933   10.124275  -68.33202     2.9515245
  -0.1823404   9.887161   -2.2883756  -1.6170981]
X_ 1 postcondition: != 0.95
[  3.1456368  -5.6026335  75.36443   -64.65753    -0.4721026 -24.337257
   6.3963428  49.667484   10.611522  -16.475508   11.702956   -5.586532
 -90.781845  -33.304634   -1.276834  -13.546975    5.6689067  -1.4066834
 -18.159697  -14.563998   31.604933   10.124275  -68.33202     2.9515245
  -0.1823404   9.887161   -2.2883756  -1.6170981]
X_ 1 postcondition: >= 0.99
[  3.2780852   -5.8385334   78.53767    -67.37995     -0.4919824
 -25.361982     6.6656623   51.758743    11.058323   -17.169214
  12.195714    -5.8217545  -94.60424    -34.706936    -1.3305956
 -14.117373     5.9075975   -1.4659127  -18.924316   -15.17722
  32.935665    10.550559   -71.20917      3.075799    -0.19001797
  10.303465    -2.3847282   -1.6851867 ]
X_ 1 postcondition: <= 0.99
[  3.2780852   -5.8385334   78.53767    -67.37995     -0.4919824
 -25.361982     6.6656623   51.758743    11.058323   -17.169214
  12.195714    -5.8217545  -94.60424    -34.706936    -1.3305956
 -14.117373     5.9075975   -1.4659127  -18.924316   -15.17722
  32.935665    10.550559   -71.20917      3.075799    -0.19001797
  10.303465    -2.3847282   -1.6851867 ]
X_ 1 postcondition: > 0.99
[  3.2780852   -5.8385334   78.53767    -67.37995     -0.4919824
 -25.361982     6.6656623   51.758743    11.058323   -17.169214
  12.195714    -5.8217545  -94.60424    -34.706936    -1.3305956
 -14.117373     5.9075975   -1.4659127  -18.924316   -15.17722
  32.935665    10.550559   -71.20917      3.075799    -0.19001797
  10.303465    -2.3847282   -1.6851867 ]
X_ 1 postcondition: < 0.99
[  3.2780852   -5.8385334   78.53767    -67.37995     -0.4919824
 -25.361982     6.6656623   51.758743    11.058323   -17.169214
  12.195714    -5.8217545  -94.60424    -34.706936    -1.3305956
 -14.117373     5.9075975   -1.4659127  -18.924316   -15.17722
  32.935665    10.550559   -71.20917      3.075799    -0.19001797
  10.303465    -2.3847282   -1.6851867 ]
X_ 1 postcondition: == 0.99
[  3.2780852   -5.8385334   78.53767    -67.37995     -0.4919824
 -25.361982     6.6656623   51.758743    11.058323   -17.169214
  12.195714    -5.8217545  -94.60424    -34.706936    -1.3305956
 -14.117373     5.9075975   -1.4659127  -18.924316   -15.17722
  32.935665    10.550559   -71.20917      3.075799    -0.19001797
  10.303465    -2.3847282   -1.6851867 ]
X_ 1 postcondition: != 0.99
[  3.2780852   -5.8385334   78.53767    -67.37995     -0.4919824
 -25.361982     6.6656623   51.758743    11.058323   -17.169214
  12.195714    -5.8217545  -94.60424    -34.706936    -1.3305956
 -14.117373     5.9075975   -1.4659127  -18.924316   -15.17722
  32.935665    10.550559   -71.20917      3.075799    -0.19001797
  10.303465    -2.3847282   -1.6851867 ]
X_ 2 postcondition: >= 0.75
[ -0.30328247 -12.091305    12.581334   -20.348715    11.452957
   0.07004809   2.420922    -1.2582122   11.572725  ]
X_ 2 postcondition: <= 0.75
[ -0.30328247 -12.091305    12.581334   -20.348715    11.452957
   0.07004809   2.420922    -1.2582122   11.572725  ]
X_ 2 postcondition: > 0.75
[ -0.30328247 -12.091305    12.581334   -20.348715    11.452957
   0.07004809   2.420922    -1.2582122   11.572725  ]
X_ 2 postcondition: < 0.75
[ -0.30328247 -12.091305    12.581334   -20.348715    11.452957
   0.07004809   2.420922    -1.2582122   11.572725  ]
X_ 2 postcondition: == 0.75
[ -0.30328247 -12.091305    12.581334   -20.348715    11.452957
   0.07004809   2.420922    -1.2582122   11.572725  ]
X_ 2 postcondition: != 0.75
[ -0.30328247 -12.091305    12.581334   -20.348715    11.452957
   0.07004809   2.420922    -1.2582122   11.572725  ]
X_ 2 postcondition: >= 0.9
[ -0.36393887 -14.509566    15.0976     -24.418463    13.743548
   0.08405784   2.9051063   -1.5098546   13.88727   ]
X_ 2 postcondition: <= 0.9
[ -0.36393887 -14.509566    15.0976     -24.418463    13.743548
   0.08405784   2.9051063   -1.5098546   13.88727   ]
X_ 2 postcondition: > 0.9
[ -0.36393887 -14.509566    15.0976     -24.418463    13.743548
   0.08405784   2.9051063   -1.5098546   13.88727   ]
X_ 2 postcondition: < 0.9
[ -0.36393887 -14.509566    15.0976     -24.418463    13.743548
   0.08405784   2.9051063   -1.5098546   13.88727   ]
X_ 2 postcondition: == 0.9
[ -0.36393887 -14.509566    15.0976     -24.418463    13.743548
   0.08405784   2.9051063   -1.5098546   13.88727   ]
X_ 2 postcondition: != 0.9
[ -0.36393887 -14.509566    15.0976     -24.418463    13.743548
   0.08405784   2.9051063   -1.5098546   13.88727   ]
X_ 2 postcondition: >= 0.95
[ -0.38415775 -15.315656    15.936356   -25.775043    14.507078
   0.08872786   3.0665014   -1.5937353   14.658786  ]
X_ 2 postcondition: <= 0.95
[ -0.38415775 -15.315656    15.936356   -25.775043    14.507078
   0.08872786   3.0665014   -1.5937353   14.658786  ]
X_ 2 postcondition: > 0.95
[ -0.38415775 -15.315656    15.936356   -25.775043    14.507078
   0.08872786   3.0665014   -1.5937353   14.658786  ]
X_ 2 postcondition: < 0.95
[ -0.38415775 -15.315656    15.936356   -25.775043    14.507078
   0.08872786   3.0665014   -1.5937353   14.658786  ]
X_ 2 postcondition: == 0.95
[ -0.38415775 -15.315656    15.936356   -25.775043    14.507078
   0.08872786   3.0665014   -1.5937353   14.658786  ]
X_ 2 postcondition: != 0.95
[ -0.38415775 -15.315656    15.936356   -25.775043    14.507078
   0.08872786   3.0665014   -1.5937353   14.658786  ]
X_ 2 postcondition: >= 0.99
[ -0.40033302 -15.960525    16.607359   -26.860313    15.117904
   0.09246381   3.1956172   -1.66084     15.276     ]
X_ 2 postcondition: <= 0.99
[ -0.40033302 -15.960525    16.607359   -26.860313    15.117904
   0.09246381   3.1956172   -1.66084     15.276     ]
X_ 2 postcondition: > 0.99
[ -0.40033302 -15.960525    16.607359   -26.860313    15.117904
   0.09246381   3.1956172   -1.66084     15.276     ]
X_ 2 postcondition: < 0.99
[ -0.40033302 -15.960525    16.607359   -26.860313    15.117904
   0.09246381   3.1956172   -1.66084     15.276     ]
X_ 2 postcondition: == 0.99
[ -0.40033302 -15.960525    16.607359   -26.860313    15.117904
   0.09246381   3.1956172   -1.66084     15.276     ]
X_ 2 postcondition: != 0.99
[ -0.40033302 -15.960525    16.607359   -26.860313    15.117904
   0.09246381   3.1956172   -1.66084     15.276     ]
X_ 3 postcondition: >= 0.75
[ 269.25754    19.669584   53.830444 -174.17001    -6.284225  -16.45341
   61.193123 5483.1963    -15.337566]
X_ 3 postcondition: <= 0.75
[ 269.25754    19.669584   53.830444 -174.17001    -6.284225  -16.45341
   61.193123 5483.1963    -15.337566]
X_ 3 postcondition: > 0.75
[ 269.25754    19.669584   53.830444 -174.17001    -6.284225  -16.45341
   61.193123 5483.1963    -15.337566]
X_ 3 postcondition: < 0.75
[ 269.25754    19.669584   53.830444 -174.17001    -6.284225  -16.45341
   61.193123 5483.1963    -15.337566]
X_ 3 postcondition: == 0.75
[ 269.25754    19.669584   53.830444 -174.17001    -6.284225  -16.45341
   61.193123 5483.1963    -15.337566]
X_ 3 postcondition: != 0.75
[ 269.25754    19.669584   53.830444 -174.17001    -6.284225  -16.45341
   61.193123 5483.1963    -15.337566]
X_ 3 postcondition: >= 0.9
[ 323.109      23.6035     64.596535 -209.00401    -7.54107   -19.744091
   73.43175  6579.836     -18.405079]
X_ 3 postcondition: <= 0.9
[ 323.109      23.6035     64.596535 -209.00401    -7.54107   -19.744091
   73.43175  6579.836     -18.405079]
X_ 3 postcondition: > 0.9
[ 323.109      23.6035     64.596535 -209.00401    -7.54107   -19.744091
   73.43175  6579.836     -18.405079]
X_ 3 postcondition: < 0.9
[ 323.109      23.6035     64.596535 -209.00401    -7.54107   -19.744091
   73.43175  6579.836     -18.405079]
X_ 3 postcondition: == 0.9
[ 323.109      23.6035     64.596535 -209.00401    -7.54107   -19.744091
   73.43175  6579.836     -18.405079]
X_ 3 postcondition: != 0.9
[ 323.109      23.6035     64.596535 -209.00401    -7.54107   -19.744091
   73.43175  6579.836     -18.405079]
X_ 3 postcondition: >= 0.95
[ 341.05954    24.914808   68.18523  -220.61537    -7.960018  -20.840986
   77.51129  6945.3823    -19.427584]
X_ 3 postcondition: <= 0.95
[ 341.05954    24.914808   68.18523  -220.61537    -7.960018  -20.840986
   77.51129  6945.3823    -19.427584]
X_ 3 postcondition: > 0.95
[ 341.05954    24.914808   68.18523  -220.61537    -7.960018  -20.840986
   77.51129  6945.3823    -19.427584]
X_ 3 postcondition: < 0.95
[ 341.05954    24.914808   68.18523  -220.61537    -7.960018  -20.840986
   77.51129  6945.3823    -19.427584]
X_ 3 postcondition: == 0.95
[ 341.05954    24.914808   68.18523  -220.61537    -7.960018  -20.840986
   77.51129  6945.3823    -19.427584]
X_ 3 postcondition: != 0.95
[ 341.05954    24.914808   68.18523  -220.61537    -7.960018  -20.840986
   77.51129  6945.3823    -19.427584]
X_ 3 postcondition: >= 0.99
[ 355.41995    25.963852   71.05619  -229.90442    -8.295177  -21.718502
   80.774925 7237.82      -20.245586]
X_ 3 postcondition: <= 0.99
[ 355.41995    25.963852   71.05619  -229.90442    -8.295177  -21.718502
   80.774925 7237.82      -20.245586]
X_ 3 postcondition: > 0.99
[ 355.41995    25.963852   71.05619  -229.90442    -8.295177  -21.718502
   80.774925 7237.82      -20.245586]
X_ 3 postcondition: < 0.99
[ 355.41995    25.963852   71.05619  -229.90442    -8.295177  -21.718502
   80.774925 7237.82      -20.245586]
X_ 3 postcondition: == 0.99
[ 355.41995    25.963852   71.05619  -229.90442    -8.295177  -21.718502
   80.774925 7237.82      -20.245586]
X_ 3 postcondition: != 0.99
[ 355.41995    25.963852   71.05619  -229.90442    -8.295177  -21.718502
   80.774925 7237.82      -20.245586]
Weakest precondition: [  3.3111966   -5.8975086   79.33098    -68.060555    -0.49695113
 -25.618164     6.732992    52.281563    11.170023   -17.34264
  12.318901    -5.8805604  -95.55983    -35.05751     -1.344036
 -14.259974     5.967271    -1.4807196  -19.115469   -15.330525
  33.26835     10.65713    -71.928444     3.106868    -0.19193721
  10.407537    -2.4088163   -1.7022088 ]
Features:  ['age' 'education' 'balance' 'day' 'month' 'duration' 'campaign' 'pdays'
 'previous' 'poutcome' 'job_blue' 'job_entrepreneur' 'job_housemaid'
 'job_management' 'job_retired' 'job_self' 'job_services' 'job_student'
 'job_technician' 'job_unemployed' 'job_unknown' 'marital_married'
 'marital_single' 'default_yes' 'housing_yes' 'loan_yes'
 'contact_telephone' 'contact_unknown']
Features length:  28
Weakest precondition size  28

Checking precondition violation:   0%|          | 0/28 [00:00<?, ?it/s]
Checking precondition violation:  82%|████████▏ | 23/28 [00:00<00:00, 224.72it/s]
Checking precondition violation: 100%|██████████| 28/28 [00:00<00:00, 243.11it/s]
