Number of layers in the model: 3
Layer: dense
Layer: dense_1
Layer: dense_2
Number of selected layers in the model: 3
#weights: 3 | #biases: 3 | #N: 3 | #Gamma: 3
W_ 1 : [[ 0.06279104 -0.42160195 -0.6898743  ...  0.20351419  0.06084476
   0.29947695]
 [-0.04779353  0.9500071  -0.88689935 ...  0.25344592 -0.2810236
  -0.0773991 ]
 [-0.00539839 -0.17066193 -0.00775042 ... -0.07982172 -0.08994944
  -0.02831145]
 ...
 [ 0.04821994  1.3703582  -1.1428572  ... -1.3841517   1.7007232
  -0.39627606]
 [ 0.20307975 -0.63424915  0.71388406 ...  0.23474382  0.33510798
   0.917299  ]
 [ 0.14838459 -0.3613314  -1.4738173  ... -1.4390606   2.3581452
   0.317403  ]]
W_ 2 : [[-0.00113985 -0.06390465 -0.16852564 ...  0.11487079 -0.13804767
  -0.17261538]
 [-0.00292024 -0.12243973  0.09133753 ... -0.10301495 -0.09107424
   0.05262034]
 [ 0.15300585 -0.25827706  0.14631425 ...  0.1291515   0.02458775
   0.2113403 ]
 ...
 [ 0.14252861  0.11082061  0.07157375 ...  0.05352979  0.09836014
   0.1146291 ]
 [-0.30896217  0.19579911  0.09948219 ... -0.05740621 -0.09835998
  -0.0095069 ]
 [ 0.16382267  0.14276113 -0.14204404 ... -0.10475751 -0.27902564
   0.18345837]]
W_ 3 : [[ 8.5398927e-02]
 [ 3.8574196e-03]
 [ 3.7917958e-03]
 [-1.7892639e-01]
 [-6.2714092e-02]
 [ 4.0412884e-02]
 [-7.8155048e-02]
 [ 7.0770080e-03]
 [-7.8685954e-03]
 [ 1.0623143e-02]
 [-8.0902819e-03]
 [-1.9422321e-01]
 [ 1.4489357e-01]
 [-1.4165509e-01]
 [ 5.4907143e-02]
 [ 3.5474509e-02]
 [ 9.6213035e-03]
 [ 4.8824001e-02]
 [-5.5618919e-03]
 [-9.3304402e-01]
 [-7.9136163e-02]
 [-7.9139464e-02]
 [ 1.3401499e-01]
 [ 2.9297650e-01]
 [-4.6525531e-02]
 [-1.2003071e-02]
 [ 6.7052529e-03]
 [ 2.1118720e-03]
 [-1.9701786e-01]
 [-1.1108484e-01]
 [ 6.0716011e-03]
 [ 2.6371342e-04]
 [-2.7715219e-02]
 [-1.6531163e-01]
 [ 8.4077358e-02]
 [-1.4000586e-01]
 [ 5.1712129e-02]
 [-1.2321636e-01]
 [-4.2003304e-02]
 [ 1.2275393e-02]
 [ 5.4918066e-02]
 [ 2.8287810e-01]
 [ 2.5713956e-01]
 [-1.0900393e-02]
 [-1.1980019e+00]
 [ 1.6313762e-03]
 [ 2.5702235e-03]
 [-2.1316904e-01]
 [ 9.1504321e-02]
 [-2.4989118e-01]
 [-2.5635106e-02]
 [-1.6141281e-02]
 [ 1.1243866e-02]
 [-1.0625379e-01]
 [ 2.6332696e-03]
 [-9.0150453e-02]
 [-9.5953204e-02]
 [-2.3511323e-01]
 [-1.2680142e-01]
 [ 3.1066954e-01]
 [ 1.6047974e-01]
 [ 2.1504331e-03]
 [ 5.2638784e-02]
 [ 1.2603280e-01]]
B_ 1 : [-0.07620949 -0.2827457  -1.0460404   0.25083145 -0.7534562   0.10350149
  0.42616206  0.14924197 -0.48114818  0.43311834 -0.04316537 -0.08981813
  0.22012018 -0.24239443 -0.24822786  0.32235244  1.0257663  -0.9935313
 -0.03667267 -0.7036554  -0.11930402 -0.23765045 -0.20472185  0.28640214
 -0.02171973  0.25269797  0.54625785  0.30465293  0.7002515  -0.5024675
  0.44544226 -0.6821459  -0.0153844  -0.9755247   0.14771202  0.52139604
  0.03519382 -0.17814885  1.2887586   0.13268057 -0.5790767  -0.00598141
 -0.7514376  -0.18809175 -0.6939943  -0.14842293 -0.32522234 -0.4471196
 -0.13124509 -0.222101   -0.40399283 -0.06497488 -0.1223838  -0.15881503
 -0.14139232  0.56417     0.2494268  -0.6645696  -0.04817905 -0.27558777
 -0.51530415 -0.45654035  0.52688617  0.56139123]
B_ 2 : [ 0.07020371 -0.45631486 -0.24421138  0.34850788  0.20497294 -0.6106734
  0.6511805  -0.26766405 -0.08300199 -0.20275821 -0.1562081   0.07694715
 -0.04882748  0.6034833  -0.59198654 -0.7537361  -0.50886345 -0.24696837
 -0.12669653  0.163862    0.30230662  0.26878378  0.14342435 -0.47880274
  0.16515385 -0.2357471  -0.06265429 -0.02697025  0.9185692  -0.16035269
 -0.40250993  0.23094712 -0.49857798 -0.08921487 -0.44190043  0.21291016
 -0.01800793 -1.2968966   0.26892614 -0.5016075  -0.06907871 -0.4799891
 -0.18847734  0.00712287  0.5155529  -0.00858529 -0.28659704  0.12145706
 -0.09872775  0.05361263  0.04145075 -0.21294054  0.29154116  0.17030874
 -0.1575108   0.04837463  0.00740606  0.34786484  0.10226023 -0.02175263
 -0.16157828 -0.31398237  0.10779233  0.        ]
B_ 3 : [-0.24654704]
Activation function of layer_a 1 : relu
Activation function of layer_a 2 : relu
Activation function of layer_a 3 : sigmoid
Gamma_ 1 : [[ 2.8582353e-02  9.1126664e-03  3.4921116e-01 ...  1.6801872e-03
   4.9851403e-02  5.6906439e-02]
 [-1.2085265e-01  7.9713082e-03 -9.0637565e-01 ...  7.5690620e-02
  -4.8426054e-02 -4.1009296e-02]
 [-2.0265645e-01 -2.5171533e-03  3.2389003e-01 ...  4.2444345e-02
   4.6283729e-02 -5.1631555e-02]
 ...
 [ 1.6915269e-01 -4.0183257e-02 -2.6268086e-01 ...  2.0278315e-03
  -1.0629093e-02  4.4151187e-02]
 [-3.5181094e-02 -1.1558972e-01 -5.9292519e-01 ...  2.5875272e-02
   1.3339330e-02 -6.3440941e-02]
 [ 9.9277973e-02 -8.5776923e-03  3.9363056e-02 ... -9.6546143e-02
  -1.4977244e-04  1.4498346e-02]]
Gamma_ 2 : [[-1.2496732  -1.2974966   0.36927083 ...  4.401112   -0.8782382
   0.9296773 ]
 [ 0.08998103  1.1851361   0.04955089 ... -1.1102738   0.1673812
  -0.7678671 ]
 [-0.17691429  0.0265285   0.34487933 ...  0.90124154  0.15960896
   0.7783832 ]
 ...
 [ 0.29150605  0.06597731  0.5421919  ... -0.4418057   0.27414325
  -0.3360667 ]
 [-0.59025455 -1.1406089   0.01541377 ...  1.1295799  -0.31955785
   0.41229835]
 [-0.3810681  -1.4531733   0.6401186  ...  3.49344     0.05007929
   0.02025591]]
Gamma_ 3 : [[-1.92000e+02 -2.04800e+03 -2.04800e+03 -6.40000e+02  1.79200e+03
  -5.12000e+02  4.60800e+03 -1.22880e+04 -1.43360e+04 -1.22880e+04
   2.04800e+03 -6.40000e+02 -1.28000e+03  7.68000e+02  2.56000e+02
  -5.12000e+03  1.63840e+04  5.12000e+02 -3.89120e+04  1.28000e+02
   3.84000e+02  0.00000e+00 -3.84000e+02  0.00000e+00 -8.00000e+00
  -1.63840e+04  1.22880e+04  1.22880e+04  1.92000e+02 -1.02400e+03
   2.86720e+04  2.45760e+04  4.09600e+04  8.96000e+02  7.68000e+02
  -1.02400e+03 -8.96000e+02  2.56000e+02  1.28000e+03  2.25280e+04
   1.66400e+03  1.28000e+02 -4.48000e+02  1.02400e+04  3.60000e+01
  -1.63840e+04  1.63840e+04  0.00000e+00 -4.16000e+02 -2.24000e+02
  -6.14400e+03 -2.04800e+03  1.28000e+02 -1.53600e+03  1.06496e+05
  -3.58400e+03 -9.60000e+02  1.92000e+03  4.80000e+01 -6.40000e+01
   1.02400e+03  1.02400e+04  2.56000e+02  1.79200e+03]]
X_ 1 postcondition: >= 0.75
[-0.21251318 -0.12808572 -0.05884069 -0.12027928 -0.01689362 -0.02026568
  0.02806497  0.00289378  0.04092086 -0.01474696 -0.05619194 -0.03856521
 -0.01623712  0.01359581  0.01210943 -0.02569914 -0.02445251 -0.01088987
 -0.04148004  0.01270051  0.05678153 -0.16076231 -0.09110166 -0.02131817
 -0.02020237 -0.049901   -0.06331927  0.00952748]
X_ 1 postcondition: <= 0.75
[-0.21251318 -0.12808572 -0.05884069 -0.12027928 -0.01689362 -0.02026568
  0.02806497  0.00289378  0.04092086 -0.01474696 -0.05619194 -0.03856521
 -0.01623712  0.01359581  0.01210943 -0.02569914 -0.02445251 -0.01088987
 -0.04148004  0.01270051  0.05678153 -0.16076231 -0.09110166 -0.02131817
 -0.02020237 -0.049901   -0.06331927  0.00952748]
X_ 1 postcondition: > 0.75
[-0.21251318 -0.12808572 -0.05884069 -0.12027928 -0.01689362 -0.02026568
  0.02806497  0.00289378  0.04092086 -0.01474696 -0.05619194 -0.03856521
 -0.01623712  0.01359581  0.01210943 -0.02569914 -0.02445251 -0.01088987
 -0.04148004  0.01270051  0.05678153 -0.16076231 -0.09110166 -0.02131817
 -0.02020237 -0.049901   -0.06331927  0.00952748]
X_ 1 postcondition: < 0.75
[-0.21251318 -0.12808572 -0.05884069 -0.12027928 -0.01689362 -0.02026568
  0.02806497  0.00289378  0.04092086 -0.01474696 -0.05619194 -0.03856521
 -0.01623712  0.01359581  0.01210943 -0.02569914 -0.02445251 -0.01088987
 -0.04148004  0.01270051  0.05678153 -0.16076231 -0.09110166 -0.02131817
 -0.02020237 -0.049901   -0.06331927  0.00952748]
X_ 1 postcondition: == 0.75
[-0.21251318 -0.12808572 -0.05884069 -0.12027928 -0.01689362 -0.02026568
  0.02806497  0.00289378  0.04092086 -0.01474696 -0.05619194 -0.03856521
 -0.01623712  0.01359581  0.01210943 -0.02569914 -0.02445251 -0.01088987
 -0.04148004  0.01270051  0.05678153 -0.16076231 -0.09110166 -0.02131817
 -0.02020237 -0.049901   -0.06331927  0.00952748]
X_ 1 postcondition: != 0.75
[-0.21251318 -0.12808572 -0.05884069 -0.12027928 -0.01689362 -0.02026568
  0.02806497  0.00289378  0.04092086 -0.01474696 -0.05619194 -0.03856521
 -0.01623712  0.01359581  0.01210943 -0.02569914 -0.02445251 -0.01088987
 -0.04148004  0.01270051  0.05678153 -0.16076231 -0.09110166 -0.02131817
 -0.02020237 -0.049901   -0.06331927  0.00952748]
X_ 1 postcondition: >= 0.9
[-0.25501576 -0.15370286 -0.07060876 -0.14433509 -0.02027233 -0.02431879
  0.03367797  0.00347257  0.04910504 -0.01769637 -0.06743033 -0.04627825
 -0.01948449  0.01631499  0.01453131 -0.03083897 -0.029343   -0.01306786
 -0.04977603  0.01524062  0.06813785 -0.19291478 -0.10932198 -0.02558181
 -0.02424287 -0.05988118 -0.07598314  0.01143298]
X_ 1 postcondition: <= 0.9
[-0.25501576 -0.15370286 -0.07060876 -0.14433509 -0.02027233 -0.02431879
  0.03367797  0.00347257  0.04910504 -0.01769637 -0.06743033 -0.04627825
 -0.01948449  0.01631499  0.01453131 -0.03083897 -0.029343   -0.01306786
 -0.04977603  0.01524062  0.06813785 -0.19291478 -0.10932198 -0.02558181
 -0.02424287 -0.05988118 -0.07598314  0.01143298]
X_ 1 postcondition: > 0.9
[-0.25501576 -0.15370286 -0.07060876 -0.14433509 -0.02027233 -0.02431879
  0.03367797  0.00347257  0.04910504 -0.01769637 -0.06743033 -0.04627825
 -0.01948449  0.01631499  0.01453131 -0.03083897 -0.029343   -0.01306786
 -0.04977603  0.01524062  0.06813785 -0.19291478 -0.10932198 -0.02558181
 -0.02424287 -0.05988118 -0.07598314  0.01143298]
X_ 1 postcondition: < 0.9
[-0.25501576 -0.15370286 -0.07060876 -0.14433509 -0.02027233 -0.02431879
  0.03367797  0.00347257  0.04910504 -0.01769637 -0.06743033 -0.04627825
 -0.01948449  0.01631499  0.01453131 -0.03083897 -0.029343   -0.01306786
 -0.04977603  0.01524062  0.06813785 -0.19291478 -0.10932198 -0.02558181
 -0.02424287 -0.05988118 -0.07598314  0.01143298]
X_ 1 postcondition: == 0.9
[-0.25501576 -0.15370286 -0.07060876 -0.14433509 -0.02027233 -0.02431879
  0.03367797  0.00347257  0.04910504 -0.01769637 -0.06743033 -0.04627825
 -0.01948449  0.01631499  0.01453131 -0.03083897 -0.029343   -0.01306786
 -0.04977603  0.01524062  0.06813785 -0.19291478 -0.10932198 -0.02558181
 -0.02424287 -0.05988118 -0.07598314  0.01143298]
X_ 1 postcondition: != 0.9
[-0.25501576 -0.15370286 -0.07060876 -0.14433509 -0.02027233 -0.02431879
  0.03367797  0.00347257  0.04910504 -0.01769637 -0.06743033 -0.04627825
 -0.01948449  0.01631499  0.01453131 -0.03083897 -0.029343   -0.01306786
 -0.04977603  0.01524062  0.06813785 -0.19291478 -0.10932198 -0.02558181
 -0.02424287 -0.05988118 -0.07598314  0.01143298]
X_ 1 postcondition: >= 0.95
[-0.26918337 -0.1622419  -0.07453158 -0.1523537  -0.02139861 -0.02566985
  0.03554896  0.00366549  0.05183309 -0.01867951 -0.07117647 -0.04884925
 -0.02056699  0.01722138  0.0153386  -0.03255223 -0.03097315 -0.01379383
 -0.05254138  0.01608732  0.07192326 -0.20363228 -0.11539543 -0.02700303
 -0.02558968 -0.06320791 -0.0802044   0.01206813]
X_ 1 postcondition: <= 0.95
[-0.26918337 -0.1622419  -0.07453158 -0.1523537  -0.02139861 -0.02566985
  0.03554896  0.00366549  0.05183309 -0.01867951 -0.07117647 -0.04884925
 -0.02056699  0.01722138  0.0153386  -0.03255223 -0.03097315 -0.01379383
 -0.05254138  0.01608732  0.07192326 -0.20363228 -0.11539543 -0.02700303
 -0.02558968 -0.06320791 -0.0802044   0.01206813]
X_ 1 postcondition: > 0.95
[-0.26918337 -0.1622419  -0.07453158 -0.1523537  -0.02139861 -0.02566985
  0.03554896  0.00366549  0.05183309 -0.01867951 -0.07117647 -0.04884925
 -0.02056699  0.01722138  0.0153386  -0.03255223 -0.03097315 -0.01379383
 -0.05254138  0.01608732  0.07192326 -0.20363228 -0.11539543 -0.02700303
 -0.02558968 -0.06320791 -0.0802044   0.01206813]
X_ 1 postcondition: < 0.95
[-0.26918337 -0.1622419  -0.07453158 -0.1523537  -0.02139861 -0.02566985
  0.03554896  0.00366549  0.05183309 -0.01867951 -0.07117647 -0.04884925
 -0.02056699  0.01722138  0.0153386  -0.03255223 -0.03097315 -0.01379383
 -0.05254138  0.01608732  0.07192326 -0.20363228 -0.11539543 -0.02700303
 -0.02558968 -0.06320791 -0.0802044   0.01206813]
X_ 1 postcondition: == 0.95
[-0.26918337 -0.1622419  -0.07453158 -0.1523537  -0.02139861 -0.02566985
  0.03554896  0.00366549  0.05183309 -0.01867951 -0.07117647 -0.04884925
 -0.02056699  0.01722138  0.0153386  -0.03255223 -0.03097315 -0.01379383
 -0.05254138  0.01608732  0.07192326 -0.20363228 -0.11539543 -0.02700303
 -0.02558968 -0.06320791 -0.0802044   0.01206813]
X_ 1 postcondition: != 0.95
[-0.26918337 -0.1622419  -0.07453158 -0.1523537  -0.02139861 -0.02566985
  0.03554896  0.00366549  0.05183309 -0.01867951 -0.07117647 -0.04884925
 -0.02056699  0.01722138  0.0153386  -0.03255223 -0.03097315 -0.01379383
 -0.05254138  0.01608732  0.07192326 -0.20363228 -0.11539543 -0.02700303
 -0.02558968 -0.06320791 -0.0802044   0.01206813]
X_ 1 postcondition: >= 0.99
[-0.28051734 -0.16907316 -0.07766986 -0.15876862 -0.02229959 -0.02675066
  0.03704574  0.00381978  0.05401556 -0.01946601 -0.07417335 -0.05090607
 -0.02143297  0.01794649  0.01598443 -0.03392288 -0.03227731 -0.01437464
 -0.05475365  0.01676467  0.07495162 -0.21220627 -0.12025417 -0.02814
 -0.02666714 -0.06586932 -0.08358146  0.01257627]
X_ 1 postcondition: <= 0.99
[-0.28051734 -0.16907316 -0.07766986 -0.15876862 -0.02229959 -0.02675066
  0.03704574  0.00381978  0.05401556 -0.01946601 -0.07417335 -0.05090607
 -0.02143297  0.01794649  0.01598443 -0.03392288 -0.03227731 -0.01437464
 -0.05475365  0.01676467  0.07495162 -0.21220627 -0.12025417 -0.02814
 -0.02666714 -0.06586932 -0.08358146  0.01257627]
X_ 1 postcondition: > 0.99
[-0.28051734 -0.16907316 -0.07766986 -0.15876862 -0.02229959 -0.02675066
  0.03704574  0.00381978  0.05401556 -0.01946601 -0.07417335 -0.05090607
 -0.02143297  0.01794649  0.01598443 -0.03392288 -0.03227731 -0.01437464
 -0.05475365  0.01676467  0.07495162 -0.21220627 -0.12025417 -0.02814
 -0.02666714 -0.06586932 -0.08358146  0.01257627]
X_ 1 postcondition: < 0.99
[-0.28051734 -0.16907316 -0.07766986 -0.15876862 -0.02229959 -0.02675066
  0.03704574  0.00381978  0.05401556 -0.01946601 -0.07417335 -0.05090607
 -0.02143297  0.01794649  0.01598443 -0.03392288 -0.03227731 -0.01437464
 -0.05475365  0.01676467  0.07495162 -0.21220627 -0.12025417 -0.02814
 -0.02666714 -0.06586932 -0.08358146  0.01257627]
X_ 1 postcondition: == 0.99
[-0.28051734 -0.16907316 -0.07766986 -0.15876862 -0.02229959 -0.02675066
  0.03704574  0.00381978  0.05401556 -0.01946601 -0.07417335 -0.05090607
 -0.02143297  0.01794649  0.01598443 -0.03392288 -0.03227731 -0.01437464
 -0.05475365  0.01676467  0.07495162 -0.21220627 -0.12025417 -0.02814
 -0.02666714 -0.06586932 -0.08358146  0.01257627]
X_ 1 postcondition: != 0.99
[-0.28051734 -0.16907316 -0.07766986 -0.15876862 -0.02229959 -0.02675066
  0.03704574  0.00381978  0.05401556 -0.01946601 -0.07417335 -0.05090607
 -0.02143297  0.01794649  0.01598443 -0.03392288 -0.03227731 -0.01437464
 -0.05475365  0.01676467  0.07495162 -0.21220627 -0.12025417 -0.02814
 -0.02666714 -0.06586932 -0.08358146  0.01257627]
X_ 2 postcondition: >= 0.75
[-0.2510545   0.49675688  0.04554104 -0.6836783   0.04533982 -1.543704
 -0.6713941   0.3232516   0.5738686   0.5269309  -0.09326264  0.26289216
 -0.5815561  -0.4844816   1.2555131   0.54894537 -0.03018128  1.2578042
 -0.19933034  0.21649379 -0.83889157  0.09349456  0.16160804  0.6047246
 -0.08872736  0.87385726 -1.0490457  -0.8480849  -1.9389329  -0.4939133
 -1.0375253  -0.14202023 -0.9064094  -0.7885947   0.19082934 -0.21861118
 -0.8208388   0.42549065 -0.41945946 -0.17934045  1.000616    0.0668352
 -0.62883055 -0.5468293  -0.49742615  0.84691596  1.696061   -1.0781263
 -0.9426252   0.38217095 -0.17451052  0.57451135  1.0169666  -0.18336251
 -0.15110545 -0.11546803  0.64703083  0.11155337  0.7774488  -1.0436614
  0.14409149  0.45323902 -0.00994885 -0.28878695]
X_ 2 postcondition: <= 0.75
[-0.2510545   0.49675688  0.04554104 -0.6836783   0.04533982 -1.543704
 -0.6713941   0.3232516   0.5738686   0.5269309  -0.09326264  0.26289216
 -0.5815561  -0.4844816   1.2555131   0.54894537 -0.03018128  1.2578042
 -0.19933034  0.21649379 -0.83889157  0.09349456  0.16160804  0.6047246
 -0.08872736  0.87385726 -1.0490457  -0.8480849  -1.9389329  -0.4939133
 -1.0375253  -0.14202023 -0.9064094  -0.7885947   0.19082934 -0.21861118
 -0.8208388   0.42549065 -0.41945946 -0.17934045  1.000616    0.0668352
 -0.62883055 -0.5468293  -0.49742615  0.84691596  1.696061   -1.0781263
 -0.9426252   0.38217095 -0.17451052  0.57451135  1.0169666  -0.18336251
 -0.15110545 -0.11546803  0.64703083  0.11155337  0.7774488  -1.0436614
  0.14409149  0.45323902 -0.00994885 -0.28878695]
X_ 2 postcondition: > 0.75
[-0.2510545   0.49675688  0.04554104 -0.6836783   0.04533982 -1.543704
 -0.6713941   0.3232516   0.5738686   0.5269309  -0.09326264  0.26289216
 -0.5815561  -0.4844816   1.2555131   0.54894537 -0.03018128  1.2578042
 -0.19933034  0.21649379 -0.83889157  0.09349456  0.16160804  0.6047246
 -0.08872736  0.87385726 -1.0490457  -0.8480849  -1.9389329  -0.4939133
 -1.0375253  -0.14202023 -0.9064094  -0.7885947   0.19082934 -0.21861118
 -0.8208388   0.42549065 -0.41945946 -0.17934045  1.000616    0.0668352
 -0.62883055 -0.5468293  -0.49742615  0.84691596  1.696061   -1.0781263
 -0.9426252   0.38217095 -0.17451052  0.57451135  1.0169666  -0.18336251
 -0.15110545 -0.11546803  0.64703083  0.11155337  0.7774488  -1.0436614
  0.14409149  0.45323902 -0.00994885 -0.28878695]
X_ 2 postcondition: < 0.75
[-0.2510545   0.49675688  0.04554104 -0.6836783   0.04533982 -1.543704
 -0.6713941   0.3232516   0.5738686   0.5269309  -0.09326264  0.26289216
 -0.5815561  -0.4844816   1.2555131   0.54894537 -0.03018128  1.2578042
 -0.19933034  0.21649379 -0.83889157  0.09349456  0.16160804  0.6047246
 -0.08872736  0.87385726 -1.0490457  -0.8480849  -1.9389329  -0.4939133
 -1.0375253  -0.14202023 -0.9064094  -0.7885947   0.19082934 -0.21861118
 -0.8208388   0.42549065 -0.41945946 -0.17934045  1.000616    0.0668352
 -0.62883055 -0.5468293  -0.49742615  0.84691596  1.696061   -1.0781263
 -0.9426252   0.38217095 -0.17451052  0.57451135  1.0169666  -0.18336251
 -0.15110545 -0.11546803  0.64703083  0.11155337  0.7774488  -1.0436614
  0.14409149  0.45323902 -0.00994885 -0.28878695]
X_ 2 postcondition: == 0.75
[-0.2510545   0.49675688  0.04554104 -0.6836783   0.04533982 -1.543704
 -0.6713941   0.3232516   0.5738686   0.5269309  -0.09326264  0.26289216
 -0.5815561  -0.4844816   1.2555131   0.54894537 -0.03018128  1.2578042
 -0.19933034  0.21649379 -0.83889157  0.09349456  0.16160804  0.6047246
 -0.08872736  0.87385726 -1.0490457  -0.8480849  -1.9389329  -0.4939133
 -1.0375253  -0.14202023 -0.9064094  -0.7885947   0.19082934 -0.21861118
 -0.8208388   0.42549065 -0.41945946 -0.17934045  1.000616    0.0668352
 -0.62883055 -0.5468293  -0.49742615  0.84691596  1.696061   -1.0781263
 -0.9426252   0.38217095 -0.17451052  0.57451135  1.0169666  -0.18336251
 -0.15110545 -0.11546803  0.64703083  0.11155337  0.7774488  -1.0436614
  0.14409149  0.45323902 -0.00994885 -0.28878695]
X_ 2 postcondition: != 0.75
[-0.2510545   0.49675688  0.04554104 -0.6836783   0.04533982 -1.543704
 -0.6713941   0.3232516   0.5738686   0.5269309  -0.09326264  0.26289216
 -0.5815561  -0.4844816   1.2555131   0.54894537 -0.03018128  1.2578042
 -0.19933034  0.21649379 -0.83889157  0.09349456  0.16160804  0.6047246
 -0.08872736  0.87385726 -1.0490457  -0.8480849  -1.9389329  -0.4939133
 -1.0375253  -0.14202023 -0.9064094  -0.7885947   0.19082934 -0.21861118
 -0.8208388   0.42549065 -0.41945946 -0.17934045  1.000616    0.0668352
 -0.62883055 -0.5468293  -0.49742615  0.84691596  1.696061   -1.0781263
 -0.9426252   0.38217095 -0.17451052  0.57451135  1.0169666  -0.18336251
 -0.15110545 -0.11546803  0.64703083  0.11155337  0.7774488  -1.0436614
  0.14409149  0.45323902 -0.00994885 -0.28878695]
X_ 2 postcondition: >= 0.9
[-0.30126533  0.5961081   0.05464943 -0.820414    0.0544078  -1.8524449
 -0.805673    0.38790205  0.68864226  0.6323172  -0.11191513  0.31547064
 -0.6978677  -0.5813775   1.5066161   0.6587344  -0.03621742  1.5093646
 -0.23919673  0.25979233 -1.00667     0.11219355  0.1939291   0.725669
 -0.10647303  1.0486286  -1.2588549  -1.017702   -2.3267193  -0.59269565
 -1.2450303  -0.17042431 -1.0876913  -0.9463135   0.2289953  -0.2623334
 -0.98500633  0.5105889  -0.5033517  -0.21520859  1.2007396   0.08020239
 -0.75459665 -0.6561953  -0.59691095  1.0162992   2.035273   -1.2937515
 -1.1311507   0.45860517 -0.20941266  0.68941367  1.2203599  -0.22003469
 -0.18132634 -0.1385617   0.77643657  0.13386413  0.9329385  -1.2523937
  0.17290975  0.54388714 -0.01193854 -0.34654453]
X_ 2 postcondition: <= 0.9
[-0.30126533  0.5961081   0.05464943 -0.820414    0.0544078  -1.8524449
 -0.805673    0.38790205  0.68864226  0.6323172  -0.11191513  0.31547064
 -0.6978677  -0.5813775   1.5066161   0.6587344  -0.03621742  1.5093646
 -0.23919673  0.25979233 -1.00667     0.11219355  0.1939291   0.725669
 -0.10647303  1.0486286  -1.2588549  -1.017702   -2.3267193  -0.59269565
 -1.2450303  -0.17042431 -1.0876913  -0.9463135   0.2289953  -0.2623334
 -0.98500633  0.5105889  -0.5033517  -0.21520859  1.2007396   0.08020239
 -0.75459665 -0.6561953  -0.59691095  1.0162992   2.035273   -1.2937515
 -1.1311507   0.45860517 -0.20941266  0.68941367  1.2203599  -0.22003469
 -0.18132634 -0.1385617   0.77643657  0.13386413  0.9329385  -1.2523937
  0.17290975  0.54388714 -0.01193854 -0.34654453]
X_ 2 postcondition: > 0.9
[-0.30126533  0.5961081   0.05464943 -0.820414    0.0544078  -1.8524449
 -0.805673    0.38790205  0.68864226  0.6323172  -0.11191513  0.31547064
 -0.6978677  -0.5813775   1.5066161   0.6587344  -0.03621742  1.5093646
 -0.23919673  0.25979233 -1.00667     0.11219355  0.1939291   0.725669
 -0.10647303  1.0486286  -1.2588549  -1.017702   -2.3267193  -0.59269565
 -1.2450303  -0.17042431 -1.0876913  -0.9463135   0.2289953  -0.2623334
 -0.98500633  0.5105889  -0.5033517  -0.21520859  1.2007396   0.08020239
 -0.75459665 -0.6561953  -0.59691095  1.0162992   2.035273   -1.2937515
 -1.1311507   0.45860517 -0.20941266  0.68941367  1.2203599  -0.22003469
 -0.18132634 -0.1385617   0.77643657  0.13386413  0.9329385  -1.2523937
  0.17290975  0.54388714 -0.01193854 -0.34654453]
X_ 2 postcondition: < 0.9
[-0.30126533  0.5961081   0.05464943 -0.820414    0.0544078  -1.8524449
 -0.805673    0.38790205  0.68864226  0.6323172  -0.11191513  0.31547064
 -0.6978677  -0.5813775   1.5066161   0.6587344  -0.03621742  1.5093646
 -0.23919673  0.25979233 -1.00667     0.11219355  0.1939291   0.725669
 -0.10647303  1.0486286  -1.2588549  -1.017702   -2.3267193  -0.59269565
 -1.2450303  -0.17042431 -1.0876913  -0.9463135   0.2289953  -0.2623334
 -0.98500633  0.5105889  -0.5033517  -0.21520859  1.2007396   0.08020239
 -0.75459665 -0.6561953  -0.59691095  1.0162992   2.035273   -1.2937515
 -1.1311507   0.45860517 -0.20941266  0.68941367  1.2203599  -0.22003469
 -0.18132634 -0.1385617   0.77643657  0.13386413  0.9329385  -1.2523937
  0.17290975  0.54388714 -0.01193854 -0.34654453]
X_ 2 postcondition: == 0.9
[-0.30126533  0.5961081   0.05464943 -0.820414    0.0544078  -1.8524449
 -0.805673    0.38790205  0.68864226  0.6323172  -0.11191513  0.31547064
 -0.6978677  -0.5813775   1.5066161   0.6587344  -0.03621742  1.5093646
 -0.23919673  0.25979233 -1.00667     0.11219355  0.1939291   0.725669
 -0.10647303  1.0486286  -1.2588549  -1.017702   -2.3267193  -0.59269565
 -1.2450303  -0.17042431 -1.0876913  -0.9463135   0.2289953  -0.2623334
 -0.98500633  0.5105889  -0.5033517  -0.21520859  1.2007396   0.08020239
 -0.75459665 -0.6561953  -0.59691095  1.0162992   2.035273   -1.2937515
 -1.1311507   0.45860517 -0.20941266  0.68941367  1.2203599  -0.22003469
 -0.18132634 -0.1385617   0.77643657  0.13386413  0.9329385  -1.2523937
  0.17290975  0.54388714 -0.01193854 -0.34654453]
X_ 2 postcondition: != 0.9
[-0.30126533  0.5961081   0.05464943 -0.820414    0.0544078  -1.8524449
 -0.805673    0.38790205  0.68864226  0.6323172  -0.11191513  0.31547064
 -0.6978677  -0.5813775   1.5066161   0.6587344  -0.03621742  1.5093646
 -0.23919673  0.25979233 -1.00667     0.11219355  0.1939291   0.725669
 -0.10647303  1.0486286  -1.2588549  -1.017702   -2.3267193  -0.59269565
 -1.2450303  -0.17042431 -1.0876913  -0.9463135   0.2289953  -0.2623334
 -0.98500633  0.5105889  -0.5033517  -0.21520859  1.2007396   0.08020239
 -0.75459665 -0.6561953  -0.59691095  1.0162992   2.035273   -1.2937515
 -1.1311507   0.45860517 -0.20941266  0.68941367  1.2203599  -0.22003469
 -0.18132634 -0.1385617   0.77643657  0.13386413  0.9329385  -1.2523937
  0.17290975  0.54388714 -0.01193854 -0.34654453]
X_ 2 postcondition: >= 0.95
[-0.31800243  0.62922525  0.05768536 -0.86599225  0.05743045 -1.9553583
 -0.850433    0.40945196  0.72690016  0.667446   -0.1181325   0.3329968
 -0.73663795 -0.6136765   1.5903171   0.69533074 -0.03822953  1.5932183
 -0.2524854   0.27422523 -1.062596    0.11842652  0.20470275  0.7659841
 -0.11238819  1.1068858  -1.3287911  -1.0742409  -2.455981   -0.62562335
 -1.3141989  -0.17989238 -1.1481185  -0.9988861   0.24171701 -0.2769078
 -1.0397292   0.538955   -0.5313154  -0.22716467  1.2674474   0.08465804
 -0.7965186  -0.6926505  -0.6300726   1.0727602   2.1483443  -1.3656263
 -1.1939921   0.48408324 -0.22104672  0.7277144   1.2881576  -0.2322593
 -0.19140033 -0.1462596   0.819572    0.14130127  0.9847685  -1.3219713
  0.18251593  0.5741036  -0.01260188 -0.36579683]
X_ 2 postcondition: <= 0.95
[-0.31800243  0.62922525  0.05768536 -0.86599225  0.05743045 -1.9553583
 -0.850433    0.40945196  0.72690016  0.667446   -0.1181325   0.3329968
 -0.73663795 -0.6136765   1.5903171   0.69533074 -0.03822953  1.5932183
 -0.2524854   0.27422523 -1.062596    0.11842652  0.20470275  0.7659841
 -0.11238819  1.1068858  -1.3287911  -1.0742409  -2.455981   -0.62562335
 -1.3141989  -0.17989238 -1.1481185  -0.9988861   0.24171701 -0.2769078
 -1.0397292   0.538955   -0.5313154  -0.22716467  1.2674474   0.08465804
 -0.7965186  -0.6926505  -0.6300726   1.0727602   2.1483443  -1.3656263
 -1.1939921   0.48408324 -0.22104672  0.7277144   1.2881576  -0.2322593
 -0.19140033 -0.1462596   0.819572    0.14130127  0.9847685  -1.3219713
  0.18251593  0.5741036  -0.01260188 -0.36579683]
X_ 2 postcondition: > 0.95
[-0.31800243  0.62922525  0.05768536 -0.86599225  0.05743045 -1.9553583
 -0.850433    0.40945196  0.72690016  0.667446   -0.1181325   0.3329968
 -0.73663795 -0.6136765   1.5903171   0.69533074 -0.03822953  1.5932183
 -0.2524854   0.27422523 -1.062596    0.11842652  0.20470275  0.7659841
 -0.11238819  1.1068858  -1.3287911  -1.0742409  -2.455981   -0.62562335
 -1.3141989  -0.17989238 -1.1481185  -0.9988861   0.24171701 -0.2769078
 -1.0397292   0.538955   -0.5313154  -0.22716467  1.2674474   0.08465804
 -0.7965186  -0.6926505  -0.6300726   1.0727602   2.1483443  -1.3656263
 -1.1939921   0.48408324 -0.22104672  0.7277144   1.2881576  -0.2322593
 -0.19140033 -0.1462596   0.819572    0.14130127  0.9847685  -1.3219713
  0.18251593  0.5741036  -0.01260188 -0.36579683]
X_ 2 postcondition: < 0.95
[-0.31800243  0.62922525  0.05768536 -0.86599225  0.05743045 -1.9553583
 -0.850433    0.40945196  0.72690016  0.667446   -0.1181325   0.3329968
 -0.73663795 -0.6136765   1.5903171   0.69533074 -0.03822953  1.5932183
 -0.2524854   0.27422523 -1.062596    0.11842652  0.20470275  0.7659841
 -0.11238819  1.1068858  -1.3287911  -1.0742409  -2.455981   -0.62562335
 -1.3141989  -0.17989238 -1.1481185  -0.9988861   0.24171701 -0.2769078
 -1.0397292   0.538955   -0.5313154  -0.22716467  1.2674474   0.08465804
 -0.7965186  -0.6926505  -0.6300726   1.0727602   2.1483443  -1.3656263
 -1.1939921   0.48408324 -0.22104672  0.7277144   1.2881576  -0.2322593
 -0.19140033 -0.1462596   0.819572    0.14130127  0.9847685  -1.3219713
  0.18251593  0.5741036  -0.01260188 -0.36579683]
X_ 2 postcondition: == 0.95
[-0.31800243  0.62922525  0.05768536 -0.86599225  0.05743045 -1.9553583
 -0.850433    0.40945196  0.72690016  0.667446   -0.1181325   0.3329968
 -0.73663795 -0.6136765   1.5903171   0.69533074 -0.03822953  1.5932183
 -0.2524854   0.27422523 -1.062596    0.11842652  0.20470275  0.7659841
 -0.11238819  1.1068858  -1.3287911  -1.0742409  -2.455981   -0.62562335
 -1.3141989  -0.17989238 -1.1481185  -0.9988861   0.24171701 -0.2769078
 -1.0397292   0.538955   -0.5313154  -0.22716467  1.2674474   0.08465804
 -0.7965186  -0.6926505  -0.6300726   1.0727602   2.1483443  -1.3656263
 -1.1939921   0.48408324 -0.22104672  0.7277144   1.2881576  -0.2322593
 -0.19140033 -0.1462596   0.819572    0.14130127  0.9847685  -1.3219713
  0.18251593  0.5741036  -0.01260188 -0.36579683]
X_ 2 postcondition: != 0.95
[-0.31800243  0.62922525  0.05768536 -0.86599225  0.05743045 -1.9553583
 -0.850433    0.40945196  0.72690016  0.667446   -0.1181325   0.3329968
 -0.73663795 -0.6136765   1.5903171   0.69533074 -0.03822953  1.5932183
 -0.2524854   0.27422523 -1.062596    0.11842652  0.20470275  0.7659841
 -0.11238819  1.1068858  -1.3287911  -1.0742409  -2.455981   -0.62562335
 -1.3141989  -0.17989238 -1.1481185  -0.9988861   0.24171701 -0.2769078
 -1.0397292   0.538955   -0.5313154  -0.22716467  1.2674474   0.08465804
 -0.7965186  -0.6926505  -0.6300726   1.0727602   2.1483443  -1.3656263
 -1.1939921   0.48408324 -0.22104672  0.7277144   1.2881576  -0.2322593
 -0.19140033 -0.1462596   0.819572    0.14130127  0.9847685  -1.3219713
  0.18251593  0.5741036  -0.01260188 -0.36579683]
X_ 2 postcondition: >= 0.99
[-0.3313918   0.65571904  0.06011432 -0.9024552   0.05984873 -2.0376887
 -0.88624084  0.42669147  0.7575066   0.6955489  -0.12310669  0.34701768
 -0.7676544  -0.63951546  1.6572773   0.7246078  -0.03983922  1.6603013
 -0.26311636  0.28577146 -1.107337    0.12341316  0.21332213  0.7982362
 -0.11712036  1.1534917  -1.3847405  -1.119472   -2.5593913  -0.6519654
 -1.3695334  -0.18746671 -1.1964602  -1.0409446   0.2518949  -0.2885668
 -1.0835071   0.56164783 -0.5536867  -0.23672944  1.3208137   0.08822268
 -0.8300565  -0.72181475 -0.6566019   1.1179292   2.2388008  -1.4231265
 -1.2442653   0.5044656  -0.23035383  0.7583551   1.342396   -0.24203822
 -0.19945905 -0.15241787  0.8540807   0.1472506   1.0262324  -1.3776331
  0.19020076  0.59827673 -0.01313244 -0.3811989 ]
X_ 2 postcondition: <= 0.99
[-0.3313918   0.65571904  0.06011432 -0.9024552   0.05984873 -2.0376887
 -0.88624084  0.42669147  0.7575066   0.6955489  -0.12310669  0.34701768
 -0.7676544  -0.63951546  1.6572773   0.7246078  -0.03983922  1.6603013
 -0.26311636  0.28577146 -1.107337    0.12341316  0.21332213  0.7982362
 -0.11712036  1.1534917  -1.3847405  -1.119472   -2.5593913  -0.6519654
 -1.3695334  -0.18746671 -1.1964602  -1.0409446   0.2518949  -0.2885668
 -1.0835071   0.56164783 -0.5536867  -0.23672944  1.3208137   0.08822268
 -0.8300565  -0.72181475 -0.6566019   1.1179292   2.2388008  -1.4231265
 -1.2442653   0.5044656  -0.23035383  0.7583551   1.342396   -0.24203822
 -0.19945905 -0.15241787  0.8540807   0.1472506   1.0262324  -1.3776331
  0.19020076  0.59827673 -0.01313244 -0.3811989 ]
X_ 2 postcondition: > 0.99
[-0.3313918   0.65571904  0.06011432 -0.9024552   0.05984873 -2.0376887
 -0.88624084  0.42669147  0.7575066   0.6955489  -0.12310669  0.34701768
 -0.7676544  -0.63951546  1.6572773   0.7246078  -0.03983922  1.6603013
 -0.26311636  0.28577146 -1.107337    0.12341316  0.21332213  0.7982362
 -0.11712036  1.1534917  -1.3847405  -1.119472   -2.5593913  -0.6519654
 -1.3695334  -0.18746671 -1.1964602  -1.0409446   0.2518949  -0.2885668
 -1.0835071   0.56164783 -0.5536867  -0.23672944  1.3208137   0.08822268
 -0.8300565  -0.72181475 -0.6566019   1.1179292   2.2388008  -1.4231265
 -1.2442653   0.5044656  -0.23035383  0.7583551   1.342396   -0.24203822
 -0.19945905 -0.15241787  0.8540807   0.1472506   1.0262324  -1.3776331
  0.19020076  0.59827673 -0.01313244 -0.3811989 ]
X_ 2 postcondition: < 0.99
[-0.3313918   0.65571904  0.06011432 -0.9024552   0.05984873 -2.0376887
 -0.88624084  0.42669147  0.7575066   0.6955489  -0.12310669  0.34701768
 -0.7676544  -0.63951546  1.6572773   0.7246078  -0.03983922  1.6603013
 -0.26311636  0.28577146 -1.107337    0.12341316  0.21332213  0.7982362
 -0.11712036  1.1534917  -1.3847405  -1.119472   -2.5593913  -0.6519654
 -1.3695334  -0.18746671 -1.1964602  -1.0409446   0.2518949  -0.2885668
 -1.0835071   0.56164783 -0.5536867  -0.23672944  1.3208137   0.08822268
 -0.8300565  -0.72181475 -0.6566019   1.1179292   2.2388008  -1.4231265
 -1.2442653   0.5044656  -0.23035383  0.7583551   1.342396   -0.24203822
 -0.19945905 -0.15241787  0.8540807   0.1472506   1.0262324  -1.3776331
  0.19020076  0.59827673 -0.01313244 -0.3811989 ]
X_ 2 postcondition: == 0.99
[-0.3313918   0.65571904  0.06011432 -0.9024552   0.05984873 -2.0376887
 -0.88624084  0.42669147  0.7575066   0.6955489  -0.12310669  0.34701768
 -0.7676544  -0.63951546  1.6572773   0.7246078  -0.03983922  1.6603013
 -0.26311636  0.28577146 -1.107337    0.12341316  0.21332213  0.7982362
 -0.11712036  1.1534917  -1.3847405  -1.119472   -2.5593913  -0.6519654
 -1.3695334  -0.18746671 -1.1964602  -1.0409446   0.2518949  -0.2885668
 -1.0835071   0.56164783 -0.5536867  -0.23672944  1.3208137   0.08822268
 -0.8300565  -0.72181475 -0.6566019   1.1179292   2.2388008  -1.4231265
 -1.2442653   0.5044656  -0.23035383  0.7583551   1.342396   -0.24203822
 -0.19945905 -0.15241787  0.8540807   0.1472506   1.0262324  -1.3776331
  0.19020076  0.59827673 -0.01313244 -0.3811989 ]
X_ 2 postcondition: != 0.99
[-0.3313918   0.65571904  0.06011432 -0.9024552   0.05984873 -2.0376887
 -0.88624084  0.42669147  0.7575066   0.6955489  -0.12310669  0.34701768
 -0.7676544  -0.63951546  1.6572773   0.7246078  -0.03983922  1.6603013
 -0.26311636  0.28577146 -1.107337    0.12341316  0.21332213  0.7982362
 -0.11712036  1.1534917  -1.3847405  -1.119472   -2.5593913  -0.6519654
 -1.3695334  -0.18746671 -1.1964602  -1.0409446   0.2518949  -0.2885668
 -1.0835071   0.56164783 -0.5536867  -0.23672944  1.3208137   0.08822268
 -0.8300565  -0.72181475 -0.6566019   1.1179292   2.2388008  -1.4231265
 -1.2442653   0.5044656  -0.23035383  0.7583551   1.342396   -0.24203822
 -0.19945905 -0.15241787  0.8540807   0.1472506   1.0262324  -1.3776331
  0.19020076  0.59827673 -0.01313244 -0.3811989 ]
X_ 3 postcondition: >= 0.75
[-3.5502773e+01 -3.7869626e+02 -3.7869626e+02 -1.1834258e+02
  3.3135922e+02 -9.4674065e+01  8.5206659e+02 -2.2721775e+03
 -2.6508738e+03 -2.2721775e+03  3.7869626e+02 -1.1834258e+02
 -2.3668517e+02  1.4201109e+02  4.7337032e+01 -9.4674066e+02
  3.0295701e+03  9.4674065e+01 -7.1952290e+03  2.3668516e+01
  7.1005547e+01  0.0000000e+00 -7.1005547e+01  0.0000000e+00
 -1.4792823e+00 -3.0295701e+03  2.2721775e+03  2.2721775e+03
  3.5502773e+01 -1.8934813e+02  5.3017476e+03  4.5443550e+03
  7.5739253e+03  1.6567961e+02  1.4201109e+02 -1.8934813e+02
 -1.6567961e+02  4.7337032e+01  2.3668517e+02  4.1656587e+03
  3.0769070e+02  2.3668516e+01 -8.2839806e+01  1.8934813e+03
  6.6567702e+00 -3.0295701e+03  3.0295701e+03  0.0000000e+00
 -7.6922676e+01 -4.1419903e+01 -1.1360887e+03 -3.7869626e+02
  2.3668516e+01 -2.8402219e+02  1.9692205e+04 -6.6271844e+02
 -1.7751387e+02  3.5502774e+02  8.8756933e+00 -1.1834258e+01
  1.8934813e+02  1.8934813e+03  4.7337032e+01  3.3135922e+02]
X_ 3 postcondition: <= 0.75
[-3.5502773e+01 -3.7869626e+02 -3.7869626e+02 -1.1834258e+02
  3.3135922e+02 -9.4674065e+01  8.5206659e+02 -2.2721775e+03
 -2.6508738e+03 -2.2721775e+03  3.7869626e+02 -1.1834258e+02
 -2.3668517e+02  1.4201109e+02  4.7337032e+01 -9.4674066e+02
  3.0295701e+03  9.4674065e+01 -7.1952290e+03  2.3668516e+01
  7.1005547e+01  0.0000000e+00 -7.1005547e+01  0.0000000e+00
 -1.4792823e+00 -3.0295701e+03  2.2721775e+03  2.2721775e+03
  3.5502773e+01 -1.8934813e+02  5.3017476e+03  4.5443550e+03
  7.5739253e+03  1.6567961e+02  1.4201109e+02 -1.8934813e+02
 -1.6567961e+02  4.7337032e+01  2.3668517e+02  4.1656587e+03
  3.0769070e+02  2.3668516e+01 -8.2839806e+01  1.8934813e+03
  6.6567702e+00 -3.0295701e+03  3.0295701e+03  0.0000000e+00
 -7.6922676e+01 -4.1419903e+01 -1.1360887e+03 -3.7869626e+02
  2.3668516e+01 -2.8402219e+02  1.9692205e+04 -6.6271844e+02
 -1.7751387e+02  3.5502774e+02  8.8756933e+00 -1.1834258e+01
  1.8934813e+02  1.8934813e+03  4.7337032e+01  3.3135922e+02]
X_ 3 postcondition: > 0.75
[-3.5502773e+01 -3.7869626e+02 -3.7869626e+02 -1.1834258e+02
  3.3135922e+02 -9.4674065e+01  8.5206659e+02 -2.2721775e+03
 -2.6508738e+03 -2.2721775e+03  3.7869626e+02 -1.1834258e+02
 -2.3668517e+02  1.4201109e+02  4.7337032e+01 -9.4674066e+02
  3.0295701e+03  9.4674065e+01 -7.1952290e+03  2.3668516e+01
  7.1005547e+01  0.0000000e+00 -7.1005547e+01  0.0000000e+00
 -1.4792823e+00 -3.0295701e+03  2.2721775e+03  2.2721775e+03
  3.5502773e+01 -1.8934813e+02  5.3017476e+03  4.5443550e+03
  7.5739253e+03  1.6567961e+02  1.4201109e+02 -1.8934813e+02
 -1.6567961e+02  4.7337032e+01  2.3668517e+02  4.1656587e+03
  3.0769070e+02  2.3668516e+01 -8.2839806e+01  1.8934813e+03
  6.6567702e+00 -3.0295701e+03  3.0295701e+03  0.0000000e+00
 -7.6922676e+01 -4.1419903e+01 -1.1360887e+03 -3.7869626e+02
  2.3668516e+01 -2.8402219e+02  1.9692205e+04 -6.6271844e+02
 -1.7751387e+02  3.5502774e+02  8.8756933e+00 -1.1834258e+01
  1.8934813e+02  1.8934813e+03  4.7337032e+01  3.3135922e+02]
X_ 3 postcondition: < 0.75
[-3.5502773e+01 -3.7869626e+02 -3.7869626e+02 -1.1834258e+02
  3.3135922e+02 -9.4674065e+01  8.5206659e+02 -2.2721775e+03
 -2.6508738e+03 -2.2721775e+03  3.7869626e+02 -1.1834258e+02
 -2.3668517e+02  1.4201109e+02  4.7337032e+01 -9.4674066e+02
  3.0295701e+03  9.4674065e+01 -7.1952290e+03  2.3668516e+01
  7.1005547e+01  0.0000000e+00 -7.1005547e+01  0.0000000e+00
 -1.4792823e+00 -3.0295701e+03  2.2721775e+03  2.2721775e+03
  3.5502773e+01 -1.8934813e+02  5.3017476e+03  4.5443550e+03
  7.5739253e+03  1.6567961e+02  1.4201109e+02 -1.8934813e+02
 -1.6567961e+02  4.7337032e+01  2.3668517e+02  4.1656587e+03
  3.0769070e+02  2.3668516e+01 -8.2839806e+01  1.8934813e+03
  6.6567702e+00 -3.0295701e+03  3.0295701e+03  0.0000000e+00
 -7.6922676e+01 -4.1419903e+01 -1.1360887e+03 -3.7869626e+02
  2.3668516e+01 -2.8402219e+02  1.9692205e+04 -6.6271844e+02
 -1.7751387e+02  3.5502774e+02  8.8756933e+00 -1.1834258e+01
  1.8934813e+02  1.8934813e+03  4.7337032e+01  3.3135922e+02]
X_ 3 postcondition: == 0.75
[-3.5502773e+01 -3.7869626e+02 -3.7869626e+02 -1.1834258e+02
  3.3135922e+02 -9.4674065e+01  8.5206659e+02 -2.2721775e+03
 -2.6508738e+03 -2.2721775e+03  3.7869626e+02 -1.1834258e+02
 -2.3668517e+02  1.4201109e+02  4.7337032e+01 -9.4674066e+02
  3.0295701e+03  9.4674065e+01 -7.1952290e+03  2.3668516e+01
  7.1005547e+01  0.0000000e+00 -7.1005547e+01  0.0000000e+00
 -1.4792823e+00 -3.0295701e+03  2.2721775e+03  2.2721775e+03
  3.5502773e+01 -1.8934813e+02  5.3017476e+03  4.5443550e+03
  7.5739253e+03  1.6567961e+02  1.4201109e+02 -1.8934813e+02
 -1.6567961e+02  4.7337032e+01  2.3668517e+02  4.1656587e+03
  3.0769070e+02  2.3668516e+01 -8.2839806e+01  1.8934813e+03
  6.6567702e+00 -3.0295701e+03  3.0295701e+03  0.0000000e+00
 -7.6922676e+01 -4.1419903e+01 -1.1360887e+03 -3.7869626e+02
  2.3668516e+01 -2.8402219e+02  1.9692205e+04 -6.6271844e+02
 -1.7751387e+02  3.5502774e+02  8.8756933e+00 -1.1834258e+01
  1.8934813e+02  1.8934813e+03  4.7337032e+01  3.3135922e+02]
X_ 3 postcondition: != 0.75
[-3.5502773e+01 -3.7869626e+02 -3.7869626e+02 -1.1834258e+02
  3.3135922e+02 -9.4674065e+01  8.5206659e+02 -2.2721775e+03
 -2.6508738e+03 -2.2721775e+03  3.7869626e+02 -1.1834258e+02
 -2.3668517e+02  1.4201109e+02  4.7337032e+01 -9.4674066e+02
  3.0295701e+03  9.4674065e+01 -7.1952290e+03  2.3668516e+01
  7.1005547e+01  0.0000000e+00 -7.1005547e+01  0.0000000e+00
 -1.4792823e+00 -3.0295701e+03  2.2721775e+03  2.2721775e+03
  3.5502773e+01 -1.8934813e+02  5.3017476e+03  4.5443550e+03
  7.5739253e+03  1.6567961e+02  1.4201109e+02 -1.8934813e+02
 -1.6567961e+02  4.7337032e+01  2.3668517e+02  4.1656587e+03
  3.0769070e+02  2.3668516e+01 -8.2839806e+01  1.8934813e+03
  6.6567702e+00 -3.0295701e+03  3.0295701e+03  0.0000000e+00
 -7.6922676e+01 -4.1419903e+01 -1.1360887e+03 -3.7869626e+02
  2.3668516e+01 -2.8402219e+02  1.9692205e+04 -6.6271844e+02
 -1.7751387e+02  3.5502774e+02  8.8756933e+00 -1.1834258e+01
  1.8934813e+02  1.8934813e+03  4.7337032e+01  3.3135922e+02]
X_ 3 postcondition: >= 0.9
[-4.2603325e+01 -4.5443549e+02 -4.5443549e+02 -1.4201109e+02
  3.9763104e+02 -1.1360887e+02  1.0224798e+03 -2.7266128e+03
 -3.1810483e+03 -2.7266128e+03  4.5443549e+02 -1.4201109e+02
 -2.8402219e+02  1.7041330e+02  5.6804436e+01 -1.1360887e+03
  3.6354839e+03  1.1360887e+02 -8.6342744e+03  2.8402218e+01
  8.5206650e+01  0.0000000e+00 -8.5206650e+01  0.0000000e+00
 -1.7751386e+00 -3.6354839e+03  2.7266128e+03  2.7266128e+03
  4.2603325e+01 -2.2721774e+02  6.3620967e+03  5.4532256e+03
  9.0887100e+03  1.9881552e+02  1.7041330e+02 -2.2721774e+02
 -1.9881552e+02  5.6804436e+01  2.8402219e+02  4.9987905e+03
  3.6922885e+02  2.8402218e+01 -9.9407761e+01  2.2721775e+03
  7.9881234e+00 -3.6354839e+03  3.6354839e+03  0.0000000e+00
 -9.2307213e+01 -4.9703880e+01 -1.3633064e+03 -4.5443549e+02
  2.8402218e+01 -3.4082660e+02  2.3630646e+04 -7.9526208e+02
 -2.1301665e+02  4.2603329e+02  1.0650831e+01 -1.4201109e+01
  2.2721774e+02  2.2721775e+03  5.6804436e+01  3.9763104e+02]
X_ 3 postcondition: <= 0.9
[-4.2603325e+01 -4.5443549e+02 -4.5443549e+02 -1.4201109e+02
  3.9763104e+02 -1.1360887e+02  1.0224798e+03 -2.7266128e+03
 -3.1810483e+03 -2.7266128e+03  4.5443549e+02 -1.4201109e+02
 -2.8402219e+02  1.7041330e+02  5.6804436e+01 -1.1360887e+03
  3.6354839e+03  1.1360887e+02 -8.6342744e+03  2.8402218e+01
  8.5206650e+01  0.0000000e+00 -8.5206650e+01  0.0000000e+00
 -1.7751386e+00 -3.6354839e+03  2.7266128e+03  2.7266128e+03
  4.2603325e+01 -2.2721774e+02  6.3620967e+03  5.4532256e+03
  9.0887100e+03  1.9881552e+02  1.7041330e+02 -2.2721774e+02
 -1.9881552e+02  5.6804436e+01  2.8402219e+02  4.9987905e+03
  3.6922885e+02  2.8402218e+01 -9.9407761e+01  2.2721775e+03
  7.9881234e+00 -3.6354839e+03  3.6354839e+03  0.0000000e+00
 -9.2307213e+01 -4.9703880e+01 -1.3633064e+03 -4.5443549e+02
  2.8402218e+01 -3.4082660e+02  2.3630646e+04 -7.9526208e+02
 -2.1301665e+02  4.2603329e+02  1.0650831e+01 -1.4201109e+01
  2.2721774e+02  2.2721775e+03  5.6804436e+01  3.9763104e+02]
X_ 3 postcondition: > 0.9
[-4.2603325e+01 -4.5443549e+02 -4.5443549e+02 -1.4201109e+02
  3.9763104e+02 -1.1360887e+02  1.0224798e+03 -2.7266128e+03
 -3.1810483e+03 -2.7266128e+03  4.5443549e+02 -1.4201109e+02
 -2.8402219e+02  1.7041330e+02  5.6804436e+01 -1.1360887e+03
  3.6354839e+03  1.1360887e+02 -8.6342744e+03  2.8402218e+01
  8.5206650e+01  0.0000000e+00 -8.5206650e+01  0.0000000e+00
 -1.7751386e+00 -3.6354839e+03  2.7266128e+03  2.7266128e+03
  4.2603325e+01 -2.2721774e+02  6.3620967e+03  5.4532256e+03
  9.0887100e+03  1.9881552e+02  1.7041330e+02 -2.2721774e+02
 -1.9881552e+02  5.6804436e+01  2.8402219e+02  4.9987905e+03
  3.6922885e+02  2.8402218e+01 -9.9407761e+01  2.2721775e+03
  7.9881234e+00 -3.6354839e+03  3.6354839e+03  0.0000000e+00
 -9.2307213e+01 -4.9703880e+01 -1.3633064e+03 -4.5443549e+02
  2.8402218e+01 -3.4082660e+02  2.3630646e+04 -7.9526208e+02
 -2.1301665e+02  4.2603329e+02  1.0650831e+01 -1.4201109e+01
  2.2721774e+02  2.2721775e+03  5.6804436e+01  3.9763104e+02]
X_ 3 postcondition: < 0.9
[-4.2603325e+01 -4.5443549e+02 -4.5443549e+02 -1.4201109e+02
  3.9763104e+02 -1.1360887e+02  1.0224798e+03 -2.7266128e+03
 -3.1810483e+03 -2.7266128e+03  4.5443549e+02 -1.4201109e+02
 -2.8402219e+02  1.7041330e+02  5.6804436e+01 -1.1360887e+03
  3.6354839e+03  1.1360887e+02 -8.6342744e+03  2.8402218e+01
  8.5206650e+01  0.0000000e+00 -8.5206650e+01  0.0000000e+00
 -1.7751386e+00 -3.6354839e+03  2.7266128e+03  2.7266128e+03
  4.2603325e+01 -2.2721774e+02  6.3620967e+03  5.4532256e+03
  9.0887100e+03  1.9881552e+02  1.7041330e+02 -2.2721774e+02
 -1.9881552e+02  5.6804436e+01  2.8402219e+02  4.9987905e+03
  3.6922885e+02  2.8402218e+01 -9.9407761e+01  2.2721775e+03
  7.9881234e+00 -3.6354839e+03  3.6354839e+03  0.0000000e+00
 -9.2307213e+01 -4.9703880e+01 -1.3633064e+03 -4.5443549e+02
  2.8402218e+01 -3.4082660e+02  2.3630646e+04 -7.9526208e+02
 -2.1301665e+02  4.2603329e+02  1.0650831e+01 -1.4201109e+01
  2.2721774e+02  2.2721775e+03  5.6804436e+01  3.9763104e+02]
X_ 3 postcondition: == 0.9
[-4.2603325e+01 -4.5443549e+02 -4.5443549e+02 -1.4201109e+02
  3.9763104e+02 -1.1360887e+02  1.0224798e+03 -2.7266128e+03
 -3.1810483e+03 -2.7266128e+03  4.5443549e+02 -1.4201109e+02
 -2.8402219e+02  1.7041330e+02  5.6804436e+01 -1.1360887e+03
  3.6354839e+03  1.1360887e+02 -8.6342744e+03  2.8402218e+01
  8.5206650e+01  0.0000000e+00 -8.5206650e+01  0.0000000e+00
 -1.7751386e+00 -3.6354839e+03  2.7266128e+03  2.7266128e+03
  4.2603325e+01 -2.2721774e+02  6.3620967e+03  5.4532256e+03
  9.0887100e+03  1.9881552e+02  1.7041330e+02 -2.2721774e+02
 -1.9881552e+02  5.6804436e+01  2.8402219e+02  4.9987905e+03
  3.6922885e+02  2.8402218e+01 -9.9407761e+01  2.2721775e+03
  7.9881234e+00 -3.6354839e+03  3.6354839e+03  0.0000000e+00
 -9.2307213e+01 -4.9703880e+01 -1.3633064e+03 -4.5443549e+02
  2.8402218e+01 -3.4082660e+02  2.3630646e+04 -7.9526208e+02
 -2.1301665e+02  4.2603329e+02  1.0650831e+01 -1.4201109e+01
  2.2721774e+02  2.2721775e+03  5.6804436e+01  3.9763104e+02]
X_ 3 postcondition: != 0.9
[-4.2603325e+01 -4.5443549e+02 -4.5443549e+02 -1.4201109e+02
  3.9763104e+02 -1.1360887e+02  1.0224798e+03 -2.7266128e+03
 -3.1810483e+03 -2.7266128e+03  4.5443549e+02 -1.4201109e+02
 -2.8402219e+02  1.7041330e+02  5.6804436e+01 -1.1360887e+03
  3.6354839e+03  1.1360887e+02 -8.6342744e+03  2.8402218e+01
  8.5206650e+01  0.0000000e+00 -8.5206650e+01  0.0000000e+00
 -1.7751386e+00 -3.6354839e+03  2.7266128e+03  2.7266128e+03
  4.2603325e+01 -2.2721774e+02  6.3620967e+03  5.4532256e+03
  9.0887100e+03  1.9881552e+02  1.7041330e+02 -2.2721774e+02
 -1.9881552e+02  5.6804436e+01  2.8402219e+02  4.9987905e+03
  3.6922885e+02  2.8402218e+01 -9.9407761e+01  2.2721775e+03
  7.9881234e+00 -3.6354839e+03  3.6354839e+03  0.0000000e+00
 -9.2307213e+01 -4.9703880e+01 -1.3633064e+03 -4.5443549e+02
  2.8402218e+01 -3.4082660e+02  2.3630646e+04 -7.9526208e+02
 -2.1301665e+02  4.2603329e+02  1.0650831e+01 -1.4201109e+01
  2.2721774e+02  2.2721775e+03  5.6804436e+01  3.9763104e+02]
X_ 3 postcondition: >= 0.95
[-4.4970181e+01 -4.7968192e+02 -4.7968192e+02 -1.4990060e+02
  4.1972168e+02 -1.1992048e+02  1.0792843e+03 -2.8780916e+03
 -3.3577734e+03 -2.8780916e+03  4.7968192e+02 -1.4990060e+02
 -2.9980121e+02  1.7988072e+02  5.9960239e+01 -1.1992048e+03
  3.8374553e+03  1.1992048e+02 -9.1139561e+03  2.9980120e+01
  8.9940361e+01  0.0000000e+00 -8.9940361e+01  0.0000000e+00
 -1.8737575e+00 -3.8374553e+03  2.8780916e+03  2.8780916e+03
  4.4970181e+01 -2.3984096e+02  6.7155469e+03  5.7561831e+03
  9.5936387e+03  2.0986084e+02  1.7988072e+02 -2.3984096e+02
 -2.0986084e+02  5.9960239e+01  2.9980121e+02  5.2765010e+03
  3.8974155e+02  2.9980120e+01 -1.0493042e+02  2.3984097e+03
  8.4319086e+00 -3.8374553e+03  3.8374553e+03  0.0000000e+00
 -9.7435387e+01 -5.2465210e+01 -1.4390458e+03 -4.7968192e+02
  2.9980120e+01 -3.5976144e+02  2.4943459e+04 -8.3944336e+02
 -2.2485091e+02  4.4970181e+02  1.1242545e+01 -1.4990060e+01
  2.3984096e+02  2.3984097e+03  5.9960239e+01  4.1972168e+02]
X_ 3 postcondition: <= 0.95
[-4.4970181e+01 -4.7968192e+02 -4.7968192e+02 -1.4990060e+02
  4.1972168e+02 -1.1992048e+02  1.0792843e+03 -2.8780916e+03
 -3.3577734e+03 -2.8780916e+03  4.7968192e+02 -1.4990060e+02
 -2.9980121e+02  1.7988072e+02  5.9960239e+01 -1.1992048e+03
  3.8374553e+03  1.1992048e+02 -9.1139561e+03  2.9980120e+01
  8.9940361e+01  0.0000000e+00 -8.9940361e+01  0.0000000e+00
 -1.8737575e+00 -3.8374553e+03  2.8780916e+03  2.8780916e+03
  4.4970181e+01 -2.3984096e+02  6.7155469e+03  5.7561831e+03
  9.5936387e+03  2.0986084e+02  1.7988072e+02 -2.3984096e+02
 -2.0986084e+02  5.9960239e+01  2.9980121e+02  5.2765010e+03
  3.8974155e+02  2.9980120e+01 -1.0493042e+02  2.3984097e+03
  8.4319086e+00 -3.8374553e+03  3.8374553e+03  0.0000000e+00
 -9.7435387e+01 -5.2465210e+01 -1.4390458e+03 -4.7968192e+02
  2.9980120e+01 -3.5976144e+02  2.4943459e+04 -8.3944336e+02
 -2.2485091e+02  4.4970181e+02  1.1242545e+01 -1.4990060e+01
  2.3984096e+02  2.3984097e+03  5.9960239e+01  4.1972168e+02]
X_ 3 postcondition: > 0.95
[-4.4970181e+01 -4.7968192e+02 -4.7968192e+02 -1.4990060e+02
  4.1972168e+02 -1.1992048e+02  1.0792843e+03 -2.8780916e+03
 -3.3577734e+03 -2.8780916e+03  4.7968192e+02 -1.4990060e+02
 -2.9980121e+02  1.7988072e+02  5.9960239e+01 -1.1992048e+03
  3.8374553e+03  1.1992048e+02 -9.1139561e+03  2.9980120e+01
  8.9940361e+01  0.0000000e+00 -8.9940361e+01  0.0000000e+00
 -1.8737575e+00 -3.8374553e+03  2.8780916e+03  2.8780916e+03
  4.4970181e+01 -2.3984096e+02  6.7155469e+03  5.7561831e+03
  9.5936387e+03  2.0986084e+02  1.7988072e+02 -2.3984096e+02
 -2.0986084e+02  5.9960239e+01  2.9980121e+02  5.2765010e+03
  3.8974155e+02  2.9980120e+01 -1.0493042e+02  2.3984097e+03
  8.4319086e+00 -3.8374553e+03  3.8374553e+03  0.0000000e+00
 -9.7435387e+01 -5.2465210e+01 -1.4390458e+03 -4.7968192e+02
  2.9980120e+01 -3.5976144e+02  2.4943459e+04 -8.3944336e+02
 -2.2485091e+02  4.4970181e+02  1.1242545e+01 -1.4990060e+01
  2.3984096e+02  2.3984097e+03  5.9960239e+01  4.1972168e+02]
X_ 3 postcondition: < 0.95
[-4.4970181e+01 -4.7968192e+02 -4.7968192e+02 -1.4990060e+02
  4.1972168e+02 -1.1992048e+02  1.0792843e+03 -2.8780916e+03
 -3.3577734e+03 -2.8780916e+03  4.7968192e+02 -1.4990060e+02
 -2.9980121e+02  1.7988072e+02  5.9960239e+01 -1.1992048e+03
  3.8374553e+03  1.1992048e+02 -9.1139561e+03  2.9980120e+01
  8.9940361e+01  0.0000000e+00 -8.9940361e+01  0.0000000e+00
 -1.8737575e+00 -3.8374553e+03  2.8780916e+03  2.8780916e+03
  4.4970181e+01 -2.3984096e+02  6.7155469e+03  5.7561831e+03
  9.5936387e+03  2.0986084e+02  1.7988072e+02 -2.3984096e+02
 -2.0986084e+02  5.9960239e+01  2.9980121e+02  5.2765010e+03
  3.8974155e+02  2.9980120e+01 -1.0493042e+02  2.3984097e+03
  8.4319086e+00 -3.8374553e+03  3.8374553e+03  0.0000000e+00
 -9.7435387e+01 -5.2465210e+01 -1.4390458e+03 -4.7968192e+02
  2.9980120e+01 -3.5976144e+02  2.4943459e+04 -8.3944336e+02
 -2.2485091e+02  4.4970181e+02  1.1242545e+01 -1.4990060e+01
  2.3984096e+02  2.3984097e+03  5.9960239e+01  4.1972168e+02]
X_ 3 postcondition: == 0.95
[-4.4970181e+01 -4.7968192e+02 -4.7968192e+02 -1.4990060e+02
  4.1972168e+02 -1.1992048e+02  1.0792843e+03 -2.8780916e+03
 -3.3577734e+03 -2.8780916e+03  4.7968192e+02 -1.4990060e+02
 -2.9980121e+02  1.7988072e+02  5.9960239e+01 -1.1992048e+03
  3.8374553e+03  1.1992048e+02 -9.1139561e+03  2.9980120e+01
  8.9940361e+01  0.0000000e+00 -8.9940361e+01  0.0000000e+00
 -1.8737575e+00 -3.8374553e+03  2.8780916e+03  2.8780916e+03
  4.4970181e+01 -2.3984096e+02  6.7155469e+03  5.7561831e+03
  9.5936387e+03  2.0986084e+02  1.7988072e+02 -2.3984096e+02
 -2.0986084e+02  5.9960239e+01  2.9980121e+02  5.2765010e+03
  3.8974155e+02  2.9980120e+01 -1.0493042e+02  2.3984097e+03
  8.4319086e+00 -3.8374553e+03  3.8374553e+03  0.0000000e+00
 -9.7435387e+01 -5.2465210e+01 -1.4390458e+03 -4.7968192e+02
  2.9980120e+01 -3.5976144e+02  2.4943459e+04 -8.3944336e+02
 -2.2485091e+02  4.4970181e+02  1.1242545e+01 -1.4990060e+01
  2.3984096e+02  2.3984097e+03  5.9960239e+01  4.1972168e+02]
X_ 3 postcondition: != 0.95
[-4.4970181e+01 -4.7968192e+02 -4.7968192e+02 -1.4990060e+02
  4.1972168e+02 -1.1992048e+02  1.0792843e+03 -2.8780916e+03
 -3.3577734e+03 -2.8780916e+03  4.7968192e+02 -1.4990060e+02
 -2.9980121e+02  1.7988072e+02  5.9960239e+01 -1.1992048e+03
  3.8374553e+03  1.1992048e+02 -9.1139561e+03  2.9980120e+01
  8.9940361e+01  0.0000000e+00 -8.9940361e+01  0.0000000e+00
 -1.8737575e+00 -3.8374553e+03  2.8780916e+03  2.8780916e+03
  4.4970181e+01 -2.3984096e+02  6.7155469e+03  5.7561831e+03
  9.5936387e+03  2.0986084e+02  1.7988072e+02 -2.3984096e+02
 -2.0986084e+02  5.9960239e+01  2.9980121e+02  5.2765010e+03
  3.8974155e+02  2.9980120e+01 -1.0493042e+02  2.3984097e+03
  8.4319086e+00 -3.8374553e+03  3.8374553e+03  0.0000000e+00
 -9.7435387e+01 -5.2465210e+01 -1.4390458e+03 -4.7968192e+02
  2.9980120e+01 -3.5976144e+02  2.4943459e+04 -8.3944336e+02
 -2.2485091e+02  4.4970181e+02  1.1242545e+01 -1.4990060e+01
  2.3984096e+02  2.3984097e+03  5.9960239e+01  4.1972168e+02]
X_ 3 postcondition: >= 0.99
[-4.68636627e+01 -4.99879059e+02 -4.99879059e+02 -1.56212204e+02
  4.37394196e+02 -1.24969765e+02  1.12472791e+03 -2.99927441e+03
 -3.49915356e+03 -2.99927441e+03  4.99879059e+02 -1.56212204e+02
 -3.12424408e+02  1.87454651e+02  6.24848824e+01 -1.24969763e+03
  3.99903247e+03  1.24969765e+02 -9.49770215e+03  3.12424412e+01
  9.37273254e+01  0.00000000e+00 -9.37273254e+01  0.00000000e+00
 -1.95265257e+00 -3.99903247e+03  2.99927441e+03  2.99927441e+03
  4.68636627e+01 -2.49939529e+02  6.99830713e+03  5.99854883e+03
  9.99758105e+03  2.18697098e+02  1.87454651e+02 -2.49939529e+02
 -2.18697098e+02  6.24848824e+01  3.12424408e+02  5.49866992e+03
  4.06151733e+02  3.12424412e+01 -1.09348549e+02  2.49939526e+03
  8.78693676e+00 -3.99903247e+03  3.99903247e+03  0.00000000e+00
 -1.01537933e+02 -5.46742744e+01 -1.49963721e+03 -4.99879059e+02
  3.12424412e+01 -3.74909302e+02  2.59937109e+04 -8.74788391e+02
 -2.34318314e+02  4.68636627e+02  1.17159157e+01 -1.56212206e+01
  2.49939529e+02  2.49939526e+03  6.24848824e+01  4.37394196e+02]
X_ 3 postcondition: <= 0.99
[-4.68636627e+01 -4.99879059e+02 -4.99879059e+02 -1.56212204e+02
  4.37394196e+02 -1.24969765e+02  1.12472791e+03 -2.99927441e+03
 -3.49915356e+03 -2.99927441e+03  4.99879059e+02 -1.56212204e+02
 -3.12424408e+02  1.87454651e+02  6.24848824e+01 -1.24969763e+03
  3.99903247e+03  1.24969765e+02 -9.49770215e+03  3.12424412e+01
  9.37273254e+01  0.00000000e+00 -9.37273254e+01  0.00000000e+00
 -1.95265257e+00 -3.99903247e+03  2.99927441e+03  2.99927441e+03
  4.68636627e+01 -2.49939529e+02  6.99830713e+03  5.99854883e+03
  9.99758105e+03  2.18697098e+02  1.87454651e+02 -2.49939529e+02
 -2.18697098e+02  6.24848824e+01  3.12424408e+02  5.49866992e+03
  4.06151733e+02  3.12424412e+01 -1.09348549e+02  2.49939526e+03
  8.78693676e+00 -3.99903247e+03  3.99903247e+03  0.00000000e+00
 -1.01537933e+02 -5.46742744e+01 -1.49963721e+03 -4.99879059e+02
  3.12424412e+01 -3.74909302e+02  2.59937109e+04 -8.74788391e+02
 -2.34318314e+02  4.68636627e+02  1.17159157e+01 -1.56212206e+01
  2.49939529e+02  2.49939526e+03  6.24848824e+01  4.37394196e+02]
X_ 3 postcondition: > 0.99
[-4.68636627e+01 -4.99879059e+02 -4.99879059e+02 -1.56212204e+02
  4.37394196e+02 -1.24969765e+02  1.12472791e+03 -2.99927441e+03
 -3.49915356e+03 -2.99927441e+03  4.99879059e+02 -1.56212204e+02
 -3.12424408e+02  1.87454651e+02  6.24848824e+01 -1.24969763e+03
  3.99903247e+03  1.24969765e+02 -9.49770215e+03  3.12424412e+01
  9.37273254e+01  0.00000000e+00 -9.37273254e+01  0.00000000e+00
 -1.95265257e+00 -3.99903247e+03  2.99927441e+03  2.99927441e+03
  4.68636627e+01 -2.49939529e+02  6.99830713e+03  5.99854883e+03
  9.99758105e+03  2.18697098e+02  1.87454651e+02 -2.49939529e+02
 -2.18697098e+02  6.24848824e+01  3.12424408e+02  5.49866992e+03
  4.06151733e+02  3.12424412e+01 -1.09348549e+02  2.49939526e+03
  8.78693676e+00 -3.99903247e+03  3.99903247e+03  0.00000000e+00
 -1.01537933e+02 -5.46742744e+01 -1.49963721e+03 -4.99879059e+02
  3.12424412e+01 -3.74909302e+02  2.59937109e+04 -8.74788391e+02
 -2.34318314e+02  4.68636627e+02  1.17159157e+01 -1.56212206e+01
  2.49939529e+02  2.49939526e+03  6.24848824e+01  4.37394196e+02]
X_ 3 postcondition: < 0.99
[-4.68636627e+01 -4.99879059e+02 -4.99879059e+02 -1.56212204e+02
  4.37394196e+02 -1.24969765e+02  1.12472791e+03 -2.99927441e+03
 -3.49915356e+03 -2.99927441e+03  4.99879059e+02 -1.56212204e+02
 -3.12424408e+02  1.87454651e+02  6.24848824e+01 -1.24969763e+03
  3.99903247e+03  1.24969765e+02 -9.49770215e+03  3.12424412e+01
  9.37273254e+01  0.00000000e+00 -9.37273254e+01  0.00000000e+00
 -1.95265257e+00 -3.99903247e+03  2.99927441e+03  2.99927441e+03
  4.68636627e+01 -2.49939529e+02  6.99830713e+03  5.99854883e+03
  9.99758105e+03  2.18697098e+02  1.87454651e+02 -2.49939529e+02
 -2.18697098e+02  6.24848824e+01  3.12424408e+02  5.49866992e+03
  4.06151733e+02  3.12424412e+01 -1.09348549e+02  2.49939526e+03
  8.78693676e+00 -3.99903247e+03  3.99903247e+03  0.00000000e+00
 -1.01537933e+02 -5.46742744e+01 -1.49963721e+03 -4.99879059e+02
  3.12424412e+01 -3.74909302e+02  2.59937109e+04 -8.74788391e+02
 -2.34318314e+02  4.68636627e+02  1.17159157e+01 -1.56212206e+01
  2.49939529e+02  2.49939526e+03  6.24848824e+01  4.37394196e+02]
X_ 3 postcondition: == 0.99
[-4.68636627e+01 -4.99879059e+02 -4.99879059e+02 -1.56212204e+02
  4.37394196e+02 -1.24969765e+02  1.12472791e+03 -2.99927441e+03
 -3.49915356e+03 -2.99927441e+03  4.99879059e+02 -1.56212204e+02
 -3.12424408e+02  1.87454651e+02  6.24848824e+01 -1.24969763e+03
  3.99903247e+03  1.24969765e+02 -9.49770215e+03  3.12424412e+01
  9.37273254e+01  0.00000000e+00 -9.37273254e+01  0.00000000e+00
 -1.95265257e+00 -3.99903247e+03  2.99927441e+03  2.99927441e+03
  4.68636627e+01 -2.49939529e+02  6.99830713e+03  5.99854883e+03
  9.99758105e+03  2.18697098e+02  1.87454651e+02 -2.49939529e+02
 -2.18697098e+02  6.24848824e+01  3.12424408e+02  5.49866992e+03
  4.06151733e+02  3.12424412e+01 -1.09348549e+02  2.49939526e+03
  8.78693676e+00 -3.99903247e+03  3.99903247e+03  0.00000000e+00
 -1.01537933e+02 -5.46742744e+01 -1.49963721e+03 -4.99879059e+02
  3.12424412e+01 -3.74909302e+02  2.59937109e+04 -8.74788391e+02
 -2.34318314e+02  4.68636627e+02  1.17159157e+01 -1.56212206e+01
  2.49939529e+02  2.49939526e+03  6.24848824e+01  4.37394196e+02]
X_ 3 postcondition: != 0.99
[-4.68636627e+01 -4.99879059e+02 -4.99879059e+02 -1.56212204e+02
  4.37394196e+02 -1.24969765e+02  1.12472791e+03 -2.99927441e+03
 -3.49915356e+03 -2.99927441e+03  4.99879059e+02 -1.56212204e+02
 -3.12424408e+02  1.87454651e+02  6.24848824e+01 -1.24969763e+03
  3.99903247e+03  1.24969765e+02 -9.49770215e+03  3.12424412e+01
  9.37273254e+01  0.00000000e+00 -9.37273254e+01  0.00000000e+00
 -1.95265257e+00 -3.99903247e+03  2.99927441e+03  2.99927441e+03
  4.68636627e+01 -2.49939529e+02  6.99830713e+03  5.99854883e+03
  9.99758105e+03  2.18697098e+02  1.87454651e+02 -2.49939529e+02
 -2.18697098e+02  6.24848824e+01  3.12424408e+02  5.49866992e+03
  4.06151733e+02  3.12424412e+01 -1.09348549e+02  2.49939526e+03
  8.78693676e+00 -3.99903247e+03  3.99903247e+03  0.00000000e+00
 -1.01537933e+02 -5.46742744e+01 -1.49963721e+03 -4.99879059e+02
  3.12424412e+01 -3.74909302e+02  2.59937109e+04 -8.74788391e+02
 -2.34318314e+02  4.68636627e+02  1.17159157e+01 -1.56212206e+01
  2.49939529e+02  2.49939526e+03  6.24848824e+01  4.37394196e+02]
Weakest precondition: [-0.28335086 -0.17078099 -0.07845435 -0.16037232 -0.02252483 -0.0270209
  0.03741996  0.0038584   0.05456115 -0.01966263 -0.07492258 -0.05142029
 -0.02164946  0.01812777  0.01614588 -0.03426554 -0.03260334 -0.01451982
 -0.05530673  0.01693402  0.0757087  -0.21434976 -0.12146888 -0.02842426
 -0.02693652 -0.06653465 -0.08442569  0.0127033 ]
Features:  ['age' 'education' 'balance' 'day' 'month' 'duration' 'campaign' 'pdays'
 'previous' 'poutcome' 'job_blue' 'job_entrepreneur' 'job_housemaid'
 'job_management' 'job_retired' 'job_self' 'job_services' 'job_student'
 'job_technician' 'job_unemployed' 'job_unknown' 'marital_married'
 'marital_single' 'default_yes' 'housing_yes' 'loan_yes'
 'contact_telephone' 'contact_unknown']
Features length:  28
Weakest precondition size  28

Checking precondition violation:   0%|          | 0/28 [00:00<?, ?it/s]
Checking precondition violation:  93%|| 26/28 [00:00<00:00, 256.44it/s]
Checking precondition violation: 100%|| 28/28 [00:00<00:00, 264.04it/s]
