Number of layers in the model: 3
Layer: dense
Layer: dense_1
Layer: dense_2
Number of selected layers in the model: 3
#weights: 3 | #biases: 3 | #N: 3 | #Gamma: 3
W_ 1 : [[-0.21552442  0.09597063 -0.14696495 ...  0.09097703  0.06668279
  -0.26557723]
 [ 0.16208309 -0.02295609 -0.12452418 ...  0.2395255   0.06261275
   0.07530796]
 [ 0.04371219  0.05726158 -0.10209156 ... -0.07853227 -0.10062592
   0.20446934]
 ...
 [-0.08283513  0.23329797  0.13045214 ... -0.04579189  0.03308074
   0.22935961]
 [-0.17721108  0.16994904  0.28085917 ...  0.01352026  0.06485179
  -0.3049858 ]
 [ 0.03848272 -0.18818723  0.1267792  ...  0.20237087 -0.09878832
   0.09244189]]
W_ 2 : [[-0.16900769  0.1738235  -0.21988368 ... -0.21080086  0.01105803
   0.02855534]
 [ 0.26882195  0.03423962 -0.25826705 ... -0.23940785 -0.24182522
  -0.12846656]
 [ 0.12603906 -0.01361497 -0.00579085 ...  0.00414747  0.15611322
  -0.2720892 ]
 ...
 [-0.22767669 -0.00815031  0.1557877  ...  0.14049028  0.203889
  -0.19065472]
 [-0.2714246   0.12997542  0.18547952 ... -0.18834615  0.2595366
  -0.13724399]
 [ 0.05246374 -0.10482177  0.25109345 ...  0.18374775  0.1710036
   0.08945925]]
W_ 3 : [[-0.14303808]
 [-0.64285874]
 [ 0.07060378]
 [-0.30862683]
 [ 0.12051695]
 [-0.0423025 ]
 [-0.53377366]
 [-0.3156472 ]
 [ 0.17292894]
 [ 0.432869  ]
 [ 0.24827479]
 [ 0.08159196]
 [-0.51473504]
 [-0.13950889]
 [-0.5300139 ]
 [-0.05831686]
 [-0.4289567 ]
 [ 0.2354607 ]
 [-0.58733314]
 [ 0.18607686]
 [-0.4900543 ]
 [-0.14286277]]
B_ 1 : [ 0.04586084  0.03321743  0.06155962 -0.04329404 -0.04512939  0.10652181
 -0.01190206 -0.0734999   0.06015546  0.07069591 -0.04187736  0.08198632
 -0.00637095 -0.03305319  0.03335446 -0.05873279  0.00423914 -0.09771898
  0.07574993 -0.09401    -0.01913997  0.0219906   0.01103168 -0.02290919
 -0.00065614 -0.05178584  0.01702654 -0.20640567 -0.05802301 -0.1143338
  0.04664256  0.07118969 -0.0855895  -0.11216007  0.06441564 -0.05016777
 -0.07951055  0.02040181  0.02314611 -0.10078426 -0.05379127  0.03835673
  0.03901673  0.01822849 -0.06126617  0.0141525  -0.01267625  0.20834056
 -0.0025826   0.01074126]
B_ 2 : [ 0.00868118  0.22489889 -0.07177559  0.03086314 -0.00563128 -0.03907954
  0.13275692 -0.01059801 -0.08081008 -0.08709446 -0.14806318 -0.13564765
  0.16601807  0.00472369 -0.06320574  0.01576274 -0.00087069 -0.04340793
  0.13776235 -0.03651099  0.12876683 -0.06345686]
B_ 3 : [-0.5125632]
Activation function of layer_a 1 : tanh
Activation function of layer_a 2 : relu
Activation function of layer_a 3 : sigmoid
Gamma_ 1 : [[-0.13003679  0.09704073 -0.00250854 ... -0.01857316 -0.17781945
   0.06841007]
 [ 0.22777374  0.22763163  0.22147271 ...  0.24849021  0.11433391
  -0.02763991]
 [-0.34827712 -0.28324786 -0.20664802 ...  0.04674196  0.07343014
  -0.06324642]
 ...
 [ 0.12609553  0.27931574 -0.06163895 ... -0.08298284  0.10726905
   0.29365268]
 [ 0.07497687  0.13867563 -0.0284044  ...  0.07209531  0.03467082
  -0.18784697]
 [-0.21350719  0.05495371  0.07532597 ...  0.27473968 -0.22376482
   0.18843591]]
Gamma_ 2 : [[ 0.14723445  0.12371562  0.25393686 ...  0.157017   -1.3506029
   0.4126203 ]
 [-0.46104068  1.1729448  -1.0152125  ...  0.8087368   0.37379545
   0.9627391 ]
 [ 1.0929496   0.16642982  0.6503755  ...  0.805233    0.8458103
   0.05513197]
 ...
 [ 0.28954864 -0.6525964   0.9713236  ... -1.069541   -0.26081213
   1.0004603 ]
 [ 0.04916608  0.8238694  -1.866847   ...  1.6019049  -0.55736935
   0.7659904 ]
 [ 1.1102833   0.43037203  0.81204104 ...  0.7172618  -1.8672266
  -0.2501719 ]]
Gamma_ 3 : [[ 13.259953    -1.487349     3.6875324   -9.742927    30.132208
   -6.24891      4.823277     5.723111   -16.117842    -6.7286534
   -4.5446815   -1.0043627    0.19435331 -16.943449    -2.7919006
  -35.470795    -1.6428071    3.7550812    1.0071918   13.991011
    4.6812057  -23.136261  ]]
X_ 1 postcondition: >= 0.75
[ 0.03173003 -0.00351753  0.05082596 -0.06607885  0.0577483  -0.07128002
 -0.11045501 -0.12291597 -0.0184385  -0.08554455 -0.04824369 -0.05773908
  0.02040051 -0.08889997 -0.01422022 -0.06510834 -0.04705191 -0.08874356
 -0.03362483 -0.03227444  0.02024926 -0.03640306]
X_ 1 postcondition: <= 0.75
[ 0.03173003 -0.00351753  0.05082596 -0.06607885  0.0577483  -0.07128002
 -0.11045501 -0.12291597 -0.0184385  -0.08554455 -0.04824369 -0.05773908
  0.02040051 -0.08889997 -0.01422022 -0.06510834 -0.04705191 -0.08874356
 -0.03362483 -0.03227444  0.02024926 -0.03640306]
X_ 1 postcondition: > 0.75
[ 0.03173003 -0.00351753  0.05082596 -0.06607885  0.0577483  -0.07128002
 -0.11045501 -0.12291597 -0.0184385  -0.08554455 -0.04824369 -0.05773908
  0.02040051 -0.08889997 -0.01422022 -0.06510834 -0.04705191 -0.08874356
 -0.03362483 -0.03227444  0.02024926 -0.03640306]
X_ 1 postcondition: < 0.75
[ 0.03173003 -0.00351753  0.05082596 -0.06607885  0.0577483  -0.07128002
 -0.11045501 -0.12291597 -0.0184385  -0.08554455 -0.04824369 -0.05773908
  0.02040051 -0.08889997 -0.01422022 -0.06510834 -0.04705191 -0.08874356
 -0.03362483 -0.03227444  0.02024926 -0.03640306]
X_ 1 postcondition: == 0.75
[ 0.03173003 -0.00351753  0.05082596 -0.06607885  0.0577483  -0.07128002
 -0.11045501 -0.12291597 -0.0184385  -0.08554455 -0.04824369 -0.05773908
  0.02040051 -0.08889997 -0.01422022 -0.06510834 -0.04705191 -0.08874356
 -0.03362483 -0.03227444  0.02024926 -0.03640306]
X_ 1 postcondition: != 0.75
[ 0.03173003 -0.00351753  0.05082596 -0.06607885  0.0577483  -0.07128002
 -0.11045501 -0.12291597 -0.0184385  -0.08554455 -0.04824369 -0.05773908
  0.02040051 -0.08889997 -0.01422022 -0.06510834 -0.04705191 -0.08874356
 -0.03362483 -0.03227444  0.02024926 -0.03640306]
X_ 1 postcondition: >= 0.9
[ 0.03807604 -0.00422104  0.06099115 -0.07929462  0.06929796 -0.08553602
 -0.13254598 -0.14749916 -0.0221262  -0.10265345 -0.05789242 -0.0692869
  0.02448061 -0.10667996 -0.01706426 -0.07813003 -0.0564623  -0.10649227
 -0.04034979 -0.03872933  0.0242991  -0.04368366]
X_ 1 postcondition: <= 0.9
[ 0.03807604 -0.00422104  0.06099115 -0.07929462  0.06929796 -0.08553602
 -0.13254598 -0.14749916 -0.0221262  -0.10265345 -0.05789242 -0.0692869
  0.02448061 -0.10667996 -0.01706426 -0.07813003 -0.0564623  -0.10649227
 -0.04034979 -0.03872933  0.0242991  -0.04368366]
X_ 1 postcondition: > 0.9
[ 0.03807604 -0.00422104  0.06099115 -0.07929462  0.06929796 -0.08553602
 -0.13254598 -0.14749916 -0.0221262  -0.10265345 -0.05789242 -0.0692869
  0.02448061 -0.10667996 -0.01706426 -0.07813003 -0.0564623  -0.10649227
 -0.04034979 -0.03872933  0.0242991  -0.04368366]
X_ 1 postcondition: < 0.9
[ 0.03807604 -0.00422104  0.06099115 -0.07929462  0.06929796 -0.08553602
 -0.13254598 -0.14749916 -0.0221262  -0.10265345 -0.05789242 -0.0692869
  0.02448061 -0.10667996 -0.01706426 -0.07813003 -0.0564623  -0.10649227
 -0.04034979 -0.03872933  0.0242991  -0.04368366]
X_ 1 postcondition: == 0.9
[ 0.03807604 -0.00422104  0.06099115 -0.07929462  0.06929796 -0.08553602
 -0.13254598 -0.14749916 -0.0221262  -0.10265345 -0.05789242 -0.0692869
  0.02448061 -0.10667996 -0.01706426 -0.07813003 -0.0564623  -0.10649227
 -0.04034979 -0.03872933  0.0242991  -0.04368366]
X_ 1 postcondition: != 0.9
[ 0.03807604 -0.00422104  0.06099115 -0.07929462  0.06929796 -0.08553602
 -0.13254598 -0.14749916 -0.0221262  -0.10265345 -0.05789242 -0.0692869
  0.02448061 -0.10667996 -0.01706426 -0.07813003 -0.0564623  -0.10649227
 -0.04034979 -0.03872933  0.0242991  -0.04368366]
X_ 1 postcondition: >= 0.95
[ 0.04019138 -0.00445554  0.06437955 -0.08369987  0.07314785 -0.09028802
 -0.13990965 -0.15569355 -0.02335543 -0.10835643 -0.06110868 -0.07313616
  0.02584065 -0.11260664 -0.01801229 -0.08247057 -0.05959909 -0.11240851
 -0.04259145 -0.04088097  0.02564905 -0.04611054]
X_ 1 postcondition: <= 0.95
[ 0.04019138 -0.00445554  0.06437955 -0.08369987  0.07314785 -0.09028802
 -0.13990965 -0.15569355 -0.02335543 -0.10835643 -0.06110868 -0.07313616
  0.02584065 -0.11260664 -0.01801229 -0.08247057 -0.05959909 -0.11240851
 -0.04259145 -0.04088097  0.02564905 -0.04611054]
X_ 1 postcondition: > 0.95
[ 0.04019138 -0.00445554  0.06437955 -0.08369987  0.07314785 -0.09028802
 -0.13990965 -0.15569355 -0.02335543 -0.10835643 -0.06110868 -0.07313616
  0.02584065 -0.11260664 -0.01801229 -0.08247057 -0.05959909 -0.11240851
 -0.04259145 -0.04088097  0.02564905 -0.04611054]
X_ 1 postcondition: < 0.95
[ 0.04019138 -0.00445554  0.06437955 -0.08369987  0.07314785 -0.09028802
 -0.13990965 -0.15569355 -0.02335543 -0.10835643 -0.06110868 -0.07313616
  0.02584065 -0.11260664 -0.01801229 -0.08247057 -0.05959909 -0.11240851
 -0.04259145 -0.04088097  0.02564905 -0.04611054]
X_ 1 postcondition: == 0.95
[ 0.04019138 -0.00445554  0.06437955 -0.08369987  0.07314785 -0.09028802
 -0.13990965 -0.15569355 -0.02335543 -0.10835643 -0.06110868 -0.07313616
  0.02584065 -0.11260664 -0.01801229 -0.08247057 -0.05959909 -0.11240851
 -0.04259145 -0.04088097  0.02564905 -0.04611054]
X_ 1 postcondition: != 0.95
[ 0.04019138 -0.00445554  0.06437955 -0.08369987  0.07314785 -0.09028802
 -0.13990965 -0.15569355 -0.02335543 -0.10835643 -0.06110868 -0.07313616
  0.02584065 -0.11260664 -0.01801229 -0.08247057 -0.05959909 -0.11240851
 -0.04259145 -0.04088097  0.02564905 -0.04611054]
X_ 1 postcondition: >= 0.99
[ 0.04188364 -0.00464314  0.06709027 -0.08722408  0.07622775 -0.09408963
 -0.14580059 -0.16224909 -0.0243388  -0.11291881 -0.06368168 -0.0762156
  0.02692867 -0.11734799 -0.01877069 -0.08594301 -0.06210853 -0.11714149
 -0.04438478 -0.04260227  0.02672901 -0.04805203]
X_ 1 postcondition: <= 0.99
[ 0.04188364 -0.00464314  0.06709027 -0.08722408  0.07622775 -0.09408963
 -0.14580059 -0.16224909 -0.0243388  -0.11291881 -0.06368168 -0.0762156
  0.02692867 -0.11734799 -0.01877069 -0.08594301 -0.06210853 -0.11714149
 -0.04438478 -0.04260227  0.02672901 -0.04805203]
X_ 1 postcondition: > 0.99
[ 0.04188364 -0.00464314  0.06709027 -0.08722408  0.07622775 -0.09408963
 -0.14580059 -0.16224909 -0.0243388  -0.11291881 -0.06368168 -0.0762156
  0.02692867 -0.11734799 -0.01877069 -0.08594301 -0.06210853 -0.11714149
 -0.04438478 -0.04260227  0.02672901 -0.04805203]
X_ 1 postcondition: < 0.99
[ 0.04188364 -0.00464314  0.06709027 -0.08722408  0.07622775 -0.09408963
 -0.14580059 -0.16224909 -0.0243388  -0.11291881 -0.06368168 -0.0762156
  0.02692867 -0.11734799 -0.01877069 -0.08594301 -0.06210853 -0.11714149
 -0.04438478 -0.04260227  0.02672901 -0.04805203]
X_ 1 postcondition: == 0.99
[ 0.04188364 -0.00464314  0.06709027 -0.08722408  0.07622775 -0.09408963
 -0.14580059 -0.16224909 -0.0243388  -0.11291881 -0.06368168 -0.0762156
  0.02692867 -0.11734799 -0.01877069 -0.08594301 -0.06210853 -0.11714149
 -0.04438478 -0.04260227  0.02672901 -0.04805203]
X_ 1 postcondition: != 0.99
[ 0.04188364 -0.00464314  0.06709027 -0.08722408  0.07622775 -0.09408963
 -0.14580059 -0.16224909 -0.0243388  -0.11291881 -0.06368168 -0.0762156
  0.02692867 -0.11734799 -0.01877069 -0.08594301 -0.06210853 -0.11714149
 -0.04438478 -0.04260227  0.02672901 -0.04805203]
X_ 2 postcondition: >= 0.75
[ 0.31148198 -0.29221305  0.40466204 -0.12593822 -0.08597995  0.24060184
  0.97219884  0.17183998 -0.39209494 -0.1356039   0.07082363 -0.19450858
  0.21189338 -0.21539295  0.14654422  0.18115012  0.19322646 -0.02949275
  0.0788783   0.05791104  0.21077915  0.03161542  0.21659964  0.55677944
 -0.21253417 -0.24869253  0.4239047   0.14658813  0.12636456  0.14490743
  0.09022539  0.19445637  0.04590135 -0.17600287 -0.3369227   0.07950874
  0.07525729 -0.07223587  0.5020719  -0.40330964  0.1908206   0.09307637
 -0.22963548 -0.31790912 -0.10495539 -0.08362181 -0.23220539 -0.32987005
 -0.21833593 -0.7864855 ]
X_ 2 postcondition: <= 0.75
[ 0.31148198 -0.29221305  0.40466204 -0.12593822 -0.08597995  0.24060184
  0.97219884  0.17183998 -0.39209494 -0.1356039   0.07082363 -0.19450858
  0.21189338 -0.21539295  0.14654422  0.18115012  0.19322646 -0.02949275
  0.0788783   0.05791104  0.21077915  0.03161542  0.21659964  0.55677944
 -0.21253417 -0.24869253  0.4239047   0.14658813  0.12636456  0.14490743
  0.09022539  0.19445637  0.04590135 -0.17600287 -0.3369227   0.07950874
  0.07525729 -0.07223587  0.5020719  -0.40330964  0.1908206   0.09307637
 -0.22963548 -0.31790912 -0.10495539 -0.08362181 -0.23220539 -0.32987005
 -0.21833593 -0.7864855 ]
X_ 2 postcondition: > 0.75
[ 0.31148198 -0.29221305  0.40466204 -0.12593822 -0.08597995  0.24060184
  0.97219884  0.17183998 -0.39209494 -0.1356039   0.07082363 -0.19450858
  0.21189338 -0.21539295  0.14654422  0.18115012  0.19322646 -0.02949275
  0.0788783   0.05791104  0.21077915  0.03161542  0.21659964  0.55677944
 -0.21253417 -0.24869253  0.4239047   0.14658813  0.12636456  0.14490743
  0.09022539  0.19445637  0.04590135 -0.17600287 -0.3369227   0.07950874
  0.07525729 -0.07223587  0.5020719  -0.40330964  0.1908206   0.09307637
 -0.22963548 -0.31790912 -0.10495539 -0.08362181 -0.23220539 -0.32987005
 -0.21833593 -0.7864855 ]
X_ 2 postcondition: < 0.75
[ 0.31148198 -0.29221305  0.40466204 -0.12593822 -0.08597995  0.24060184
  0.97219884  0.17183998 -0.39209494 -0.1356039   0.07082363 -0.19450858
  0.21189338 -0.21539295  0.14654422  0.18115012  0.19322646 -0.02949275
  0.0788783   0.05791104  0.21077915  0.03161542  0.21659964  0.55677944
 -0.21253417 -0.24869253  0.4239047   0.14658813  0.12636456  0.14490743
  0.09022539  0.19445637  0.04590135 -0.17600287 -0.3369227   0.07950874
  0.07525729 -0.07223587  0.5020719  -0.40330964  0.1908206   0.09307637
 -0.22963548 -0.31790912 -0.10495539 -0.08362181 -0.23220539 -0.32987005
 -0.21833593 -0.7864855 ]
X_ 2 postcondition: == 0.75
[ 0.31148198 -0.29221305  0.40466204 -0.12593822 -0.08597995  0.24060184
  0.97219884  0.17183998 -0.39209494 -0.1356039   0.07082363 -0.19450858
  0.21189338 -0.21539295  0.14654422  0.18115012  0.19322646 -0.02949275
  0.0788783   0.05791104  0.21077915  0.03161542  0.21659964  0.55677944
 -0.21253417 -0.24869253  0.4239047   0.14658813  0.12636456  0.14490743
  0.09022539  0.19445637  0.04590135 -0.17600287 -0.3369227   0.07950874
  0.07525729 -0.07223587  0.5020719  -0.40330964  0.1908206   0.09307637
 -0.22963548 -0.31790912 -0.10495539 -0.08362181 -0.23220539 -0.32987005
 -0.21833593 -0.7864855 ]
X_ 2 postcondition: != 0.75
[ 0.31148198 -0.29221305  0.40466204 -0.12593822 -0.08597995  0.24060184
  0.97219884  0.17183998 -0.39209494 -0.1356039   0.07082363 -0.19450858
  0.21189338 -0.21539295  0.14654422  0.18115012  0.19322646 -0.02949275
  0.0788783   0.05791104  0.21077915  0.03161542  0.21659964  0.55677944
 -0.21253417 -0.24869253  0.4239047   0.14658813  0.12636456  0.14490743
  0.09022539  0.19445637  0.04590135 -0.17600287 -0.3369227   0.07950874
  0.07525729 -0.07223587  0.5020719  -0.40330964  0.1908206   0.09307637
 -0.22963548 -0.31790912 -0.10495539 -0.08362181 -0.23220539 -0.32987005
 -0.21833593 -0.7864855 ]
X_ 2 postcondition: >= 0.9
[ 0.3737783  -0.35065565  0.48559442 -0.15112588 -0.10317589  0.28872225
  1.1666389   0.20620796 -0.4705139  -0.16272466  0.08498836 -0.23341027
  0.254272   -0.25847146  0.17585306  0.21738015  0.23187175 -0.03539129
  0.09465399  0.06949322  0.252935    0.03793851  0.25991958  0.6681353
 -0.25504106 -0.29843098  0.50868577  0.17590572  0.15163745  0.17388889
  0.1082705   0.23334764  0.05508162 -0.21120343 -0.40430725  0.0954105
  0.09030871 -0.08668304  0.60248625 -0.48397145  0.22898471  0.1116916
 -0.2755626  -0.381491   -0.12594658 -0.10034618 -0.27864647 -0.39584407
 -0.2620031  -0.94378257]
X_ 2 postcondition: <= 0.9
[ 0.3737783  -0.35065565  0.48559442 -0.15112588 -0.10317589  0.28872225
  1.1666389   0.20620796 -0.4705139  -0.16272466  0.08498836 -0.23341027
  0.254272   -0.25847146  0.17585306  0.21738015  0.23187175 -0.03539129
  0.09465399  0.06949322  0.252935    0.03793851  0.25991958  0.6681353
 -0.25504106 -0.29843098  0.50868577  0.17590572  0.15163745  0.17388889
  0.1082705   0.23334764  0.05508162 -0.21120343 -0.40430725  0.0954105
  0.09030871 -0.08668304  0.60248625 -0.48397145  0.22898471  0.1116916
 -0.2755626  -0.381491   -0.12594658 -0.10034618 -0.27864647 -0.39584407
 -0.2620031  -0.94378257]
X_ 2 postcondition: > 0.9
[ 0.3737783  -0.35065565  0.48559442 -0.15112588 -0.10317589  0.28872225
  1.1666389   0.20620796 -0.4705139  -0.16272466  0.08498836 -0.23341027
  0.254272   -0.25847146  0.17585306  0.21738015  0.23187175 -0.03539129
  0.09465399  0.06949322  0.252935    0.03793851  0.25991958  0.6681353
 -0.25504106 -0.29843098  0.50868577  0.17590572  0.15163745  0.17388889
  0.1082705   0.23334764  0.05508162 -0.21120343 -0.40430725  0.0954105
  0.09030871 -0.08668304  0.60248625 -0.48397145  0.22898471  0.1116916
 -0.2755626  -0.381491   -0.12594658 -0.10034618 -0.27864647 -0.39584407
 -0.2620031  -0.94378257]
X_ 2 postcondition: < 0.9
[ 0.3737783  -0.35065565  0.48559442 -0.15112588 -0.10317589  0.28872225
  1.1666389   0.20620796 -0.4705139  -0.16272466  0.08498836 -0.23341027
  0.254272   -0.25847146  0.17585306  0.21738015  0.23187175 -0.03539129
  0.09465399  0.06949322  0.252935    0.03793851  0.25991958  0.6681353
 -0.25504106 -0.29843098  0.50868577  0.17590572  0.15163745  0.17388889
  0.1082705   0.23334764  0.05508162 -0.21120343 -0.40430725  0.0954105
  0.09030871 -0.08668304  0.60248625 -0.48397145  0.22898471  0.1116916
 -0.2755626  -0.381491   -0.12594658 -0.10034618 -0.27864647 -0.39584407
 -0.2620031  -0.94378257]
X_ 2 postcondition: == 0.9
[ 0.3737783  -0.35065565  0.48559442 -0.15112588 -0.10317589  0.28872225
  1.1666389   0.20620796 -0.4705139  -0.16272466  0.08498836 -0.23341027
  0.254272   -0.25847146  0.17585306  0.21738015  0.23187175 -0.03539129
  0.09465399  0.06949322  0.252935    0.03793851  0.25991958  0.6681353
 -0.25504106 -0.29843098  0.50868577  0.17590572  0.15163745  0.17388889
  0.1082705   0.23334764  0.05508162 -0.21120343 -0.40430725  0.0954105
  0.09030871 -0.08668304  0.60248625 -0.48397145  0.22898471  0.1116916
 -0.2755626  -0.381491   -0.12594658 -0.10034618 -0.27864647 -0.39584407
 -0.2620031  -0.94378257]
X_ 2 postcondition: != 0.9
[ 0.3737783  -0.35065565  0.48559442 -0.15112588 -0.10317589  0.28872225
  1.1666389   0.20620796 -0.4705139  -0.16272466  0.08498836 -0.23341027
  0.254272   -0.25847146  0.17585306  0.21738015  0.23187175 -0.03539129
  0.09465399  0.06949322  0.252935    0.03793851  0.25991958  0.6681353
 -0.25504106 -0.29843098  0.50868577  0.17590572  0.15163745  0.17388889
  0.1082705   0.23334764  0.05508162 -0.21120343 -0.40430725  0.0954105
  0.09030871 -0.08668304  0.60248625 -0.48397145  0.22898471  0.1116916
 -0.2755626  -0.381491   -0.12594658 -0.10034618 -0.27864647 -0.39584407
 -0.2620031  -0.94378257]
X_ 2 postcondition: >= 0.95
[ 0.39454383 -0.37013653  0.512572   -0.15952171 -0.10890787  0.30476233
  1.2314519   0.21766394 -0.49665353 -0.1717649   0.08970993 -0.24637751
  0.26839828 -0.27283096  0.1856227   0.22945683  0.24475351 -0.03735748
  0.09991247  0.07335403  0.26698694  0.0400462   0.27435955  0.7052539
 -0.26920995 -0.3150105   0.53694606  0.18567826  0.16006172  0.18354939
  0.11428551  0.2463114   0.05814169 -0.22293696 -0.4267688   0.1007111
  0.09532586 -0.09149877  0.6359578  -0.5108586   0.24170603  0.11789673
 -0.29087168 -0.402685   -0.13294366 -0.10592096 -0.2941268  -0.41783544
 -0.27655882 -0.9962148 ]
X_ 2 postcondition: <= 0.95
[ 0.39454383 -0.37013653  0.512572   -0.15952171 -0.10890787  0.30476233
  1.2314519   0.21766394 -0.49665353 -0.1717649   0.08970993 -0.24637751
  0.26839828 -0.27283096  0.1856227   0.22945683  0.24475351 -0.03735748
  0.09991247  0.07335403  0.26698694  0.0400462   0.27435955  0.7052539
 -0.26920995 -0.3150105   0.53694606  0.18567826  0.16006172  0.18354939
  0.11428551  0.2463114   0.05814169 -0.22293696 -0.4267688   0.1007111
  0.09532586 -0.09149877  0.6359578  -0.5108586   0.24170603  0.11789673
 -0.29087168 -0.402685   -0.13294366 -0.10592096 -0.2941268  -0.41783544
 -0.27655882 -0.9962148 ]
X_ 2 postcondition: > 0.95
[ 0.39454383 -0.37013653  0.512572   -0.15952171 -0.10890787  0.30476233
  1.2314519   0.21766394 -0.49665353 -0.1717649   0.08970993 -0.24637751
  0.26839828 -0.27283096  0.1856227   0.22945683  0.24475351 -0.03735748
  0.09991247  0.07335403  0.26698694  0.0400462   0.27435955  0.7052539
 -0.26920995 -0.3150105   0.53694606  0.18567826  0.16006172  0.18354939
  0.11428551  0.2463114   0.05814169 -0.22293696 -0.4267688   0.1007111
  0.09532586 -0.09149877  0.6359578  -0.5108586   0.24170603  0.11789673
 -0.29087168 -0.402685   -0.13294366 -0.10592096 -0.2941268  -0.41783544
 -0.27655882 -0.9962148 ]
X_ 2 postcondition: < 0.95
[ 0.39454383 -0.37013653  0.512572   -0.15952171 -0.10890787  0.30476233
  1.2314519   0.21766394 -0.49665353 -0.1717649   0.08970993 -0.24637751
  0.26839828 -0.27283096  0.1856227   0.22945683  0.24475351 -0.03735748
  0.09991247  0.07335403  0.26698694  0.0400462   0.27435955  0.7052539
 -0.26920995 -0.3150105   0.53694606  0.18567826  0.16006172  0.18354939
  0.11428551  0.2463114   0.05814169 -0.22293696 -0.4267688   0.1007111
  0.09532586 -0.09149877  0.6359578  -0.5108586   0.24170603  0.11789673
 -0.29087168 -0.402685   -0.13294366 -0.10592096 -0.2941268  -0.41783544
 -0.27655882 -0.9962148 ]
X_ 2 postcondition: == 0.95
[ 0.39454383 -0.37013653  0.512572   -0.15952171 -0.10890787  0.30476233
  1.2314519   0.21766394 -0.49665353 -0.1717649   0.08970993 -0.24637751
  0.26839828 -0.27283096  0.1856227   0.22945683  0.24475351 -0.03735748
  0.09991247  0.07335403  0.26698694  0.0400462   0.27435955  0.7052539
 -0.26920995 -0.3150105   0.53694606  0.18567826  0.16006172  0.18354939
  0.11428551  0.2463114   0.05814169 -0.22293696 -0.4267688   0.1007111
  0.09532586 -0.09149877  0.6359578  -0.5108586   0.24170603  0.11789673
 -0.29087168 -0.402685   -0.13294366 -0.10592096 -0.2941268  -0.41783544
 -0.27655882 -0.9962148 ]
X_ 2 postcondition: != 0.95
[ 0.39454383 -0.37013653  0.512572   -0.15952171 -0.10890787  0.30476233
  1.2314519   0.21766394 -0.49665353 -0.1717649   0.08970993 -0.24637751
  0.26839828 -0.27283096  0.1856227   0.22945683  0.24475351 -0.03735748
  0.09991247  0.07335403  0.26698694  0.0400462   0.27435955  0.7052539
 -0.26920995 -0.3150105   0.53694606  0.18567826  0.16006172  0.18354939
  0.11428551  0.2463114   0.05814169 -0.22293696 -0.4267688   0.1007111
  0.09532586 -0.09149877  0.6359578  -0.5108586   0.24170603  0.11789673
 -0.29087168 -0.402685   -0.13294366 -0.10592096 -0.2941268  -0.41783544
 -0.27655882 -0.9962148 ]
X_ 2 postcondition: >= 0.99
[ 0.41115624 -0.3857212   0.53415394 -0.16623846 -0.11349344  0.31759444
  1.2833024   0.22682877 -0.51756525 -0.17899711  0.0934872  -0.2567513
  0.27969927 -0.2843186   0.1934384   0.23911819  0.2550589  -0.03893043
  0.10411935  0.07644255  0.27822846  0.04173239  0.2859115   0.7349489
 -0.28054512 -0.32827407  0.5595544   0.19349633  0.16680118  0.19127779
  0.11909756  0.25668243  0.06058977 -0.23232378 -0.44473803  0.10495152
  0.0993396  -0.09535133  0.662735   -0.5323686   0.2518832   0.12286083
 -0.30311885 -0.4196401  -0.13854118 -0.11038079 -0.3065111  -0.4354285
 -0.2882034  -1.0381608 ]
X_ 2 postcondition: <= 0.99
[ 0.41115624 -0.3857212   0.53415394 -0.16623846 -0.11349344  0.31759444
  1.2833024   0.22682877 -0.51756525 -0.17899711  0.0934872  -0.2567513
  0.27969927 -0.2843186   0.1934384   0.23911819  0.2550589  -0.03893043
  0.10411935  0.07644255  0.27822846  0.04173239  0.2859115   0.7349489
 -0.28054512 -0.32827407  0.5595544   0.19349633  0.16680118  0.19127779
  0.11909756  0.25668243  0.06058977 -0.23232378 -0.44473803  0.10495152
  0.0993396  -0.09535133  0.662735   -0.5323686   0.2518832   0.12286083
 -0.30311885 -0.4196401  -0.13854118 -0.11038079 -0.3065111  -0.4354285
 -0.2882034  -1.0381608 ]
X_ 2 postcondition: > 0.99
[ 0.41115624 -0.3857212   0.53415394 -0.16623846 -0.11349344  0.31759444
  1.2833024   0.22682877 -0.51756525 -0.17899711  0.0934872  -0.2567513
  0.27969927 -0.2843186   0.1934384   0.23911819  0.2550589  -0.03893043
  0.10411935  0.07644255  0.27822846  0.04173239  0.2859115   0.7349489
 -0.28054512 -0.32827407  0.5595544   0.19349633  0.16680118  0.19127779
  0.11909756  0.25668243  0.06058977 -0.23232378 -0.44473803  0.10495152
  0.0993396  -0.09535133  0.662735   -0.5323686   0.2518832   0.12286083
 -0.30311885 -0.4196401  -0.13854118 -0.11038079 -0.3065111  -0.4354285
 -0.2882034  -1.0381608 ]
X_ 2 postcondition: < 0.99
[ 0.41115624 -0.3857212   0.53415394 -0.16623846 -0.11349344  0.31759444
  1.2833024   0.22682877 -0.51756525 -0.17899711  0.0934872  -0.2567513
  0.27969927 -0.2843186   0.1934384   0.23911819  0.2550589  -0.03893043
  0.10411935  0.07644255  0.27822846  0.04173239  0.2859115   0.7349489
 -0.28054512 -0.32827407  0.5595544   0.19349633  0.16680118  0.19127779
  0.11909756  0.25668243  0.06058977 -0.23232378 -0.44473803  0.10495152
  0.0993396  -0.09535133  0.662735   -0.5323686   0.2518832   0.12286083
 -0.30311885 -0.4196401  -0.13854118 -0.11038079 -0.3065111  -0.4354285
 -0.2882034  -1.0381608 ]
X_ 2 postcondition: == 0.99
[ 0.41115624 -0.3857212   0.53415394 -0.16623846 -0.11349344  0.31759444
  1.2833024   0.22682877 -0.51756525 -0.17899711  0.0934872  -0.2567513
  0.27969927 -0.2843186   0.1934384   0.23911819  0.2550589  -0.03893043
  0.10411935  0.07644255  0.27822846  0.04173239  0.2859115   0.7349489
 -0.28054512 -0.32827407  0.5595544   0.19349633  0.16680118  0.19127779
  0.11909756  0.25668243  0.06058977 -0.23232378 -0.44473803  0.10495152
  0.0993396  -0.09535133  0.662735   -0.5323686   0.2518832   0.12286083
 -0.30311885 -0.4196401  -0.13854118 -0.11038079 -0.3065111  -0.4354285
 -0.2882034  -1.0381608 ]
X_ 2 postcondition: != 0.99
[ 0.41115624 -0.3857212   0.53415394 -0.16623846 -0.11349344  0.31759444
  1.2833024   0.22682877 -0.51756525 -0.17899711  0.0934872  -0.2567513
  0.27969927 -0.2843186   0.1934384   0.23911819  0.2550589  -0.03893043
  0.10411935  0.07644255  0.27822846  0.04173239  0.2859115   0.7349489
 -0.28054512 -0.32827407  0.5595544   0.19349633  0.16680118  0.19127779
  0.11909756  0.25668243  0.06058977 -0.23232378 -0.44473803  0.10495152
  0.0993396  -0.09535133  0.662735   -0.5323686   0.2518832   0.12286083
 -0.30311885 -0.4196401  -0.13854118 -0.11038079 -0.3065111  -0.4354285
 -0.2882034  -1.0381608 ]
X_ 3 postcondition: >= 0.75
[  5.097423    -0.5717703    1.4175701   -3.7453992   11.583496
  -2.4022212    1.8541759    2.2000923   -6.1960597   -2.5866454
  -1.7470775   -0.38609955   0.07471377  -6.5134416   -1.0732692
 -13.635769    -0.6315319    1.4435374    0.38718712   5.378458
   1.7995604   -8.894097  ]
X_ 3 postcondition: <= 0.75
[  5.097423    -0.5717703    1.4175701   -3.7453992   11.583496
  -2.4022212    1.8541759    2.2000923   -6.1960597   -2.5866454
  -1.7470775   -0.38609955   0.07471377  -6.5134416   -1.0732692
 -13.635769    -0.6315319    1.4435374    0.38718712   5.378458
   1.7995604   -8.894097  ]
X_ 3 postcondition: > 0.75
[  5.097423    -0.5717703    1.4175701   -3.7453992   11.583496
  -2.4022212    1.8541759    2.2000923   -6.1960597   -2.5866454
  -1.7470775   -0.38609955   0.07471377  -6.5134416   -1.0732692
 -13.635769    -0.6315319    1.4435374    0.38718712   5.378458
   1.7995604   -8.894097  ]
X_ 3 postcondition: < 0.75
[  5.097423    -0.5717703    1.4175701   -3.7453992   11.583496
  -2.4022212    1.8541759    2.2000923   -6.1960597   -2.5866454
  -1.7470775   -0.38609955   0.07471377  -6.5134416   -1.0732692
 -13.635769    -0.6315319    1.4435374    0.38718712   5.378458
   1.7995604   -8.894097  ]
X_ 3 postcondition: == 0.75
[  5.097423    -0.5717703    1.4175701   -3.7453992   11.583496
  -2.4022212    1.8541759    2.2000923   -6.1960597   -2.5866454
  -1.7470775   -0.38609955   0.07471377  -6.5134416   -1.0732692
 -13.635769    -0.6315319    1.4435374    0.38718712   5.378458
   1.7995604   -8.894097  ]
X_ 3 postcondition: != 0.75
[  5.097423    -0.5717703    1.4175701   -3.7453992   11.583496
  -2.4022212    1.8541759    2.2000923   -6.1960597   -2.5866454
  -1.7470775   -0.38609955   0.07471377  -6.5134416   -1.0732692
 -13.635769    -0.6315319    1.4435374    0.38718712   5.378458
   1.7995604   -8.894097  ]
X_ 3 postcondition: >= 0.9
[  6.1169076   -0.6861244    1.701084    -4.494479    13.900195
  -2.8826652    2.2250109    2.6401105   -7.4352713   -3.1039743
  -2.096493    -0.46331945   0.08965652  -7.8161297   -1.2879231
 -16.362923    -0.75783825   1.7322447    0.4646245    6.4541497
   2.1594725  -10.672916  ]
X_ 3 postcondition: <= 0.9
[  6.1169076   -0.6861244    1.701084    -4.494479    13.900195
  -2.8826652    2.2250109    2.6401105   -7.4352713   -3.1039743
  -2.096493    -0.46331945   0.08965652  -7.8161297   -1.2879231
 -16.362923    -0.75783825   1.7322447    0.4646245    6.4541497
   2.1594725  -10.672916  ]
X_ 3 postcondition: > 0.9
[  6.1169076   -0.6861244    1.701084    -4.494479    13.900195
  -2.8826652    2.2250109    2.6401105   -7.4352713   -3.1039743
  -2.096493    -0.46331945   0.08965652  -7.8161297   -1.2879231
 -16.362923    -0.75783825   1.7322447    0.4646245    6.4541497
   2.1594725  -10.672916  ]
X_ 3 postcondition: < 0.9
[  6.1169076   -0.6861244    1.701084    -4.494479    13.900195
  -2.8826652    2.2250109    2.6401105   -7.4352713   -3.1039743
  -2.096493    -0.46331945   0.08965652  -7.8161297   -1.2879231
 -16.362923    -0.75783825   1.7322447    0.4646245    6.4541497
   2.1594725  -10.672916  ]
X_ 3 postcondition: == 0.9
[  6.1169076   -0.6861244    1.701084    -4.494479    13.900195
  -2.8826652    2.2250109    2.6401105   -7.4352713   -3.1039743
  -2.096493    -0.46331945   0.08965652  -7.8161297   -1.2879231
 -16.362923    -0.75783825   1.7322447    0.4646245    6.4541497
   2.1594725  -10.672916  ]
X_ 3 postcondition: != 0.9
[  6.1169076   -0.6861244    1.701084    -4.494479    13.900195
  -2.8826652    2.2250109    2.6401105   -7.4352713   -3.1039743
  -2.096493    -0.46331945   0.08965652  -7.8161297   -1.2879231
 -16.362923    -0.75783825   1.7322447    0.4646245    6.4541497
   2.1594725  -10.672916  ]
X_ 3 postcondition: >= 0.95
[  6.4567356   -0.7242424    1.7955889   -4.7441726   14.672428
  -3.0428133    2.3486228    2.7867835   -7.8483424   -3.2764173
  -2.2129648   -0.48905942   0.09463744  -8.25036     -1.3594743
 -17.271973    -0.7999404    1.8284806    0.490437     6.8127136
   2.2794433  -11.265857  ]
X_ 3 postcondition: <= 0.95
[  6.4567356   -0.7242424    1.7955889   -4.7441726   14.672428
  -3.0428133    2.3486228    2.7867835   -7.8483424   -3.2764173
  -2.2129648   -0.48905942   0.09463744  -8.25036     -1.3594743
 -17.271973    -0.7999404    1.8284806    0.490437     6.8127136
   2.2794433  -11.265857  ]
X_ 3 postcondition: > 0.95
[  6.4567356   -0.7242424    1.7955889   -4.7441726   14.672428
  -3.0428133    2.3486228    2.7867835   -7.8483424   -3.2764173
  -2.2129648   -0.48905942   0.09463744  -8.25036     -1.3594743
 -17.271973    -0.7999404    1.8284806    0.490437     6.8127136
   2.2794433  -11.265857  ]
X_ 3 postcondition: < 0.95
[  6.4567356   -0.7242424    1.7955889   -4.7441726   14.672428
  -3.0428133    2.3486228    2.7867835   -7.8483424   -3.2764173
  -2.2129648   -0.48905942   0.09463744  -8.25036     -1.3594743
 -17.271973    -0.7999404    1.8284806    0.490437     6.8127136
   2.2794433  -11.265857  ]
X_ 3 postcondition: == 0.95
[  6.4567356   -0.7242424    1.7955889   -4.7441726   14.672428
  -3.0428133    2.3486228    2.7867835   -7.8483424   -3.2764173
  -2.2129648   -0.48905942   0.09463744  -8.25036     -1.3594743
 -17.271973    -0.7999404    1.8284806    0.490437     6.8127136
   2.2794433  -11.265857  ]
X_ 3 postcondition: != 0.95
[  6.4567356   -0.7242424    1.7955889   -4.7441726   14.672428
  -3.0428133    2.3486228    2.7867835   -7.8483424   -3.2764173
  -2.2129648   -0.48905942   0.09463744  -8.25036     -1.3594743
 -17.271973    -0.7999404    1.8284806    0.490437     6.8127136
   2.2794433  -11.265857  ]
X_ 3 postcondition: >= 0.99
[  6.728598    -0.75473684   1.8711926   -4.9439273   15.2902155
  -3.1709318    2.4475121    2.9041219   -8.178799    -3.4143717
  -2.3061423   -0.5096514    0.09862218  -8.597743    -1.4167153
 -17.999216    -0.8336221    1.9054694    0.51108694   7.099565
   2.3754199  -11.740209  ]
X_ 3 postcondition: <= 0.99
[  6.728598    -0.75473684   1.8711926   -4.9439273   15.2902155
  -3.1709318    2.4475121    2.9041219   -8.178799    -3.4143717
  -2.3061423   -0.5096514    0.09862218  -8.597743    -1.4167153
 -17.999216    -0.8336221    1.9054694    0.51108694   7.099565
   2.3754199  -11.740209  ]
X_ 3 postcondition: > 0.99
[  6.728598    -0.75473684   1.8711926   -4.9439273   15.2902155
  -3.1709318    2.4475121    2.9041219   -8.178799    -3.4143717
  -2.3061423   -0.5096514    0.09862218  -8.597743    -1.4167153
 -17.999216    -0.8336221    1.9054694    0.51108694   7.099565
   2.3754199  -11.740209  ]
X_ 3 postcondition: < 0.99
[  6.728598    -0.75473684   1.8711926   -4.9439273   15.2902155
  -3.1709318    2.4475121    2.9041219   -8.178799    -3.4143717
  -2.3061423   -0.5096514    0.09862218  -8.597743    -1.4167153
 -17.999216    -0.8336221    1.9054694    0.51108694   7.099565
   2.3754199  -11.740209  ]
X_ 3 postcondition: == 0.99
[  6.728598    -0.75473684   1.8711926   -4.9439273   15.2902155
  -3.1709318    2.4475121    2.9041219   -8.178799    -3.4143717
  -2.3061423   -0.5096514    0.09862218  -8.597743    -1.4167153
 -17.999216    -0.8336221    1.9054694    0.51108694   7.099565
   2.3754199  -11.740209  ]
X_ 3 postcondition: != 0.99
[  6.728598    -0.75473684   1.8711926   -4.9439273   15.2902155
  -3.1709318    2.4475121    2.9041219   -8.178799    -3.4143717
  -2.3061423   -0.5096514    0.09862218  -8.597743    -1.4167153
 -17.999216    -0.8336221    1.9054694    0.51108694   7.099565
   2.3754199  -11.740209  ]
Weakest precondition: [-1.3418474e-03 -1.5690889e-03 -2.8444619e-03 -8.6709028e-05
 -2.3044539e-03  1.0623086e-03  7.0051977e-04  1.4244085e-03
  2.0149786e-03  1.4034291e-03 -1.2944280e-03 -2.3109843e-03
 -3.2594553e-04  8.9187792e-04  4.8296480e-04  9.0839207e-04
  8.6672796e-04 -2.0025198e-03 -3.0519250e-03 -1.6139790e-03
  9.2800020e-04 -9.1937243e-04]
Features:  ['Age' 'Job' 'Credit amount' 'Duration' 'Sex_female' 'Sex_male'
 'Housing_free' 'Housing_own' 'Housing_rent' 'Saving accounts_little'
 'Saving accounts_moderate' 'Saving accounts_quite rich'
 'Checking account_little' 'Checking account_moderate'
 'Checking account_rich' 'Purpose_business' 'Purpose_car'
 'Purpose_domestic appliances' 'Purpose_education'
 'Purpose_furniture/equipment' 'Purpose_radio/TV' 'Purpose_repairs']
Features length:  22
Weakest precondition size  22

Checking precondition violation:   0%|          | 0/22 [00:00<?, ?it/s]
Checking precondition violation: 100%|██████████| 22/22 [00:00<00:00, 1532.42it/s]
