Number of layers in the model: 2
Layer: dense
Layer: dense_1
Number of selected layers in the model: 2
#weights: 2 | #biases: 2 | #N: 2 | #Gamma: 2
W_ 1 : [[-0.5344766  -0.45932224 -0.01591089 -0.13915738 -0.22206166  0.00487081
   0.14523655 -0.21768712 -0.3488493 ]
 [-0.12107389  0.06746687  0.29041517 -0.15575905  0.0636668  -0.33523473
   0.46440104 -0.11523893 -0.14945312]
 [-0.17207119 -0.19179475 -0.4189206  -0.32469508  0.37048414  0.32720384
  -0.4577826  -0.13949528 -0.01578547]
 [-0.11669912 -0.06230541  0.1786062  -0.26426893 -0.34656122 -0.27884638
   0.02757455  0.2267065  -0.24613182]
 [ 0.5057077   0.122606    0.00916772 -0.3733785   0.52464646  0.10243557
   0.07053317 -0.04909681  0.48417434]
 [-0.17018625 -0.3355026   0.24694951 -0.32369927  0.20596662 -0.2622883
   0.14153379 -0.12526955  0.19255564]
 [ 0.16040504  0.33489478 -0.1472681  -0.07852965  0.01888904  0.14498517
   0.09305596 -0.31913346  0.02016483]
 [ 0.08227833  0.05844931  0.3423625   0.4487955  -0.22742328  0.0059088
   0.15995044 -0.1343044   0.32161707]
 [ 0.1679211  -0.27473867 -0.16058476  0.5565135   0.04048722 -0.12227092
  -0.06311498 -0.27026963 -0.03588922]
 [ 0.15448448  0.01758138  0.08960838  0.1307883   0.23169424 -0.08749183
  -0.09630463  0.02635872  0.2548436 ]
 [ 0.14369506 -0.18779445  0.40603858 -0.41669258  0.23173441 -0.33838597
  -0.01045131 -0.28352323  0.10436931]
 [-0.3485321   0.2470052   0.16030389 -0.39775738  0.1222559  -0.3363361
  -0.24266861 -0.3349639   0.29209933]
 [-0.01096021  0.08943287 -0.08101231 -0.0866537  -0.3488773  -0.18095449
  -0.2530421   0.04025929 -0.07633688]
 [ 0.35942924  0.04527549 -0.54530317  0.29530498  0.3022373  -0.16394089
  -0.07463803 -0.57317436 -0.3916289 ]
 [ 0.17082421 -0.1356925   0.2847366  -0.04836714  0.1874553  -0.21513973
   0.33296454 -0.14208859  0.20117076]
 [ 0.05953488  0.1382848   0.6187487  -0.00267332 -0.18553548  0.40389532
   0.35483596  0.13763258  0.65042937]
 [ 0.52368134 -0.18766701  0.60639805 -0.30315453  0.43452528  0.28161564
  -0.26619315  0.24082153 -0.06735086]
 [ 0.30601528 -0.38045135  0.23353364  0.40549445  0.21791297 -0.03351163
  -0.44751263 -0.02741578  0.23615105]
 [ 0.1601241   0.34978133 -0.11966643  0.1310186  -0.32333788 -0.21120417
   0.307904   -0.39416644  0.45716634]
 [ 0.20020027 -0.38898584  0.45672017  0.00336884 -0.06173638 -0.2884982
   0.0652599   0.05677049 -0.12086724]
 [ 0.1356882   0.03135939  0.43928838 -0.14759047  0.48172563  0.2102654
   0.10635629  0.00577561  0.38377643]
 [ 0.49790138 -0.09334996 -0.20463018 -0.0701851   0.37806442 -0.20215671
   0.00327365  0.23499757  0.25762913]]
W_ 2 : [[-0.6476018 ]
 [-0.41922903]
 [-0.9533102 ]
 [-0.03015174]
 [-0.5611645 ]
 [ 0.26908052]
 [-0.29095167]
 [ 0.23668127]
 [-1.0635338 ]]
B_ 1 : [-0.06239886  0.05885961  0.40812805 -0.05107964  0.09757883 -0.1358628
  0.11561557 -0.04514356  0.42420822]
B_ 2 : [-1.676576]
Activation function of layer_a 1 : relu
Activation function of layer_a 2 : sigmoid
Gamma_ 1 : [[-8.56968164e-01 -1.02369261e+00  1.99511945e-01  3.89684272e+00
   3.83042783e-01 -8.99844050e-01  1.64584577e+00  2.15311050e-01
  -3.08928823e+00 -2.13784838e+00  3.52375329e-01 -1.15370560e+00
  -1.81984437e+00 -5.75390220e-01 -3.10172224e+00  4.91044879e-01
  -1.19745541e+00  1.39767528e+00 -1.66356587e+00  1.00532979e-01
   6.00382447e-01  1.81103849e+00]
 [-1.13723290e+00  1.02518988e+00  2.10015744e-01  6.77749920e+00
   6.92794442e-01 -9.79508340e-01  2.36143374e+00  9.20742989e-01
   1.83090866e-01  1.73236203e+00 -3.07859570e-01  1.99560165e-01
   1.51312733e+00  2.23424172e+00 -7.48048544e-01  3.74805868e-01
  -6.37359142e-01  8.18875432e-01 -1.75480545e+00 -1.01767814e+00
   1.19640991e-01 -1.17611718e+00]
 [ 6.62087739e-01 -4.48168099e-01 -1.19546220e-01  6.75931406e+00
   8.96612555e-03  1.90472949e+00  2.41837597e+00  3.17486143e+00
  -1.27836800e+00  1.37011600e+00 -2.57351518e-01  5.16045570e-01
   1.63460165e-01  8.09319973e-01 -1.33170187e+00  6.96830392e-01
  -3.75846148e-01  1.21730244e+00 -2.62741065e+00 -5.14987051e-01
   1.98795557e-01  1.49138224e+00]
 [ 9.30216908e-01 -1.06469765e-01 -9.78230610e-02  7.48850298e+00
  -2.46157512e-01  5.54817498e-01 -4.60854435e+00  6.28837204e+00
  -2.17847323e+00  4.08310890e+00 -1.13653767e+00 -1.94626331e-01
  -3.49671102e+00  1.58239448e+00 -4.34054184e+00  5.28343260e-01
  -1.68032396e+00  1.64948714e+00 -1.21266401e+00 -1.82080731e-01
  -9.74457800e-01  3.06627059e+00]
 [-1.83027065e+00  1.44768572e+00  2.17017442e-01 -5.48348236e+00
  -3.48957300e-01 -1.44735765e+00 -5.39884090e+00 -9.61000538e+00
   1.71182895e+00 -2.18309569e+00  1.97669044e-02  4.71200943e-01
  -2.66650617e-01 -1.12817740e+00 -3.22288918e+00  1.27968848e-01
   1.87825346e+00 -7.74262846e-02  3.75435501e-01 -3.68331671e-01
   3.79040897e-01 -2.01647353e+00]
 [ 3.00662816e-01  2.64703900e-01 -2.05688164e-01  4.46793461e+00
   4.87809151e-01 -9.09658074e-01 -4.29600954e+00 -4.95705128e-01
   6.64495707e-01 -9.94082451e-01  3.20205122e-01 -3.29955101e-01
   7.68970132e-01  9.44187343e-02  4.19803977e-01  8.68924022e-01
  -1.32481503e+00 -1.85662016e-01  2.54399538e-01  1.00172259e-01
   2.50740349e-01 -3.89663100e-01]
 [-8.64416808e-02  8.82400870e-01 -6.96631491e-01 -3.09684896e+00
  -1.54151440e+00 -2.13475317e-01 -3.78441310e+00 -1.73442948e+00
   8.37345123e-01 -9.41562474e-01 -5.70269644e-01 -6.34279013e-01
   9.47533250e-01 -1.98647511e+00  3.46268868e+00 -4.39521402e-01
   1.88627458e+00 -3.28213620e+00  2.73639131e+00  5.98420978e-01
  -1.22807193e+00 -1.78829300e+00]
 [ 9.11228657e-02  1.99961886e-01 -3.73030841e-01 -3.97956729e+00
  -3.39514107e-01 -2.93904901e-01 -9.94682193e-01  5.76459885e-01
  -7.40032077e-01 -2.42134929e-01  6.21689796e-01 -3.98830414e-01
  -2.40574884e+00  1.59485805e+00  1.21587133e+00 -6.09822631e-01
   1.44452190e+00  2.69049227e-01  7.06846774e-01 -4.94073242e-01
  -7.42652893e-01 -6.40260220e-01]
 [ 6.27103686e-01  1.91218585e-01  6.74596548e-01  1.69614780e+00
  -1.11222520e-01 -1.02221060e+00  2.96000028e+00 -1.47132397e+00
   6.26856983e-01  2.28891730e+00 -2.94470638e-01 -3.68112564e-01
   3.23010862e-01 -5.25480449e-01 -1.18840384e+00 -3.87572348e-01
  -5.90121746e-01  1.41735405e-01  1.22488439e+00  4.15674448e-01
  -5.40905654e-01  1.84419394e-01]]
Gamma_ 2 : [[  8.0624695   42.818604    -0.27716446 -47.578613   -24.357666
    4.125519    25.110596     1.5690613    0.9012146 ]]
X_ 1 postcondition: >= 0.75
[-0.1812814  -0.16961761 -0.17078122 -1.4482108   0.20797089 -0.21363252
 -1.6339368   0.5293364  -0.19948216 -1.0358013   0.26068208 -0.13771021
 -0.504469    0.17295302  0.52685827  0.03332698 -0.17658776 -0.04479621
  0.15279235  0.03658567  0.17588021 -0.01978153]
X_ 1 postcondition: <= 0.75
[-0.1812814  -0.16961761 -0.17078122 -1.4482108   0.20797089 -0.21363252
 -1.6339368   0.5293364  -0.19948216 -1.0358013   0.26068208 -0.13771021
 -0.504469    0.17295302  0.52685827  0.03332698 -0.17658776 -0.04479621
  0.15279235  0.03658567  0.17588021 -0.01978153]
X_ 1 postcondition: > 0.75
[-0.1812814  -0.16961761 -0.17078122 -1.4482108   0.20797089 -0.21363252
 -1.6339368   0.5293364  -0.19948216 -1.0358013   0.26068208 -0.13771021
 -0.504469    0.17295302  0.52685827  0.03332698 -0.17658776 -0.04479621
  0.15279235  0.03658567  0.17588021 -0.01978153]
X_ 1 postcondition: < 0.75
[-0.1812814  -0.16961761 -0.17078122 -1.4482108   0.20797089 -0.21363252
 -1.6339368   0.5293364  -0.19948216 -1.0358013   0.26068208 -0.13771021
 -0.504469    0.17295302  0.52685827  0.03332698 -0.17658776 -0.04479621
  0.15279235  0.03658567  0.17588021 -0.01978153]
X_ 1 postcondition: == 0.75
[-0.1812814  -0.16961761 -0.17078122 -1.4482108   0.20797089 -0.21363252
 -1.6339368   0.5293364  -0.19948216 -1.0358013   0.26068208 -0.13771021
 -0.504469    0.17295302  0.52685827  0.03332698 -0.17658776 -0.04479621
  0.15279235  0.03658567  0.17588021 -0.01978153]
X_ 1 postcondition: != 0.75
[-0.1812814  -0.16961761 -0.17078122 -1.4482108   0.20797089 -0.21363252
 -1.6339368   0.5293364  -0.19948216 -1.0358013   0.26068208 -0.13771021
 -0.504469    0.17295302  0.52685827  0.03332698 -0.17658776 -0.04479621
  0.15279235  0.03658567  0.17588021 -0.01978153]
X_ 1 postcondition: >= 0.9
[-0.21753767 -0.20354114 -0.20493747 -1.7378532   0.24956506 -0.25635898
 -1.9607239   0.63520366 -0.23937857 -1.2429615   0.31281847 -0.16525222
 -0.60536283  0.20754363  0.6322299   0.0399924  -0.21190529 -0.05375541
  0.18335092  0.04390276  0.21105623 -0.02373782]
X_ 1 postcondition: <= 0.9
[-0.21753767 -0.20354114 -0.20493747 -1.7378532   0.24956506 -0.25635898
 -1.9607239   0.63520366 -0.23937857 -1.2429615   0.31281847 -0.16525222
 -0.60536283  0.20754363  0.6322299   0.0399924  -0.21190529 -0.05375541
  0.18335092  0.04390276  0.21105623 -0.02373782]
X_ 1 postcondition: > 0.9
[-0.21753767 -0.20354114 -0.20493747 -1.7378532   0.24956506 -0.25635898
 -1.9607239   0.63520366 -0.23937857 -1.2429615   0.31281847 -0.16525222
 -0.60536283  0.20754363  0.6322299   0.0399924  -0.21190529 -0.05375541
  0.18335092  0.04390276  0.21105623 -0.02373782]
X_ 1 postcondition: < 0.9
[-0.21753767 -0.20354114 -0.20493747 -1.7378532   0.24956506 -0.25635898
 -1.9607239   0.63520366 -0.23937857 -1.2429615   0.31281847 -0.16525222
 -0.60536283  0.20754363  0.6322299   0.0399924  -0.21190529 -0.05375541
  0.18335092  0.04390276  0.21105623 -0.02373782]
X_ 1 postcondition: == 0.9
[-0.21753767 -0.20354114 -0.20493747 -1.7378532   0.24956506 -0.25635898
 -1.9607239   0.63520366 -0.23937857 -1.2429615   0.31281847 -0.16525222
 -0.60536283  0.20754363  0.6322299   0.0399924  -0.21190529 -0.05375541
  0.18335092  0.04390276  0.21105623 -0.02373782]
X_ 1 postcondition: != 0.9
[-0.21753767 -0.20354114 -0.20493747 -1.7378532   0.24956506 -0.25635898
 -1.9607239   0.63520366 -0.23937857 -1.2429615   0.31281847 -0.16525222
 -0.60536283  0.20754363  0.6322299   0.0399924  -0.21190529 -0.05375541
  0.18335092  0.04390276  0.21105623 -0.02373782]
X_ 1 postcondition: >= 0.95
[-0.2296231  -0.21484898 -0.21632287 -1.8344003   0.2634298  -0.27060115
 -2.069653    0.67049265 -0.25267744 -1.312015    0.33019727 -0.17443295
 -0.6389941   0.21907382  0.66735387  0.04221419 -0.2236778  -0.05674181
  0.19353692  0.04634183  0.22278158 -0.0250566 ]
X_ 1 postcondition: <= 0.95
[-0.2296231  -0.21484898 -0.21632287 -1.8344003   0.2634298  -0.27060115
 -2.069653    0.67049265 -0.25267744 -1.312015    0.33019727 -0.17443295
 -0.6389941   0.21907382  0.66735387  0.04221419 -0.2236778  -0.05674181
  0.19353692  0.04634183  0.22278158 -0.0250566 ]
X_ 1 postcondition: > 0.95
[-0.2296231  -0.21484898 -0.21632287 -1.8344003   0.2634298  -0.27060115
 -2.069653    0.67049265 -0.25267744 -1.312015    0.33019727 -0.17443295
 -0.6389941   0.21907382  0.66735387  0.04221419 -0.2236778  -0.05674181
  0.19353692  0.04634183  0.22278158 -0.0250566 ]
X_ 1 postcondition: < 0.95
[-0.2296231  -0.21484898 -0.21632287 -1.8344003   0.2634298  -0.27060115
 -2.069653    0.67049265 -0.25267744 -1.312015    0.33019727 -0.17443295
 -0.6389941   0.21907382  0.66735387  0.04221419 -0.2236778  -0.05674181
  0.19353692  0.04634183  0.22278158 -0.0250566 ]
X_ 1 postcondition: == 0.95
[-0.2296231  -0.21484898 -0.21632287 -1.8344003   0.2634298  -0.27060115
 -2.069653    0.67049265 -0.25267744 -1.312015    0.33019727 -0.17443295
 -0.6389941   0.21907382  0.66735387  0.04221419 -0.2236778  -0.05674181
  0.19353692  0.04634183  0.22278158 -0.0250566 ]
X_ 1 postcondition: != 0.95
[-0.2296231  -0.21484898 -0.21632287 -1.8344003   0.2634298  -0.27060115
 -2.069653    0.67049265 -0.25267744 -1.312015    0.33019727 -0.17443295
 -0.6389941   0.21907382  0.66735387  0.04221419 -0.2236778  -0.05674181
  0.19353692  0.04634183  0.22278158 -0.0250566 ]
X_ 1 postcondition: >= 0.99
[-0.23929147 -0.2238953  -0.22543123 -1.9116385   0.27452156 -0.2819949
 -2.1567965   0.69872403 -0.26331648 -1.3672578   0.34410033 -0.18177754
 -0.66589916  0.22829801  0.695453    0.04399166 -0.23309584 -0.05913098
  0.2016859   0.04829309  0.23216188 -0.02611156]
X_ 1 postcondition: <= 0.99
[-0.23929147 -0.2238953  -0.22543123 -1.9116385   0.27452156 -0.2819949
 -2.1567965   0.69872403 -0.26331648 -1.3672578   0.34410033 -0.18177754
 -0.66589916  0.22829801  0.695453    0.04399166 -0.23309584 -0.05913098
  0.2016859   0.04829309  0.23216188 -0.02611156]
X_ 1 postcondition: > 0.99
[-0.23929147 -0.2238953  -0.22543123 -1.9116385   0.27452156 -0.2819949
 -2.1567965   0.69872403 -0.26331648 -1.3672578   0.34410033 -0.18177754
 -0.66589916  0.22829801  0.695453    0.04399166 -0.23309584 -0.05913098
  0.2016859   0.04829309  0.23216188 -0.02611156]
X_ 1 postcondition: < 0.99
[-0.23929147 -0.2238953  -0.22543123 -1.9116385   0.27452156 -0.2819949
 -2.1567965   0.69872403 -0.26331648 -1.3672578   0.34410033 -0.18177754
 -0.66589916  0.22829801  0.695453    0.04399166 -0.23309584 -0.05913098
  0.2016859   0.04829309  0.23216188 -0.02611156]
X_ 1 postcondition: == 0.99
[-0.23929147 -0.2238953  -0.22543123 -1.9116385   0.27452156 -0.2819949
 -2.1567965   0.69872403 -0.26331648 -1.3672578   0.34410033 -0.18177754
 -0.66589916  0.22829801  0.695453    0.04399166 -0.23309584 -0.05913098
  0.2016859   0.04829309  0.23216188 -0.02611156]
X_ 1 postcondition: != 0.99
[-0.23929147 -0.2238953  -0.22543123 -1.9116385   0.27452156 -0.2819949
 -2.1567965   0.69872403 -0.26331648 -1.3672578   0.34410033 -0.18177754
 -0.66589916  0.22829801  0.695453    0.04399166 -0.23309584 -0.05913098
  0.2016859   0.04829309  0.23216188 -0.02611156]
X_ 2 postcondition: >= 0.75
[ 10.138007    53.841484    -0.34851545 -59.82687    -30.628109
   5.1875596   31.574867     1.9729879    1.1332161 ]
X_ 2 postcondition: <= 0.75
[ 10.138007    53.841484    -0.34851545 -59.82687    -30.628109
   5.1875596   31.574867     1.9729879    1.1332161 ]
X_ 2 postcondition: > 0.75
[ 10.138007    53.841484    -0.34851545 -59.82687    -30.628109
   5.1875596   31.574867     1.9729879    1.1332161 ]
X_ 2 postcondition: < 0.75
[ 10.138007    53.841484    -0.34851545 -59.82687    -30.628109
   5.1875596   31.574867     1.9729879    1.1332161 ]
X_ 2 postcondition: == 0.75
[ 10.138007    53.841484    -0.34851545 -59.82687    -30.628109
   5.1875596   31.574867     1.9729879    1.1332161 ]
X_ 2 postcondition: != 0.75
[ 10.138007    53.841484    -0.34851545 -59.82687    -30.628109
   5.1875596   31.574867     1.9729879    1.1332161 ]
X_ 2 postcondition: >= 0.9
[ 12.165608    64.60978     -0.41821852 -71.792244   -36.753727
   6.2250714   37.88984      2.3675854    1.3598592 ]
X_ 2 postcondition: <= 0.9
[ 12.165608    64.60978     -0.41821852 -71.792244   -36.753727
   6.2250714   37.88984      2.3675854    1.3598592 ]
X_ 2 postcondition: > 0.9
[ 12.165608    64.60978     -0.41821852 -71.792244   -36.753727
   6.2250714   37.88984      2.3675854    1.3598592 ]
X_ 2 postcondition: < 0.9
[ 12.165608    64.60978     -0.41821852 -71.792244   -36.753727
   6.2250714   37.88984      2.3675854    1.3598592 ]
X_ 2 postcondition: == 0.9
[ 12.165608    64.60978     -0.41821852 -71.792244   -36.753727
   6.2250714   37.88984      2.3675854    1.3598592 ]
X_ 2 postcondition: != 0.9
[ 12.165608    64.60978     -0.41821852 -71.792244   -36.753727
   6.2250714   37.88984      2.3675854    1.3598592 ]
X_ 2 postcondition: >= 0.95
[ 12.841476    68.19921     -0.44145292 -75.7807     -38.795605
   6.5709085   39.99483      2.499118     1.435407  ]
X_ 2 postcondition: <= 0.95
[ 12.841476    68.19921     -0.44145292 -75.7807     -38.795605
   6.5709085   39.99483      2.499118     1.435407  ]
X_ 2 postcondition: > 0.95
[ 12.841476    68.19921     -0.44145292 -75.7807     -38.795605
   6.5709085   39.99483      2.499118     1.435407  ]
X_ 2 postcondition: < 0.95
[ 12.841476    68.19921     -0.44145292 -75.7807     -38.795605
   6.5709085   39.99483      2.499118     1.435407  ]
X_ 2 postcondition: == 0.95
[ 12.841476    68.19921     -0.44145292 -75.7807     -38.795605
   6.5709085   39.99483      2.499118     1.435407  ]
X_ 2 postcondition: != 0.95
[ 12.841476    68.19921     -0.44145292 -75.7807     -38.795605
   6.5709085   39.99483      2.499118     1.435407  ]
X_ 2 postcondition: >= 0.99
[ 13.38217     71.07076     -0.46004042 -78.97147    -40.429104
   6.8475785   41.678825     2.6043441    1.4958452 ]
X_ 2 postcondition: <= 0.99
[ 13.38217     71.07076     -0.46004042 -78.97147    -40.429104
   6.8475785   41.678825     2.6043441    1.4958452 ]
X_ 2 postcondition: > 0.99
[ 13.38217     71.07076     -0.46004042 -78.97147    -40.429104
   6.8475785   41.678825     2.6043441    1.4958452 ]
X_ 2 postcondition: < 0.99
[ 13.38217     71.07076     -0.46004042 -78.97147    -40.429104
   6.8475785   41.678825     2.6043441    1.4958452 ]
X_ 2 postcondition: == 0.99
[ 13.38217     71.07076     -0.46004042 -78.97147    -40.429104
   6.8475785   41.678825     2.6043441    1.4958452 ]
X_ 2 postcondition: != 0.99
[ 13.38217     71.07076     -0.46004042 -78.97147    -40.429104
   6.8475785   41.678825     2.6043441    1.4958452 ]
Weakest precondition: [-0.24170855 -0.22615685 -0.22770831 -1.9309481   0.27729452 -0.28484336
 -2.1785822   0.7057817  -0.26597622 -1.3810685   0.3475761  -0.18361364
 -0.67262536  0.23060401  0.7024777   0.04443598 -0.23545036 -0.05972826
  0.20372303  0.04878086  0.23450693 -0.02637535]
Features:  ['Age' 'Job' 'Credit amount' 'Duration' 'Sex_female' 'Sex_male'
 'Housing_free' 'Housing_own' 'Housing_rent' 'Saving accounts_little'
 'Saving accounts_moderate' 'Saving accounts_quite rich'
 'Checking account_little' 'Checking account_moderate'
 'Checking account_rich' 'Purpose_business' 'Purpose_car'
 'Purpose_domestic appliances' 'Purpose_education'
 'Purpose_furniture/equipment' 'Purpose_radio/TV' 'Purpose_repairs']
Features length:  22
Weakest precondition size  22

Checking precondition violation:   0%|          | 0/22 [00:00<?, ?it/s]
Checking precondition violation: 100%|██████████| 22/22 [00:00<00:00, 1533.29it/s]
