Number of layers in the model: 4
Layer: dense
Layer: dense_1
Layer: dense_2
Layer: dense_3
Number of selected layers in the model: 4
#weights: 4 | #biases: 4 | #N: 4 | #Gamma: 4
W_ 1 : [[-0.4463542   0.11429334  0.57443815  0.34578863  0.12994778 -0.2447856
  -0.23629099 -0.14213917 -0.25233534  0.07837749  0.02355774  0.38558456]
 [-0.2289445  -0.17028072  0.72821254  0.2372954  -0.4057113  -0.03458664
  -0.36362138 -0.21524984 -0.6325101   0.06448634 -0.05943517  0.28738928]
 [ 0.25519413 -0.3685633   0.33470306 -0.12162424  0.21304138 -0.20498723
   0.41567457 -0.35633242  0.5093983   0.554002    0.13459666  0.2137723 ]
 [-0.09087659 -0.16160816  0.4517573   0.15800123 -0.19678134 -0.06047192
  -0.41147768  0.48666716 -0.5794041   0.06026071 -0.5184235   0.37410071]
 [-0.22827482  0.02641344  0.35447478 -0.43848643  0.25056788 -0.45298207
   0.07437686  0.2797712  -0.06145229  0.6059527  -0.20374492  0.4193245 ]
 [-0.05535346  0.39457625  0.4288937   0.24929781  0.40124443 -0.01974905
  -0.25636566  0.10810374  0.15700135  0.05370015 -0.11375155  0.12572633]
 [ 0.59099954 -0.2560006  -0.301185   -0.3987595  -0.32229066 -0.41582644
  -0.1517813  -0.5203607   0.06746138  0.09939887  0.577971   -0.09779311]
 [-0.14785491 -0.47308785 -0.19039997  0.08065086  0.05924919 -0.3100652
  -0.2968988  -0.21491472 -0.05435994  0.29982927 -0.42142007  0.34575772]
 [ 0.08994683  0.18454248 -0.09202829 -0.5115704  -0.3897726  -0.35544252
  -0.10471576 -0.35850686  0.23369543  0.47391075 -0.60611904  0.5182432 ]
 [-0.5376024  -0.02899183  0.09825716  0.30552334 -0.4267489   0.41906303
   0.15595625 -0.12775815 -0.02259951  0.69870234  0.2573672   0.4266522 ]]
W_ 2 : [[ 0.01121368  0.38254526  0.28788465 -0.6230535  -0.32468024 -0.19292054
  -0.51611286  0.43345308  0.14655268 -0.45174968]
 [ 0.4105806  -0.1799898  -0.13347308  0.43990573  0.21575305 -0.2856275
  -0.11459615 -0.05038227  0.15779704 -0.12578887]
 [ 0.2575498  -0.46835977 -0.97008413 -0.07962143 -0.63518864  0.19751015
   0.2347189   0.06544424 -0.35259563 -0.49386507]
 [ 0.49525297  0.29536405  0.32307652  0.13843499 -0.22250527 -0.22411574
  -0.35371667 -0.04868353  0.17700297 -0.32453203]
 [ 0.36805773 -0.4216942  -0.13608019 -0.32711142 -0.17901266  0.12139416
  -0.08494225  0.35358843 -0.2643967  -0.45315528]
 [-0.0488525  -0.46761313 -0.10045755 -0.27946764 -0.29359055 -0.30388653
   0.40789104 -0.46933872 -0.12422541 -0.29443973]
 [-0.21096183 -0.41561794  0.5424687  -0.02893541 -0.01828742 -0.3952637
  -0.3106734  -0.46087036 -0.30301076  0.28938782]
 [-0.21045761 -0.17020157 -0.3806596   0.290846    0.09702295  0.20616134
   0.44043493  0.10947341  0.28162104 -0.3542059 ]
 [-0.57616687  0.00357921  0.67193896 -0.53163695  0.23461962  0.14804599
   0.36595124  0.5528167  -0.31274706  0.20419997]
 [ 0.03233242 -0.21847339 -0.18200809  0.4454719   0.10502637  0.6746005
   0.14640415  0.5092679  -0.43422264 -0.4073027 ]
 [-0.26452097  0.3324432   0.57835525  0.16492729  0.11889341 -0.42467102
   0.43776664  0.31281814  0.19086581 -0.50902516]
 [ 0.64733475 -0.34258506  0.08201163  0.726755    0.41309732  0.5304005
   0.67404217 -0.1550143  -0.08856574  0.4900419 ]]
W_ 3 : [[-0.01247734  0.0644604   0.16174154  0.4046136  -0.4292998   0.4961762
  -0.19846311 -0.26858556 -0.15497722 -0.43557623]
 [-0.15316433  0.44284064 -0.06030999  0.15458095 -0.34591782 -0.19747648
  -0.17140378  0.3273087  -0.20830259 -0.49395055]
 [-0.63876903 -0.44987863  0.4550906  -0.4958999   0.5530752  -0.00446485
   0.6760318  -0.13413635 -0.655173    0.7470445 ]
 [ 0.7609153  -0.43702662 -0.41314957 -0.24550162 -0.36976546  0.65791136
   0.129432   -0.46834108 -0.03853793 -0.36017382]
 [-0.31801185  0.22487062 -0.29267737 -0.37211582 -0.38006413 -0.48015884
   0.2392799   0.33740348 -0.39700088 -0.00903616]
 [ 0.6706267   0.49093595  0.46865872  0.66143024 -0.18356845  0.59582
  -0.35923153 -0.3040152   0.45978177  0.25287747]
 [ 0.4561908  -0.22191551 -0.559756    0.49816358  0.24205802 -0.01356246
  -0.4795071  -0.44705665  0.44769642 -0.06709591]
 [ 0.25540268 -0.08135356  0.44871244 -0.13662659  0.22200212  0.18136859
   0.5281672  -0.18618202  0.38374138  0.7117119 ]
 [-0.38966304 -0.24747026  0.5140908  -0.09188053  0.5198151   0.16017228
  -0.522134   -0.01807612  0.5131779  -0.0070166 ]
 [-0.51401985  0.13361114  0.34849775  0.32328045 -0.5383872  -0.20615232
   0.54447293  0.10966218 -0.09596437 -0.2435588 ]]
W_ 4 : [[ 1.1897879 ]
 [-0.42549884]
 [-0.4890956 ]
 [ 0.77427006]
 [-1.0220201 ]
 [ 0.603477  ]
 [-0.6516624 ]
 [ 0.17300004]
 [ 0.7281533 ]
 [-1.1101841 ]]
B_ 1 : [ 3.6155385e-01 -1.9148620e-03 -3.4877712e-01  3.1080034e-02
 -5.0477274e-02  0.0000000e+00  1.6613995e-01 -3.4875091e-04
  4.6075374e-01 -1.2746127e-01  2.2600873e-01 -2.3758987e-01]
B_ 2 : [-0.02438927 -0.00342395  0.60886496 -0.1555754  -0.04333773 -0.20225966
 -0.15442047  0.26180005  0.          0.        ]
B_ 3 : [-0.16942851 -0.04292121  0.12048268  0.07934241  0.4073143  -0.1676263
  0.29787567  0.         -0.10268693  0.30693027]
B_ 4 : [-0.39019263]
Activation function of layer_a 1 : relu
Activation function of layer_a 2 : relu
Activation function of layer_a 3 : relu
Activation function of layer_a 4 : sigmoid
Gamma_ 1 : [[-2.12031782e-01 -4.97607827e-01  6.07109845e-01  1.12118220e+00
  -6.22666359e-01  4.45206314e-01  5.92873275e-01 -4.41926032e-01
   1.22911870e-01 -8.58788192e-02]
 [ 3.88396263e-01 -2.86652714e-01 -5.09533346e-01 -1.58504844e-01
   1.03622163e-02  5.09758234e-01  1.14429973e-01 -6.99226439e-01
   5.33580244e-01  1.26166329e-01]
 [-3.46984684e-01  9.77800965e-01  5.16270578e-01 -1.57052219e-01
   1.53019816e-01  3.28233093e-01 -2.83521533e-01 -4.58026290e-01
  -2.10220627e-02 -2.96479911e-01]
 [ 1.28003991e+00 -1.20754302e+00  4.73150969e-01  1.06673205e+00
  -1.14578700e+00 -1.15352511e-01  1.61020994e-01 -4.52051051e-02
  -6.33299798e-02  2.94353008e-01]
 [-5.91687262e-01  4.21298951e-01 -1.23855919e-01 -8.13809216e-01
   6.43636703e-01  7.85496652e-01 -2.14830115e-01  7.67027617e-01
  -5.88389158e-01 -2.80590773e-01]
 [-1.87025273e+00  1.19714916e+00 -1.59983784e-01 -6.60641789e-01
   9.48701352e-02  9.47141349e-01 -4.44940269e-01  2.97625184e-01
  -2.11845994e-01  4.07134891e-01]
 [ 1.28682721e+00 -8.13672543e-01  8.06423366e-01  4.14084643e-01
  -3.14449549e-01 -1.70549250e+00 -5.88801384e-01 -9.30331945e-01
   2.85536677e-01 -2.14021623e-01]
 [ 4.12783295e-01 -1.31337965e+00  6.06431030e-02  1.45327818e+00
   8.12280104e-02 -2.43951812e-01  3.00682753e-01 -5.63167512e-01
  -2.66977489e-01  2.56529063e-01]
 [ 3.67291123e-01 -7.81188071e-01  5.07619798e-01  3.15098405e-01
  -5.90496838e-01  2.72670746e-01  3.53083655e-04 -1.60504535e-01
   3.29918265e-01  1.08623825e-01]
 [-1.63331890e+00  8.16680372e-01 -2.35368803e-01 -5.56886256e-01
   8.48808646e-01  1.18690455e+00  2.13140756e-01  6.57807827e-01
  -3.29540879e-01  6.43114865e-01]
 [ 7.15762854e-01 -6.07278764e-01 -1.02399483e-01  2.50278413e-01
   1.33975327e-01 -7.06271082e-02  8.41058195e-01 -4.39973265e-01
  -4.82891649e-01  4.26175982e-01]
 [ 2.08336878e+00 -1.86975718e+00  5.03391623e-01  1.57066488e+00
  -8.10905457e-01 -8.78293335e-01  3.75848711e-01 -6.40557587e-01
   5.24998188e-01  2.71669954e-01]]
Gamma_ 2 : [[-0.37151086  0.28930998 -0.17458852  0.4238817   0.44169933  0.3764065
  -0.7161847  -0.75886214 -0.0911102  -0.10964698  0.04989206  0.34444055]
 [-0.8881658   0.7684071  -0.2714752   0.9528878  -1.176506    1.1873062
  -1.7768143  -1.4235387   0.7427159   0.7493043  -0.50519854 -0.78616965]
 [ 0.967102   -1.0907066  -0.246564   -0.33019054  0.61342794 -0.33420974
   0.98201096  0.35319635 -0.5591677  -0.10356984  0.69437975  0.8499828 ]
 [ 0.22571105  0.05015087  0.8442483  -0.8160753  -0.4173353  -1.1762685
   1.1859717   0.322729   -0.11373156  0.13363656  1.0599902   0.5401578 ]
 [-1.8509784   2.0624518  -1.9282966   0.92272496  0.10560976  2.0548728
  -2.172875   -0.9156808   1.3045868   1.213014   -1.1788049  -1.545848  ]
 [ 0.6263606  -1.7455883  -0.84239227 -0.1606633   0.23766309  0.03287145
   0.04240428  0.62080395 -0.7236806   0.54022455 -0.40621373  0.5177502 ]
 [-0.23393863 -0.3892808   0.27350107 -0.40133822  0.15635107  0.12381778
  -0.30669528 -0.3596382  -0.06834301 -0.36675242  0.5750101   0.5389777 ]
 [ 1.156476   -0.33320928  1.2187687  -1.3698797   0.29330814 -2.049563
   0.9711418   0.41019303 -0.0783426  -0.8387499   1.1539184   1.1072292 ]
 [ 0.98417574 -1.331425   -0.0259869  -0.63808954  1.0975816  -1.3121643
   1.137625    2.1478975  -1.1646391  -1.4735407   0.5481171   1.0486125 ]
 [ 1.0734892  -0.19515276  1.1223036  -1.0932648   0.01542561 -1.5948513
   0.9303237   0.0500007  -0.13941595 -1.1878579   0.49356622  0.9787311 ]]
Gamma_ 3 : [[-7.1480656e+00  9.9352151e-01  2.2508059e+00  3.4029648e+00
  -5.0366956e-01  4.3625154e+00  1.4409262e-01 -4.8079104e+00
   1.1185158e+00  3.0667295e+00]
 [ 5.4837365e+00  5.9385324e+00 -1.8412778e-01 -1.5372764e+00
   1.1697286e+00 -3.1977224e+00  2.0043008e+00  7.0607305e+00
  -1.8198325e-01 -3.4200902e+00]
 [-8.0776176e+00  2.1769366e+00  3.4782453e+00  4.2449055e+00
   4.4053814e-01  5.5217419e+00  6.9523031e-01 -5.3255391e+00
   2.7781370e+00  4.3052034e+00]
 [ 6.4723009e-01 -3.3935816e+00 -1.2163398e+00 -1.6539381e+00
  -1.9673494e+00 -4.6268857e-01 -1.2198502e+00 -1.4331212e+00
  -1.7872441e+00  2.3232272e-01]
 [ 2.4531863e+00  3.4656103e+00 -3.5191197e-03 -1.1175357e+00
  -1.5454831e+00 -2.5307074e+00  8.1104487e-01  3.5742056e+00
  -6.4288652e-01 -2.1046708e+00]
 [ 9.6111603e+00 -3.5961230e+00 -4.3088722e+00 -4.9797082e+00
  -1.7599878e+00 -6.0767560e+00 -2.5009031e+00  5.5393209e+00
  -3.2488797e+00 -5.0223250e+00]
 [ 3.5418460e+00  1.5069017e+00 -1.1104193e+00 -1.4985694e+00
  -1.1622169e+00 -3.1845498e+00  9.0129606e-02  4.1900573e+00
  -1.4028465e+00 -1.5838227e+00]
 [ 1.5203098e+00 -7.7136297e+00 -3.8333945e+00 -3.2114270e+00
  -3.2355304e+00 -1.8760322e+00 -4.6558747e+00 -2.2344551e+00
  -3.0966699e+00 -1.0693418e+00]
 [ 3.6110268e+00 -3.6250147e-01 -2.0153878e+00 -1.6793851e+00
   2.1311136e-01 -2.6878605e+00  2.8525036e-02  3.6517465e+00
  -2.7918872e-01 -1.5483588e+00]
 [ 1.0167258e+00 -4.8069682e+00 -1.2481508e+00 -1.5956068e+00
   4.9079856e-01  1.5857576e-01 -1.4110061e+00 -1.1694746e+00
  -1.1068400e+00 -4.9433005e-01]]
Gamma_ 4 : [[ 0.5617491  -1.2091558  -2.073295    2.4794126   1.071151   -1.1407824
   0.30566752 -1.7535985  -0.49148467  0.3054507 ]]
X_ 1 postcondition: >= 0.75
[-0.27833447  0.6532238  -0.23735614 -0.3768936   0.41715714  0.08544715
 -0.22854505  0.22367199 -0.06461734 -0.04472176]
X_ 1 postcondition: <= 0.75
[-0.27833447  0.6532238  -0.23735614 -0.3768936   0.41715714  0.08544715
 -0.22854505  0.22367199 -0.06461734 -0.04472176]
X_ 1 postcondition: > 0.75
[-0.27833447  0.6532238  -0.23735614 -0.3768936   0.41715714  0.08544715
 -0.22854505  0.22367199 -0.06461734 -0.04472176]
X_ 1 postcondition: < 0.75
[-0.27833447  0.6532238  -0.23735614 -0.3768936   0.41715714  0.08544715
 -0.22854505  0.22367199 -0.06461734 -0.04472176]
X_ 1 postcondition: == 0.75
[-0.27833447  0.6532238  -0.23735614 -0.3768936   0.41715714  0.08544715
 -0.22854505  0.22367199 -0.06461734 -0.04472176]
X_ 1 postcondition: != 0.75
[-0.27833447  0.6532238  -0.23735614 -0.3768936   0.41715714  0.08544715
 -0.22854505  0.22367199 -0.06461734 -0.04472176]
X_ 1 postcondition: >= 0.9
[-0.33400136  0.7838686  -0.28482732 -0.4522723   0.5005885   0.1025366
 -0.27425405  0.26840633 -0.07754081 -0.0536661 ]
X_ 1 postcondition: <= 0.9
[-0.33400136  0.7838686  -0.28482732 -0.4522723   0.5005885   0.1025366
 -0.27425405  0.26840633 -0.07754081 -0.0536661 ]
X_ 1 postcondition: > 0.9
[-0.33400136  0.7838686  -0.28482732 -0.4522723   0.5005885   0.1025366
 -0.27425405  0.26840633 -0.07754081 -0.0536661 ]
X_ 1 postcondition: < 0.9
[-0.33400136  0.7838686  -0.28482732 -0.4522723   0.5005885   0.1025366
 -0.27425405  0.26840633 -0.07754081 -0.0536661 ]
X_ 1 postcondition: == 0.9
[-0.33400136  0.7838686  -0.28482732 -0.4522723   0.5005885   0.1025366
 -0.27425405  0.26840633 -0.07754081 -0.0536661 ]
X_ 1 postcondition: != 0.9
[-0.33400136  0.7838686  -0.28482732 -0.4522723   0.5005885   0.1025366
 -0.27425405  0.26840633 -0.07754081 -0.0536661 ]
X_ 1 postcondition: >= 0.95
[-0.3525569   0.82741684 -0.30065113 -0.4773986   0.528399    0.10823304
 -0.28949043  0.2833178  -0.08184865 -0.05664757]
X_ 1 postcondition: <= 0.95
[-0.3525569   0.82741684 -0.30065113 -0.4773986   0.528399    0.10823304
 -0.28949043  0.2833178  -0.08184865 -0.05664757]
X_ 1 postcondition: > 0.95
[-0.3525569   0.82741684 -0.30065113 -0.4773986   0.528399    0.10823304
 -0.28949043  0.2833178  -0.08184865 -0.05664757]
X_ 1 postcondition: < 0.95
[-0.3525569   0.82741684 -0.30065113 -0.4773986   0.528399    0.10823304
 -0.28949043  0.2833178  -0.08184865 -0.05664757]
X_ 1 postcondition: == 0.95
[-0.3525569   0.82741684 -0.30065113 -0.4773986   0.528399    0.10823304
 -0.28949043  0.2833178  -0.08184865 -0.05664757]
X_ 1 postcondition: != 0.95
[-0.3525569   0.82741684 -0.30065113 -0.4773986   0.528399    0.10823304
 -0.28949043  0.2833178  -0.08184865 -0.05664757]
X_ 1 postcondition: >= 0.99
[-0.36740145  0.86225545 -0.31331012 -0.49749956  0.55064744  0.11279023
 -0.30167946  0.29524696 -0.0852949  -0.05903271]
X_ 1 postcondition: <= 0.99
[-0.36740145  0.86225545 -0.31331012 -0.49749956  0.55064744  0.11279023
 -0.30167946  0.29524696 -0.0852949  -0.05903271]
X_ 1 postcondition: > 0.99
[-0.36740145  0.86225545 -0.31331012 -0.49749956  0.55064744  0.11279023
 -0.30167946  0.29524696 -0.0852949  -0.05903271]
X_ 1 postcondition: < 0.99
[-0.36740145  0.86225545 -0.31331012 -0.49749956  0.55064744  0.11279023
 -0.30167946  0.29524696 -0.0852949  -0.05903271]
X_ 1 postcondition: == 0.99
[-0.36740145  0.86225545 -0.31331012 -0.49749956  0.55064744  0.11279023
 -0.30167946  0.29524696 -0.0852949  -0.05903271]
X_ 1 postcondition: != 0.99
[-0.36740145  0.86225545 -0.31331012 -0.49749956  0.55064744  0.11279023
 -0.30167946  0.29524696 -0.0852949  -0.05903271]
X_ 2 postcondition: >= 0.75
[-0.64368105  0.33376762 -0.19088152  0.2938754  -0.3237564   0.51385015
 -0.6181131  -0.1989498   0.18240575  0.30639565 -0.45370346 -0.4475233 ]
X_ 2 postcondition: <= 0.75
[-0.64368105  0.33376762 -0.19088152  0.2938754  -0.3237564   0.51385015
 -0.6181131  -0.1989498   0.18240575  0.30639565 -0.45370346 -0.4475233 ]
X_ 2 postcondition: > 0.75
[-0.64368105  0.33376762 -0.19088152  0.2938754  -0.3237564   0.51385015
 -0.6181131  -0.1989498   0.18240575  0.30639565 -0.45370346 -0.4475233 ]
X_ 2 postcondition: < 0.75
[-0.64368105  0.33376762 -0.19088152  0.2938754  -0.3237564   0.51385015
 -0.6181131  -0.1989498   0.18240575  0.30639565 -0.45370346 -0.4475233 ]
X_ 2 postcondition: == 0.75
[-0.64368105  0.33376762 -0.19088152  0.2938754  -0.3237564   0.51385015
 -0.6181131  -0.1989498   0.18240575  0.30639565 -0.45370346 -0.4475233 ]
X_ 2 postcondition: != 0.75
[-0.64368105  0.33376762 -0.19088152  0.2938754  -0.3237564   0.51385015
 -0.6181131  -0.1989498   0.18240575  0.30639565 -0.45370346 -0.4475233 ]
X_ 2 postcondition: >= 0.9
[-0.77241725  0.40052116 -0.22905779  0.35265046 -0.38850766  0.6166201
 -0.74173564 -0.23873973  0.21888685  0.3676748  -0.5444442  -0.5370279 ]
X_ 2 postcondition: <= 0.9
[-0.77241725  0.40052116 -0.22905779  0.35265046 -0.38850766  0.6166201
 -0.74173564 -0.23873973  0.21888685  0.3676748  -0.5444442  -0.5370279 ]
X_ 2 postcondition: > 0.9
[-0.77241725  0.40052116 -0.22905779  0.35265046 -0.38850766  0.6166201
 -0.74173564 -0.23873973  0.21888685  0.3676748  -0.5444442  -0.5370279 ]
X_ 2 postcondition: < 0.9
[-0.77241725  0.40052116 -0.22905779  0.35265046 -0.38850766  0.6166201
 -0.74173564 -0.23873973  0.21888685  0.3676748  -0.5444442  -0.5370279 ]
X_ 2 postcondition: == 0.9
[-0.77241725  0.40052116 -0.22905779  0.35265046 -0.38850766  0.6166201
 -0.74173564 -0.23873973  0.21888685  0.3676748  -0.5444442  -0.5370279 ]
X_ 2 postcondition: != 0.9
[-0.77241725  0.40052116 -0.22905779  0.35265046 -0.38850766  0.6166201
 -0.74173564 -0.23873973  0.21888685  0.3676748  -0.5444442  -0.5370279 ]
X_ 2 postcondition: >= 0.95
[-0.8153294   0.42277226 -0.24178325  0.37224218 -0.4100914   0.6508768
 -0.78294325 -0.25200307  0.23104727  0.3881012  -0.57469106 -0.56686276]
X_ 2 postcondition: <= 0.95
[-0.8153294   0.42277226 -0.24178325  0.37224218 -0.4100914   0.6508768
 -0.78294325 -0.25200307  0.23104727  0.3881012  -0.57469106 -0.56686276]
X_ 2 postcondition: > 0.95
[-0.8153294   0.42277226 -0.24178325  0.37224218 -0.4100914   0.6508768
 -0.78294325 -0.25200307  0.23104727  0.3881012  -0.57469106 -0.56686276]
X_ 2 postcondition: < 0.95
[-0.8153294   0.42277226 -0.24178325  0.37224218 -0.4100914   0.6508768
 -0.78294325 -0.25200307  0.23104727  0.3881012  -0.57469106 -0.56686276]
X_ 2 postcondition: == 0.95
[-0.8153294   0.42277226 -0.24178325  0.37224218 -0.4100914   0.6508768
 -0.78294325 -0.25200307  0.23104727  0.3881012  -0.57469106 -0.56686276]
X_ 2 postcondition: != 0.95
[-0.8153294   0.42277226 -0.24178325  0.37224218 -0.4100914   0.6508768
 -0.78294325 -0.25200307  0.23104727  0.3881012  -0.57469106 -0.56686276]
X_ 2 postcondition: >= 0.99
[-0.849659    0.44057322 -0.2519636   0.38791555 -0.42735848  0.67828214
 -0.81590927 -0.26261374  0.24077559  0.40444228 -0.5988886  -0.5907307 ]
X_ 2 postcondition: <= 0.99
[-0.849659    0.44057322 -0.2519636   0.38791555 -0.42735848  0.67828214
 -0.81590927 -0.26261374  0.24077559  0.40444228 -0.5988886  -0.5907307 ]
X_ 2 postcondition: > 0.99
[-0.849659    0.44057322 -0.2519636   0.38791555 -0.42735848  0.67828214
 -0.81590927 -0.26261374  0.24077559  0.40444228 -0.5988886  -0.5907307 ]
X_ 2 postcondition: < 0.99
[-0.849659    0.44057322 -0.2519636   0.38791555 -0.42735848  0.67828214
 -0.81590927 -0.26261374  0.24077559  0.40444228 -0.5988886  -0.5907307 ]
X_ 2 postcondition: == 0.99
[-0.849659    0.44057322 -0.2519636   0.38791555 -0.42735848  0.67828214
 -0.81590927 -0.26261374  0.24077559  0.40444228 -0.5988886  -0.5907307 ]
X_ 2 postcondition: != 0.99
[-0.849659    0.44057322 -0.2519636   0.38791555 -0.42735848  0.67828214
 -0.81590927 -0.26261374  0.24077559  0.40444228 -0.5988886  -0.5907307 ]
X_ 3 postcondition: >= 0.75
[-0.3287102  -0.44617146 -0.12228908  0.3858765   0.46485248  0.4570576
 -0.16270654 -0.5982532   0.32622832  0.23667088]
X_ 3 postcondition: <= 0.75
[-0.3287102  -0.44617146 -0.12228908  0.3858765   0.46485248  0.4570576
 -0.16270654 -0.5982532   0.32622832  0.23667088]
X_ 3 postcondition: > 0.75
[-0.3287102  -0.44617146 -0.12228908  0.3858765   0.46485248  0.4570576
 -0.16270654 -0.5982532   0.32622832  0.23667088]
X_ 3 postcondition: < 0.75
[-0.3287102  -0.44617146 -0.12228908  0.3858765   0.46485248  0.4570576
 -0.16270654 -0.5982532   0.32622832  0.23667088]
X_ 3 postcondition: == 0.75
[-0.3287102  -0.44617146 -0.12228908  0.3858765   0.46485248  0.4570576
 -0.16270654 -0.5982532   0.32622832  0.23667088]
X_ 3 postcondition: != 0.75
[-0.3287102  -0.44617146 -0.12228908  0.3858765   0.46485248  0.4570576
 -0.16270654 -0.5982532   0.32622832  0.23667088]
X_ 3 postcondition: >= 0.9
[-0.39445224 -0.53540564 -0.14674689  0.4630519   0.55782294  0.5484691
 -0.19524781 -0.717904    0.39147395  0.284005  ]
X_ 3 postcondition: <= 0.9
[-0.39445224 -0.53540564 -0.14674689  0.4630519   0.55782294  0.5484691
 -0.19524781 -0.717904    0.39147395  0.284005  ]
X_ 3 postcondition: > 0.9
[-0.39445224 -0.53540564 -0.14674689  0.4630519   0.55782294  0.5484691
 -0.19524781 -0.717904    0.39147395  0.284005  ]
X_ 3 postcondition: < 0.9
[-0.39445224 -0.53540564 -0.14674689  0.4630519   0.55782294  0.5484691
 -0.19524781 -0.717904    0.39147395  0.284005  ]
X_ 3 postcondition: == 0.9
[-0.39445224 -0.53540564 -0.14674689  0.4630519   0.55782294  0.5484691
 -0.19524781 -0.717904    0.39147395  0.284005  ]
X_ 3 postcondition: != 0.9
[-0.39445224 -0.53540564 -0.14674689  0.4630519   0.55782294  0.5484691
 -0.19524781 -0.717904    0.39147395  0.284005  ]
X_ 3 postcondition: >= 0.95
[-0.4163663  -0.5651505  -0.1548994   0.48877686  0.5888131   0.5789396
 -0.20609495 -0.7577874   0.41322258  0.29978305]
X_ 3 postcondition: <= 0.95
[-0.4163663  -0.5651505  -0.1548994   0.48877686  0.5888131   0.5789396
 -0.20609495 -0.7577874   0.41322258  0.29978305]
X_ 3 postcondition: > 0.95
[-0.4163663  -0.5651505  -0.1548994   0.48877686  0.5888131   0.5789396
 -0.20609495 -0.7577874   0.41322258  0.29978305]
X_ 3 postcondition: < 0.95
[-0.4163663  -0.5651505  -0.1548994   0.48877686  0.5888131   0.5789396
 -0.20609495 -0.7577874   0.41322258  0.29978305]
X_ 3 postcondition: == 0.95
[-0.4163663  -0.5651505  -0.1548994   0.48877686  0.5888131   0.5789396
 -0.20609495 -0.7577874   0.41322258  0.29978305]
X_ 3 postcondition: != 0.95
[-0.4163663  -0.5651505  -0.1548994   0.48877686  0.5888131   0.5789396
 -0.20609495 -0.7577874   0.41322258  0.29978305]
X_ 3 postcondition: >= 0.99
[-0.4338974  -0.5889462  -0.1614215   0.50935704  0.6136053   0.6033161
 -0.21477264 -0.7896943   0.4306214   0.31240562]
X_ 3 postcondition: <= 0.99
[-0.4338974  -0.5889462  -0.1614215   0.50935704  0.6136053   0.6033161
 -0.21477264 -0.7896943   0.4306214   0.31240562]
X_ 3 postcondition: > 0.99
[-0.4338974  -0.5889462  -0.1614215   0.50935704  0.6136053   0.6033161
 -0.21477264 -0.7896943   0.4306214   0.31240562]
X_ 3 postcondition: < 0.99
[-0.4338974  -0.5889462  -0.1614215   0.50935704  0.6136053   0.6033161
 -0.21477264 -0.7896943   0.4306214   0.31240562]
X_ 3 postcondition: == 0.99
[-0.4338974  -0.5889462  -0.1614215   0.50935704  0.6136053   0.6033161
 -0.21477264 -0.7896943   0.4306214   0.31240562]
X_ 3 postcondition: != 0.99
[-0.4338974  -0.5889462  -0.1614215   0.50935704  0.6136053   0.6033161
 -0.21477264 -0.7896943   0.4306214   0.31240562]
X_ 4 postcondition: >= 0.75
[ 0.16439277 -0.35385275 -0.6067383   0.72558635  0.31346643 -0.33384365
  0.08945191 -0.5131809  -0.14383027  0.08938847]
X_ 4 postcondition: <= 0.75
[ 0.16439277 -0.35385275 -0.6067383   0.72558635  0.31346643 -0.33384365
  0.08945191 -0.5131809  -0.14383027  0.08938847]
X_ 4 postcondition: > 0.75
[ 0.16439277 -0.35385275 -0.6067383   0.72558635  0.31346643 -0.33384365
  0.08945191 -0.5131809  -0.14383027  0.08938847]
X_ 4 postcondition: < 0.75
[ 0.16439277 -0.35385275 -0.6067383   0.72558635  0.31346643 -0.33384365
  0.08945191 -0.5131809  -0.14383027  0.08938847]
X_ 4 postcondition: == 0.75
[ 0.16439277 -0.35385275 -0.6067383   0.72558635  0.31346643 -0.33384365
  0.08945191 -0.5131809  -0.14383027  0.08938847]
X_ 4 postcondition: != 0.75
[ 0.16439277 -0.35385275 -0.6067383   0.72558635  0.31346643 -0.33384365
  0.08945191 -0.5131809  -0.14383027  0.08938847]
X_ 4 postcondition: >= 0.9
[ 0.19727132 -0.42462328 -0.728086    0.87070364  0.3761597  -0.40061235
  0.10734229 -0.61581707 -0.17259632  0.10726615]
X_ 4 postcondition: <= 0.9
[ 0.19727132 -0.42462328 -0.728086    0.87070364  0.3761597  -0.40061235
  0.10734229 -0.61581707 -0.17259632  0.10726615]
X_ 4 postcondition: > 0.9
[ 0.19727132 -0.42462328 -0.728086    0.87070364  0.3761597  -0.40061235
  0.10734229 -0.61581707 -0.17259632  0.10726615]
X_ 4 postcondition: < 0.9
[ 0.19727132 -0.42462328 -0.728086    0.87070364  0.3761597  -0.40061235
  0.10734229 -0.61581707 -0.17259632  0.10726615]
X_ 4 postcondition: == 0.9
[ 0.19727132 -0.42462328 -0.728086    0.87070364  0.3761597  -0.40061235
  0.10734229 -0.61581707 -0.17259632  0.10726615]
X_ 4 postcondition: != 0.9
[ 0.19727132 -0.42462328 -0.728086    0.87070364  0.3761597  -0.40061235
  0.10734229 -0.61581707 -0.17259632  0.10726615]
X_ 4 postcondition: >= 0.95
[ 0.20823085 -0.4482135  -0.76853526  0.919076    0.39705747 -0.4228686
  0.11330575 -0.6500291  -0.18218501  0.11322539]
X_ 4 postcondition: <= 0.95
[ 0.20823085 -0.4482135  -0.76853526  0.919076    0.39705747 -0.4228686
  0.11330575 -0.6500291  -0.18218501  0.11322539]
X_ 4 postcondition: > 0.95
[ 0.20823085 -0.4482135  -0.76853526  0.919076    0.39705747 -0.4228686
  0.11330575 -0.6500291  -0.18218501  0.11322539]
X_ 4 postcondition: < 0.95
[ 0.20823085 -0.4482135  -0.76853526  0.919076    0.39705747 -0.4228686
  0.11330575 -0.6500291  -0.18218501  0.11322539]
X_ 4 postcondition: == 0.95
[ 0.20823085 -0.4482135  -0.76853526  0.919076    0.39705747 -0.4228686
  0.11330575 -0.6500291  -0.18218501  0.11322539]
X_ 4 postcondition: != 0.95
[ 0.20823085 -0.4482135  -0.76853526  0.919076    0.39705747 -0.4228686
  0.11330575 -0.6500291  -0.18218501  0.11322539]
X_ 4 postcondition: >= 0.99
[ 0.21699846 -0.46708566 -0.8008947   0.95777404  0.41377565 -0.44067362
  0.11807652 -0.6773988  -0.18985596  0.11799277]
X_ 4 postcondition: <= 0.99
[ 0.21699846 -0.46708566 -0.8008947   0.95777404  0.41377565 -0.44067362
  0.11807652 -0.6773988  -0.18985596  0.11799277]
X_ 4 postcondition: > 0.99
[ 0.21699846 -0.46708566 -0.8008947   0.95777404  0.41377565 -0.44067362
  0.11807652 -0.6773988  -0.18985596  0.11799277]
X_ 4 postcondition: < 0.99
[ 0.21699846 -0.46708566 -0.8008947   0.95777404  0.41377565 -0.44067362
  0.11807652 -0.6773988  -0.18985596  0.11799277]
X_ 4 postcondition: == 0.99
[ 0.21699846 -0.46708566 -0.8008947   0.95777404  0.41377565 -0.44067362
  0.11807652 -0.6773988  -0.18985596  0.11799277]
X_ 4 postcondition: != 0.99
[ 0.21699846 -0.46708566 -0.8008947   0.95777404  0.41377565 -0.44067362
  0.11807652 -0.6773988  -0.18985596  0.11799277]
Weakest precondition: [-0.37111264  0.87096506 -0.31647488 -0.50252485  0.55620956  0.11392951
 -0.30472678  0.29822925 -0.08615647 -0.05962901]
Features:  ['LotArea' 'OverallQual' 'OverallCond' 'TotalBsmtSF' 'FullBath' 'HalfBath'
 'BedroomAbvGr' 'TotRmsAbvGrd' 'Fireplaces' 'GarageArea']
Features length:  10
Weakest precondition size  10

Checking precondition violation:   0%|          | 0/10 [00:00<?, ?it/s]
Checking precondition violation: 100%|██████████| 10/10 [00:00<00:00, 1712.24it/s]
