Number of layers in the model: 3
Layer: dense
Layer: dense_1
Layer: dense_2
Number of selected layers in the model: 3
#weights: 3 | #biases: 3 | #N: 3 | #Gamma: 3
W_ 1 : [[ 0.3182355  -0.29128915  0.30341634 -0.40188497  0.3648989  -0.45540968
  -0.09962451  0.06534129 -0.05138031  0.45760152 -0.33810845  0.05321367]
 [-0.59079677 -0.20193723 -0.01586374  0.26561522 -0.02587421 -0.03367294
   0.4571573   0.56103224  0.6506182  -0.01596626 -0.01974522 -0.06194411]
 [ 0.05546666 -0.31684268  0.2706893  -0.08954675  0.16724816 -0.33766067
  -0.3475563  -0.10496355 -0.286756    0.5744324   0.45420492 -0.18595828]
 [ 0.16230029 -0.02276578 -0.23968306 -0.41508165 -0.59884715  0.19660084
   0.57818294  0.38928968  0.49431285  0.72921056 -0.44633746  0.3654028 ]
 [ 0.01067707 -0.21567929  0.48739234  0.03725485 -0.3379247  -0.15682751
   0.35639957  0.34314167  0.10492761  0.52374834 -0.48514637 -0.01541155]
 [ 0.00933649  0.00761809  0.02024838 -0.2377     -0.232266   -0.2666045
   0.19527256 -0.03195171 -0.3873945   0.516845   -0.35494766 -0.2605625 ]
 [ 0.39153007  0.13201688 -0.31520206  0.32839414  0.4496698  -0.1420947
   0.33655095 -0.1063888  -0.10868747 -0.28447106 -0.20314398  0.2390961 ]
 [-0.04937746  0.01734245 -0.3308814  -0.53373593 -0.13153058  0.03304959
   0.16068311  0.19498672  0.4335389   0.239885    0.4763762   0.38156903]
 [-0.28144625 -0.27513096 -0.30308673  0.3874462   0.0566903   0.24979581
   0.21343064  0.36779997  0.40185362  0.05048904 -0.04239489  0.44060543]
 [ 0.00772042  0.03634745 -0.3370059  -0.16811387 -0.42025757  0.50965416
   0.31964454  0.5086907  -0.15628628  0.35593927 -0.15525408 -0.08723444]]
W_ 2 : [[-0.33630338 -0.49913287 -0.05150007 -0.14689022 -0.39117125 -0.2989773
  -0.2891335   0.43863493 -0.4171575  -0.2522298 ]
 [-0.14498249  0.08281421 -0.09415749 -0.4991142  -0.4621967   0.4525625
   0.5114911  -0.17893699 -0.354915    0.20760691]
 [ 0.27283803  0.12411729  0.41284582 -0.22701827 -0.05538049  0.3571975
   0.2620985  -0.50051713 -0.55049336 -0.29573163]
 [-0.29052967 -0.46279243 -0.37282094  0.51484734 -0.18946142  0.3275588
  -0.10127667  0.03398138 -0.30718493  0.14506662]
 [ 0.41292578 -0.540789    0.33157918 -0.12669083 -0.49017105 -0.45023713
  -0.49619168 -0.4918657  -0.2807665  -0.07614872]
 [ 0.21402527 -0.55546826 -0.14259858  0.24117994  0.00594598  0.25669333
   0.2129094   0.43481123 -0.25357804  0.16854888]
 [-0.379923    0.01082402  0.14940926 -0.43538508  0.12003739 -0.17057455
  -0.45850882 -0.4767229   0.4203884  -0.3471492 ]
 [ 0.47468036  0.7372779   0.06622904 -0.18589622  0.6168164  -0.28517035
  -0.3594947   0.14178121  0.30207336 -0.39802024]
 [-0.2528405   0.71268356  0.28578898 -0.37020683  0.43356583  0.26733428
  -0.4728091   0.33014506 -0.11755298  0.4828909 ]
 [-0.06892306  0.75375    -0.3364691  -0.46713376  0.18440546  0.15144923
   0.12855451 -0.19553193  0.32197404 -0.47885764]
 [-0.15691353  0.49597     0.12382312 -0.23094982 -0.24925232  0.326083
   0.31342852 -0.33417982  0.22270614 -0.4475848 ]
 [ 0.23691443  0.05904505  0.15302323 -0.52014494 -0.00965754  0.36199343
   0.2616998  -0.51930076  0.15334076  0.0045054 ]]
W_ 3 : [[ 0.1590999 ]
 [ 0.99043417]
 [-0.1464651 ]
 [ 0.47403938]
 [ 0.68802726]
 [ 0.2278711 ]
 [ 0.09528525]
 [ 0.305551  ]
 [ 0.7179223 ]
 [-0.69808453]]
B_ 1 : [ 0.34316432  0.00054577  0.0312961   0.01229444  0.4272633   0.04977065
 -0.11348677 -0.34160587 -0.10673157 -0.28842133 -0.0600719  -0.02264831]
B_ 2 : [-0.01531311 -0.25279516 -0.03727696  0.         -0.19950607 -0.06246247
 -0.00040428  0.         -0.1913445   0.        ]
B_ 3 : [-0.31303415]
Activation function of layer_a 1 : relu
Activation function of layer_a 2 : relu
Activation function of layer_a 3 : tanh
Gamma_ 1 : [[ 0.01664578  0.06655946  0.9034513   1.1167747  -0.08918668 -1.6592268
   0.88068455 -0.7240083  -1.2263676   0.4311009 ]
 [-0.41665623  0.07139102 -0.20537783  0.08607177  0.106704    0.01636142
   0.2948535   0.23529474 -0.7141164  -0.06329807]
 [-0.06685862 -0.42136815 -0.30644324 -0.85099685  1.7711837  -0.7075595
  -0.13911581  0.6094881  -0.32664916 -0.00471233]
 [-0.85732377  0.14657426  0.95466256  0.6435152   0.03543641 -0.3740514
   0.53004754 -0.9694784   0.22188173 -0.28234676]
 [ 0.9140472   0.53087014  0.1704383  -0.07822128 -0.74703133 -0.31503287
   0.36325788 -0.29719332 -0.07130778  0.348199  ]
 [ 0.09655965 -0.17573886  0.1496102   0.49356368 -0.42732358 -1.024886
  -0.34081158 -0.7629355  -0.02365028  0.7261178 ]
 [-0.54904443  0.28208882 -0.05748406 -0.45433128  0.9539356   0.34148604
   0.96509194  0.83896303 -0.45541576  0.1450515 ]
 [ 0.6071481   0.14746371 -0.37389478 -1.188273    0.9127352  -0.48314753
   0.14120436  0.75929743 -0.0324837   1.2256951 ]
 [ 0.10182207  1.0924884   0.68925756  2.002034   -1.3651915  -1.2029635
  -0.1250663  -1.2950053  -0.9409056  -0.6576955 ]
 [-0.16177313  0.19129157  1.1335827   1.1206911  -0.6662083   0.08289238
   0.05064244 -0.74096555  0.0937046  -0.13416025]
 [-0.7386371   0.04901465  0.80904174 -0.41002506  0.60809594 -0.51608557
   0.48600772  0.88909876 -0.47695893  0.2340575 ]
 [-0.100261   -1.5736678  -1.048906   -1.4357316   1.691224    0.6900312
  -0.09897665  1.7383331   1.6923295  -0.43125567]]
Gamma_ 2 : [[-0.7241062   0.91701144 -0.33761173 -0.04614031  0.75686157  0.98856294
  -0.17960759  0.6563681  -0.05129781  0.50743616  0.36129487 -0.20381638]
 [-0.33176064 -0.66667336 -0.03599879 -0.22168885  0.57088315 -0.15620974
  -0.658496   -0.19122422  0.6299076   1.2246543   0.3869838  -0.66408867]
 [ 0.2474583  -0.8298876   0.37087718 -0.7624128  -0.31373045 -0.14474219
  -0.07264193 -0.3240343   0.3134845  -1.2784469   0.9426751   0.26106012]
 [-0.5838227  -0.742223    0.15100835  0.451232    0.11815232 -0.17499733
  -0.5700486  -0.45615697 -0.05028576 -0.41824508  0.51712817 -0.26214552]
 [ 0.17976072 -1.1787527   0.92434967 -0.17341205 -1.1810421  -0.4603045
   0.2175845  -0.16856872 -0.15025319  0.59679407 -1.5808672   0.56962466]
 [-0.52536213  0.04885715 -0.12519711  0.7044293   0.5837859   1.6203418
   0.09399313  0.6284475   0.6666004   0.0583542   1.3134608  -0.2355665 ]
 [ 0.35286844  0.22632807  0.2878801  -0.14340872 -1.0909388  -1.377646
  -0.625644    0.16283864 -0.94494295 -0.97186464 -0.5749989   0.90656006]
 [ 0.05343682 -0.24230334 -0.44331992 -0.496844   -0.00244283  0.78615594
  -0.33527347 -0.19710514  0.419265    0.19635472  0.6522266  -0.06358033]
 [-0.24352854  0.58225644 -1.2609533   0.08688444 -0.14656314  0.24477124
   0.5837792   1.1322869  -0.28176147 -1.0297177   1.1283835   0.11447614]
 [-0.7370846   1.2766098  -0.51417637  0.09555234  0.1835576  -0.11361408
   0.3891176   0.25807512  0.03090909 -0.67900646 -0.53093493 -0.37816787]]
Gamma_ 3 : [[-26.09518      3.2982843    6.791053     2.2935987  -23.257107
    4.0589385  -55.076653   -12.195778     4.2992625    0.43285337]]
X_ 1 postcondition: >= 0.75
[-0.24415043 -0.00607684 -0.07591768 -0.2500687   0.35411835  0.401685
 -0.192611    0.37617388  0.2504047   0.00102786]
X_ 1 postcondition: <= 0.75
[-0.24415043 -0.00607684 -0.07591768 -0.2500687   0.35411835  0.401685
 -0.192611    0.37617388  0.2504047   0.00102786]
X_ 1 postcondition: > 0.75
[-0.24415043 -0.00607684 -0.07591768 -0.2500687   0.35411835  0.401685
 -0.192611    0.37617388  0.2504047   0.00102786]
X_ 1 postcondition: < 0.75
[-0.24415043 -0.00607684 -0.07591768 -0.2500687   0.35411835  0.401685
 -0.192611    0.37617388  0.2504047   0.00102786]
X_ 1 postcondition: == 0.75
[-0.24415043 -0.00607684 -0.07591768 -0.2500687   0.35411835  0.401685
 -0.192611    0.37617388  0.2504047   0.00102786]
X_ 1 postcondition: != 0.75
[-0.24415043 -0.00607684 -0.07591768 -0.2500687   0.35411835  0.401685
 -0.192611    0.37617388  0.2504047   0.00102786]
X_ 1 postcondition: >= 0.9
[-0.29298052 -0.00729223 -0.09110126 -0.30008245  0.4249419   0.482022
 -0.23113322  0.45140865  0.30048564  0.00123338]
X_ 1 postcondition: <= 0.9
[-0.29298052 -0.00729223 -0.09110126 -0.30008245  0.4249419   0.482022
 -0.23113322  0.45140865  0.30048564  0.00123338]
X_ 1 postcondition: > 0.9
[-0.29298052 -0.00729223 -0.09110126 -0.30008245  0.4249419   0.482022
 -0.23113322  0.45140865  0.30048564  0.00123338]
X_ 1 postcondition: < 0.9
[-0.29298052 -0.00729223 -0.09110126 -0.30008245  0.4249419   0.482022
 -0.23113322  0.45140865  0.30048564  0.00123338]
X_ 1 postcondition: == 0.9
[-0.29298052 -0.00729223 -0.09110126 -0.30008245  0.4249419   0.482022
 -0.23113322  0.45140865  0.30048564  0.00123338]
X_ 1 postcondition: != 0.9
[-0.29298052 -0.00729223 -0.09110126 -0.30008245  0.4249419   0.482022
 -0.23113322  0.45140865  0.30048564  0.00123338]
X_ 1 postcondition: >= 0.95
[-0.30925724 -0.00769735 -0.09616236 -0.31675372  0.4485499   0.50880104
 -0.24397391  0.47648692  0.3171793   0.00130189]
X_ 1 postcondition: <= 0.95
[-0.30925724 -0.00769735 -0.09616236 -0.31675372  0.4485499   0.50880104
 -0.24397391  0.47648692  0.3171793   0.00130189]
X_ 1 postcondition: > 0.95
[-0.30925724 -0.00769735 -0.09616236 -0.31675372  0.4485499   0.50880104
 -0.24397391  0.47648692  0.3171793   0.00130189]
X_ 1 postcondition: < 0.95
[-0.30925724 -0.00769735 -0.09616236 -0.31675372  0.4485499   0.50880104
 -0.24397391  0.47648692  0.3171793   0.00130189]
X_ 1 postcondition: == 0.95
[-0.30925724 -0.00769735 -0.09616236 -0.31675372  0.4485499   0.50880104
 -0.24397391  0.47648692  0.3171793   0.00130189]
X_ 1 postcondition: != 0.95
[-0.30925724 -0.00769735 -0.09616236 -0.31675372  0.4485499   0.50880104
 -0.24397391  0.47648692  0.3171793   0.00130189]
X_ 1 postcondition: >= 0.99
[-0.3222786  -0.00802143 -0.10021131 -0.33009067  0.4674362   0.5302242
 -0.2542465   0.49654955  0.33053425  0.00135672]
X_ 1 postcondition: <= 0.99
[-0.3222786  -0.00802143 -0.10021131 -0.33009067  0.4674362   0.5302242
 -0.2542465   0.49654955  0.33053425  0.00135672]
X_ 1 postcondition: > 0.99
[-0.3222786  -0.00802143 -0.10021131 -0.33009067  0.4674362   0.5302242
 -0.2542465   0.49654955  0.33053425  0.00135672]
X_ 1 postcondition: < 0.99
[-0.3222786  -0.00802143 -0.10021131 -0.33009067  0.4674362   0.5302242
 -0.2542465   0.49654955  0.33053425  0.00135672]
X_ 1 postcondition: == 0.99
[-0.3222786  -0.00802143 -0.10021131 -0.33009067  0.4674362   0.5302242
 -0.2542465   0.49654955  0.33053425  0.00135672]
X_ 1 postcondition: != 0.99
[-0.3222786  -0.00802143 -0.10021131 -0.33009067  0.4674362   0.5302242
 -0.2542465   0.49654955  0.33053425  0.00135672]
X_ 2 postcondition: >= 0.75
[-0.09685391 -0.229529   -0.04875892 -0.04439875 -0.06257548  0.01943177
 -0.00839427  0.12898354  0.09562751  0.14623931  0.09062037 -0.03005063]
X_ 2 postcondition: <= 0.75
[-0.09685391 -0.229529   -0.04875892 -0.04439875 -0.06257548  0.01943177
 -0.00839427  0.12898354  0.09562751  0.14623931  0.09062037 -0.03005063]
X_ 2 postcondition: > 0.75
[-0.09685391 -0.229529   -0.04875892 -0.04439875 -0.06257548  0.01943177
 -0.00839427  0.12898354  0.09562751  0.14623931  0.09062037 -0.03005063]
X_ 2 postcondition: < 0.75
[-0.09685391 -0.229529   -0.04875892 -0.04439875 -0.06257548  0.01943177
 -0.00839427  0.12898354  0.09562751  0.14623931  0.09062037 -0.03005063]
X_ 2 postcondition: == 0.75
[-0.09685391 -0.229529   -0.04875892 -0.04439875 -0.06257548  0.01943177
 -0.00839427  0.12898354  0.09562751  0.14623931  0.09062037 -0.03005063]
X_ 2 postcondition: != 0.75
[-0.09685391 -0.229529   -0.04875892 -0.04439875 -0.06257548  0.01943177
 -0.00839427  0.12898354  0.09562751  0.14623931  0.09062037 -0.03005063]
X_ 2 postcondition: >= 0.9
[-0.11622469 -0.27543482 -0.05851068 -0.05327849 -0.07509057  0.02331812
 -0.01007311  0.15478027  0.11475303  0.17548719  0.10874444 -0.03606078]
X_ 2 postcondition: <= 0.9
[-0.11622469 -0.27543482 -0.05851068 -0.05327849 -0.07509057  0.02331812
 -0.01007311  0.15478027  0.11475303  0.17548719  0.10874444 -0.03606078]
X_ 2 postcondition: > 0.9
[-0.11622469 -0.27543482 -0.05851068 -0.05327849 -0.07509057  0.02331812
 -0.01007311  0.15478027  0.11475303  0.17548719  0.10874444 -0.03606078]
X_ 2 postcondition: < 0.9
[-0.11622469 -0.27543482 -0.05851068 -0.05327849 -0.07509057  0.02331812
 -0.01007311  0.15478027  0.11475303  0.17548719  0.10874444 -0.03606078]
X_ 2 postcondition: == 0.9
[-0.11622469 -0.27543482 -0.05851068 -0.05327849 -0.07509057  0.02331812
 -0.01007311  0.15478027  0.11475303  0.17548719  0.10874444 -0.03606078]
X_ 2 postcondition: != 0.9
[-0.11622469 -0.27543482 -0.05851068 -0.05327849 -0.07509057  0.02331812
 -0.01007311  0.15478027  0.11475303  0.17548719  0.10874444 -0.03606078]
X_ 2 postcondition: >= 0.95
[-0.12268162 -0.2907368  -0.06176128 -0.05623842 -0.07926229  0.02461357
 -0.01063273  0.16337915  0.12112818  0.18523648  0.11478581 -0.03806417]
X_ 2 postcondition: <= 0.95
[-0.12268162 -0.2907368  -0.06176128 -0.05623842 -0.07926229  0.02461357
 -0.01063273  0.16337915  0.12112818  0.18523648  0.11478581 -0.03806417]
X_ 2 postcondition: > 0.95
[-0.12268162 -0.2907368  -0.06176128 -0.05623842 -0.07926229  0.02461357
 -0.01063273  0.16337915  0.12112818  0.18523648  0.11478581 -0.03806417]
X_ 2 postcondition: < 0.95
[-0.12268162 -0.2907368  -0.06176128 -0.05623842 -0.07926229  0.02461357
 -0.01063273  0.16337915  0.12112818  0.18523648  0.11478581 -0.03806417]
X_ 2 postcondition: == 0.95
[-0.12268162 -0.2907368  -0.06176128 -0.05623842 -0.07926229  0.02461357
 -0.01063273  0.16337915  0.12112818  0.18523648  0.11478581 -0.03806417]
X_ 2 postcondition: != 0.95
[-0.12268162 -0.2907368  -0.06176128 -0.05623842 -0.07926229  0.02461357
 -0.01063273  0.16337915  0.12112818  0.18523648  0.11478581 -0.03806417]
X_ 2 postcondition: >= 0.99
[-0.12784716 -0.3029783  -0.06436177 -0.05860635 -0.08259962  0.02564994
 -0.01108044  0.17025828  0.12622832  0.19303592  0.11961888 -0.03966686]
X_ 2 postcondition: <= 0.99
[-0.12784716 -0.3029783  -0.06436177 -0.05860635 -0.08259962  0.02564994
 -0.01108044  0.17025828  0.12622832  0.19303592  0.11961888 -0.03966686]
X_ 2 postcondition: > 0.99
[-0.12784716 -0.3029783  -0.06436177 -0.05860635 -0.08259962  0.02564994
 -0.01108044  0.17025828  0.12622832  0.19303592  0.11961888 -0.03966686]
X_ 2 postcondition: < 0.99
[-0.12784716 -0.3029783  -0.06436177 -0.05860635 -0.08259962  0.02564994
 -0.01108044  0.17025828  0.12622832  0.19303592  0.11961888 -0.03966686]
X_ 2 postcondition: == 0.99
[-0.12784716 -0.3029783  -0.06436177 -0.05860635 -0.08259962  0.02564994
 -0.01108044  0.17025828  0.12622832  0.19303592  0.11961888 -0.03966686]
X_ 2 postcondition: != 0.99
[-0.12784716 -0.3029783  -0.06436177 -0.05860635 -0.08259962  0.02564994
 -0.01108044  0.17025828  0.12622832  0.19303592  0.11961888 -0.03966686]
X_ 3 postcondition: >= 0.75
[ -6.1265116    0.77435666   1.5943735    0.538481    -5.4602013
   0.95293975 -12.930655    -2.8632712    1.009362     0.10162342]
X_ 3 postcondition: <= 0.75
[ -6.1265116    0.77435666   1.5943735    0.538481    -5.4602013
   0.95293975 -12.930655    -2.8632712    1.009362     0.10162342]
X_ 3 postcondition: > 0.75
[ -6.1265116    0.77435666   1.5943735    0.538481    -5.4602013
   0.95293975 -12.930655    -2.8632712    1.009362     0.10162342]
X_ 3 postcondition: < 0.75
[ -6.1265116    0.77435666   1.5943735    0.538481    -5.4602013
   0.95293975 -12.930655    -2.8632712    1.009362     0.10162342]
X_ 3 postcondition: == 0.75
[ -6.1265116    0.77435666   1.5943735    0.538481    -5.4602013
   0.95293975 -12.930655    -2.8632712    1.009362     0.10162342]
X_ 3 postcondition: != 0.75
[ -6.1265116    0.77435666   1.5943735    0.538481    -5.4602013
   0.95293975 -12.930655    -2.8632712    1.009362     0.10162342]
X_ 3 postcondition: >= 0.9
[ -7.3518143    0.929228     1.9132483    0.64617723  -6.552242
   1.1435276  -15.516785    -3.4359255    1.2112343    0.12194809]
X_ 3 postcondition: <= 0.9
[ -7.3518143    0.929228     1.9132483    0.64617723  -6.552242
   1.1435276  -15.516785    -3.4359255    1.2112343    0.12194809]
X_ 3 postcondition: > 0.9
[ -7.3518143    0.929228     1.9132483    0.64617723  -6.552242
   1.1435276  -15.516785    -3.4359255    1.2112343    0.12194809]
X_ 3 postcondition: < 0.9
[ -7.3518143    0.929228     1.9132483    0.64617723  -6.552242
   1.1435276  -15.516785    -3.4359255    1.2112343    0.12194809]
X_ 3 postcondition: == 0.9
[ -7.3518143    0.929228     1.9132483    0.64617723  -6.552242
   1.1435276  -15.516785    -3.4359255    1.2112343    0.12194809]
X_ 3 postcondition: != 0.9
[ -7.3518143    0.929228     1.9132483    0.64617723  -6.552242
   1.1435276  -15.516785    -3.4359255    1.2112343    0.12194809]
X_ 3 postcondition: >= 0.95
[ -7.760248     0.98085177   2.0195398    0.6820759   -6.916255
   1.207057   -16.378828    -3.62681      1.2785252    0.12872298]
X_ 3 postcondition: <= 0.95
[ -7.760248     0.98085177   2.0195398    0.6820759   -6.916255
   1.207057   -16.378828    -3.62681      1.2785252    0.12872298]
X_ 3 postcondition: > 0.95
[ -7.760248     0.98085177   2.0195398    0.6820759   -6.916255
   1.207057   -16.378828    -3.62681      1.2785252    0.12872298]
X_ 3 postcondition: < 0.95
[ -7.760248     0.98085177   2.0195398    0.6820759   -6.916255
   1.207057   -16.378828    -3.62681      1.2785252    0.12872298]
X_ 3 postcondition: == 0.95
[ -7.760248     0.98085177   2.0195398    0.6820759   -6.916255
   1.207057   -16.378828    -3.62681      1.2785252    0.12872298]
X_ 3 postcondition: != 0.95
[ -7.760248     0.98085177   2.0195398    0.6820759   -6.916255
   1.207057   -16.378828    -3.62681      1.2785252    0.12872298]
X_ 3 postcondition: >= 0.99
[ -8.086996    1.0221509   2.104573    0.710795   -7.207466    1.2578804
 -17.068464   -3.779518    1.3323579   0.1341429]
X_ 3 postcondition: <= 0.99
[ -8.086996    1.0221509   2.104573    0.710795   -7.207466    1.2578804
 -17.068464   -3.779518    1.3323579   0.1341429]
X_ 3 postcondition: > 0.99
[ -8.086996    1.0221509   2.104573    0.710795   -7.207466    1.2578804
 -17.068464   -3.779518    1.3323579   0.1341429]
X_ 3 postcondition: < 0.99
[ -8.086996    1.0221509   2.104573    0.710795   -7.207466    1.2578804
 -17.068464   -3.779518    1.3323579   0.1341429]
X_ 3 postcondition: == 0.99
[ -8.086996    1.0221509   2.104573    0.710795   -7.207466    1.2578804
 -17.068464   -3.779518    1.3323579   0.1341429]
X_ 3 postcondition: != 0.99
[ -8.086996    1.0221509   2.104573    0.710795   -7.207466    1.2578804
 -17.068464   -3.779518    1.3323579   0.1341429]
Weakest precondition: [-0.3255339  -0.00810248 -0.10122362 -0.33342496  0.47215778  0.53558
 -0.25681463  0.50156516  0.33387294  0.00137049]
Features:  ['LotArea' 'OverallQual' 'OverallCond' 'TotalBsmtSF' 'FullBath' 'HalfBath'
 'BedroomAbvGr' 'TotRmsAbvGrd' 'Fireplaces' 'GarageArea']
Features length:  10
Weakest precondition size  10

Checking precondition violation:   0%|          | 0/10 [00:00<?, ?it/s]
Checking precondition violation: 100%|██████████| 10/10 [00:00<00:00, 1808.44it/s]
