Number of layers in the model: 4
Layer: dense
Layer: dense_1
Layer: dense_2
Layer: dense_3
Number of selected layers in the model: 4
#weights: 4 | #biases: 4 | #N: 4 | #Gamma: 4
W_ 1 : [[-0.3571176  -0.48278266  0.67067045  0.34877786 -0.10165419  0.35622838
  -0.53481066  0.7059385   0.3118399  -0.9833571   0.18412817 -0.4980345 ]
 [-0.44497067  0.22447789  0.10963918  0.07821562  0.43040636 -0.5394276
   0.33681083 -0.6251717   0.28686944 -0.47056508 -0.13112578  0.32106322]
 [-0.40913647  0.33180675 -0.10552517 -0.47332388 -0.61314666 -0.26790872
   0.0634008   0.0590212   0.35767505  0.49490765 -0.46022522  0.27656505]
 [ 0.3252244   0.0711442   0.1463724  -0.03380655  0.05018506 -0.05570598
   0.49854574  0.24398899 -0.19762261  0.3828274   0.09653336 -0.27812412]
 [ 0.13511181  0.19540514  0.06942975  0.1256089  -0.05800297  0.41838276
  -0.39121693 -0.57265013 -0.35554075 -0.12450735 -0.00776213 -0.02402396]
 [-0.1702027  -0.63403016  0.04105924 -0.3771007  -0.3436737   0.0907293
  -0.25058988  0.33990812  0.05485004 -0.39712057  0.42103362 -0.44311985]
 [ 0.17573005 -0.6405874   1.3828173  -0.5194261  -0.2626281  -0.27077395
  -0.55483425  0.4024718   0.33253655  0.18000974 -0.14151725 -0.12997484]
 [-0.510906    0.26935405  0.08187994  0.56310934  0.04938532 -0.6142295
   0.06008097  0.06456596  0.0272067  -0.35667598 -0.20318004 -0.3903592 ]]
W_ 2 : [[ 0.5234649  -0.2002118   0.24561447 -0.4837428   0.5332562  -0.4210578
   0.11397719  0.22125667]
 [ 0.2473343  -0.15792365 -0.3932666  -0.4060818  -0.4223147  -0.48378325
   0.02519799 -0.25477704]
 [-0.4527296  -0.6565363  -0.06134668 -0.9157148   0.3007094   0.45863166
   0.2738972   0.04365857]
 [ 0.4546522   0.3992051  -0.5390494   0.40643722 -0.22093536 -0.193401
  -0.01904244  0.05884624]
 [ 0.22531214  0.42633352 -0.5267751  -0.39098367 -0.23282328  0.36435825
   0.3176273   0.18302938]
 [ 0.06142516  0.07549182  0.09010285  0.10256267 -0.22135255  0.0223974
  -0.78702027  0.5038901 ]
 [ 0.22166263 -0.09581326  0.41452822  0.48583278 -0.26669592  0.16311957
  -0.26190776  0.4921591 ]
 [-0.173369    0.38570297 -0.18628007  0.21590583 -0.026032    0.70419466
  -0.5587964   0.00763179]
 [-0.45370066 -0.40886846 -0.3217174  -0.04829508  0.35815158  0.21200387
   0.11315928 -0.11926518]
 [-0.34896848 -0.4210049  -0.4923635   0.69357574 -0.33059147  0.12160331
   0.33327556  0.49542156]
 [ 0.4492573   0.09049356  0.09242195 -0.32163584  0.23749352 -0.31480694
  -0.11215785 -0.2971625 ]
 [-0.33676794  0.21101142  0.242191   -0.23743935 -0.100925    0.00929735
  -0.08381446 -0.05704776]]
W_ 3 : [[-0.35386956  0.2209449  -0.28323194 -0.50802314 -0.22058131  0.05469651
  -0.26923567  0.1875273 ]
 [ 0.12158203  0.00912023 -0.5038482  -0.2686588   0.19348603  0.26327208
  -0.0341479   0.5210867 ]
 [ 0.10364892  0.20325685 -0.12760383  0.01741086 -0.05052668 -0.22602206
  -0.14490727 -0.29395294]
 [ 0.7140408   1.0322378  -0.00610971 -0.16024044  0.37311572 -0.16003531
   0.08544874  0.13325618]
 [ 0.7845758  -0.25573954 -0.57846093 -0.27366087  0.39227375 -0.46016434
   0.10987546  0.47544286]
 [-0.5394178  -0.51091844 -0.45821673  0.5320214  -0.618391   -0.17222168
  -0.7352544  -0.56051034]
 [ 0.03177056 -0.1480239  -0.5925924  -0.37537053 -0.2965212  -0.22545779
   0.34666058  0.19297168]
 [ 0.36637765 -0.2003376  -0.29367    -0.25971365 -0.59141415 -0.03207001
  -0.42128417 -0.18168135]]
W_ 4 : [[-0.68275654]
 [ 0.0012682 ]
 [-0.23483926]
 [ 0.61777854]
 [ 0.41689718]
 [ 0.6358323 ]
 [ 0.9822188 ]
 [ 0.6125622 ]]
B_ 1 : [ 0.          0.44692338 -0.8273574   0.15511061 -0.425001    0.15977366
  0.4822701  -0.18033911 -0.8619233   0.2743825   0.         -0.11073726]
B_ 2 : [ 1.9615311e-04 -1.0793916e-01 -8.8757187e-02  2.5757536e-01
  1.2099299e-01 -7.4655008e-01 -5.6704730e-01  9.6084827e-01]
B_ 3 : [ 0.527375   -0.18238914  0.         -1.088111   -0.12744963 -0.12699492
 -0.80896765 -0.70873165]
B_ 4 : [-1.9730043]
Activation function of layer_a 1 : relu
Activation function of layer_a 2 : relu
Activation function of layer_a 3 : relu
Activation function of layer_a 4 : sigmoid
Gamma_ 1 : [[-2.0864558e-01 -2.4755374e-01 -4.4677007e-01 -2.3032406e-03
  -1.0475516e-01 -2.4570443e-01  1.8275310e-01 -1.5357122e-01]
 [ 3.9959675e-01  1.4372343e-01  5.4246408e-01  6.4191592e-01
   5.2701032e-01 -3.8994077e-01 -2.4214558e-01  3.0458861e-03]
 [ 4.1588372e-01  4.4334382e-01  1.8339261e-01  7.9550076e-01
   5.0536495e-01 -2.7150625e-01  3.6769038e-01 -1.6738310e-01]
 [ 1.0915798e-01 -4.4670254e-01 -3.6052316e-01 -3.6685863e-01
  -1.9177952e-01 -6.1937875e-01 -4.4823710e-02  4.7387642e-01]
 [-9.9436998e-02  1.3036016e-01 -6.5811116e-01 -3.0720514e-01
  -5.2839845e-01 -3.9002988e-01  9.1335677e-02 -1.2825508e-01]
 [ 8.1897563e-01  1.2646191e-01  4.1885838e-01  5.8378190e-01
   4.9112752e-01 -3.1434333e-01 -3.9757034e-01 -8.5732996e-01]
 [ 4.0669203e-01  7.0855057e-01  3.5627329e-01  1.3580358e+00
   4.2866685e-07  1.0140309e-01 -3.5205704e-01 -4.5880696e-01]
 [ 3.5059035e-01 -5.0796175e-01  1.1734749e-02 -7.4705988e-02
  -8.0124301e-01 -3.7848535e-01 -8.5346133e-02 -1.5184158e-02]
 [ 3.6899933e-01  2.4033831e-01  2.3872358e-01 -1.7943108e-01
  -4.7896814e-01 -2.7853137e-01 -4.0898621e-02 -3.9964077e-01]
 [-4.0888917e-01 -4.8550797e-01 -9.6008014e-03 -1.0462611e-01
  -1.8245214e-01 -2.3411712e-01  2.1592361e-01  1.7055634e-01]
 [-9.3644187e-02  1.7999420e-01 -2.3376790e-01  2.2679012e-01
  -3.3466485e-03  4.9742430e-01 -1.0636372e-01 -1.6283771e-01]
 [ 6.0916290e-02  8.0999695e-02 -6.1027728e-02 -7.1213609e-01
  -5.0699246e-01 -5.6403756e-01  3.0240333e-02 -5.4945081e-01]]
Gamma_ 2 : [[-0.2819855   0.17216453  0.16324815 -0.41112107 -0.03486618 -0.2954854
  -0.13487977  0.11181736 -1.0759709  -1.4200692   0.6250944  -1.9831916 ]
 [-0.21940662 -0.75553435 -0.3541283  -0.4610876   0.81560165  0.66229063
   0.6541029  -0.46872377 -0.09355499 -0.22448884 -0.37323606  0.4064141 ]
 [ 0.13732465 -0.17803945  0.45442235 -0.25611255 -1.2270849  -1.1496679
   0.40636876  1.0410905  -2.3794916   0.85190326  1.9886789   1.4659736 ]
 [-0.50934964 -0.04458071 -0.55034256 -0.2789943  -0.8746723  -1.2231851
  -1.3948181   0.78168726 -0.49060518 -0.2197233  -1.5457677  -0.678088  ]
 [ 0.25013116 -0.8213464  -2.021032   -2.7672503   1.3242854   1.3106169
  -1.3663447  -0.9630499   1.1318202   0.10714599  0.0386965  -1.5095769 ]
 [ 0.17125948 -0.05184658  0.14346698 -0.86700046 -0.60291624 -0.85424
  -0.13986327  1.3318695  -1.5195769   0.18690175 -0.7782242  -1.784939  ]
 [ 0.40797266 -0.29092032  0.47140104  1.836972   -0.03810323 -1.7640294
   0.51598525  0.18392253  0.14123425  1.6394972   0.55993986  2.5718992 ]
 [-0.6415008  -1.0107015   0.24156852  0.9855415   1.499936    0.76674443
   1.8942705  -0.49174297  2.5229344   0.32450402  2.0329263   2.6664531 ]]
Gamma_ 3 : [[-0.83578134  0.2258301  -0.12812486  0.2736519   0.07322091 -0.20838661
  -0.12273981  0.89719266]
 [ 0.24667485 -0.14033169 -0.70205027  1.1659344  -0.42777693  0.43791458
   0.34749317 -0.25821224]
 [ 0.6687878  -1.6041144  -1.9853431   0.25200552  0.3873291  -0.13907042
  -0.6219899   0.2685374 ]
 [-0.87061554 -0.2722096  -2.8072548   1.4201814  -0.08798318  1.4630023
   0.39837283 -0.41635898]
 [-0.07372177  1.2504631   3.5646944  -1.3547868   0.3157423  -0.8932107
  -1.0241525  -0.7566649 ]
 [-1.1971047   2.2884595   1.8067057  -0.7276456  -1.2905878  -0.7702513
  -0.21679994  0.6398209 ]
 [-0.99117994  0.23518215  0.5772238  -0.16567594 -0.6439171  -0.46457654
   1.2837881  -0.2922041 ]
 [ 0.9557269  -1.4276737  -5.5234313   1.751447    0.8121721   1.3511477
   0.2004786  -0.22127791]]
Gamma_ 4 : [[ 1.5247269e+00  2.2917031e+03  3.5159302e+00 -1.7484283e+00
   6.1395264e-01  2.0764084e+00  1.0210876e+00 -5.9710693e+00]]
X_ 1 postcondition: >= 0.75
[ 0.20964658  0.24230717 -0.26210567 -0.5016571  -0.49058893 -0.31896043
  0.43872792 -0.27333856]
X_ 1 postcondition: <= 0.75
[ 0.20964658  0.24230717 -0.26210567 -0.5016571  -0.49058893 -0.31896043
  0.43872792 -0.27333856]
X_ 1 postcondition: > 0.75
[ 0.20964658  0.24230717 -0.26210567 -0.5016571  -0.49058893 -0.31896043
  0.43872792 -0.27333856]
X_ 1 postcondition: < 0.75
[ 0.20964658  0.24230717 -0.26210567 -0.5016571  -0.49058893 -0.31896043
  0.43872792 -0.27333856]
X_ 1 postcondition: == 0.75
[ 0.20964658  0.24230717 -0.26210567 -0.5016571  -0.49058893 -0.31896043
  0.43872792 -0.27333856]
X_ 1 postcondition: != 0.75
[ 0.20964658  0.24230717 -0.26210567 -0.5016571  -0.49058893 -0.31896043
  0.43872792 -0.27333856]
X_ 1 postcondition: >= 0.9
[ 0.25157592  0.29076865 -0.31452674 -0.6019887  -0.58870673 -0.38275248
  0.52647346 -0.32800627]
X_ 1 postcondition: <= 0.9
[ 0.25157592  0.29076865 -0.31452674 -0.6019887  -0.58870673 -0.38275248
  0.52647346 -0.32800627]
X_ 1 postcondition: > 0.9
[ 0.25157592  0.29076865 -0.31452674 -0.6019887  -0.58870673 -0.38275248
  0.52647346 -0.32800627]
X_ 1 postcondition: < 0.9
[ 0.25157592  0.29076865 -0.31452674 -0.6019887  -0.58870673 -0.38275248
  0.52647346 -0.32800627]
X_ 1 postcondition: == 0.9
[ 0.25157592  0.29076865 -0.31452674 -0.6019887  -0.58870673 -0.38275248
  0.52647346 -0.32800627]
X_ 1 postcondition: != 0.9
[ 0.25157592  0.29076865 -0.31452674 -0.6019887  -0.58870673 -0.38275248
  0.52647346 -0.32800627]
X_ 1 postcondition: >= 0.95
[ 0.2655524   0.30692247 -0.33200043 -0.6354324  -0.62141263 -0.4040165
  0.55572194 -0.34622887]
X_ 1 postcondition: <= 0.95
[ 0.2655524   0.30692247 -0.33200043 -0.6354324  -0.62141263 -0.4040165
  0.55572194 -0.34622887]
X_ 1 postcondition: > 0.95
[ 0.2655524   0.30692247 -0.33200043 -0.6354324  -0.62141263 -0.4040165
  0.55572194 -0.34622887]
X_ 1 postcondition: < 0.95
[ 0.2655524   0.30692247 -0.33200043 -0.6354324  -0.62141263 -0.4040165
  0.55572194 -0.34622887]
X_ 1 postcondition: == 0.95
[ 0.2655524   0.30692247 -0.33200043 -0.6354324  -0.62141263 -0.4040165
  0.55572194 -0.34622887]
X_ 1 postcondition: != 0.95
[ 0.2655524   0.30692247 -0.33200043 -0.6354324  -0.62141263 -0.4040165
  0.55572194 -0.34622887]
X_ 1 postcondition: >= 0.99
[ 0.27673355  0.31984556 -0.34597945 -0.6621876  -0.64757735 -0.42102772
  0.5791209  -0.36080694]
X_ 1 postcondition: <= 0.99
[ 0.27673355  0.31984556 -0.34597945 -0.6621876  -0.64757735 -0.42102772
  0.5791209  -0.36080694]
X_ 1 postcondition: > 0.99
[ 0.27673355  0.31984556 -0.34597945 -0.6621876  -0.64757735 -0.42102772
  0.5791209  -0.36080694]
X_ 1 postcondition: < 0.99
[ 0.27673355  0.31984556 -0.34597945 -0.6621876  -0.64757735 -0.42102772
  0.5791209  -0.36080694]
X_ 1 postcondition: == 0.99
[ 0.27673355  0.31984556 -0.34597945 -0.6621876  -0.64757735 -0.42102772
  0.5791209  -0.36080694]
X_ 1 postcondition: != 0.99
[ 0.27673355  0.31984556 -0.34597945 -0.6621876  -0.64757735 -0.42102772
  0.5791209  -0.36080694]
X_ 2 postcondition: >= 0.75
[ 0.7988037   0.58569854  0.3979977  -0.16372931 -1.4015474  -1.6865666
 -0.750485    1.1460434  -2.782627    0.63952214 -1.2654262  -1.4284014 ]
X_ 2 postcondition: <= 0.75
[ 0.7988037   0.58569854  0.3979977  -0.16372931 -1.4015474  -1.6865666
 -0.750485    1.1460434  -2.782627    0.63952214 -1.2654262  -1.4284014 ]
X_ 2 postcondition: > 0.75
[ 0.7988037   0.58569854  0.3979977  -0.16372931 -1.4015474  -1.6865666
 -0.750485    1.1460434  -2.782627    0.63952214 -1.2654262  -1.4284014 ]
X_ 2 postcondition: < 0.75
[ 0.7988037   0.58569854  0.3979977  -0.16372931 -1.4015474  -1.6865666
 -0.750485    1.1460434  -2.782627    0.63952214 -1.2654262  -1.4284014 ]
X_ 2 postcondition: == 0.75
[ 0.7988037   0.58569854  0.3979977  -0.16372931 -1.4015474  -1.6865666
 -0.750485    1.1460434  -2.782627    0.63952214 -1.2654262  -1.4284014 ]
X_ 2 postcondition: != 0.75
[ 0.7988037   0.58569854  0.3979977  -0.16372931 -1.4015474  -1.6865666
 -0.750485    1.1460434  -2.782627    0.63952214 -1.2654262  -1.4284014 ]
X_ 2 postcondition: >= 0.9
[ 0.9585644   0.7028383   0.47759724 -0.19647516 -1.6818569  -2.0238798
 -0.9005819   1.3752522  -3.3391523   0.76742655 -1.5185113  -1.7140814 ]
X_ 2 postcondition: <= 0.9
[ 0.9585644   0.7028383   0.47759724 -0.19647516 -1.6818569  -2.0238798
 -0.9005819   1.3752522  -3.3391523   0.76742655 -1.5185113  -1.7140814 ]
X_ 2 postcondition: > 0.9
[ 0.9585644   0.7028383   0.47759724 -0.19647516 -1.6818569  -2.0238798
 -0.9005819   1.3752522  -3.3391523   0.76742655 -1.5185113  -1.7140814 ]
X_ 2 postcondition: < 0.9
[ 0.9585644   0.7028383   0.47759724 -0.19647516 -1.6818569  -2.0238798
 -0.9005819   1.3752522  -3.3391523   0.76742655 -1.5185113  -1.7140814 ]
X_ 2 postcondition: == 0.9
[ 0.9585644   0.7028383   0.47759724 -0.19647516 -1.6818569  -2.0238798
 -0.9005819   1.3752522  -3.3391523   0.76742655 -1.5185113  -1.7140814 ]
X_ 2 postcondition: != 0.9
[ 0.9585644   0.7028383   0.47759724 -0.19647516 -1.6818569  -2.0238798
 -0.9005819   1.3752522  -3.3391523   0.76742655 -1.5185113  -1.7140814 ]
X_ 2 postcondition: >= 0.95
[ 1.0118179   0.7418848   0.50413036 -0.2073905  -1.7752935  -2.1363175
 -0.9506143   1.4516551  -3.524661    0.8100614  -1.6028731  -1.8093082 ]
X_ 2 postcondition: <= 0.95
[ 1.0118179   0.7418848   0.50413036 -0.2073905  -1.7752935  -2.1363175
 -0.9506143   1.4516551  -3.524661    0.8100614  -1.6028731  -1.8093082 ]
X_ 2 postcondition: > 0.95
[ 1.0118179   0.7418848   0.50413036 -0.2073905  -1.7752935  -2.1363175
 -0.9506143   1.4516551  -3.524661    0.8100614  -1.6028731  -1.8093082 ]
X_ 2 postcondition: < 0.95
[ 1.0118179   0.7418848   0.50413036 -0.2073905  -1.7752935  -2.1363175
 -0.9506143   1.4516551  -3.524661    0.8100614  -1.6028731  -1.8093082 ]
X_ 2 postcondition: == 0.95
[ 1.0118179   0.7418848   0.50413036 -0.2073905  -1.7752935  -2.1363175
 -0.9506143   1.4516551  -3.524661    0.8100614  -1.6028731  -1.8093082 ]
X_ 2 postcondition: != 0.95
[ 1.0118179   0.7418848   0.50413036 -0.2073905  -1.7752935  -2.1363175
 -0.9506143   1.4516551  -3.524661    0.8100614  -1.6028731  -1.8093082 ]
X_ 2 postcondition: >= 0.99
[ 1.0544208   0.77312213  0.52535695 -0.21612279 -1.8500427  -2.2262678
 -0.99064016  1.5127774  -3.673068    0.84416926 -1.6703625  -1.8854898 ]
X_ 2 postcondition: <= 0.99
[ 1.0544208   0.77312213  0.52535695 -0.21612279 -1.8500427  -2.2262678
 -0.99064016  1.5127774  -3.673068    0.84416926 -1.6703625  -1.8854898 ]
X_ 2 postcondition: > 0.99
[ 1.0544208   0.77312213  0.52535695 -0.21612279 -1.8500427  -2.2262678
 -0.99064016  1.5127774  -3.673068    0.84416926 -1.6703625  -1.8854898 ]
X_ 2 postcondition: < 0.99
[ 1.0544208   0.77312213  0.52535695 -0.21612279 -1.8500427  -2.2262678
 -0.99064016  1.5127774  -3.673068    0.84416926 -1.6703625  -1.8854898 ]
X_ 2 postcondition: == 0.99
[ 1.0544208   0.77312213  0.52535695 -0.21612279 -1.8500427  -2.2262678
 -0.99064016  1.5127774  -3.673068    0.84416926 -1.6703625  -1.8854898 ]
X_ 2 postcondition: != 0.99
[ 1.0544208   0.77312213  0.52535695 -0.21612279 -1.8500427  -2.2262678
 -0.99064016  1.5127774  -3.673068    0.84416926 -1.6703625  -1.8854898 ]
X_ 3 postcondition: >= 0.75
[-0.5605995  -0.6093565  -4.4092464   1.8418927  -0.21099383  1.6138456
  1.1881132  -1.0362674 ]
X_ 3 postcondition: <= 0.75
[-0.5605995  -0.6093565  -4.4092464   1.8418927  -0.21099383  1.6138456
  1.1881132  -1.0362674 ]
X_ 3 postcondition: > 0.75
[-0.5605995  -0.6093565  -4.4092464   1.8418927  -0.21099383  1.6138456
  1.1881132  -1.0362674 ]
X_ 3 postcondition: < 0.75
[-0.5605995  -0.6093565  -4.4092464   1.8418927  -0.21099383  1.6138456
  1.1881132  -1.0362674 ]
X_ 3 postcondition: == 0.75
[-0.5605995  -0.6093565  -4.4092464   1.8418927  -0.21099383  1.6138456
  1.1881132  -1.0362674 ]
X_ 3 postcondition: != 0.75
[-0.5605995  -0.6093565  -4.4092464   1.8418927  -0.21099383  1.6138456
  1.1881132  -1.0362674 ]
X_ 3 postcondition: >= 0.9
[-0.6727194  -0.7312278  -5.2910957   2.210271   -0.25319254  1.9366145
  1.4257358  -1.2435209 ]
X_ 3 postcondition: <= 0.9
[-0.6727194  -0.7312278  -5.2910957   2.210271   -0.25319254  1.9366145
  1.4257358  -1.2435209 ]
X_ 3 postcondition: > 0.9
[-0.6727194  -0.7312278  -5.2910957   2.210271   -0.25319254  1.9366145
  1.4257358  -1.2435209 ]
X_ 3 postcondition: < 0.9
[-0.6727194  -0.7312278  -5.2910957   2.210271   -0.25319254  1.9366145
  1.4257358  -1.2435209 ]
X_ 3 postcondition: == 0.9
[-0.6727194  -0.7312278  -5.2910957   2.210271   -0.25319254  1.9366145
  1.4257358  -1.2435209 ]
X_ 3 postcondition: != 0.9
[-0.6727194  -0.7312278  -5.2910957   2.210271   -0.25319254  1.9366145
  1.4257358  -1.2435209 ]
X_ 3 postcondition: >= 0.95
[-0.7100927  -0.7718516  -5.5850453   2.3330638  -0.26725885  2.0442042
  1.5049434  -1.3126053 ]
X_ 3 postcondition: <= 0.95
[-0.7100927  -0.7718516  -5.5850453   2.3330638  -0.26725885  2.0442042
  1.5049434  -1.3126053 ]
X_ 3 postcondition: > 0.95
[-0.7100927  -0.7718516  -5.5850453   2.3330638  -0.26725885  2.0442042
  1.5049434  -1.3126053 ]
X_ 3 postcondition: < 0.95
[-0.7100927  -0.7718516  -5.5850453   2.3330638  -0.26725885  2.0442042
  1.5049434  -1.3126053 ]
X_ 3 postcondition: == 0.95
[-0.7100927  -0.7718516  -5.5850453   2.3330638  -0.26725885  2.0442042
  1.5049434  -1.3126053 ]
X_ 3 postcondition: != 0.95
[-0.7100927  -0.7718516  -5.5850453   2.3330638  -0.26725885  2.0442042
  1.5049434  -1.3126053 ]
X_ 3 postcondition: >= 0.99
[-0.7399914  -0.8043506  -5.820205    2.4312983  -0.27851185  2.1302764
  1.5683094  -1.3678731 ]
X_ 3 postcondition: <= 0.99
[-0.7399914  -0.8043506  -5.820205    2.4312983  -0.27851185  2.1302764
  1.5683094  -1.3678731 ]
X_ 3 postcondition: > 0.99
[-0.7399914  -0.8043506  -5.820205    2.4312983  -0.27851185  2.1302764
  1.5683094  -1.3678731 ]
X_ 3 postcondition: < 0.99
[-0.7399914  -0.8043506  -5.820205    2.4312983  -0.27851185  2.1302764
  1.5683094  -1.3678731 ]
X_ 3 postcondition: == 0.99
[-0.7399914  -0.8043506  -5.820205    2.4312983  -0.27851185  2.1302764
  1.5683094  -1.3678731 ]
X_ 3 postcondition: != 0.99
[-0.7399914  -0.8043506  -5.820205    2.4312983  -0.27851185  2.1302764
  1.5683094  -1.3678731 ]
X_ 4 postcondition: >= 0.75
[ 2.2562196e+00  3.3911553e+03  5.2027092e+00 -2.5872426e+00
  9.0849841e-01  3.0725720e+00  1.5109577e+00 -8.8357096e+00]
X_ 4 postcondition: <= 0.75
[ 2.2562196e+00  3.3911553e+03  5.2027092e+00 -2.5872426e+00
  9.0849841e-01  3.0725720e+00  1.5109577e+00 -8.8357096e+00]
X_ 4 postcondition: > 0.75
[ 2.2562196e+00  3.3911553e+03  5.2027092e+00 -2.5872426e+00
  9.0849841e-01  3.0725720e+00  1.5109577e+00 -8.8357096e+00]
X_ 4 postcondition: < 0.75
[ 2.2562196e+00  3.3911553e+03  5.2027092e+00 -2.5872426e+00
  9.0849841e-01  3.0725720e+00  1.5109577e+00 -8.8357096e+00]
X_ 4 postcondition: == 0.75
[ 2.2562196e+00  3.3911553e+03  5.2027092e+00 -2.5872426e+00
  9.0849841e-01  3.0725720e+00  1.5109577e+00 -8.8357096e+00]
X_ 4 postcondition: != 0.75
[ 2.2562196e+00  3.3911553e+03  5.2027092e+00 -2.5872426e+00
  9.0849841e-01  3.0725720e+00  1.5109577e+00 -8.8357096e+00]
X_ 4 postcondition: >= 0.9
[ 2.7074633e+00  4.0693860e+03  6.2432508e+00 -3.1046910e+00
  1.0901980e+00  3.6870863e+00  1.8131493e+00 -1.0602851e+01]
X_ 4 postcondition: <= 0.9
[ 2.7074633e+00  4.0693860e+03  6.2432508e+00 -3.1046910e+00
  1.0901980e+00  3.6870863e+00  1.8131493e+00 -1.0602851e+01]
X_ 4 postcondition: > 0.9
[ 2.7074633e+00  4.0693860e+03  6.2432508e+00 -3.1046910e+00
  1.0901980e+00  3.6870863e+00  1.8131493e+00 -1.0602851e+01]
X_ 4 postcondition: < 0.9
[ 2.7074633e+00  4.0693860e+03  6.2432508e+00 -3.1046910e+00
  1.0901980e+00  3.6870863e+00  1.8131493e+00 -1.0602851e+01]
X_ 4 postcondition: == 0.9
[ 2.7074633e+00  4.0693860e+03  6.2432508e+00 -3.1046910e+00
  1.0901980e+00  3.6870863e+00  1.8131493e+00 -1.0602851e+01]
X_ 4 postcondition: != 0.9
[ 2.7074633e+00  4.0693860e+03  6.2432508e+00 -3.1046910e+00
  1.0901980e+00  3.6870863e+00  1.8131493e+00 -1.0602851e+01]
X_ 4 postcondition: >= 0.95
[ 2.8578780e+00  4.2954629e+03  6.5900984e+00 -3.2771740e+00
  1.1507646e+00  3.8919246e+00  1.9138798e+00 -1.1191898e+01]
X_ 4 postcondition: <= 0.95
[ 2.8578780e+00  4.2954629e+03  6.5900984e+00 -3.2771740e+00
  1.1507646e+00  3.8919246e+00  1.9138798e+00 -1.1191898e+01]
X_ 4 postcondition: > 0.95
[ 2.8578780e+00  4.2954629e+03  6.5900984e+00 -3.2771740e+00
  1.1507646e+00  3.8919246e+00  1.9138798e+00 -1.1191898e+01]
X_ 4 postcondition: < 0.95
[ 2.8578780e+00  4.2954629e+03  6.5900984e+00 -3.2771740e+00
  1.1507646e+00  3.8919246e+00  1.9138798e+00 -1.1191898e+01]
X_ 4 postcondition: == 0.95
[ 2.8578780e+00  4.2954629e+03  6.5900984e+00 -3.2771740e+00
  1.1507646e+00  3.8919246e+00  1.9138798e+00 -1.1191898e+01]
X_ 4 postcondition: != 0.95
[ 2.8578780e+00  4.2954629e+03  6.5900984e+00 -3.2771740e+00
  1.1507646e+00  3.8919246e+00  1.9138798e+00 -1.1191898e+01]
X_ 4 postcondition: >= 0.99
[ 2.97820997e+00  4.47632471e+03  6.86757612e+00 -3.41516018e+00
  1.19921792e+00  4.05579519e+00  1.99446428e+00 -1.16631365e+01]
X_ 4 postcondition: <= 0.99
[ 2.97820997e+00  4.47632471e+03  6.86757612e+00 -3.41516018e+00
  1.19921792e+00  4.05579519e+00  1.99446428e+00 -1.16631365e+01]
X_ 4 postcondition: > 0.99
[ 2.97820997e+00  4.47632471e+03  6.86757612e+00 -3.41516018e+00
  1.19921792e+00  4.05579519e+00  1.99446428e+00 -1.16631365e+01]
X_ 4 postcondition: < 0.99
[ 2.97820997e+00  4.47632471e+03  6.86757612e+00 -3.41516018e+00
  1.19921792e+00  4.05579519e+00  1.99446428e+00 -1.16631365e+01]
X_ 4 postcondition: == 0.99
[ 2.97820997e+00  4.47632471e+03  6.86757612e+00 -3.41516018e+00
  1.19921792e+00  4.05579519e+00  1.99446428e+00 -1.16631365e+01]
X_ 4 postcondition: != 0.99
[ 2.97820997e+00  4.47632471e+03  6.86757612e+00 -3.41516018e+00
  1.19921792e+00  4.05579519e+00  1.99446428e+00 -1.16631365e+01]
Weakest precondition: [ 0.2795288   0.3230763  -0.34947416 -0.6688763  -0.65411854 -0.42528054
  0.5849705  -0.36445144]
Features:  ['Pregnancies' 'Glucose' 'BloodPressure' 'SkinThickness' 'Insulin' 'BMI'
 'DiabetesPedigreeFunction' 'Age']
Features length:  8
Weakest precondition size  8

Checking precondition violation:   0%|          | 0/8 [00:00<?, ?it/s]
Checking precondition violation: 100%|██████████| 8/8 [00:00<00:00, 2325.81it/s]
