Number of layers in the model: 2
Layer: dense
Layer: dense_1
Number of selected layers in the model: 2
#weights: 2 | #biases: 2 | #N: 2 | #Gamma: 2
W_ 1 : [[-1.10239394e-01  5.20447493e-02  8.97779018e-02 ...  7.75437281e-02
  -2.34574173e-02 -5.12460433e-02]
 [ 6.02917075e-01  9.43717211e-02 -1.00034446e-01 ... -2.31442288e-01
  -2.68528312e-01 -3.71128052e-01]
 [-6.27711713e-02  2.11187406e-03  5.04091904e-02 ... -5.34801371e-03
   9.24670473e-02 -1.25548262e-02]
 ...
 [-3.25929195e-01  3.29058230e-01 -8.98933649e-01 ...  1.23200834e-01
   5.57066202e-01  4.30364870e-02]
 [ 1.31592679e+00 -5.30149162e-01  5.18211722e-01 ...  2.02286839e-01
  -5.95366955e-02  9.38978255e-01]
 [ 2.07362103e+00  1.51464343e+00 -2.52059603e+00 ... -8.28476548e-02
   1.37926435e+00 -7.15557262e-02]]
W_ 2 : [[-7.58202896e-02]
 [-6.03971013e-04]
 [ 1.29564628e-01]
 [-5.41304164e-02]
 [ 6.96921125e-02]
 [ 1.85190756e-02]
 [-4.13282849e-02]
 [ 2.11709092e-04]
 [ 1.83907896e-02]
 [-2.46330779e-02]
 [ 5.10207564e-02]
 [-1.21432088e-01]
 [-1.29531382e-03]
 [-1.07945977e-02]
 [ 1.63286239e-01]
 [-3.61247867e-01]
 [-3.83652234e-03]
 [-9.77303571e-05]
 [-5.55950974e-04]
 [-8.62200977e-04]
 [ 1.07878454e-01]
 [-2.49367971e-02]
 [ 1.28732175e-01]
 [-7.30764195e-02]
 [ 1.37730399e-02]
 [ 1.06112920e-01]
 [ 1.74925886e-02]
 [-6.24329448e-01]
 [ 1.20344706e-01]
 [-2.41567604e-02]
 [-7.07814051e-03]
 [ 1.42135218e-01]
 [ 1.13949515e-02]
 [-4.94944397e-04]
 [ 1.37784379e-02]
 [-4.18770220e-03]
 [-9.05621424e-03]
 [ 2.78239924e-04]
 [-1.67751312e-02]
 [ 1.37480289e-01]
 [ 6.16035098e-03]
 [-1.77852977e-02]
 [ 1.01103693e-01]
 [-2.38624774e-03]
 [ 2.58561727e-02]
 [ 3.94869260e-02]
 [ 1.00407816e-01]
 [-5.08450046e-02]
 [-1.27528578e-01]
 [ 1.52764186e-01]
 [ 3.61035205e-02]
 [-3.41219653e-04]
 [-2.41752174e-02]
 [ 2.97691263e-02]
 [-1.06017672e-01]
 [ 1.71722919e-02]
 [-7.07318559e-02]
 [-2.03536195e-03]
 [-1.06116541e-01]
 [-5.60546592e-02]
 [ 7.84458742e-02]
 [-1.25304148e-01]
 [-1.60183564e-01]
 [ 5.92886992e-02]
 [-9.60217416e-02]
 [ 3.83625850e-02]
 [ 8.86281729e-02]
 [-1.11863375e-01]
 [ 2.46744981e-04]
 [ 2.57356278e-05]
 [ 3.60238105e-02]
 [-2.52676825e-03]
 [ 5.99585734e-02]
 [-5.59936184e-03]
 [ 8.06304738e-02]
 [ 5.27243018e-02]
 [-5.57111390e-02]
 [ 5.67649957e-03]
 [ 1.53382555e-01]
 [ 4.12084460e-02]
 [-1.52613118e-03]
 [-2.06311867e-01]
 [-5.52579388e-02]
 [ 7.17237219e-02]
 [-7.64955878e-02]
 [-1.81597590e-01]
 [-5.48392013e-02]
 [ 2.44860281e-03]
 [ 3.52714618e-04]
 [ 1.38581246e-01]
 [-5.34191786e-05]
 [ 4.79588704e-03]
 [-1.78784579e-01]
 [-1.17915298e-03]
 [-1.17730953e-01]
 [ 1.01829797e-01]
 [-8.54438636e-04]
 [-1.38519288e-04]
 [-4.67506871e-02]
 [-3.82086285e-03]]
B_ 1 : [ 0.16379741  0.12699912 -0.17444584  0.04193063 -0.36167055 -0.18597725
  1.0764916  -0.35509998 -0.200779    0.00144697 -0.0320377   0.5582658
 -0.13278417 -0.26932928 -0.3489829  -0.18818352 -0.11774044 -0.04101215
  0.13694051  0.18896125 -0.17561689  0.17852132 -0.3522867   0.25927874
  0.14359307 -0.26521462 -0.389775   -0.18424012 -0.3010515   0.10217392
  0.07152738 -0.31031877 -0.31931677 -0.02934712 -0.3359217  -0.13741481
  0.1656096  -0.2070472  -0.04241076  0.16743253  0.28106377  0.02522435
 -0.24804218 -0.08925096 -0.55651945 -0.11903612 -0.6439936   0.78943306
  0.41991848 -0.01944254 -0.43043506  0.12085667  0.13056351 -0.7212203
  0.22498742 -0.5610573   0.24987686 -0.0094469  -0.4000108   0.21176259
 -0.41853577  0.3320172   0.1956164  -0.215494    0.1655331  -0.23398022
 -0.44900653  0.23272403 -0.22679467  0.01576266 -0.66130346 -0.25121257
 -0.29033703 -0.8506079  -0.4417893  -0.6334747   0.50915927 -0.3528286
 -0.32992756 -0.01131528 -0.07588641  0.32330275  0.19606009 -0.29623732
  0.19976398  0.24966578  0.31550366 -0.36500302  0.11651769 -0.04629214
 -0.20432715 -0.35704944  0.3991067   0.01535196  0.6023738  -0.8500287
  0.10893208 -0.07454815  0.21753606  0.0458443 ]
B_ 2 : [-0.3318102]
Activation function of layer_a 1 : relu
Activation function of layer_a 2 : sigmoid
Gamma_ 1 : [[ 0.04491194  0.02038128  0.06614942 ... -0.00079115  0.12656593
   0.02841134]
 [ 0.0896017   0.00765133 -0.06307761 ...  0.01775232  0.00462651
   0.00852306]
 [-0.0713209  -0.05863784  0.22890563 ... -0.00160089 -0.0565356
  -0.01800219]
 ...
 [ 0.09728951 -0.02847181  0.01163047 ...  0.00888402 -0.03408472
   0.00897795]
 [ 0.04522282 -0.0121814   0.09715226 ...  0.01579211  0.05535898
   0.0124481 ]
 [ 0.03018651 -0.00041181 -0.15846221 ...  0.03863338  0.04116771
  -0.0128237 ]]
Gamma_ 2 : [[ 3.5000e+01  0.0000e+00 -3.2000e+01  3.2000e+01 -8.0000e+01  3.2000e+01
  -3.2000e+02 -6.1440e+03 -1.2800e+02 -4.4800e+02 -1.6000e+01  0.0000e+00
   7.6800e+02 -6.4000e+01  1.2000e+01 -4.0000e+00  5.1200e+02 -1.6384e+04
   5.1200e+03  7.1680e+03 -8.0000e+00  9.6000e+01  4.0000e+00 -3.2000e+01
  -1.9200e+02  8.0000e+00  1.2800e+02 -1.2000e+01  1.9500e+01 -9.6000e+01
  -6.4000e+02  6.0000e+00  1.2800e+02 -1.4336e+04  1.2800e+02 -1.0240e+03
  -1.1200e+02  6.1440e+03  2.5600e+02  8.0000e+00  3.2000e+02  0.0000e+00
  -2.6000e+01 -1.5360e+03 -1.6000e+02  5.6000e+01  4.8000e+01  6.4000e+01
   0.0000e+00 -1.0000e+00  6.4000e+01  1.2288e+04 -6.4000e+01  1.7600e+02
  -8.0000e+01  1.6000e+02  4.0000e+01 -3.0720e+03  8.0000e+00 -2.8000e+01
  -1.6000e+01 -4.0000e+00  8.0000e+00  8.0000e+00 -1.6000e+01 -4.0000e+01
   3.2000e+01 -3.8000e+01 -1.2288e+04  6.5536e+04 -9.6000e+01  2.0480e+03
  -1.6000e+01  5.1200e+02 -3.6000e+01 -4.8000e+01 -6.4000e+01  0.0000e+00
  -1.6000e+01  6.4000e+01  1.5360e+03 -4.0000e+00 -4.8000e+01  4.8000e+01
  -2.0000e+01  4.0000e+00  1.2000e+01  1.2800e+02  4.0960e+03  1.6000e+01
   0.0000e+00  6.4000e+01  2.6000e+01 -1.5360e+03  4.0000e+00 -3.2000e+01
  -4.0960e+03 -8.1920e+03 -4.8000e+01 -5.1200e+02]]
X_ 1 postcondition: >= 0.75
[-0.1527842  -0.04753475  0.16506857  0.0212205   0.09297339 -0.11987045
 -0.04508212 -0.10690444  0.02758128 -0.02931507 -0.03982051 -0.03074649
 -0.06247769 -0.03424019 -0.06726847 -0.09827039 -0.11059374  0.0430194
 -0.12512073 -0.00619234 -0.00118587 -0.13664545 -0.08420099 -0.02312993
 -0.04863236  0.01192962 -0.04863996 -0.02536284]
X_ 1 postcondition: <= 0.75
[-0.1527842  -0.04753475  0.16506857  0.0212205   0.09297339 -0.11987045
 -0.04508212 -0.10690444  0.02758128 -0.02931507 -0.03982051 -0.03074649
 -0.06247769 -0.03424019 -0.06726847 -0.09827039 -0.11059374  0.0430194
 -0.12512073 -0.00619234 -0.00118587 -0.13664545 -0.08420099 -0.02312993
 -0.04863236  0.01192962 -0.04863996 -0.02536284]
X_ 1 postcondition: > 0.75
[-0.1527842  -0.04753475  0.16506857  0.0212205   0.09297339 -0.11987045
 -0.04508212 -0.10690444  0.02758128 -0.02931507 -0.03982051 -0.03074649
 -0.06247769 -0.03424019 -0.06726847 -0.09827039 -0.11059374  0.0430194
 -0.12512073 -0.00619234 -0.00118587 -0.13664545 -0.08420099 -0.02312993
 -0.04863236  0.01192962 -0.04863996 -0.02536284]
X_ 1 postcondition: < 0.75
[-0.1527842  -0.04753475  0.16506857  0.0212205   0.09297339 -0.11987045
 -0.04508212 -0.10690444  0.02758128 -0.02931507 -0.03982051 -0.03074649
 -0.06247769 -0.03424019 -0.06726847 -0.09827039 -0.11059374  0.0430194
 -0.12512073 -0.00619234 -0.00118587 -0.13664545 -0.08420099 -0.02312993
 -0.04863236  0.01192962 -0.04863996 -0.02536284]
X_ 1 postcondition: == 0.75
[-0.1527842  -0.04753475  0.16506857  0.0212205   0.09297339 -0.11987045
 -0.04508212 -0.10690444  0.02758128 -0.02931507 -0.03982051 -0.03074649
 -0.06247769 -0.03424019 -0.06726847 -0.09827039 -0.11059374  0.0430194
 -0.12512073 -0.00619234 -0.00118587 -0.13664545 -0.08420099 -0.02312993
 -0.04863236  0.01192962 -0.04863996 -0.02536284]
X_ 1 postcondition: != 0.75
[-0.1527842  -0.04753475  0.16506857  0.0212205   0.09297339 -0.11987045
 -0.04508212 -0.10690444  0.02758128 -0.02931507 -0.03982051 -0.03074649
 -0.06247769 -0.03424019 -0.06726847 -0.09827039 -0.11059374  0.0430194
 -0.12512073 -0.00619234 -0.00118587 -0.13664545 -0.08420099 -0.02312993
 -0.04863236  0.01192962 -0.04863996 -0.02536284]
X_ 1 postcondition: >= 0.9
[-0.183341   -0.05704172  0.19808227  0.02546457  0.11156806 -0.14384454
 -0.0540985  -0.12828532  0.03309752 -0.0351781  -0.04778462 -0.0368958
 -0.07497323 -0.04108822 -0.08072217 -0.11792448 -0.13271245  0.05162328
 -0.15014485 -0.0074308  -0.001423   -0.16397455 -0.10104118 -0.02775592
 -0.05835884  0.01431555 -0.05836796 -0.03043541]
X_ 1 postcondition: <= 0.9
[-0.183341   -0.05704172  0.19808227  0.02546457  0.11156806 -0.14384454
 -0.0540985  -0.12828532  0.03309752 -0.0351781  -0.04778462 -0.0368958
 -0.07497323 -0.04108822 -0.08072217 -0.11792448 -0.13271245  0.05162328
 -0.15014485 -0.0074308  -0.001423   -0.16397455 -0.10104118 -0.02775592
 -0.05835884  0.01431555 -0.05836796 -0.03043541]
X_ 1 postcondition: > 0.9
[-0.183341   -0.05704172  0.19808227  0.02546457  0.11156806 -0.14384454
 -0.0540985  -0.12828532  0.03309752 -0.0351781  -0.04778462 -0.0368958
 -0.07497323 -0.04108822 -0.08072217 -0.11792448 -0.13271245  0.05162328
 -0.15014485 -0.0074308  -0.001423   -0.16397455 -0.10104118 -0.02775592
 -0.05835884  0.01431555 -0.05836796 -0.03043541]
X_ 1 postcondition: < 0.9
[-0.183341   -0.05704172  0.19808227  0.02546457  0.11156806 -0.14384454
 -0.0540985  -0.12828532  0.03309752 -0.0351781  -0.04778462 -0.0368958
 -0.07497323 -0.04108822 -0.08072217 -0.11792448 -0.13271245  0.05162328
 -0.15014485 -0.0074308  -0.001423   -0.16397455 -0.10104118 -0.02775592
 -0.05835884  0.01431555 -0.05836796 -0.03043541]
X_ 1 postcondition: == 0.9
[-0.183341   -0.05704172  0.19808227  0.02546457  0.11156806 -0.14384454
 -0.0540985  -0.12828532  0.03309752 -0.0351781  -0.04778462 -0.0368958
 -0.07497323 -0.04108822 -0.08072217 -0.11792448 -0.13271245  0.05162328
 -0.15014485 -0.0074308  -0.001423   -0.16397455 -0.10104118 -0.02775592
 -0.05835884  0.01431555 -0.05836796 -0.03043541]
X_ 1 postcondition: != 0.9
[-0.183341   -0.05704172  0.19808227  0.02546457  0.11156806 -0.14384454
 -0.0540985  -0.12828532  0.03309752 -0.0351781  -0.04778462 -0.0368958
 -0.07497323 -0.04108822 -0.08072217 -0.11792448 -0.13271245  0.05162328
 -0.15014485 -0.0074308  -0.001423   -0.16397455 -0.10104118 -0.02775592
 -0.05835884  0.01431555 -0.05836796 -0.03043541]
X_ 1 postcondition: >= 0.95
[-0.19352661 -0.0602107   0.20908685  0.02687929  0.11776633 -0.1518359
 -0.05710402 -0.13541228  0.03493628 -0.03713243 -0.05043932 -0.03894556
 -0.07913841 -0.04337091 -0.08520672 -0.12447587 -0.14008538  0.05449125
 -0.15848625 -0.00784362 -0.00150205 -0.17308423 -0.10665459 -0.0292979
 -0.06160096  0.01511085 -0.06161062 -0.03212629]
X_ 1 postcondition: <= 0.95
[-0.19352661 -0.0602107   0.20908685  0.02687929  0.11776633 -0.1518359
 -0.05710402 -0.13541228  0.03493628 -0.03713243 -0.05043932 -0.03894556
 -0.07913841 -0.04337091 -0.08520672 -0.12447587 -0.14008538  0.05449125
 -0.15848625 -0.00784362 -0.00150205 -0.17308423 -0.10665459 -0.0292979
 -0.06160096  0.01511085 -0.06161062 -0.03212629]
X_ 1 postcondition: > 0.95
[-0.19352661 -0.0602107   0.20908685  0.02687929  0.11776633 -0.1518359
 -0.05710402 -0.13541228  0.03493628 -0.03713243 -0.05043932 -0.03894556
 -0.07913841 -0.04337091 -0.08520672 -0.12447587 -0.14008538  0.05449125
 -0.15848625 -0.00784362 -0.00150205 -0.17308423 -0.10665459 -0.0292979
 -0.06160096  0.01511085 -0.06161062 -0.03212629]
X_ 1 postcondition: < 0.95
[-0.19352661 -0.0602107   0.20908685  0.02687929  0.11776633 -0.1518359
 -0.05710402 -0.13541228  0.03493628 -0.03713243 -0.05043932 -0.03894556
 -0.07913841 -0.04337091 -0.08520672 -0.12447587 -0.14008538  0.05449125
 -0.15848625 -0.00784362 -0.00150205 -0.17308423 -0.10665459 -0.0292979
 -0.06160096  0.01511085 -0.06161062 -0.03212629]
X_ 1 postcondition: == 0.95
[-0.19352661 -0.0602107   0.20908685  0.02687929  0.11776633 -0.1518359
 -0.05710402 -0.13541228  0.03493628 -0.03713243 -0.05043932 -0.03894556
 -0.07913841 -0.04337091 -0.08520672 -0.12447587 -0.14008538  0.05449125
 -0.15848625 -0.00784362 -0.00150205 -0.17308423 -0.10665459 -0.0292979
 -0.06160096  0.01511085 -0.06161062 -0.03212629]
X_ 1 postcondition: != 0.95
[-0.19352661 -0.0602107   0.20908685  0.02687929  0.11776633 -0.1518359
 -0.05710402 -0.13541228  0.03493628 -0.03713243 -0.05043932 -0.03894556
 -0.07913841 -0.04337091 -0.08520672 -0.12447587 -0.14008538  0.05449125
 -0.15848625 -0.00784362 -0.00150205 -0.17308423 -0.10665459 -0.0292979
 -0.06160096  0.01511085 -0.06161062 -0.03212629]
X_ 1 postcondition: >= 0.99
[-0.20167515 -0.06274591  0.21789049  0.02801109  0.12272492 -0.15822904
 -0.05950838 -0.14111385  0.0364073  -0.0386959  -0.05256308 -0.04058538
 -0.08247055 -0.04519706 -0.08879437 -0.12971696 -0.14598374  0.05678564
 -0.16515933 -0.00817389 -0.00156531 -0.18037197 -0.11114532 -0.03053151
 -0.06419469  0.0157471  -0.06420479 -0.03347895]
X_ 1 postcondition: <= 0.99
[-0.20167515 -0.06274591  0.21789049  0.02801109  0.12272492 -0.15822904
 -0.05950838 -0.14111385  0.0364073  -0.0386959  -0.05256308 -0.04058538
 -0.08247055 -0.04519706 -0.08879437 -0.12971696 -0.14598374  0.05678564
 -0.16515933 -0.00817389 -0.00156531 -0.18037197 -0.11114532 -0.03053151
 -0.06419469  0.0157471  -0.06420479 -0.03347895]
X_ 1 postcondition: > 0.99
[-0.20167515 -0.06274591  0.21789049  0.02801109  0.12272492 -0.15822904
 -0.05950838 -0.14111385  0.0364073  -0.0386959  -0.05256308 -0.04058538
 -0.08247055 -0.04519706 -0.08879437 -0.12971696 -0.14598374  0.05678564
 -0.16515933 -0.00817389 -0.00156531 -0.18037197 -0.11114532 -0.03053151
 -0.06419469  0.0157471  -0.06420479 -0.03347895]
X_ 1 postcondition: < 0.99
[-0.20167515 -0.06274591  0.21789049  0.02801109  0.12272492 -0.15822904
 -0.05950838 -0.14111385  0.0364073  -0.0386959  -0.05256308 -0.04058538
 -0.08247055 -0.04519706 -0.08879437 -0.12971696 -0.14598374  0.05678564
 -0.16515933 -0.00817389 -0.00156531 -0.18037197 -0.11114532 -0.03053151
 -0.06419469  0.0157471  -0.06420479 -0.03347895]
X_ 1 postcondition: == 0.99
[-0.20167515 -0.06274591  0.21789049  0.02801109  0.12272492 -0.15822904
 -0.05950838 -0.14111385  0.0364073  -0.0386959  -0.05256308 -0.04058538
 -0.08247055 -0.04519706 -0.08879437 -0.12971696 -0.14598374  0.05678564
 -0.16515933 -0.00817389 -0.00156531 -0.18037197 -0.11114532 -0.03053151
 -0.06419469  0.0157471  -0.06420479 -0.03347895]
X_ 1 postcondition: != 0.99
[-0.20167515 -0.06274591  0.21789049  0.02801109  0.12272492 -0.15822904
 -0.05950838 -0.14111385  0.0364073  -0.0386959  -0.05256308 -0.04058538
 -0.08247055 -0.04519706 -0.08879437 -0.12971696 -0.14598374  0.05678564
 -0.16515933 -0.00817389 -0.00156531 -0.18037197 -0.11114532 -0.03053151
 -0.06419469  0.0157471  -0.06420479 -0.03347895]
X_ 2 postcondition: >= 0.75
[ 8.71001816e+00  0.00000000e+00 -7.96344471e+00  7.96344471e+00
 -1.99086132e+01  7.96344471e+00 -7.96344528e+01 -1.52898145e+03
 -3.18537788e+01 -1.11488228e+02 -3.98172235e+00  0.00000000e+00
  1.91122681e+02 -1.59268894e+01  2.98629189e+00 -9.95430589e-01
  1.27415115e+02 -4.07728369e+03  1.27415125e+03  1.78381165e+03
 -1.99086118e+00  2.38903351e+01  9.95430589e-01 -7.96344471e+00
 -4.77806702e+01  1.99086118e+00  3.18537788e+01 -2.98629189e+00
  4.85272408e+00 -2.38903351e+01 -1.59268906e+02  1.49314594e+00
  3.18537788e+01 -3.56762329e+03  3.18537788e+01 -2.54830231e+02
 -2.78720570e+01  1.52898145e+03  6.37075577e+01  1.99086118e+00
  7.96344528e+01  0.00000000e+00 -6.47029924e+00 -3.82245361e+02
 -3.98172264e+01  1.39360285e+01  1.19451675e+01  1.59268894e+01
  0.00000000e+00 -2.48857647e-01  1.59268894e+01  3.05796289e+03
 -1.59268894e+01  4.37989464e+01 -1.99086132e+01  3.98172264e+01
  9.95430660e+00 -7.64490723e+02  1.99086118e+00 -6.96801424e+00
 -3.98172235e+00 -9.95430589e-01  1.99086118e+00  1.99086118e+00
 -3.98172235e+00 -9.95430660e+00  7.96344471e+00 -9.45659065e+00
 -3.05796289e+03  1.63091348e+04 -2.38903351e+01  5.09660461e+02
 -3.98172235e+00  1.27415115e+02 -8.95887566e+00 -1.19451675e+01
 -1.59268894e+01  0.00000000e+00 -3.98172235e+00  1.59268894e+01
  3.82245361e+02 -9.95430589e-01 -1.19451675e+01  1.19451675e+01
 -4.97715330e+00  9.95430589e-01  2.98629189e+00  3.18537788e+01
  1.01932092e+03  3.98172235e+00  0.00000000e+00  1.59268894e+01
  6.47029924e+00 -3.82245361e+02  9.95430589e-01 -7.96344471e+00
 -1.01932092e+03 -2.03864185e+03 -1.19451675e+01 -1.27415115e+02]
X_ 2 postcondition: <= 0.75
[ 8.71001816e+00  0.00000000e+00 -7.96344471e+00  7.96344471e+00
 -1.99086132e+01  7.96344471e+00 -7.96344528e+01 -1.52898145e+03
 -3.18537788e+01 -1.11488228e+02 -3.98172235e+00  0.00000000e+00
  1.91122681e+02 -1.59268894e+01  2.98629189e+00 -9.95430589e-01
  1.27415115e+02 -4.07728369e+03  1.27415125e+03  1.78381165e+03
 -1.99086118e+00  2.38903351e+01  9.95430589e-01 -7.96344471e+00
 -4.77806702e+01  1.99086118e+00  3.18537788e+01 -2.98629189e+00
  4.85272408e+00 -2.38903351e+01 -1.59268906e+02  1.49314594e+00
  3.18537788e+01 -3.56762329e+03  3.18537788e+01 -2.54830231e+02
 -2.78720570e+01  1.52898145e+03  6.37075577e+01  1.99086118e+00
  7.96344528e+01  0.00000000e+00 -6.47029924e+00 -3.82245361e+02
 -3.98172264e+01  1.39360285e+01  1.19451675e+01  1.59268894e+01
  0.00000000e+00 -2.48857647e-01  1.59268894e+01  3.05796289e+03
 -1.59268894e+01  4.37989464e+01 -1.99086132e+01  3.98172264e+01
  9.95430660e+00 -7.64490723e+02  1.99086118e+00 -6.96801424e+00
 -3.98172235e+00 -9.95430589e-01  1.99086118e+00  1.99086118e+00
 -3.98172235e+00 -9.95430660e+00  7.96344471e+00 -9.45659065e+00
 -3.05796289e+03  1.63091348e+04 -2.38903351e+01  5.09660461e+02
 -3.98172235e+00  1.27415115e+02 -8.95887566e+00 -1.19451675e+01
 -1.59268894e+01  0.00000000e+00 -3.98172235e+00  1.59268894e+01
  3.82245361e+02 -9.95430589e-01 -1.19451675e+01  1.19451675e+01
 -4.97715330e+00  9.95430589e-01  2.98629189e+00  3.18537788e+01
  1.01932092e+03  3.98172235e+00  0.00000000e+00  1.59268894e+01
  6.47029924e+00 -3.82245361e+02  9.95430589e-01 -7.96344471e+00
 -1.01932092e+03 -2.03864185e+03 -1.19451675e+01 -1.27415115e+02]
X_ 2 postcondition: > 0.75
[ 8.71001816e+00  0.00000000e+00 -7.96344471e+00  7.96344471e+00
 -1.99086132e+01  7.96344471e+00 -7.96344528e+01 -1.52898145e+03
 -3.18537788e+01 -1.11488228e+02 -3.98172235e+00  0.00000000e+00
  1.91122681e+02 -1.59268894e+01  2.98629189e+00 -9.95430589e-01
  1.27415115e+02 -4.07728369e+03  1.27415125e+03  1.78381165e+03
 -1.99086118e+00  2.38903351e+01  9.95430589e-01 -7.96344471e+00
 -4.77806702e+01  1.99086118e+00  3.18537788e+01 -2.98629189e+00
  4.85272408e+00 -2.38903351e+01 -1.59268906e+02  1.49314594e+00
  3.18537788e+01 -3.56762329e+03  3.18537788e+01 -2.54830231e+02
 -2.78720570e+01  1.52898145e+03  6.37075577e+01  1.99086118e+00
  7.96344528e+01  0.00000000e+00 -6.47029924e+00 -3.82245361e+02
 -3.98172264e+01  1.39360285e+01  1.19451675e+01  1.59268894e+01
  0.00000000e+00 -2.48857647e-01  1.59268894e+01  3.05796289e+03
 -1.59268894e+01  4.37989464e+01 -1.99086132e+01  3.98172264e+01
  9.95430660e+00 -7.64490723e+02  1.99086118e+00 -6.96801424e+00
 -3.98172235e+00 -9.95430589e-01  1.99086118e+00  1.99086118e+00
 -3.98172235e+00 -9.95430660e+00  7.96344471e+00 -9.45659065e+00
 -3.05796289e+03  1.63091348e+04 -2.38903351e+01  5.09660461e+02
 -3.98172235e+00  1.27415115e+02 -8.95887566e+00 -1.19451675e+01
 -1.59268894e+01  0.00000000e+00 -3.98172235e+00  1.59268894e+01
  3.82245361e+02 -9.95430589e-01 -1.19451675e+01  1.19451675e+01
 -4.97715330e+00  9.95430589e-01  2.98629189e+00  3.18537788e+01
  1.01932092e+03  3.98172235e+00  0.00000000e+00  1.59268894e+01
  6.47029924e+00 -3.82245361e+02  9.95430589e-01 -7.96344471e+00
 -1.01932092e+03 -2.03864185e+03 -1.19451675e+01 -1.27415115e+02]
X_ 2 postcondition: < 0.75
[ 8.71001816e+00  0.00000000e+00 -7.96344471e+00  7.96344471e+00
 -1.99086132e+01  7.96344471e+00 -7.96344528e+01 -1.52898145e+03
 -3.18537788e+01 -1.11488228e+02 -3.98172235e+00  0.00000000e+00
  1.91122681e+02 -1.59268894e+01  2.98629189e+00 -9.95430589e-01
  1.27415115e+02 -4.07728369e+03  1.27415125e+03  1.78381165e+03
 -1.99086118e+00  2.38903351e+01  9.95430589e-01 -7.96344471e+00
 -4.77806702e+01  1.99086118e+00  3.18537788e+01 -2.98629189e+00
  4.85272408e+00 -2.38903351e+01 -1.59268906e+02  1.49314594e+00
  3.18537788e+01 -3.56762329e+03  3.18537788e+01 -2.54830231e+02
 -2.78720570e+01  1.52898145e+03  6.37075577e+01  1.99086118e+00
  7.96344528e+01  0.00000000e+00 -6.47029924e+00 -3.82245361e+02
 -3.98172264e+01  1.39360285e+01  1.19451675e+01  1.59268894e+01
  0.00000000e+00 -2.48857647e-01  1.59268894e+01  3.05796289e+03
 -1.59268894e+01  4.37989464e+01 -1.99086132e+01  3.98172264e+01
  9.95430660e+00 -7.64490723e+02  1.99086118e+00 -6.96801424e+00
 -3.98172235e+00 -9.95430589e-01  1.99086118e+00  1.99086118e+00
 -3.98172235e+00 -9.95430660e+00  7.96344471e+00 -9.45659065e+00
 -3.05796289e+03  1.63091348e+04 -2.38903351e+01  5.09660461e+02
 -3.98172235e+00  1.27415115e+02 -8.95887566e+00 -1.19451675e+01
 -1.59268894e+01  0.00000000e+00 -3.98172235e+00  1.59268894e+01
  3.82245361e+02 -9.95430589e-01 -1.19451675e+01  1.19451675e+01
 -4.97715330e+00  9.95430589e-01  2.98629189e+00  3.18537788e+01
  1.01932092e+03  3.98172235e+00  0.00000000e+00  1.59268894e+01
  6.47029924e+00 -3.82245361e+02  9.95430589e-01 -7.96344471e+00
 -1.01932092e+03 -2.03864185e+03 -1.19451675e+01 -1.27415115e+02]
X_ 2 postcondition: == 0.75
[ 8.71001816e+00  0.00000000e+00 -7.96344471e+00  7.96344471e+00
 -1.99086132e+01  7.96344471e+00 -7.96344528e+01 -1.52898145e+03
 -3.18537788e+01 -1.11488228e+02 -3.98172235e+00  0.00000000e+00
  1.91122681e+02 -1.59268894e+01  2.98629189e+00 -9.95430589e-01
  1.27415115e+02 -4.07728369e+03  1.27415125e+03  1.78381165e+03
 -1.99086118e+00  2.38903351e+01  9.95430589e-01 -7.96344471e+00
 -4.77806702e+01  1.99086118e+00  3.18537788e+01 -2.98629189e+00
  4.85272408e+00 -2.38903351e+01 -1.59268906e+02  1.49314594e+00
  3.18537788e+01 -3.56762329e+03  3.18537788e+01 -2.54830231e+02
 -2.78720570e+01  1.52898145e+03  6.37075577e+01  1.99086118e+00
  7.96344528e+01  0.00000000e+00 -6.47029924e+00 -3.82245361e+02
 -3.98172264e+01  1.39360285e+01  1.19451675e+01  1.59268894e+01
  0.00000000e+00 -2.48857647e-01  1.59268894e+01  3.05796289e+03
 -1.59268894e+01  4.37989464e+01 -1.99086132e+01  3.98172264e+01
  9.95430660e+00 -7.64490723e+02  1.99086118e+00 -6.96801424e+00
 -3.98172235e+00 -9.95430589e-01  1.99086118e+00  1.99086118e+00
 -3.98172235e+00 -9.95430660e+00  7.96344471e+00 -9.45659065e+00
 -3.05796289e+03  1.63091348e+04 -2.38903351e+01  5.09660461e+02
 -3.98172235e+00  1.27415115e+02 -8.95887566e+00 -1.19451675e+01
 -1.59268894e+01  0.00000000e+00 -3.98172235e+00  1.59268894e+01
  3.82245361e+02 -9.95430589e-01 -1.19451675e+01  1.19451675e+01
 -4.97715330e+00  9.95430589e-01  2.98629189e+00  3.18537788e+01
  1.01932092e+03  3.98172235e+00  0.00000000e+00  1.59268894e+01
  6.47029924e+00 -3.82245361e+02  9.95430589e-01 -7.96344471e+00
 -1.01932092e+03 -2.03864185e+03 -1.19451675e+01 -1.27415115e+02]
X_ 2 postcondition: != 0.75
[ 8.71001816e+00  0.00000000e+00 -7.96344471e+00  7.96344471e+00
 -1.99086132e+01  7.96344471e+00 -7.96344528e+01 -1.52898145e+03
 -3.18537788e+01 -1.11488228e+02 -3.98172235e+00  0.00000000e+00
  1.91122681e+02 -1.59268894e+01  2.98629189e+00 -9.95430589e-01
  1.27415115e+02 -4.07728369e+03  1.27415125e+03  1.78381165e+03
 -1.99086118e+00  2.38903351e+01  9.95430589e-01 -7.96344471e+00
 -4.77806702e+01  1.99086118e+00  3.18537788e+01 -2.98629189e+00
  4.85272408e+00 -2.38903351e+01 -1.59268906e+02  1.49314594e+00
  3.18537788e+01 -3.56762329e+03  3.18537788e+01 -2.54830231e+02
 -2.78720570e+01  1.52898145e+03  6.37075577e+01  1.99086118e+00
  7.96344528e+01  0.00000000e+00 -6.47029924e+00 -3.82245361e+02
 -3.98172264e+01  1.39360285e+01  1.19451675e+01  1.59268894e+01
  0.00000000e+00 -2.48857647e-01  1.59268894e+01  3.05796289e+03
 -1.59268894e+01  4.37989464e+01 -1.99086132e+01  3.98172264e+01
  9.95430660e+00 -7.64490723e+02  1.99086118e+00 -6.96801424e+00
 -3.98172235e+00 -9.95430589e-01  1.99086118e+00  1.99086118e+00
 -3.98172235e+00 -9.95430660e+00  7.96344471e+00 -9.45659065e+00
 -3.05796289e+03  1.63091348e+04 -2.38903351e+01  5.09660461e+02
 -3.98172235e+00  1.27415115e+02 -8.95887566e+00 -1.19451675e+01
 -1.59268894e+01  0.00000000e+00 -3.98172235e+00  1.59268894e+01
  3.82245361e+02 -9.95430589e-01 -1.19451675e+01  1.19451675e+01
 -4.97715330e+00  9.95430589e-01  2.98629189e+00  3.18537788e+01
  1.01932092e+03  3.98172235e+00  0.00000000e+00  1.59268894e+01
  6.47029924e+00 -3.82245361e+02  9.95430589e-01 -7.96344471e+00
 -1.01932092e+03 -2.03864185e+03 -1.19451675e+01 -1.27415115e+02]
X_ 2 postcondition: >= 0.9
[ 1.0452022e+01  0.0000000e+00 -9.5561333e+00  9.5561333e+00
 -2.3890335e+01  9.5561333e+00 -9.5561340e+01 -1.8347776e+03
 -3.8224533e+01 -1.3378587e+02 -4.7780666e+00  0.0000000e+00
  2.2934720e+02 -1.9112267e+01  3.5835500e+00 -1.1945167e+00
  1.5289813e+02 -4.8927402e+03  1.5289814e+03  2.1405740e+03
 -2.3890333e+00  2.8668400e+01  1.1945167e+00 -9.5561333e+00
 -5.7336800e+01  2.3890333e+00  3.8224533e+01 -3.5835500e+00
  5.8232689e+00 -2.8668400e+01 -1.9112268e+02  1.7917750e+00
  3.8224533e+01 -4.2811479e+03  3.8224533e+01 -3.0579626e+02
 -3.3446468e+01  1.8347776e+03  7.6449066e+01  2.3890333e+00
  9.5561340e+01  0.0000000e+00 -7.7643585e+00 -4.5869440e+02
 -4.7780670e+01  1.6723234e+01  1.4334200e+01  1.9112267e+01
  0.0000000e+00 -2.9862916e-01  1.9112267e+01  3.6695552e+03
 -1.9112267e+01  5.2558735e+01 -2.3890335e+01  4.7780670e+01
  1.1945168e+01 -9.1738879e+02  2.3890333e+00 -8.3616171e+00
 -4.7780666e+00 -1.1945167e+00  2.3890333e+00  2.3890333e+00
 -4.7780666e+00 -1.1945168e+01  9.5561333e+00 -1.1347909e+01
 -3.6695552e+03  1.9570961e+04 -2.8668400e+01  6.1159253e+02
 -4.7780666e+00  1.5289813e+02 -1.0750649e+01 -1.4334200e+01
 -1.9112267e+01  0.0000000e+00 -4.7780666e+00  1.9112267e+01
  4.5869440e+02 -1.1945167e+00 -1.4334200e+01  1.4334200e+01
 -5.9725838e+00  1.1945167e+00  3.5835500e+00  3.8224533e+01
  1.2231851e+03  4.7780666e+00  0.0000000e+00  1.9112267e+01
  7.7643585e+00 -4.5869440e+02  1.1945167e+00 -9.5561333e+00
 -1.2231851e+03 -2.4463701e+03 -1.4334200e+01 -1.5289813e+02]
X_ 2 postcondition: <= 0.9
[ 1.0452022e+01  0.0000000e+00 -9.5561333e+00  9.5561333e+00
 -2.3890335e+01  9.5561333e+00 -9.5561340e+01 -1.8347776e+03
 -3.8224533e+01 -1.3378587e+02 -4.7780666e+00  0.0000000e+00
  2.2934720e+02 -1.9112267e+01  3.5835500e+00 -1.1945167e+00
  1.5289813e+02 -4.8927402e+03  1.5289814e+03  2.1405740e+03
 -2.3890333e+00  2.8668400e+01  1.1945167e+00 -9.5561333e+00
 -5.7336800e+01  2.3890333e+00  3.8224533e+01 -3.5835500e+00
  5.8232689e+00 -2.8668400e+01 -1.9112268e+02  1.7917750e+00
  3.8224533e+01 -4.2811479e+03  3.8224533e+01 -3.0579626e+02
 -3.3446468e+01  1.8347776e+03  7.6449066e+01  2.3890333e+00
  9.5561340e+01  0.0000000e+00 -7.7643585e+00 -4.5869440e+02
 -4.7780670e+01  1.6723234e+01  1.4334200e+01  1.9112267e+01
  0.0000000e+00 -2.9862916e-01  1.9112267e+01  3.6695552e+03
 -1.9112267e+01  5.2558735e+01 -2.3890335e+01  4.7780670e+01
  1.1945168e+01 -9.1738879e+02  2.3890333e+00 -8.3616171e+00
 -4.7780666e+00 -1.1945167e+00  2.3890333e+00  2.3890333e+00
 -4.7780666e+00 -1.1945168e+01  9.5561333e+00 -1.1347909e+01
 -3.6695552e+03  1.9570961e+04 -2.8668400e+01  6.1159253e+02
 -4.7780666e+00  1.5289813e+02 -1.0750649e+01 -1.4334200e+01
 -1.9112267e+01  0.0000000e+00 -4.7780666e+00  1.9112267e+01
  4.5869440e+02 -1.1945167e+00 -1.4334200e+01  1.4334200e+01
 -5.9725838e+00  1.1945167e+00  3.5835500e+00  3.8224533e+01
  1.2231851e+03  4.7780666e+00  0.0000000e+00  1.9112267e+01
  7.7643585e+00 -4.5869440e+02  1.1945167e+00 -9.5561333e+00
 -1.2231851e+03 -2.4463701e+03 -1.4334200e+01 -1.5289813e+02]
X_ 2 postcondition: > 0.9
[ 1.0452022e+01  0.0000000e+00 -9.5561333e+00  9.5561333e+00
 -2.3890335e+01  9.5561333e+00 -9.5561340e+01 -1.8347776e+03
 -3.8224533e+01 -1.3378587e+02 -4.7780666e+00  0.0000000e+00
  2.2934720e+02 -1.9112267e+01  3.5835500e+00 -1.1945167e+00
  1.5289813e+02 -4.8927402e+03  1.5289814e+03  2.1405740e+03
 -2.3890333e+00  2.8668400e+01  1.1945167e+00 -9.5561333e+00
 -5.7336800e+01  2.3890333e+00  3.8224533e+01 -3.5835500e+00
  5.8232689e+00 -2.8668400e+01 -1.9112268e+02  1.7917750e+00
  3.8224533e+01 -4.2811479e+03  3.8224533e+01 -3.0579626e+02
 -3.3446468e+01  1.8347776e+03  7.6449066e+01  2.3890333e+00
  9.5561340e+01  0.0000000e+00 -7.7643585e+00 -4.5869440e+02
 -4.7780670e+01  1.6723234e+01  1.4334200e+01  1.9112267e+01
  0.0000000e+00 -2.9862916e-01  1.9112267e+01  3.6695552e+03
 -1.9112267e+01  5.2558735e+01 -2.3890335e+01  4.7780670e+01
  1.1945168e+01 -9.1738879e+02  2.3890333e+00 -8.3616171e+00
 -4.7780666e+00 -1.1945167e+00  2.3890333e+00  2.3890333e+00
 -4.7780666e+00 -1.1945168e+01  9.5561333e+00 -1.1347909e+01
 -3.6695552e+03  1.9570961e+04 -2.8668400e+01  6.1159253e+02
 -4.7780666e+00  1.5289813e+02 -1.0750649e+01 -1.4334200e+01
 -1.9112267e+01  0.0000000e+00 -4.7780666e+00  1.9112267e+01
  4.5869440e+02 -1.1945167e+00 -1.4334200e+01  1.4334200e+01
 -5.9725838e+00  1.1945167e+00  3.5835500e+00  3.8224533e+01
  1.2231851e+03  4.7780666e+00  0.0000000e+00  1.9112267e+01
  7.7643585e+00 -4.5869440e+02  1.1945167e+00 -9.5561333e+00
 -1.2231851e+03 -2.4463701e+03 -1.4334200e+01 -1.5289813e+02]
X_ 2 postcondition: < 0.9
[ 1.0452022e+01  0.0000000e+00 -9.5561333e+00  9.5561333e+00
 -2.3890335e+01  9.5561333e+00 -9.5561340e+01 -1.8347776e+03
 -3.8224533e+01 -1.3378587e+02 -4.7780666e+00  0.0000000e+00
  2.2934720e+02 -1.9112267e+01  3.5835500e+00 -1.1945167e+00
  1.5289813e+02 -4.8927402e+03  1.5289814e+03  2.1405740e+03
 -2.3890333e+00  2.8668400e+01  1.1945167e+00 -9.5561333e+00
 -5.7336800e+01  2.3890333e+00  3.8224533e+01 -3.5835500e+00
  5.8232689e+00 -2.8668400e+01 -1.9112268e+02  1.7917750e+00
  3.8224533e+01 -4.2811479e+03  3.8224533e+01 -3.0579626e+02
 -3.3446468e+01  1.8347776e+03  7.6449066e+01  2.3890333e+00
  9.5561340e+01  0.0000000e+00 -7.7643585e+00 -4.5869440e+02
 -4.7780670e+01  1.6723234e+01  1.4334200e+01  1.9112267e+01
  0.0000000e+00 -2.9862916e-01  1.9112267e+01  3.6695552e+03
 -1.9112267e+01  5.2558735e+01 -2.3890335e+01  4.7780670e+01
  1.1945168e+01 -9.1738879e+02  2.3890333e+00 -8.3616171e+00
 -4.7780666e+00 -1.1945167e+00  2.3890333e+00  2.3890333e+00
 -4.7780666e+00 -1.1945168e+01  9.5561333e+00 -1.1347909e+01
 -3.6695552e+03  1.9570961e+04 -2.8668400e+01  6.1159253e+02
 -4.7780666e+00  1.5289813e+02 -1.0750649e+01 -1.4334200e+01
 -1.9112267e+01  0.0000000e+00 -4.7780666e+00  1.9112267e+01
  4.5869440e+02 -1.1945167e+00 -1.4334200e+01  1.4334200e+01
 -5.9725838e+00  1.1945167e+00  3.5835500e+00  3.8224533e+01
  1.2231851e+03  4.7780666e+00  0.0000000e+00  1.9112267e+01
  7.7643585e+00 -4.5869440e+02  1.1945167e+00 -9.5561333e+00
 -1.2231851e+03 -2.4463701e+03 -1.4334200e+01 -1.5289813e+02]
X_ 2 postcondition: == 0.9
[ 1.0452022e+01  0.0000000e+00 -9.5561333e+00  9.5561333e+00
 -2.3890335e+01  9.5561333e+00 -9.5561340e+01 -1.8347776e+03
 -3.8224533e+01 -1.3378587e+02 -4.7780666e+00  0.0000000e+00
  2.2934720e+02 -1.9112267e+01  3.5835500e+00 -1.1945167e+00
  1.5289813e+02 -4.8927402e+03  1.5289814e+03  2.1405740e+03
 -2.3890333e+00  2.8668400e+01  1.1945167e+00 -9.5561333e+00
 -5.7336800e+01  2.3890333e+00  3.8224533e+01 -3.5835500e+00
  5.8232689e+00 -2.8668400e+01 -1.9112268e+02  1.7917750e+00
  3.8224533e+01 -4.2811479e+03  3.8224533e+01 -3.0579626e+02
 -3.3446468e+01  1.8347776e+03  7.6449066e+01  2.3890333e+00
  9.5561340e+01  0.0000000e+00 -7.7643585e+00 -4.5869440e+02
 -4.7780670e+01  1.6723234e+01  1.4334200e+01  1.9112267e+01
  0.0000000e+00 -2.9862916e-01  1.9112267e+01  3.6695552e+03
 -1.9112267e+01  5.2558735e+01 -2.3890335e+01  4.7780670e+01
  1.1945168e+01 -9.1738879e+02  2.3890333e+00 -8.3616171e+00
 -4.7780666e+00 -1.1945167e+00  2.3890333e+00  2.3890333e+00
 -4.7780666e+00 -1.1945168e+01  9.5561333e+00 -1.1347909e+01
 -3.6695552e+03  1.9570961e+04 -2.8668400e+01  6.1159253e+02
 -4.7780666e+00  1.5289813e+02 -1.0750649e+01 -1.4334200e+01
 -1.9112267e+01  0.0000000e+00 -4.7780666e+00  1.9112267e+01
  4.5869440e+02 -1.1945167e+00 -1.4334200e+01  1.4334200e+01
 -5.9725838e+00  1.1945167e+00  3.5835500e+00  3.8224533e+01
  1.2231851e+03  4.7780666e+00  0.0000000e+00  1.9112267e+01
  7.7643585e+00 -4.5869440e+02  1.1945167e+00 -9.5561333e+00
 -1.2231851e+03 -2.4463701e+03 -1.4334200e+01 -1.5289813e+02]
X_ 2 postcondition: != 0.9
[ 1.0452022e+01  0.0000000e+00 -9.5561333e+00  9.5561333e+00
 -2.3890335e+01  9.5561333e+00 -9.5561340e+01 -1.8347776e+03
 -3.8224533e+01 -1.3378587e+02 -4.7780666e+00  0.0000000e+00
  2.2934720e+02 -1.9112267e+01  3.5835500e+00 -1.1945167e+00
  1.5289813e+02 -4.8927402e+03  1.5289814e+03  2.1405740e+03
 -2.3890333e+00  2.8668400e+01  1.1945167e+00 -9.5561333e+00
 -5.7336800e+01  2.3890333e+00  3.8224533e+01 -3.5835500e+00
  5.8232689e+00 -2.8668400e+01 -1.9112268e+02  1.7917750e+00
  3.8224533e+01 -4.2811479e+03  3.8224533e+01 -3.0579626e+02
 -3.3446468e+01  1.8347776e+03  7.6449066e+01  2.3890333e+00
  9.5561340e+01  0.0000000e+00 -7.7643585e+00 -4.5869440e+02
 -4.7780670e+01  1.6723234e+01  1.4334200e+01  1.9112267e+01
  0.0000000e+00 -2.9862916e-01  1.9112267e+01  3.6695552e+03
 -1.9112267e+01  5.2558735e+01 -2.3890335e+01  4.7780670e+01
  1.1945168e+01 -9.1738879e+02  2.3890333e+00 -8.3616171e+00
 -4.7780666e+00 -1.1945167e+00  2.3890333e+00  2.3890333e+00
 -4.7780666e+00 -1.1945168e+01  9.5561333e+00 -1.1347909e+01
 -3.6695552e+03  1.9570961e+04 -2.8668400e+01  6.1159253e+02
 -4.7780666e+00  1.5289813e+02 -1.0750649e+01 -1.4334200e+01
 -1.9112267e+01  0.0000000e+00 -4.7780666e+00  1.9112267e+01
  4.5869440e+02 -1.1945167e+00 -1.4334200e+01  1.4334200e+01
 -5.9725838e+00  1.1945167e+00  3.5835500e+00  3.8224533e+01
  1.2231851e+03  4.7780666e+00  0.0000000e+00  1.9112267e+01
  7.7643585e+00 -4.5869440e+02  1.1945167e+00 -9.5561333e+00
 -1.2231851e+03 -2.4463701e+03 -1.4334200e+01 -1.5289813e+02]
X_ 2 postcondition: >= 0.95
[ 1.1032689e+01  0.0000000e+00 -1.0087030e+01  1.0087030e+01
 -2.5217575e+01  1.0087030e+01 -1.0087030e+02 -1.9367097e+03
 -4.0348122e+01 -1.4121843e+02 -5.0435152e+00  0.0000000e+00
  2.4208871e+02 -2.0174061e+01  3.7826362e+00 -1.2608788e+00
  1.6139249e+02 -5.1645596e+03  1.6139248e+03  2.2594949e+03
 -2.5217576e+00  3.0261089e+01  1.2608788e+00 -1.0087030e+01
 -6.0522179e+01  2.5217576e+00  4.0348122e+01 -3.7826362e+00
  6.1467838e+00 -3.0261089e+01 -2.0174060e+02  1.8913181e+00
  4.0348122e+01 -4.5189897e+03  4.0348122e+01 -3.2278497e+02
 -3.5304607e+01  1.9367097e+03  8.0696243e+01  2.5217576e+00
  1.0087030e+02  0.0000000e+00 -8.1957121e+00 -4.8417743e+02
 -5.0435150e+01  1.7652304e+01  1.5130545e+01  2.0174061e+01
  0.0000000e+00 -3.1521970e-01  2.0174061e+01  3.8734194e+03
 -2.0174061e+01  5.5478664e+01 -2.5217575e+01  5.0435150e+01
  1.2608788e+01 -9.6835486e+02  2.5217576e+00 -8.8261518e+00
 -5.0435152e+00 -1.2608788e+00  2.5217576e+00  2.5217576e+00
 -5.0435152e+00 -1.2608788e+01  1.0087030e+01 -1.1978348e+01
 -3.8734194e+03  2.0658238e+04 -3.0261089e+01  6.4556995e+02
 -5.0435152e+00  1.6139249e+02 -1.1347909e+01 -1.5130545e+01
 -2.0174061e+01  0.0000000e+00 -5.0435152e+00  2.0174061e+01
  4.8417743e+02 -1.2608788e+00 -1.5130545e+01  1.5130545e+01
 -6.3043938e+00  1.2608788e+00  3.7826362e+00  4.0348122e+01
  1.2911399e+03  5.0435152e+00  0.0000000e+00  2.0174061e+01
  8.1957121e+00 -4.8417743e+02  1.2608788e+00 -1.0087030e+01
 -1.2911399e+03 -2.5822798e+03 -1.5130545e+01 -1.6139249e+02]
X_ 2 postcondition: <= 0.95
[ 1.1032689e+01  0.0000000e+00 -1.0087030e+01  1.0087030e+01
 -2.5217575e+01  1.0087030e+01 -1.0087030e+02 -1.9367097e+03
 -4.0348122e+01 -1.4121843e+02 -5.0435152e+00  0.0000000e+00
  2.4208871e+02 -2.0174061e+01  3.7826362e+00 -1.2608788e+00
  1.6139249e+02 -5.1645596e+03  1.6139248e+03  2.2594949e+03
 -2.5217576e+00  3.0261089e+01  1.2608788e+00 -1.0087030e+01
 -6.0522179e+01  2.5217576e+00  4.0348122e+01 -3.7826362e+00
  6.1467838e+00 -3.0261089e+01 -2.0174060e+02  1.8913181e+00
  4.0348122e+01 -4.5189897e+03  4.0348122e+01 -3.2278497e+02
 -3.5304607e+01  1.9367097e+03  8.0696243e+01  2.5217576e+00
  1.0087030e+02  0.0000000e+00 -8.1957121e+00 -4.8417743e+02
 -5.0435150e+01  1.7652304e+01  1.5130545e+01  2.0174061e+01
  0.0000000e+00 -3.1521970e-01  2.0174061e+01  3.8734194e+03
 -2.0174061e+01  5.5478664e+01 -2.5217575e+01  5.0435150e+01
  1.2608788e+01 -9.6835486e+02  2.5217576e+00 -8.8261518e+00
 -5.0435152e+00 -1.2608788e+00  2.5217576e+00  2.5217576e+00
 -5.0435152e+00 -1.2608788e+01  1.0087030e+01 -1.1978348e+01
 -3.8734194e+03  2.0658238e+04 -3.0261089e+01  6.4556995e+02
 -5.0435152e+00  1.6139249e+02 -1.1347909e+01 -1.5130545e+01
 -2.0174061e+01  0.0000000e+00 -5.0435152e+00  2.0174061e+01
  4.8417743e+02 -1.2608788e+00 -1.5130545e+01  1.5130545e+01
 -6.3043938e+00  1.2608788e+00  3.7826362e+00  4.0348122e+01
  1.2911399e+03  5.0435152e+00  0.0000000e+00  2.0174061e+01
  8.1957121e+00 -4.8417743e+02  1.2608788e+00 -1.0087030e+01
 -1.2911399e+03 -2.5822798e+03 -1.5130545e+01 -1.6139249e+02]
X_ 2 postcondition: > 0.95
[ 1.1032689e+01  0.0000000e+00 -1.0087030e+01  1.0087030e+01
 -2.5217575e+01  1.0087030e+01 -1.0087030e+02 -1.9367097e+03
 -4.0348122e+01 -1.4121843e+02 -5.0435152e+00  0.0000000e+00
  2.4208871e+02 -2.0174061e+01  3.7826362e+00 -1.2608788e+00
  1.6139249e+02 -5.1645596e+03  1.6139248e+03  2.2594949e+03
 -2.5217576e+00  3.0261089e+01  1.2608788e+00 -1.0087030e+01
 -6.0522179e+01  2.5217576e+00  4.0348122e+01 -3.7826362e+00
  6.1467838e+00 -3.0261089e+01 -2.0174060e+02  1.8913181e+00
  4.0348122e+01 -4.5189897e+03  4.0348122e+01 -3.2278497e+02
 -3.5304607e+01  1.9367097e+03  8.0696243e+01  2.5217576e+00
  1.0087030e+02  0.0000000e+00 -8.1957121e+00 -4.8417743e+02
 -5.0435150e+01  1.7652304e+01  1.5130545e+01  2.0174061e+01
  0.0000000e+00 -3.1521970e-01  2.0174061e+01  3.8734194e+03
 -2.0174061e+01  5.5478664e+01 -2.5217575e+01  5.0435150e+01
  1.2608788e+01 -9.6835486e+02  2.5217576e+00 -8.8261518e+00
 -5.0435152e+00 -1.2608788e+00  2.5217576e+00  2.5217576e+00
 -5.0435152e+00 -1.2608788e+01  1.0087030e+01 -1.1978348e+01
 -3.8734194e+03  2.0658238e+04 -3.0261089e+01  6.4556995e+02
 -5.0435152e+00  1.6139249e+02 -1.1347909e+01 -1.5130545e+01
 -2.0174061e+01  0.0000000e+00 -5.0435152e+00  2.0174061e+01
  4.8417743e+02 -1.2608788e+00 -1.5130545e+01  1.5130545e+01
 -6.3043938e+00  1.2608788e+00  3.7826362e+00  4.0348122e+01
  1.2911399e+03  5.0435152e+00  0.0000000e+00  2.0174061e+01
  8.1957121e+00 -4.8417743e+02  1.2608788e+00 -1.0087030e+01
 -1.2911399e+03 -2.5822798e+03 -1.5130545e+01 -1.6139249e+02]
X_ 2 postcondition: < 0.95
[ 1.1032689e+01  0.0000000e+00 -1.0087030e+01  1.0087030e+01
 -2.5217575e+01  1.0087030e+01 -1.0087030e+02 -1.9367097e+03
 -4.0348122e+01 -1.4121843e+02 -5.0435152e+00  0.0000000e+00
  2.4208871e+02 -2.0174061e+01  3.7826362e+00 -1.2608788e+00
  1.6139249e+02 -5.1645596e+03  1.6139248e+03  2.2594949e+03
 -2.5217576e+00  3.0261089e+01  1.2608788e+00 -1.0087030e+01
 -6.0522179e+01  2.5217576e+00  4.0348122e+01 -3.7826362e+00
  6.1467838e+00 -3.0261089e+01 -2.0174060e+02  1.8913181e+00
  4.0348122e+01 -4.5189897e+03  4.0348122e+01 -3.2278497e+02
 -3.5304607e+01  1.9367097e+03  8.0696243e+01  2.5217576e+00
  1.0087030e+02  0.0000000e+00 -8.1957121e+00 -4.8417743e+02
 -5.0435150e+01  1.7652304e+01  1.5130545e+01  2.0174061e+01
  0.0000000e+00 -3.1521970e-01  2.0174061e+01  3.8734194e+03
 -2.0174061e+01  5.5478664e+01 -2.5217575e+01  5.0435150e+01
  1.2608788e+01 -9.6835486e+02  2.5217576e+00 -8.8261518e+00
 -5.0435152e+00 -1.2608788e+00  2.5217576e+00  2.5217576e+00
 -5.0435152e+00 -1.2608788e+01  1.0087030e+01 -1.1978348e+01
 -3.8734194e+03  2.0658238e+04 -3.0261089e+01  6.4556995e+02
 -5.0435152e+00  1.6139249e+02 -1.1347909e+01 -1.5130545e+01
 -2.0174061e+01  0.0000000e+00 -5.0435152e+00  2.0174061e+01
  4.8417743e+02 -1.2608788e+00 -1.5130545e+01  1.5130545e+01
 -6.3043938e+00  1.2608788e+00  3.7826362e+00  4.0348122e+01
  1.2911399e+03  5.0435152e+00  0.0000000e+00  2.0174061e+01
  8.1957121e+00 -4.8417743e+02  1.2608788e+00 -1.0087030e+01
 -1.2911399e+03 -2.5822798e+03 -1.5130545e+01 -1.6139249e+02]
X_ 2 postcondition: == 0.95
[ 1.1032689e+01  0.0000000e+00 -1.0087030e+01  1.0087030e+01
 -2.5217575e+01  1.0087030e+01 -1.0087030e+02 -1.9367097e+03
 -4.0348122e+01 -1.4121843e+02 -5.0435152e+00  0.0000000e+00
  2.4208871e+02 -2.0174061e+01  3.7826362e+00 -1.2608788e+00
  1.6139249e+02 -5.1645596e+03  1.6139248e+03  2.2594949e+03
 -2.5217576e+00  3.0261089e+01  1.2608788e+00 -1.0087030e+01
 -6.0522179e+01  2.5217576e+00  4.0348122e+01 -3.7826362e+00
  6.1467838e+00 -3.0261089e+01 -2.0174060e+02  1.8913181e+00
  4.0348122e+01 -4.5189897e+03  4.0348122e+01 -3.2278497e+02
 -3.5304607e+01  1.9367097e+03  8.0696243e+01  2.5217576e+00
  1.0087030e+02  0.0000000e+00 -8.1957121e+00 -4.8417743e+02
 -5.0435150e+01  1.7652304e+01  1.5130545e+01  2.0174061e+01
  0.0000000e+00 -3.1521970e-01  2.0174061e+01  3.8734194e+03
 -2.0174061e+01  5.5478664e+01 -2.5217575e+01  5.0435150e+01
  1.2608788e+01 -9.6835486e+02  2.5217576e+00 -8.8261518e+00
 -5.0435152e+00 -1.2608788e+00  2.5217576e+00  2.5217576e+00
 -5.0435152e+00 -1.2608788e+01  1.0087030e+01 -1.1978348e+01
 -3.8734194e+03  2.0658238e+04 -3.0261089e+01  6.4556995e+02
 -5.0435152e+00  1.6139249e+02 -1.1347909e+01 -1.5130545e+01
 -2.0174061e+01  0.0000000e+00 -5.0435152e+00  2.0174061e+01
  4.8417743e+02 -1.2608788e+00 -1.5130545e+01  1.5130545e+01
 -6.3043938e+00  1.2608788e+00  3.7826362e+00  4.0348122e+01
  1.2911399e+03  5.0435152e+00  0.0000000e+00  2.0174061e+01
  8.1957121e+00 -4.8417743e+02  1.2608788e+00 -1.0087030e+01
 -1.2911399e+03 -2.5822798e+03 -1.5130545e+01 -1.6139249e+02]
X_ 2 postcondition: != 0.95
[ 1.1032689e+01  0.0000000e+00 -1.0087030e+01  1.0087030e+01
 -2.5217575e+01  1.0087030e+01 -1.0087030e+02 -1.9367097e+03
 -4.0348122e+01 -1.4121843e+02 -5.0435152e+00  0.0000000e+00
  2.4208871e+02 -2.0174061e+01  3.7826362e+00 -1.2608788e+00
  1.6139249e+02 -5.1645596e+03  1.6139248e+03  2.2594949e+03
 -2.5217576e+00  3.0261089e+01  1.2608788e+00 -1.0087030e+01
 -6.0522179e+01  2.5217576e+00  4.0348122e+01 -3.7826362e+00
  6.1467838e+00 -3.0261089e+01 -2.0174060e+02  1.8913181e+00
  4.0348122e+01 -4.5189897e+03  4.0348122e+01 -3.2278497e+02
 -3.5304607e+01  1.9367097e+03  8.0696243e+01  2.5217576e+00
  1.0087030e+02  0.0000000e+00 -8.1957121e+00 -4.8417743e+02
 -5.0435150e+01  1.7652304e+01  1.5130545e+01  2.0174061e+01
  0.0000000e+00 -3.1521970e-01  2.0174061e+01  3.8734194e+03
 -2.0174061e+01  5.5478664e+01 -2.5217575e+01  5.0435150e+01
  1.2608788e+01 -9.6835486e+02  2.5217576e+00 -8.8261518e+00
 -5.0435152e+00 -1.2608788e+00  2.5217576e+00  2.5217576e+00
 -5.0435152e+00 -1.2608788e+01  1.0087030e+01 -1.1978348e+01
 -3.8734194e+03  2.0658238e+04 -3.0261089e+01  6.4556995e+02
 -5.0435152e+00  1.6139249e+02 -1.1347909e+01 -1.5130545e+01
 -2.0174061e+01  0.0000000e+00 -5.0435152e+00  2.0174061e+01
  4.8417743e+02 -1.2608788e+00 -1.5130545e+01  1.5130545e+01
 -6.3043938e+00  1.2608788e+00  3.7826362e+00  4.0348122e+01
  1.2911399e+03  5.0435152e+00  0.0000000e+00  2.0174061e+01
  8.1957121e+00 -4.8417743e+02  1.2608788e+00 -1.0087030e+01
 -1.2911399e+03 -2.5822798e+03 -1.5130545e+01 -1.6139249e+02]
X_ 2 postcondition: >= 0.99
[ 1.14972239e+01  0.00000000e+00 -1.05117474e+01  1.05117474e+01
 -2.62793674e+01  1.05117474e+01 -1.05117470e+02 -2.01825549e+03
 -4.20469894e+01 -1.47164474e+02 -5.25587368e+00  0.00000000e+00
  2.52281937e+02 -2.10234947e+01  3.94190526e+00 -1.31396842e+00
  1.68187958e+02 -5.38201465e+03  1.68187952e+03  2.35463159e+03
 -2.62793684e+00  3.15352421e+01  1.31396842e+00 -1.05117474e+01
 -6.30704842e+01  2.62793684e+00  4.20469894e+01 -3.94190526e+00
  6.40559626e+00 -3.15352421e+01 -2.10234940e+02  1.97095263e+00
  4.20469894e+01 -4.70926318e+03  4.20469894e+01 -3.36375916e+02
 -3.67911186e+01  2.01825549e+03  8.40939789e+01  2.62793684e+00
  1.05117470e+02  0.00000000e+00 -8.54079437e+00 -5.04563873e+02
 -5.25587349e+01  1.83955593e+01  1.57676210e+01  2.10234947e+01
  0.00000000e+00 -3.28492105e-01  2.10234947e+01  4.03651099e+03
 -2.10234947e+01  5.78146133e+01 -2.62793674e+01  5.25587349e+01
  1.31396837e+01 -1.00912775e+03  2.62793684e+00 -9.19777966e+00
 -5.25587368e+00 -1.31396842e+00  2.62793684e+00  2.62793684e+00
 -5.25587368e+00 -1.31396837e+01  1.05117474e+01 -1.24826994e+01
 -4.03651099e+03  2.15280586e+04 -3.15352421e+01  6.72751831e+02
 -5.25587368e+00  1.68187958e+02 -1.18257160e+01 -1.57676210e+01
 -2.10234947e+01  0.00000000e+00 -5.25587368e+00  2.10234947e+01
  5.04563873e+02 -1.31396842e+00 -1.57676210e+01  1.57676210e+01
 -6.56984186e+00  1.31396842e+00  3.94190526e+00  4.20469894e+01
  1.34550366e+03  5.25587368e+00  0.00000000e+00  2.10234947e+01
  8.54079437e+00 -5.04563873e+02  1.31396842e+00 -1.05117474e+01
 -1.34550366e+03 -2.69100732e+03 -1.57676210e+01 -1.68187958e+02]
X_ 2 postcondition: <= 0.99
[ 1.14972239e+01  0.00000000e+00 -1.05117474e+01  1.05117474e+01
 -2.62793674e+01  1.05117474e+01 -1.05117470e+02 -2.01825549e+03
 -4.20469894e+01 -1.47164474e+02 -5.25587368e+00  0.00000000e+00
  2.52281937e+02 -2.10234947e+01  3.94190526e+00 -1.31396842e+00
  1.68187958e+02 -5.38201465e+03  1.68187952e+03  2.35463159e+03
 -2.62793684e+00  3.15352421e+01  1.31396842e+00 -1.05117474e+01
 -6.30704842e+01  2.62793684e+00  4.20469894e+01 -3.94190526e+00
  6.40559626e+00 -3.15352421e+01 -2.10234940e+02  1.97095263e+00
  4.20469894e+01 -4.70926318e+03  4.20469894e+01 -3.36375916e+02
 -3.67911186e+01  2.01825549e+03  8.40939789e+01  2.62793684e+00
  1.05117470e+02  0.00000000e+00 -8.54079437e+00 -5.04563873e+02
 -5.25587349e+01  1.83955593e+01  1.57676210e+01  2.10234947e+01
  0.00000000e+00 -3.28492105e-01  2.10234947e+01  4.03651099e+03
 -2.10234947e+01  5.78146133e+01 -2.62793674e+01  5.25587349e+01
  1.31396837e+01 -1.00912775e+03  2.62793684e+00 -9.19777966e+00
 -5.25587368e+00 -1.31396842e+00  2.62793684e+00  2.62793684e+00
 -5.25587368e+00 -1.31396837e+01  1.05117474e+01 -1.24826994e+01
 -4.03651099e+03  2.15280586e+04 -3.15352421e+01  6.72751831e+02
 -5.25587368e+00  1.68187958e+02 -1.18257160e+01 -1.57676210e+01
 -2.10234947e+01  0.00000000e+00 -5.25587368e+00  2.10234947e+01
  5.04563873e+02 -1.31396842e+00 -1.57676210e+01  1.57676210e+01
 -6.56984186e+00  1.31396842e+00  3.94190526e+00  4.20469894e+01
  1.34550366e+03  5.25587368e+00  0.00000000e+00  2.10234947e+01
  8.54079437e+00 -5.04563873e+02  1.31396842e+00 -1.05117474e+01
 -1.34550366e+03 -2.69100732e+03 -1.57676210e+01 -1.68187958e+02]
X_ 2 postcondition: > 0.99
[ 1.14972239e+01  0.00000000e+00 -1.05117474e+01  1.05117474e+01
 -2.62793674e+01  1.05117474e+01 -1.05117470e+02 -2.01825549e+03
 -4.20469894e+01 -1.47164474e+02 -5.25587368e+00  0.00000000e+00
  2.52281937e+02 -2.10234947e+01  3.94190526e+00 -1.31396842e+00
  1.68187958e+02 -5.38201465e+03  1.68187952e+03  2.35463159e+03
 -2.62793684e+00  3.15352421e+01  1.31396842e+00 -1.05117474e+01
 -6.30704842e+01  2.62793684e+00  4.20469894e+01 -3.94190526e+00
  6.40559626e+00 -3.15352421e+01 -2.10234940e+02  1.97095263e+00
  4.20469894e+01 -4.70926318e+03  4.20469894e+01 -3.36375916e+02
 -3.67911186e+01  2.01825549e+03  8.40939789e+01  2.62793684e+00
  1.05117470e+02  0.00000000e+00 -8.54079437e+00 -5.04563873e+02
 -5.25587349e+01  1.83955593e+01  1.57676210e+01  2.10234947e+01
  0.00000000e+00 -3.28492105e-01  2.10234947e+01  4.03651099e+03
 -2.10234947e+01  5.78146133e+01 -2.62793674e+01  5.25587349e+01
  1.31396837e+01 -1.00912775e+03  2.62793684e+00 -9.19777966e+00
 -5.25587368e+00 -1.31396842e+00  2.62793684e+00  2.62793684e+00
 -5.25587368e+00 -1.31396837e+01  1.05117474e+01 -1.24826994e+01
 -4.03651099e+03  2.15280586e+04 -3.15352421e+01  6.72751831e+02
 -5.25587368e+00  1.68187958e+02 -1.18257160e+01 -1.57676210e+01
 -2.10234947e+01  0.00000000e+00 -5.25587368e+00  2.10234947e+01
  5.04563873e+02 -1.31396842e+00 -1.57676210e+01  1.57676210e+01
 -6.56984186e+00  1.31396842e+00  3.94190526e+00  4.20469894e+01
  1.34550366e+03  5.25587368e+00  0.00000000e+00  2.10234947e+01
  8.54079437e+00 -5.04563873e+02  1.31396842e+00 -1.05117474e+01
 -1.34550366e+03 -2.69100732e+03 -1.57676210e+01 -1.68187958e+02]
X_ 2 postcondition: < 0.99
[ 1.14972239e+01  0.00000000e+00 -1.05117474e+01  1.05117474e+01
 -2.62793674e+01  1.05117474e+01 -1.05117470e+02 -2.01825549e+03
 -4.20469894e+01 -1.47164474e+02 -5.25587368e+00  0.00000000e+00
  2.52281937e+02 -2.10234947e+01  3.94190526e+00 -1.31396842e+00
  1.68187958e+02 -5.38201465e+03  1.68187952e+03  2.35463159e+03
 -2.62793684e+00  3.15352421e+01  1.31396842e+00 -1.05117474e+01
 -6.30704842e+01  2.62793684e+00  4.20469894e+01 -3.94190526e+00
  6.40559626e+00 -3.15352421e+01 -2.10234940e+02  1.97095263e+00
  4.20469894e+01 -4.70926318e+03  4.20469894e+01 -3.36375916e+02
 -3.67911186e+01  2.01825549e+03  8.40939789e+01  2.62793684e+00
  1.05117470e+02  0.00000000e+00 -8.54079437e+00 -5.04563873e+02
 -5.25587349e+01  1.83955593e+01  1.57676210e+01  2.10234947e+01
  0.00000000e+00 -3.28492105e-01  2.10234947e+01  4.03651099e+03
 -2.10234947e+01  5.78146133e+01 -2.62793674e+01  5.25587349e+01
  1.31396837e+01 -1.00912775e+03  2.62793684e+00 -9.19777966e+00
 -5.25587368e+00 -1.31396842e+00  2.62793684e+00  2.62793684e+00
 -5.25587368e+00 -1.31396837e+01  1.05117474e+01 -1.24826994e+01
 -4.03651099e+03  2.15280586e+04 -3.15352421e+01  6.72751831e+02
 -5.25587368e+00  1.68187958e+02 -1.18257160e+01 -1.57676210e+01
 -2.10234947e+01  0.00000000e+00 -5.25587368e+00  2.10234947e+01
  5.04563873e+02 -1.31396842e+00 -1.57676210e+01  1.57676210e+01
 -6.56984186e+00  1.31396842e+00  3.94190526e+00  4.20469894e+01
  1.34550366e+03  5.25587368e+00  0.00000000e+00  2.10234947e+01
  8.54079437e+00 -5.04563873e+02  1.31396842e+00 -1.05117474e+01
 -1.34550366e+03 -2.69100732e+03 -1.57676210e+01 -1.68187958e+02]
X_ 2 postcondition: == 0.99
[ 1.14972239e+01  0.00000000e+00 -1.05117474e+01  1.05117474e+01
 -2.62793674e+01  1.05117474e+01 -1.05117470e+02 -2.01825549e+03
 -4.20469894e+01 -1.47164474e+02 -5.25587368e+00  0.00000000e+00
  2.52281937e+02 -2.10234947e+01  3.94190526e+00 -1.31396842e+00
  1.68187958e+02 -5.38201465e+03  1.68187952e+03  2.35463159e+03
 -2.62793684e+00  3.15352421e+01  1.31396842e+00 -1.05117474e+01
 -6.30704842e+01  2.62793684e+00  4.20469894e+01 -3.94190526e+00
  6.40559626e+00 -3.15352421e+01 -2.10234940e+02  1.97095263e+00
  4.20469894e+01 -4.70926318e+03  4.20469894e+01 -3.36375916e+02
 -3.67911186e+01  2.01825549e+03  8.40939789e+01  2.62793684e+00
  1.05117470e+02  0.00000000e+00 -8.54079437e+00 -5.04563873e+02
 -5.25587349e+01  1.83955593e+01  1.57676210e+01  2.10234947e+01
  0.00000000e+00 -3.28492105e-01  2.10234947e+01  4.03651099e+03
 -2.10234947e+01  5.78146133e+01 -2.62793674e+01  5.25587349e+01
  1.31396837e+01 -1.00912775e+03  2.62793684e+00 -9.19777966e+00
 -5.25587368e+00 -1.31396842e+00  2.62793684e+00  2.62793684e+00
 -5.25587368e+00 -1.31396837e+01  1.05117474e+01 -1.24826994e+01
 -4.03651099e+03  2.15280586e+04 -3.15352421e+01  6.72751831e+02
 -5.25587368e+00  1.68187958e+02 -1.18257160e+01 -1.57676210e+01
 -2.10234947e+01  0.00000000e+00 -5.25587368e+00  2.10234947e+01
  5.04563873e+02 -1.31396842e+00 -1.57676210e+01  1.57676210e+01
 -6.56984186e+00  1.31396842e+00  3.94190526e+00  4.20469894e+01
  1.34550366e+03  5.25587368e+00  0.00000000e+00  2.10234947e+01
  8.54079437e+00 -5.04563873e+02  1.31396842e+00 -1.05117474e+01
 -1.34550366e+03 -2.69100732e+03 -1.57676210e+01 -1.68187958e+02]
X_ 2 postcondition: != 0.99
[ 1.14972239e+01  0.00000000e+00 -1.05117474e+01  1.05117474e+01
 -2.62793674e+01  1.05117474e+01 -1.05117470e+02 -2.01825549e+03
 -4.20469894e+01 -1.47164474e+02 -5.25587368e+00  0.00000000e+00
  2.52281937e+02 -2.10234947e+01  3.94190526e+00 -1.31396842e+00
  1.68187958e+02 -5.38201465e+03  1.68187952e+03  2.35463159e+03
 -2.62793684e+00  3.15352421e+01  1.31396842e+00 -1.05117474e+01
 -6.30704842e+01  2.62793684e+00  4.20469894e+01 -3.94190526e+00
  6.40559626e+00 -3.15352421e+01 -2.10234940e+02  1.97095263e+00
  4.20469894e+01 -4.70926318e+03  4.20469894e+01 -3.36375916e+02
 -3.67911186e+01  2.01825549e+03  8.40939789e+01  2.62793684e+00
  1.05117470e+02  0.00000000e+00 -8.54079437e+00 -5.04563873e+02
 -5.25587349e+01  1.83955593e+01  1.57676210e+01  2.10234947e+01
  0.00000000e+00 -3.28492105e-01  2.10234947e+01  4.03651099e+03
 -2.10234947e+01  5.78146133e+01 -2.62793674e+01  5.25587349e+01
  1.31396837e+01 -1.00912775e+03  2.62793684e+00 -9.19777966e+00
 -5.25587368e+00 -1.31396842e+00  2.62793684e+00  2.62793684e+00
 -5.25587368e+00 -1.31396837e+01  1.05117474e+01 -1.24826994e+01
 -4.03651099e+03  2.15280586e+04 -3.15352421e+01  6.72751831e+02
 -5.25587368e+00  1.68187958e+02 -1.18257160e+01 -1.57676210e+01
 -2.10234947e+01  0.00000000e+00 -5.25587368e+00  2.10234947e+01
  5.04563873e+02 -1.31396842e+00 -1.57676210e+01  1.57676210e+01
 -6.56984186e+00  1.31396842e+00  3.94190526e+00  4.20469894e+01
  1.34550366e+03  5.25587368e+00  0.00000000e+00  2.10234947e+01
  8.54079437e+00 -5.04563873e+02  1.31396842e+00 -1.05117474e+01
 -1.34550366e+03 -2.69100732e+03 -1.57676210e+01 -1.68187958e+02]
Weakest precondition: [-0.20371227 -0.06337968  0.22009142  0.02829401  0.12396455 -0.15982728
 -0.06010948 -0.14253923  0.03677503 -0.03908677 -0.05309402 -0.04099534
 -0.08330359 -0.0456536  -0.0896913  -0.13102719 -0.14745831  0.05735921
 -0.1668276  -0.00825643 -0.00158112 -0.18219393 -0.11226796 -0.03083991
 -0.06484316  0.01590616 -0.0648533  -0.03381713]
Features:  ['age' 'education' 'balance' 'day' 'month' 'duration' 'campaign' 'pdays'
 'previous' 'poutcome' 'job_blue' 'job_entrepreneur' 'job_housemaid'
 'job_management' 'job_retired' 'job_self' 'job_services' 'job_student'
 'job_technician' 'job_unemployed' 'job_unknown' 'marital_married'
 'marital_single' 'default_yes' 'housing_yes' 'loan_yes'
 'contact_telephone' 'contact_unknown']
Features length:  28
Weakest precondition size  28

Checking precondition violation:   0%|          | 0/28 [00:00<?, ?it/s]
Checking precondition violation:  86%| | 24/28 [00:00<00:00, 236.24it/s]
Checking precondition violation: 100%|| 28/28 [00:00<00:00, 249.29it/s]
