Number of layers in the model: 3
Layer: dense
Layer: dense_1
Layer: dense_2
Number of selected layers in the model: 3
#weights: 3 | #biases: 3 | #N: 3 | #Gamma: 3
W_ 1 : [[-0.03833557  0.18131936 -0.18373533 -0.21395992 -0.30602914 -0.28926095
   0.10231306  0.1461989   0.27962074 -0.2817829 ]
 [ 0.0414674  -0.32949802  0.25255767  0.08528797  0.10359499  0.04049376
   0.47928646  0.02727227 -0.31763244 -0.33745962]
 [ 0.26324496 -0.15255402 -0.19881542 -0.29370335 -0.15705246 -0.23856437
  -0.2725151  -0.35261095 -0.3025461   0.32163593]
 [-0.13089325  0.4082263  -0.38881224 -0.4138446   0.40416414  0.42565593
   0.41658124 -0.3128373   0.1841169   0.03258114]
 [ 0.24940544 -0.19542837  0.27184197 -0.3875128   0.30636144  0.2194286
  -0.23341829 -0.3100002  -0.08883469  0.24571092]
 [-0.34733525  0.04420539 -0.38391563 -0.10883016 -0.30232623 -0.33537394
   0.1729077   0.29494783  0.34028354  0.06215641]
 [-0.16994202  0.02688035 -0.32517365  0.2457333  -0.21216618  0.35481882
  -0.09144425  0.1718012   0.1567099   0.31309438]
 [-0.06054035  0.17012075 -0.38020664 -0.11309462  0.30427778  0.39144498
   0.41946545 -0.15456569  0.15703869  0.25579283]
 [-0.19668972  0.20041086 -0.22774942 -0.4116438  -0.20164593 -0.28493175
   0.13868502  0.09887542  0.23075247  0.13840562]
 [ 0.29159957  0.04919175 -0.09979373  0.30560964 -0.03333785  0.26095703
  -0.21787682 -0.17331015  0.03957685  0.15109755]
 [ 0.03622666  0.04295699  0.10319427 -0.03300011 -0.11648165 -0.1974158
   0.37377265 -0.40305987 -0.39141512  0.50372994]
 [-0.16535535  0.0857801  -0.03484499  0.3942615  -0.10970387 -0.23768222
  -0.1035985   0.12596573 -0.21990094  0.37359604]
 [ 0.40737027  0.2870734   0.31451866 -0.27113408 -0.20532496  0.01258564
   0.22676179 -0.13732429 -0.17808907  0.21899986]
 [ 0.30714148 -0.13663463 -0.37049392 -0.34327847  0.33272937  0.3369306
   0.1686934   0.2489135  -0.30941764 -0.32545948]
 [-0.3991738  -0.19551556 -0.3337912  -0.13323615  0.1469033  -0.28145528
   0.07833485  0.34556088  0.1206577  -0.03147957]
 [-0.28848237 -0.13542931 -0.19641931 -0.15118204 -0.24396345  0.08466747
   0.04595067  0.14394696  0.24934515  0.00411735]
 [-0.07191302 -0.24409194  0.10564741  0.22889218 -0.04254754  0.22823371
   0.3793079   0.1449814  -0.3488914  -0.19016306]
 [ 0.1230762  -0.21480282  0.35910717 -0.14936733  0.13117531  0.00989082
   0.01722783 -0.29263657 -0.27902272  0.01164402]
 [ 0.01086524  0.3762031   0.02121231  0.02138367 -0.24632633 -0.32559475
  -0.16810237 -0.09123001  0.0175769   0.09686612]
 [ 0.33023003 -0.27650353 -0.12281796  0.33212164  0.34521648  0.08502409
   0.379908    0.34909034 -0.16959487  0.12919244]
 [-0.35412598 -0.39397576  0.09076416 -0.3803674   0.01920015  0.36988834
  -0.01828367  0.16859213 -0.07986039 -0.1285666 ]
 [-0.42558512  0.4106752  -0.04047146  0.05645385  0.29884142 -0.29414353
  -0.07583171 -0.08708415  0.24889573 -0.35059154]
 [ 0.23570912 -0.17292254 -0.06539485  0.3524236  -0.00825322  0.33494684
  -0.06670584  0.26983958 -0.2403654  -0.14460224]
 [-0.16709463 -0.34775317 -0.32768202  0.02844786 -0.04708454  0.17693283
   0.15787683  0.34810045 -0.2635904  -0.29975685]
 [ 0.3302722   0.08602844  0.06336707 -0.0311328   0.05913047 -0.22752054
  -0.2175947   0.14387976  0.1187473   0.41468528]
 [-0.21066034  0.25501546 -0.28974754  0.13449982 -0.26586643  0.0273175
   0.3018684  -0.06966295 -0.4426231  -0.23749872]
 [ 0.15745538  0.42762372  0.04132259  0.15629986  0.06618243  0.04181775
  -0.29493147  0.14357388  0.22868094  0.15464129]
 [ 0.13990901  0.03761004 -0.37591785 -0.23411158 -0.22556742  0.15015417
  -0.1667635  -0.35811815  0.1374288   0.22997864]]
W_ 2 : [[ 2.03906253e-01 -1.85355306e-01  1.72012150e-01 -3.64251375e-01
   1.91719338e-01 -1.55147091e-01 -1.36581078e-01 -1.11340851e-01
  -1.61041498e-01  4.78533059e-01 -1.42427683e-01 -7.76820332e-02
  -1.24227107e-02 -2.55424649e-01 -1.28040478e-01 -7.19928890e-02
   3.10681105e-01  2.29747474e-01  1.55776784e-01 -3.25377643e-01
  -3.27274203e-01 -9.00371298e-02  4.61738445e-02  2.14682788e-01
   1.42499045e-01  4.34517443e-01 -3.81485015e-01  1.53091595e-01]
 [ 1.89556196e-01  1.94972247e-01  1.52418628e-01  2.81270266e-01
  -5.66078611e-02 -4.01869267e-01 -4.24564928e-01 -2.39286795e-01
  -2.85895556e-01  2.29353607e-02 -2.11595654e-01 -1.42218262e-01
  -1.70366466e-01 -3.74027133e-01 -1.64166898e-01  3.67959708e-01
  -3.39993209e-01 -2.47641131e-01 -4.18034196e-01  1.66750416e-01
  -1.08447909e-01  4.52327073e-01 -2.77877077e-02  1.23662814e-01
   1.18047178e-01  4.49428260e-01 -2.82647163e-01  3.06691647e-01]
 [-8.16246867e-02  3.74551147e-01  1.17365688e-01  1.74408823e-01
  -1.52813420e-01  6.34914637e-02 -4.20389175e-02 -2.13021562e-01
  -3.92531097e-01  1.56411529e-02 -2.43286729e-01  1.48939997e-01
   1.88240081e-01  2.37703353e-01 -2.14229286e-01 -1.44750655e-01
  -1.24766916e-01 -2.92053163e-01 -4.17675972e-02 -1.92570478e-01
   3.26353341e-01  3.34939927e-01  6.28390908e-02  9.32115316e-02
   2.26497650e-06  2.68490046e-01 -2.11476475e-01  1.75546438e-01]
 [ 1.41951025e-01 -3.81404221e-01 -6.16575964e-02  3.27423632e-01
   1.56976014e-01 -8.85383505e-03 -2.39716932e-01 -2.33235657e-01
   7.28345215e-02  1.76773578e-01 -3.64693433e-01 -2.29270160e-01
  -8.44385028e-02 -8.77631735e-03  2.03309864e-01  3.41780484e-02
   2.32408196e-01  3.75816315e-01  1.66334942e-01  5.78305721e-02
  -3.44551764e-02  3.89154494e-01 -2.47017056e-01 -2.52642572e-01
   8.10105652e-02  1.49331734e-01 -4.58033346e-02 -3.00956070e-01]
 [ 2.28930593e-01 -1.00483604e-01 -1.62239149e-01 -4.77031358e-02
   3.92878622e-01  2.51657575e-01  6.95273578e-02  3.54292542e-01
   1.77905530e-01 -3.21220398e-01 -1.82660054e-02 -2.77853608e-01
   1.15022272e-01  1.96813747e-01  4.09173161e-01 -3.25664103e-01
  -3.39281440e-01 -8.59070420e-02 -3.02197635e-01 -1.63005084e-01
   1.13253400e-01  2.58989900e-01 -1.95636883e-01  8.36243629e-02
   3.03622752e-01 -1.81904525e-01  4.65325058e-01  2.16153875e-01]
 [-7.07877725e-02  9.08929780e-02  1.98081344e-01  1.59259252e-02
   2.27984339e-01  4.16900776e-02  4.74671349e-02  4.37623262e-03
  -1.53842375e-01  3.19075316e-01 -1.29097074e-01  8.80311430e-02
   1.93550557e-01  2.55275458e-01  2.19592676e-01 -2.53240108e-01
  -4.23899852e-02 -2.88580179e-01 -4.33786690e-01 -1.33315027e-01
   3.20621759e-01 -2.61112124e-01 -1.66438073e-01  1.47652566e-01
  -3.85753185e-01  1.69626191e-01  9.42068655e-05 -3.53052020e-01]
 [-5.79701141e-02  1.63048401e-01  8.52382630e-02 -2.26563402e-02
   1.25224665e-01  2.23631546e-01 -4.99437936e-02  2.18831897e-01
  -3.97657424e-01  4.19695497e-01  3.28434110e-01 -4.33069825e-01
  -7.59881735e-02  3.69770341e-02 -3.06229020e-04 -1.21595792e-01
  -8.06781128e-02 -1.96463078e-01  3.39437544e-01  3.58397961e-01
   4.31304932e-01 -2.35104430e-02  2.22247779e-01  5.09055369e-02
  -5.25686145e-02  4.44771171e-01  2.09285207e-02 -2.85861105e-01]
 [-2.85321940e-02  2.04395756e-01  3.95888746e-01  8.87891054e-02
   4.14609075e-01  2.84891367e-01  2.45158628e-01 -1.05809029e-02
  -1.48927674e-01 -2.35998914e-01  1.00201659e-01  3.24808240e-01
  -3.05968702e-01  1.30905449e-01 -2.03824311e-01 -1.71780586e-02
   3.34536940e-01 -2.12403208e-01  2.12730184e-01 -3.11513633e-01
  -2.34520629e-01  6.31285533e-02 -5.37733510e-02  1.89892482e-02
   1.49031013e-01  2.85875946e-01  6.45524785e-02 -2.93973029e-01]
 [-5.45856077e-04 -3.78266811e-01  1.91703022e-01 -1.26139924e-01
   3.02015003e-02  3.39687318e-01  3.65966648e-01 -2.34780803e-01
   3.37703645e-01  1.05738819e-01  8.01098794e-02 -2.33603418e-01
   2.95746643e-02  6.33578673e-02 -1.88817427e-01 -2.64081061e-01
  -6.08539097e-02 -3.69506836e-01 -4.50270548e-02  2.48207957e-01
  -3.16523701e-01  2.19374999e-01  1.39208168e-01 -1.50871590e-01
  -2.28893965e-01  3.32403392e-01  1.62791669e-01 -2.62357682e-01]
 [ 3.82790454e-02  2.38307133e-01  3.75699818e-01 -2.15791076e-01
  -7.14890426e-03 -1.44910395e-01 -1.91666514e-01 -3.28815222e-01
  -4.29614708e-02 -3.45289379e-01  1.86036840e-01  3.72630060e-01
  -5.22820279e-02 -2.27071553e-01  2.02364281e-01  1.52090949e-03
   3.22492659e-01 -1.43736795e-01 -6.06320798e-02  4.66501936e-02
   2.58389384e-01 -3.76481414e-01 -4.02691737e-02  1.16062298e-01
  -3.75495344e-01 -3.40886921e-01  3.32882941e-01  3.83804888e-02]]
W_ 3 : [[ 0.41235018]
 [-0.30186322]
 [-0.03396532]
 [-0.00708853]
 [-0.39557475]
 [-0.00982641]
 [ 0.33907416]
 [ 0.00528006]
 [-0.03084662]
 [-0.44568893]
 [-0.278871  ]
 [-0.4188115 ]
 [ 0.14374721]
 [ 0.42272863]
 [-0.43369967]
 [-0.20738171]
 [ 0.1934087 ]
 [ 0.44669282]
 [ 0.4387798 ]
 [ 0.20465006]
 [-0.26294523]
 [-0.2914686 ]
 [-0.0323683 ]
 [-0.04319251]
 [ 0.1307685 ]
 [-0.14366001]
 [-0.15688802]
 [ 0.41165492]]
B_ 1 : [-0.07939878  0.05316219  0.         -0.04493752  0.06265097  0.06119252
  0.14480987 -0.11010764 -0.07705384  0.07669552]
B_ 2 : [-0.09243117  0.07304988  0.07522709 -0.06222922  0.0908112  -0.08084321
 -0.0889776  -0.02273757  0.05229703  0.25285828  0.08951423  0.08077651
 -0.02339055 -0.09738638  0.12355294  0.09939925 -0.09235442 -0.06528596
 -0.08174806 -0.12039583  0.06621188  0.18493392  0.1640369   0.06699517
 -0.04631509  0.11217619  0.08704675 -0.07373986]
B_ 3 : [-0.09141417]
Activation function of layer_a 1 : relu
Activation function of layer_a 2 : relu
Activation function of layer_a 3 : relu
Gamma_ 1 : [[ 5.00557959e-01 -1.32772714e-01 -6.19053841e-04  8.58290792e-02
   6.40535355e-03 -1.59022808e-02 -2.43181467e+00 -4.78923321e-03
  -1.04510176e+00 -2.78729081e+00 -6.21011317e-01 -3.70870978e-01
   2.62503207e-01  5.47460794e-01 -7.23107278e-01  2.03776503e+00
   8.92401099e-01 -3.58481765e-01 -4.01607215e-01 -1.31858408e-01
  -1.10678363e+00 -9.58691955e-01 -1.30295801e+00  6.62573457e-01
  -2.75586724e+00 -6.08646512e-01  6.03645205e-01 -9.77764964e-01]
 [ 1.84605944e+00 -9.27314758e-01 -2.91957766e-01 -8.81262660e-01
   2.54026556e+00 -6.52769506e-01  6.12849772e-01  8.25034678e-02
  -8.37702036e-01 -2.76061893e+00 -1.58309960e+00 -2.13014141e-01
  -1.93141505e-01 -1.50124049e+00 -3.75365925e+00 -4.12420988e+00
   1.70182788e+00 -6.59473717e-01 -1.81941375e-01  1.36208940e+00
   1.46469724e+00  2.15316248e+00 -2.97589016e+00 -1.14058301e-01
   3.61837316e+00  5.25976419e+00  7.43699908e-01  8.27207947e+00]
 [ 1.79704428e-01 -6.99862242e-02 -5.66382885e-01 -2.63377428e-01
   5.95318413e+00 -2.06112862e-01  5.31513453e-01 -1.33620882e+00
  -4.15036917e+00  2.44198704e+00 -2.55206275e+00 -2.76065946e-01
  -7.69236088e-02 -8.30130041e-01 -1.44290757e+00 -5.12136221e+00
   7.21180975e-01 -3.99776399e-01 -3.73300481e+00 -4.61616278e-01
   1.64070904e+00  3.99389863e-01 -2.97577477e+00 -5.78418672e-01
   1.95618474e+00  5.69846010e+00 -1.04168795e-01  3.43054152e+00]
 [-4.86649275e-02  1.51926935e-01 -2.55909204e-01  4.85879540e-01
  -8.71459007e-01 -2.20552206e+00 -4.01151776e-01  1.22801805e+00
   2.13047481e+00  5.08386183e+00  4.72240329e-01  3.82830538e-02
   4.31669354e-01  1.08289927e-01 -3.03972721e+00  5.61963367e+00
   9.35883045e-01  1.07553959e+00  1.51549304e+00 -1.46299756e+00
  -2.24703026e+00  9.88123596e-01  2.47320843e+00  1.18866444e+00
   5.48520863e-01  3.12442565e+00 -8.25618446e-01 -1.78346992e+00]
 [ 2.17287469e+00 -3.72551829e-01 -5.56842446e-01  2.90724337e-01
  -3.64190578e-01 -1.34102035e+00 -1.06787467e+00  1.13238585e+00
   7.39321589e-01  5.30120564e+00 -5.97713590e-02 -6.03838444e-01
  -2.33761013e-01  1.35784552e-01  2.57667375e+00  3.43838406e+00
   8.54861319e-01  5.96369088e-01  4.30477679e-01  9.06104267e-01
  -8.44191909e-01  1.68296576e+00 -1.17016315e-01  1.95863366e+00
   1.31865096e+00 -3.49579859e+00  1.89581022e-01 -1.27138746e+00]
 [-2.74117303e+00 -3.24856639e-01  2.10522175e-01 -4.75339174e-01
  -1.24403572e+00  1.85460949e+00 -9.12248373e-01 -5.61264515e-01
  -1.56921911e+00  1.65094852e+00 -9.94878531e-01  2.84207404e-01
   7.06681967e-01 -1.41566086e+00 -2.21601892e+00 -1.62309790e+00
  -1.21605349e+00 -2.00459051e+00 -4.29768801e-01 -2.64600515e-01
   1.50932801e+00 -1.09499395e+00  1.13666725e+00 -1.03449011e+00
   2.13408828e-01 -6.90436840e-01  9.63160172e-02 -1.95531130e+00]
 [ 2.83285916e-01 -1.16224438e-01  3.20657492e-02 -3.66593301e-01
   1.71029139e+00  7.34451532e-01  1.81048751e+00  6.96103692e-01
  -1.32324040e+00  3.05473590e+00 -5.75383484e-01  1.10392988e+00
   1.18572831e+00 -3.23104084e-01 -3.43786931e+00 -1.22186482e+00
   1.44435537e+00 -2.28675294e+00  1.20625019e+00  2.47257888e-01
   1.87140793e-01 -1.61907941e-01  2.68626356e+00 -3.87577355e-01
  -4.35739487e-01 -2.51853585e-01 -1.02972418e-01  7.61301637e-01]
 [-1.97363627e+00  8.75695348e-02 -8.06605816e-02  1.48024356e+00
   3.18044567e+00 -9.62758064e-02  1.77524054e+00  1.03633952e+00
   5.26390314e-01 -2.73908758e+00 -1.50252700e-01  1.72439739e-01
   6.42484069e-01  4.55814272e-01  1.56504858e+00 -1.83956885e+00
  -4.36019272e-01 -2.09259963e+00  2.63381195e+00  3.64861727e+00
   6.25416100e-01 -1.45593977e+00  1.50770664e+00 -1.43030584e-02
   2.56295490e+00  2.30825353e+00  3.10942888e-01 -6.83657932e+00]
 [-2.96917140e-01  3.03778976e-01  1.51776671e-01  4.34738219e-01
   4.97927189e-01  9.58637476e-01 -3.29028428e-01 -1.34101140e+00
   6.94702029e-01 -1.13253903e+00 -5.53629220e-01 -5.06725311e-01
  -4.54052627e-01 -3.86328161e-01  1.36483169e+00  4.28829074e-01
  -1.17884147e+00 -6.76471293e-01  4.12824690e-01 -8.37768853e-01
  -4.40169871e-02  4.27275389e-01  3.33838940e-01  3.04338872e-01
   1.04900980e+00 -1.21660006e+00  1.74263537e-01  2.97072268e+00]
 [-2.69473100e+00 -9.54827666e-03  2.51586556e-01  4.40234601e-01
  -2.92870188e+00 -1.77366734e-02 -2.88583970e+00  1.41423357e+00
   8.52471471e-01  6.57082653e+00  2.40320659e+00  1.20854366e+00
  -1.21118367e-01  9.67778265e-01  2.23368430e+00  7.07974553e-01
   3.51186097e-03  9.12066638e-01  3.38049841e+00 -1.56138730e+00
   5.91835082e-02 -6.81540012e-01  1.62017488e+00  1.34197736e+00
  -1.12973094e+00 -2.48813772e+00  4.14958805e-01 -3.78462362e+00]]
Gamma_ 2 : [[ 0.21529548  0.10744621 -0.02336251  0.10040623  0.24981166 -0.09177857
   0.03308464 -0.02870906  0.04864531  0.19082668]
 [-0.14222507  0.08065699  0.15360703 -0.20035167 -0.03571294 -0.01538999
   0.12279025  0.18525906 -0.27044994  0.0309948 ]
 [ 0.12450706  0.12769273  0.03287558  0.03052651  0.02525258  0.04195025
   0.04178744  0.2031457   0.1727942   0.32657593]
 [-0.46512496  0.16395979 -0.04449641  0.2738376  -0.17248403  0.14461185
  -0.0498648   0.21268992 -0.19423532 -0.24392472]
 [ 0.1362145   0.12368568 -0.30697137  0.0890985   0.28946692  0.21790107
   0.09823938  0.3628259  -0.12372875  0.00794404]
 [-0.0369259  -0.21955273  0.2093616   0.03501509  0.1360323  -0.12829132
   0.10912126  0.12261727  0.17405221 -0.02248176]
 [-0.08781524 -0.16743205 -0.01711241 -0.25673518 -0.07479352  0.06044676
  -0.14461266  0.14315435  0.18378238 -0.27866694]
 [-0.09488191  0.01201027 -0.41852778 -0.32031855  0.10085183  0.15497196
   0.15330954  0.159531   -0.35912448 -0.4477527 ]
 [-0.07081119 -0.05101078 -0.20314002 -0.00641962  0.00263991 -0.01007321
  -0.25995803 -0.10044903  0.27285635 -0.04340072]
 [ 0.24953371 -0.06222433 -0.08914952  0.0150951  -0.18143676  0.32654452
   0.14138286 -0.22733572 -0.01121209 -0.23228201]
 [-0.068041    0.03533597 -0.29224214 -0.28905788 -0.00079885 -0.16304399
   0.28770196  0.09813558  0.01470225  0.07369114]
 [-0.09325477 -0.0813288   0.10308544 -0.09311487 -0.2117574   0.11904787
  -0.3201235   0.23046748 -0.1317319   0.02639431]
 [ 0.13054466 -0.22814126  0.3659304  -0.02626695  0.05871226  0.06863654
  -0.11652543 -0.33854714  0.10633634  0.00344196]
 [-0.1619085  -0.25845292  0.27097893  0.03445939 -0.00499809  0.16775277
  -0.08965531  0.06313629 -0.04568234 -0.25679526]
 [ 0.01042725 -0.00817523 -0.1551433   0.24449249  0.24686798  0.18011925
   0.08334374 -0.10532378 -0.1505321   0.19804151]
 [-0.2585184   0.290121   -0.4002246  -0.04998122 -0.2649806   0.01942901
  -0.03083638  0.1693873  -0.22992198 -0.1631599 ]
 [ 0.19794428 -0.22633213  0.08092051  0.28326803 -0.10363755 -0.10510828
  -0.00648539  0.14749536 -0.0358589   0.28949618]
 [ 0.1230417  -0.21089093 -0.07546133  0.26174054 -0.05433284 -0.11482222
  -0.03789485 -0.10478801 -0.2879079  -0.07388591]
 [ 0.10069893 -0.3699619   0.28715712  0.2057475  -0.08071022 -0.5544254
   0.3201651   0.05506063 -0.05760271  0.13426071]
 [-0.2918907   0.17937878 -0.22905014  0.06111002 -0.14264497 -0.12710269
   0.2865693  -0.18837847  0.19197671  0.12037433]
 [-0.11611611 -0.16870612  0.3829804   0.20333189  0.0966595   0.02149728
   0.32306874 -0.2322342  -0.1972348   0.26184162]
 [-0.07368898  0.096398    0.4390274   0.31881213  0.2109897  -0.33543524
  -0.00475485  0.02122815  0.2079059   0.02863217]
 [ 0.06651344 -0.07239755  0.13281158 -0.2111327  -0.07371148 -0.244806
   0.14284767 -0.11420137  0.14520282  0.01807344]
 [ 0.2286308   0.06890681 -0.00859299 -0.21461596  0.13660066  0.08749674
   0.03472969 -0.00328675 -0.0822854   0.05559779]
 [ 0.09404333  0.02497483  0.00911141 -0.0358406   0.22849804 -0.27945235
   0.04514318  0.20084026 -0.224158   -0.20907809]
 [ 0.1864836   0.20054424  0.03112458  0.00761309 -0.00635851  0.09504166
   0.17508435  0.15931651  0.1567169  -0.11592972]
 [-0.10794555 -0.0186089  -0.05126863  0.09449192  0.29371035 -0.14326897
   0.12434524  0.03221916  0.14488241  0.34280774]
 [ 0.3064072   0.01139014  0.35482624 -0.24403468  0.27670154 -0.40026098
  -0.08467881 -0.26564646  0.02144958  0.16584043]]
Gamma_ 3 : [[-8.3674812e+00  3.4521990e+00  5.1639614e+00 -1.2702362e+02
   1.5266007e+00  6.7093887e+01  1.5286649e+00 -6.8672961e+02
  -2.8556637e+01 -3.3436346e+00  3.2574780e+00 -9.2396259e-01
   3.0561359e+01 -1.0503004e+00  4.3234105e+00  1.7026863e+01
  -1.2501817e+00 -6.1587751e-02  2.6302159e-01 -1.4887947e+00
   2.9156957e+00 -2.9020560e-01  2.3886467e+01  3.1649784e+01
   4.4112649e+00  9.7288437e+00 -2.2885790e+00 -8.8180268e-01]]
X_ 1 postcondition: >= 0.75
[-0.07763775  0.10456127  0.00363825  0.22663389  0.21806526 -0.10265412
  0.00622877 -0.13850354  0.25854328 -1.210809   -0.02962389 -0.20142779
 -0.07856243  0.14943677  0.43779525  0.35296187 -0.22873138  0.08916604
 -0.05018768  0.17394906 -0.20426807 -0.17721446 -0.16339271  0.02081736
  0.02293353  0.34607613 -0.01179729 -0.5565527 ]
X_ 1 postcondition: <= 0.75
[-0.07763775  0.10456127  0.00363825  0.22663389  0.21806526 -0.10265412
  0.00622877 -0.13850354  0.25854328 -1.210809   -0.02962389 -0.20142779
 -0.07856243  0.14943677  0.43779525  0.35296187 -0.22873138  0.08916604
 -0.05018768  0.17394906 -0.20426807 -0.17721446 -0.16339271  0.02081736
  0.02293353  0.34607613 -0.01179729 -0.5565527 ]
X_ 1 postcondition: > 0.75
[-0.07763775  0.10456127  0.00363825  0.22663389  0.21806526 -0.10265412
  0.00622877 -0.13850354  0.25854328 -1.210809   -0.02962389 -0.20142779
 -0.07856243  0.14943677  0.43779525  0.35296187 -0.22873138  0.08916604
 -0.05018768  0.17394906 -0.20426807 -0.17721446 -0.16339271  0.02081736
  0.02293353  0.34607613 -0.01179729 -0.5565527 ]
X_ 1 postcondition: < 0.75
[-0.07763775  0.10456127  0.00363825  0.22663389  0.21806526 -0.10265412
  0.00622877 -0.13850354  0.25854328 -1.210809   -0.02962389 -0.20142779
 -0.07856243  0.14943677  0.43779525  0.35296187 -0.22873138  0.08916604
 -0.05018768  0.17394906 -0.20426807 -0.17721446 -0.16339271  0.02081736
  0.02293353  0.34607613 -0.01179729 -0.5565527 ]
X_ 1 postcondition: == 0.75
[-0.07763775  0.10456127  0.00363825  0.22663389  0.21806526 -0.10265412
  0.00622877 -0.13850354  0.25854328 -1.210809   -0.02962389 -0.20142779
 -0.07856243  0.14943677  0.43779525  0.35296187 -0.22873138  0.08916604
 -0.05018768  0.17394906 -0.20426807 -0.17721446 -0.16339271  0.02081736
  0.02293353  0.34607613 -0.01179729 -0.5565527 ]
X_ 1 postcondition: != 0.75
[-0.07763775  0.10456127  0.00363825  0.22663389  0.21806526 -0.10265412
  0.00622877 -0.13850354  0.25854328 -1.210809   -0.02962389 -0.20142779
 -0.07856243  0.14943677  0.43779525  0.35296187 -0.22873138  0.08916604
 -0.05018768  0.17394906 -0.20426807 -0.17721446 -0.16339271  0.02081736
  0.02293353  0.34607613 -0.01179729 -0.5565527 ]
X_ 1 postcondition: >= 0.9
[-0.09316534  0.12547351  0.0043659   0.27196065  0.26167828 -0.12318494
  0.00747451 -0.16620424  0.31025192 -1.4529707  -0.03554869 -0.24171336
 -0.09427492  0.17932412  0.5253542   0.42355424 -0.2744777   0.10699922
 -0.06022523  0.20873888 -0.24512169 -0.21265732 -0.19607124  0.02498082
  0.02752028  0.41529134 -0.01415675 -0.66786313]
X_ 1 postcondition: <= 0.9
[-0.09316534  0.12547351  0.0043659   0.27196065  0.26167828 -0.12318494
  0.00747451 -0.16620424  0.31025192 -1.4529707  -0.03554869 -0.24171336
 -0.09427492  0.17932412  0.5253542   0.42355424 -0.2744777   0.10699922
 -0.06022523  0.20873888 -0.24512169 -0.21265732 -0.19607124  0.02498082
  0.02752028  0.41529134 -0.01415675 -0.66786313]
X_ 1 postcondition: > 0.9
[-0.09316534  0.12547351  0.0043659   0.27196065  0.26167828 -0.12318494
  0.00747451 -0.16620424  0.31025192 -1.4529707  -0.03554869 -0.24171336
 -0.09427492  0.17932412  0.5253542   0.42355424 -0.2744777   0.10699922
 -0.06022523  0.20873888 -0.24512169 -0.21265732 -0.19607124  0.02498082
  0.02752028  0.41529134 -0.01415675 -0.66786313]
X_ 1 postcondition: < 0.9
[-0.09316534  0.12547351  0.0043659   0.27196065  0.26167828 -0.12318494
  0.00747451 -0.16620424  0.31025192 -1.4529707  -0.03554869 -0.24171336
 -0.09427492  0.17932412  0.5253542   0.42355424 -0.2744777   0.10699922
 -0.06022523  0.20873888 -0.24512169 -0.21265732 -0.19607124  0.02498082
  0.02752028  0.41529134 -0.01415675 -0.66786313]
X_ 1 postcondition: == 0.9
[-0.09316534  0.12547351  0.0043659   0.27196065  0.26167828 -0.12318494
  0.00747451 -0.16620424  0.31025192 -1.4529707  -0.03554869 -0.24171336
 -0.09427492  0.17932412  0.5253542   0.42355424 -0.2744777   0.10699922
 -0.06022523  0.20873888 -0.24512169 -0.21265732 -0.19607124  0.02498082
  0.02752028  0.41529134 -0.01415675 -0.66786313]
X_ 1 postcondition: != 0.9
[-0.09316534  0.12547351  0.0043659   0.27196065  0.26167828 -0.12318494
  0.00747451 -0.16620424  0.31025192 -1.4529707  -0.03554869 -0.24171336
 -0.09427492  0.17932412  0.5253542   0.42355424 -0.2744777   0.10699922
 -0.06022523  0.20873888 -0.24512169 -0.21265732 -0.19607124  0.02498082
  0.02752028  0.41529134 -0.01415675 -0.66786313]
X_ 1 postcondition: >= 0.95
[-0.0983412   0.13244426  0.00460846  0.2870696   0.27621597 -0.13002855
  0.00788976 -0.17543782  0.32748815 -1.5336914  -0.03752362 -0.25514188
 -0.09951241  0.18928654  0.5545406   0.44708505 -0.2897264   0.11294362
 -0.06357109  0.22033545 -0.25873956 -0.22447164 -0.20696414  0.02636866
  0.02904912  0.43836308 -0.01494324 -0.7049666 ]
X_ 1 postcondition: <= 0.95
[-0.0983412   0.13244426  0.00460846  0.2870696   0.27621597 -0.13002855
  0.00788976 -0.17543782  0.32748815 -1.5336914  -0.03752362 -0.25514188
 -0.09951241  0.18928654  0.5545406   0.44708505 -0.2897264   0.11294362
 -0.06357109  0.22033545 -0.25873956 -0.22447164 -0.20696414  0.02636866
  0.02904912  0.43836308 -0.01494324 -0.7049666 ]
X_ 1 postcondition: > 0.95
[-0.0983412   0.13244426  0.00460846  0.2870696   0.27621597 -0.13002855
  0.00788976 -0.17543782  0.32748815 -1.5336914  -0.03752362 -0.25514188
 -0.09951241  0.18928654  0.5545406   0.44708505 -0.2897264   0.11294362
 -0.06357109  0.22033545 -0.25873956 -0.22447164 -0.20696414  0.02636866
  0.02904912  0.43836308 -0.01494324 -0.7049666 ]
X_ 1 postcondition: < 0.95
[-0.0983412   0.13244426  0.00460846  0.2870696   0.27621597 -0.13002855
  0.00788976 -0.17543782  0.32748815 -1.5336914  -0.03752362 -0.25514188
 -0.09951241  0.18928654  0.5545406   0.44708505 -0.2897264   0.11294362
 -0.06357109  0.22033545 -0.25873956 -0.22447164 -0.20696414  0.02636866
  0.02904912  0.43836308 -0.01494324 -0.7049666 ]
X_ 1 postcondition: == 0.95
[-0.0983412   0.13244426  0.00460846  0.2870696   0.27621597 -0.13002855
  0.00788976 -0.17543782  0.32748815 -1.5336914  -0.03752362 -0.25514188
 -0.09951241  0.18928654  0.5545406   0.44708505 -0.2897264   0.11294362
 -0.06357109  0.22033545 -0.25873956 -0.22447164 -0.20696414  0.02636866
  0.02904912  0.43836308 -0.01494324 -0.7049666 ]
X_ 1 postcondition: != 0.95
[-0.0983412   0.13244426  0.00460846  0.2870696   0.27621597 -0.13002855
  0.00788976 -0.17543782  0.32748815 -1.5336914  -0.03752362 -0.25514188
 -0.09951241  0.18928654  0.5545406   0.44708505 -0.2897264   0.11294362
 -0.06357109  0.22033545 -0.25873956 -0.22447164 -0.20696414  0.02636866
  0.02904912  0.43836308 -0.01494324 -0.7049666 ]
X_ 1 postcondition: >= 0.99
[-0.10248184  0.13802087  0.00480249  0.29915676  0.28784612 -0.13550346
  0.00822196 -0.18282467  0.3412771  -1.5982679  -0.03910356 -0.2658847
 -0.10370241  0.19725655  0.5778896   0.46590963 -0.30192542  0.11769915
 -0.06624774  0.22961275 -0.26963386 -0.2339231  -0.21567841  0.02747892
  0.03027227  0.4568205  -0.01557243 -0.7346495 ]
X_ 1 postcondition: <= 0.99
[-0.10248184  0.13802087  0.00480249  0.29915676  0.28784612 -0.13550346
  0.00822196 -0.18282467  0.3412771  -1.5982679  -0.03910356 -0.2658847
 -0.10370241  0.19725655  0.5778896   0.46590963 -0.30192542  0.11769915
 -0.06624774  0.22961275 -0.26963386 -0.2339231  -0.21567841  0.02747892
  0.03027227  0.4568205  -0.01557243 -0.7346495 ]
X_ 1 postcondition: > 0.99
[-0.10248184  0.13802087  0.00480249  0.29915676  0.28784612 -0.13550346
  0.00822196 -0.18282467  0.3412771  -1.5982679  -0.03910356 -0.2658847
 -0.10370241  0.19725655  0.5778896   0.46590963 -0.30192542  0.11769915
 -0.06624774  0.22961275 -0.26963386 -0.2339231  -0.21567841  0.02747892
  0.03027227  0.4568205  -0.01557243 -0.7346495 ]
X_ 1 postcondition: < 0.99
[-0.10248184  0.13802087  0.00480249  0.29915676  0.28784612 -0.13550346
  0.00822196 -0.18282467  0.3412771  -1.5982679  -0.03910356 -0.2658847
 -0.10370241  0.19725655  0.5778896   0.46590963 -0.30192542  0.11769915
 -0.06624774  0.22961275 -0.26963386 -0.2339231  -0.21567841  0.02747892
  0.03027227  0.4568205  -0.01557243 -0.7346495 ]
X_ 1 postcondition: == 0.99
[-0.10248184  0.13802087  0.00480249  0.29915676  0.28784612 -0.13550346
  0.00822196 -0.18282467  0.3412771  -1.5982679  -0.03910356 -0.2658847
 -0.10370241  0.19725655  0.5778896   0.46590963 -0.30192542  0.11769915
 -0.06624774  0.22961275 -0.26963386 -0.2339231  -0.21567841  0.02747892
  0.03027227  0.4568205  -0.01557243 -0.7346495 ]
X_ 1 postcondition: != 0.99
[-0.10248184  0.13802087  0.00480249  0.29915676  0.28784612 -0.13550346
  0.00822196 -0.18282467  0.3412771  -1.5982679  -0.03910356 -0.2658847
 -0.10370241  0.19725655  0.5778896   0.46590963 -0.30192542  0.11769915
 -0.06624774  0.22961275 -0.26963386 -0.2339231  -0.21567841  0.02747892
  0.03027227  0.4568205  -0.01557243 -0.7346495 ]
X_ 2 postcondition: >= 0.75
[-0.04312819 -0.1028181   0.04371166  0.01947855 -0.01513577 -0.09723952
 -0.06424847 -0.0053394  -0.01226167 -0.02926584]
X_ 2 postcondition: <= 0.75
[-0.04312819 -0.1028181   0.04371166  0.01947855 -0.01513577 -0.09723952
 -0.06424847 -0.0053394  -0.01226167 -0.02926584]
X_ 2 postcondition: > 0.75
[-0.04312819 -0.1028181   0.04371166  0.01947855 -0.01513577 -0.09723952
 -0.06424847 -0.0053394  -0.01226167 -0.02926584]
X_ 2 postcondition: < 0.75
[-0.04312819 -0.1028181   0.04371166  0.01947855 -0.01513577 -0.09723952
 -0.06424847 -0.0053394  -0.01226167 -0.02926584]
X_ 2 postcondition: == 0.75
[-0.04312819 -0.1028181   0.04371166  0.01947855 -0.01513577 -0.09723952
 -0.06424847 -0.0053394  -0.01226167 -0.02926584]
X_ 2 postcondition: != 0.75
[-0.04312819 -0.1028181   0.04371166  0.01947855 -0.01513577 -0.09723952
 -0.06424847 -0.0053394  -0.01226167 -0.02926584]
X_ 2 postcondition: >= 0.9
[-0.05175383 -0.12338172  0.05245399  0.02337426 -0.01816292 -0.11668742
 -0.07709816 -0.00640728 -0.014714   -0.03511901]
X_ 2 postcondition: <= 0.9
[-0.05175383 -0.12338172  0.05245399  0.02337426 -0.01816292 -0.11668742
 -0.07709816 -0.00640728 -0.014714   -0.03511901]
X_ 2 postcondition: > 0.9
[-0.05175383 -0.12338172  0.05245399  0.02337426 -0.01816292 -0.11668742
 -0.07709816 -0.00640728 -0.014714   -0.03511901]
X_ 2 postcondition: < 0.9
[-0.05175383 -0.12338172  0.05245399  0.02337426 -0.01816292 -0.11668742
 -0.07709816 -0.00640728 -0.014714   -0.03511901]
X_ 2 postcondition: == 0.9
[-0.05175383 -0.12338172  0.05245399  0.02337426 -0.01816292 -0.11668742
 -0.07709816 -0.00640728 -0.014714   -0.03511901]
X_ 2 postcondition: != 0.9
[-0.05175383 -0.12338172  0.05245399  0.02337426 -0.01816292 -0.11668742
 -0.07709816 -0.00640728 -0.014714   -0.03511901]
X_ 2 postcondition: >= 0.95
[-0.05462903 -0.13023627  0.05536814  0.02467283 -0.01917198 -0.12317005
 -0.0813814  -0.00676324 -0.01553145 -0.03707006]
X_ 2 postcondition: <= 0.95
[-0.05462903 -0.13023627  0.05536814  0.02467283 -0.01917198 -0.12317005
 -0.0813814  -0.00676324 -0.01553145 -0.03707006]
X_ 2 postcondition: > 0.95
[-0.05462903 -0.13023627  0.05536814  0.02467283 -0.01917198 -0.12317005
 -0.0813814  -0.00676324 -0.01553145 -0.03707006]
X_ 2 postcondition: < 0.95
[-0.05462903 -0.13023627  0.05536814  0.02467283 -0.01917198 -0.12317005
 -0.0813814  -0.00676324 -0.01553145 -0.03707006]
X_ 2 postcondition: == 0.95
[-0.05462903 -0.13023627  0.05536814  0.02467283 -0.01917198 -0.12317005
 -0.0813814  -0.00676324 -0.01553145 -0.03707006]
X_ 2 postcondition: != 0.95
[-0.05462903 -0.13023627  0.05536814  0.02467283 -0.01917198 -0.12317005
 -0.0813814  -0.00676324 -0.01553145 -0.03707006]
X_ 2 postcondition: >= 0.99
[-0.05692923 -0.13571991  0.05769943  0.02571167 -0.01997922 -0.12835614
 -0.08480798 -0.007048   -0.0161854  -0.03863092]
X_ 2 postcondition: <= 0.99
[-0.05692923 -0.13571991  0.05769943  0.02571167 -0.01997922 -0.12835614
 -0.08480798 -0.007048   -0.0161854  -0.03863092]
X_ 2 postcondition: > 0.99
[-0.05692923 -0.13571991  0.05769943  0.02571167 -0.01997922 -0.12835614
 -0.08480798 -0.007048   -0.0161854  -0.03863092]
X_ 2 postcondition: < 0.99
[-0.05692923 -0.13571991  0.05769943  0.02571167 -0.01997922 -0.12835614
 -0.08480798 -0.007048   -0.0161854  -0.03863092]
X_ 2 postcondition: == 0.99
[-0.05692923 -0.13571991  0.05769943  0.02571167 -0.01997922 -0.12835614
 -0.08480798 -0.007048   -0.0161854  -0.03863092]
X_ 2 postcondition: != 0.99
[-0.05692923 -0.13571991  0.05769943  0.02571167 -0.01997922 -0.12835614
 -0.08480798 -0.007048   -0.0161854  -0.03863092]
X_ 3 postcondition: >= 0.75
[-5.7367975e-01  2.3668492e-01  3.5404444e-01 -8.7088194e+00
  1.0466470e-01  4.5999990e+00  1.0480622e-01 -4.7082615e+01
 -1.9578608e+00 -2.2924168e-01  2.2333474e-01 -6.3347451e-02
  2.0953059e+00 -7.2009251e-02  2.9641575e-01  1.1673723e+00
 -8.5713238e-02 -4.2224946e-03  1.8032925e-02 -1.0207269e-01
  1.9990194e-01 -1.9896677e-02  1.6376711e+00  2.1699290e+00
  3.0243909e-01  6.6701561e-01 -1.5690641e-01 -6.0456946e-02]
X_ 3 postcondition: <= 0.75
[-5.7367975e-01  2.3668492e-01  3.5404444e-01 -8.7088194e+00
  1.0466470e-01  4.5999990e+00  1.0480622e-01 -4.7082615e+01
 -1.9578608e+00 -2.2924168e-01  2.2333474e-01 -6.3347451e-02
  2.0953059e+00 -7.2009251e-02  2.9641575e-01  1.1673723e+00
 -8.5713238e-02 -4.2224946e-03  1.8032925e-02 -1.0207269e-01
  1.9990194e-01 -1.9896677e-02  1.6376711e+00  2.1699290e+00
  3.0243909e-01  6.6701561e-01 -1.5690641e-01 -6.0456946e-02]
X_ 3 postcondition: > 0.75
[-5.7367975e-01  2.3668492e-01  3.5404444e-01 -8.7088194e+00
  1.0466470e-01  4.5999990e+00  1.0480622e-01 -4.7082615e+01
 -1.9578608e+00 -2.2924168e-01  2.2333474e-01 -6.3347451e-02
  2.0953059e+00 -7.2009251e-02  2.9641575e-01  1.1673723e+00
 -8.5713238e-02 -4.2224946e-03  1.8032925e-02 -1.0207269e-01
  1.9990194e-01 -1.9896677e-02  1.6376711e+00  2.1699290e+00
  3.0243909e-01  6.6701561e-01 -1.5690641e-01 -6.0456946e-02]
X_ 3 postcondition: < 0.75
[-5.7367975e-01  2.3668492e-01  3.5404444e-01 -8.7088194e+00
  1.0466470e-01  4.5999990e+00  1.0480622e-01 -4.7082615e+01
 -1.9578608e+00 -2.2924168e-01  2.2333474e-01 -6.3347451e-02
  2.0953059e+00 -7.2009251e-02  2.9641575e-01  1.1673723e+00
 -8.5713238e-02 -4.2224946e-03  1.8032925e-02 -1.0207269e-01
  1.9990194e-01 -1.9896677e-02  1.6376711e+00  2.1699290e+00
  3.0243909e-01  6.6701561e-01 -1.5690641e-01 -6.0456946e-02]
X_ 3 postcondition: == 0.75
[-5.7367975e-01  2.3668492e-01  3.5404444e-01 -8.7088194e+00
  1.0466470e-01  4.5999990e+00  1.0480622e-01 -4.7082615e+01
 -1.9578608e+00 -2.2924168e-01  2.2333474e-01 -6.3347451e-02
  2.0953059e+00 -7.2009251e-02  2.9641575e-01  1.1673723e+00
 -8.5713238e-02 -4.2224946e-03  1.8032925e-02 -1.0207269e-01
  1.9990194e-01 -1.9896677e-02  1.6376711e+00  2.1699290e+00
  3.0243909e-01  6.6701561e-01 -1.5690641e-01 -6.0456946e-02]
X_ 3 postcondition: != 0.75
[-5.7367975e-01  2.3668492e-01  3.5404444e-01 -8.7088194e+00
  1.0466470e-01  4.5999990e+00  1.0480622e-01 -4.7082615e+01
 -1.9578608e+00 -2.2924168e-01  2.2333474e-01 -6.3347451e-02
  2.0953059e+00 -7.2009251e-02  2.9641575e-01  1.1673723e+00
 -8.5713238e-02 -4.2224946e-03  1.8032925e-02 -1.0207269e-01
  1.9990194e-01 -1.9896677e-02  1.6376711e+00  2.1699290e+00
  3.0243909e-01  6.6701561e-01 -1.5690641e-01 -6.0456946e-02]
X_ 3 postcondition: >= 0.9
[-6.88415706e-01  2.84021884e-01  4.24853325e-01 -1.04505825e+01
  1.25597641e-01  5.51999855e+00  1.25767469e-01 -5.64991341e+01
 -2.34943295e+00 -2.75090009e-01  2.68001676e-01 -7.60169476e-02
  2.51436710e+00 -8.64110962e-02  3.55698884e-01  1.40084684e+00
 -1.02855884e-01 -5.06699365e-03  2.16395091e-02 -1.22487232e-01
  2.39882290e-01 -2.38760114e-02  1.96520531e+00  2.60391474e+00
  3.62926900e-01  8.00418735e-01 -1.88287675e-01 -7.25483298e-02]
X_ 3 postcondition: <= 0.9
[-6.88415706e-01  2.84021884e-01  4.24853325e-01 -1.04505825e+01
  1.25597641e-01  5.51999855e+00  1.25767469e-01 -5.64991341e+01
 -2.34943295e+00 -2.75090009e-01  2.68001676e-01 -7.60169476e-02
  2.51436710e+00 -8.64110962e-02  3.55698884e-01  1.40084684e+00
 -1.02855884e-01 -5.06699365e-03  2.16395091e-02 -1.22487232e-01
  2.39882290e-01 -2.38760114e-02  1.96520531e+00  2.60391474e+00
  3.62926900e-01  8.00418735e-01 -1.88287675e-01 -7.25483298e-02]
X_ 3 postcondition: > 0.9
[-6.88415706e-01  2.84021884e-01  4.24853325e-01 -1.04505825e+01
  1.25597641e-01  5.51999855e+00  1.25767469e-01 -5.64991341e+01
 -2.34943295e+00 -2.75090009e-01  2.68001676e-01 -7.60169476e-02
  2.51436710e+00 -8.64110962e-02  3.55698884e-01  1.40084684e+00
 -1.02855884e-01 -5.06699365e-03  2.16395091e-02 -1.22487232e-01
  2.39882290e-01 -2.38760114e-02  1.96520531e+00  2.60391474e+00
  3.62926900e-01  8.00418735e-01 -1.88287675e-01 -7.25483298e-02]
X_ 3 postcondition: < 0.9
[-6.88415706e-01  2.84021884e-01  4.24853325e-01 -1.04505825e+01
  1.25597641e-01  5.51999855e+00  1.25767469e-01 -5.64991341e+01
 -2.34943295e+00 -2.75090009e-01  2.68001676e-01 -7.60169476e-02
  2.51436710e+00 -8.64110962e-02  3.55698884e-01  1.40084684e+00
 -1.02855884e-01 -5.06699365e-03  2.16395091e-02 -1.22487232e-01
  2.39882290e-01 -2.38760114e-02  1.96520531e+00  2.60391474e+00
  3.62926900e-01  8.00418735e-01 -1.88287675e-01 -7.25483298e-02]
X_ 3 postcondition: == 0.9
[-6.88415706e-01  2.84021884e-01  4.24853325e-01 -1.04505825e+01
  1.25597641e-01  5.51999855e+00  1.25767469e-01 -5.64991341e+01
 -2.34943295e+00 -2.75090009e-01  2.68001676e-01 -7.60169476e-02
  2.51436710e+00 -8.64110962e-02  3.55698884e-01  1.40084684e+00
 -1.02855884e-01 -5.06699365e-03  2.16395091e-02 -1.22487232e-01
  2.39882290e-01 -2.38760114e-02  1.96520531e+00  2.60391474e+00
  3.62926900e-01  8.00418735e-01 -1.88287675e-01 -7.25483298e-02]
X_ 3 postcondition: != 0.9
[-6.88415706e-01  2.84021884e-01  4.24853325e-01 -1.04505825e+01
  1.25597641e-01  5.51999855e+00  1.25767469e-01 -5.64991341e+01
 -2.34943295e+00 -2.75090009e-01  2.68001676e-01 -7.60169476e-02
  2.51436710e+00 -8.64110962e-02  3.55698884e-01  1.40084684e+00
 -1.02855884e-01 -5.06699365e-03  2.16395091e-02 -1.22487232e-01
  2.39882290e-01 -2.38760114e-02  1.96520531e+00  2.60391474e+00
  3.62926900e-01  8.00418735e-01 -1.88287675e-01 -7.25483298e-02]
X_ 3 postcondition: >= 0.95
[-7.2666103e-01  2.9980090e-01  4.4845626e-01 -1.1031171e+01
  1.3257529e-01  5.8266654e+00  1.3275455e-01 -5.9637974e+01
 -2.4799571e+00 -2.9037279e-01  2.8289065e-01 -8.0240108e-02
  2.6540542e+00 -9.1211714e-02  3.7545991e-01  1.4786717e+00
 -1.0857011e-01 -5.3484933e-03  2.2841705e-02 -1.2929209e-01
  2.5320908e-01 -2.5202459e-02  2.0743833e+00  2.7485769e+00
  3.8308948e-01  8.4488642e-01 -1.9874811e-01 -7.6578796e-02]
X_ 3 postcondition: <= 0.95
[-7.2666103e-01  2.9980090e-01  4.4845626e-01 -1.1031171e+01
  1.3257529e-01  5.8266654e+00  1.3275455e-01 -5.9637974e+01
 -2.4799571e+00 -2.9037279e-01  2.8289065e-01 -8.0240108e-02
  2.6540542e+00 -9.1211714e-02  3.7545991e-01  1.4786717e+00
 -1.0857011e-01 -5.3484933e-03  2.2841705e-02 -1.2929209e-01
  2.5320908e-01 -2.5202459e-02  2.0743833e+00  2.7485769e+00
  3.8308948e-01  8.4488642e-01 -1.9874811e-01 -7.6578796e-02]
X_ 3 postcondition: > 0.95
[-7.2666103e-01  2.9980090e-01  4.4845626e-01 -1.1031171e+01
  1.3257529e-01  5.8266654e+00  1.3275455e-01 -5.9637974e+01
 -2.4799571e+00 -2.9037279e-01  2.8289065e-01 -8.0240108e-02
  2.6540542e+00 -9.1211714e-02  3.7545991e-01  1.4786717e+00
 -1.0857011e-01 -5.3484933e-03  2.2841705e-02 -1.2929209e-01
  2.5320908e-01 -2.5202459e-02  2.0743833e+00  2.7485769e+00
  3.8308948e-01  8.4488642e-01 -1.9874811e-01 -7.6578796e-02]
X_ 3 postcondition: < 0.95
[-7.2666103e-01  2.9980090e-01  4.4845626e-01 -1.1031171e+01
  1.3257529e-01  5.8266654e+00  1.3275455e-01 -5.9637974e+01
 -2.4799571e+00 -2.9037279e-01  2.8289065e-01 -8.0240108e-02
  2.6540542e+00 -9.1211714e-02  3.7545991e-01  1.4786717e+00
 -1.0857011e-01 -5.3484933e-03  2.2841705e-02 -1.2929209e-01
  2.5320908e-01 -2.5202459e-02  2.0743833e+00  2.7485769e+00
  3.8308948e-01  8.4488642e-01 -1.9874811e-01 -7.6578796e-02]
X_ 3 postcondition: == 0.95
[-7.2666103e-01  2.9980090e-01  4.4845626e-01 -1.1031171e+01
  1.3257529e-01  5.8266654e+00  1.3275455e-01 -5.9637974e+01
 -2.4799571e+00 -2.9037279e-01  2.8289065e-01 -8.0240108e-02
  2.6540542e+00 -9.1211714e-02  3.7545991e-01  1.4786717e+00
 -1.0857011e-01 -5.3484933e-03  2.2841705e-02 -1.2929209e-01
  2.5320908e-01 -2.5202459e-02  2.0743833e+00  2.7485769e+00
  3.8308948e-01  8.4488642e-01 -1.9874811e-01 -7.6578796e-02]
X_ 3 postcondition: != 0.95
[-7.2666103e-01  2.9980090e-01  4.4845626e-01 -1.1031171e+01
  1.3257529e-01  5.8266654e+00  1.3275455e-01 -5.9637974e+01
 -2.4799571e+00 -2.9037279e-01  2.8289065e-01 -8.0240108e-02
  2.6540542e+00 -9.1211714e-02  3.7545991e-01  1.4786717e+00
 -1.0857011e-01 -5.3484933e-03  2.2841705e-02 -1.2929209e-01
  2.5320908e-01 -2.5202459e-02  2.0743833e+00  2.7485769e+00
  3.8308948e-01  8.4488642e-01 -1.9874811e-01 -7.6578796e-02]
X_ 3 postcondition: >= 0.99
[-7.5725728e-01  3.1242409e-01  4.6733865e-01 -1.1495642e+01
  1.3815741e-01  6.0719986e+00  1.3834421e-01 -6.2149048e+01
 -2.5843763e+00 -3.0259901e-01  2.9480186e-01 -8.3618641e-02
  2.7658041e+00 -9.5052220e-02  3.9126879e-01  1.5409316e+00
 -1.1314147e-01 -5.5736932e-03  2.3803461e-02 -1.3473596e-01
  2.6387054e-01 -2.6263613e-02  2.1617260e+00  2.8643062e+00
  3.9921960e-01  8.8046062e-01 -2.0711645e-01 -7.9803169e-02]
X_ 3 postcondition: <= 0.99
[-7.5725728e-01  3.1242409e-01  4.6733865e-01 -1.1495642e+01
  1.3815741e-01  6.0719986e+00  1.3834421e-01 -6.2149048e+01
 -2.5843763e+00 -3.0259901e-01  2.9480186e-01 -8.3618641e-02
  2.7658041e+00 -9.5052220e-02  3.9126879e-01  1.5409316e+00
 -1.1314147e-01 -5.5736932e-03  2.3803461e-02 -1.3473596e-01
  2.6387054e-01 -2.6263613e-02  2.1617260e+00  2.8643062e+00
  3.9921960e-01  8.8046062e-01 -2.0711645e-01 -7.9803169e-02]
X_ 3 postcondition: > 0.99
[-7.5725728e-01  3.1242409e-01  4.6733865e-01 -1.1495642e+01
  1.3815741e-01  6.0719986e+00  1.3834421e-01 -6.2149048e+01
 -2.5843763e+00 -3.0259901e-01  2.9480186e-01 -8.3618641e-02
  2.7658041e+00 -9.5052220e-02  3.9126879e-01  1.5409316e+00
 -1.1314147e-01 -5.5736932e-03  2.3803461e-02 -1.3473596e-01
  2.6387054e-01 -2.6263613e-02  2.1617260e+00  2.8643062e+00
  3.9921960e-01  8.8046062e-01 -2.0711645e-01 -7.9803169e-02]
X_ 3 postcondition: < 0.99
[-7.5725728e-01  3.1242409e-01  4.6733865e-01 -1.1495642e+01
  1.3815741e-01  6.0719986e+00  1.3834421e-01 -6.2149048e+01
 -2.5843763e+00 -3.0259901e-01  2.9480186e-01 -8.3618641e-02
  2.7658041e+00 -9.5052220e-02  3.9126879e-01  1.5409316e+00
 -1.1314147e-01 -5.5736932e-03  2.3803461e-02 -1.3473596e-01
  2.6387054e-01 -2.6263613e-02  2.1617260e+00  2.8643062e+00
  3.9921960e-01  8.8046062e-01 -2.0711645e-01 -7.9803169e-02]
X_ 3 postcondition: == 0.99
[-7.5725728e-01  3.1242409e-01  4.6733865e-01 -1.1495642e+01
  1.3815741e-01  6.0719986e+00  1.3834421e-01 -6.2149048e+01
 -2.5843763e+00 -3.0259901e-01  2.9480186e-01 -8.3618641e-02
  2.7658041e+00 -9.5052220e-02  3.9126879e-01  1.5409316e+00
 -1.1314147e-01 -5.5736932e-03  2.3803461e-02 -1.3473596e-01
  2.6387054e-01 -2.6263613e-02  2.1617260e+00  2.8643062e+00
  3.9921960e-01  8.8046062e-01 -2.0711645e-01 -7.9803169e-02]
X_ 3 postcondition: != 0.99
[-7.5725728e-01  3.1242409e-01  4.6733865e-01 -1.1495642e+01
  1.3815741e-01  6.0719986e+00  1.3834421e-01 -6.2149048e+01
 -2.5843763e+00 -3.0259901e-01  2.9480186e-01 -8.3618641e-02
  2.7658041e+00 -9.5052220e-02  3.9126879e-01  1.5409316e+00
 -1.1314147e-01 -5.5736932e-03  2.3803461e-02 -1.3473596e-01
  2.6387054e-01 -2.6263613e-02  2.1617260e+00  2.8643062e+00
  3.9921960e-01  8.8046062e-01 -2.0711645e-01 -7.9803169e-02]
Weakest precondition: [-0.10351702  0.139415    0.00485101  0.3021785   0.29075366 -0.13687214
  0.008305   -0.18467137  0.34472436 -1.614412   -0.03949852 -0.26857042
 -0.10474992  0.199249    0.58372694  0.47061577 -0.30497518  0.11888804
 -0.06691692  0.23193206 -0.27235743 -0.2362859  -0.21785696  0.02775647
  0.03057809  0.46143484 -0.01572972 -0.74207014]
Features:  ['age' 'education' 'balance' 'day' 'month' 'duration' 'campaign' 'pdays'
 'previous' 'poutcome' 'job_blue' 'job_entrepreneur' 'job_housemaid'
 'job_management' 'job_retired' 'job_self' 'job_services' 'job_student'
 'job_technician' 'job_unemployed' 'job_unknown' 'marital_married'
 'marital_single' 'default_yes' 'housing_yes' 'loan_yes'
 'contact_telephone' 'contact_unknown']
Features length:  28
Weakest precondition size  28

Checking precondition violation:   0%|          | 0/28 [00:00<?, ?it/s]
Checking precondition violation:  82%|████████▏ | 23/28 [00:00<00:00, 229.40it/s]
Checking precondition violation: 100%|██████████| 28/28 [00:00<00:00, 250.61it/s]
