Number of layers in the model: 6
Layer: dense
Layer: dense_1
Layer: dense_2
Layer: dense_3
Layer: dense_4
Layer: dense_5
Number of selected layers in the model: 6
#weights: 6 | #biases: 6 | #N: 6 | #Gamma: 6
W_ 1 : [[-1.9428591e-01 -2.5250441e-01  5.9687190e-02 ... -1.4428522e-01
  -1.3377629e-01 -9.3076281e-02]
 [ 2.1351022e-01 -1.2431805e-01 -3.6526218e-01 ... -1.0901989e+00
   2.9411420e-01  4.7969007e-01]
 [-1.9207813e-02  4.8462365e-02 -4.4322811e-02 ... -1.6209699e-01
  -1.9101145e-02  7.7624895e-02]
 ...
 [-2.8735632e-01  1.9415965e+00 -2.6717174e-01 ...  1.7837095e+00
   5.7987291e-01  1.0953343e+00]
 [-8.7523654e-02 -8.3611500e-01 -2.8059497e-01 ...  2.1734857e-03
  -3.0919999e-01 -1.7859098e-01]
 [ 1.1673865e+00  5.1902218e+00  1.3404767e-01 ...  3.7254105e+00
   7.2096336e-01  4.1851177e+00]]
W_ 2 : [[ 0.1505214  -0.19773623  0.0602814  ...  0.15734288  0.5083448
  -0.05707768]
 [ 0.14440136  0.05058065 -0.23560013 ... -0.30299482  0.3231122
   0.12826775]
 [ 0.08221111  0.15976325 -0.03832243 ... -0.10161891  0.2340842
   0.01390782]
 ...
 [-0.19323206 -0.40794846  0.12226414 ...  0.16659969 -0.03936836
   0.56907576]
 [-0.16191274 -0.0372611  -0.11614099 ...  0.02479283 -0.06689602
  -0.2164392 ]
 [ 0.075275    0.17783767 -0.05526883 ...  0.06386963 -0.10089235
   0.19940911]]
W_ 3 : [[-1.11860715e-01 -2.70953298e-01 -2.87357718e-01 -2.64365882e-01
   1.73221856e-01 -1.67322055e-01 -6.65962398e-02 -1.47827759e-01
  -3.20919007e-01  1.28126442e-02  2.01024026e-01  2.73041683e-03
  -1.06491983e-01 -3.49533558e-03 -1.20023049e-01  1.63465053e-01]
 [ 2.15189420e-02  2.00411573e-01  2.30687335e-01 -8.19526054e-03
  -2.50555053e-02 -4.83415797e-02  4.63582575e-02  3.08094770e-01
  -4.97503549e-01 -2.76382536e-01 -4.93995473e-02  1.28299430e-01
   3.18463504e-01  3.00830215e-01  1.11629792e-01  1.50024980e-01]
 [-3.94165032e-02  2.64213741e-01 -2.22009867e-01 -3.23474139e-01
  -2.13867188e-01  2.77644366e-01  1.65214866e-01 -2.32108340e-01
   1.44416377e-01 -3.72902751e-02 -3.19684148e-01 -1.09234184e-01
   2.51389652e-01  2.61956245e-01  1.26731023e-01  4.12324369e-02]
 [-1.07975416e-01 -3.07790786e-01  2.63286177e-02 -2.60024637e-01
  -7.00793341e-02  2.98256546e-01 -2.05475584e-01  5.67901433e-02
   1.25629544e-01  2.58901745e-01  8.64006579e-02 -5.83245195e-02
  -2.29545906e-01 -3.17275301e-02 -1.02528878e-01 -2.19065070e-01]
 [ 8.34925473e-02 -5.99877425e-02 -2.90758193e-01 -1.70893893e-02
  -2.48185843e-01 -1.21996462e-01  1.18260831e-01  2.22150117e-01
  -2.72892535e-01  1.38646632e-01  1.54153436e-01  1.13812909e-01
   3.32123667e-01 -2.37442911e-01 -2.19489038e-01 -1.12300113e-01]
 [-5.68336070e-01 -1.24590568e-01  2.85732538e-01  1.91869512e-01
   3.93514931e-01  2.18782037e-01  2.57001799e-02 -2.69218534e-01
  -1.43902779e-01 -1.53615698e-01  7.26975948e-02  6.47626817e-02
   9.91773903e-02  1.61198884e-01  1.34102508e-01 -1.72019750e-01]
 [ 1.15884066e-01 -1.05742343e-01 -3.02747548e-01 -2.68831968e-01
   2.71335691e-01 -2.87763894e-01 -3.34822208e-01  1.27614632e-01
   2.72988886e-01 -1.42167121e-01 -1.17395923e-01  9.08629671e-02
  -1.08761787e-01 -2.71946967e-01 -2.06320286e-01 -9.31934118e-02]
 [ 6.63850158e-02 -3.90613526e-01  1.32114559e-01  5.04861116e-01
   1.25627704e-02  2.54553974e-01  1.12873532e-01 -1.42460659e-01
  -1.34053737e-01 -9.51259062e-02  2.48265982e-01 -3.19805026e-01
   2.65585661e-01 -9.69049335e-02 -1.98935792e-01  2.64577478e-01]
 [ 4.23363566e-01  1.84343159e-01 -1.61725819e-01  1.37158349e-01
   1.42543882e-01  1.82427377e-01 -2.75820047e-02  2.19801992e-01
  -3.66808265e-01  2.51971662e-01 -5.84237576e-01  3.15240502e-01
  -1.07881287e-02  1.21561751e-01  3.25662941e-01 -3.06674540e-01]
 [ 2.93064833e-01  1.18683549e-02 -4.78512287e-01 -2.57719129e-01
  -2.16849387e-01 -3.63332689e-01 -9.96490866e-02  2.30451464e-03
  -4.35308695e-01 -1.09504253e-01  3.17606300e-01 -2.21077815e-01
   2.77132213e-01  1.29703775e-01  2.92296857e-01 -5.45216724e-02]
 [-1.05888866e-01 -8.28719065e-02 -3.10396016e-01  1.75034225e-01
   2.95639187e-02  1.72115251e-01  1.53521106e-01 -3.27574849e-01
  -3.23273420e-01  1.64461359e-01 -1.08473112e-04 -1.08209789e-01
   4.26489353e-01 -5.64076602e-02 -3.17943655e-02  2.00991511e-01]
 [-3.18553269e-01 -4.76125389e-01  8.03846598e-01  7.53724694e-01
   5.52202284e-01 -8.70008767e-01 -1.28564909e-01  1.79785520e-01
   1.74364537e-01  9.34354030e-03 -1.78773686e-01  9.16375220e-01
   2.58472383e-01  2.77286530e-01 -2.02083126e-01 -2.85264373e-01]
 [-3.82049009e-02  2.90017366e-01  1.94151312e-01  1.29433274e-01
  -3.45036358e-01 -9.85672995e-02 -8.10356736e-02  9.66447741e-02
   1.35035127e-01  2.51852632e-01  9.49074998e-02  2.69391507e-01
   2.63301879e-01  1.90249994e-01  2.88552731e-01 -1.00765765e-01]
 [ 1.38800489e-02  3.18716586e-01 -2.03554064e-01 -4.19808999e-02
   2.23629270e-03 -1.69720665e-01 -2.52844214e-01  1.00876115e-01
  -1.52733535e-01 -3.24324906e-01  1.13698423e-01 -1.67726904e-01
   2.64567763e-01  1.12349905e-01  2.00108185e-01  8.28733444e-02]
 [-2.03237876e-01  1.44772708e-01  5.38245067e-02 -3.61571342e-01
  -6.57077134e-02 -1.90654635e-01 -1.18355080e-01  4.37416807e-02
  -5.00350296e-01 -3.35845619e-01  2.26196628e-02 -3.32475930e-01
   2.36525208e-01  2.60681748e-01  2.16712594e-01 -1.63431987e-01]
 [-1.35946959e-01  1.85796097e-01  2.82016724e-01 -7.67487958e-02
   3.20506930e-01  2.88750201e-01 -1.06001414e-01  8.82084370e-02
  -1.32612661e-01  1.36949122e-01  4.72326390e-02  2.02052742e-01
   2.79039204e-01 -2.25898817e-01  2.32766867e-01  5.71480095e-02]
 [ 1.79176033e-01  3.10500413e-01 -2.57123590e-01  4.43453193e-01
  -1.38711169e-01  4.17889595e-01 -3.02950174e-01 -2.94957519e-01
   3.33555862e-02  1.62083004e-02 -7.38558993e-02 -2.16163397e-01
  -4.32051271e-02  2.35215411e-01 -3.03840101e-01 -1.64132029e-01]
 [ 3.78719211e-01 -1.38791516e-01  1.07243378e-02  1.83624491e-01
  -1.73912957e-01  7.15554953e-02  1.65622458e-01  1.95969716e-01
  -3.68036270e-01 -4.22624171e-01 -4.46569407e-03  2.00260386e-01
   8.04103762e-02 -3.42003524e-01  2.09989592e-01 -7.81657547e-03]
 [-1.07439958e-01  2.87868053e-01 -2.45426059e-01 -3.07255924e-01
   1.35156512e-03 -6.60842359e-02  3.34588557e-01 -3.07817042e-01
   1.74229413e-01  1.06258243e-02  2.09263384e-01  5.11720851e-02
   1.01036042e-01  9.85279586e-03  2.00708225e-01  9.35967565e-02]
 [ 1.82032153e-01  2.80525565e-01  2.10833430e-01 -2.62302041e-01
   2.03122288e-01  8.85619000e-02 -3.89592275e-02  5.76956458e-02
  -2.21670315e-01  1.56225666e-01 -2.11190522e-01 -4.93079536e-02
  -1.20297391e-02  4.35748696e-02 -1.73088923e-01  1.36762232e-01]
 [ 1.35651872e-01 -1.40895292e-01  4.26357575e-02  3.38910162e-01
   1.22872815e-01  2.96810240e-01 -3.22036147e-01 -2.00955480e-01
  -2.11204335e-01 -1.02039866e-01 -1.26439646e-01 -2.82312840e-01
   1.26184328e-02 -2.32472628e-01  2.17557311e-01 -2.65907586e-01]
 [-1.89844146e-01  3.68321002e-01  2.65718013e-01  4.03227620e-02
   1.95545316e-01  3.12851727e-01  6.95522428e-02  2.33830109e-01
  -2.76328921e-01  9.29931477e-02 -1.92862272e-01  2.71514982e-01
   3.74119937e-01 -1.54997051e-01  3.39056879e-01 -2.91291624e-01]
 [-4.18730284e-04 -9.13595140e-01  3.71632844e-01  2.70821005e-01
   4.43517089e-01 -1.29257023e-01  3.06693584e-01 -3.79797816e-01
   5.56911349e-01  2.16247186e-01 -3.22337091e-01  3.12649697e-01
   1.12916410e-01  2.94770837e-01 -4.13352579e-01  1.47790462e-01]
 [ 2.98420995e-01 -2.73573995e-01  1.53468296e-01  8.78518522e-02
  -1.01183951e-01  2.45731190e-01 -2.36707151e-01 -3.05785269e-01
  -1.77030116e-01  3.17873985e-01  4.38153259e-02 -3.29642564e-01
  -6.94362298e-02  3.32328200e-01 -8.13028812e-02  1.85281634e-02]
 [-2.37862438e-01 -2.18020990e-01  1.50697500e-01 -1.53262720e-01
   1.44406855e-01  3.10087383e-01  6.08659200e-02  2.63628364e-01
   1.95235699e-01  2.05344841e-01  2.38077477e-01 -3.93794984e-01
   2.70905763e-01 -2.90006399e-01  1.73251554e-01 -1.49653256e-02]
 [ 3.09613407e-01 -1.77434728e-01 -1.32833287e-01 -3.07629496e-01
  -1.47765324e-01 -2.90522963e-01  2.16686100e-01  7.07521709e-03
  -3.04680079e-01 -1.44582475e-02 -2.99064606e-01  1.37502372e-01
  -5.85290231e-02  9.46504846e-02  2.25560665e-01  2.55520850e-01]
 [ 3.40642542e-01  2.73403496e-01 -1.85224101e-01  8.78089443e-02
  -2.03275666e-01 -3.70707273e-01 -1.08699635e-01  2.30496600e-01
  -1.63871199e-01 -3.98911759e-02  2.33989745e-01  2.58881897e-01
   1.17832780e-01 -3.09544727e-02 -3.41935679e-02 -2.01211318e-01]
 [ 3.58522803e-01  1.55677840e-01  1.28611505e-01  4.03429866e-02
  -2.26557374e-01 -5.02610445e-01 -1.95639014e-01 -1.36598691e-01
  -2.72823304e-01  2.76330620e-01 -3.50864023e-01 -2.03983975e-04
   1.20502464e-01 -2.49124214e-01  1.75532326e-01  3.10205878e-03]
 [-1.58717558e-01 -4.42676283e-02 -2.56725252e-02  3.36871028e-01
   3.02742757e-02 -2.06888855e-01 -2.35265642e-02  7.33502433e-02
   5.91164343e-02 -1.03618190e-01  1.54373124e-01  1.83878735e-01
  -3.80684584e-01 -2.65913129e-01 -1.45062804e-01 -3.95956516e-01]
 [-8.88280049e-02 -2.77784109e-01 -3.32101911e-01  6.05486222e-02
  -2.19394311e-01 -1.13660090e-01 -1.39554352e-01 -3.34672183e-01
   2.43467554e-01 -2.24236652e-01  1.22327588e-01 -3.20835173e-01
   4.62588593e-02 -4.01048690e-01  8.04964751e-02  5.75533807e-02]
 [-3.98518503e-01  3.28369290e-01  3.92182559e-01  3.23061496e-01
   2.09584355e-01  1.25104874e-01 -1.46323740e-01  8.28019530e-03
   2.28143916e-01 -2.65938461e-01 -4.39754725e-01  3.86899799e-01
  -2.45365173e-01  1.60263762e-01  7.30369240e-02 -2.76604801e-01]
 [ 4.36698407e-01 -6.82106689e-02  1.76845685e-01  1.45242736e-01
   2.94791490e-01  1.64949179e-01 -3.51148218e-01 -3.45406026e-01
  -2.12927267e-01  1.52200758e-02 -2.14895234e-01  2.85687208e-01
   1.96153238e-01  2.42200315e-01 -3.99446264e-02  1.82824761e-01]]
W_ 4 : [[ 0.24013247 -0.31224936  0.02958109 -0.5053076  -0.55172706  0.125863
  -0.25998744  0.24276087]
 [-0.29388168 -0.47059894 -0.04699372  0.42310312 -0.22791453 -0.15810992
  -0.24946271  0.01217843]
 [ 0.14630114  0.5298109  -0.35250318  0.58938664  0.22859342  0.47237855
  -0.12788156 -0.03165074]
 [ 0.02265702  0.28755438 -0.2513215   0.063879    0.11731039  0.4881316
  -0.11313029 -0.37223095]
 [ 0.06851097  0.19316313 -0.10253157  0.26622745  0.1367094  -0.48022574
  -0.23605078  0.456681  ]
 [-0.01258617 -0.40331018 -0.08812344 -0.11494013  0.31354156 -0.10482896
   0.06516875 -0.32152462]
 [ 0.25703764 -0.14799756 -0.17069302 -0.24847607  0.38861132 -0.0284749
   0.1514101  -0.12630367]
 [ 0.29565132 -0.4592111  -0.06376853 -0.45271367 -0.0990971   0.21038161
   0.47391292 -0.42242712]
 [ 0.07046827 -0.46920374  0.0339108   0.1679508   0.3273523  -0.4715995
   0.11592413  0.34207988]
 [-0.16265017 -0.4324903  -0.23498927  0.23861596  0.39657977 -0.2055066
  -0.07327354 -0.22440399]
 [-0.206008    0.28040028  0.33929583 -0.31018698 -0.5769281   0.07154669
  -0.29500696 -0.46319807]
 [-0.3779041   0.41046596  0.43474105  0.45515698 -0.2542069   0.31916776
  -0.0786266   0.01010668]
 [-0.6278687  -0.26378477 -0.2010753  -0.05111308  0.17886852 -0.20860758
   0.26544258 -0.14740556]
 [-0.13872975 -0.20820844  0.04763192 -0.42103535  0.09313978 -0.28249183
  -0.3085847   0.284779  ]
 [-0.508741   -0.3028643  -0.45829985  0.17377931 -0.48718464 -0.25363272
  -0.4863284  -0.46409464]
 [-0.44129753 -0.20304728  0.14830315 -0.24693024 -0.39800978  0.3620855
  -0.3125205   0.09197843]]
W_ 5 : [[ 0.33123565 -0.33359823  0.63215166 -0.54039025]
 [ 0.5947226   0.04141405  0.45976967  0.0944532 ]
 [ 0.17684913  0.07260676  0.63786614  0.00551656]
 [ 0.43886036 -0.5426521  -0.5264681  -0.12001634]
 [ 0.85032713 -0.4109256   0.11261231 -0.4205764 ]
 [ 0.1893318  -0.08695629 -0.4239984   0.12199841]
 [-0.10801487 -0.37269598  0.6369801  -0.6446433 ]
 [-0.23969996 -0.12446809  0.46338382  0.00190614]]
W_ 6 : [[-0.2958025 ]
 [-0.13452001]
 [-0.80294055]
 [ 0.12775728]]
B_ 1 : [ 1.0398350e-02  1.1496639e+00 -4.5942271e-01 -9.7494787e-01
 -8.7263662e-01 -8.9452177e-01 -1.5547203e+00 -7.0721322e-01
  1.3849020e+00  1.1339338e+00 -1.3836223e+00 -7.4813145e-01
 -1.0020664e+00  6.6688323e-01 -5.4369695e-02  1.7568345e+00
  2.9706147e-01 -1.0846579e+00  1.2967179e+00  1.0580963e+00
 -7.4739325e-01 -1.6805385e+00 -1.3818876e+00 -1.2731073e+00
  1.5541139e+00 -5.2007351e-02 -1.2002742e+00  2.5381926e-01
  5.8720773e-01 -1.2747409e+00  1.0876635e+00  8.9421797e-01
  3.8345033e-01  7.8983182e-01  9.7087044e-01 -1.0737371e+00
  1.1983340e+00  9.2753065e-01 -1.1846429e+00  1.5414661e+00
  5.2981609e-01 -1.9354223e+00 -1.4697056e+00  1.2476509e+00
 -4.0697485e-01 -2.3676440e-01  3.0391580e-01 -1.0331944e+00
 -5.8455533e-01  1.1358651e+00 -1.4668431e+00  1.0247757e+00
 -1.6214707e+00  1.5380565e-03 -1.1724539e+00  3.0512726e-01
 -1.5368505e+00  8.3065683e-01  1.3508010e+00  1.1542484e-01
  3.2045546e-01  3.4438035e-01  9.9411450e-02  1.3670704e+00]
B_ 2 : [-0.01434656 -0.72824824 -0.0282432   0.00996053  0.0521929   0.4175387
 -0.09637026  0.35128903 -0.0295794  -1.7066315  -0.01826528  0.5289983
 -0.02862473 -0.26676255 -1.0447578  -0.19353819  1.9809215   0.6992705
 -0.01007556 -0.18159127  1.0390888   0.14307903  0.67150676 -0.06690936
 -0.28329384 -0.17436749  0.03553914 -0.35415417  1.7496089   0.44396958
  0.41530484  0.16887741]
B_ 3 : [ 0.00626512 -0.1589683   0.10694972  2.0326304  -0.01248001 -0.9171834
 -0.0427819   0.00375321 -0.20437764 -0.2664609   1.0624068   0.16966808
 -1.3322572   0.02654482 -1.0911947  -0.0442878 ]
B_ 4 : [ 0.34481955  0.7286776   0.06206828  0.09322152 -0.03802047  2.2854385
 -0.0201737  -0.06489725]
B_ 5 : [-2.7690135e-04 -1.0789070e-01 -9.7175248e-02 -1.7491103e+00]
B_ 6 : [1.9163263]
Activation function of layer_a 1 : relu
Activation function of layer_a 2 : relu
Activation function of layer_a 3 : relu
Activation function of layer_a 4 : relu
Activation function of layer_a 5 : relu
Activation function of layer_a 6 : sigmoid
Gamma_ 1 : [[-0.24268347  0.14342563  0.11559851 ... -0.07325234  0.03309063
   0.03755947]
 [ 0.00574832 -0.13874055  0.20702562 ... -0.01346068  0.00884301
   0.04009207]
 [ 0.13779195 -0.04245007 -0.10388573 ... -0.06868233  0.00344054
   0.03094745]
 ...
 [ 0.09860399 -0.27621624 -0.2468582  ...  0.04587714 -0.07637678
  -0.04511878]
 [-0.17345959  0.24385934  0.37234622 ...  0.07894087 -0.07751385
   0.00853231]
 [-0.17022075  0.07357494  0.2503031  ... -0.02365056  0.05393761
   0.00426553]]
Gamma_ 2 : [[ 0.01943952  1.1762714  -1.4365032  ... -0.27532622  0.01600581
   0.05702573]
 [ 0.20672078 -2.8515408   4.53151    ... -1.8135369  -0.4100254
  -0.55391735]
 [ 0.2810794  -0.00565022 -0.2993665  ...  0.1150361  -0.5203553
  -0.08690067]
 ...
 [ 0.12398889 -0.30845588  1.2286885  ... -0.00838341  0.24416049
  -0.12060349]
 [ 0.35228518 -2.0585048   2.8173718  ... -1.3363498  -0.8237158
  -0.4229889 ]
 [ 0.05391368  1.3111031  -0.43049955 ...  0.9617495  -0.24714793
   0.6177917 ]]
Gamma_ 3 : [[-1.58592248e+00  4.24997419e-01  1.37345910e+00 -2.21078768e-01
  -1.68270195e+00  5.29523611e-01  8.20374131e-01  1.36880994e+00
   9.52373371e-02 -5.12474000e-01 -1.18158829e+00 -4.12609547e-01
  -2.42970034e-01  1.59740850e-01 -7.73821712e-01  3.52352619e-01
  -4.46924567e-03 -5.98416746e-01  1.13447809e+00 -8.11108768e-01
  -5.25775850e-02 -3.63502562e-01 -6.27632998e-03 -4.49377060e-01
  -6.53138340e-01 -2.04675943e-02  6.45141661e-01  3.56639326e-01
   1.20824838e+00 -1.57449675e+00 -1.73718202e+00  5.02705514e-01]
 [ 1.13681650e+00  6.87204376e-02 -2.57039934e-01 -3.24060358e-02
  -2.58550197e-01 -3.54792893e-01  2.88180113e-01 -3.21224958e-01
  -4.60680097e-01  6.12396657e-01 -6.67498171e-01  7.52220973e-02
  -4.80835468e-01  1.20783496e+00 -2.24697843e-01  9.01195779e-02
   6.79283261e-01 -2.55403429e-01 -2.44393200e-02  3.12458090e-02
  -1.49494243e+00  1.09902933e-01 -1.75929978e-01 -8.19248199e-01
   1.39406160e-01 -1.44852921e-01 -5.18385351e-01  1.87878147e-01
   3.84379983e-01  6.40996873e-01  7.23517716e-01 -1.41460113e-02]
 [-3.42517567e+00  3.76317985e-02  6.14553273e-01 -1.42399371e+00
   3.94263327e-01  4.76319939e-01 -4.49960709e-01  1.59322691e+00
  -5.50083995e-01 -7.57615939e-02  1.47407067e+00 -4.44862060e-02
  -3.79700571e-01 -1.15503263e+00  2.16227069e-01  4.12565261e-01
  -7.08200485e-02  9.40080941e-01  4.71997231e-01  8.69303524e-01
  -1.71184027e+00 -1.23384583e+00 -6.20565772e-01 -1.05440088e-01
   4.46209639e-01 -8.06077942e-02  4.46392536e-01  4.96819466e-01
   2.83761287e+00  1.87841761e+00 -2.31252742e+00  4.53799590e-02]
 [-3.14894021e-02  5.74904859e-01 -1.55088156e-01  7.45436132e-01
  -2.03561634e-02  1.11491248e-01 -1.47893119e+00  6.91826046e-01
   5.54445326e-01  2.17571735e-01  1.29064590e-01  5.06360792e-02
  -8.64318192e-01  9.06372547e-01  1.11221641e-01  8.06428671e-01
   1.63920656e-01 -1.38594136e-01 -2.59752601e-01 -4.55246642e-02
  -7.92158961e-01 -2.13415205e-01  4.52861488e-01 -1.26932871e+00
   1.14240572e-01  3.64332080e-01  5.63898273e-02 -9.96303633e-02
   1.22949684e+00  1.86683118e-01 -4.58549380e-01 -7.12075770e-01]
 [ 5.98399937e-01  2.16749519e-01 -3.72665972e-02  5.04776239e-01
  -6.89785838e-01  7.75275767e-01 -7.88587183e-02 -4.84458387e-01
   7.62832224e-01 -4.15200949e-01  1.72126269e+00 -9.05760378e-03
  -9.92152512e-01  1.25819254e+00  8.82718861e-01  5.72325170e-01
   5.40279984e-01 -3.94682407e-01 -1.56665862e-01  6.07413352e-01
  -8.49464536e-01 -8.16516697e-01  1.00121653e+00 -5.83476424e-01
   1.22668684e+00  3.35604697e-02  1.18109632e+00  1.65870145e-01
   2.46717882e+00 -1.08452058e+00 -9.22023594e-01  4.48386371e-01]
 [-1.62116098e+00  7.15851009e-01  3.72334361e-01  3.05873752e-01
  -8.58799696e-01  1.59307528e+00 -1.04837668e+00  5.20982146e-01
   4.31888193e-01 -4.54494208e-01  4.71064377e+00 -4.01039422e-01
   2.33646989e-01  8.30034614e-01 -6.03534043e-01  5.95384479e-01
   1.18427968e+00  5.58734417e-01 -1.58553267e+00  2.11626959e+00
  -2.40616870e+00  5.85457444e-01  1.24362803e+00 -3.94640803e-01
  -7.04448879e-01 -2.39150643e-01 -9.19627026e-02 -2.31313348e-01
  -1.62543511e+00  6.07376456e-01 -2.28938699e-01  3.95262241e-03]
 [-1.99898624e+00 -1.43633604e-01  3.49631011e-01 -4.92042243e-01
  -4.07599002e-01  5.72134256e-01 -3.58710922e-02  9.10611987e-01
   8.00209165e-01 -1.90073013e-01 -1.83610275e-01 -4.60325658e-01
  -7.46745706e-01 -5.08999586e-01  1.09533548e+00  8.93532813e-01
   2.26678550e-02  4.31797691e-02  7.32207954e-01 -3.92877221e-01
   1.67863101e-01 -8.11163068e-01  2.77363420e-01 -3.01353395e-01
  -1.57298222e-01  1.36257663e-01 -9.10172090e-02  3.37921381e-01
   1.24252379e+00 -1.29831886e+00  3.35388333e-02  9.26290452e-03]
 [-1.08010268e+00  3.89458328e-01 -5.16640425e-01 -1.67040452e-01
   1.03668010e+00  6.79941654e-01 -7.65495449e-02 -9.88399327e-01
   1.56838506e-01 -7.48305023e-01  2.85924554e-01 -1.35439664e-01
  -3.85952890e-01  1.19549668e+00 -5.46955094e-02 -9.10581276e-03
   1.12674087e-01  5.11795342e-01 -3.65845263e-01 -5.22912323e-01
  -1.79470003e+00 -7.12304533e-01 -2.14509472e-01  3.99511814e-01
   5.42255044e-01  5.28956711e-01 -4.93475288e-01 -1.77213594e-01
   8.28501463e-01  9.60169360e-03 -1.13840783e+00 -2.58291662e-01]
 [-7.55589247e-01 -3.80021960e-01  5.24802580e-02 -3.94935757e-01
   1.01750240e-01 -1.04946184e+00 -5.80507994e-01  9.69765067e-01
   9.88665745e-02  2.59576403e-02 -2.19833702e-01  1.95307732e-01
   1.96952581e-01  4.65406001e-01 -7.43427873e-02  5.76788187e-02
   6.25326753e-01 -5.84709123e-02 -8.70083869e-02 -2.00169921e-01
  -5.90482950e-01  3.67329121e-01  6.10291183e-01  3.57207149e-01
   5.78055680e-01 -4.40166518e-02  1.04390180e+00 -8.10035646e-01
  -3.53508294e-01  2.01744601e-01 -3.14902365e-01  6.01245880e-01]
 [ 6.17547095e-01 -1.01733065e+00  1.80810168e-01 -9.06571567e-01
   1.75206041e+00 -7.84476280e-01  8.64739716e-01 -2.73782372e-01
  -4.08225715e-01  6.96552098e-01 -9.67841923e-01  2.97746480e-01
   9.92832065e-01 -1.86485514e-01 -5.22633851e-01 -1.76947445e-01
  -7.19909668e-01 -4.53467458e-01  4.62377250e-01 -5.34165502e-01
   1.74499720e-01  8.73960108e-02 -7.15014398e-01  9.93222773e-01
   5.85444450e-01  2.49764457e-01 -7.55875170e-01  4.35490370e-01
  -9.40538764e-01 -8.54781210e-01  2.22735262e+00 -1.99428946e-02]
 [-6.21496558e-01  2.21313611e-01  1.40440702e-01  4.62572873e-01
  -2.68708444e+00 -3.39030564e-01  4.99754518e-01  3.18839327e-02
   8.22501928e-02  8.60325694e-01  1.00564444e+00 -2.57100165e-01
  -5.46217933e-02  1.56545079e+00  4.11975026e-01  6.90912306e-01
   9.09151495e-01  6.43794425e-03 -3.64144117e-01 -1.24057198e+00
  -5.32090127e-01 -3.24735016e-01 -4.71092403e-01 -1.02496517e+00
  -1.45907253e-02 -1.66773528e-01  1.74149823e+00  7.67103851e-01
   1.01705706e+00  2.00017524e+00 -6.10521257e-01  1.10438168e+00]
 [ 1.79791975e+00 -7.69464552e-01 -3.43834162e-02  5.58133483e-01
   1.23082376e+00 -7.86775768e-01  6.57734394e-01  3.45078349e-01
  -1.78235307e-01  4.49285507e-01  4.03727174e-01  1.90707624e-01
   8.53268743e-01 -4.91144300e-01 -2.24063456e-01 -8.81027460e-01
  -5.18928289e-01  2.08570331e-01  2.70388126e-01  5.02484202e-01
   1.14519334e+00  1.89896703e-01 -8.48038673e-01 -9.64630485e-01
  -2.97829479e-01 -2.74784207e-01 -9.59715188e-01 -5.34090161e-01
  -9.15349245e-01  2.84415752e-01  1.09091175e+00  4.01879430e-01]
 [-3.56337726e-02 -8.29181552e-01  8.12318385e-01 -2.48119760e+00
   1.81672370e+00  8.80769312e-01 -2.70860363e-02  1.46319997e+00
   1.76018536e-01 -4.24314201e-01 -1.40090597e+00  5.76149940e-01
   3.27968359e-01 -1.55614316e+00  4.88902986e-01 -5.15632987e-01
  -6.43952727e-01 -1.39408290e-01  2.34194696e-02 -1.77560210e-01
   1.32572341e+00  2.00127125e-01 -2.10020840e-01  7.10955441e-01
   1.13740170e+00 -1.77199185e-01  1.18767655e+00 -1.83524415e-02
  -3.16275048e+00  4.71078426e-01  1.60574818e+00 -1.57508850e-01]
 [-2.25921583e+00  9.11985695e-01 -3.53930295e-02 -1.93590021e+00
   5.51282704e-01  5.31740069e-01 -6.17724180e-01 -6.43931508e-01
   1.02543461e+00 -8.03624272e-01  1.26861238e+00 -2.63543904e-01
  -3.84688705e-01  1.52666581e+00  1.18039644e+00 -2.29968458e-01
   7.47706234e-01 -9.82253551e-01 -4.58450198e-01 -9.03175473e-01
  -3.23955894e+00 -3.56504768e-01  1.05137062e+00  5.69389164e-02
  -3.71033579e-01  6.79403245e-02  8.40765417e-01 -1.54045969e-01
  -1.19134998e+00  1.13845730e+00  3.87128443e-01 -1.36302412e-02]
 [-7.07993984e-01  2.52137393e-01 -2.48054370e-01  2.93407273e+00
  -3.39507151e+00 -2.91196793e-01 -1.48205054e+00  8.42185080e-01
   3.35666209e-01 -6.98818743e-01  2.86676407e+00 -1.01228822e-02
  -7.96915650e-01  1.75696111e+00 -9.88825142e-01 -2.52399802e-01
  -1.55075431e-01  7.08317831e-02 -2.76478946e-01 -1.12600803e+00
   1.05613959e+00 -1.03757888e-01  8.24298322e-01 -1.86697090e+00
   2.17686087e-01  1.41199052e-01  8.04203451e-01  3.79386902e-01
   1.49624681e+00 -1.30568409e+00 -2.27594852e+00  1.02905297e+00]
 [ 6.97425425e-01  3.38913262e-01  1.17269829e-01  1.63868859e-01
   2.26350039e-01 -5.58178484e-01  4.77631956e-01  3.59335095e-02
  -1.03012316e-01  1.18489392e-01 -4.06972826e-01  3.06288838e-01
   3.26435417e-02  7.64602065e-01 -1.02407551e+00 -1.93769634e-01
   3.06210250e-01  5.92061937e-01  1.26271427e-01  5.66798687e-01
   1.34224606e+00 -2.04156175e-01  1.47990569e-01 -3.73109400e-01
  -1.12842239e-01  3.86278749e-01 -1.63981867e+00  3.73829246e-01
  -1.17380345e+00  9.07426834e-01  5.69356978e-03  3.89306396e-02]]
Gamma_ 4 : [[-2.1897049e+00 -7.4981308e-01 -1.1397572e+00 -1.5125275e-02
  -7.7829437e+00  2.9556894e-01  2.2888184e-03  5.0717163e+00
  -2.8242588e+00 -3.7917099e+00 -6.2384644e+00  4.2807159e+00
  -5.7363510e+00  5.4088135e+00  2.6647186e-01 -1.0194748e+01]
 [ 2.2528782e+00 -8.0595875e-01  6.0124063e-01  2.2770786e-01
   3.1698418e+00 -7.4675763e-01  2.0698929e+00 -8.9335632e-01
  -2.9032469e-01  4.7546520e+00  7.1447601e+00 -5.4595375e+00
   2.0184612e+00 -7.3953247e-01 -3.5536709e+00  4.5547142e+00]
 [ 2.7056270e+00 -1.6305137e-01  2.6655281e-01 -4.1725636e-03
   7.0497904e+00 -1.9102663e-02  3.3312588e+00 -3.0163918e+00
   2.1419082e+00  3.1091943e+00  3.9039192e+00 -5.3201323e+00
   9.5457315e-01 -1.1103600e+01 -5.0014577e+00  7.4497118e+00]
 [-2.7182841e+00  4.8841071e-01 -9.8140228e-01  4.3172765e-01
  -5.9080210e+00 -1.8315306e-01 -2.5819607e+00  3.2773209e-01
  -9.4767702e-01 -1.5322366e+00 -3.7174568e+00  5.5571270e-01
  -4.0079255e+00  6.3915634e+00  2.5555730e+00 -1.8016558e+00]
 [ 4.7579784e+00  6.4824772e-01  1.4343867e+00 -7.9953480e-01
   4.2203102e+00  6.1203635e-01  2.2795639e+00 -3.1569977e+00
   8.0124044e-01  4.7320805e+00  4.0865021e+00 -6.7907524e+00
   3.2804661e+00 -1.8802826e+01 -6.2664051e+00  2.4011726e+00]
 [-6.6815341e-01  8.1785023e-02  2.4803369e+00  1.0167356e+00
  -5.1150064e+00  4.1017123e-02  2.8155437e+00 -3.9410906e+00
  -2.4230510e-02 -2.1933823e+00 -4.7579412e+00 -4.7118545e-01
  -7.4143302e-01  3.7934284e+00 -6.2413249e+00 -8.5762000e-01]
 [-1.5747623e+00  7.8220844e-01 -1.7204385e+00  4.6581173e-01
  -6.6115227e+00 -1.1639832e+00  5.1683807e-01  3.9442596e+00
   5.1974440e-01  2.9914875e+00 -1.9676361e+00  1.6434669e+00
  -3.8792229e-01 -7.5582886e-01 -5.9754887e+00 -7.1210289e+00]
 [ 1.8413186e+00 -3.2998013e-01 -6.1766028e-02  8.2007623e-01
  -1.8391771e+00 -4.9147904e-03 -3.5597057e+00  4.1083870e+00
  -1.1745118e+00 -2.2311292e+00 -3.9827919e+00  7.9687405e-01
   2.7781215e+00  3.6992645e-01 -3.5725989e+00  3.8830786e+00]]
Gamma_ 5 : [[ 2.11561728e+00 -1.53548551e+00 -8.24874878e-01  7.39371181e-02
  -1.31910276e+00 -3.24567032e+00 -3.36801529e-01  1.14954615e+00]
 [-2.04140663e-01  6.42082930e+00  7.17385864e+00 -9.54288864e+00
  -1.03120070e+01  7.62127914e+01  1.45200768e+01 -9.31603909e+00]
 [ 1.13702452e+00  3.25098872e+00  2.23463058e+00 -4.23422396e-01
   3.08427620e+00 -3.11505508e+01 -3.89743948e+00 -3.61224318e+00]
 [-2.13624030e-01 -5.40924406e+00 -7.78354740e+00  9.78520775e+00
   3.06116843e+00 -1.39597645e+01 -1.07221279e+01  1.03768883e+01]]
Gamma_ 6 : [[ 0. -8.  2.  8.]]
X_ 1 postcondition: >= 0.75
[-0.45433927 -0.01419695 -0.44424117 -0.04849982  0.1496638   0.29353657
 -0.04049882 -0.10383835  0.05895429 -0.01425505 -0.00650439 -0.01731417
  0.07487559 -0.05016651  0.05252932 -0.02287406 -0.00259629  0.06446347
  0.0712464   0.0349083  -0.05498259 -0.15372871 -0.29384536 -0.05830212
 -0.04958226 -0.0417683   0.01937672 -0.0162877 ]
X_ 1 postcondition: <= 0.75
[-0.45433927 -0.01419695 -0.44424117 -0.04849982  0.1496638   0.29353657
 -0.04049882 -0.10383835  0.05895429 -0.01425505 -0.00650439 -0.01731417
  0.07487559 -0.05016651  0.05252932 -0.02287406 -0.00259629  0.06446347
  0.0712464   0.0349083  -0.05498259 -0.15372871 -0.29384536 -0.05830212
 -0.04958226 -0.0417683   0.01937672 -0.0162877 ]
X_ 1 postcondition: > 0.75
[-0.45433927 -0.01419695 -0.44424117 -0.04849982  0.1496638   0.29353657
 -0.04049882 -0.10383835  0.05895429 -0.01425505 -0.00650439 -0.01731417
  0.07487559 -0.05016651  0.05252932 -0.02287406 -0.00259629  0.06446347
  0.0712464   0.0349083  -0.05498259 -0.15372871 -0.29384536 -0.05830212
 -0.04958226 -0.0417683   0.01937672 -0.0162877 ]
X_ 1 postcondition: < 0.75
[-0.45433927 -0.01419695 -0.44424117 -0.04849982  0.1496638   0.29353657
 -0.04049882 -0.10383835  0.05895429 -0.01425505 -0.00650439 -0.01731417
  0.07487559 -0.05016651  0.05252932 -0.02287406 -0.00259629  0.06446347
  0.0712464   0.0349083  -0.05498259 -0.15372871 -0.29384536 -0.05830212
 -0.04958226 -0.0417683   0.01937672 -0.0162877 ]
X_ 1 postcondition: == 0.75
[-0.45433927 -0.01419695 -0.44424117 -0.04849982  0.1496638   0.29353657
 -0.04049882 -0.10383835  0.05895429 -0.01425505 -0.00650439 -0.01731417
  0.07487559 -0.05016651  0.05252932 -0.02287406 -0.00259629  0.06446347
  0.0712464   0.0349083  -0.05498259 -0.15372871 -0.29384536 -0.05830212
 -0.04958226 -0.0417683   0.01937672 -0.0162877 ]
X_ 1 postcondition: != 0.75
[-0.45433927 -0.01419695 -0.44424117 -0.04849982  0.1496638   0.29353657
 -0.04049882 -0.10383835  0.05895429 -0.01425505 -0.00650439 -0.01731417
  0.07487559 -0.05016651  0.05252932 -0.02287406 -0.00259629  0.06446347
  0.0712464   0.0349083  -0.05498259 -0.15372871 -0.29384536 -0.05830212
 -0.04958226 -0.0417683   0.01937672 -0.0162877 ]
X_ 1 postcondition: >= 0.9
[-0.545207   -0.01703628 -0.5330892  -0.05819981  0.17959668  0.35224384
 -0.04859861 -0.12460602  0.07074513 -0.01710604 -0.0078053  -0.02077702
  0.08985071 -0.06019982  0.06303522 -0.02744889 -0.00311556  0.07735614
  0.08549567  0.04188994 -0.06597923 -0.1844743  -0.35261446 -0.06996252
 -0.05949875 -0.05012195  0.02325206 -0.01954529]
X_ 1 postcondition: <= 0.9
[-0.545207   -0.01703628 -0.5330892  -0.05819981  0.17959668  0.35224384
 -0.04859861 -0.12460602  0.07074513 -0.01710604 -0.0078053  -0.02077702
  0.08985071 -0.06019982  0.06303522 -0.02744889 -0.00311556  0.07735614
  0.08549567  0.04188994 -0.06597923 -0.1844743  -0.35261446 -0.06996252
 -0.05949875 -0.05012195  0.02325206 -0.01954529]
X_ 1 postcondition: > 0.9
[-0.545207   -0.01703628 -0.5330892  -0.05819981  0.17959668  0.35224384
 -0.04859861 -0.12460602  0.07074513 -0.01710604 -0.0078053  -0.02077702
  0.08985071 -0.06019982  0.06303522 -0.02744889 -0.00311556  0.07735614
  0.08549567  0.04188994 -0.06597923 -0.1844743  -0.35261446 -0.06996252
 -0.05949875 -0.05012195  0.02325206 -0.01954529]
X_ 1 postcondition: < 0.9
[-0.545207   -0.01703628 -0.5330892  -0.05819981  0.17959668  0.35224384
 -0.04859861 -0.12460602  0.07074513 -0.01710604 -0.0078053  -0.02077702
  0.08985071 -0.06019982  0.06303522 -0.02744889 -0.00311556  0.07735614
  0.08549567  0.04188994 -0.06597923 -0.1844743  -0.35261446 -0.06996252
 -0.05949875 -0.05012195  0.02325206 -0.01954529]
X_ 1 postcondition: == 0.9
[-0.545207   -0.01703628 -0.5330892  -0.05819981  0.17959668  0.35224384
 -0.04859861 -0.12460602  0.07074513 -0.01710604 -0.0078053  -0.02077702
  0.08985071 -0.06019982  0.06303522 -0.02744889 -0.00311556  0.07735614
  0.08549567  0.04188994 -0.06597923 -0.1844743  -0.35261446 -0.06996252
 -0.05949875 -0.05012195  0.02325206 -0.01954529]
X_ 1 postcondition: != 0.9
[-0.545207   -0.01703628 -0.5330892  -0.05819981  0.17959668  0.35224384
 -0.04859861 -0.12460602  0.07074513 -0.01710604 -0.0078053  -0.02077702
  0.08985071 -0.06019982  0.06303522 -0.02744889 -0.00311556  0.07735614
  0.08549567  0.04188994 -0.06597923 -0.1844743  -0.35261446 -0.06996252
 -0.05949875 -0.05012195  0.02325206 -0.01954529]
X_ 1 postcondition: >= 0.95
[-0.57549644 -0.01798285 -0.5627055  -0.06143314  0.18957432  0.371813
 -0.05129853 -0.13152851  0.0746754  -0.01805636 -0.00823891 -0.0219313
  0.09484237 -0.06354428  0.06653716 -0.02897384 -0.00328868  0.08165374
  0.09024545  0.04421716 -0.06964462 -0.19472292 -0.37220412 -0.07384935
 -0.06280425 -0.05290644  0.02454382 -0.0206311 ]
X_ 1 postcondition: <= 0.95
[-0.57549644 -0.01798285 -0.5627055  -0.06143314  0.18957432  0.371813
 -0.05129853 -0.13152851  0.0746754  -0.01805636 -0.00823891 -0.0219313
  0.09484237 -0.06354428  0.06653716 -0.02897384 -0.00328868  0.08165374
  0.09024545  0.04421716 -0.06964462 -0.19472292 -0.37220412 -0.07384935
 -0.06280425 -0.05290644  0.02454382 -0.0206311 ]
X_ 1 postcondition: > 0.95
[-0.57549644 -0.01798285 -0.5627055  -0.06143314  0.18957432  0.371813
 -0.05129853 -0.13152851  0.0746754  -0.01805636 -0.00823891 -0.0219313
  0.09484237 -0.06354428  0.06653716 -0.02897384 -0.00328868  0.08165374
  0.09024545  0.04421716 -0.06964462 -0.19472292 -0.37220412 -0.07384935
 -0.06280425 -0.05290644  0.02454382 -0.0206311 ]
X_ 1 postcondition: < 0.95
[-0.57549644 -0.01798285 -0.5627055  -0.06143314  0.18957432  0.371813
 -0.05129853 -0.13152851  0.0746754  -0.01805636 -0.00823891 -0.0219313
  0.09484237 -0.06354428  0.06653716 -0.02897384 -0.00328868  0.08165374
  0.09024545  0.04421716 -0.06964462 -0.19472292 -0.37220412 -0.07384935
 -0.06280425 -0.05290644  0.02454382 -0.0206311 ]
X_ 1 postcondition: == 0.95
[-0.57549644 -0.01798285 -0.5627055  -0.06143314  0.18957432  0.371813
 -0.05129853 -0.13152851  0.0746754  -0.01805636 -0.00823891 -0.0219313
  0.09484237 -0.06354428  0.06653716 -0.02897384 -0.00328868  0.08165374
  0.09024545  0.04421716 -0.06964462 -0.19472292 -0.37220412 -0.07384935
 -0.06280425 -0.05290644  0.02454382 -0.0206311 ]
X_ 1 postcondition: != 0.95
[-0.57549644 -0.01798285 -0.5627055  -0.06143314  0.18957432  0.371813
 -0.05129853 -0.13152851  0.0746754  -0.01805636 -0.00823891 -0.0219313
  0.09484237 -0.06354428  0.06653716 -0.02897384 -0.00328868  0.08165374
  0.09024545  0.04421716 -0.06964462 -0.19472292 -0.37220412 -0.07384935
 -0.06280425 -0.05290644  0.02454382 -0.0206311 ]
X_ 1 postcondition: >= 0.99
[-0.59972787 -0.01873997 -0.5863984  -0.06401978  0.19755632  0.38746825
 -0.0534585  -0.13706654  0.07781962 -0.01881665 -0.00858583 -0.02285473
  0.09883583 -0.06621982  0.06933868 -0.03019378 -0.00342708  0.08509172
  0.09404528  0.04607894 -0.07257712 -0.20292172 -0.38787594 -0.07695877
 -0.06544865 -0.05513419  0.02557725 -0.02149978]
X_ 1 postcondition: <= 0.99
[-0.59972787 -0.01873997 -0.5863984  -0.06401978  0.19755632  0.38746825
 -0.0534585  -0.13706654  0.07781962 -0.01881665 -0.00858583 -0.02285473
  0.09883583 -0.06621982  0.06933868 -0.03019378 -0.00342708  0.08509172
  0.09404528  0.04607894 -0.07257712 -0.20292172 -0.38787594 -0.07695877
 -0.06544865 -0.05513419  0.02557725 -0.02149978]
X_ 1 postcondition: > 0.99
[-0.59972787 -0.01873997 -0.5863984  -0.06401978  0.19755632  0.38746825
 -0.0534585  -0.13706654  0.07781962 -0.01881665 -0.00858583 -0.02285473
  0.09883583 -0.06621982  0.06933868 -0.03019378 -0.00342708  0.08509172
  0.09404528  0.04607894 -0.07257712 -0.20292172 -0.38787594 -0.07695877
 -0.06544865 -0.05513419  0.02557725 -0.02149978]
X_ 1 postcondition: < 0.99
[-0.59972787 -0.01873997 -0.5863984  -0.06401978  0.19755632  0.38746825
 -0.0534585  -0.13706654  0.07781962 -0.01881665 -0.00858583 -0.02285473
  0.09883583 -0.06621982  0.06933868 -0.03019378 -0.00342708  0.08509172
  0.09404528  0.04607894 -0.07257712 -0.20292172 -0.38787594 -0.07695877
 -0.06544865 -0.05513419  0.02557725 -0.02149978]
X_ 1 postcondition: == 0.99
[-0.59972787 -0.01873997 -0.5863984  -0.06401978  0.19755632  0.38746825
 -0.0534585  -0.13706654  0.07781962 -0.01881665 -0.00858583 -0.02285473
  0.09883583 -0.06621982  0.06933868 -0.03019378 -0.00342708  0.08509172
  0.09404528  0.04607894 -0.07257712 -0.20292172 -0.38787594 -0.07695877
 -0.06544865 -0.05513419  0.02557725 -0.02149978]
X_ 1 postcondition: != 0.99
[-0.59972787 -0.01873997 -0.5863984  -0.06401978  0.19755632  0.38746825
 -0.0534585  -0.13706654  0.07781962 -0.01881665 -0.00858583 -0.02285473
  0.09883583 -0.06621982  0.06933868 -0.03019378 -0.00342708  0.08509172
  0.09404528  0.04607894 -0.07257712 -0.20292172 -0.38787594 -0.07695877
 -0.06544865 -0.05513419  0.02557725 -0.02149978]
X_ 2 postcondition: >= 0.75
[-0.09326924  2.8972301  -1.4100811  -3.0166054  -1.5606848   0.920636
  2.3644717   0.906441   -0.16796756 -0.4066717   0.32332373 -0.22127008
  0.4694991   2.0811098  -2.0516012   2.0302873  -0.2774963  -0.43048024
  2.145221   -0.09634904  0.9806756  -1.8386439   0.3786647   2.900347
 -1.0381755   1.8689493   2.6357768  -0.5937615   1.5932876  -1.2423937
  5.990677    2.442183   -1.3729452   0.12999794  0.21801168  1.6049646
 -1.4538183  -0.87121797  1.1541624  -0.80377036  0.10955314 -0.59754014
 -5.7184443  -1.4013522  -2.539319   -1.0989425  -0.90849566 -1.180659
  5.271269    0.94714004  1.1632075   0.58437324  0.83399004  0.5725109
 -1.3565462  -1.9123085   1.172417   -0.26903537 -0.29126754  2.614966
 -0.16847841 -0.27929842  0.9036625   0.5658554 ]
X_ 2 postcondition: <= 0.75
[-0.09326924  2.8972301  -1.4100811  -3.0166054  -1.5606848   0.920636
  2.3644717   0.906441   -0.16796756 -0.4066717   0.32332373 -0.22127008
  0.4694991   2.0811098  -2.0516012   2.0302873  -0.2774963  -0.43048024
  2.145221   -0.09634904  0.9806756  -1.8386439   0.3786647   2.900347
 -1.0381755   1.8689493   2.6357768  -0.5937615   1.5932876  -1.2423937
  5.990677    2.442183   -1.3729452   0.12999794  0.21801168  1.6049646
 -1.4538183  -0.87121797  1.1541624  -0.80377036  0.10955314 -0.59754014
 -5.7184443  -1.4013522  -2.539319   -1.0989425  -0.90849566 -1.180659
  5.271269    0.94714004  1.1632075   0.58437324  0.83399004  0.5725109
 -1.3565462  -1.9123085   1.172417   -0.26903537 -0.29126754  2.614966
 -0.16847841 -0.27929842  0.9036625   0.5658554 ]
X_ 2 postcondition: > 0.75
[-0.09326924  2.8972301  -1.4100811  -3.0166054  -1.5606848   0.920636
  2.3644717   0.906441   -0.16796756 -0.4066717   0.32332373 -0.22127008
  0.4694991   2.0811098  -2.0516012   2.0302873  -0.2774963  -0.43048024
  2.145221   -0.09634904  0.9806756  -1.8386439   0.3786647   2.900347
 -1.0381755   1.8689493   2.6357768  -0.5937615   1.5932876  -1.2423937
  5.990677    2.442183   -1.3729452   0.12999794  0.21801168  1.6049646
 -1.4538183  -0.87121797  1.1541624  -0.80377036  0.10955314 -0.59754014
 -5.7184443  -1.4013522  -2.539319   -1.0989425  -0.90849566 -1.180659
  5.271269    0.94714004  1.1632075   0.58437324  0.83399004  0.5725109
 -1.3565462  -1.9123085   1.172417   -0.26903537 -0.29126754  2.614966
 -0.16847841 -0.27929842  0.9036625   0.5658554 ]
X_ 2 postcondition: < 0.75
[-0.09326924  2.8972301  -1.4100811  -3.0166054  -1.5606848   0.920636
  2.3644717   0.906441   -0.16796756 -0.4066717   0.32332373 -0.22127008
  0.4694991   2.0811098  -2.0516012   2.0302873  -0.2774963  -0.43048024
  2.145221   -0.09634904  0.9806756  -1.8386439   0.3786647   2.900347
 -1.0381755   1.8689493   2.6357768  -0.5937615   1.5932876  -1.2423937
  5.990677    2.442183   -1.3729452   0.12999794  0.21801168  1.6049646
 -1.4538183  -0.87121797  1.1541624  -0.80377036  0.10955314 -0.59754014
 -5.7184443  -1.4013522  -2.539319   -1.0989425  -0.90849566 -1.180659
  5.271269    0.94714004  1.1632075   0.58437324  0.83399004  0.5725109
 -1.3565462  -1.9123085   1.172417   -0.26903537 -0.29126754  2.614966
 -0.16847841 -0.27929842  0.9036625   0.5658554 ]
X_ 2 postcondition: == 0.75
[-0.09326924  2.8972301  -1.4100811  -3.0166054  -1.5606848   0.920636
  2.3644717   0.906441   -0.16796756 -0.4066717   0.32332373 -0.22127008
  0.4694991   2.0811098  -2.0516012   2.0302873  -0.2774963  -0.43048024
  2.145221   -0.09634904  0.9806756  -1.8386439   0.3786647   2.900347
 -1.0381755   1.8689493   2.6357768  -0.5937615   1.5932876  -1.2423937
  5.990677    2.442183   -1.3729452   0.12999794  0.21801168  1.6049646
 -1.4538183  -0.87121797  1.1541624  -0.80377036  0.10955314 -0.59754014
 -5.7184443  -1.4013522  -2.539319   -1.0989425  -0.90849566 -1.180659
  5.271269    0.94714004  1.1632075   0.58437324  0.83399004  0.5725109
 -1.3565462  -1.9123085   1.172417   -0.26903537 -0.29126754  2.614966
 -0.16847841 -0.27929842  0.9036625   0.5658554 ]
X_ 2 postcondition: != 0.75
[-0.09326924  2.8972301  -1.4100811  -3.0166054  -1.5606848   0.920636
  2.3644717   0.906441   -0.16796756 -0.4066717   0.32332373 -0.22127008
  0.4694991   2.0811098  -2.0516012   2.0302873  -0.2774963  -0.43048024
  2.145221   -0.09634904  0.9806756  -1.8386439   0.3786647   2.900347
 -1.0381755   1.8689493   2.6357768  -0.5937615   1.5932876  -1.2423937
  5.990677    2.442183   -1.3729452   0.12999794  0.21801168  1.6049646
 -1.4538183  -0.87121797  1.1541624  -0.80377036  0.10955314 -0.59754014
 -5.7184443  -1.4013522  -2.539319   -1.0989425  -0.90849566 -1.180659
  5.271269    0.94714004  1.1632075   0.58437324  0.83399004  0.5725109
 -1.3565462  -1.9123085   1.172417   -0.26903537 -0.29126754  2.614966
 -0.16847841 -0.27929842  0.9036625   0.5658554 ]
X_ 2 postcondition: >= 0.9
[-0.11192324  3.4766767  -1.6920966  -3.6199262  -1.8728206   1.104763
  2.8373663   1.0877291  -0.20156121 -0.4880061   0.38798842 -0.26552412
  0.5633988   2.497331   -2.4619217   2.4363441  -0.33299527 -0.51657635
  2.5742652  -0.11561886  1.1768109  -2.2063727   0.4543975   3.4804158
 -1.2458106   2.2427394   3.1629317  -0.712514    1.9119457  -1.4908723
  7.1888127   2.930619   -1.6475346   0.15599719  0.261614    1.9259567
 -1.7445817  -1.0454617   1.3849946  -0.96452534  0.13146386 -0.71704787
 -6.8621335  -1.681623   -3.0471833  -1.318731   -1.0901947  -1.4167908
  6.325521    1.1365682   1.3958488   0.70124793  1.0007887   0.68701315
 -1.6278558  -2.294769    1.406901   -0.3228426  -0.349521    3.137959
 -0.20217492 -0.33515832  1.084395    0.67902625]
X_ 2 postcondition: <= 0.9
[-0.11192324  3.4766767  -1.6920966  -3.6199262  -1.8728206   1.104763
  2.8373663   1.0877291  -0.20156121 -0.4880061   0.38798842 -0.26552412
  0.5633988   2.497331   -2.4619217   2.4363441  -0.33299527 -0.51657635
  2.5742652  -0.11561886  1.1768109  -2.2063727   0.4543975   3.4804158
 -1.2458106   2.2427394   3.1629317  -0.712514    1.9119457  -1.4908723
  7.1888127   2.930619   -1.6475346   0.15599719  0.261614    1.9259567
 -1.7445817  -1.0454617   1.3849946  -0.96452534  0.13146386 -0.71704787
 -6.8621335  -1.681623   -3.0471833  -1.318731   -1.0901947  -1.4167908
  6.325521    1.1365682   1.3958488   0.70124793  1.0007887   0.68701315
 -1.6278558  -2.294769    1.406901   -0.3228426  -0.349521    3.137959
 -0.20217492 -0.33515832  1.084395    0.67902625]
X_ 2 postcondition: > 0.9
[-0.11192324  3.4766767  -1.6920966  -3.6199262  -1.8728206   1.104763
  2.8373663   1.0877291  -0.20156121 -0.4880061   0.38798842 -0.26552412
  0.5633988   2.497331   -2.4619217   2.4363441  -0.33299527 -0.51657635
  2.5742652  -0.11561886  1.1768109  -2.2063727   0.4543975   3.4804158
 -1.2458106   2.2427394   3.1629317  -0.712514    1.9119457  -1.4908723
  7.1888127   2.930619   -1.6475346   0.15599719  0.261614    1.9259567
 -1.7445817  -1.0454617   1.3849946  -0.96452534  0.13146386 -0.71704787
 -6.8621335  -1.681623   -3.0471833  -1.318731   -1.0901947  -1.4167908
  6.325521    1.1365682   1.3958488   0.70124793  1.0007887   0.68701315
 -1.6278558  -2.294769    1.406901   -0.3228426  -0.349521    3.137959
 -0.20217492 -0.33515832  1.084395    0.67902625]
X_ 2 postcondition: < 0.9
[-0.11192324  3.4766767  -1.6920966  -3.6199262  -1.8728206   1.104763
  2.8373663   1.0877291  -0.20156121 -0.4880061   0.38798842 -0.26552412
  0.5633988   2.497331   -2.4619217   2.4363441  -0.33299527 -0.51657635
  2.5742652  -0.11561886  1.1768109  -2.2063727   0.4543975   3.4804158
 -1.2458106   2.2427394   3.1629317  -0.712514    1.9119457  -1.4908723
  7.1888127   2.930619   -1.6475346   0.15599719  0.261614    1.9259567
 -1.7445817  -1.0454617   1.3849946  -0.96452534  0.13146386 -0.71704787
 -6.8621335  -1.681623   -3.0471833  -1.318731   -1.0901947  -1.4167908
  6.325521    1.1365682   1.3958488   0.70124793  1.0007887   0.68701315
 -1.6278558  -2.294769    1.406901   -0.3228426  -0.349521    3.137959
 -0.20217492 -0.33515832  1.084395    0.67902625]
X_ 2 postcondition: == 0.9
[-0.11192324  3.4766767  -1.6920966  -3.6199262  -1.8728206   1.104763
  2.8373663   1.0877291  -0.20156121 -0.4880061   0.38798842 -0.26552412
  0.5633988   2.497331   -2.4619217   2.4363441  -0.33299527 -0.51657635
  2.5742652  -0.11561886  1.1768109  -2.2063727   0.4543975   3.4804158
 -1.2458106   2.2427394   3.1629317  -0.712514    1.9119457  -1.4908723
  7.1888127   2.930619   -1.6475346   0.15599719  0.261614    1.9259567
 -1.7445817  -1.0454617   1.3849946  -0.96452534  0.13146386 -0.71704787
 -6.8621335  -1.681623   -3.0471833  -1.318731   -1.0901947  -1.4167908
  6.325521    1.1365682   1.3958488   0.70124793  1.0007887   0.68701315
 -1.6278558  -2.294769    1.406901   -0.3228426  -0.349521    3.137959
 -0.20217492 -0.33515832  1.084395    0.67902625]
X_ 2 postcondition: != 0.9
[-0.11192324  3.4766767  -1.6920966  -3.6199262  -1.8728206   1.104763
  2.8373663   1.0877291  -0.20156121 -0.4880061   0.38798842 -0.26552412
  0.5633988   2.497331   -2.4619217   2.4363441  -0.33299527 -0.51657635
  2.5742652  -0.11561886  1.1768109  -2.2063727   0.4543975   3.4804158
 -1.2458106   2.2427394   3.1629317  -0.712514    1.9119457  -1.4908723
  7.1888127   2.930619   -1.6475346   0.15599719  0.261614    1.9259567
 -1.7445817  -1.0454617   1.3849946  -0.96452534  0.13146386 -0.71704787
 -6.8621335  -1.681623   -3.0471833  -1.318731   -1.0901947  -1.4167908
  6.325521    1.1365682   1.3958488   0.70124793  1.0007887   0.68701315
 -1.6278558  -2.294769    1.406901   -0.3228426  -0.349521    3.137959
 -0.20217492 -0.33515832  1.084395    0.67902625]
X_ 2 postcondition: >= 0.95
[-0.11814116  3.6698256  -1.7861022  -3.8210344  -1.976867    1.166138
  2.9949973   1.1481582  -0.21275876 -0.51511747  0.4095433  -0.28027543
  0.59469944  2.6360724  -2.598695    2.5716965  -0.3514952  -0.5452749
  2.7172804  -0.12204207  1.242189   -2.328949    0.47964188  3.6737723
 -1.3150221   2.3673358   3.3386502  -0.75209814  2.0181649  -1.5736989
  7.588193    3.0934317  -1.7390641   0.16466394  0.27614787  2.0329547
 -1.8415034  -1.1035428   1.4619389  -1.0181098   0.13876724 -0.75688434
 -7.2433643  -1.7750467  -3.2164705  -1.3919939  -1.1507609  -1.4955015
  6.67694     1.1997105   1.4733961   0.74020666  1.0563874   0.72518057
 -1.7182921  -2.4222567   1.4850615  -0.34077823 -0.36893886  3.3122895
 -0.21340597 -0.3537782   1.1446393   0.71674985]
X_ 2 postcondition: <= 0.95
[-0.11814116  3.6698256  -1.7861022  -3.8210344  -1.976867    1.166138
  2.9949973   1.1481582  -0.21275876 -0.51511747  0.4095433  -0.28027543
  0.59469944  2.6360724  -2.598695    2.5716965  -0.3514952  -0.5452749
  2.7172804  -0.12204207  1.242189   -2.328949    0.47964188  3.6737723
 -1.3150221   2.3673358   3.3386502  -0.75209814  2.0181649  -1.5736989
  7.588193    3.0934317  -1.7390641   0.16466394  0.27614787  2.0329547
 -1.8415034  -1.1035428   1.4619389  -1.0181098   0.13876724 -0.75688434
 -7.2433643  -1.7750467  -3.2164705  -1.3919939  -1.1507609  -1.4955015
  6.67694     1.1997105   1.4733961   0.74020666  1.0563874   0.72518057
 -1.7182921  -2.4222567   1.4850615  -0.34077823 -0.36893886  3.3122895
 -0.21340597 -0.3537782   1.1446393   0.71674985]
X_ 2 postcondition: > 0.95
[-0.11814116  3.6698256  -1.7861022  -3.8210344  -1.976867    1.166138
  2.9949973   1.1481582  -0.21275876 -0.51511747  0.4095433  -0.28027543
  0.59469944  2.6360724  -2.598695    2.5716965  -0.3514952  -0.5452749
  2.7172804  -0.12204207  1.242189   -2.328949    0.47964188  3.6737723
 -1.3150221   2.3673358   3.3386502  -0.75209814  2.0181649  -1.5736989
  7.588193    3.0934317  -1.7390641   0.16466394  0.27614787  2.0329547
 -1.8415034  -1.1035428   1.4619389  -1.0181098   0.13876724 -0.75688434
 -7.2433643  -1.7750467  -3.2164705  -1.3919939  -1.1507609  -1.4955015
  6.67694     1.1997105   1.4733961   0.74020666  1.0563874   0.72518057
 -1.7182921  -2.4222567   1.4850615  -0.34077823 -0.36893886  3.3122895
 -0.21340597 -0.3537782   1.1446393   0.71674985]
X_ 2 postcondition: < 0.95
[-0.11814116  3.6698256  -1.7861022  -3.8210344  -1.976867    1.166138
  2.9949973   1.1481582  -0.21275876 -0.51511747  0.4095433  -0.28027543
  0.59469944  2.6360724  -2.598695    2.5716965  -0.3514952  -0.5452749
  2.7172804  -0.12204207  1.242189   -2.328949    0.47964188  3.6737723
 -1.3150221   2.3673358   3.3386502  -0.75209814  2.0181649  -1.5736989
  7.588193    3.0934317  -1.7390641   0.16466394  0.27614787  2.0329547
 -1.8415034  -1.1035428   1.4619389  -1.0181098   0.13876724 -0.75688434
 -7.2433643  -1.7750467  -3.2164705  -1.3919939  -1.1507609  -1.4955015
  6.67694     1.1997105   1.4733961   0.74020666  1.0563874   0.72518057
 -1.7182921  -2.4222567   1.4850615  -0.34077823 -0.36893886  3.3122895
 -0.21340597 -0.3537782   1.1446393   0.71674985]
X_ 2 postcondition: == 0.95
[-0.11814116  3.6698256  -1.7861022  -3.8210344  -1.976867    1.166138
  2.9949973   1.1481582  -0.21275876 -0.51511747  0.4095433  -0.28027543
  0.59469944  2.6360724  -2.598695    2.5716965  -0.3514952  -0.5452749
  2.7172804  -0.12204207  1.242189   -2.328949    0.47964188  3.6737723
 -1.3150221   2.3673358   3.3386502  -0.75209814  2.0181649  -1.5736989
  7.588193    3.0934317  -1.7390641   0.16466394  0.27614787  2.0329547
 -1.8415034  -1.1035428   1.4619389  -1.0181098   0.13876724 -0.75688434
 -7.2433643  -1.7750467  -3.2164705  -1.3919939  -1.1507609  -1.4955015
  6.67694     1.1997105   1.4733961   0.74020666  1.0563874   0.72518057
 -1.7182921  -2.4222567   1.4850615  -0.34077823 -0.36893886  3.3122895
 -0.21340597 -0.3537782   1.1446393   0.71674985]
X_ 2 postcondition: != 0.95
[-0.11814116  3.6698256  -1.7861022  -3.8210344  -1.976867    1.166138
  2.9949973   1.1481582  -0.21275876 -0.51511747  0.4095433  -0.28027543
  0.59469944  2.6360724  -2.598695    2.5716965  -0.3514952  -0.5452749
  2.7172804  -0.12204207  1.242189   -2.328949    0.47964188  3.6737723
 -1.3150221   2.3673358   3.3386502  -0.75209814  2.0181649  -1.5736989
  7.588193    3.0934317  -1.7390641   0.16466394  0.27614787  2.0329547
 -1.8415034  -1.1035428   1.4619389  -1.0181098   0.13876724 -0.75688434
 -7.2433643  -1.7750467  -3.2164705  -1.3919939  -1.1507609  -1.4955015
  6.67694     1.1997105   1.4733961   0.74020666  1.0563874   0.72518057
 -1.7182921  -2.4222567   1.4850615  -0.34077823 -0.36893886  3.3122895
 -0.21340597 -0.3537782   1.1446393   0.71674985]
X_ 2 postcondition: >= 0.99
[-0.12311543  3.8243446  -1.8613074  -3.98192    -2.060103    1.215239
  3.121102    1.1965017  -0.22171724 -0.5368067   0.42678723 -0.2920766
  0.6197393   2.7470646  -2.7081137   2.6799793  -0.366295   -0.5682339
  2.831691   -0.12718089  1.2944919  -2.42701     0.49983734  3.8284574
 -1.3703914   2.4670131   3.4792244  -0.7837655   2.1031404  -1.6399599
  7.907693    3.223682   -1.8122873   0.17159717  0.2877754   2.1185527
 -1.91904    -1.1500075   1.5234944  -1.0609772   0.14460991 -0.78875256
 -7.5483494  -1.8497851  -3.351901   -1.4506041  -1.199214   -1.55847
  6.958074    1.2502248   1.5354335   0.77137285  1.1008668   0.7557143
 -1.7906402  -2.5242467   1.547591   -0.35512695 -0.38447315  3.4517548
 -0.22239192 -0.36867446  1.1928346   0.74692905]
X_ 2 postcondition: <= 0.99
[-0.12311543  3.8243446  -1.8613074  -3.98192    -2.060103    1.215239
  3.121102    1.1965017  -0.22171724 -0.5368067   0.42678723 -0.2920766
  0.6197393   2.7470646  -2.7081137   2.6799793  -0.366295   -0.5682339
  2.831691   -0.12718089  1.2944919  -2.42701     0.49983734  3.8284574
 -1.3703914   2.4670131   3.4792244  -0.7837655   2.1031404  -1.6399599
  7.907693    3.223682   -1.8122873   0.17159717  0.2877754   2.1185527
 -1.91904    -1.1500075   1.5234944  -1.0609772   0.14460991 -0.78875256
 -7.5483494  -1.8497851  -3.351901   -1.4506041  -1.199214   -1.55847
  6.958074    1.2502248   1.5354335   0.77137285  1.1008668   0.7557143
 -1.7906402  -2.5242467   1.547591   -0.35512695 -0.38447315  3.4517548
 -0.22239192 -0.36867446  1.1928346   0.74692905]
X_ 2 postcondition: > 0.99
[-0.12311543  3.8243446  -1.8613074  -3.98192    -2.060103    1.215239
  3.121102    1.1965017  -0.22171724 -0.5368067   0.42678723 -0.2920766
  0.6197393   2.7470646  -2.7081137   2.6799793  -0.366295   -0.5682339
  2.831691   -0.12718089  1.2944919  -2.42701     0.49983734  3.8284574
 -1.3703914   2.4670131   3.4792244  -0.7837655   2.1031404  -1.6399599
  7.907693    3.223682   -1.8122873   0.17159717  0.2877754   2.1185527
 -1.91904    -1.1500075   1.5234944  -1.0609772   0.14460991 -0.78875256
 -7.5483494  -1.8497851  -3.351901   -1.4506041  -1.199214   -1.55847
  6.958074    1.2502248   1.5354335   0.77137285  1.1008668   0.7557143
 -1.7906402  -2.5242467   1.547591   -0.35512695 -0.38447315  3.4517548
 -0.22239192 -0.36867446  1.1928346   0.74692905]
X_ 2 postcondition: < 0.99
[-0.12311543  3.8243446  -1.8613074  -3.98192    -2.060103    1.215239
  3.121102    1.1965017  -0.22171724 -0.5368067   0.42678723 -0.2920766
  0.6197393   2.7470646  -2.7081137   2.6799793  -0.366295   -0.5682339
  2.831691   -0.12718089  1.2944919  -2.42701     0.49983734  3.8284574
 -1.3703914   2.4670131   3.4792244  -0.7837655   2.1031404  -1.6399599
  7.907693    3.223682   -1.8122873   0.17159717  0.2877754   2.1185527
 -1.91904    -1.1500075   1.5234944  -1.0609772   0.14460991 -0.78875256
 -7.5483494  -1.8497851  -3.351901   -1.4506041  -1.199214   -1.55847
  6.958074    1.2502248   1.5354335   0.77137285  1.1008668   0.7557143
 -1.7906402  -2.5242467   1.547591   -0.35512695 -0.38447315  3.4517548
 -0.22239192 -0.36867446  1.1928346   0.74692905]
X_ 2 postcondition: == 0.99
[-0.12311543  3.8243446  -1.8613074  -3.98192    -2.060103    1.215239
  3.121102    1.1965017  -0.22171724 -0.5368067   0.42678723 -0.2920766
  0.6197393   2.7470646  -2.7081137   2.6799793  -0.366295   -0.5682339
  2.831691   -0.12718089  1.2944919  -2.42701     0.49983734  3.8284574
 -1.3703914   2.4670131   3.4792244  -0.7837655   2.1031404  -1.6399599
  7.907693    3.223682   -1.8122873   0.17159717  0.2877754   2.1185527
 -1.91904    -1.1500075   1.5234944  -1.0609772   0.14460991 -0.78875256
 -7.5483494  -1.8497851  -3.351901   -1.4506041  -1.199214   -1.55847
  6.958074    1.2502248   1.5354335   0.77137285  1.1008668   0.7557143
 -1.7906402  -2.5242467   1.547591   -0.35512695 -0.38447315  3.4517548
 -0.22239192 -0.36867446  1.1928346   0.74692905]
X_ 2 postcondition: != 0.99
[-0.12311543  3.8243446  -1.8613074  -3.98192    -2.060103    1.215239
  3.121102    1.1965017  -0.22171724 -0.5368067   0.42678723 -0.2920766
  0.6197393   2.7470646  -2.7081137   2.6799793  -0.366295   -0.5682339
  2.831691   -0.12718089  1.2944919  -2.42701     0.49983734  3.8284574
 -1.3703914   2.4670131   3.4792244  -0.7837655   2.1031404  -1.6399599
  7.907693    3.223682   -1.8122873   0.17159717  0.2877754   2.1185527
 -1.91904    -1.1500075   1.5234944  -1.0609772   0.14460991 -0.78875256
 -7.5483494  -1.8497851  -3.351901   -1.4506041  -1.199214   -1.55847
  6.958074    1.2502248   1.5354335   0.77137285  1.1008668   0.7557143
 -1.7906402  -2.5242467   1.547591   -0.35512695 -0.38447315  3.4517548
 -0.22239192 -0.36867446  1.1928346   0.74692905]
X_ 3 postcondition: >= 0.75
[-0.97780085 -1.3535521   0.9683872  -1.5404785   0.74676234  1.531834
 -0.01152996  1.3485374  -0.20955758 -2.1461523   2.6885886   0.499791
  1.2682623  -1.8555713  -1.3755051  -1.9983414  -0.82454604  0.31547222
 -0.572465    1.1825052   2.0349395   1.2339146   1.09548     1.9218528
  0.903474   -0.5664358   0.27676907 -0.28623417 -6.006295   -2.3457084
  1.2959416   0.929206  ]
X_ 3 postcondition: <= 0.75
[-0.97780085 -1.3535521   0.9683872  -1.5404785   0.74676234  1.531834
 -0.01152996  1.3485374  -0.20955758 -2.1461523   2.6885886   0.499791
  1.2682623  -1.8555713  -1.3755051  -1.9983414  -0.82454604  0.31547222
 -0.572465    1.1825052   2.0349395   1.2339146   1.09548     1.9218528
  0.903474   -0.5664358   0.27676907 -0.28623417 -6.006295   -2.3457084
  1.2959416   0.929206  ]
X_ 3 postcondition: > 0.75
[-0.97780085 -1.3535521   0.9683872  -1.5404785   0.74676234  1.531834
 -0.01152996  1.3485374  -0.20955758 -2.1461523   2.6885886   0.499791
  1.2682623  -1.8555713  -1.3755051  -1.9983414  -0.82454604  0.31547222
 -0.572465    1.1825052   2.0349395   1.2339146   1.09548     1.9218528
  0.903474   -0.5664358   0.27676907 -0.28623417 -6.006295   -2.3457084
  1.2959416   0.929206  ]
X_ 3 postcondition: < 0.75
[-0.97780085 -1.3535521   0.9683872  -1.5404785   0.74676234  1.531834
 -0.01152996  1.3485374  -0.20955758 -2.1461523   2.6885886   0.499791
  1.2682623  -1.8555713  -1.3755051  -1.9983414  -0.82454604  0.31547222
 -0.572465    1.1825052   2.0349395   1.2339146   1.09548     1.9218528
  0.903474   -0.5664358   0.27676907 -0.28623417 -6.006295   -2.3457084
  1.2959416   0.929206  ]
X_ 3 postcondition: == 0.75
[-0.97780085 -1.3535521   0.9683872  -1.5404785   0.74676234  1.531834
 -0.01152996  1.3485374  -0.20955758 -2.1461523   2.6885886   0.499791
  1.2682623  -1.8555713  -1.3755051  -1.9983414  -0.82454604  0.31547222
 -0.572465    1.1825052   2.0349395   1.2339146   1.09548     1.9218528
  0.903474   -0.5664358   0.27676907 -0.28623417 -6.006295   -2.3457084
  1.2959416   0.929206  ]
X_ 3 postcondition: != 0.75
[-0.97780085 -1.3535521   0.9683872  -1.5404785   0.74676234  1.531834
 -0.01152996  1.3485374  -0.20955758 -2.1461523   2.6885886   0.499791
  1.2682623  -1.8555713  -1.3755051  -1.9983414  -0.82454604  0.31547222
 -0.572465    1.1825052   2.0349395   1.2339146   1.09548     1.9218528
  0.903474   -0.5664358   0.27676907 -0.28623417 -6.006295   -2.3457084
  1.2959416   0.929206  ]
X_ 3 postcondition: >= 0.9
[-1.1733608  -1.6242625   1.1620647  -1.8485744   0.89611477  1.8382006
 -0.0138359   1.618245   -0.251469   -2.575383    3.2263062   0.59974927
  1.5219148  -2.2266858  -1.6506063  -2.3980098  -0.9894552   0.3785666
 -0.6869581   1.4190062   2.4419272   1.4806975   1.3145759   2.306223
  1.0841687  -0.6797229   0.3321228  -0.34348106 -7.2075553  -2.81485
  1.5551298   1.1150473 ]
X_ 3 postcondition: <= 0.9
[-1.1733608  -1.6242625   1.1620647  -1.8485744   0.89611477  1.8382006
 -0.0138359   1.618245   -0.251469   -2.575383    3.2263062   0.59974927
  1.5219148  -2.2266858  -1.6506063  -2.3980098  -0.9894552   0.3785666
 -0.6869581   1.4190062   2.4419272   1.4806975   1.3145759   2.306223
  1.0841687  -0.6797229   0.3321228  -0.34348106 -7.2075553  -2.81485
  1.5551298   1.1150473 ]
X_ 3 postcondition: > 0.9
[-1.1733608  -1.6242625   1.1620647  -1.8485744   0.89611477  1.8382006
 -0.0138359   1.618245   -0.251469   -2.575383    3.2263062   0.59974927
  1.5219148  -2.2266858  -1.6506063  -2.3980098  -0.9894552   0.3785666
 -0.6869581   1.4190062   2.4419272   1.4806975   1.3145759   2.306223
  1.0841687  -0.6797229   0.3321228  -0.34348106 -7.2075553  -2.81485
  1.5551298   1.1150473 ]
X_ 3 postcondition: < 0.9
[-1.1733608  -1.6242625   1.1620647  -1.8485744   0.89611477  1.8382006
 -0.0138359   1.618245   -0.251469   -2.575383    3.2263062   0.59974927
  1.5219148  -2.2266858  -1.6506063  -2.3980098  -0.9894552   0.3785666
 -0.6869581   1.4190062   2.4419272   1.4806975   1.3145759   2.306223
  1.0841687  -0.6797229   0.3321228  -0.34348106 -7.2075553  -2.81485
  1.5551298   1.1150473 ]
X_ 3 postcondition: == 0.9
[-1.1733608  -1.6242625   1.1620647  -1.8485744   0.89611477  1.8382006
 -0.0138359   1.618245   -0.251469   -2.575383    3.2263062   0.59974927
  1.5219148  -2.2266858  -1.6506063  -2.3980098  -0.9894552   0.3785666
 -0.6869581   1.4190062   2.4419272   1.4806975   1.3145759   2.306223
  1.0841687  -0.6797229   0.3321228  -0.34348106 -7.2075553  -2.81485
  1.5551298   1.1150473 ]
X_ 3 postcondition: != 0.9
[-1.1733608  -1.6242625   1.1620647  -1.8485744   0.89611477  1.8382006
 -0.0138359   1.618245   -0.251469   -2.575383    3.2263062   0.59974927
  1.5219148  -2.2266858  -1.6506063  -2.3980098  -0.9894552   0.3785666
 -0.6869581   1.4190062   2.4419272   1.4806975   1.3145759   2.306223
  1.0841687  -0.6797229   0.3321228  -0.34348106 -7.2075553  -2.81485
  1.5551298   1.1150473 ]
X_ 3 postcondition: >= 0.95
[-1.2385477  -1.7144996   1.2266238  -1.9512727   0.94589865  1.940323
 -0.01460443  1.7081472  -0.26543957 -2.7184598   3.4055452   0.6330686
  1.6064656  -2.3503907  -1.7423064  -2.5312324  -1.0444249   0.39959797
 -0.7251224   1.4978396   2.5775895   1.5629585   1.3876079   2.434347
  1.1444004  -0.71748525  0.3505741  -0.36256337 -7.607975   -2.9712305
  1.6415262   1.1769941 ]
X_ 3 postcondition: <= 0.95
[-1.2385477  -1.7144996   1.2266238  -1.9512727   0.94589865  1.940323
 -0.01460443  1.7081472  -0.26543957 -2.7184598   3.4055452   0.6330686
  1.6064656  -2.3503907  -1.7423064  -2.5312324  -1.0444249   0.39959797
 -0.7251224   1.4978396   2.5775895   1.5629585   1.3876079   2.434347
  1.1444004  -0.71748525  0.3505741  -0.36256337 -7.607975   -2.9712305
  1.6415262   1.1769941 ]
X_ 3 postcondition: > 0.95
[-1.2385477  -1.7144996   1.2266238  -1.9512727   0.94589865  1.940323
 -0.01460443  1.7081472  -0.26543957 -2.7184598   3.4055452   0.6330686
  1.6064656  -2.3503907  -1.7423064  -2.5312324  -1.0444249   0.39959797
 -0.7251224   1.4978396   2.5775895   1.5629585   1.3876079   2.434347
  1.1444004  -0.71748525  0.3505741  -0.36256337 -7.607975   -2.9712305
  1.6415262   1.1769941 ]
X_ 3 postcondition: < 0.95
[-1.2385477  -1.7144996   1.2266238  -1.9512727   0.94589865  1.940323
 -0.01460443  1.7081472  -0.26543957 -2.7184598   3.4055452   0.6330686
  1.6064656  -2.3503907  -1.7423064  -2.5312324  -1.0444249   0.39959797
 -0.7251224   1.4978396   2.5775895   1.5629585   1.3876079   2.434347
  1.1444004  -0.71748525  0.3505741  -0.36256337 -7.607975   -2.9712305
  1.6415262   1.1769941 ]
X_ 3 postcondition: == 0.95
[-1.2385477  -1.7144996   1.2266238  -1.9512727   0.94589865  1.940323
 -0.01460443  1.7081472  -0.26543957 -2.7184598   3.4055452   0.6330686
  1.6064656  -2.3503907  -1.7423064  -2.5312324  -1.0444249   0.39959797
 -0.7251224   1.4978396   2.5775895   1.5629585   1.3876079   2.434347
  1.1444004  -0.71748525  0.3505741  -0.36256337 -7.607975   -2.9712305
  1.6415262   1.1769941 ]
X_ 3 postcondition: != 0.95
[-1.2385477  -1.7144996   1.2266238  -1.9512727   0.94589865  1.940323
 -0.01460443  1.7081472  -0.26543957 -2.7184598   3.4055452   0.6330686
  1.6064656  -2.3503907  -1.7423064  -2.5312324  -1.0444249   0.39959797
 -0.7251224   1.4978396   2.5775895   1.5629585   1.3876079   2.434347
  1.1444004  -0.71748525  0.3505741  -0.36256337 -7.607975   -2.9712305
  1.6415262   1.1769941 ]
X_ 3 postcondition: >= 0.99
[-1.2906971  -1.7866884   1.2782712  -2.0334315   0.98572654  2.0220208
 -0.0152194   1.7800695  -0.27661616 -2.8329217   3.5489366   0.6597241
  1.674106   -2.4493537  -1.8156668  -2.6378105  -1.0884008   0.4164233
 -0.755654    1.5609064   2.6861203   1.6287675   1.4460336   2.536846
  1.1925857  -0.74769545  0.3653352  -0.37782916 -7.9283094  -3.096335
  1.7106432   1.2265521 ]
X_ 3 postcondition: <= 0.99
[-1.2906971  -1.7866884   1.2782712  -2.0334315   0.98572654  2.0220208
 -0.0152194   1.7800695  -0.27661616 -2.8329217   3.5489366   0.6597241
  1.674106   -2.4493537  -1.8156668  -2.6378105  -1.0884008   0.4164233
 -0.755654    1.5609064   2.6861203   1.6287675   1.4460336   2.536846
  1.1925857  -0.74769545  0.3653352  -0.37782916 -7.9283094  -3.096335
  1.7106432   1.2265521 ]
X_ 3 postcondition: > 0.99
[-1.2906971  -1.7866884   1.2782712  -2.0334315   0.98572654  2.0220208
 -0.0152194   1.7800695  -0.27661616 -2.8329217   3.5489366   0.6597241
  1.674106   -2.4493537  -1.8156668  -2.6378105  -1.0884008   0.4164233
 -0.755654    1.5609064   2.6861203   1.6287675   1.4460336   2.536846
  1.1925857  -0.74769545  0.3653352  -0.37782916 -7.9283094  -3.096335
  1.7106432   1.2265521 ]
X_ 3 postcondition: < 0.99
[-1.2906971  -1.7866884   1.2782712  -2.0334315   0.98572654  2.0220208
 -0.0152194   1.7800695  -0.27661616 -2.8329217   3.5489366   0.6597241
  1.674106   -2.4493537  -1.8156668  -2.6378105  -1.0884008   0.4164233
 -0.755654    1.5609064   2.6861203   1.6287675   1.4460336   2.536846
  1.1925857  -0.74769545  0.3653352  -0.37782916 -7.9283094  -3.096335
  1.7106432   1.2265521 ]
X_ 3 postcondition: == 0.99
[-1.2906971  -1.7866884   1.2782712  -2.0334315   0.98572654  2.0220208
 -0.0152194   1.7800695  -0.27661616 -2.8329217   3.5489366   0.6597241
  1.674106   -2.4493537  -1.8156668  -2.6378105  -1.0884008   0.4164233
 -0.755654    1.5609064   2.6861203   1.6287675   1.4460336   2.536846
  1.1925857  -0.74769545  0.3653352  -0.37782916 -7.9283094  -3.096335
  1.7106432   1.2265521 ]
X_ 3 postcondition: != 0.99
[-1.2906971  -1.7866884   1.2782712  -2.0334315   0.98572654  2.0220208
 -0.0152194   1.7800695  -0.27661616 -2.8329217   3.5489366   0.6597241
  1.674106   -2.4493537  -1.8156668  -2.6378105  -1.0884008   0.4164233
 -0.755654    1.5609064   2.6861203   1.6287675   1.4460336   2.536846
  1.1925857  -0.74769545  0.3653352  -0.37782916 -7.9283094  -3.096335
  1.7106432   1.2265521 ]
X_ 4 postcondition: >= 0.75
[ 0.74591404  0.4818911  -4.2172456  -1.8691236   9.063644    0.2746605
 -6.0328608   6.2190714   0.8706866   2.1757605   5.835256    2.7630918
  2.109949   -7.956461   12.182479    1.5462508 ]
X_ 4 postcondition: <= 0.75
[ 0.74591404  0.4818911  -4.2172456  -1.8691236   9.063644    0.2746605
 -6.0328608   6.2190714   0.8706866   2.1757605   5.835256    2.7630918
  2.109949   -7.956461   12.182479    1.5462508 ]
X_ 4 postcondition: > 0.75
[ 0.74591404  0.4818911  -4.2172456  -1.8691236   9.063644    0.2746605
 -6.0328608   6.2190714   0.8706866   2.1757605   5.835256    2.7630918
  2.109949   -7.956461   12.182479    1.5462508 ]
X_ 4 postcondition: < 0.75
[ 0.74591404  0.4818911  -4.2172456  -1.8691236   9.063644    0.2746605
 -6.0328608   6.2190714   0.8706866   2.1757605   5.835256    2.7630918
  2.109949   -7.956461   12.182479    1.5462508 ]
X_ 4 postcondition: == 0.75
[ 0.74591404  0.4818911  -4.2172456  -1.8691236   9.063644    0.2746605
 -6.0328608   6.2190714   0.8706866   2.1757605   5.835256    2.7630918
  2.109949   -7.956461   12.182479    1.5462508 ]
X_ 4 postcondition: != 0.75
[ 0.74591404  0.4818911  -4.2172456  -1.8691236   9.063644    0.2746605
 -6.0328608   6.2190714   0.8706866   2.1757605   5.835256    2.7630918
  2.109949   -7.956461   12.182479    1.5462508 ]
X_ 4 postcondition: >= 0.9
[ 0.8950968   0.57826924 -5.0606947  -2.2429483  10.876373    0.32959265
 -7.239434    7.4628854   1.0448239   2.6109123   7.002307    3.31571
  2.531939   -9.547752   14.618975    1.8555008 ]
X_ 4 postcondition: <= 0.9
[ 0.8950968   0.57826924 -5.0606947  -2.2429483  10.876373    0.32959265
 -7.239434    7.4628854   1.0448239   2.6109123   7.002307    3.31571
  2.531939   -9.547752   14.618975    1.8555008 ]
X_ 4 postcondition: > 0.9
[ 0.8950968   0.57826924 -5.0606947  -2.2429483  10.876373    0.32959265
 -7.239434    7.4628854   1.0448239   2.6109123   7.002307    3.31571
  2.531939   -9.547752   14.618975    1.8555008 ]
X_ 4 postcondition: < 0.9
[ 0.8950968   0.57826924 -5.0606947  -2.2429483  10.876373    0.32959265
 -7.239434    7.4628854   1.0448239   2.6109123   7.002307    3.31571
  2.531939   -9.547752   14.618975    1.8555008 ]
X_ 4 postcondition: == 0.9
[ 0.8950968   0.57826924 -5.0606947  -2.2429483  10.876373    0.32959265
 -7.239434    7.4628854   1.0448239   2.6109123   7.002307    3.31571
  2.531939   -9.547752   14.618975    1.8555008 ]
X_ 4 postcondition: != 0.9
[ 0.8950968   0.57826924 -5.0606947  -2.2429483  10.876373    0.32959265
 -7.239434    7.4628854   1.0448239   2.6109123   7.002307    3.31571
  2.531939   -9.547752   14.618975    1.8555008 ]
X_ 4 postcondition: >= 0.95
[  0.9448244    0.6103954   -5.341845    -2.3675566   11.480617
   0.34790334  -7.6416245    7.877491     1.1028699    2.7559633
   7.391325     3.4999168    2.6726024  -10.078183    15.43114
   1.9585844 ]
X_ 4 postcondition: <= 0.95
[  0.9448244    0.6103954   -5.341845    -2.3675566   11.480617
   0.34790334  -7.6416245    7.877491     1.1028699    2.7559633
   7.391325     3.4999168    2.6726024  -10.078183    15.43114
   1.9585844 ]
X_ 4 postcondition: > 0.95
[  0.9448244    0.6103954   -5.341845    -2.3675566   11.480617
   0.34790334  -7.6416245    7.877491     1.1028699    2.7559633
   7.391325     3.4999168    2.6726024  -10.078183    15.43114
   1.9585844 ]
X_ 4 postcondition: < 0.95
[  0.9448244    0.6103954   -5.341845    -2.3675566   11.480617
   0.34790334  -7.6416245    7.877491     1.1028699    2.7559633
   7.391325     3.4999168    2.6726024  -10.078183    15.43114
   1.9585844 ]
X_ 4 postcondition: == 0.95
[  0.9448244    0.6103954   -5.341845    -2.3675566   11.480617
   0.34790334  -7.6416245    7.877491     1.1028699    2.7559633
   7.391325     3.4999168    2.6726024  -10.078183    15.43114
   1.9585844 ]
X_ 4 postcondition: != 0.95
[  0.9448244    0.6103954   -5.341845    -2.3675566   11.480617
   0.34790334  -7.6416245    7.877491     1.1028699    2.7559633
   7.391325     3.4999168    2.6726024  -10.078183    15.43114
   1.9585844 ]
X_ 4 postcondition: >= 0.99
[  0.9846065    0.63609636  -5.566764    -2.4672432   11.964011
   0.36255193  -7.9633775    8.209174     1.1493062    2.8720038
   7.702538     3.6472812    2.785133   -10.502528    16.080872
   2.041051  ]
X_ 4 postcondition: <= 0.99
[  0.9846065    0.63609636  -5.566764    -2.4672432   11.964011
   0.36255193  -7.9633775    8.209174     1.1493062    2.8720038
   7.702538     3.6472812    2.785133   -10.502528    16.080872
   2.041051  ]
X_ 4 postcondition: > 0.99
[  0.9846065    0.63609636  -5.566764    -2.4672432   11.964011
   0.36255193  -7.9633775    8.209174     1.1493062    2.8720038
   7.702538     3.6472812    2.785133   -10.502528    16.080872
   2.041051  ]
X_ 4 postcondition: < 0.99
[  0.9846065    0.63609636  -5.566764    -2.4672432   11.964011
   0.36255193  -7.9633775    8.209174     1.1493062    2.8720038
   7.702538     3.6472812    2.785133   -10.502528    16.080872
   2.041051  ]
X_ 4 postcondition: == 0.99
[  0.9846065    0.63609636  -5.566764    -2.4672432   11.964011
   0.36255193  -7.9633775    8.209174     1.1493062    2.8720038
   7.702538     3.6472812    2.785133   -10.502528    16.080872
   2.041051  ]
X_ 4 postcondition: != 0.99
[  0.9846065    0.63609636  -5.566764    -2.4672432   11.964011
   0.36255193  -7.9633775    8.209174     1.1493062    2.8720038
   7.702538     3.6472812    2.785133   -10.502528    16.080872
   2.041051  ]
X_ 5 postcondition: >= 0.75
[ -0.21345031  -6.3398447   -9.467526    12.03352      3.4058263
 -14.416859   -13.174823    12.5958805 ]
X_ 5 postcondition: <= 0.75
[ -0.21345031  -6.3398447   -9.467526    12.03352      3.4058263
 -14.416859   -13.174823    12.5958805 ]
X_ 5 postcondition: > 0.75
[ -0.21345031  -6.3398447   -9.467526    12.03352      3.4058263
 -14.416859   -13.174823    12.5958805 ]
X_ 5 postcondition: < 0.75
[ -0.21345031  -6.3398447   -9.467526    12.03352      3.4058263
 -14.416859   -13.174823    12.5958805 ]
X_ 5 postcondition: == 0.75
[ -0.21345031  -6.3398447   -9.467526    12.03352      3.4058263
 -14.416859   -13.174823    12.5958805 ]
X_ 5 postcondition: != 0.75
[ -0.21345031  -6.3398447   -9.467526    12.03352      3.4058263
 -14.416859   -13.174823    12.5958805 ]
X_ 5 postcondition: >= 0.9
[ -0.25614035  -7.607814   -11.361031    14.440223     4.086992
 -17.30023    -15.809788    15.115055  ]
X_ 5 postcondition: <= 0.9
[ -0.25614035  -7.607814   -11.361031    14.440223     4.086992
 -17.30023    -15.809788    15.115055  ]
X_ 5 postcondition: > 0.9
[ -0.25614035  -7.607814   -11.361031    14.440223     4.086992
 -17.30023    -15.809788    15.115055  ]
X_ 5 postcondition: < 0.9
[ -0.25614035  -7.607814   -11.361031    14.440223     4.086992
 -17.30023    -15.809788    15.115055  ]
X_ 5 postcondition: == 0.9
[ -0.25614035  -7.607814   -11.361031    14.440223     4.086992
 -17.30023    -15.809788    15.115055  ]
X_ 5 postcondition: != 0.9
[ -0.25614035  -7.607814   -11.361031    14.440223     4.086992
 -17.30023    -15.809788    15.115055  ]
X_ 5 postcondition: >= 0.95
[ -0.27037042  -8.030471   -11.9922      15.242458     4.3140464
 -18.261353   -16.68811     15.954782  ]
X_ 5 postcondition: <= 0.95
[ -0.27037042  -8.030471   -11.9922      15.242458     4.3140464
 -18.261353   -16.68811     15.954782  ]
X_ 5 postcondition: > 0.95
[ -0.27037042  -8.030471   -11.9922      15.242458     4.3140464
 -18.261353   -16.68811     15.954782  ]
X_ 5 postcondition: < 0.95
[ -0.27037042  -8.030471   -11.9922      15.242458     4.3140464
 -18.261353   -16.68811     15.954782  ]
X_ 5 postcondition: == 0.95
[ -0.27037042  -8.030471   -11.9922      15.242458     4.3140464
 -18.261353   -16.68811     15.954782  ]
X_ 5 postcondition: != 0.95
[ -0.27037042  -8.030471   -11.9922      15.242458     4.3140464
 -18.261353   -16.68811     15.954782  ]
X_ 5 postcondition: >= 0.99
[ -0.28175443  -8.368595   -12.497134    15.884247     4.495691
 -19.030254   -17.390766    16.626562  ]
X_ 5 postcondition: <= 0.99
[ -0.28175443  -8.368595   -12.497134    15.884247     4.495691
 -19.030254   -17.390766    16.626562  ]
X_ 5 postcondition: > 0.99
[ -0.28175443  -8.368595   -12.497134    15.884247     4.495691
 -19.030254   -17.390766    16.626562  ]
X_ 5 postcondition: < 0.99
[ -0.28175443  -8.368595   -12.497134    15.884247     4.495691
 -19.030254   -17.390766    16.626562  ]
X_ 5 postcondition: == 0.99
[ -0.28175443  -8.368595   -12.497134    15.884247     4.495691
 -19.030254   -17.390766    16.626562  ]
X_ 5 postcondition: != 0.99
[ -0.28175443  -8.368595   -12.497134    15.884247     4.495691
 -19.030254   -17.390766    16.626562  ]
X_ 6 postcondition: >= 0.75
[  0.         11.497957   -2.8744893 -11.497957 ]
X_ 6 postcondition: <= 0.75
[  0.         11.497957   -2.8744893 -11.497957 ]
X_ 6 postcondition: > 0.75
[  0.         11.497957   -2.8744893 -11.497957 ]
X_ 6 postcondition: < 0.75
[  0.         11.497957   -2.8744893 -11.497957 ]
X_ 6 postcondition: == 0.75
[  0.         11.497957   -2.8744893 -11.497957 ]
X_ 6 postcondition: != 0.75
[  0.         11.497957   -2.8744893 -11.497957 ]
X_ 6 postcondition: >= 0.9
[  0.         13.797549   -3.4493873 -13.797549 ]
X_ 6 postcondition: <= 0.9
[  0.         13.797549   -3.4493873 -13.797549 ]
X_ 6 postcondition: > 0.9
[  0.         13.797549   -3.4493873 -13.797549 ]
X_ 6 postcondition: < 0.9
[  0.         13.797549   -3.4493873 -13.797549 ]
X_ 6 postcondition: == 0.9
[  0.         13.797549   -3.4493873 -13.797549 ]
X_ 6 postcondition: != 0.9
[  0.         13.797549   -3.4493873 -13.797549 ]
X_ 6 postcondition: >= 0.95
[  0.         14.564079   -3.6410198 -14.564079 ]
X_ 6 postcondition: <= 0.95
[  0.         14.564079   -3.6410198 -14.564079 ]
X_ 6 postcondition: > 0.95
[  0.         14.564079   -3.6410198 -14.564079 ]
X_ 6 postcondition: < 0.95
[  0.         14.564079   -3.6410198 -14.564079 ]
X_ 6 postcondition: == 0.95
[  0.         14.564079   -3.6410198 -14.564079 ]
X_ 6 postcondition: != 0.95
[  0.         14.564079   -3.6410198 -14.564079 ]
X_ 6 postcondition: >= 0.99
[  0.        15.177304  -3.794326 -15.177304]
X_ 6 postcondition: <= 0.99
[  0.        15.177304  -3.794326 -15.177304]
X_ 6 postcondition: > 0.99
[  0.        15.177304  -3.794326 -15.177304]
X_ 6 postcondition: < 0.99
[  0.        15.177304  -3.794326 -15.177304]
X_ 6 postcondition: == 0.99
[  0.        15.177304  -3.794326 -15.177304]
X_ 6 postcondition: != 0.99
[  0.        15.177304  -3.794326 -15.177304]
Weakest precondition: [-0.6057857  -0.01892927 -0.5923215  -0.06466639  0.19955188  0.39138204
 -0.05399848 -0.1384511   0.07860571 -0.01900677 -0.00867258 -0.02308559
  0.09983407 -0.06688868  0.07003909 -0.03049877 -0.00346173  0.08595125
  0.09499521  0.0465444  -0.07331017 -0.20497146 -0.39179385 -0.07773612
 -0.06610974 -0.05569105  0.02583565 -0.02171698]
Features:  ['age' 'education' 'balance' 'day' 'month' 'duration' 'campaign' 'pdays'
 'previous' 'poutcome' 'job_blue' 'job_entrepreneur' 'job_housemaid'
 'job_management' 'job_retired' 'job_self' 'job_services' 'job_student'
 'job_technician' 'job_unemployed' 'job_unknown' 'marital_married'
 'marital_single' 'default_yes' 'housing_yes' 'loan_yes'
 'contact_telephone' 'contact_unknown']
Features length:  28
Weakest precondition size  28

Checking precondition violation:   0%|          | 0/28 [00:00<?, ?it/s]
Checking precondition violation: 100%|| 28/28 [00:00<00:00, 419.08it/s]
