Number of layers in the model: 3
Layer: dense
Layer: dense_1
Layer: dense_2
Number of selected layers in the model: 3
#weights: 3 | #biases: 3 | #N: 3 | #Gamma: 3
W_ 1 : [[-4.54021424e-01  1.31862670e-01  7.87653401e-02  1.01364248e-01
  -3.64434749e-01 -1.07591748e-01  2.24100664e-01 -4.84103203e-01
   4.43018302e-02 -4.84111190e-01 -3.63761634e-01 -3.61738920e-01]
 [-4.38975751e-01  3.86653572e-01  5.13850851e-03 -1.49045736e-01
   1.52334169e-01  9.14819911e-03  4.53319669e-01 -3.68067205e-01
   3.54081661e-01 -1.48467898e-01  1.54670864e-01  3.13672990e-01]
 [-1.09070778e-01  5.21162972e-02  2.24349692e-01  1.07098371e-01
   1.52832583e-01 -1.75333947e-01 -2.75082409e-01 -5.44633031e-01
   5.18935472e-02 -1.36734247e-02  3.95720243e-01 -1.46346688e-01]
 [ 5.41841201e-02  2.45918512e-01  2.88883090e-01  4.82643127e-01
  -4.35042754e-02 -4.58208352e-01  4.51639563e-01 -4.09453034e-01
  -4.79975566e-02  3.86953354e-04  2.48677269e-01  4.04855192e-01]
 [ 2.43140534e-01  3.32179159e-01 -8.29185322e-02 -9.41658556e-01
  -4.15182531e-01 -1.19565815e-01  2.43848994e-01  2.33974457e-02
   1.88782543e-01 -1.20993376e-01  1.99959781e-02 -1.23280883e-01]
 [-3.68677258e-01 -1.46714866e-01  3.88623446e-01  1.83558330e-01
   1.53494835e-01 -2.57259458e-01  3.15287739e-01 -2.28928834e-01
  -1.96115449e-01  2.63971686e-02  5.09693146e-01 -2.46092770e-02]
 [ 2.31973842e-01 -1.48229003e-01  5.09724736e-01 -7.77586699e-01
   3.49591166e-01 -3.74511570e-01  1.19925737e-01 -4.31827307e-01
   2.72815585e-01  5.29121161e-01 -6.48310244e-01 -3.15279186e-01]
 [-9.69970286e-01 -2.45335370e-01  1.55358449e-01 -1.53107867e-01
  -3.56529385e-01  3.32511604e-01 -1.17672041e-01  8.53567719e-02
  -3.65777016e-01 -3.94022465e-03 -3.14229310e-01  9.98576451e-03]]
W_ 2 : [[-0.4734392   0.14994931  0.4615065   0.1305021  -0.2880326   0.02343869
  -0.05887944 -0.19541338]
 [-0.22055265  0.46336943 -0.39584318  0.19050813  0.09520169 -1.0734541
  -0.29130158  0.45565927]
 [ 0.12341844 -0.22160049 -0.28102842 -0.5249543   0.04246664  0.4103705
   0.55874383  0.4450271 ]
 [ 0.47094578  0.2798902   0.38922346 -0.01871866 -0.2857729   0.05047171
  -1.1133155  -0.30694023]
 [-0.6012576  -0.3658189   0.4111631   0.42918575 -0.3508441  -0.51239413
  -0.40971035 -0.00803706]
 [ 0.10591941  0.3541009  -0.4752326  -0.44160098 -0.28630278  0.07796736
   0.39204097 -0.07538556]
 [-0.14313973 -0.3443277  -0.08383682 -0.4793629  -0.0984231   0.09299497
   0.24220659  0.3607303 ]
 [ 0.0012902   0.34513557 -0.14260426 -0.2968649  -0.4458862   0.30685323
  -0.19079852 -0.44852278]
 [ 0.36448976 -0.2026327   0.02623496 -0.48950756  0.51909035  0.29983354
   0.11521011 -0.39648557]
 [-0.41332337  0.37249917 -0.14793366 -0.5016818   0.40477514 -0.14649785
  -0.4449213  -0.3986109 ]
 [ 0.32217145  0.45137143  0.06381127  0.25740176 -0.08873343 -0.07936411
  -0.3385826   0.05140965]
 [ 0.36018997  0.37983614  0.3622134  -0.29131716  0.18370073 -0.7473157
  -0.02098843  0.14205635]]
W_ 3 : [[ 0.24216413]
 [-0.5213919 ]
 [-0.58612907]
 [ 0.64015853]
 [ 0.0844323 ]
 [ 0.1742376 ]
 [-0.3641825 ]
 [ 0.16156586]]
B_ 1 : [-0.05673176  1.0316548  -0.89565206  0.26094243 -0.39425993  0.21892425
 -1.0237898   0.         -1.0220988   0.          0.86716944  0.9527992 ]
B_ 2 : [-1.1645403   1.0904878   0.24362741 -0.03038662 -0.9076242  -0.5262162
  0.732254   -1.1107109 ]
B_ 3 : [-1.1174195]
Activation function of layer_a 1 : relu
Activation function of layer_a 2 : relu
Activation function of layer_a 3 : sigmoid
Gamma_ 1 : [[-0.0430511  -0.4897198  -0.05434513  0.26947096  0.1731188  -0.24528983
   0.03715348 -0.48536056]
 [-0.07029222  0.31337434  0.35457516  0.38407797  0.23799196 -0.65012115
  -0.14197013  0.06766676]
 [-0.11540602 -0.27719772  0.13997102  0.36454865  0.0669671   0.24285932
   0.26715678  0.28215915]
 [ 0.32796398 -0.16052511 -0.16297975  0.27344885 -0.64495534 -0.12092264
  -0.16937013 -0.23465614]
 [-0.11169461  0.6394863  -0.22694054 -0.7580543  -0.6630695   0.46082485
   0.25797412 -0.5311165 ]
 [-0.1246787   0.3984365   0.00401816 -0.44924298 -0.20376682 -0.21041167
  -0.1425856   0.10162003]
 [ 0.36130005  0.3051229  -1.2642775  -0.1030685   0.00323628  0.9651282
   0.08660669 -0.44544113]
 [-0.19676355 -0.13596465 -0.86096746 -0.32743922  0.04683426  0.5038121
  -0.16329882 -0.11354841]
 [ 0.12060981  0.6332192   0.04124754 -0.38576075 -0.20548211 -0.23370816
   0.08844861 -0.39053077]
 [-0.64912057 -0.06201822  0.1339883   0.39461756 -0.0654543  -0.23523031
   0.3243414   0.3981654 ]
 [-0.37967253  0.02827463  0.49455726 -0.27658853  0.41588348  0.72233784
  -0.41777724 -0.16841033]
 [-0.7672039   0.3638855   0.10709146  0.93224156  0.01549519 -0.82832134
  -0.03608551  0.5990463 ]]
Gamma_ 2 : [[ 1.13846183e-01 -7.26784849e+00  8.50784957e-01  7.57135201e+00
   1.51291847e+01  1.18134487e+00  4.52467108e+00 -4.76845592e-01
   3.54244041e+00  3.54104042e+00 -9.14255905e+00 -1.38966620e-01]
 [ 1.18644273e+00  3.22914720e+00 -1.16360259e+00  5.70186043e+00
  -1.33632517e+01 -3.12686729e+00  5.27097762e-01 -4.46004480e-01
   4.46886015e+00  8.42211843e-01 -1.84221573e+01  2.54427910e-01]
 [-1.88913167e-01  1.21280417e-01  1.24727571e+00 -5.07134914e+00
   8.03502083e-01  9.87537354e-02  2.15800071e+00 -3.41113985e-01
   5.07408571e+00  8.87335837e-01  9.23674202e+00  7.31443524e-01]
 [-1.77460873e+00 -1.51904213e+00  8.81893575e-01 -1.25379238e+01
   1.74370956e+01  2.13379884e+00  5.69632626e+00 -7.43949115e-02
   5.28814745e+00 -2.50831008e-01  2.36472149e+01 -1.15699852e+00]
 [-5.76323318e+00 -1.55853391e+00  1.22392106e+00 -9.42907810e-01
   1.44878826e+01  2.59462404e+00  6.85577917e+00  1.37058878e+00
   5.92564583e+00  6.03813744e+00  2.60656834e+01 -7.77114272e-01]
 [-3.61691356e-01  8.79917026e-01 -1.69633198e+00  5.97936630e-01
  -1.10365987e+00 -1.53833234e+00  1.10704398e+00  4.37436074e-01
  -1.76361048e+00  1.40495718e+00  3.07472754e+00 -4.13080007e-01]
 [-3.95070873e-02 -2.26264071e+00  4.71545011e-02 -1.89359207e+01
   1.84830551e+01  2.87960148e+00 -4.64915991e+00 -9.94538888e-02
   7.99923956e-01  1.64537430e+00  6.50095291e+01 -1.85882464e-01]
 [ 2.41289830e+00 -2.03856468e+00 -6.13498092e-01  2.79656601e+00
  -1.33319271e+00 -2.17343521e+00 -1.77787888e+00 -2.44186139e+00
  -4.16758060e+00 -1.63671899e+00 -3.78869057e-01 -1.12463385e-02]]
Gamma_ 3 : [[  1.0260905   51.533123     6.0311165    0.09375358 -27.231115
  -21.81437     -5.858817    -1.8563337 ]]
X_ 1 postcondition: >= 0.75
[ 1.0633442   0.14685018 -1.555829   -1.1058826  -0.604767    1.5342413
  0.8555308  -0.97122794]
X_ 1 postcondition: <= 0.75
[ 1.0633442   0.14685018 -1.555829   -1.1058826  -0.604767    1.5342413
  0.8555308  -0.97122794]
X_ 1 postcondition: > 0.75
[ 1.0633442   0.14685018 -1.555829   -1.1058826  -0.604767    1.5342413
  0.8555308  -0.97122794]
X_ 1 postcondition: < 0.75
[ 1.0633442   0.14685018 -1.555829   -1.1058826  -0.604767    1.5342413
  0.8555308  -0.97122794]
X_ 1 postcondition: == 0.75
[ 1.0633442   0.14685018 -1.555829   -1.1058826  -0.604767    1.5342413
  0.8555308  -0.97122794]
X_ 1 postcondition: != 0.75
[ 1.0633442   0.14685018 -1.555829   -1.1058826  -0.604767    1.5342413
  0.8555308  -0.97122794]
X_ 1 postcondition: >= 0.9
[ 1.276013   0.1762202 -1.8669949 -1.3270591 -0.7257204  1.8410897
  1.026637  -1.1654735]
X_ 1 postcondition: <= 0.9
[ 1.276013   0.1762202 -1.8669949 -1.3270591 -0.7257204  1.8410897
  1.026637  -1.1654735]
X_ 1 postcondition: > 0.9
[ 1.276013   0.1762202 -1.8669949 -1.3270591 -0.7257204  1.8410897
  1.026637  -1.1654735]
X_ 1 postcondition: < 0.9
[ 1.276013   0.1762202 -1.8669949 -1.3270591 -0.7257204  1.8410897
  1.026637  -1.1654735]
X_ 1 postcondition: == 0.9
[ 1.276013   0.1762202 -1.8669949 -1.3270591 -0.7257204  1.8410897
  1.026637  -1.1654735]
X_ 1 postcondition: != 0.9
[ 1.276013   0.1762202 -1.8669949 -1.3270591 -0.7257204  1.8410897
  1.026637  -1.1654735]
X_ 1 postcondition: >= 0.95
[ 1.3469026   0.18601032 -1.9707167  -1.4007847  -0.7660382   1.9433725
  1.0836723  -1.2302221 ]
X_ 1 postcondition: <= 0.95
[ 1.3469026   0.18601032 -1.9707167  -1.4007847  -0.7660382   1.9433725
  1.0836723  -1.2302221 ]
X_ 1 postcondition: > 0.95
[ 1.3469026   0.18601032 -1.9707167  -1.4007847  -0.7660382   1.9433725
  1.0836723  -1.2302221 ]
X_ 1 postcondition: < 0.95
[ 1.3469026   0.18601032 -1.9707167  -1.4007847  -0.7660382   1.9433725
  1.0836723  -1.2302221 ]
X_ 1 postcondition: == 0.95
[ 1.3469026   0.18601032 -1.9707167  -1.4007847  -0.7660382   1.9433725
  1.0836723  -1.2302221 ]
X_ 1 postcondition: != 0.95
[ 1.3469026   0.18601032 -1.9707167  -1.4007847  -0.7660382   1.9433725
  1.0836723  -1.2302221 ]
X_ 1 postcondition: >= 0.99
[ 1.4036143   0.19384229 -2.0536945  -1.4597652  -0.79829246  2.025199
  1.1293006  -1.2820209 ]
X_ 1 postcondition: <= 0.99
[ 1.4036143   0.19384229 -2.0536945  -1.4597652  -0.79829246  2.025199
  1.1293006  -1.2820209 ]
X_ 1 postcondition: > 0.99
[ 1.4036143   0.19384229 -2.0536945  -1.4597652  -0.79829246  2.025199
  1.1293006  -1.2820209 ]
X_ 1 postcondition: < 0.99
[ 1.4036143   0.19384229 -2.0536945  -1.4597652  -0.79829246  2.025199
  1.1293006  -1.2820209 ]
X_ 1 postcondition: == 0.99
[ 1.4036143   0.19384229 -2.0536945  -1.4597652  -0.79829246  2.025199
  1.1293006  -1.2820209 ]
X_ 1 postcondition: != 0.99
[ 1.4036143   0.19384229 -2.0536945  -1.4597652  -0.79829246  2.025199
  1.1293006  -1.2820209 ]
X_ 2 postcondition: >= 0.75
[ -2.9110043  -10.21479      1.1136526   14.91359     22.55911
   1.3868287    9.432287    -0.86498284  -1.9409444    4.633784
 -11.128495    -1.0887862 ]
X_ 2 postcondition: <= 0.75
[ -2.9110043  -10.21479      1.1136526   14.91359     22.55911
   1.3868287    9.432287    -0.86498284  -1.9409444    4.633784
 -11.128495    -1.0887862 ]
X_ 2 postcondition: > 0.75
[ -2.9110043  -10.21479      1.1136526   14.91359     22.55911
   1.3868287    9.432287    -0.86498284  -1.9409444    4.633784
 -11.128495    -1.0887862 ]
X_ 2 postcondition: < 0.75
[ -2.9110043  -10.21479      1.1136526   14.91359     22.55911
   1.3868287    9.432287    -0.86498284  -1.9409444    4.633784
 -11.128495    -1.0887862 ]
X_ 2 postcondition: == 0.75
[ -2.9110043  -10.21479      1.1136526   14.91359     22.55911
   1.3868287    9.432287    -0.86498284  -1.9409444    4.633784
 -11.128495    -1.0887862 ]
X_ 2 postcondition: != 0.75
[ -2.9110043  -10.21479      1.1136526   14.91359     22.55911
   1.3868287    9.432287    -0.86498284  -1.9409444    4.633784
 -11.128495    -1.0887862 ]
X_ 2 postcondition: >= 0.9
[ -3.4932048 -12.257746    1.3363827  17.896309   27.070932    1.6641939
  11.318745   -1.0379792  -2.3291335   5.56054   -13.354193   -1.3065436]
X_ 2 postcondition: <= 0.9
[ -3.4932048 -12.257746    1.3363827  17.896309   27.070932    1.6641939
  11.318745   -1.0379792  -2.3291335   5.56054   -13.354193   -1.3065436]
X_ 2 postcondition: > 0.9
[ -3.4932048 -12.257746    1.3363827  17.896309   27.070932    1.6641939
  11.318745   -1.0379792  -2.3291335   5.56054   -13.354193   -1.3065436]
X_ 2 postcondition: < 0.9
[ -3.4932048 -12.257746    1.3363827  17.896309   27.070932    1.6641939
  11.318745   -1.0379792  -2.3291335   5.56054   -13.354193   -1.3065436]
X_ 2 postcondition: == 0.9
[ -3.4932048 -12.257746    1.3363827  17.896309   27.070932    1.6641939
  11.318745   -1.0379792  -2.3291335   5.56054   -13.354193   -1.3065436]
X_ 2 postcondition: != 0.9
[ -3.4932048 -12.257746    1.3363827  17.896309   27.070932    1.6641939
  11.318745   -1.0379792  -2.3291335   5.56054   -13.354193   -1.3065436]
X_ 2 postcondition: >= 0.95
[ -3.687272  -12.938733    1.4106263  18.890549   28.574871    1.756649
  11.947565   -1.0956447  -2.4585295   5.8694596 -14.09609    -1.3791293]
X_ 2 postcondition: <= 0.95
[ -3.687272  -12.938733    1.4106263  18.890549   28.574871    1.756649
  11.947565   -1.0956447  -2.4585295   5.8694596 -14.09609    -1.3791293]
X_ 2 postcondition: > 0.95
[ -3.687272  -12.938733    1.4106263  18.890549   28.574871    1.756649
  11.947565   -1.0956447  -2.4585295   5.8694596 -14.09609    -1.3791293]
X_ 2 postcondition: < 0.95
[ -3.687272  -12.938733    1.4106263  18.890549   28.574871    1.756649
  11.947565   -1.0956447  -2.4585295   5.8694596 -14.09609    -1.3791293]
X_ 2 postcondition: == 0.95
[ -3.687272  -12.938733    1.4106263  18.890549   28.574871    1.756649
  11.947565   -1.0956447  -2.4585295   5.8694596 -14.09609    -1.3791293]
X_ 2 postcondition: != 0.95
[ -3.687272  -12.938733    1.4106263  18.890549   28.574871    1.756649
  11.947565   -1.0956447  -2.4585295   5.8694596 -14.09609    -1.3791293]
X_ 2 postcondition: >= 0.99
[ -3.8425255 -13.483522    1.4700214  19.68594    29.778027    1.8306129
  12.45062    -1.1417772  -2.5620475   6.1165943 -14.689612   -1.4371979]
X_ 2 postcondition: <= 0.99
[ -3.8425255 -13.483522    1.4700214  19.68594    29.778027    1.8306129
  12.45062    -1.1417772  -2.5620475   6.1165943 -14.689612   -1.4371979]
X_ 2 postcondition: > 0.99
[ -3.8425255 -13.483522    1.4700214  19.68594    29.778027    1.8306129
  12.45062    -1.1417772  -2.5620475   6.1165943 -14.689612   -1.4371979]
X_ 2 postcondition: < 0.99
[ -3.8425255 -13.483522    1.4700214  19.68594    29.778027    1.8306129
  12.45062    -1.1417772  -2.5620475   6.1165943 -14.689612   -1.4371979]
X_ 2 postcondition: == 0.99
[ -3.8425255 -13.483522    1.4700214  19.68594    29.778027    1.8306129
  12.45062    -1.1417772  -2.5620475   6.1165943 -14.689612   -1.4371979]
X_ 2 postcondition: != 0.99
[ -3.8425255 -13.483522    1.4700214  19.68594    29.778027    1.8306129
  12.45062    -1.1417772  -2.5620475   6.1165943 -14.689612   -1.4371979]
X_ 3 postcondition: >= 0.75
[  0.8599301   43.188087     5.0544653    0.07857156 -22.821434
 -18.28185     -4.910067    -1.5557276 ]
X_ 3 postcondition: <= 0.75
[  0.8599301   43.188087     5.0544653    0.07857156 -22.821434
 -18.28185     -4.910067    -1.5557276 ]
X_ 3 postcondition: > 0.75
[  0.8599301   43.188087     5.0544653    0.07857156 -22.821434
 -18.28185     -4.910067    -1.5557276 ]
X_ 3 postcondition: < 0.75
[  0.8599301   43.188087     5.0544653    0.07857156 -22.821434
 -18.28185     -4.910067    -1.5557276 ]
X_ 3 postcondition: == 0.75
[  0.8599301   43.188087     5.0544653    0.07857156 -22.821434
 -18.28185     -4.910067    -1.5557276 ]
X_ 3 postcondition: != 0.75
[  0.8599301   43.188087     5.0544653    0.07857156 -22.821434
 -18.28185     -4.910067    -1.5557276 ]
X_ 3 postcondition: >= 0.9
[  1.0319161   51.825703     6.065358     0.09428586 -27.385721
 -21.938221    -5.892081    -1.866873  ]
X_ 3 postcondition: <= 0.9
[  1.0319161   51.825703     6.065358     0.09428586 -27.385721
 -21.938221    -5.892081    -1.866873  ]
X_ 3 postcondition: > 0.9
[  1.0319161   51.825703     6.065358     0.09428586 -27.385721
 -21.938221    -5.892081    -1.866873  ]
X_ 3 postcondition: < 0.9
[  1.0319161   51.825703     6.065358     0.09428586 -27.385721
 -21.938221    -5.892081    -1.866873  ]
X_ 3 postcondition: == 0.9
[  1.0319161   51.825703     6.065358     0.09428586 -27.385721
 -21.938221    -5.892081    -1.866873  ]
X_ 3 postcondition: != 0.9
[  1.0319161   51.825703     6.065358     0.09428586 -27.385721
 -21.938221    -5.892081    -1.866873  ]
X_ 3 postcondition: >= 0.95
[  1.0892448   54.70491      6.4023223    0.09952397 -28.907148
 -23.157011    -6.219418    -1.9705883 ]
X_ 3 postcondition: <= 0.95
[  1.0892448   54.70491      6.4023223    0.09952397 -28.907148
 -23.157011    -6.219418    -1.9705883 ]
X_ 3 postcondition: > 0.95
[  1.0892448   54.70491      6.4023223    0.09952397 -28.907148
 -23.157011    -6.219418    -1.9705883 ]
X_ 3 postcondition: < 0.95
[  1.0892448   54.70491      6.4023223    0.09952397 -28.907148
 -23.157011    -6.219418    -1.9705883 ]
X_ 3 postcondition: == 0.95
[  1.0892448   54.70491      6.4023223    0.09952397 -28.907148
 -23.157011    -6.219418    -1.9705883 ]
X_ 3 postcondition: != 0.95
[  1.0892448   54.70491      6.4023223    0.09952397 -28.907148
 -23.157011    -6.219418    -1.9705883 ]
X_ 3 postcondition: >= 0.99
[  1.1351078   57.008274     6.671894     0.10371445 -30.124294
 -24.132044    -6.481289    -2.0535605 ]
X_ 3 postcondition: <= 0.99
[  1.1351078   57.008274     6.671894     0.10371445 -30.124294
 -24.132044    -6.481289    -2.0535605 ]
X_ 3 postcondition: > 0.99
[  1.1351078   57.008274     6.671894     0.10371445 -30.124294
 -24.132044    -6.481289    -2.0535605 ]
X_ 3 postcondition: < 0.99
[  1.1351078   57.008274     6.671894     0.10371445 -30.124294
 -24.132044    -6.481289    -2.0535605 ]
X_ 3 postcondition: == 0.99
[  1.1351078   57.008274     6.671894     0.10371445 -30.124294
 -24.132044    -6.481289    -2.0535605 ]
X_ 3 postcondition: != 0.99
[  1.1351078   57.008274     6.671894     0.10371445 -30.124294
 -24.132044    -6.481289    -2.0535605 ]
Weakest precondition: [ 1.4177922   0.19580029 -2.0744388  -1.4745102  -0.806356    2.0456555
  1.1407077  -1.2949705 ]
Features:  ['Pregnancies' 'Glucose' 'BloodPressure' 'SkinThickness' 'Insulin' 'BMI'
 'DiabetesPedigreeFunction' 'Age']
Features length:  8
Weakest precondition size  8

Checking precondition violation:   0%|          | 0/8 [00:00<?, ?it/s]
Checking precondition violation: 100%|██████████| 8/8 [00:00<00:00, 2284.32it/s]
