Number of layers in the model: 2
Layer: dense
Layer: dense_1
Number of selected layers in the model: 2
#weights: 2 | #biases: 2 | #N: 2 | #Gamma: 2
W_ 1 : [[-0.02495277 -0.21101826  0.2760497  ...  0.17778805 -0.32122988
   0.02639972]
 [ 0.206816   -0.04033706 -0.23107147 ... -0.11676054  0.0975548
   0.01993417]
 [ 0.13820969 -0.23000874 -0.00062599 ... -0.04974619  0.03904312
  -0.219961  ]
 ...
 [ 0.2063395  -0.15303423  0.00532141 ... -0.27883634  0.1759818
  -0.2177244 ]
 [ 0.12269866  0.02174289  0.20584618 ... -0.01384062  0.01370122
   0.00908682]
 [-0.24868399  0.05629624  0.20100108 ... -0.09086217 -0.03760967
  -0.05529745]]
W_ 2 : [[-0.35035422]
 [-0.02822672]
 [-0.0658486 ]
 [-0.5066873 ]
 [-0.35667986]
 [-0.29224306]
 [ 0.18811382]
 [ 0.18685155]
 [-0.02071652]
 [-0.52148026]
 [ 0.19715934]
 [-0.3656831 ]
 [ 0.14531592]
 [ 0.08790678]
 [ 0.18509047]
 [-0.10929561]
 [-0.25802773]
 [-0.4067889 ]
 [-0.03775165]
 [ 0.0089531 ]
 [-0.13519335]
 [-0.5431806 ]
 [-0.37039992]
 [-0.22003569]
 [-0.02242419]
 [-0.40163612]
 [-0.11159222]
 [-0.33139655]
 [-0.06025467]
 [-0.15412712]
 [-0.45047462]
 [ 0.37011755]
 [-0.29228938]
 [-0.27967072]
 [ 0.21596524]
 [ 0.02177399]
 [-0.30069482]
 [-0.13441977]
 [-0.20249338]
 [-0.09415809]
 [-0.403977  ]
 [-0.5998383 ]
 [-0.06662926]
 [-0.21550587]
 [-0.0181073 ]
 [-0.393567  ]
 [-0.2638911 ]
 [-0.12151095]
 [-0.1621747 ]
 [-0.09151344]]
B_ 1 : [ 0.06077744  0.00243533 -0.03899871  0.1226571  -0.07823905  0.10113341
 -0.06434565 -0.01020562 -0.00501492  0.23687512 -0.0236133   0.02190768
 -0.03032573 -0.03498773 -0.23333922 -0.07176896 -0.06231418  0.11117663
 -0.11070126 -0.01751134  0.00914313  0.18733254  0.13619454 -0.11673757
 -0.19976974 -0.14238083 -0.06256084  0.14810507  0.00924685 -0.09247879
  0.14774957 -0.08068939  0.08568456  0.09764026 -0.25804052 -0.10663527
 -0.0113376   0.02523222 -0.03314143 -0.12534215  0.07806171 -0.01559174
 -0.0702801  -0.05566371 -0.0015179   0.1165335   0.16808516  0.01532643
 -0.0060417  -0.00069953]
B_ 2 : [-1.2566158]
Activation function of layer_a 1 : relu
Activation function of layer_a 2 : sigmoid
Gamma_ 1 : [[ 0.06673729  0.2307816   0.29808798 ... -0.09875932  0.04032442
  -0.2340287 ]
 [-0.35322016 -0.02508184 -0.22951894 ... -0.10694682 -0.11384692
   0.0355264 ]
 [ 0.3000873  -0.07802899 -0.09664425 ...  0.11767624  0.30283618
  -0.01522225]
 ...
 [ 0.2926832   0.0785375   0.05488409 ... -0.02317141  0.14435068
  -0.22029339]
 [-0.22961706  0.05028967 -0.02483452 ...  0.09998584 -0.00703394
  -0.0383614 ]
 [-0.13836388 -0.20579395 -0.30307227 ...  0.07225858  0.17426072
  -0.21271586]]
Gamma_ 2 : [[  -3.375       48.         -19.          -3.          11.75
     4.           8.         -10.          28.          -5.
     4.          -7.           0.          18.          12.
    -3.          -4.5          2.5         24.          64.
     5.125       -3.          -4.          -8.          96.
    -0.375       48.           5.         -16.           8.
    -3.          -2.          -1.25        -7.          10.
   -64.          -4.          -9.          -6.          -8.
    -6.           4.          24.          18.        -128.
     0.           6.          24.           1.5896869   38.778954 ]]
X_ 1 postcondition: >= 0.75
[-0.06637541 -0.05851122 -0.03636751 -0.07888121  0.03552059 -0.03467875
  0.0412795  -0.114797   -0.09237614 -0.0564231  -0.02961881  0.11040112
 -0.12282189 -0.00828408  0.01406313 -0.03792925 -0.12395842 -0.05920874
  0.01784993 -0.03662147  0.06397445 -0.04208351]
X_ 1 postcondition: <= 0.75
[-0.06637541 -0.05851122 -0.03636751 -0.07888121  0.03552059 -0.03467875
  0.0412795  -0.114797   -0.09237614 -0.0564231  -0.02961881  0.11040112
 -0.12282189 -0.00828408  0.01406313 -0.03792925 -0.12395842 -0.05920874
  0.01784993 -0.03662147  0.06397445 -0.04208351]
X_ 1 postcondition: > 0.75
[-0.06637541 -0.05851122 -0.03636751 -0.07888121  0.03552059 -0.03467875
  0.0412795  -0.114797   -0.09237614 -0.0564231  -0.02961881  0.11040112
 -0.12282189 -0.00828408  0.01406313 -0.03792925 -0.12395842 -0.05920874
  0.01784993 -0.03662147  0.06397445 -0.04208351]
X_ 1 postcondition: < 0.75
[-0.06637541 -0.05851122 -0.03636751 -0.07888121  0.03552059 -0.03467875
  0.0412795  -0.114797   -0.09237614 -0.0564231  -0.02961881  0.11040112
 -0.12282189 -0.00828408  0.01406313 -0.03792925 -0.12395842 -0.05920874
  0.01784993 -0.03662147  0.06397445 -0.04208351]
X_ 1 postcondition: == 0.75
[-0.06637541 -0.05851122 -0.03636751 -0.07888121  0.03552059 -0.03467875
  0.0412795  -0.114797   -0.09237614 -0.0564231  -0.02961881  0.11040112
 -0.12282189 -0.00828408  0.01406313 -0.03792925 -0.12395842 -0.05920874
  0.01784993 -0.03662147  0.06397445 -0.04208351]
X_ 1 postcondition: != 0.75
[-0.06637541 -0.05851122 -0.03636751 -0.07888121  0.03552059 -0.03467875
  0.0412795  -0.114797   -0.09237614 -0.0564231  -0.02961881  0.11040112
 -0.12282189 -0.00828408  0.01406313 -0.03792925 -0.12395842 -0.05920874
  0.01784993 -0.03662147  0.06397445 -0.04208351]
X_ 1 postcondition: >= 0.9
[-0.0796505  -0.07021345 -0.043641   -0.09465744  0.0426247  -0.04161451
  0.0495354  -0.13775639 -0.11085134 -0.06770771 -0.03554258  0.13248134
 -0.14738627 -0.00994089  0.01687575 -0.04551509 -0.1487501  -0.0710505
  0.0214199  -0.04394576  0.07676931 -0.05050017]
X_ 1 postcondition: <= 0.9
[-0.0796505  -0.07021345 -0.043641   -0.09465744  0.0426247  -0.04161451
  0.0495354  -0.13775639 -0.11085134 -0.06770771 -0.03554258  0.13248134
 -0.14738627 -0.00994089  0.01687575 -0.04551509 -0.1487501  -0.0710505
  0.0214199  -0.04394576  0.07676931 -0.05050017]
X_ 1 postcondition: > 0.9
[-0.0796505  -0.07021345 -0.043641   -0.09465744  0.0426247  -0.04161451
  0.0495354  -0.13775639 -0.11085134 -0.06770771 -0.03554258  0.13248134
 -0.14738627 -0.00994089  0.01687575 -0.04551509 -0.1487501  -0.0710505
  0.0214199  -0.04394576  0.07676931 -0.05050017]
X_ 1 postcondition: < 0.9
[-0.0796505  -0.07021345 -0.043641   -0.09465744  0.0426247  -0.04161451
  0.0495354  -0.13775639 -0.11085134 -0.06770771 -0.03554258  0.13248134
 -0.14738627 -0.00994089  0.01687575 -0.04551509 -0.1487501  -0.0710505
  0.0214199  -0.04394576  0.07676931 -0.05050017]
X_ 1 postcondition: == 0.9
[-0.0796505  -0.07021345 -0.043641   -0.09465744  0.0426247  -0.04161451
  0.0495354  -0.13775639 -0.11085134 -0.06770771 -0.03554258  0.13248134
 -0.14738627 -0.00994089  0.01687575 -0.04551509 -0.1487501  -0.0710505
  0.0214199  -0.04394576  0.07676931 -0.05050017]
X_ 1 postcondition: != 0.9
[-0.0796505  -0.07021345 -0.043641   -0.09465744  0.0426247  -0.04161451
  0.0495354  -0.13775639 -0.11085134 -0.06770771 -0.03554258  0.13248134
 -0.14738627 -0.00994089  0.01687575 -0.04551509 -0.1487501  -0.0710505
  0.0214199  -0.04394576  0.07676931 -0.05050017]
X_ 1 postcondition: >= 0.95
[-0.08407553 -0.07411421 -0.0460655  -0.09991619  0.04499277 -0.04392644
  0.05228737 -0.14540954 -0.11700975 -0.07146923 -0.03751716  0.13984142
 -0.15557438 -0.01049316  0.0178133  -0.0480437  -0.157014   -0.07499773
  0.0226099  -0.04638719  0.08103429 -0.05330575]
X_ 1 postcondition: <= 0.95
[-0.08407553 -0.07411421 -0.0460655  -0.09991619  0.04499277 -0.04392644
  0.05228737 -0.14540954 -0.11700975 -0.07146923 -0.03751716  0.13984142
 -0.15557438 -0.01049316  0.0178133  -0.0480437  -0.157014   -0.07499773
  0.0226099  -0.04638719  0.08103429 -0.05330575]
X_ 1 postcondition: > 0.95
[-0.08407553 -0.07411421 -0.0460655  -0.09991619  0.04499277 -0.04392644
  0.05228737 -0.14540954 -0.11700975 -0.07146923 -0.03751716  0.13984142
 -0.15557438 -0.01049316  0.0178133  -0.0480437  -0.157014   -0.07499773
  0.0226099  -0.04638719  0.08103429 -0.05330575]
X_ 1 postcondition: < 0.95
[-0.08407553 -0.07411421 -0.0460655  -0.09991619  0.04499277 -0.04392644
  0.05228737 -0.14540954 -0.11700975 -0.07146923 -0.03751716  0.13984142
 -0.15557438 -0.01049316  0.0178133  -0.0480437  -0.157014   -0.07499773
  0.0226099  -0.04638719  0.08103429 -0.05330575]
X_ 1 postcondition: == 0.95
[-0.08407553 -0.07411421 -0.0460655  -0.09991619  0.04499277 -0.04392644
  0.05228737 -0.14540954 -0.11700975 -0.07146923 -0.03751716  0.13984142
 -0.15557438 -0.01049316  0.0178133  -0.0480437  -0.157014   -0.07499773
  0.0226099  -0.04638719  0.08103429 -0.05330575]
X_ 1 postcondition: != 0.95
[-0.08407553 -0.07411421 -0.0460655  -0.09991619  0.04499277 -0.04392644
  0.05228737 -0.14540954 -0.11700975 -0.07146923 -0.03751716  0.13984142
 -0.15557438 -0.01049316  0.0178133  -0.0480437  -0.157014   -0.07499773
  0.0226099  -0.04638719  0.08103429 -0.05330575]
X_ 1 postcondition: >= 0.99
[-0.08761554 -0.0772348  -0.04800511 -0.10412319  0.04688719 -0.04577598
  0.05448895 -0.15153204 -0.12193648 -0.07447847 -0.03909684  0.14572945
 -0.16212489 -0.01093497  0.01856332 -0.05006659 -0.1636251  -0.07815555
  0.02356191 -0.04834034  0.08444628 -0.05555023]
X_ 1 postcondition: <= 0.99
[-0.08761554 -0.0772348  -0.04800511 -0.10412319  0.04688719 -0.04577598
  0.05448895 -0.15153204 -0.12193648 -0.07447847 -0.03909684  0.14572945
 -0.16212489 -0.01093497  0.01856332 -0.05006659 -0.1636251  -0.07815555
  0.02356191 -0.04834034  0.08444628 -0.05555023]
X_ 1 postcondition: > 0.99
[-0.08761554 -0.0772348  -0.04800511 -0.10412319  0.04688719 -0.04577598
  0.05448895 -0.15153204 -0.12193648 -0.07447847 -0.03909684  0.14572945
 -0.16212489 -0.01093497  0.01856332 -0.05006659 -0.1636251  -0.07815555
  0.02356191 -0.04834034  0.08444628 -0.05555023]
X_ 1 postcondition: < 0.99
[-0.08761554 -0.0772348  -0.04800511 -0.10412319  0.04688719 -0.04577598
  0.05448895 -0.15153204 -0.12193648 -0.07447847 -0.03909684  0.14572945
 -0.16212489 -0.01093497  0.01856332 -0.05006659 -0.1636251  -0.07815555
  0.02356191 -0.04834034  0.08444628 -0.05555023]
X_ 1 postcondition: == 0.99
[-0.08761554 -0.0772348  -0.04800511 -0.10412319  0.04688719 -0.04577598
  0.05448895 -0.15153204 -0.12193648 -0.07447847 -0.03909684  0.14572945
 -0.16212489 -0.01093497  0.01856332 -0.05006659 -0.1636251  -0.07815555
  0.02356191 -0.04834034  0.08444628 -0.05555023]
X_ 1 postcondition: != 0.99
[-0.08761554 -0.0772348  -0.04800511 -0.10412319  0.04688719 -0.04577598
  0.05448895 -0.15153204 -0.12193648 -0.07447847 -0.03909684  0.14572945
 -0.16212489 -0.01093497  0.01856332 -0.05006659 -0.1636251  -0.07815555
  0.02356191 -0.04834034  0.08444628 -0.05555023]
X_ 2 postcondition: >= 0.75
[  -3.1808085    45.238167    -17.906775     -2.8273854    11.073926
    3.7698474     7.539695     -9.424618     26.388931     -4.712309
    3.7698474    -6.597233      0.           16.964314     11.309542
   -2.8273854    -4.2410784     2.3561544    22.619083     60.31756
    4.8301167    -2.8273854    -3.7698474    -7.539695     90.47633
   -0.35342318   45.238167      4.712309    -15.07939       7.539695
   -2.8273854    -1.8849237    -1.1780772    -6.597233      9.424618
  -60.31756      -3.7698474    -8.482157     -5.654771     -7.539695
   -5.654771      3.7698474    22.619083     16.964314   -120.63512
    0.            5.654771     22.619083      1.4982191    36.547684  ]
X_ 2 postcondition: <= 0.75
[  -3.1808085    45.238167    -17.906775     -2.8273854    11.073926
    3.7698474     7.539695     -9.424618     26.388931     -4.712309
    3.7698474    -6.597233      0.           16.964314     11.309542
   -2.8273854    -4.2410784     2.3561544    22.619083     60.31756
    4.8301167    -2.8273854    -3.7698474    -7.539695     90.47633
   -0.35342318   45.238167      4.712309    -15.07939       7.539695
   -2.8273854    -1.8849237    -1.1780772    -6.597233      9.424618
  -60.31756      -3.7698474    -8.482157     -5.654771     -7.539695
   -5.654771      3.7698474    22.619083     16.964314   -120.63512
    0.            5.654771     22.619083      1.4982191    36.547684  ]
X_ 2 postcondition: > 0.75
[  -3.1808085    45.238167    -17.906775     -2.8273854    11.073926
    3.7698474     7.539695     -9.424618     26.388931     -4.712309
    3.7698474    -6.597233      0.           16.964314     11.309542
   -2.8273854    -4.2410784     2.3561544    22.619083     60.31756
    4.8301167    -2.8273854    -3.7698474    -7.539695     90.47633
   -0.35342318   45.238167      4.712309    -15.07939       7.539695
   -2.8273854    -1.8849237    -1.1780772    -6.597233      9.424618
  -60.31756      -3.7698474    -8.482157     -5.654771     -7.539695
   -5.654771      3.7698474    22.619083     16.964314   -120.63512
    0.            5.654771     22.619083      1.4982191    36.547684  ]
X_ 2 postcondition: < 0.75
[  -3.1808085    45.238167    -17.906775     -2.8273854    11.073926
    3.7698474     7.539695     -9.424618     26.388931     -4.712309
    3.7698474    -6.597233      0.           16.964314     11.309542
   -2.8273854    -4.2410784     2.3561544    22.619083     60.31756
    4.8301167    -2.8273854    -3.7698474    -7.539695     90.47633
   -0.35342318   45.238167      4.712309    -15.07939       7.539695
   -2.8273854    -1.8849237    -1.1780772    -6.597233      9.424618
  -60.31756      -3.7698474    -8.482157     -5.654771     -7.539695
   -5.654771      3.7698474    22.619083     16.964314   -120.63512
    0.            5.654771     22.619083      1.4982191    36.547684  ]
X_ 2 postcondition: == 0.75
[  -3.1808085    45.238167    -17.906775     -2.8273854    11.073926
    3.7698474     7.539695     -9.424618     26.388931     -4.712309
    3.7698474    -6.597233      0.           16.964314     11.309542
   -2.8273854    -4.2410784     2.3561544    22.619083     60.31756
    4.8301167    -2.8273854    -3.7698474    -7.539695     90.47633
   -0.35342318   45.238167      4.712309    -15.07939       7.539695
   -2.8273854    -1.8849237    -1.1780772    -6.597233      9.424618
  -60.31756      -3.7698474    -8.482157     -5.654771     -7.539695
   -5.654771      3.7698474    22.619083     16.964314   -120.63512
    0.            5.654771     22.619083      1.4982191    36.547684  ]
X_ 2 postcondition: != 0.75
[  -3.1808085    45.238167    -17.906775     -2.8273854    11.073926
    3.7698474     7.539695     -9.424618     26.388931     -4.712309
    3.7698474    -6.597233      0.           16.964314     11.309542
   -2.8273854    -4.2410784     2.3561544    22.619083     60.31756
    4.8301167    -2.8273854    -3.7698474    -7.539695     90.47633
   -0.35342318   45.238167      4.712309    -15.07939       7.539695
   -2.8273854    -1.8849237    -1.1780772    -6.597233      9.424618
  -60.31756      -3.7698474    -8.482157     -5.654771     -7.539695
   -5.654771      3.7698474    22.619083     16.964314   -120.63512
    0.            5.654771     22.619083      1.4982191    36.547684  ]
X_ 2 postcondition: >= 0.9
[  -3.8169703   54.285797   -21.48813     -3.3928623   13.288712
    4.5238166    9.047633   -11.309542    31.666716    -5.654771
    4.5238166   -7.916679     0.          20.357174    13.571449
   -3.3928623   -5.0892935    2.8273854   27.142899    72.381065
    5.7961397   -3.3928623   -4.5238166   -9.047633   108.571594
   -0.4241078   54.285797     5.654771   -18.095266     9.047633
   -3.3928623   -2.2619083   -1.4136927   -7.916679    11.309542
  -72.381065    -4.5238166  -10.178587    -6.7857246   -9.047633
   -6.7857246    4.5238166   27.142899    20.357174  -144.76213
    0.           6.7857246   27.142899     1.797863    43.85722  ]
X_ 2 postcondition: <= 0.9
[  -3.8169703   54.285797   -21.48813     -3.3928623   13.288712
    4.5238166    9.047633   -11.309542    31.666716    -5.654771
    4.5238166   -7.916679     0.          20.357174    13.571449
   -3.3928623   -5.0892935    2.8273854   27.142899    72.381065
    5.7961397   -3.3928623   -4.5238166   -9.047633   108.571594
   -0.4241078   54.285797     5.654771   -18.095266     9.047633
   -3.3928623   -2.2619083   -1.4136927   -7.916679    11.309542
  -72.381065    -4.5238166  -10.178587    -6.7857246   -9.047633
   -6.7857246    4.5238166   27.142899    20.357174  -144.76213
    0.           6.7857246   27.142899     1.797863    43.85722  ]
X_ 2 postcondition: > 0.9
[  -3.8169703   54.285797   -21.48813     -3.3928623   13.288712
    4.5238166    9.047633   -11.309542    31.666716    -5.654771
    4.5238166   -7.916679     0.          20.357174    13.571449
   -3.3928623   -5.0892935    2.8273854   27.142899    72.381065
    5.7961397   -3.3928623   -4.5238166   -9.047633   108.571594
   -0.4241078   54.285797     5.654771   -18.095266     9.047633
   -3.3928623   -2.2619083   -1.4136927   -7.916679    11.309542
  -72.381065    -4.5238166  -10.178587    -6.7857246   -9.047633
   -6.7857246    4.5238166   27.142899    20.357174  -144.76213
    0.           6.7857246   27.142899     1.797863    43.85722  ]
X_ 2 postcondition: < 0.9
[  -3.8169703   54.285797   -21.48813     -3.3928623   13.288712
    4.5238166    9.047633   -11.309542    31.666716    -5.654771
    4.5238166   -7.916679     0.          20.357174    13.571449
   -3.3928623   -5.0892935    2.8273854   27.142899    72.381065
    5.7961397   -3.3928623   -4.5238166   -9.047633   108.571594
   -0.4241078   54.285797     5.654771   -18.095266     9.047633
   -3.3928623   -2.2619083   -1.4136927   -7.916679    11.309542
  -72.381065    -4.5238166  -10.178587    -6.7857246   -9.047633
   -6.7857246    4.5238166   27.142899    20.357174  -144.76213
    0.           6.7857246   27.142899     1.797863    43.85722  ]
X_ 2 postcondition: == 0.9
[  -3.8169703   54.285797   -21.48813     -3.3928623   13.288712
    4.5238166    9.047633   -11.309542    31.666716    -5.654771
    4.5238166   -7.916679     0.          20.357174    13.571449
   -3.3928623   -5.0892935    2.8273854   27.142899    72.381065
    5.7961397   -3.3928623   -4.5238166   -9.047633   108.571594
   -0.4241078   54.285797     5.654771   -18.095266     9.047633
   -3.3928623   -2.2619083   -1.4136927   -7.916679    11.309542
  -72.381065    -4.5238166  -10.178587    -6.7857246   -9.047633
   -6.7857246    4.5238166   27.142899    20.357174  -144.76213
    0.           6.7857246   27.142899     1.797863    43.85722  ]
X_ 2 postcondition: != 0.9
[  -3.8169703   54.285797   -21.48813     -3.3928623   13.288712
    4.5238166    9.047633   -11.309542    31.666716    -5.654771
    4.5238166   -7.916679     0.          20.357174    13.571449
   -3.3928623   -5.0892935    2.8273854   27.142899    72.381065
    5.7961397   -3.3928623   -4.5238166   -9.047633   108.571594
   -0.4241078   54.285797     5.654771   -18.095266     9.047633
   -3.3928623   -2.2619083   -1.4136927   -7.916679    11.309542
  -72.381065    -4.5238166  -10.178587    -6.7857246   -9.047633
   -6.7857246    4.5238166   27.142899    20.357174  -144.76213
    0.           6.7857246   27.142899     1.797863    43.85722  ]
X_ 2 postcondition: >= 0.95
[  -4.029024     57.301678    -22.681913     -3.5813549    14.026973
    4.77514       9.55028     -11.93785      33.42598      -5.968925
    4.77514      -8.356495      0.           21.48813      14.325419
   -3.5813549    -5.3720326     2.9844625    28.650839     76.40224
    6.1181483    -3.5813549    -4.77514      -9.55028     114.603355
   -0.44766936   57.301678      5.968925    -19.10056       9.55028
   -3.5813549    -2.38757      -1.4922312    -8.356495     11.93785
  -76.40224      -4.77514     -10.744065     -7.1627097    -9.55028
   -7.1627097     4.77514      28.650839     21.48813    -152.80447
    0.            7.1627097    28.650839      1.8977443    46.293728  ]
X_ 2 postcondition: <= 0.95
[  -4.029024     57.301678    -22.681913     -3.5813549    14.026973
    4.77514       9.55028     -11.93785      33.42598      -5.968925
    4.77514      -8.356495      0.           21.48813      14.325419
   -3.5813549    -5.3720326     2.9844625    28.650839     76.40224
    6.1181483    -3.5813549    -4.77514      -9.55028     114.603355
   -0.44766936   57.301678      5.968925    -19.10056       9.55028
   -3.5813549    -2.38757      -1.4922312    -8.356495     11.93785
  -76.40224      -4.77514     -10.744065     -7.1627097    -9.55028
   -7.1627097     4.77514      28.650839     21.48813    -152.80447
    0.            7.1627097    28.650839      1.8977443    46.293728  ]
X_ 2 postcondition: > 0.95
[  -4.029024     57.301678    -22.681913     -3.5813549    14.026973
    4.77514       9.55028     -11.93785      33.42598      -5.968925
    4.77514      -8.356495      0.           21.48813      14.325419
   -3.5813549    -5.3720326     2.9844625    28.650839     76.40224
    6.1181483    -3.5813549    -4.77514      -9.55028     114.603355
   -0.44766936   57.301678      5.968925    -19.10056       9.55028
   -3.5813549    -2.38757      -1.4922312    -8.356495     11.93785
  -76.40224      -4.77514     -10.744065     -7.1627097    -9.55028
   -7.1627097     4.77514      28.650839     21.48813    -152.80447
    0.            7.1627097    28.650839      1.8977443    46.293728  ]
X_ 2 postcondition: < 0.95
[  -4.029024     57.301678    -22.681913     -3.5813549    14.026973
    4.77514       9.55028     -11.93785      33.42598      -5.968925
    4.77514      -8.356495      0.           21.48813      14.325419
   -3.5813549    -5.3720326     2.9844625    28.650839     76.40224
    6.1181483    -3.5813549    -4.77514      -9.55028     114.603355
   -0.44766936   57.301678      5.968925    -19.10056       9.55028
   -3.5813549    -2.38757      -1.4922312    -8.356495     11.93785
  -76.40224      -4.77514     -10.744065     -7.1627097    -9.55028
   -7.1627097     4.77514      28.650839     21.48813    -152.80447
    0.            7.1627097    28.650839      1.8977443    46.293728  ]
X_ 2 postcondition: == 0.95
[  -4.029024     57.301678    -22.681913     -3.5813549    14.026973
    4.77514       9.55028     -11.93785      33.42598      -5.968925
    4.77514      -8.356495      0.           21.48813      14.325419
   -3.5813549    -5.3720326     2.9844625    28.650839     76.40224
    6.1181483    -3.5813549    -4.77514      -9.55028     114.603355
   -0.44766936   57.301678      5.968925    -19.10056       9.55028
   -3.5813549    -2.38757      -1.4922312    -8.356495     11.93785
  -76.40224      -4.77514     -10.744065     -7.1627097    -9.55028
   -7.1627097     4.77514      28.650839     21.48813    -152.80447
    0.            7.1627097    28.650839      1.8977443    46.293728  ]
X_ 2 postcondition: != 0.95
[  -4.029024     57.301678    -22.681913     -3.5813549    14.026973
    4.77514       9.55028     -11.93785      33.42598      -5.968925
    4.77514      -8.356495      0.           21.48813      14.325419
   -3.5813549    -5.3720326     2.9844625    28.650839     76.40224
    6.1181483    -3.5813549    -4.77514      -9.55028     114.603355
   -0.44766936   57.301678      5.968925    -19.10056       9.55028
   -3.5813549    -2.38757      -1.4922312    -8.356495     11.93785
  -76.40224      -4.77514     -10.744065     -7.1627097    -9.55028
   -7.1627097     4.77514      28.650839     21.48813    -152.80447
    0.            7.1627097    28.650839      1.8977443    46.293728  ]
X_ 2 postcondition: >= 0.99
[  -4.1986675   59.714382   -23.636942    -3.732149    14.617582
    4.9761987    9.952397   -12.4404955   34.83339     -6.2202477
    4.9761987   -8.708347     0.          22.392893    14.928596
   -3.732149    -5.598223     3.1101239   29.857191    79.61918
    6.3757544   -3.732149    -4.9761987   -9.952397   119.428764
   -0.4665186   59.714382     6.2202477  -19.904795     9.952397
   -3.732149    -2.4880993   -1.5550619   -8.708347    12.4404955
  -79.61918     -4.9761987  -11.196446    -7.464298    -9.952397
   -7.464298     4.9761987   29.857191    22.392893  -159.23836
    0.           7.464298    29.857191     1.9776495   48.24294  ]
X_ 2 postcondition: <= 0.99
[  -4.1986675   59.714382   -23.636942    -3.732149    14.617582
    4.9761987    9.952397   -12.4404955   34.83339     -6.2202477
    4.9761987   -8.708347     0.          22.392893    14.928596
   -3.732149    -5.598223     3.1101239   29.857191    79.61918
    6.3757544   -3.732149    -4.9761987   -9.952397   119.428764
   -0.4665186   59.714382     6.2202477  -19.904795     9.952397
   -3.732149    -2.4880993   -1.5550619   -8.708347    12.4404955
  -79.61918     -4.9761987  -11.196446    -7.464298    -9.952397
   -7.464298     4.9761987   29.857191    22.392893  -159.23836
    0.           7.464298    29.857191     1.9776495   48.24294  ]
X_ 2 postcondition: > 0.99
[  -4.1986675   59.714382   -23.636942    -3.732149    14.617582
    4.9761987    9.952397   -12.4404955   34.83339     -6.2202477
    4.9761987   -8.708347     0.          22.392893    14.928596
   -3.732149    -5.598223     3.1101239   29.857191    79.61918
    6.3757544   -3.732149    -4.9761987   -9.952397   119.428764
   -0.4665186   59.714382     6.2202477  -19.904795     9.952397
   -3.732149    -2.4880993   -1.5550619   -8.708347    12.4404955
  -79.61918     -4.9761987  -11.196446    -7.464298    -9.952397
   -7.464298     4.9761987   29.857191    22.392893  -159.23836
    0.           7.464298    29.857191     1.9776495   48.24294  ]
X_ 2 postcondition: < 0.99
[  -4.1986675   59.714382   -23.636942    -3.732149    14.617582
    4.9761987    9.952397   -12.4404955   34.83339     -6.2202477
    4.9761987   -8.708347     0.          22.392893    14.928596
   -3.732149    -5.598223     3.1101239   29.857191    79.61918
    6.3757544   -3.732149    -4.9761987   -9.952397   119.428764
   -0.4665186   59.714382     6.2202477  -19.904795     9.952397
   -3.732149    -2.4880993   -1.5550619   -8.708347    12.4404955
  -79.61918     -4.9761987  -11.196446    -7.464298    -9.952397
   -7.464298     4.9761987   29.857191    22.392893  -159.23836
    0.           7.464298    29.857191     1.9776495   48.24294  ]
X_ 2 postcondition: == 0.99
[  -4.1986675   59.714382   -23.636942    -3.732149    14.617582
    4.9761987    9.952397   -12.4404955   34.83339     -6.2202477
    4.9761987   -8.708347     0.          22.392893    14.928596
   -3.732149    -5.598223     3.1101239   29.857191    79.61918
    6.3757544   -3.732149    -4.9761987   -9.952397   119.428764
   -0.4665186   59.714382     6.2202477  -19.904795     9.952397
   -3.732149    -2.4880993   -1.5550619   -8.708347    12.4404955
  -79.61918     -4.9761987  -11.196446    -7.464298    -9.952397
   -7.464298     4.9761987   29.857191    22.392893  -159.23836
    0.           7.464298    29.857191     1.9776495   48.24294  ]
X_ 2 postcondition: != 0.99
[  -4.1986675   59.714382   -23.636942    -3.732149    14.617582
    4.9761987    9.952397   -12.4404955   34.83339     -6.2202477
    4.9761987   -8.708347     0.          22.392893    14.928596
   -3.732149    -5.598223     3.1101239   29.857191    79.61918
    6.3757544   -3.732149    -4.9761987   -9.952397   119.428764
   -0.4665186   59.714382     6.2202477  -19.904795     9.952397
   -3.732149    -2.4880993   -1.5550619   -8.708347    12.4404955
  -79.61918     -4.9761987  -11.196446    -7.464298    -9.952397
   -7.464298     4.9761987   29.857191    22.392893  -159.23836
    0.           7.464298    29.857191     1.9776495   48.24294  ]
Weakest precondition: [-0.08850056 -0.07801495 -0.04849001 -0.10517495  0.0473608  -0.04623836
  0.05503933 -0.15306266 -0.12316818 -0.07523077 -0.03949175  0.14720146
 -0.16376251 -0.01104543  0.01875083 -0.05057234 -0.16527788 -0.078945
  0.02379991 -0.04882862  0.08529924 -0.05611132]
Features:  ['Age' 'Job' 'Credit amount' 'Duration' 'Sex_female' 'Sex_male'
 'Housing_free' 'Housing_own' 'Housing_rent' 'Saving accounts_little'
 'Saving accounts_moderate' 'Saving accounts_quite rich'
 'Checking account_little' 'Checking account_moderate'
 'Checking account_rich' 'Purpose_business' 'Purpose_car'
 'Purpose_domestic appliances' 'Purpose_education'
 'Purpose_furniture/equipment' 'Purpose_radio/TV' 'Purpose_repairs']
Features length:  22
Weakest precondition size  22

Checking precondition violation:   0%|          | 0/22 [00:00<?, ?it/s]
Checking precondition violation: 100%|██████████| 22/22 [00:00<00:00, 1526.79it/s]
