Number of layers in the model: 3
Layer: dense
Layer: dense_1
Layer: dense_2
Number of selected layers in the model: 3
#weights: 3 | #biases: 3 | #N: 3 | #Gamma: 3
W_ 1 : [[-0.1322177   0.30029637 -0.17653511 -0.14546336 -0.01899833  0.44660905
  -0.02692084 -0.10521272  0.2636422  -0.27277908  0.41011453  0.0908677 ]
 [-0.13119909  0.78267145 -0.5030962  -0.02261261  0.23104131  0.02198619
  -0.0693784  -0.1006985   0.7096032   0.11857848  0.14008373  0.30976784]
 [-0.20219657 -0.30340165  0.63485587 -0.13806845 -0.17622834 -0.4650849
   0.40430936 -0.1734857   0.13981919  0.510902   -0.07860495 -0.28214037]
 [ 0.02257603  0.47547144  0.28345674  0.03526382 -0.14126977 -0.32804817
   0.40319374 -0.5080525   0.32049713  0.19519326 -0.03635707 -0.1471069 ]
 [-0.3411647   0.5736702  -0.60799646  0.08964935 -0.04835052  0.3283916
  -0.6536529   0.084849    0.6588361  -0.38169044 -0.26599708 -0.41237265]
 [-0.04932439  0.03969362  0.14249715  0.06771103 -0.36755335 -0.3453699
  -0.27423906 -0.19337767 -0.10968176 -0.6760032   0.33161184  0.14908439]
 [-0.34453893 -0.53759706  0.52283967  0.1605871   0.5723878  -0.42677325
  -0.37030226 -0.37262905  0.4297984  -0.31175083  0.38257754  0.4741668 ]
 [ 0.37393886  0.29113093 -0.11279722 -0.37968305  0.48126024 -0.07221135
   0.39005098 -0.01168066 -0.16198592 -0.00993217 -0.13290417 -0.29679623]
 [ 0.39114904  0.5438338  -0.50257844 -0.31738573 -0.3690367   0.31872615
  -0.27006325 -0.45194378  0.22245589 -0.19459529 -0.31999508  0.2551085 ]
 [-0.36666065  0.68886113  0.05848985  0.24865925  0.11693787  0.27720284
  -0.288944    0.01689452  0.3034552  -0.17097214 -0.4530409  -0.17042625]]
W_ 2 : [[-1.30686760e-02 -4.64917362e-01  4.87443209e-02 -3.87005329e-01
   4.69693184e-01 -4.75006163e-01  2.90308595e-01 -4.82323378e-01
   4.09223378e-01 -5.41860163e-02]
 [ 2.13592246e-01  1.66999117e-01  4.61481810e-02 -3.71905565e-01
   2.52489030e-01 -2.60686129e-02  3.04456115e-01  3.69017065e-01
   3.00336599e-01 -1.34668899e+00]
 [ 2.71687675e-02  2.94113666e-01 -3.92651379e-01 -6.74710050e-02
  -1.21745318e-01 -2.13117730e-02  6.54952973e-02 -7.72063792e-01
  -1.52615398e-01  5.59871614e-01]
 [ 2.47799501e-01 -4.16746825e-01  3.64876390e-01 -5.15282631e-01
  -8.61996412e-02 -3.78718019e-01  3.09992671e-01 -4.22282487e-01
  -4.41592157e-01 -1.18422672e-01]
 [-6.40353635e-02 -4.64604139e-01 -2.99709976e-01 -4.19370718e-02
   2.70974964e-01  4.14609283e-01  6.56931549e-02  3.21904123e-01
  -3.69688123e-02  4.92283583e-01]
 [ 4.78928983e-01 -4.79716986e-01  3.04012060e-01 -4.89802973e-04
   4.37472641e-01  1.28516346e-01 -2.12028727e-01 -1.14077702e-01
  -3.46780360e-01 -1.21903494e-01]
 [ 1.50460750e-01  4.64442581e-01  6.25252724e-05 -3.10832679e-01
   2.22781137e-01 -4.22708303e-01  1.43389439e-03 -1.34335622e-01
  -1.89818859e-01  8.94321680e-01]
 [ 1.25834227e-01 -1.09928429e-01  2.35646069e-01 -4.03742731e-01
   4.11205232e-01  1.25131190e-01 -8.47460032e-02 -3.93988490e-01
  -1.89208329e-01 -8.81379843e-03]
 [-4.39942122e-01  4.08978105e-01 -3.72510880e-01  5.22352010e-02
  -4.67327744e-01 -3.86737078e-01  6.62909567e-01  8.95127237e-01
  -4.59808707e-01  1.87158249e-02]
 [-5.09905517e-01 -6.72581941e-02 -6.34310246e-02  3.88116509e-01
  -4.03865010e-01 -2.71940440e-01 -3.56885016e-01 -2.24715889e-01
   1.27459511e-01  7.55047262e-01]
 [ 4.25969511e-01  4.68140513e-01  4.07089949e-01 -1.53660253e-01
   1.62089393e-01 -1.00748576e-01 -1.36750057e-01 -5.63071258e-02
   4.58811700e-01  5.60374081e-01]
 [ 1.16882063e-01 -9.34208706e-02 -4.87320453e-01 -4.03032035e-01
  -3.54400665e-01  2.69641560e-02 -4.21696723e-01 -3.23623031e-01
   4.29221600e-01 -2.14813098e-01]]
W_ 3 : [[ 0.11881606]
 [ 0.12577337]
 [ 0.13629222]
 [ 0.1404733 ]
 [ 0.00788217]
 [ 0.05635057]
 [ 0.6102409 ]
 [ 1.0866942 ]
 [-0.15836008]
 [-1.9561305 ]]
B_ 1 : [ 0.         -0.3907733   0.4311256  -0.01709041  0.25731444 -0.01494693
  0.5245132   0.          0.08122498  0.5404169   0.08264265  0.02153155]
B_ 2 : [-1.2871620e-02 -2.9211931e-04  0.0000000e+00 -6.7879483e-02
 -1.1613516e-04  5.8278138e-06 -1.1032130e-02  6.1174449e-02
  1.6563585e-03  6.2026310e-01]
B_ 3 : [0.01992738]
Activation function of layer_a 1 : relu
Activation function of layer_a 2 : relu
Activation function of layer_a 3 : sigmoid
Gamma_ 1 : [[-0.4053959  -0.42386523 -0.8927868   0.8382242   0.14079057 -0.35715336
   0.1263158   0.11526252  0.22083633 -0.6221026 ]
 [ 0.03193023  0.63689303  0.1143349  -0.13514067 -0.493181    0.58557993
  -0.3931647   0.26913145 -0.08226141  0.78985864]
 [ 0.44400585 -0.23210017  0.63584465 -0.3461483  -0.6262005   0.2248267
   0.15128851  0.10985737  0.14163248  0.97494316]
 [-0.6254513  -0.6114651  -2.004136    2.0146563   0.29735765 -0.7067929
   0.0864384  -0.993173   -0.8131294  -0.36473516]
 [-0.09517747 -0.0271028  -0.5016802   0.07685155 -0.01589186 -0.46847332
   0.5409143   0.6516113  -0.25537694  0.15972207]
 [ 1.1269622  -0.7908179  -0.3989525   0.23269494 -0.15543874 -0.9021647
   0.06870127 -0.34623218  0.19684061  0.29152775]
 [ 0.39961162 -0.06431442 -0.24972422  0.63978297 -0.22772433 -0.20306882
  -0.22311787  0.0966599  -0.35643578 -0.16280341]
 [-0.17438567  0.8524033   0.70508605 -1.3855165  -0.26720068  0.6025265
  -0.52713823  0.1972476  -0.4144891   0.42390326]
 [ 0.16025387  0.12965141  0.27279645  0.26404357  0.5605433  -0.374584
   0.30466732 -0.15594651  0.0899929  -0.41537538]
 [-0.26211458  0.39652073  0.23842248 -0.0091283  -0.16492078 -0.60983545
  -0.1582908  -0.44947532  0.02796941 -0.1647559 ]
 [ 0.7625214   0.1486734  -0.29702574  0.39005253  0.09407084  0.18273668
  -0.09275466 -0.1301151  -0.599339   -0.67107093]
 [-0.16470297  0.8409257   0.21328345 -0.8773427  -1.0680475   0.25544873
   0.07387268 -0.31278715  0.48815316  0.5771962 ]]
Gamma_ 2 : [[  1.1107161    0.31473213   0.25434703   2.0245376   -0.75294995
   -0.81764317   1.8117175   -6.0168033   -2.5699134   -1.0678214
   -2.6628377   -0.17732714]
 [  1.5478425    0.23593314   0.58653307   0.77569383   0.73351747
    1.1988622   -9.895893     4.3978634    8.440881     3.8293169
    3.495893     1.4322494 ]
 [ -5.490736     2.3971517   -5.528694     7.5442557    2.8155568
  -14.130725    15.5458555  -16.149925   -14.595208    -5.049236
  -11.167555    -4.8174977 ]
 [ -1.5407293   -0.60682887   0.20075566  -0.92322177  -0.05876046
    0.22135961   1.6484627   -2.1945233   -0.545282    -0.54938126
   -0.4264444   -2.639212  ]
 [  5.336935    -0.58398956   1.3937464   -6.032232    -4.364715
   13.090243   -14.991569     7.790253    13.381223     3.0480726
    5.8129086    4.051785  ]
 [ -4.425851     0.43426156  -5.268145     4.164843     1.1359352
   -4.529834    14.638856    -9.261125    -4.859096    -3.760061
   -8.127389    -4.988809  ]
 [ -2.299374     0.49379125  -3.6994247    5.2843356    2.5040154
  -11.642356     9.7916155   -4.8383627  -15.1911955   -5.5237613
   -8.828349    -4.542443  ]
 [  2.4611123   -1.1045743    2.8179057   -6.7056737    0.8975157
    4.2488794  -11.000844     4.3644004   -2.3626642    1.8274351
    7.9514427    2.4782157 ]
 [ -3.2165053   -0.37577075  -2.1597214    1.02828      2.0641987
    3.0281796    8.455249    -3.713035    -5.921167    -1.2213323
   -5.53227     -2.0312274 ]
 [ -0.6484088    1.636124    -3.221657     1.1040572    1.0655047
  -13.476467    10.6661005  -13.024157    -8.779038     1.2218294
   -5.253242    -0.4117137 ]]
Gamma_ 3 : [[-3.1532612e+01  2.8972954e+01  1.7665596e+01  2.3757336e+01
   1.2171182e+03 -4.4686882e+01  5.0598793e+00 -1.0801036e+00
  -1.0137619e+01  4.0048780e+00]]
X_ 1 postcondition: >= 0.75
[-0.21655227  0.08412873 -0.10548152 -0.18815586  0.19676976  0.504587
 -0.128733    0.06776138  0.12382605  0.07241798]
X_ 1 postcondition: <= 0.75
[-0.21655227  0.08412873 -0.10548152 -0.18815586  0.19676976  0.504587
 -0.128733    0.06776138  0.12382605  0.07241798]
X_ 1 postcondition: > 0.75
[-0.21655227  0.08412873 -0.10548152 -0.18815586  0.19676976  0.504587
 -0.128733    0.06776138  0.12382605  0.07241798]
X_ 1 postcondition: < 0.75
[-0.21655227  0.08412873 -0.10548152 -0.18815586  0.19676976  0.504587
 -0.128733    0.06776138  0.12382605  0.07241798]
X_ 1 postcondition: == 0.75
[-0.21655227  0.08412873 -0.10548152 -0.18815586  0.19676976  0.504587
 -0.128733    0.06776138  0.12382605  0.07241798]
X_ 1 postcondition: != 0.75
[-0.21655227  0.08412873 -0.10548152 -0.18815586  0.19676976  0.504587
 -0.128733    0.06776138  0.12382605  0.07241798]
X_ 1 postcondition: >= 0.9
[-0.25986275  0.10095453 -0.12657781 -0.22578701  0.2361237   0.6055044
 -0.15447953  0.08131365  0.14859125  0.08690159]
X_ 1 postcondition: <= 0.9
[-0.25986275  0.10095453 -0.12657781 -0.22578701  0.2361237   0.6055044
 -0.15447953  0.08131365  0.14859125  0.08690159]
X_ 1 postcondition: > 0.9
[-0.25986275  0.10095453 -0.12657781 -0.22578701  0.2361237   0.6055044
 -0.15447953  0.08131365  0.14859125  0.08690159]
X_ 1 postcondition: < 0.9
[-0.25986275  0.10095453 -0.12657781 -0.22578701  0.2361237   0.6055044
 -0.15447953  0.08131365  0.14859125  0.08690159]
X_ 1 postcondition: == 0.9
[-0.25986275  0.10095453 -0.12657781 -0.22578701  0.2361237   0.6055044
 -0.15447953  0.08131365  0.14859125  0.08690159]
X_ 1 postcondition: != 0.9
[-0.25986275  0.10095453 -0.12657781 -0.22578701  0.2361237   0.6055044
 -0.15447953  0.08131365  0.14859125  0.08690159]
X_ 1 postcondition: >= 0.95
[-0.27429956  0.10656307 -0.13360995 -0.23833077  0.24924168  0.63914347
 -0.16306175  0.08583105  0.1568463   0.09172942]
X_ 1 postcondition: <= 0.95
[-0.27429956  0.10656307 -0.13360995 -0.23833077  0.24924168  0.63914347
 -0.16306175  0.08583105  0.1568463   0.09172942]
X_ 1 postcondition: > 0.95
[-0.27429956  0.10656307 -0.13360995 -0.23833077  0.24924168  0.63914347
 -0.16306175  0.08583105  0.1568463   0.09172942]
X_ 1 postcondition: < 0.95
[-0.27429956  0.10656307 -0.13360995 -0.23833077  0.24924168  0.63914347
 -0.16306175  0.08583105  0.1568463   0.09172942]
X_ 1 postcondition: == 0.95
[-0.27429956  0.10656307 -0.13360995 -0.23833077  0.24924168  0.63914347
 -0.16306175  0.08583105  0.1568463   0.09172942]
X_ 1 postcondition: != 0.95
[-0.27429956  0.10656307 -0.13360995 -0.23833077  0.24924168  0.63914347
 -0.16306175  0.08583105  0.1568463   0.09172942]
X_ 1 postcondition: >= 0.99
[-0.28584906  0.11104999 -0.13923565 -0.24836576  0.2597361   0.66605484
 -0.1699275   0.08944499  0.16345039  0.09559172]
X_ 1 postcondition: <= 0.99
[-0.28584906  0.11104999 -0.13923565 -0.24836576  0.2597361   0.66605484
 -0.1699275   0.08944499  0.16345039  0.09559172]
X_ 1 postcondition: > 0.99
[-0.28584906  0.11104999 -0.13923565 -0.24836576  0.2597361   0.66605484
 -0.1699275   0.08944499  0.16345039  0.09559172]
X_ 1 postcondition: < 0.99
[-0.28584906  0.11104999 -0.13923565 -0.24836576  0.2597361   0.66605484
 -0.1699275   0.08944499  0.16345039  0.09559172]
X_ 1 postcondition: == 0.99
[-0.28584906  0.11104999 -0.13923565 -0.24836576  0.2597361   0.66605484
 -0.1699275   0.08944499  0.16345039  0.09559172]
X_ 1 postcondition: != 0.99
[-0.28584906  0.11104999 -0.13923565 -0.24836576  0.2597361   0.66605484
 -0.1699275   0.08944499  0.16345039  0.09559172]
X_ 2 postcondition: >= 0.75
[ 0.10679857 -0.7337454   1.3544407  -0.191327   -0.5291792   5.978981
 -4.288726    5.655016    4.024515   -0.7335793   1.9666926  -0.09262041]
X_ 2 postcondition: <= 0.75
[ 0.10679857 -0.7337454   1.3544407  -0.191327   -0.5291792   5.978981
 -4.288726    5.655016    4.024515   -0.7335793   1.9666926  -0.09262041]
X_ 2 postcondition: > 0.75
[ 0.10679857 -0.7337454   1.3544407  -0.191327   -0.5291792   5.978981
 -4.288726    5.655016    4.024515   -0.7335793   1.9666926  -0.09262041]
X_ 2 postcondition: < 0.75
[ 0.10679857 -0.7337454   1.3544407  -0.191327   -0.5291792   5.978981
 -4.288726    5.655016    4.024515   -0.7335793   1.9666926  -0.09262041]
X_ 2 postcondition: == 0.75
[ 0.10679857 -0.7337454   1.3544407  -0.191327   -0.5291792   5.978981
 -4.288726    5.655016    4.024515   -0.7335793   1.9666926  -0.09262041]
X_ 2 postcondition: != 0.75
[ 0.10679857 -0.7337454   1.3544407  -0.191327   -0.5291792   5.978981
 -4.288726    5.655016    4.024515   -0.7335793   1.9666926  -0.09262041]
X_ 2 postcondition: >= 0.9
[ 0.12815829 -0.8804944   1.6253288  -0.22959246 -0.635015    7.1747775
 -5.146471    6.786019    4.829418   -0.8802951   2.3600311  -0.11114445]
X_ 2 postcondition: <= 0.9
[ 0.12815829 -0.8804944   1.6253288  -0.22959246 -0.635015    7.1747775
 -5.146471    6.786019    4.829418   -0.8802951   2.3600311  -0.11114445]
X_ 2 postcondition: > 0.9
[ 0.12815829 -0.8804944   1.6253288  -0.22959246 -0.635015    7.1747775
 -5.146471    6.786019    4.829418   -0.8802951   2.3600311  -0.11114445]
X_ 2 postcondition: < 0.9
[ 0.12815829 -0.8804944   1.6253288  -0.22959246 -0.635015    7.1747775
 -5.146471    6.786019    4.829418   -0.8802951   2.3600311  -0.11114445]
X_ 2 postcondition: == 0.9
[ 0.12815829 -0.8804944   1.6253288  -0.22959246 -0.635015    7.1747775
 -5.146471    6.786019    4.829418   -0.8802951   2.3600311  -0.11114445]
X_ 2 postcondition: != 0.9
[ 0.12815829 -0.8804944   1.6253288  -0.22959246 -0.635015    7.1747775
 -5.146471    6.786019    4.829418   -0.8802951   2.3600311  -0.11114445]
X_ 2 postcondition: >= 0.95
[ 0.13527818 -0.9294109   1.7156247  -0.2423476  -0.6702936   7.573376
 -5.432386    7.1630197   5.0977187  -0.92920035  2.491144   -0.11731916]
X_ 2 postcondition: <= 0.95
[ 0.13527818 -0.9294109   1.7156247  -0.2423476  -0.6702936   7.573376
 -5.432386    7.1630197   5.0977187  -0.92920035  2.491144   -0.11731916]
X_ 2 postcondition: > 0.95
[ 0.13527818 -0.9294109   1.7156247  -0.2423476  -0.6702936   7.573376
 -5.432386    7.1630197   5.0977187  -0.92920035  2.491144   -0.11731916]
X_ 2 postcondition: < 0.95
[ 0.13527818 -0.9294109   1.7156247  -0.2423476  -0.6702936   7.573376
 -5.432386    7.1630197   5.0977187  -0.92920035  2.491144   -0.11731916]
X_ 2 postcondition: == 0.95
[ 0.13527818 -0.9294109   1.7156247  -0.2423476  -0.6702936   7.573376
 -5.432386    7.1630197   5.0977187  -0.92920035  2.491144   -0.11731916]
X_ 2 postcondition: != 0.95
[ 0.13527818 -0.9294109   1.7156247  -0.2423476  -0.6702936   7.573376
 -5.432386    7.1630197   5.0977187  -0.92920035  2.491144   -0.11731916]
X_ 2 postcondition: >= 0.99
[ 0.1409741  -0.96854395  1.7878617  -0.2525517  -0.69851655  7.8922553
 -5.661118    7.4646206   5.31236    -0.9683247   2.5960343  -0.12225889]
X_ 2 postcondition: <= 0.99
[ 0.1409741  -0.96854395  1.7878617  -0.2525517  -0.69851655  7.8922553
 -5.661118    7.4646206   5.31236    -0.9683247   2.5960343  -0.12225889]
X_ 2 postcondition: > 0.99
[ 0.1409741  -0.96854395  1.7878617  -0.2525517  -0.69851655  7.8922553
 -5.661118    7.4646206   5.31236    -0.9683247   2.5960343  -0.12225889]
X_ 2 postcondition: < 0.99
[ 0.1409741  -0.96854395  1.7878617  -0.2525517  -0.69851655  7.8922553
 -5.661118    7.4646206   5.31236    -0.9683247   2.5960343  -0.12225889]
X_ 2 postcondition: == 0.99
[ 0.1409741  -0.96854395  1.7878617  -0.2525517  -0.69851655  7.8922553
 -5.661118    7.4646206   5.31236    -0.9683247   2.5960343  -0.12225889]
X_ 2 postcondition: != 0.99
[ 0.1409741  -0.96854395  1.7878617  -0.2525517  -0.69851655  7.8922553
 -5.661118    7.4646206   5.31236    -0.9683247   2.5960343  -0.12225889]
X_ 3 postcondition: >= 0.75
[ 4.7127169e-01 -4.3301624e-01 -2.6402175e-01 -3.5506603e-01
 -1.8190479e+01  6.6786921e-01 -7.5622588e-02  1.6142724e-02
  1.5151212e-01 -5.9855036e-02]
X_ 3 postcondition: <= 0.75
[ 4.7127169e-01 -4.3301624e-01 -2.6402175e-01 -3.5506603e-01
 -1.8190479e+01  6.6786921e-01 -7.5622588e-02  1.6142724e-02
  1.5151212e-01 -5.9855036e-02]
X_ 3 postcondition: > 0.75
[ 4.7127169e-01 -4.3301624e-01 -2.6402175e-01 -3.5506603e-01
 -1.8190479e+01  6.6786921e-01 -7.5622588e-02  1.6142724e-02
  1.5151212e-01 -5.9855036e-02]
X_ 3 postcondition: < 0.75
[ 4.7127169e-01 -4.3301624e-01 -2.6402175e-01 -3.5506603e-01
 -1.8190479e+01  6.6786921e-01 -7.5622588e-02  1.6142724e-02
  1.5151212e-01 -5.9855036e-02]
X_ 3 postcondition: == 0.75
[ 4.7127169e-01 -4.3301624e-01 -2.6402175e-01 -3.5506603e-01
 -1.8190479e+01  6.6786921e-01 -7.5622588e-02  1.6142724e-02
  1.5151212e-01 -5.9855036e-02]
X_ 3 postcondition: != 0.75
[ 4.7127169e-01 -4.3301624e-01 -2.6402175e-01 -3.5506603e-01
 -1.8190479e+01  6.6786921e-01 -7.5622588e-02  1.6142724e-02
  1.5151212e-01 -5.9855036e-02]
X_ 3 postcondition: >= 0.9
[ 5.6552601e-01 -5.1961946e-01 -3.1682611e-01 -4.2607921e-01
 -2.1828575e+01  8.0144310e-01 -9.0747103e-02  1.9371267e-02
  1.8181452e-01 -7.1826041e-02]
X_ 3 postcondition: <= 0.9
[ 5.6552601e-01 -5.1961946e-01 -3.1682611e-01 -4.2607921e-01
 -2.1828575e+01  8.0144310e-01 -9.0747103e-02  1.9371267e-02
  1.8181452e-01 -7.1826041e-02]
X_ 3 postcondition: > 0.9
[ 5.6552601e-01 -5.1961946e-01 -3.1682611e-01 -4.2607921e-01
 -2.1828575e+01  8.0144310e-01 -9.0747103e-02  1.9371267e-02
  1.8181452e-01 -7.1826041e-02]
X_ 3 postcondition: < 0.9
[ 5.6552601e-01 -5.1961946e-01 -3.1682611e-01 -4.2607921e-01
 -2.1828575e+01  8.0144310e-01 -9.0747103e-02  1.9371267e-02
  1.8181452e-01 -7.1826041e-02]
X_ 3 postcondition: == 0.9
[ 5.6552601e-01 -5.1961946e-01 -3.1682611e-01 -4.2607921e-01
 -2.1828575e+01  8.0144310e-01 -9.0747103e-02  1.9371267e-02
  1.8181452e-01 -7.1826041e-02]
X_ 3 postcondition: != 0.9
[ 5.6552601e-01 -5.1961946e-01 -3.1682611e-01 -4.2607921e-01
 -2.1828575e+01  8.0144310e-01 -9.0747103e-02  1.9371267e-02
  1.8181452e-01 -7.1826041e-02]
X_ 3 postcondition: >= 0.95
[ 5.9694409e-01 -5.4848719e-01 -3.3442754e-01 -4.4975033e-01
 -2.3041273e+01  8.4596771e-01 -9.5788613e-02  2.0447452e-02
  1.9191535e-01 -7.5816378e-02]
X_ 3 postcondition: <= 0.95
[ 5.9694409e-01 -5.4848719e-01 -3.3442754e-01 -4.4975033e-01
 -2.3041273e+01  8.4596771e-01 -9.5788613e-02  2.0447452e-02
  1.9191535e-01 -7.5816378e-02]
X_ 3 postcondition: > 0.95
[ 5.9694409e-01 -5.4848719e-01 -3.3442754e-01 -4.4975033e-01
 -2.3041273e+01  8.4596771e-01 -9.5788613e-02  2.0447452e-02
  1.9191535e-01 -7.5816378e-02]
X_ 3 postcondition: < 0.95
[ 5.9694409e-01 -5.4848719e-01 -3.3442754e-01 -4.4975033e-01
 -2.3041273e+01  8.4596771e-01 -9.5788613e-02  2.0447452e-02
  1.9191535e-01 -7.5816378e-02]
X_ 3 postcondition: == 0.95
[ 5.9694409e-01 -5.4848719e-01 -3.3442754e-01 -4.4975033e-01
 -2.3041273e+01  8.4596771e-01 -9.5788613e-02  2.0447452e-02
  1.9191535e-01 -7.5816378e-02]
X_ 3 postcondition: != 0.95
[ 5.9694409e-01 -5.4848719e-01 -3.3442754e-01 -4.4975033e-01
 -2.3041273e+01  8.4596771e-01 -9.5788613e-02  2.0447452e-02
  1.9191535e-01 -7.5816378e-02]
X_ 3 postcondition: >= 0.99
[ 6.2207860e-01 -5.7158142e-01 -3.4850869e-01 -4.6868718e-01
 -2.4011433e+01  8.8158739e-01 -9.9821821e-02  2.1308396e-02
  1.9999598e-01 -7.9008646e-02]
X_ 3 postcondition: <= 0.99
[ 6.2207860e-01 -5.7158142e-01 -3.4850869e-01 -4.6868718e-01
 -2.4011433e+01  8.8158739e-01 -9.9821821e-02  2.1308396e-02
  1.9999598e-01 -7.9008646e-02]
X_ 3 postcondition: > 0.99
[ 6.2207860e-01 -5.7158142e-01 -3.4850869e-01 -4.6868718e-01
 -2.4011433e+01  8.8158739e-01 -9.9821821e-02  2.1308396e-02
  1.9999598e-01 -7.9008646e-02]
X_ 3 postcondition: < 0.99
[ 6.2207860e-01 -5.7158142e-01 -3.4850869e-01 -4.6868718e-01
 -2.4011433e+01  8.8158739e-01 -9.9821821e-02  2.1308396e-02
  1.9999598e-01 -7.9008646e-02]
X_ 3 postcondition: == 0.99
[ 6.2207860e-01 -5.7158142e-01 -3.4850869e-01 -4.6868718e-01
 -2.4011433e+01  8.8158739e-01 -9.9821821e-02  2.1308396e-02
  1.9999598e-01 -7.9008646e-02]
X_ 3 postcondition: != 0.99
[ 6.2207860e-01 -5.7158142e-01 -3.4850869e-01 -4.6868718e-01
 -2.4011433e+01  8.8158739e-01 -9.9821821e-02  2.1308396e-02
  1.9999598e-01 -7.9008646e-02]
Weakest precondition: [-0.28873637  0.11217172 -0.14064205 -0.25087446  0.26235968  0.6727826
 -0.17164394  0.09034847  0.16510138  0.09655727]
Features:  ['LotArea' 'OverallQual' 'OverallCond' 'TotalBsmtSF' 'FullBath' 'HalfBath'
 'BedroomAbvGr' 'TotRmsAbvGrd' 'Fireplaces' 'GarageArea']
Features length:  10
Weakest precondition size  10

Checking precondition violation:   0%|          | 0/10 [00:00<?, ?it/s]
Checking precondition violation: 100%|██████████| 10/10 [00:00<00:00, 1773.42it/s]
