Number of layers in the model: 3
Layer: dense
Layer: dense_1
Layer: dense_2
Number of selected layers in the model: 3
#weights: 3 | #biases: 3 | #N: 3 | #Gamma: 3
W_ 1 : [[ 0.37800407 -0.17246604  0.4737866   0.2456811  -0.24613854 -0.10105714
   0.08928639 -0.34261182  0.06997192  0.10785425 -0.32688743 -0.05504802]
 [ 0.26107365  0.0910508  -0.17077467 -0.38721937 -0.16728616 -0.19029811
  -0.41356063  0.26241416 -0.06227025 -0.36177236  0.43791884 -0.0310303 ]
 [ 0.2448631  -0.49672395 -0.2732277   0.50583696  0.30264896 -0.43416798
  -0.21827239 -0.2914326   0.2537945   0.17627788 -0.48815873 -0.01421964]
 [ 0.32498658 -0.42259127  0.25411952  0.19871253 -0.00941992 -0.32197148
  -0.13796803  0.11080116  0.13078493 -0.2829499   0.14314371  0.35472715]
 [ 0.13870937  0.15549886  0.19004947 -0.2616536  -0.25748813 -0.24844131
  -0.4626702   0.3784883  -0.1532833  -0.19605833  0.32717586 -0.11868435]
 [-0.25538516 -0.49386173 -0.00809354  0.16841549 -0.03935128  0.5396199
  -0.05693173 -0.45401344 -0.3880721  -0.04561961  0.07069707  0.4232592 ]
 [ 0.54144824 -0.41741845 -0.39395308 -0.36961856 -0.04805204  0.05641603
  -0.23588037 -0.26511705 -0.36285508 -0.12407303  0.07767266 -0.03795934]
 [ 0.1662283   0.0153209   0.5103873   0.21792203  0.3392843   0.22086257
   0.45157915  0.33717376  0.43575537 -0.42281342  0.16205472  0.5130397 ]]
W_ 2 : [[-0.24959323 -0.08016542 -0.34160888  0.38991612  0.300157   -0.42476815
   0.3656534  -0.37120008]
 [ 0.27707857 -0.5471527  -0.0656825  -0.3168257  -0.0667327   0.17897135
   0.46943665  0.04684371]
 [ 0.08142936 -0.15490273 -0.05073431  0.38082284 -0.32892352  0.40578926
   0.22459751  0.1052711 ]
 [ 0.04763573 -0.49026537  0.18953991  0.2116127  -0.14591414 -0.35572696
  -0.49669704 -0.39399737]
 [-0.12888464 -0.15662569 -0.32594234  0.2975819   0.3815844   0.18171972
   0.00161403 -0.2630603 ]
 [ 0.44500017  0.3211369  -0.3020744  -0.16930935  0.01181304  0.294244
  -0.39839306  0.2663998 ]
 [ 0.3893901  -0.4909272  -0.11237019 -0.25945622  0.24898666 -0.48771068
  -0.11869335  0.23641616]
 [ 0.43667954 -0.14032382 -0.3172809   0.42417294  0.34376335  0.39483666
  -0.18116277 -0.01041615]
 [ 0.00911331  0.12474006  0.54662645  0.1917749  -0.31715226 -0.3758216
  -0.50161016  0.13632381]
 [-0.20412967  0.16800612 -0.18045616  0.22429419  0.18666035 -0.45679468
   0.3726794   0.11055684]
 [ 0.3618204   0.03760862 -0.54437953  0.22774482  0.51170707 -0.38510126
  -0.46829146 -0.13752586]
 [-0.50704896 -0.5247157   0.07900268 -0.14138642 -0.35299128 -0.22359264
  -0.15285954 -0.33827865]]
W_ 3 : [[-0.20894897]
 [-0.28827423]
 [-0.5362086 ]
 [-0.5506047 ]
 [-0.27201557]
 [ 0.2747935 ]
 [ 0.22654879]
 [-0.28929216]]
B_ 1 : [0. 0. 0. 0. 0. 0. 0. 0. 0. 0. 0. 0.]
B_ 2 : [0. 0. 0. 0. 0. 0. 0. 0.]
B_ 3 : [0.]
Activation function of layer_a 1 : relu
Activation function of layer_a 2 : relu
Activation function of layer_a 3 : tanh
Gamma_ 1 : [[ 0.5700323   0.02922426  0.30290675 -0.64694893  0.3991117  -0.30955395
   0.91478384  0.70892775]
 [ 0.67423004  1.5045768   0.3579122  -1.4909418  -0.16906413  0.15594937
  -0.7140397   0.42326432]
 [ 0.44619915 -1.1788657  -0.06241708 -0.19487022  1.5201346   0.1466641
   0.12055849  0.46178892]
 [ 0.29182705  0.50360334  0.7533338  -0.4696559   0.24769205  0.5496114
  -0.72812057  0.23958272]
 [-0.885883   -1.4281639   0.9712008  -1.1041559   1.6217939  -0.01240956
   0.86873037  1.135828  ]
 [ 0.3948029   0.35118946  0.69378656 -2.1619284   0.97382253  0.89961517
   0.26106018  1.2074796 ]
 [-0.36308932 -0.9879413  -1.5529853   1.9036233  -1.7905352  -1.079674
   0.45324108 -0.70209324]
 [-1.1816076  -2.230793   -0.07319882  0.44832823  1.7219191  -0.56841505
   0.7418772   0.3374567 ]
 [ 0.72895545  2.3599079   0.40851346 -0.44103125 -1.5673454   0.04408224
  -1.0745213   0.17067592]
 [-0.4979722  -1.8171145  -0.36585844  0.6450214   0.52236116 -0.47383103
   0.45035598 -0.50969744]
 [-0.17405578  0.8037594  -0.6318313   0.9101888  -0.9146939   0.03308629
  -0.36412746 -0.43331385]
 [-0.23519553  0.27758813 -0.34154132  0.95685875 -0.73846924  0.2227092
  -0.2603073  -0.157249  ]]
Gamma_ 2 : [[  2.16321      1.7740731    0.4268574    0.59678924  -8.032383
    2.6791182    0.92543817   2.2831912    2.9672058   -0.5829984
   -1.5900671   -1.2466389 ]
 [  3.4350576   -0.23812416   0.2896059   -1.6418738   -3.4939554
    0.93079615   0.23882663  -4.587354     0.7393204   -3.8310633
   -1.2258195   -1.0909636 ]
 [ -8.846496     0.6122143   -2.1343687   -5.878035    -7.1545277
    3.1627402    0.30617917   0.9968125  -15.851984     3.3706331
   -1.6420833    0.96023005]
 [  3.8278308   -5.043175    -0.3980775    5.6935334   -2.6540928
   -4.999902    -0.48271996   6.255754    -3.6962993    5.2713423
    0.13767405   1.8021117 ]
 [  0.8436823    3.6121511   -2.790689     4.3870754   -1.0624087
   -3.249167     0.331874     8.816914     7.19054      1.3855338
    0.4656144   -0.48157436]
 [  4.5889225    5.6186357    0.34757298  -0.5658766   -6.825686
   -0.11996555  -0.46009898  -5.303686    -0.3417647   -6.4493346
    0.67412657  -0.48009598]
 [ -6.2975917   -9.133757     0.63684714   0.9587152   -3.2066698
   -3.1071599   -0.11959451  10.56061    -12.380183     0.27272364
   -0.38231665  -1.0800341 ]
 [-10.222799    -1.7749293    0.6187698    3.7651372   -8.197554
    1.0495977   -0.78696704   5.713313    -3.8195918    5.006351
    0.54508346   0.45465076]]
Gamma_ 3 : [[ 17.42923      3.5700102   -0.13063943  -6.7170444   -8.40004
   -3.394187   -12.173668    -0.46684074]]
X_ 1 postcondition: >= 0.75
[0. 0. 0. 0. 0. 0. 0. 0.]
X_ 1 postcondition: <= 0.75
[0. 0. 0. 0. 0. 0. 0. 0.]
X_ 1 postcondition: > 0.75
[0. 0. 0. 0. 0. 0. 0. 0.]
X_ 1 postcondition: < 0.75
[0. 0. 0. 0. 0. 0. 0. 0.]
X_ 1 postcondition: == 0.75
[0. 0. 0. 0. 0. 0. 0. 0.]
X_ 1 postcondition: != 0.75
[0. 0. 0. 0. 0. 0. 0. 0.]
X_ 1 postcondition: >= 0.9
[0. 0. 0. 0. 0. 0. 0. 0.]
X_ 1 postcondition: <= 0.9
[0. 0. 0. 0. 0. 0. 0. 0.]
X_ 1 postcondition: > 0.9
[0. 0. 0. 0. 0. 0. 0. 0.]
X_ 1 postcondition: < 0.9
[0. 0. 0. 0. 0. 0. 0. 0.]
X_ 1 postcondition: == 0.9
[0. 0. 0. 0. 0. 0. 0. 0.]
X_ 1 postcondition: != 0.9
[0. 0. 0. 0. 0. 0. 0. 0.]
X_ 1 postcondition: >= 0.95
[0. 0. 0. 0. 0. 0. 0. 0.]
X_ 1 postcondition: <= 0.95
[0. 0. 0. 0. 0. 0. 0. 0.]
X_ 1 postcondition: > 0.95
[0. 0. 0. 0. 0. 0. 0. 0.]
X_ 1 postcondition: < 0.95
[0. 0. 0. 0. 0. 0. 0. 0.]
X_ 1 postcondition: == 0.95
[0. 0. 0. 0. 0. 0. 0. 0.]
X_ 1 postcondition: != 0.95
[0. 0. 0. 0. 0. 0. 0. 0.]
X_ 1 postcondition: >= 0.99
[0. 0. 0. 0. 0. 0. 0. 0.]
X_ 1 postcondition: <= 0.99
[0. 0. 0. 0. 0. 0. 0. 0.]
X_ 1 postcondition: > 0.99
[0. 0. 0. 0. 0. 0. 0. 0.]
X_ 1 postcondition: < 0.99
[0. 0. 0. 0. 0. 0. 0. 0.]
X_ 1 postcondition: == 0.99
[0. 0. 0. 0. 0. 0. 0. 0.]
X_ 1 postcondition: != 0.99
[0. 0. 0. 0. 0. 0. 0. 0.]
X_ 2 postcondition: >= 0.75
[0. 0. 0. 0. 0. 0. 0. 0. 0. 0. 0. 0.]
X_ 2 postcondition: <= 0.75
[0. 0. 0. 0. 0. 0. 0. 0. 0. 0. 0. 0.]
X_ 2 postcondition: > 0.75
[0. 0. 0. 0. 0. 0. 0. 0. 0. 0. 0. 0.]
X_ 2 postcondition: < 0.75
[0. 0. 0. 0. 0. 0. 0. 0. 0. 0. 0. 0.]
X_ 2 postcondition: == 0.75
[0. 0. 0. 0. 0. 0. 0. 0. 0. 0. 0. 0.]
X_ 2 postcondition: != 0.75
[0. 0. 0. 0. 0. 0. 0. 0. 0. 0. 0. 0.]
X_ 2 postcondition: >= 0.9
[0. 0. 0. 0. 0. 0. 0. 0. 0. 0. 0. 0.]
X_ 2 postcondition: <= 0.9
[0. 0. 0. 0. 0. 0. 0. 0. 0. 0. 0. 0.]
X_ 2 postcondition: > 0.9
[0. 0. 0. 0. 0. 0. 0. 0. 0. 0. 0. 0.]
X_ 2 postcondition: < 0.9
[0. 0. 0. 0. 0. 0. 0. 0. 0. 0. 0. 0.]
X_ 2 postcondition: == 0.9
[0. 0. 0. 0. 0. 0. 0. 0. 0. 0. 0. 0.]
X_ 2 postcondition: != 0.9
[0. 0. 0. 0. 0. 0. 0. 0. 0. 0. 0. 0.]
X_ 2 postcondition: >= 0.95
[0. 0. 0. 0. 0. 0. 0. 0. 0. 0. 0. 0.]
X_ 2 postcondition: <= 0.95
[0. 0. 0. 0. 0. 0. 0. 0. 0. 0. 0. 0.]
X_ 2 postcondition: > 0.95
[0. 0. 0. 0. 0. 0. 0. 0. 0. 0. 0. 0.]
X_ 2 postcondition: < 0.95
[0. 0. 0. 0. 0. 0. 0. 0. 0. 0. 0. 0.]
X_ 2 postcondition: == 0.95
[0. 0. 0. 0. 0. 0. 0. 0. 0. 0. 0. 0.]
X_ 2 postcondition: != 0.95
[0. 0. 0. 0. 0. 0. 0. 0. 0. 0. 0. 0.]
X_ 2 postcondition: >= 0.99
[0. 0. 0. 0. 0. 0. 0. 0. 0. 0. 0. 0.]
X_ 2 postcondition: <= 0.99
[0. 0. 0. 0. 0. 0. 0. 0. 0. 0. 0. 0.]
X_ 2 postcondition: > 0.99
[0. 0. 0. 0. 0. 0. 0. 0. 0. 0. 0. 0.]
X_ 2 postcondition: < 0.99
[0. 0. 0. 0. 0. 0. 0. 0. 0. 0. 0. 0.]
X_ 2 postcondition: == 0.99
[0. 0. 0. 0. 0. 0. 0. 0. 0. 0. 0. 0.]
X_ 2 postcondition: != 0.99
[0. 0. 0. 0. 0. 0. 0. 0. 0. 0. 0. 0.]
X_ 3 postcondition: >= 0.75
[0. 0. 0. 0. 0. 0. 0. 0.]
X_ 3 postcondition: <= 0.75
[0. 0. 0. 0. 0. 0. 0. 0.]
X_ 3 postcondition: > 0.75
[0. 0. 0. 0. 0. 0. 0. 0.]
X_ 3 postcondition: < 0.75
[0. 0. 0. 0. 0. 0. 0. 0.]
X_ 3 postcondition: == 0.75
[0. 0. 0. 0. 0. 0. 0. 0.]
X_ 3 postcondition: != 0.75
[0. 0. 0. 0. 0. 0. 0. 0.]
X_ 3 postcondition: >= 0.9
[0. 0. 0. 0. 0. 0. 0. 0.]
X_ 3 postcondition: <= 0.9
[0. 0. 0. 0. 0. 0. 0. 0.]
X_ 3 postcondition: > 0.9
[0. 0. 0. 0. 0. 0. 0. 0.]
X_ 3 postcondition: < 0.9
[0. 0. 0. 0. 0. 0. 0. 0.]
X_ 3 postcondition: == 0.9
[0. 0. 0. 0. 0. 0. 0. 0.]
X_ 3 postcondition: != 0.9
[0. 0. 0. 0. 0. 0. 0. 0.]
X_ 3 postcondition: >= 0.95
[0. 0. 0. 0. 0. 0. 0. 0.]
X_ 3 postcondition: <= 0.95
[0. 0. 0. 0. 0. 0. 0. 0.]
X_ 3 postcondition: > 0.95
[0. 0. 0. 0. 0. 0. 0. 0.]
X_ 3 postcondition: < 0.95
[0. 0. 0. 0. 0. 0. 0. 0.]
X_ 3 postcondition: == 0.95
[0. 0. 0. 0. 0. 0. 0. 0.]
X_ 3 postcondition: != 0.95
[0. 0. 0. 0. 0. 0. 0. 0.]
X_ 3 postcondition: >= 0.99
[0. 0. 0. 0. 0. 0. 0. 0.]
X_ 3 postcondition: <= 0.99
[0. 0. 0. 0. 0. 0. 0. 0.]
X_ 3 postcondition: > 0.99
[0. 0. 0. 0. 0. 0. 0. 0.]
X_ 3 postcondition: < 0.99
[0. 0. 0. 0. 0. 0. 0. 0.]
X_ 3 postcondition: == 0.99
[0. 0. 0. 0. 0. 0. 0. 0.]
X_ 3 postcondition: != 0.99
[0. 0. 0. 0. 0. 0. 0. 0.]
Weakest precondition: [0. 0. 0. 0. 0. 0. 0. 0.]
Features:  ['Pregnancies' 'Glucose' 'BloodPressure' 'SkinThickness' 'Insulin' 'BMI'
 'DiabetesPedigreeFunction' 'Age']
Features length:  8
Weakest precondition size  8

Checking precondition violation:   0%|          | 0/8 [00:00<?, ?it/s]
Checking precondition violation: 100%|██████████| 8/8 [00:00<00:00, 1647.89it/s]
