Number of layers in the model: 3
Layer: dense
Layer: dense_1
Layer: dense_2
Number of selected layers in the model: 3
#weights: 3 | #biases: 3 | #N: 3 | #Gamma: 3
W_ 1 : [[-1.60600096e-01 -4.27362740e-01 -1.79469243e-01  2.73811400e-01
  -2.97350556e-01  4.49378341e-01]
 [-3.92267346e-01  1.53308943e-01  1.04822874e-01 -7.84365684e-02
   2.94579077e-04  4.02174711e-01]
 [-2.16238931e-01  1.48769617e-01  4.02348340e-01 -8.44567120e-02
  -1.16432412e-03 -3.24096680e-01]
 [-3.27465564e-01 -2.98846085e-02 -5.02416193e-01 -2.53364861e-01
   9.67426524e-02  3.31661999e-01]
 [-1.35331020e-01 -4.13667351e-01 -2.51371581e-02 -1.94701906e-02
   1.05456837e-01  5.30535400e-01]
 [-1.86650455e-01 -3.28403115e-02 -2.50010826e-02  5.99017413e-03
  -2.13367864e-01  1.37034431e-01]
 [ 3.50215346e-01 -1.35187268e-01  3.50018740e-01  3.75401944e-01
  -1.98804095e-01 -1.83086693e-01]
 [ 2.46878892e-01 -4.57508981e-01  4.64208364e-01 -4.12249207e-01
  -3.14272016e-01  2.97010005e-01]
 [-5.31179845e-01 -2.98947655e-02 -3.34257126e-01  2.25276500e-01
  -1.87931806e-01  2.93575138e-01]
 [ 4.29548211e-02 -7.36716911e-02 -4.20254707e-01 -5.17582774e-01
   5.47157526e-02  2.67338961e-01]
 [ 9.14826468e-02 -1.09222963e-01 -4.40412611e-01  1.33422911e-01
   1.63832352e-01  3.07253480e-01]
 [-1.67617872e-01 -1.97401732e-01  3.64552915e-01  4.21483479e-02
  -3.00461769e-01 -1.23647504e-01]
 [ 2.74277568e-01 -1.40264690e-01  2.49675214e-01  4.41531604e-03
   2.92759031e-01  1.33315071e-01]
 [-1.74881414e-01  5.29049672e-02  1.23232864e-02 -3.88460219e-01
  -1.45922869e-01 -3.33205312e-01]
 [-2.85905033e-01 -6.27044216e-02  4.36407268e-01 -2.50260264e-01
   5.49827069e-02  4.13441628e-01]
 [-9.02841240e-02 -2.24627122e-01  3.63371879e-01 -4.13910806e-04
  -2.78511763e-01  1.90389797e-01]
 [-2.53812432e-01 -4.09816951e-01  3.83690357e-01 -8.39199945e-02
  -6.92008212e-02  5.59815347e-01]
 [-1.74087822e-01  4.13988024e-01  9.55852792e-02  3.68464261e-01
   1.20090954e-02 -2.32926123e-02]
 [-2.70720392e-01 -4.84486623e-03 -2.35075131e-01  2.51543164e-01
  -2.16181353e-01  2.46704355e-01]
 [-8.54541585e-02  2.34423786e-01  3.28573138e-01  3.05079252e-01
  -2.44332001e-01  4.23574746e-02]
 [ 4.37267184e-01 -2.07366377e-01  1.46590307e-01 -3.19816858e-01
  -5.80423713e-01  7.37379789e-01]
 [ 5.35730161e-02 -2.17879117e-01  6.18585289e-01 -2.37547129e-01
   1.48228854e-01  3.70618492e-01]]
W_ 2 : [[ 0.60672164 -0.5771781   0.3135546   0.19659673]
 [-0.18602885 -0.29194328 -0.06241114 -0.02374352]
 [ 0.6938198   0.18935247  0.12997627  0.10810882]
 [-0.30252257  0.3205183   0.47862187 -0.08236805]
 [-0.24983644  0.95336854 -0.1230701  -0.15200983]
 [ 1.000243   -0.6661242  -0.7792997   0.28216988]]
W_ 3 : [[-1.5136544 ]
 [ 1.2223399 ]
 [ 0.94396985]
 [ 0.09283629]]
B_ 1 : [ 0.02820967 -0.00101781 -0.06527609 -0.304359   -0.15437868  0.38852316]
B_ 2 : [ 0.64310247 -0.2674302  -0.10732267 -0.19851512]
B_ 3 : [-0.53829527]
Activation function of layer_a 1 : relu
Activation function of layer_a 2 : relu
Activation function of layer_a 3 : sigmoid
Gamma_ 1 : [[ 0.13551725  0.09226245 -0.9958465   0.14282787 -1.789445   -6.602842
  -0.8674376   0.6993978   0.8708234  -0.8627956  -0.46958634 -2.316276
  -4.8704414  -2.4264336   0.15457389  1.9220746  -0.2878178  -0.05355063
   0.6655115   1.4672878   0.1993175   0.58669907]
 [-3.1313539   1.8198946  -0.7124863   0.1077503  -2.384086    5.1348987
   0.42682216  0.16146947  0.33644453 -1.8510097   0.05420647 -1.0871478
   0.88704777  3.2104638  -0.16909778 -0.27176645 -0.13181753  2.6330235
   1.1101735   0.3687472   0.806674   -0.10927606]
 [-0.01827976 -1.3585422   1.1124597   1.2207578  -1.1496986   1.5748286
   1.6851158   1.1236366  -0.5117899   1.8363341  -2.9588351  -0.27986705
  -0.06529406 -0.07711324 -0.8315629  -1.446095   -0.0212961   0.5397194
   0.09230351 -2.182811    0.238341   -0.3571608 ]
 [ 0.86195594 -1.8695614  -0.43902215 -0.57072014  3.8459954   3.7346356
   0.10429591 -1.5327764   0.9768462  -1.2693545  -0.33020934 -0.20900843
   1.5500884   0.10336564  0.6060793   0.16132386  0.9877996   2.8423805
   1.9768752  -0.8385075   0.90604496  0.1351887 ]
 [-1.4184072  -0.6942117  -0.42636195  0.10347885  2.69548    -1.6436093
   0.14830369 -0.8251116   1.0764074  -0.06853284  1.0583351   0.9545804
   0.923729   -1.6321814  -0.08649272 -0.8255337  -0.5908939   0.2899752
  -0.53119266  1.4087679  -0.5266827  -0.01994288]
 [-2.5281053  -0.04985729 -2.721875   -2.916374    0.360693    6.0599403
  -2.1683648  -0.52555686 -1.3440571   3.1936162  -0.66983944  2.0827267
   0.9494811  -2.3838403   0.629518    1.4673257   0.4244689  -2.2576513
   1.521603   -2.7986336   0.08620162 -0.8981236 ]]
Gamma_ 2 : [[ -0.23730516   7.2023363    4.0992975    3.179082     3.8867583
   -0.16810513]
 [  0.6961968   -3.5578847   -1.0493108   -0.12011003  -1.9843577
    1.289041  ]
 [  1.9453846   -2.7269022   -0.6473265   -3.553425     1.0497175
   -1.4222443 ]
 [ -1.3306135  -48.458256   -17.58143     -1.4108756  -10.647495
    0.9352634 ]]
Gamma_ 3 : [[-2.  0.  0. 32.]]
X_ 1 postcondition: >= 0.75
[ 0.7630473  -0.55968696  0.71854067  0.7883376   1.0646667  -0.8829049
  0.77400047 -0.2519413   0.69603956 -1.1215421   0.10746842 -0.50960106
  0.2846447   0.5792597  -0.09921227 -0.5979957   0.03832739  1.369831
 -0.06234134  0.64958155  0.12878951  0.26027483]
X_ 1 postcondition: <= 0.75
[ 0.7630473  -0.55968696  0.71854067  0.7883376   1.0646667  -0.8829049
  0.77400047 -0.2519413   0.69603956 -1.1215421   0.10746842 -0.50960106
  0.2846447   0.5792597  -0.09921227 -0.5979957   0.03832739  1.369831
 -0.06234134  0.64958155  0.12878951  0.26027483]
X_ 1 postcondition: > 0.75
[ 0.7630473  -0.55968696  0.71854067  0.7883376   1.0646667  -0.8829049
  0.77400047 -0.2519413   0.69603956 -1.1215421   0.10746842 -0.50960106
  0.2846447   0.5792597  -0.09921227 -0.5979957   0.03832739  1.369831
 -0.06234134  0.64958155  0.12878951  0.26027483]
X_ 1 postcondition: < 0.75
[ 0.7630473  -0.55968696  0.71854067  0.7883376   1.0646667  -0.8829049
  0.77400047 -0.2519413   0.69603956 -1.1215421   0.10746842 -0.50960106
  0.2846447   0.5792597  -0.09921227 -0.5979957   0.03832739  1.369831
 -0.06234134  0.64958155  0.12878951  0.26027483]
X_ 1 postcondition: == 0.75
[ 0.7630473  -0.55968696  0.71854067  0.7883376   1.0646667  -0.8829049
  0.77400047 -0.2519413   0.69603956 -1.1215421   0.10746842 -0.50960106
  0.2846447   0.5792597  -0.09921227 -0.5979957   0.03832739  1.369831
 -0.06234134  0.64958155  0.12878951  0.26027483]
X_ 1 postcondition: != 0.75
[ 0.7630473  -0.55968696  0.71854067  0.7883376   1.0646667  -0.8829049
  0.77400047 -0.2519413   0.69603956 -1.1215421   0.10746842 -0.50960106
  0.2846447   0.5792597  -0.09921227 -0.5979957   0.03832739  1.369831
 -0.06234134  0.64958155  0.12878951  0.26027483]
X_ 1 postcondition: >= 0.9
[ 0.91565675 -0.67162436  0.86224884  0.9460051   1.2776     -1.0594857
  0.92880046 -0.30232954  0.83524746 -1.3458505   0.12896208 -0.61152124
  0.3415736   0.6951117  -0.11905473 -0.7175948   0.04599289  1.643797
 -0.07480964  0.7794978   0.1545474   0.31232977]
X_ 1 postcondition: <= 0.9
[ 0.91565675 -0.67162436  0.86224884  0.9460051   1.2776     -1.0594857
  0.92880046 -0.30232954  0.83524746 -1.3458505   0.12896208 -0.61152124
  0.3415736   0.6951117  -0.11905473 -0.7175948   0.04599289  1.643797
 -0.07480964  0.7794978   0.1545474   0.31232977]
X_ 1 postcondition: > 0.9
[ 0.91565675 -0.67162436  0.86224884  0.9460051   1.2776     -1.0594857
  0.92880046 -0.30232954  0.83524746 -1.3458505   0.12896208 -0.61152124
  0.3415736   0.6951117  -0.11905473 -0.7175948   0.04599289  1.643797
 -0.07480964  0.7794978   0.1545474   0.31232977]
X_ 1 postcondition: < 0.9
[ 0.91565675 -0.67162436  0.86224884  0.9460051   1.2776     -1.0594857
  0.92880046 -0.30232954  0.83524746 -1.3458505   0.12896208 -0.61152124
  0.3415736   0.6951117  -0.11905473 -0.7175948   0.04599289  1.643797
 -0.07480964  0.7794978   0.1545474   0.31232977]
X_ 1 postcondition: == 0.9
[ 0.91565675 -0.67162436  0.86224884  0.9460051   1.2776     -1.0594857
  0.92880046 -0.30232954  0.83524746 -1.3458505   0.12896208 -0.61152124
  0.3415736   0.6951117  -0.11905473 -0.7175948   0.04599289  1.643797
 -0.07480964  0.7794978   0.1545474   0.31232977]
X_ 1 postcondition: != 0.9
[ 0.91565675 -0.67162436  0.86224884  0.9460051   1.2776     -1.0594857
  0.92880046 -0.30232954  0.83524746 -1.3458505   0.12896208 -0.61152124
  0.3415736   0.6951117  -0.11905473 -0.7175948   0.04599289  1.643797
 -0.07480964  0.7794978   0.1545474   0.31232977]
X_ 1 postcondition: >= 0.95
[ 0.96652657 -0.7089368   0.9101515   0.99856097  1.3485779  -1.1183461
  0.98040056 -0.31912565  0.8816501  -1.42062     0.13612664 -0.64549464
  0.36054993  0.73372895 -0.12566887 -0.7574612   0.04854803  1.7351191
 -0.0789657   0.82280326  0.16313337  0.32968143]
X_ 1 postcondition: <= 0.95
[ 0.96652657 -0.7089368   0.9101515   0.99856097  1.3485779  -1.1183461
  0.98040056 -0.31912565  0.8816501  -1.42062     0.13612664 -0.64549464
  0.36054993  0.73372895 -0.12566887 -0.7574612   0.04854803  1.7351191
 -0.0789657   0.82280326  0.16313337  0.32968143]
X_ 1 postcondition: > 0.95
[ 0.96652657 -0.7089368   0.9101515   0.99856097  1.3485779  -1.1183461
  0.98040056 -0.31912565  0.8816501  -1.42062     0.13612664 -0.64549464
  0.36054993  0.73372895 -0.12566887 -0.7574612   0.04854803  1.7351191
 -0.0789657   0.82280326  0.16313337  0.32968143]
X_ 1 postcondition: < 0.95
[ 0.96652657 -0.7089368   0.9101515   0.99856097  1.3485779  -1.1183461
  0.98040056 -0.31912565  0.8816501  -1.42062     0.13612664 -0.64549464
  0.36054993  0.73372895 -0.12566887 -0.7574612   0.04854803  1.7351191
 -0.0789657   0.82280326  0.16313337  0.32968143]
X_ 1 postcondition: == 0.95
[ 0.96652657 -0.7089368   0.9101515   0.99856097  1.3485779  -1.1183461
  0.98040056 -0.31912565  0.8816501  -1.42062     0.13612664 -0.64549464
  0.36054993  0.73372895 -0.12566887 -0.7574612   0.04854803  1.7351191
 -0.0789657   0.82280326  0.16313337  0.32968143]
X_ 1 postcondition: != 0.95
[ 0.96652657 -0.7089368   0.9101515   0.99856097  1.3485779  -1.1183461
  0.98040056 -0.31912565  0.8816501  -1.42062     0.13612664 -0.64549464
  0.36054993  0.73372895 -0.12566887 -0.7574612   0.04854803  1.7351191
 -0.0789657   0.82280326  0.16313337  0.32968143]
X_ 1 postcondition: >= 0.99
[ 1.0072225  -0.7387868   0.9484737   1.0406057   1.4053601  -1.1654344
  1.0216806  -0.33256257  0.9187722  -1.4804355   0.1418583  -0.67267334
  0.37573093  0.7646229  -0.13096021 -0.7893543   0.05059217  1.8081768
 -0.0822906   0.8574476   0.17000216  0.34356278]
X_ 1 postcondition: <= 0.99
[ 1.0072225  -0.7387868   0.9484737   1.0406057   1.4053601  -1.1654344
  1.0216806  -0.33256257  0.9187722  -1.4804355   0.1418583  -0.67267334
  0.37573093  0.7646229  -0.13096021 -0.7893543   0.05059217  1.8081768
 -0.0822906   0.8574476   0.17000216  0.34356278]
X_ 1 postcondition: > 0.99
[ 1.0072225  -0.7387868   0.9484737   1.0406057   1.4053601  -1.1654344
  1.0216806  -0.33256257  0.9187722  -1.4804355   0.1418583  -0.67267334
  0.37573093  0.7646229  -0.13096021 -0.7893543   0.05059217  1.8081768
 -0.0822906   0.8574476   0.17000216  0.34356278]
X_ 1 postcondition: < 0.99
[ 1.0072225  -0.7387868   0.9484737   1.0406057   1.4053601  -1.1654344
  1.0216806  -0.33256257  0.9187722  -1.4804355   0.1418583  -0.67267334
  0.37573093  0.7646229  -0.13096021 -0.7893543   0.05059217  1.8081768
 -0.0822906   0.8574476   0.17000216  0.34356278]
X_ 1 postcondition: == 0.99
[ 1.0072225  -0.7387868   0.9484737   1.0406057   1.4053601  -1.1654344
  1.0216806  -0.33256257  0.9187722  -1.4804355   0.1418583  -0.67267334
  0.37573093  0.7646229  -0.13096021 -0.7893543   0.05059217  1.8081768
 -0.0822906   0.8574476   0.17000216  0.34356278]
X_ 1 postcondition: != 0.99
[ 1.0072225  -0.7387868   0.9484737   1.0406057   1.4053601  -1.1654344
  1.0216806  -0.33256257  0.9187722  -1.4804355   0.1418583  -0.67267334
  0.37573093  0.7646229  -0.13096021 -0.7893543   0.05059217  1.8081768
 -0.0822906   0.8574476   0.17000216  0.34356278]
X_ 2 postcondition: >= 0.75
[  0.21257441 -11.621761    -4.8574038   -2.0535297   -3.7734683
   0.36439663]
X_ 2 postcondition: <= 0.75
[  0.21257441 -11.621761    -4.8574038   -2.0535297   -3.7734683
   0.36439663]
X_ 2 postcondition: > 0.75
[  0.21257441 -11.621761    -4.8574038   -2.0535297   -3.7734683
   0.36439663]
X_ 2 postcondition: < 0.75
[  0.21257441 -11.621761    -4.8574038   -2.0535297   -3.7734683
   0.36439663]
X_ 2 postcondition: == 0.75
[  0.21257441 -11.621761    -4.8574038   -2.0535297   -3.7734683
   0.36439663]
X_ 2 postcondition: != 0.75
[  0.21257441 -11.621761    -4.8574038   -2.0535297   -3.7734683
   0.36439663]
X_ 2 postcondition: >= 0.9
[  0.2550893  -13.946112    -5.828884    -2.4642355   -4.528162
   0.43727598]
X_ 2 postcondition: <= 0.9
[  0.2550893  -13.946112    -5.828884    -2.4642355   -4.528162
   0.43727598]
X_ 2 postcondition: > 0.9
[  0.2550893  -13.946112    -5.828884    -2.4642355   -4.528162
   0.43727598]
X_ 2 postcondition: < 0.9
[  0.2550893  -13.946112    -5.828884    -2.4642355   -4.528162
   0.43727598]
X_ 2 postcondition: == 0.9
[  0.2550893  -13.946112    -5.828884    -2.4642355   -4.528162
   0.43727598]
X_ 2 postcondition: != 0.9
[  0.2550893  -13.946112    -5.828884    -2.4642355   -4.528162
   0.43727598]
X_ 2 postcondition: >= 0.95
[  0.26926094 -14.720896    -6.152711    -2.6011376   -4.7797265
   0.46156907]
X_ 2 postcondition: <= 0.95
[  0.26926094 -14.720896    -6.152711    -2.6011376   -4.7797265
   0.46156907]
X_ 2 postcondition: > 0.95
[  0.26926094 -14.720896    -6.152711    -2.6011376   -4.7797265
   0.46156907]
X_ 2 postcondition: < 0.95
[  0.26926094 -14.720896    -6.152711    -2.6011376   -4.7797265
   0.46156907]
X_ 2 postcondition: == 0.95
[  0.26926094 -14.720896    -6.152711    -2.6011376   -4.7797265
   0.46156907]
X_ 2 postcondition: != 0.95
[  0.26926094 -14.720896    -6.152711    -2.6011376   -4.7797265
   0.46156907]
X_ 2 postcondition: >= 0.99
[  0.28059822 -15.340724    -6.4117727   -2.7106593   -4.9809785
   0.48100358]
X_ 2 postcondition: <= 0.99
[  0.28059822 -15.340724    -6.4117727   -2.7106593   -4.9809785
   0.48100358]
X_ 2 postcondition: > 0.99
[  0.28059822 -15.340724    -6.4117727   -2.7106593   -4.9809785
   0.48100358]
X_ 2 postcondition: < 0.99
[  0.28059822 -15.340724    -6.4117727   -2.7106593   -4.9809785
   0.48100358]
X_ 2 postcondition: == 0.99
[  0.28059822 -15.340724    -6.4117727   -2.7106593   -4.9809785
   0.48100358]
X_ 2 postcondition: != 0.99
[  0.28059822 -15.340724    -6.4117727   -2.7106593   -4.9809785
   0.48100358]
X_ 3 postcondition: >= 0.75
[-0.8074429  0.         0.        12.919086 ]
X_ 3 postcondition: <= 0.75
[-0.8074429  0.         0.        12.919086 ]
X_ 3 postcondition: > 0.75
[-0.8074429  0.         0.        12.919086 ]
X_ 3 postcondition: < 0.75
[-0.8074429  0.         0.        12.919086 ]
X_ 3 postcondition: == 0.75
[-0.8074429  0.         0.        12.919086 ]
X_ 3 postcondition: != 0.75
[-0.8074429  0.         0.        12.919086 ]
X_ 3 postcondition: >= 0.9
[-0.96893144  0.          0.         15.502903  ]
X_ 3 postcondition: <= 0.9
[-0.96893144  0.          0.         15.502903  ]
X_ 3 postcondition: > 0.9
[-0.96893144  0.          0.         15.502903  ]
X_ 3 postcondition: < 0.9
[-0.96893144  0.          0.         15.502903  ]
X_ 3 postcondition: == 0.9
[-0.96893144  0.          0.         15.502903  ]
X_ 3 postcondition: != 0.9
[-0.96893144  0.          0.         15.502903  ]
X_ 3 postcondition: >= 0.95
[-1.022761  0.        0.       16.364176]
X_ 3 postcondition: <= 0.95
[-1.022761  0.        0.       16.364176]
X_ 3 postcondition: > 0.95
[-1.022761  0.        0.       16.364176]
X_ 3 postcondition: < 0.95
[-1.022761  0.        0.       16.364176]
X_ 3 postcondition: == 0.95
[-1.022761  0.        0.       16.364176]
X_ 3 postcondition: != 0.95
[-1.022761  0.        0.       16.364176]
X_ 3 postcondition: >= 0.99
[-1.0658246  0.         0.        17.053194 ]
X_ 3 postcondition: <= 0.99
[-1.0658246  0.         0.        17.053194 ]
X_ 3 postcondition: > 0.99
[-1.0658246  0.         0.        17.053194 ]
X_ 3 postcondition: < 0.99
[-1.0658246  0.         0.        17.053194 ]
X_ 3 postcondition: == 0.99
[-1.0658246  0.         0.        17.053194 ]
X_ 3 postcondition: != 0.99
[-1.0658246  0.         0.        17.053194 ]
Weakest precondition: [ 1.0173963  -0.74624926  0.95805424  1.0511168   1.4195557  -1.1772066
  1.0320005  -0.33592173  0.9280528  -1.4953893   0.14329118 -0.67946804
  0.3795262   0.7723463  -0.13228302 -0.7973276   0.05110321  1.8264413
 -0.08312184  0.8661087   0.17171936  0.3470331 ]
Features:  ['Age' 'Job' 'Credit amount' 'Duration' 'Sex_female' 'Sex_male'
 'Housing_free' 'Housing_own' 'Housing_rent' 'Saving accounts_little'
 'Saving accounts_moderate' 'Saving accounts_quite rich'
 'Checking account_little' 'Checking account_moderate'
 'Checking account_rich' 'Purpose_business' 'Purpose_car'
 'Purpose_domestic appliances' 'Purpose_education'
 'Purpose_furniture/equipment' 'Purpose_radio/TV' 'Purpose_repairs']
Features length:  22
Weakest precondition size  22

Checking precondition violation:   0%|          | 0/22 [00:00<?, ?it/s]
Checking precondition violation: 100%|██████████| 22/22 [00:00<00:00, 955.89it/s]
