Number of layers in the model: 2
Layer: dense
Layer: dense_1
Number of selected layers in the model: 2
#weights: 2 | #biases: 2 | #N: 2 | #Gamma: 2
W_ 1 : [[-0.18843749  0.00180196  0.02302587 ... -0.17105648  0.00765019
  -0.09034843]
 [-0.1290957   0.01210997  0.21271053 ... -0.11542275  0.18332182
  -0.0499322 ]
 [-0.01430309 -0.14672     0.09858819 ...  0.02284799  0.09274781
   0.05125209]
 ...
 [-0.05843989  0.02008707 -0.14208314 ... -0.09095508 -0.04884781
   0.06919657]
 [-0.11244314 -0.01735889  0.16232987 ...  0.02710282 -0.14133528
  -0.25368956]
 [-0.19896546  0.24598064 -0.18213622 ...  0.08809695 -0.17507447
  -0.15161236]]
W_ 2 : [[-0.05720398]
 [ 0.09270598]
 [-0.04606288]
 [-0.5246595 ]
 [-0.3441137 ]
 [ 0.03609496]
 [-0.48188183]
 [-0.2984471 ]
 [-0.32857925]
 [ 0.10516703]
 [-0.16719939]
 [-0.33343393]
 [ 0.00494931]
 [-0.2502845 ]
 [-0.24011044]
 [-0.22178103]
 [-0.31617546]
 [ 0.06566098]
 [-0.43811855]
 [ 0.08941686]
 [-0.01912738]
 [-0.06746466]
 [-0.0403977 ]
 [-0.19862303]
 [-0.10862403]
 [ 0.030602  ]
 [-0.17372741]
 [-0.34058166]
 [-0.14680876]
 [-0.26827914]
 [-0.16758421]
 [-0.10200282]
 [ 0.14473943]
 [ 0.03861543]
 [-0.02079035]
 [-0.1734348 ]
 [ 0.23180833]
 [-0.22562253]
 [ 0.1289047 ]
 [-0.16723627]
 [-0.28941512]
 [-0.30269423]
 [-0.04788649]
 [-0.14041087]
 [-0.36182404]
 [ 0.05822039]
 [-0.16353074]
 [-0.23067254]
 [-0.06307737]
 [-0.01549406]
 [ 0.02386143]
 [ 0.04594043]
 [-0.42603725]
 [-0.11520078]
 [-0.17567939]
 [-0.1378645 ]
 [-0.07903942]
 [ 0.11493201]
 [-0.07023449]
 [-0.11349157]
 [-0.16189735]
 [-0.07650993]
 [ 0.23315352]
 [ 0.12103219]
 [-0.18757431]
 [ 0.0090229 ]
 [-0.22586274]
 [-0.39210445]
 [-0.05808932]
 [-0.01082063]
 [-0.25894466]
 [ 0.00556757]
 [ 0.07888503]
 [-0.04811361]
 [ 0.02486582]
 [ 0.13372082]
 [-0.05112168]
 [-0.04819432]
 [-0.01453937]
 [-0.12905006]
 [ 0.04026829]
 [-0.10057514]
 [-0.2819782 ]
 [-0.1930318 ]
 [ 0.2711625 ]
 [ 0.10177188]
 [ 0.17172803]
 [ 0.06522002]
 [-0.33185115]
 [-0.21884693]
 [-0.0060281 ]
 [-0.09634979]
 [-0.1422564 ]
 [-0.29548138]
 [-0.0322475 ]
 [-0.31481662]
 [ 0.02084319]
 [ 0.04307218]
 [ 0.00518995]
 [ 0.1132285 ]]
B_ 1 : [-0.00896531 -0.05273972 -0.04563283  0.13992012  0.13924551 -0.02487748
  0.11515817  0.11435992  0.10876259 -0.02472479  0.01964368  0.14868514
 -0.00845675  0.01108704  0.0784498   0.08097553  0.04887146 -0.09985751
  0.12527423  0.0119175  -0.01854123 -0.01002663 -0.00450974  0.02370983
  0.01544143 -0.02782456 -0.12644784  0.05943219  0.00298788  0.06928901
  0.04935908 -0.04321403 -0.00544226 -0.02509598  0.0023081  -0.00809317
 -0.04920221  0.01907673 -0.01772893  0.01814569  0.04515133  0.07142541
 -0.01024074  0.03673747  0.15393822 -0.01630684  0.03603158  0.07228903
 -0.05626712 -0.11037366 -0.03623522 -0.00986083  0.07753628  0.04649237
 -0.00923604  0.0251624  -0.03992905 -0.10447527  0.01316828  0.01680043
  0.00132449  0.01695745 -0.02059309 -0.02218416  0.02826915 -0.00020233
  0.04243638  0.17107902  0.00321191 -0.03206211  0.04131382 -0.02730089
 -0.06485628 -0.08851323 -0.02102726 -0.14757188  0.00340958  0.01367119
 -0.01694911  0.02817419 -0.10046805 -0.02486718  0.16962883  0.04764042
  0.0388832  -0.06187284 -0.0145192  -0.024647    0.08789729  0.00770439
 -0.00905084  0.00107153 -0.02342909  0.10598721  0.00254726  0.07443708
 -0.02403479 -0.00022073 -0.05193498 -0.09379819]
B_ 2 : [-0.7891259]
Activation function of layer_a 1 : relu
Activation function of layer_a 2 : sigmoid
Gamma_ 1 : [[-0.11578563 -0.05207423 -0.00393552 ... -0.08141655 -0.09174626
  -0.13910234]
 [-0.04998117  0.07693395 -0.09788287 ... -0.02059526 -0.01675287
   0.1571193 ]
 [-0.01867259  0.06822349  0.10286666 ... -0.08011232  0.07111687
  -0.11001765]
 ...
 [-0.08550273 -0.11869012  0.04517731 ... -0.06925854  0.02623882
   0.14933409]
 [-0.02844397  0.13373893  0.04625485 ... -0.00374919 -0.10877053
  -0.10891968]
 [-0.02924778  0.01600059  0.04359438 ...  0.09866362 -0.13334304
  -0.09141475]]
Gamma_ 2 : [[  24.      4.     -8.     -5.      3.5   127.     -3.25    3.      7.
    -8.     -6.     -1.      0.      8.      8.5     1.5    -8.5   -32.
    -3.     -6.     64.     20.     24.     -4.     16.     48.    -35.
     1.5    14.     -5.    -14.      0.     -5.     64.    116.     -2.
     8.    -20.     18.     -6.      0.     -4.     24.      2.     -3.75
   -24.    -10.     -7.     24.    -28.    -20.    -44.      0.      2.
   -25.      0.      8.    -24.      0.    -20.     -8.      2.     -9.
     0.      4.      0.      3.     -6.      0.   -384.      2.    128.
    -8.    -68.     32.     -4.    -38.    -80.     24.      9.    -16.
   -28.      9.    -28.     -2.     16.      3.      0.     -1.      8.
  -384.      8.     -4.     14.    -80.      1.     36.     32.    256.
    -8.  ]]
X_ 1 postcondition: >= 0.75
[-0.03413605 -0.07678467  0.00104128  0.02801541 -0.03129287 -0.05177552
  0.0063618  -0.05114045 -0.03485959 -0.07564203  0.03541562  0.01725164
 -0.09292015 -0.04468634 -0.03089349 -0.03418694 -0.04822242 -0.02490036
  0.02154003 -0.07597889 -0.08380832  0.03244133]
X_ 1 postcondition: <= 0.75
[-0.03413605 -0.07678467  0.00104128  0.02801541 -0.03129287 -0.05177552
  0.0063618  -0.05114045 -0.03485959 -0.07564203  0.03541562  0.01725164
 -0.09292015 -0.04468634 -0.03089349 -0.03418694 -0.04822242 -0.02490036
  0.02154003 -0.07597889 -0.08380832  0.03244133]
X_ 1 postcondition: > 0.75
[-0.03413605 -0.07678467  0.00104128  0.02801541 -0.03129287 -0.05177552
  0.0063618  -0.05114045 -0.03485959 -0.07564203  0.03541562  0.01725164
 -0.09292015 -0.04468634 -0.03089349 -0.03418694 -0.04822242 -0.02490036
  0.02154003 -0.07597889 -0.08380832  0.03244133]
X_ 1 postcondition: < 0.75
[-0.03413605 -0.07678467  0.00104128  0.02801541 -0.03129287 -0.05177552
  0.0063618  -0.05114045 -0.03485959 -0.07564203  0.03541562  0.01725164
 -0.09292015 -0.04468634 -0.03089349 -0.03418694 -0.04822242 -0.02490036
  0.02154003 -0.07597889 -0.08380832  0.03244133]
X_ 1 postcondition: == 0.75
[-0.03413605 -0.07678467  0.00104128  0.02801541 -0.03129287 -0.05177552
  0.0063618  -0.05114045 -0.03485959 -0.07564203  0.03541562  0.01725164
 -0.09292015 -0.04468634 -0.03089349 -0.03418694 -0.04822242 -0.02490036
  0.02154003 -0.07597889 -0.08380832  0.03244133]
X_ 1 postcondition: != 0.75
[-0.03413605 -0.07678467  0.00104128  0.02801541 -0.03129287 -0.05177552
  0.0063618  -0.05114045 -0.03485959 -0.07564203  0.03541562  0.01725164
 -0.09292015 -0.04468634 -0.03089349 -0.03418694 -0.04822242 -0.02490036
  0.02154003 -0.07597889 -0.08380832  0.03244133]
X_ 1 postcondition: >= 0.9
[-0.04096325 -0.0921416   0.00124954  0.03361849 -0.03755144 -0.06213062
  0.00763416 -0.06136854 -0.04183149 -0.09077045  0.04249875  0.02070197
 -0.11150417 -0.05362361 -0.03707218 -0.04102434 -0.0578669  -0.02988044
  0.02584803 -0.09117466 -0.10057001  0.03892958]
X_ 1 postcondition: <= 0.9
[-0.04096325 -0.0921416   0.00124954  0.03361849 -0.03755144 -0.06213062
  0.00763416 -0.06136854 -0.04183149 -0.09077045  0.04249875  0.02070197
 -0.11150417 -0.05362361 -0.03707218 -0.04102434 -0.0578669  -0.02988044
  0.02584803 -0.09117466 -0.10057001  0.03892958]
X_ 1 postcondition: > 0.9
[-0.04096325 -0.0921416   0.00124954  0.03361849 -0.03755144 -0.06213062
  0.00763416 -0.06136854 -0.04183149 -0.09077045  0.04249875  0.02070197
 -0.11150417 -0.05362361 -0.03707218 -0.04102434 -0.0578669  -0.02988044
  0.02584803 -0.09117466 -0.10057001  0.03892958]
X_ 1 postcondition: < 0.9
[-0.04096325 -0.0921416   0.00124954  0.03361849 -0.03755144 -0.06213062
  0.00763416 -0.06136854 -0.04183149 -0.09077045  0.04249875  0.02070197
 -0.11150417 -0.05362361 -0.03707218 -0.04102434 -0.0578669  -0.02988044
  0.02584803 -0.09117466 -0.10057001  0.03892958]
X_ 1 postcondition: == 0.9
[-0.04096325 -0.0921416   0.00124954  0.03361849 -0.03755144 -0.06213062
  0.00763416 -0.06136854 -0.04183149 -0.09077045  0.04249875  0.02070197
 -0.11150417 -0.05362361 -0.03707218 -0.04102434 -0.0578669  -0.02988044
  0.02584803 -0.09117466 -0.10057001  0.03892958]
X_ 1 postcondition: != 0.9
[-0.04096325 -0.0921416   0.00124954  0.03361849 -0.03755144 -0.06213062
  0.00763416 -0.06136854 -0.04183149 -0.09077045  0.04249875  0.02070197
 -0.11150417 -0.05362361 -0.03707218 -0.04102434 -0.0578669  -0.02988044
  0.02584803 -0.09117466 -0.10057001  0.03892958]
X_ 1 postcondition: >= 0.95
[-0.04323899 -0.09726059  0.00131896  0.03548618 -0.03963763 -0.06558233
  0.00805828 -0.06477791 -0.04415546 -0.09581324  0.04485979  0.02185208
 -0.11769886 -0.05660269 -0.03913176 -0.04330346 -0.06108173 -0.03154046
  0.02728403 -0.09623991 -0.10615722  0.04109234]
X_ 1 postcondition: <= 0.95
[-0.04323899 -0.09726059  0.00131896  0.03548618 -0.03963763 -0.06558233
  0.00805828 -0.06477791 -0.04415546 -0.09581324  0.04485979  0.02185208
 -0.11769886 -0.05660269 -0.03913176 -0.04330346 -0.06108173 -0.03154046
  0.02728403 -0.09623991 -0.10615722  0.04109234]
X_ 1 postcondition: > 0.95
[-0.04323899 -0.09726059  0.00131896  0.03548618 -0.03963763 -0.06558233
  0.00805828 -0.06477791 -0.04415546 -0.09581324  0.04485979  0.02185208
 -0.11769886 -0.05660269 -0.03913176 -0.04330346 -0.06108173 -0.03154046
  0.02728403 -0.09623991 -0.10615722  0.04109234]
X_ 1 postcondition: < 0.95
[-0.04323899 -0.09726059  0.00131896  0.03548618 -0.03963763 -0.06558233
  0.00805828 -0.06477791 -0.04415546 -0.09581324  0.04485979  0.02185208
 -0.11769886 -0.05660269 -0.03913176 -0.04330346 -0.06108173 -0.03154046
  0.02728403 -0.09623991 -0.10615722  0.04109234]
X_ 1 postcondition: == 0.95
[-0.04323899 -0.09726059  0.00131896  0.03548618 -0.03963763 -0.06558233
  0.00805828 -0.06477791 -0.04415546 -0.09581324  0.04485979  0.02185208
 -0.11769886 -0.05660269 -0.03913176 -0.04330346 -0.06108173 -0.03154046
  0.02728403 -0.09623991 -0.10615722  0.04109234]
X_ 1 postcondition: != 0.95
[-0.04323899 -0.09726059  0.00131896  0.03548618 -0.03963763 -0.06558233
  0.00805828 -0.06477791 -0.04415546 -0.09581324  0.04485979  0.02185208
 -0.11769886 -0.05660269 -0.03913176 -0.04330346 -0.06108173 -0.03154046
  0.02728403 -0.09623991 -0.10615722  0.04109234]
X_ 1 postcondition: >= 0.99
[-0.04505957 -0.10135576  0.00137449  0.03698034 -0.04130659 -0.06834368
  0.00839758 -0.0675054  -0.04601465 -0.09984749  0.04674862  0.02277217
 -0.1226546  -0.05898597 -0.0407794  -0.04512678 -0.06365359 -0.03286849
  0.02843283 -0.10029214 -0.11062697  0.04282255]
X_ 1 postcondition: <= 0.99
[-0.04505957 -0.10135576  0.00137449  0.03698034 -0.04130659 -0.06834368
  0.00839758 -0.0675054  -0.04601465 -0.09984749  0.04674862  0.02277217
 -0.1226546  -0.05898597 -0.0407794  -0.04512678 -0.06365359 -0.03286849
  0.02843283 -0.10029214 -0.11062697  0.04282255]
X_ 1 postcondition: > 0.99
[-0.04505957 -0.10135576  0.00137449  0.03698034 -0.04130659 -0.06834368
  0.00839758 -0.0675054  -0.04601465 -0.09984749  0.04674862  0.02277217
 -0.1226546  -0.05898597 -0.0407794  -0.04512678 -0.06365359 -0.03286849
  0.02843283 -0.10029214 -0.11062697  0.04282255]
X_ 1 postcondition: < 0.99
[-0.04505957 -0.10135576  0.00137449  0.03698034 -0.04130659 -0.06834368
  0.00839758 -0.0675054  -0.04601465 -0.09984749  0.04674862  0.02277217
 -0.1226546  -0.05898597 -0.0407794  -0.04512678 -0.06365359 -0.03286849
  0.02843283 -0.10029214 -0.11062697  0.04282255]
X_ 1 postcondition: == 0.99
[-0.04505957 -0.10135576  0.00137449  0.03698034 -0.04130659 -0.06834368
  0.00839758 -0.0675054  -0.04601465 -0.09984749  0.04674862  0.02277217
 -0.1226546  -0.05898597 -0.0407794  -0.04512678 -0.06365359 -0.03286849
  0.02843283 -0.10029214 -0.11062697  0.04282255]
X_ 1 postcondition: != 0.99
[-0.04505957 -0.10135576  0.00137449  0.03698034 -0.04130659 -0.06834368
  0.00839758 -0.0675054  -0.04601465 -0.09984749  0.04674862  0.02277217
 -0.1226546  -0.05898597 -0.0407794  -0.04512678 -0.06365359 -0.03286849
  0.02843283 -0.10029214 -0.11062697  0.04282255]
X_ 2 postcondition: >= 0.75
[  14.204267      2.3673778    -4.7347555    -2.9592223     2.0714555
   75.164246     -1.9234945     1.7755333     4.142911     -4.7347555
   -3.5510666    -0.59184444    0.            4.7347555     5.030678
    0.88776666   -5.030678    -18.939022     -1.7755333    -3.5510666
   37.878044     11.836889     14.204267     -2.3673778     9.469511
   28.408533    -20.714556      0.88776666    8.285822     -2.9592223
   -8.285822      0.           -2.9592223    37.878044     68.65395
   -1.1836889     4.7347555   -11.836889     10.6532       -3.5510666
    0.           -2.3673778    14.204267      1.1836889    -2.2194166
  -14.204267     -5.9184446    -4.142911     14.204267    -16.571644
  -11.836889    -26.041155      0.            1.1836889   -14.796111
    0.            4.7347555   -14.204267      0.          -11.836889
   -4.7347555     1.1836889    -5.3266        0.            2.3673778
    0.            1.7755333    -3.5510666     0.         -227.26826
    1.1836889    75.75609      -4.7347555   -40.245422     18.939022
   -2.3673778   -22.49009     -47.347557     14.204267      5.3266
   -9.469511    -16.571644      5.3266      -16.571644     -1.1836889
    9.469511      1.7755333     0.           -0.59184444    4.7347555
 -227.26826       4.7347555    -2.3673778     8.285822    -47.347557
    0.59184444   21.3064       18.939022    151.51218      -4.7347555 ]
X_ 2 postcondition: <= 0.75
[  14.204267      2.3673778    -4.7347555    -2.9592223     2.0714555
   75.164246     -1.9234945     1.7755333     4.142911     -4.7347555
   -3.5510666    -0.59184444    0.            4.7347555     5.030678
    0.88776666   -5.030678    -18.939022     -1.7755333    -3.5510666
   37.878044     11.836889     14.204267     -2.3673778     9.469511
   28.408533    -20.714556      0.88776666    8.285822     -2.9592223
   -8.285822      0.           -2.9592223    37.878044     68.65395
   -1.1836889     4.7347555   -11.836889     10.6532       -3.5510666
    0.           -2.3673778    14.204267      1.1836889    -2.2194166
  -14.204267     -5.9184446    -4.142911     14.204267    -16.571644
  -11.836889    -26.041155      0.            1.1836889   -14.796111
    0.            4.7347555   -14.204267      0.          -11.836889
   -4.7347555     1.1836889    -5.3266        0.            2.3673778
    0.            1.7755333    -3.5510666     0.         -227.26826
    1.1836889    75.75609      -4.7347555   -40.245422     18.939022
   -2.3673778   -22.49009     -47.347557     14.204267      5.3266
   -9.469511    -16.571644      5.3266      -16.571644     -1.1836889
    9.469511      1.7755333     0.           -0.59184444    4.7347555
 -227.26826       4.7347555    -2.3673778     8.285822    -47.347557
    0.59184444   21.3064       18.939022    151.51218      -4.7347555 ]
X_ 2 postcondition: > 0.75
[  14.204267      2.3673778    -4.7347555    -2.9592223     2.0714555
   75.164246     -1.9234945     1.7755333     4.142911     -4.7347555
   -3.5510666    -0.59184444    0.            4.7347555     5.030678
    0.88776666   -5.030678    -18.939022     -1.7755333    -3.5510666
   37.878044     11.836889     14.204267     -2.3673778     9.469511
   28.408533    -20.714556      0.88776666    8.285822     -2.9592223
   -8.285822      0.           -2.9592223    37.878044     68.65395
   -1.1836889     4.7347555   -11.836889     10.6532       -3.5510666
    0.           -2.3673778    14.204267      1.1836889    -2.2194166
  -14.204267     -5.9184446    -4.142911     14.204267    -16.571644
  -11.836889    -26.041155      0.            1.1836889   -14.796111
    0.            4.7347555   -14.204267      0.          -11.836889
   -4.7347555     1.1836889    -5.3266        0.            2.3673778
    0.            1.7755333    -3.5510666     0.         -227.26826
    1.1836889    75.75609      -4.7347555   -40.245422     18.939022
   -2.3673778   -22.49009     -47.347557     14.204267      5.3266
   -9.469511    -16.571644      5.3266      -16.571644     -1.1836889
    9.469511      1.7755333     0.           -0.59184444    4.7347555
 -227.26826       4.7347555    -2.3673778     8.285822    -47.347557
    0.59184444   21.3064       18.939022    151.51218      -4.7347555 ]
X_ 2 postcondition: < 0.75
[  14.204267      2.3673778    -4.7347555    -2.9592223     2.0714555
   75.164246     -1.9234945     1.7755333     4.142911     -4.7347555
   -3.5510666    -0.59184444    0.            4.7347555     5.030678
    0.88776666   -5.030678    -18.939022     -1.7755333    -3.5510666
   37.878044     11.836889     14.204267     -2.3673778     9.469511
   28.408533    -20.714556      0.88776666    8.285822     -2.9592223
   -8.285822      0.           -2.9592223    37.878044     68.65395
   -1.1836889     4.7347555   -11.836889     10.6532       -3.5510666
    0.           -2.3673778    14.204267      1.1836889    -2.2194166
  -14.204267     -5.9184446    -4.142911     14.204267    -16.571644
  -11.836889    -26.041155      0.            1.1836889   -14.796111
    0.            4.7347555   -14.204267      0.          -11.836889
   -4.7347555     1.1836889    -5.3266        0.            2.3673778
    0.            1.7755333    -3.5510666     0.         -227.26826
    1.1836889    75.75609      -4.7347555   -40.245422     18.939022
   -2.3673778   -22.49009     -47.347557     14.204267      5.3266
   -9.469511    -16.571644      5.3266      -16.571644     -1.1836889
    9.469511      1.7755333     0.           -0.59184444    4.7347555
 -227.26826       4.7347555    -2.3673778     8.285822    -47.347557
    0.59184444   21.3064       18.939022    151.51218      -4.7347555 ]
X_ 2 postcondition: == 0.75
[  14.204267      2.3673778    -4.7347555    -2.9592223     2.0714555
   75.164246     -1.9234945     1.7755333     4.142911     -4.7347555
   -3.5510666    -0.59184444    0.            4.7347555     5.030678
    0.88776666   -5.030678    -18.939022     -1.7755333    -3.5510666
   37.878044     11.836889     14.204267     -2.3673778     9.469511
   28.408533    -20.714556      0.88776666    8.285822     -2.9592223
   -8.285822      0.           -2.9592223    37.878044     68.65395
   -1.1836889     4.7347555   -11.836889     10.6532       -3.5510666
    0.           -2.3673778    14.204267      1.1836889    -2.2194166
  -14.204267     -5.9184446    -4.142911     14.204267    -16.571644
  -11.836889    -26.041155      0.            1.1836889   -14.796111
    0.            4.7347555   -14.204267      0.          -11.836889
   -4.7347555     1.1836889    -5.3266        0.            2.3673778
    0.            1.7755333    -3.5510666     0.         -227.26826
    1.1836889    75.75609      -4.7347555   -40.245422     18.939022
   -2.3673778   -22.49009     -47.347557     14.204267      5.3266
   -9.469511    -16.571644      5.3266      -16.571644     -1.1836889
    9.469511      1.7755333     0.           -0.59184444    4.7347555
 -227.26826       4.7347555    -2.3673778     8.285822    -47.347557
    0.59184444   21.3064       18.939022    151.51218      -4.7347555 ]
X_ 2 postcondition: != 0.75
[  14.204267      2.3673778    -4.7347555    -2.9592223     2.0714555
   75.164246     -1.9234945     1.7755333     4.142911     -4.7347555
   -3.5510666    -0.59184444    0.            4.7347555     5.030678
    0.88776666   -5.030678    -18.939022     -1.7755333    -3.5510666
   37.878044     11.836889     14.204267     -2.3673778     9.469511
   28.408533    -20.714556      0.88776666    8.285822     -2.9592223
   -8.285822      0.           -2.9592223    37.878044     68.65395
   -1.1836889     4.7347555   -11.836889     10.6532       -3.5510666
    0.           -2.3673778    14.204267      1.1836889    -2.2194166
  -14.204267     -5.9184446    -4.142911     14.204267    -16.571644
  -11.836889    -26.041155      0.            1.1836889   -14.796111
    0.            4.7347555   -14.204267      0.          -11.836889
   -4.7347555     1.1836889    -5.3266        0.            2.3673778
    0.            1.7755333    -3.5510666     0.         -227.26826
    1.1836889    75.75609      -4.7347555   -40.245422     18.939022
   -2.3673778   -22.49009     -47.347557     14.204267      5.3266
   -9.469511    -16.571644      5.3266      -16.571644     -1.1836889
    9.469511      1.7755333     0.           -0.59184444    4.7347555
 -227.26826       4.7347555    -2.3673778     8.285822    -47.347557
    0.59184444   21.3064       18.939022    151.51218      -4.7347555 ]
X_ 2 postcondition: >= 0.9
[  17.045118     2.8408532   -5.6817064   -3.5510666    2.4857466
   90.19709     -2.3081932    2.1306398    4.9714932   -5.6817064
   -4.2612796   -0.7102133    0.           5.6817064    6.036813
    1.0653199   -6.036813   -22.726826    -2.1306398   -4.2612796
   45.45365     14.204267    17.045118    -2.8408532   11.363413
   34.090237   -24.857466     1.0653199    9.9429865   -3.5510666
   -9.9429865    0.          -3.5510666   45.45365     82.38474
   -1.4204266    5.6817064  -14.204267    12.783839    -4.2612796
    0.          -2.8408532   17.045118     1.4204266   -2.6633
  -17.045118    -7.1021333   -4.9714932   17.045118   -19.885973
  -14.204267   -31.249386     0.           1.4204266  -17.755333
    0.           5.6817064  -17.045118     0.         -14.204267
   -5.6817064    1.4204266   -6.3919196    0.           2.8408532
    0.           2.1306398   -4.2612796    0.        -272.7219
    1.4204266   90.9073      -5.6817064  -48.294502    22.726826
   -2.8408532  -26.988108   -56.817066    17.045118     6.3919196
  -11.363413   -19.885973     6.3919196  -19.885973    -1.4204266
   11.363413     2.1306398    0.          -0.7102133    5.6817064
 -272.7219       5.6817064   -2.8408532    9.9429865  -56.817066
    0.7102133   25.567678    22.726826   181.8146      -5.6817064]
X_ 2 postcondition: <= 0.9
[  17.045118     2.8408532   -5.6817064   -3.5510666    2.4857466
   90.19709     -2.3081932    2.1306398    4.9714932   -5.6817064
   -4.2612796   -0.7102133    0.           5.6817064    6.036813
    1.0653199   -6.036813   -22.726826    -2.1306398   -4.2612796
   45.45365     14.204267    17.045118    -2.8408532   11.363413
   34.090237   -24.857466     1.0653199    9.9429865   -3.5510666
   -9.9429865    0.          -3.5510666   45.45365     82.38474
   -1.4204266    5.6817064  -14.204267    12.783839    -4.2612796
    0.          -2.8408532   17.045118     1.4204266   -2.6633
  -17.045118    -7.1021333   -4.9714932   17.045118   -19.885973
  -14.204267   -31.249386     0.           1.4204266  -17.755333
    0.           5.6817064  -17.045118     0.         -14.204267
   -5.6817064    1.4204266   -6.3919196    0.           2.8408532
    0.           2.1306398   -4.2612796    0.        -272.7219
    1.4204266   90.9073      -5.6817064  -48.294502    22.726826
   -2.8408532  -26.988108   -56.817066    17.045118     6.3919196
  -11.363413   -19.885973     6.3919196  -19.885973    -1.4204266
   11.363413     2.1306398    0.          -0.7102133    5.6817064
 -272.7219       5.6817064   -2.8408532    9.9429865  -56.817066
    0.7102133   25.567678    22.726826   181.8146      -5.6817064]
X_ 2 postcondition: > 0.9
[  17.045118     2.8408532   -5.6817064   -3.5510666    2.4857466
   90.19709     -2.3081932    2.1306398    4.9714932   -5.6817064
   -4.2612796   -0.7102133    0.           5.6817064    6.036813
    1.0653199   -6.036813   -22.726826    -2.1306398   -4.2612796
   45.45365     14.204267    17.045118    -2.8408532   11.363413
   34.090237   -24.857466     1.0653199    9.9429865   -3.5510666
   -9.9429865    0.          -3.5510666   45.45365     82.38474
   -1.4204266    5.6817064  -14.204267    12.783839    -4.2612796
    0.          -2.8408532   17.045118     1.4204266   -2.6633
  -17.045118    -7.1021333   -4.9714932   17.045118   -19.885973
  -14.204267   -31.249386     0.           1.4204266  -17.755333
    0.           5.6817064  -17.045118     0.         -14.204267
   -5.6817064    1.4204266   -6.3919196    0.           2.8408532
    0.           2.1306398   -4.2612796    0.        -272.7219
    1.4204266   90.9073      -5.6817064  -48.294502    22.726826
   -2.8408532  -26.988108   -56.817066    17.045118     6.3919196
  -11.363413   -19.885973     6.3919196  -19.885973    -1.4204266
   11.363413     2.1306398    0.          -0.7102133    5.6817064
 -272.7219       5.6817064   -2.8408532    9.9429865  -56.817066
    0.7102133   25.567678    22.726826   181.8146      -5.6817064]
X_ 2 postcondition: < 0.9
[  17.045118     2.8408532   -5.6817064   -3.5510666    2.4857466
   90.19709     -2.3081932    2.1306398    4.9714932   -5.6817064
   -4.2612796   -0.7102133    0.           5.6817064    6.036813
    1.0653199   -6.036813   -22.726826    -2.1306398   -4.2612796
   45.45365     14.204267    17.045118    -2.8408532   11.363413
   34.090237   -24.857466     1.0653199    9.9429865   -3.5510666
   -9.9429865    0.          -3.5510666   45.45365     82.38474
   -1.4204266    5.6817064  -14.204267    12.783839    -4.2612796
    0.          -2.8408532   17.045118     1.4204266   -2.6633
  -17.045118    -7.1021333   -4.9714932   17.045118   -19.885973
  -14.204267   -31.249386     0.           1.4204266  -17.755333
    0.           5.6817064  -17.045118     0.         -14.204267
   -5.6817064    1.4204266   -6.3919196    0.           2.8408532
    0.           2.1306398   -4.2612796    0.        -272.7219
    1.4204266   90.9073      -5.6817064  -48.294502    22.726826
   -2.8408532  -26.988108   -56.817066    17.045118     6.3919196
  -11.363413   -19.885973     6.3919196  -19.885973    -1.4204266
   11.363413     2.1306398    0.          -0.7102133    5.6817064
 -272.7219       5.6817064   -2.8408532    9.9429865  -56.817066
    0.7102133   25.567678    22.726826   181.8146      -5.6817064]
X_ 2 postcondition: == 0.9
[  17.045118     2.8408532   -5.6817064   -3.5510666    2.4857466
   90.19709     -2.3081932    2.1306398    4.9714932   -5.6817064
   -4.2612796   -0.7102133    0.           5.6817064    6.036813
    1.0653199   -6.036813   -22.726826    -2.1306398   -4.2612796
   45.45365     14.204267    17.045118    -2.8408532   11.363413
   34.090237   -24.857466     1.0653199    9.9429865   -3.5510666
   -9.9429865    0.          -3.5510666   45.45365     82.38474
   -1.4204266    5.6817064  -14.204267    12.783839    -4.2612796
    0.          -2.8408532   17.045118     1.4204266   -2.6633
  -17.045118    -7.1021333   -4.9714932   17.045118   -19.885973
  -14.204267   -31.249386     0.           1.4204266  -17.755333
    0.           5.6817064  -17.045118     0.         -14.204267
   -5.6817064    1.4204266   -6.3919196    0.           2.8408532
    0.           2.1306398   -4.2612796    0.        -272.7219
    1.4204266   90.9073      -5.6817064  -48.294502    22.726826
   -2.8408532  -26.988108   -56.817066    17.045118     6.3919196
  -11.363413   -19.885973     6.3919196  -19.885973    -1.4204266
   11.363413     2.1306398    0.          -0.7102133    5.6817064
 -272.7219       5.6817064   -2.8408532    9.9429865  -56.817066
    0.7102133   25.567678    22.726826   181.8146      -5.6817064]
X_ 2 postcondition: != 0.9
[  17.045118     2.8408532   -5.6817064   -3.5510666    2.4857466
   90.19709     -2.3081932    2.1306398    4.9714932   -5.6817064
   -4.2612796   -0.7102133    0.           5.6817064    6.036813
    1.0653199   -6.036813   -22.726826    -2.1306398   -4.2612796
   45.45365     14.204267    17.045118    -2.8408532   11.363413
   34.090237   -24.857466     1.0653199    9.9429865   -3.5510666
   -9.9429865    0.          -3.5510666   45.45365     82.38474
   -1.4204266    5.6817064  -14.204267    12.783839    -4.2612796
    0.          -2.8408532   17.045118     1.4204266   -2.6633
  -17.045118    -7.1021333   -4.9714932   17.045118   -19.885973
  -14.204267   -31.249386     0.           1.4204266  -17.755333
    0.           5.6817064  -17.045118     0.         -14.204267
   -5.6817064    1.4204266   -6.3919196    0.           2.8408532
    0.           2.1306398   -4.2612796    0.        -272.7219
    1.4204266   90.9073      -5.6817064  -48.294502    22.726826
   -2.8408532  -26.988108   -56.817066    17.045118     6.3919196
  -11.363413   -19.885973     6.3919196  -19.885973    -1.4204266
   11.363413     2.1306398    0.          -0.7102133    5.6817064
 -272.7219       5.6817064   -2.8408532    9.9429865  -56.817066
    0.7102133   25.567678    22.726826   181.8146      -5.6817064]
X_ 2 postcondition: >= 0.95
[  17.992071     2.9986784   -5.997357    -3.7483482    2.6238437
   95.208046    -2.4364262    2.249009     5.2476873   -5.997357
   -4.498018    -0.7496696    0.           5.997357     6.3721914
    1.1245044   -6.3721914  -23.989428    -2.249009    -4.498018
   47.978855    14.993393    17.992071    -2.9986784   11.994714
   35.984142   -26.238438     1.1245044   10.495375    -3.7483482
  -10.495375     0.          -3.7483482   47.978855    86.96168
   -1.4993392    5.997357   -14.993393    13.494054    -4.498018
    0.          -2.9986784   17.992071     1.4993392   -2.8112612
  -17.992071    -7.4966965   -5.2476873   17.992071   -20.99075
  -14.993393   -32.985462     0.           1.4993392  -18.741741
    0.           5.997357   -17.992071     0.         -14.993393
   -5.997357     1.4993392   -6.747027     0.           2.9986784
    0.           2.249009    -4.498018     0.        -287.87314
    1.4993392   95.95771     -5.997357   -50.97753     23.989428
   -2.9986784  -28.487444   -59.97357     17.992071     6.747027
  -11.994714   -20.99075      6.747027   -20.99075     -1.4993392
   11.994714     2.249009     0.          -0.7496696    5.997357
 -287.87314      5.997357    -2.9986784   10.495375   -59.97357
    0.7496696   26.988108    23.989428   191.91542     -5.997357 ]
X_ 2 postcondition: <= 0.95
[  17.992071     2.9986784   -5.997357    -3.7483482    2.6238437
   95.208046    -2.4364262    2.249009     5.2476873   -5.997357
   -4.498018    -0.7496696    0.           5.997357     6.3721914
    1.1245044   -6.3721914  -23.989428    -2.249009    -4.498018
   47.978855    14.993393    17.992071    -2.9986784   11.994714
   35.984142   -26.238438     1.1245044   10.495375    -3.7483482
  -10.495375     0.          -3.7483482   47.978855    86.96168
   -1.4993392    5.997357   -14.993393    13.494054    -4.498018
    0.          -2.9986784   17.992071     1.4993392   -2.8112612
  -17.992071    -7.4966965   -5.2476873   17.992071   -20.99075
  -14.993393   -32.985462     0.           1.4993392  -18.741741
    0.           5.997357   -17.992071     0.         -14.993393
   -5.997357     1.4993392   -6.747027     0.           2.9986784
    0.           2.249009    -4.498018     0.        -287.87314
    1.4993392   95.95771     -5.997357   -50.97753     23.989428
   -2.9986784  -28.487444   -59.97357     17.992071     6.747027
  -11.994714   -20.99075      6.747027   -20.99075     -1.4993392
   11.994714     2.249009     0.          -0.7496696    5.997357
 -287.87314      5.997357    -2.9986784   10.495375   -59.97357
    0.7496696   26.988108    23.989428   191.91542     -5.997357 ]
X_ 2 postcondition: > 0.95
[  17.992071     2.9986784   -5.997357    -3.7483482    2.6238437
   95.208046    -2.4364262    2.249009     5.2476873   -5.997357
   -4.498018    -0.7496696    0.           5.997357     6.3721914
    1.1245044   -6.3721914  -23.989428    -2.249009    -4.498018
   47.978855    14.993393    17.992071    -2.9986784   11.994714
   35.984142   -26.238438     1.1245044   10.495375    -3.7483482
  -10.495375     0.          -3.7483482   47.978855    86.96168
   -1.4993392    5.997357   -14.993393    13.494054    -4.498018
    0.          -2.9986784   17.992071     1.4993392   -2.8112612
  -17.992071    -7.4966965   -5.2476873   17.992071   -20.99075
  -14.993393   -32.985462     0.           1.4993392  -18.741741
    0.           5.997357   -17.992071     0.         -14.993393
   -5.997357     1.4993392   -6.747027     0.           2.9986784
    0.           2.249009    -4.498018     0.        -287.87314
    1.4993392   95.95771     -5.997357   -50.97753     23.989428
   -2.9986784  -28.487444   -59.97357     17.992071     6.747027
  -11.994714   -20.99075      6.747027   -20.99075     -1.4993392
   11.994714     2.249009     0.          -0.7496696    5.997357
 -287.87314      5.997357    -2.9986784   10.495375   -59.97357
    0.7496696   26.988108    23.989428   191.91542     -5.997357 ]
X_ 2 postcondition: < 0.95
[  17.992071     2.9986784   -5.997357    -3.7483482    2.6238437
   95.208046    -2.4364262    2.249009     5.2476873   -5.997357
   -4.498018    -0.7496696    0.           5.997357     6.3721914
    1.1245044   -6.3721914  -23.989428    -2.249009    -4.498018
   47.978855    14.993393    17.992071    -2.9986784   11.994714
   35.984142   -26.238438     1.1245044   10.495375    -3.7483482
  -10.495375     0.          -3.7483482   47.978855    86.96168
   -1.4993392    5.997357   -14.993393    13.494054    -4.498018
    0.          -2.9986784   17.992071     1.4993392   -2.8112612
  -17.992071    -7.4966965   -5.2476873   17.992071   -20.99075
  -14.993393   -32.985462     0.           1.4993392  -18.741741
    0.           5.997357   -17.992071     0.         -14.993393
   -5.997357     1.4993392   -6.747027     0.           2.9986784
    0.           2.249009    -4.498018     0.        -287.87314
    1.4993392   95.95771     -5.997357   -50.97753     23.989428
   -2.9986784  -28.487444   -59.97357     17.992071     6.747027
  -11.994714   -20.99075      6.747027   -20.99075     -1.4993392
   11.994714     2.249009     0.          -0.7496696    5.997357
 -287.87314      5.997357    -2.9986784   10.495375   -59.97357
    0.7496696   26.988108    23.989428   191.91542     -5.997357 ]
X_ 2 postcondition: == 0.95
[  17.992071     2.9986784   -5.997357    -3.7483482    2.6238437
   95.208046    -2.4364262    2.249009     5.2476873   -5.997357
   -4.498018    -0.7496696    0.           5.997357     6.3721914
    1.1245044   -6.3721914  -23.989428    -2.249009    -4.498018
   47.978855    14.993393    17.992071    -2.9986784   11.994714
   35.984142   -26.238438     1.1245044   10.495375    -3.7483482
  -10.495375     0.          -3.7483482   47.978855    86.96168
   -1.4993392    5.997357   -14.993393    13.494054    -4.498018
    0.          -2.9986784   17.992071     1.4993392   -2.8112612
  -17.992071    -7.4966965   -5.2476873   17.992071   -20.99075
  -14.993393   -32.985462     0.           1.4993392  -18.741741
    0.           5.997357   -17.992071     0.         -14.993393
   -5.997357     1.4993392   -6.747027     0.           2.9986784
    0.           2.249009    -4.498018     0.        -287.87314
    1.4993392   95.95771     -5.997357   -50.97753     23.989428
   -2.9986784  -28.487444   -59.97357     17.992071     6.747027
  -11.994714   -20.99075      6.747027   -20.99075     -1.4993392
   11.994714     2.249009     0.          -0.7496696    5.997357
 -287.87314      5.997357    -2.9986784   10.495375   -59.97357
    0.7496696   26.988108    23.989428   191.91542     -5.997357 ]
X_ 2 postcondition: != 0.95
[  17.992071     2.9986784   -5.997357    -3.7483482    2.6238437
   95.208046    -2.4364262    2.249009     5.2476873   -5.997357
   -4.498018    -0.7496696    0.           5.997357     6.3721914
    1.1245044   -6.3721914  -23.989428    -2.249009    -4.498018
   47.978855    14.993393    17.992071    -2.9986784   11.994714
   35.984142   -26.238438     1.1245044   10.495375    -3.7483482
  -10.495375     0.          -3.7483482   47.978855    86.96168
   -1.4993392    5.997357   -14.993393    13.494054    -4.498018
    0.          -2.9986784   17.992071     1.4993392   -2.8112612
  -17.992071    -7.4966965   -5.2476873   17.992071   -20.99075
  -14.993393   -32.985462     0.           1.4993392  -18.741741
    0.           5.997357   -17.992071     0.         -14.993393
   -5.997357     1.4993392   -6.747027     0.           2.9986784
    0.           2.249009    -4.498018     0.        -287.87314
    1.4993392   95.95771     -5.997357   -50.97753     23.989428
   -2.9986784  -28.487444   -59.97357     17.992071     6.747027
  -11.994714   -20.99075      6.747027   -20.99075     -1.4993392
   11.994714     2.249009     0.          -0.7496696    5.997357
 -287.87314      5.997357    -2.9986784   10.495375   -59.97357
    0.7496696   26.988108    23.989428   191.91542     -5.997357 ]
X_ 2 postcondition: >= 0.99
[  18.749632     3.1249387   -6.2498775   -3.9061732    2.7343214
   99.216805    -2.5390127    2.343704     5.4686427   -6.2498775
   -4.687408    -0.7812347    0.           6.2498775    6.6404943
    1.171852    -6.6404943  -24.99951     -2.343704    -4.687408
   49.99902     15.624693    18.749632    -3.1249387   12.499755
   37.499264   -27.343214     1.171852    10.937285    -3.9061732
  -10.937285     0.          -3.9061732   49.99902     90.62322
   -1.5624694    6.2498775  -15.624693    14.062223    -4.687408
    0.          -3.1249387   18.749632     1.5624694   -2.92963
  -18.749632    -7.8123465   -5.4686427   18.749632   -21.87457
  -15.624693   -34.374325     0.           1.5624694  -19.530867
    0.           6.2498775  -18.749632     0.         -15.624693
   -6.2498775    1.5624694   -7.0311117    0.           3.1249387
    0.           2.343704    -4.687408     0.        -299.9941
    1.5624694   99.99804     -6.2498775  -53.123955    24.99951
   -3.1249387  -29.686916   -62.49877     18.749632     7.0311117
  -12.499755   -21.87457      7.0311117  -21.87457     -1.5624694
   12.499755     2.343704     0.          -0.7812347    6.2498775
 -299.9941       6.2498775   -3.1249387   10.937285   -62.49877
    0.7812347   28.124447    24.99951    199.99608     -6.2498775]
X_ 2 postcondition: <= 0.99
[  18.749632     3.1249387   -6.2498775   -3.9061732    2.7343214
   99.216805    -2.5390127    2.343704     5.4686427   -6.2498775
   -4.687408    -0.7812347    0.           6.2498775    6.6404943
    1.171852    -6.6404943  -24.99951     -2.343704    -4.687408
   49.99902     15.624693    18.749632    -3.1249387   12.499755
   37.499264   -27.343214     1.171852    10.937285    -3.9061732
  -10.937285     0.          -3.9061732   49.99902     90.62322
   -1.5624694    6.2498775  -15.624693    14.062223    -4.687408
    0.          -3.1249387   18.749632     1.5624694   -2.92963
  -18.749632    -7.8123465   -5.4686427   18.749632   -21.87457
  -15.624693   -34.374325     0.           1.5624694  -19.530867
    0.           6.2498775  -18.749632     0.         -15.624693
   -6.2498775    1.5624694   -7.0311117    0.           3.1249387
    0.           2.343704    -4.687408     0.        -299.9941
    1.5624694   99.99804     -6.2498775  -53.123955    24.99951
   -3.1249387  -29.686916   -62.49877     18.749632     7.0311117
  -12.499755   -21.87457      7.0311117  -21.87457     -1.5624694
   12.499755     2.343704     0.          -0.7812347    6.2498775
 -299.9941       6.2498775   -3.1249387   10.937285   -62.49877
    0.7812347   28.124447    24.99951    199.99608     -6.2498775]
X_ 2 postcondition: > 0.99
[  18.749632     3.1249387   -6.2498775   -3.9061732    2.7343214
   99.216805    -2.5390127    2.343704     5.4686427   -6.2498775
   -4.687408    -0.7812347    0.           6.2498775    6.6404943
    1.171852    -6.6404943  -24.99951     -2.343704    -4.687408
   49.99902     15.624693    18.749632    -3.1249387   12.499755
   37.499264   -27.343214     1.171852    10.937285    -3.9061732
  -10.937285     0.          -3.9061732   49.99902     90.62322
   -1.5624694    6.2498775  -15.624693    14.062223    -4.687408
    0.          -3.1249387   18.749632     1.5624694   -2.92963
  -18.749632    -7.8123465   -5.4686427   18.749632   -21.87457
  -15.624693   -34.374325     0.           1.5624694  -19.530867
    0.           6.2498775  -18.749632     0.         -15.624693
   -6.2498775    1.5624694   -7.0311117    0.           3.1249387
    0.           2.343704    -4.687408     0.        -299.9941
    1.5624694   99.99804     -6.2498775  -53.123955    24.99951
   -3.1249387  -29.686916   -62.49877     18.749632     7.0311117
  -12.499755   -21.87457      7.0311117  -21.87457     -1.5624694
   12.499755     2.343704     0.          -0.7812347    6.2498775
 -299.9941       6.2498775   -3.1249387   10.937285   -62.49877
    0.7812347   28.124447    24.99951    199.99608     -6.2498775]
X_ 2 postcondition: < 0.99
[  18.749632     3.1249387   -6.2498775   -3.9061732    2.7343214
   99.216805    -2.5390127    2.343704     5.4686427   -6.2498775
   -4.687408    -0.7812347    0.           6.2498775    6.6404943
    1.171852    -6.6404943  -24.99951     -2.343704    -4.687408
   49.99902     15.624693    18.749632    -3.1249387   12.499755
   37.499264   -27.343214     1.171852    10.937285    -3.9061732
  -10.937285     0.          -3.9061732   49.99902     90.62322
   -1.5624694    6.2498775  -15.624693    14.062223    -4.687408
    0.          -3.1249387   18.749632     1.5624694   -2.92963
  -18.749632    -7.8123465   -5.4686427   18.749632   -21.87457
  -15.624693   -34.374325     0.           1.5624694  -19.530867
    0.           6.2498775  -18.749632     0.         -15.624693
   -6.2498775    1.5624694   -7.0311117    0.           3.1249387
    0.           2.343704    -4.687408     0.        -299.9941
    1.5624694   99.99804     -6.2498775  -53.123955    24.99951
   -3.1249387  -29.686916   -62.49877     18.749632     7.0311117
  -12.499755   -21.87457      7.0311117  -21.87457     -1.5624694
   12.499755     2.343704     0.          -0.7812347    6.2498775
 -299.9941       6.2498775   -3.1249387   10.937285   -62.49877
    0.7812347   28.124447    24.99951    199.99608     -6.2498775]
X_ 2 postcondition: == 0.99
[  18.749632     3.1249387   -6.2498775   -3.9061732    2.7343214
   99.216805    -2.5390127    2.343704     5.4686427   -6.2498775
   -4.687408    -0.7812347    0.           6.2498775    6.6404943
    1.171852    -6.6404943  -24.99951     -2.343704    -4.687408
   49.99902     15.624693    18.749632    -3.1249387   12.499755
   37.499264   -27.343214     1.171852    10.937285    -3.9061732
  -10.937285     0.          -3.9061732   49.99902     90.62322
   -1.5624694    6.2498775  -15.624693    14.062223    -4.687408
    0.          -3.1249387   18.749632     1.5624694   -2.92963
  -18.749632    -7.8123465   -5.4686427   18.749632   -21.87457
  -15.624693   -34.374325     0.           1.5624694  -19.530867
    0.           6.2498775  -18.749632     0.         -15.624693
   -6.2498775    1.5624694   -7.0311117    0.           3.1249387
    0.           2.343704    -4.687408     0.        -299.9941
    1.5624694   99.99804     -6.2498775  -53.123955    24.99951
   -3.1249387  -29.686916   -62.49877     18.749632     7.0311117
  -12.499755   -21.87457      7.0311117  -21.87457     -1.5624694
   12.499755     2.343704     0.          -0.7812347    6.2498775
 -299.9941       6.2498775   -3.1249387   10.937285   -62.49877
    0.7812347   28.124447    24.99951    199.99608     -6.2498775]
X_ 2 postcondition: != 0.99
[  18.749632     3.1249387   -6.2498775   -3.9061732    2.7343214
   99.216805    -2.5390127    2.343704     5.4686427   -6.2498775
   -4.687408    -0.7812347    0.           6.2498775    6.6404943
    1.171852    -6.6404943  -24.99951     -2.343704    -4.687408
   49.99902     15.624693    18.749632    -3.1249387   12.499755
   37.499264   -27.343214     1.171852    10.937285    -3.9061732
  -10.937285     0.          -3.9061732   49.99902     90.62322
   -1.5624694    6.2498775  -15.624693    14.062223    -4.687408
    0.          -3.1249387   18.749632     1.5624694   -2.92963
  -18.749632    -7.8123465   -5.4686427   18.749632   -21.87457
  -15.624693   -34.374325     0.           1.5624694  -19.530867
    0.           6.2498775  -18.749632     0.         -15.624693
   -6.2498775    1.5624694   -7.0311117    0.           3.1249387
    0.           2.343704    -4.687408     0.        -299.9941
    1.5624694   99.99804     -6.2498775  -53.123955    24.99951
   -3.1249387  -29.686916   -62.49877     18.749632     7.0311117
  -12.499755   -21.87457      7.0311117  -21.87457     -1.5624694
   12.499755     2.343704     0.          -0.7812347    6.2498775
 -299.9941       6.2498775   -3.1249387   10.937285   -62.49877
    0.7812347   28.124447    24.99951    199.99608     -6.2498775]
Weakest precondition: [-0.04551473 -0.10237955  0.00138837  0.03735387 -0.04172383 -0.06903403
  0.0084824  -0.06818728 -0.04647944 -0.10085605  0.04722083  0.02300219
 -0.12389354 -0.05958178 -0.04119132 -0.0455826  -0.06429656 -0.03320048
  0.02872003 -0.10130517 -0.11174443  0.04325507]
Features:  ['Age' 'Job' 'Credit amount' 'Duration' 'Sex_female' 'Sex_male'
 'Housing_free' 'Housing_own' 'Housing_rent' 'Saving accounts_little'
 'Saving accounts_moderate' 'Saving accounts_quite rich'
 'Checking account_little' 'Checking account_moderate'
 'Checking account_rich' 'Purpose_business' 'Purpose_car'
 'Purpose_domestic appliances' 'Purpose_education'
 'Purpose_furniture/equipment' 'Purpose_radio/TV' 'Purpose_repairs']
Features length:  22
Weakest precondition size  22

Checking precondition violation:   0%|          | 0/22 [00:00<?, ?it/s]
Checking precondition violation: 100%|██████████| 22/22 [00:00<00:00, 916.52it/s]
