Number of layers in the model: 3
Layer: dense
Layer: dense_1
Layer: dense_2
Number of selected layers in the model: 3
#weights: 3 | #biases: 3 | #N: 3 | #Gamma: 3
W_ 1 : [[ 7.50979930e-02  4.91795875e-02 -4.94368166e-01  5.94754294e-02
   8.50394070e-02  6.69329643e-01  6.49058670e-02 -2.87982702e-01
   1.80880249e-01  1.08796060e-02]
 [ 3.80508512e-01 -5.37283301e-01 -6.54271066e-01 -5.45902438e-02
   3.39793593e-01  8.54149461e-01 -3.86076808e-01  4.40586835e-01
  -1.73912629e-01 -4.06276323e-02]
 [ 7.27567524e-02  1.11781478e-01 -1.26915291e-01 -1.34699633e-02
  -1.15334474e-01  4.28314740e-03  9.36397016e-02 -9.39989164e-02
   3.84928915e-03 -4.74826759e-03]
 [-1.97866663e-01 -4.02063161e-01  3.68576795e-01 -1.03085183e-01
   1.83813930e-01  9.00713086e-01 -3.60764265e-01  3.68409216e-01
   1.89241379e-01 -1.60469368e-01]
 [-2.67023206e-01 -1.02438644e-01 -7.40871489e-01 -8.60635698e-01
  -3.87183428e-01  1.76972663e+00 -3.55624527e-01  7.90760636e-01
   6.74744129e-01 -2.00435922e-01]
 [ 5.98346703e-02  5.83573133e-02 -1.71242386e-01  6.77350909e-02
  -1.32343322e-01 -7.40038872e-01  9.68253687e-02  3.66439708e-02
  -4.97208722e-02 -1.49189025e-01]
 [ 1.53777853e-01  5.45883000e-01 -2.60212213e-01 -3.27054858e-01
   8.28429461e-01  2.72480965e+00 -8.73603106e-01 -1.65284038e-01
   7.08794117e-01  1.33901739e+00]
 [-8.97134840e-02 -1.65218227e-02  2.12389082e-01 -3.76500078e-02
   1.10189594e-01  4.62906770e-02  4.71278355e-02  8.83191898e-02
  -7.37560168e-02  1.74536377e-01]
 [ 3.49348873e-01 -3.29794735e-01 -8.40900064e-01 -9.29928005e-01
   6.30251646e-01  4.24126126e-02 -6.17392600e-01  1.68345824e-01
  -4.00285155e-01  5.62568903e-01]
 [ 3.12111330e+00 -3.17307997e+00 -4.80461478e-01 -1.36230958e+00
  -6.05349958e-01 -2.13570642e+00  2.82273436e+00  8.08162451e-01
  -2.61563945e+00 -1.31511867e+00]
 [-1.57475662e+00  1.95051742e+00 -1.61302817e+00 -3.60902637e-01
   1.28768551e+00  1.37332010e+00 -2.04339051e+00 -3.89797628e-01
   3.22918963e+00  2.28368783e+00]
 [-9.45327222e-01  1.48377609e+00 -1.33431745e+00 -3.92278522e-01
  -5.84541894e-02  2.27135563e+00 -2.03174758e+00  6.32270336e-01
   2.13746071e+00  2.13999963e+00]
 [-6.65294766e-01  1.05968051e-01 -8.72360051e-01 -5.05631804e-01
   1.53354198e-01  2.06896520e+00  2.53025055e-01  2.84650147e-01
   4.03183885e-03 -3.08852106e-01]
 [ 1.45066679e-01 -6.44683361e-01  7.21725583e-01  8.90283585e-01
   7.11060941e-01 -1.79485470e-01 -1.14375509e-01  2.12163121e-01
   2.02844188e-01  4.67214942e-01]
 [ 1.53293800e+00 -2.31349087e+00  1.26158416e-01 -1.34038734e+00
  -6.34154260e-01 -1.76803207e+00  1.32688630e+00  4.26833183e-01
  -2.24797583e+00 -2.00808811e+00]
 [ 9.78974327e-02  2.59738415e-01 -9.06274199e-01 -4.35896039e-01
   1.17680728e+00 -6.83274627e-01 -7.54790127e-01  9.29472268e-01
   1.27962196e+00  1.15375388e+00]
 [-8.76695991e-01  9.01678979e-01  1.07284415e+00 -5.28519094e-01
  -8.42421412e-01  6.64701641e-01 -9.64547694e-01  1.55128300e-01
   1.28403163e+00  1.21281815e+00]
 [ 2.57203102e+00 -2.99634433e+00 -1.02139270e+00  5.11622787e-01
   4.55507576e-01  1.28705516e-01  2.86721778e+00 -1.09779641e-01
  -1.36447477e+00 -1.03638053e+00]
 [-1.52868640e+00  1.40789837e-01 -6.37079656e-01  8.34394157e-01
   3.84343743e-01  9.84293878e-01  3.93628934e-03 -1.77244139e+00
   4.56475556e-01 -4.14809763e-01]
 [ 2.83064157e-01 -4.17884856e-01  6.40673563e-02  2.20762968e-01
  -7.25966334e-01  2.14525604e+00 -6.55405372e-02  7.24792540e-01
  -3.85454632e-02 -1.31348237e-01]
 [ 2.00847074e-01 -4.28451508e-01 -2.88837910e-01 -4.67112035e-01
  -2.06436038e-01  8.27143669e-01 -4.86761987e-01  6.49989843e-01
  -9.29951966e-02  9.27146018e-01]
 [-5.87300420e-01  3.72034252e-01 -8.81488383e-01 -5.56052513e-02
   1.42863584e+00  1.92813325e+00 -1.02173471e+00 -7.87392318e-01
   5.60153186e-01  1.69796214e-01]
 [ 3.14709157e-01 -6.75287545e-01 -5.25228493e-02 -4.39492077e-01
   5.78465819e-01  1.09406054e+00  7.32232869e-01  1.96935922e-01
  -1.47542179e-01 -5.75575948e-01]
 [-1.56271923e+00  8.71536732e-01 -1.97717106e+00 -4.55628842e-01
   3.97562593e-01  5.34880459e-01 -4.16144490e-01 -4.38281953e-01
   2.86825418e+00  1.25740731e+00]
 [-2.42139792e+00  3.52737308e+00 -8.49378884e-01  5.66024542e-01
   1.16661108e+00  2.57809114e+00 -4.39152384e+00 -5.91771066e-01
   2.80396795e+00  3.75617027e+00]
 [-1.39270318e+00  2.20188236e+00  5.47978878e-01 -7.82981515e-01
   9.48089242e-01 -6.07742608e-01 -1.55662048e+00 -2.32945845e-01
   2.19952774e+00  9.58730280e-01]
 [ 2.17217550e-01 -1.62364221e+00 -1.12133539e+00  4.28627849e-01
   1.62193072e+00  7.60858476e-01  1.29767966e+00 -1.01627827e+00
  -1.60198343e+00 -7.07642198e-01]
 [-4.94552183e+00  5.46753502e+00  1.32945967e+00 -8.90171051e-01
   1.81485161e-01  9.41586435e-01 -4.86557484e+00  3.63160580e-01
   6.53624630e+00  3.07344866e+00]]
W_ 2 : [[-0.23308474 -0.12486169 -0.2559131   0.06653819  0.27573732 -0.0708538
  -0.11741971  0.2843033  -0.0389051   0.21459305 -0.26044992 -0.37863234
  -0.28330147 -0.2503457  -0.19534327  0.28986344 -0.11467047 -0.25013825
   0.20126697 -0.2630486  -0.47771686  0.2703279   0.0761136   0.12285031
   0.02698383  0.25375062 -0.11015341  0.02715939]
 [ 0.20906526  0.29087567  0.17873234 -0.28647682  0.1356968  -0.32820725
  -0.02270748  0.24145536  0.22539759 -0.18843767  0.21723963  0.23900904
   0.10657649  0.00217865 -0.52005726  0.00306628 -0.05825647 -0.00557934
   0.04081659  0.08946347  0.01567474 -0.10936932 -0.17803349  0.2278416
   0.02408209  0.00241386 -0.23710103  0.03749168]
 [-0.0076789   0.05419837  0.01479059 -1.1537693   0.20869093 -0.29182455
  -0.12403321 -0.39981407 -0.0822048  -0.14159335  0.02822252  0.30914703
  -0.3587823  -0.1537376  -0.13495523 -0.03167486  0.03404021  0.10532144
   0.18150225 -0.3422108  -0.01835863  0.12447572  0.10133807  0.11564807
   0.12183186 -0.17868832 -0.08412845 -0.4130429 ]
 [ 0.23850143  0.10039419  0.19015612 -0.33283246  0.09739945 -0.34013602
  -0.37813982 -0.30149138 -0.04351409 -0.33504504  0.18066885 -0.24489391
  -0.12710746  0.32573202 -0.14889467 -0.43966547  0.09274784  0.4006095
   0.15498264  0.0207152   0.02752707 -0.05620646 -0.11312426  0.22718064
  -0.15449114  0.02589026  0.23598099 -0.1248874 ]
 [ 0.3053209  -0.2957203   0.1581983   0.02417931  0.02341771  0.27962592
   0.2177458  -0.28530306 -0.05787377  0.1161645  -0.03003749 -0.53335786
   0.25138548 -0.17146564  0.1600696   0.11541078 -0.4089448  -0.31221852
  -0.14321929 -0.22614533  0.28243583  0.15344733 -0.2457715  -0.24380827
  -0.10417145 -0.10829007  0.25352216 -0.03494853]
 [ 0.3414244  -0.2635692  -0.1503314  -0.08675896 -0.08082432 -0.00833202
   0.2557019   0.11038928  0.03460585 -0.1888043  -0.09241029  0.05128319
  -1.4078994   0.14294611  0.30339053  0.26763654 -0.18115416 -0.30908296
  -0.0672612  -0.09637333 -1.0545005  -0.12548687  0.26905853 -0.0354968
  -0.37582377 -0.19091693 -0.0211752  -0.27443224]
 [-0.09040758  0.05682772 -0.02845911  0.28597432 -0.43668544 -0.18881175
   0.28842258 -0.0293293   0.29741004  0.18112417 -0.18580341  0.23330337
   0.01161069  0.16716568 -0.12949479 -0.19183706  0.05956109 -0.02391813
   0.14368948  0.06335058  0.00756071 -0.04539347  0.17821687 -0.36778557
  -0.20822583  0.0995017  -0.28777707 -0.2520905 ]
 [-0.40253344  0.09345948 -0.23318955 -0.27350897 -0.2854774  -0.24223366
  -0.12022269 -0.09499469  0.272537   -0.1052061   0.00726051  0.2819223
   0.22798686  0.12930556 -0.05346247 -0.16987318 -0.35759985  0.35671982
   0.23015705  0.04512596  0.18645944 -0.1171437   0.1461567  -0.00886671
  -0.25111398  0.27445185  0.09774324  0.12226451]
 [-0.3090461  -0.26710686 -0.3902255  -0.13303708 -0.2270636  -0.14793678
  -0.29164106  0.27457768  0.24926469 -0.27190822 -0.46876514 -0.12679954
   0.14644402  0.14175877  0.01868137 -0.00688496 -0.34116006  0.6177547
   0.00679201 -0.26075637  0.3188667  -0.51155835  0.01818416 -0.8873522
  -0.2665884   0.14764445  0.44243675 -0.10421886]
 [ 0.09818741  0.07402362 -0.02671601  0.13697828 -0.20977235 -0.21686447
   0.00607099  0.34575614  0.37801746  0.39031437  0.05457813  0.04784203
  -0.3604895  -0.14075097 -0.20852405  0.3399164  -0.22677664 -0.22283252
   0.17367212 -0.2065146   0.16975676  0.08864443  0.2931075  -0.32723078
   0.09462321 -0.02272813 -0.44138998 -0.57068175]]
W_ 3 : [[ 0.11193556]
 [-0.20803612]
 [ 0.03150781]
 [-0.01574442]
 [ 0.10301425]
 [ 0.2046126 ]
 [-0.05188493]
 [ 0.08155163]
 [-0.35335833]
 [ 0.24483435]
 [ 0.03010459]
 [ 0.18417619]
 [ 0.19163245]
 [ 0.14485194]
 [-0.5071438 ]
 [-0.19531234]
 [ 0.00085912]
 [-0.13477749]
 [ 0.39342406]
 [ 0.00661762]
 [-0.10591915]
 [-0.07696846]
 [ 0.00691089]
 [ 0.1362573 ]
 [ 0.4309247 ]
 [ 0.09209719]
 [-0.04677935]
 [-0.0793348 ]]
B_ 1 : [-0.37436503  0.19405332 -0.45662263 -0.01667712  0.6299458   1.3089765
 -0.53914154 -0.39742562  0.5741811   0.37843233]
B_ 2 : [-0.52855533  0.37872264 -0.07612469  0.25806803  0.17933914 -0.02428201
  0.01411208 -0.26570165  0.3093798  -0.23815511 -0.9345006  -0.2635824
 -0.50735897 -0.06484237 -0.13306677  0.43388334 -0.22173081  0.33970514
 -0.33671126 -0.80616015  1.2340738   0.07031398 -0.33687815  0.02341813
  0.         -0.3565453   0.98566604  0.12964213]
B_ 3 : [-0.32486865]
Activation function of layer_a 1 : relu
Activation function of layer_a 2 : relu
Activation function of layer_a 3 : sigmoid
Gamma_ 1 : [[-1.63908463e+01 -5.27873611e+00 -3.75446739e+01 -7.02178335e+00
  -4.19965029e+00  1.83494830e+00  7.42763758e-01 -5.05819817e+01
  -1.90117860e+00 -1.65682697e+00  2.19750118e+00 -1.96669590e+00
   4.96033955e+00  8.62535667e+00  8.39030457e+00 -3.05364275e+00
   4.07088757e+00 -4.99928415e-01 -5.11203575e+00  7.87347317e+00
  -3.07933378e+00  9.71417236e+00  1.06994176e+00  7.95037079e+00
   5.02238178e+00 -3.50990248e+00  1.84372258e+00 -1.62396932e+00]
 [-6.63394012e+01 -2.33342133e+01 -8.43196564e+01 -4.46157532e+01
  -1.04934654e+01  2.60959091e+01  4.29278088e+00 -1.00039886e+02
  -4.98218536e+00 -7.17760849e+00  5.29124832e+00 -7.01110601e+00
   9.44036484e+00  1.42066517e+01  2.02287807e+01 -1.68498955e+01
   7.89812565e+00 -2.71173215e+00 -3.26212234e+01  2.66463203e+01
  -9.46968079e+00  1.61723232e+01  2.13435211e+01  2.23726082e+01
   1.02617054e+01 -7.62253761e+00  4.91151810e+00 -4.18215847e+00]
 [-2.59932556e+01 -8.53190231e+00 -3.07859230e+01 -3.16758366e+01
  -6.55316782e+00  7.70778561e+00  2.24722457e+00  1.34854412e+00
  -9.41372216e-01 -2.56939220e+00  4.48140049e+00 -2.31559086e+00
   2.86316967e+00  2.39260721e+00  4.10242796e+00 -4.52495050e+00
   1.07163930e+00  1.79157674e-01 -8.29172707e+00  1.43573856e+00
  -1.51309144e+00  5.60753965e+00 -1.13495989e+01 -3.11287475e+00
  -3.27432823e+00  3.43085814e+00  4.64878416e+00 -3.02987552e+00]
 [-1.17272415e+01 -9.62829590e-02 -1.38242493e+01 -4.69902420e+00
  -1.04043102e+00  3.66428566e+00 -9.21344757e-02  1.12803574e+01
  -1.94319010e+00 -4.28489685e-01  4.22431946e-01  1.24985695e-01
   5.70701599e-01  1.27083206e+00  5.65792084e-01 -3.00341320e+00
   1.80411720e+00 -3.21281910e-01 -5.84687805e+00  3.80762482e+00
  -7.12435722e-01 -3.14212799e-01  3.03897667e+00  8.26356888e-01
   1.03842735e-01 -1.20129776e+00  7.22718239e-02 -1.03058434e+00]
 [-1.91848068e+01 -1.60585403e+01 -2.50704861e+00 -1.04414406e+01
  -2.23760343e+00  1.50237513e+01  1.42851126e+00 -1.27261066e+01
  -1.99231589e+00 -3.75571275e+00  3.24129868e+00 -1.93678105e+00
   1.62578666e+00  2.50739360e+00  3.92254210e+00 -3.03450227e-01
   3.08953786e+00 -1.29040241e+00 -1.87702312e+01  9.79390717e+00
  -4.63305807e+00  3.50230336e-01  7.77082396e+00  1.19173946e+01
   2.44960880e+00 -4.67098475e+00  1.51999438e+00 -1.23771298e+00]
 [ 7.01277161e+00  3.64407921e+01  1.15328484e+01  7.00682342e-01
  -3.22282243e+00  1.24307938e+01  3.03514409e+00 -4.73196363e+00
   3.79652524e+00 -5.23933744e+00 -2.82193184e+00  4.29042220e-01
   5.68845153e-01  1.15113616e+00  9.84113979e+00 -1.49302268e+00
   2.00976282e-01 -4.05999517e+00 -3.35149574e+01 -2.40023494e-01
   1.05126524e+01  2.76136913e+01 -6.99447203e+00 -2.51329970e+00
  -3.43286252e+00  9.01036739e+00  6.89703035e+00 -1.83856094e+00]
 [ 1.36665249e+01  6.77533722e+00  4.47756195e+00  7.92075253e+00
   1.22417092e+00 -7.28239393e+00 -1.22093821e+00  1.66764507e+01
   5.34296870e-01  2.18464851e+00 -1.96916771e+00  2.02784276e+00
  -6.35057449e-01 -5.39648342e+00 -5.87942219e+00  2.74328256e+00
  -2.35601759e+00  1.07079542e+00  1.62210960e+01 -1.15705624e+01
   4.03676796e+00 -6.90691853e+00 -5.98724031e+00 -9.70472908e+00
  -3.72680783e+00  2.25839520e+00 -8.06889415e-01  1.05907106e+00]
 [-3.56888924e+01 -1.41570544e+00 -4.63218727e+01 -6.83152914e+00
  -1.45208442e+00  4.29996997e-02  1.00412667e+00 -2.90045185e+01
  -2.01451826e+00 -2.08646369e+00  2.45261478e+00 -2.88347721e+00
   1.63161922e+00  5.95401001e+00  1.75972247e+00  4.96075004e-01
   3.12656212e+00 -1.39432859e+00 -6.28281260e+00  3.37276506e+00
  -3.13562632e+00  6.09921408e+00  3.18235183e+00  5.60340643e+00
   2.87521362e+00 -2.46022916e+00  1.20370913e+00 -2.50231838e+00]
 [ 3.32420197e+01  1.84993668e+01  6.08017502e+01  2.02754402e+01
   9.02340412e-02 -1.54535580e+01 -8.58482838e-01  5.52986069e+01
   2.58024263e+00  1.80498695e+00 -1.13072014e+00  2.72240853e+00
  -7.95693398e+00 -9.20279980e+00 -4.82632542e+00  3.96667600e+00
  -8.77797508e+00  2.27722359e+00  5.89061737e-01 -1.05004692e+00
   5.98668575e+00 -4.89007664e+00 -7.28078318e+00 -1.05282745e+01
  -3.08902955e+00  2.91940212e+00 -2.26476908e+00  2.16569376e+00]
 [ 2.03003025e+00  7.97806931e+00  2.36371193e+01  1.71811008e+01
   4.94421625e+00 -5.47610378e+00 -2.04889059e-01  1.69747276e+01
   2.83439469e+00  1.79665661e+00 -1.58213902e+00  1.75706947e+00
  -4.97764111e+00 -5.90336466e+00 -1.25139952e+00  4.33677530e+00
  -5.61510372e+00  1.30713415e+00  4.70340919e+00 -4.92978764e+00
  -5.61964512e-03 -1.10978203e+01 -4.78277874e+00 -6.03285408e+00
  -3.40363121e+00  2.84009218e+00 -1.01040387e+00  1.91139865e+00]]
Gamma_ 2 : [[-2.42072433e-01  3.20724934e-01 -1.16993725e-01  2.33366922e-01
   2.55727410e-01  1.34537712e-01 -2.65512057e-02 -2.88682610e-01
   2.87703448e-03  1.27859861e-01]
 [-7.87517950e-02  1.07343227e-01 -5.52764088e-02  5.31768650e-02
  -1.54258400e-01 -5.61048016e-02 -5.59774563e-02  7.06687495e-02
  -1.07940346e-01  1.23275757e-01]
 [-1.46682724e-01  1.60664842e-01 -2.17954386e-02  1.68889061e-01
   1.43255442e-01 -2.29978673e-02  1.10116869e-01 -2.04440311e-01
  -8.48929062e-02  3.05176321e-02]
 [ 1.69998016e-02 -2.24985123e-01 -5.20917118e-01  2.11223677e-01
  -1.51008770e-01 -3.44766788e-02  7.20763803e-02 -1.23875387e-01
  -7.86243156e-02  1.95378810e-01]
 [ 2.22343102e-01  1.77835137e-01  9.83757898e-02 -1.22907171e-02
  -6.15389831e-02 -8.35473910e-02 -1.78654760e-01 -3.25785607e-01
   1.02208994e-01 -1.35693431e-01]
 [-1.87941805e-01 -2.13573173e-01 -2.33793072e-02 -2.69055992e-01
   2.40724515e-02  2.75488663e-02 -2.38090068e-01 -1.41639160e-02
  -3.08024921e-02 -4.92827930e-02]
 [-3.40366103e-02  3.04540038e-01  1.43178254e-01 -3.90951127e-01
   3.19991469e-01  1.20687239e-01  5.87053835e-01 -4.71875183e-02
  -7.70063251e-02 -4.21717525e-01]
 [ 3.70752700e-02  3.67360801e-01 -2.64610052e-01 -1.75370395e-01
  -2.97934294e-01  2.94310506e-02 -3.80839318e-01 -1.97399884e-01
   2.65579343e-01  2.12496057e-01]
 [-3.48130092e-02  2.62427956e-01 -1.28232375e-01  6.75454689e-03
   1.27623424e-01  7.52693340e-02  5.83031699e-02  2.71016568e-01
  -5.53224469e-04  1.77802637e-01]
 [ 1.17914520e-01 -3.27323645e-01  1.27585577e-02  6.80123689e-04
   1.71256959e-02 -1.45472422e-01  7.87363872e-02  7.79896006e-02
  -1.88033178e-01  2.61495829e-01]
 [-3.61602455e-01 -5.21296225e-02 -2.25764647e-01  1.67369202e-01
  -3.96296149e-03  6.92013875e-02 -5.88245392e-01  4.01855290e-01
  -2.78911024e-01  4.56912994e-01]
 [-3.96048933e-01  1.42365813e-01  2.10049853e-01 -5.39933503e-01
  -2.95048594e-01  8.09840858e-02  1.90232098e-02  1.58843532e-01
  -3.74290347e-02 -1.17028542e-01]
 [ 8.00946280e-02  2.39479899e-01  2.24079341e-02 -2.04518825e-01
   1.96924537e-01 -2.90177017e-01  2.49090105e-01  7.40858307e-03
   3.35019231e-02 -3.00391942e-01]
 [-1.15370013e-01 -5.72737083e-02 -1.65916353e-01  3.00533772e-01
  -7.77073130e-02  8.02677944e-02  1.32750228e-01  2.27182526e-02
  -6.18229667e-03 -1.00097070e-02]
 [-3.64807099e-01 -6.12214684e-01 -5.02092578e-02 -8.59928876e-02
  -8.72112662e-02  1.15411259e-01 -4.19348776e-01  2.54240155e-01
  -1.11543618e-01  1.61058068e-01]
 [-5.85561618e-02  9.64935720e-02 -3.63010950e-02 -3.38149935e-01
  -7.90008437e-03  7.22749010e-02 -5.10338366e-01  8.31990093e-02
   6.16491847e-02  2.61765599e-01]
 [ 2.47286651e-02 -2.11306915e-01  1.95193306e-01  7.24757388e-02
  -4.97819483e-01 -2.14577079e-01  4.26096290e-01 -8.06423724e-01
   1.00978702e-01 -2.64928013e-01]
 [-1.24806792e-01 -2.02991724e-01 -3.69862877e-02  2.23360226e-01
  -3.10950637e-01 -6.81430101e-02 -1.96173981e-01  2.57889950e-03
   1.86134934e-01  8.42226744e-02]
 [ 2.52129823e-01 -1.43876061e-01  2.29908451e-02  2.32337758e-01
   1.55374699e-03 -7.32053295e-02  1.47595331e-01  2.29587689e-01
  -1.25333041e-01  1.09521508e-01]
 [-2.01393411e-01  4.21315394e-02 -2.15881720e-01  3.75137548e-03
  -1.41352937e-01  5.91326244e-02 -5.71029894e-02  1.29888564e-01
  -1.27636969e-01 -3.13524716e-02]
 [-3.77729833e-01 -2.00819388e-01 -9.02497582e-03  5.19787669e-02
   6.27862066e-02 -2.35800415e-01 -3.44055861e-01  1.00252040e-01
   1.72662549e-02  4.64320093e-01]
 [ 2.52410054e-01 -2.61311024e-01  8.69787112e-02  1.20122246e-01
   1.30232424e-01 -1.18645050e-01  1.04989320e-01  1.44263536e-01
  -2.76489943e-01  7.52609074e-02]
 [-8.39442462e-02 -4.31636900e-01  4.05253191e-03  2.28176992e-02
  -2.26177678e-01  1.74242184e-02 -1.53106183e-01  2.56959856e-01
  -1.23201340e-01  3.06160718e-01]
 [ 7.73596391e-02 -3.47135924e-02 -1.45575047e-01  1.47041485e-01
  -7.68707991e-02  3.47022526e-02 -3.84229869e-01  4.54768330e-01
  -4.12731260e-01  5.21734916e-02]
 [-9.59027857e-02 -1.68557018e-01  1.12148374e-01 -1.21601075e-01
  -2.93440104e-01 -1.93349987e-01 -3.04423660e-01 -3.02922696e-01
   2.70704981e-02  2.06744477e-01]
 [ 3.28832507e-01 -1.14532392e-02 -1.16728686e-01  1.19222566e-01
   2.20487975e-02 -4.88653220e-02  1.21707909e-01  2.85445094e-01
  -6.37220666e-02 -5.66553213e-02]
 [-6.79272562e-02 -1.45176038e-01 -8.85947272e-02  1.16732456e-01
   1.00120634e-01  6.97986260e-02 -2.91983753e-01  1.23140350e-01
   1.16444081e-01 -7.60513991e-02]
 [ 8.83851200e-02  2.36997142e-01 -1.83947995e-01 -2.53385514e-01
   2.11851746e-02  6.07611090e-02 -1.72039717e-01  2.84273773e-01
  -4.73488532e-02 -3.66608799e-01]]
Gamma_ 3 : [[ 8.4366913e+00 -4.9972425e+00  7.1298828e+01 -1.4179584e+02
   4.5841999e+00  4.3365925e+01  2.1988770e+01 -2.0928329e+01
  -5.7030621e+00 -1.2601913e+01 -2.7291077e+01 -7.1567116e+00
  -3.5099664e+00 -3.3970413e+00 -2.1036510e+00  9.1184711e-01
  -1.1864707e+03 -1.5754768e+01 -1.1033707e+00  3.3114758e+02
   7.2580795e+00 -4.5472450e+00 -4.7321582e+02  8.5341187e+00
   7.4511337e-01  3.4218750e+01 -6.9928375e+01  4.4302807e+00]]
X_ 1 postcondition: >= 0.75
[-21.819216   -37.110455   -64.01224    -14.580792     0.931969
 -14.6218815   -3.0689363  -18.9148      -5.241306     5.5864315
   3.49671     -1.5399754    4.748752     4.1058517  -10.110199
  -0.06509184   4.0791607    3.5728528   45.268265    -7.341636
 -10.023981   -20.703686    -0.43905678  -1.2505136    2.655761
  -7.2385025   -4.798783    -0.30082422]
X_ 1 postcondition: <= 0.75
[-21.819216   -37.110455   -64.01224    -14.580792     0.931969
 -14.6218815   -3.0689363  -18.9148      -5.241306     5.5864315
   3.49671     -1.5399754    4.748752     4.1058517  -10.110199
  -0.06509184   4.0791607    3.5728528   45.268265    -7.341636
 -10.023981   -20.703686    -0.43905678  -1.2505136    2.655761
  -7.2385025   -4.798783    -0.30082422]
X_ 1 postcondition: > 0.75
[-21.819216   -37.110455   -64.01224    -14.580792     0.931969
 -14.6218815   -3.0689363  -18.9148      -5.241306     5.5864315
   3.49671     -1.5399754    4.748752     4.1058517  -10.110199
  -0.06509184   4.0791607    3.5728528   45.268265    -7.341636
 -10.023981   -20.703686    -0.43905678  -1.2505136    2.655761
  -7.2385025   -4.798783    -0.30082422]
X_ 1 postcondition: < 0.75
[-21.819216   -37.110455   -64.01224    -14.580792     0.931969
 -14.6218815   -3.0689363  -18.9148      -5.241306     5.5864315
   3.49671     -1.5399754    4.748752     4.1058517  -10.110199
  -0.06509184   4.0791607    3.5728528   45.268265    -7.341636
 -10.023981   -20.703686    -0.43905678  -1.2505136    2.655761
  -7.2385025   -4.798783    -0.30082422]
X_ 1 postcondition: == 0.75
[-21.819216   -37.110455   -64.01224    -14.580792     0.931969
 -14.6218815   -3.0689363  -18.9148      -5.241306     5.5864315
   3.49671     -1.5399754    4.748752     4.1058517  -10.110199
  -0.06509184   4.0791607    3.5728528   45.268265    -7.341636
 -10.023981   -20.703686    -0.43905678  -1.2505136    2.655761
  -7.2385025   -4.798783    -0.30082422]
X_ 1 postcondition: != 0.75
[-21.819216   -37.110455   -64.01224    -14.580792     0.931969
 -14.6218815   -3.0689363  -18.9148      -5.241306     5.5864315
   3.49671     -1.5399754    4.748752     4.1058517  -10.110199
  -0.06509184   4.0791607    3.5728528   45.268265    -7.341636
 -10.023981   -20.703686    -0.43905678  -1.2505136    2.655761
  -7.2385025   -4.798783    -0.30082422]
X_ 1 postcondition: >= 0.9
[-26.183056   -44.532543   -76.81468    -17.49695      1.1183628
 -17.546255    -3.6827238  -22.697762    -6.2895675    6.703717
   4.1960516   -1.8479706    5.698502     4.927022   -12.132237
  -0.07810991   4.894993     4.2874236   54.321907    -8.809963
 -12.028777   -24.844425    -0.52686745  -1.5006146    3.1869128
  -8.686203    -5.758539    -0.36098894]
X_ 1 postcondition: <= 0.9
[-26.183056   -44.532543   -76.81468    -17.49695      1.1183628
 -17.546255    -3.6827238  -22.697762    -6.2895675    6.703717
   4.1960516   -1.8479706    5.698502     4.927022   -12.132237
  -0.07810991   4.894993     4.2874236   54.321907    -8.809963
 -12.028777   -24.844425    -0.52686745  -1.5006146    3.1869128
  -8.686203    -5.758539    -0.36098894]
X_ 1 postcondition: > 0.9
[-26.183056   -44.532543   -76.81468    -17.49695      1.1183628
 -17.546255    -3.6827238  -22.697762    -6.2895675    6.703717
   4.1960516   -1.8479706    5.698502     4.927022   -12.132237
  -0.07810991   4.894993     4.2874236   54.321907    -8.809963
 -12.028777   -24.844425    -0.52686745  -1.5006146    3.1869128
  -8.686203    -5.758539    -0.36098894]
X_ 1 postcondition: < 0.9
[-26.183056   -44.532543   -76.81468    -17.49695      1.1183628
 -17.546255    -3.6827238  -22.697762    -6.2895675    6.703717
   4.1960516   -1.8479706    5.698502     4.927022   -12.132237
  -0.07810991   4.894993     4.2874236   54.321907    -8.809963
 -12.028777   -24.844425    -0.52686745  -1.5006146    3.1869128
  -8.686203    -5.758539    -0.36098894]
X_ 1 postcondition: == 0.9
[-26.183056   -44.532543   -76.81468    -17.49695      1.1183628
 -17.546255    -3.6827238  -22.697762    -6.2895675    6.703717
   4.1960516   -1.8479706    5.698502     4.927022   -12.132237
  -0.07810991   4.894993     4.2874236   54.321907    -8.809963
 -12.028777   -24.844425    -0.52686745  -1.5006146    3.1869128
  -8.686203    -5.758539    -0.36098894]
X_ 1 postcondition: != 0.9
[-26.183056   -44.532543   -76.81468    -17.49695      1.1183628
 -17.546255    -3.6827238  -22.697762    -6.2895675    6.703717
   4.1960516   -1.8479706    5.698502     4.927022   -12.132237
  -0.07810991   4.894993     4.2874236   54.321907    -8.809963
 -12.028777   -24.844425    -0.52686745  -1.5006146    3.1869128
  -8.686203    -5.758539    -0.36098894]
X_ 1 postcondition: >= 0.95
[-27.637669   -47.006573   -81.08216    -18.469004     1.1804938
 -18.52105     -3.8873196  -23.958752    -6.6389875    7.076147
   4.429166    -1.9506352    6.0150857    5.200746   -12.8062525
  -0.08244929   5.166937     4.525614    57.33979     -9.299406
 -12.697043   -26.22467     -0.5561391   -1.5839833    3.3639631
  -9.16877     -6.0784574   -0.3810441 ]
X_ 1 postcondition: <= 0.95
[-27.637669   -47.006573   -81.08216    -18.469004     1.1804938
 -18.52105     -3.8873196  -23.958752    -6.6389875    7.076147
   4.429166    -1.9506352    6.0150857    5.200746   -12.8062525
  -0.08244929   5.166937     4.525614    57.33979     -9.299406
 -12.697043   -26.22467     -0.5561391   -1.5839833    3.3639631
  -9.16877     -6.0784574   -0.3810441 ]
X_ 1 postcondition: > 0.95
[-27.637669   -47.006573   -81.08216    -18.469004     1.1804938
 -18.52105     -3.8873196  -23.958752    -6.6389875    7.076147
   4.429166    -1.9506352    6.0150857    5.200746   -12.8062525
  -0.08244929   5.166937     4.525614    57.33979     -9.299406
 -12.697043   -26.22467     -0.5561391   -1.5839833    3.3639631
  -9.16877     -6.0784574   -0.3810441 ]
X_ 1 postcondition: < 0.95
[-27.637669   -47.006573   -81.08216    -18.469004     1.1804938
 -18.52105     -3.8873196  -23.958752    -6.6389875    7.076147
   4.429166    -1.9506352    6.0150857    5.200746   -12.8062525
  -0.08244929   5.166937     4.525614    57.33979     -9.299406
 -12.697043   -26.22467     -0.5561391   -1.5839833    3.3639631
  -9.16877     -6.0784574   -0.3810441 ]
X_ 1 postcondition: == 0.95
[-27.637669   -47.006573   -81.08216    -18.469004     1.1804938
 -18.52105     -3.8873196  -23.958752    -6.6389875    7.076147
   4.429166    -1.9506352    6.0150857    5.200746   -12.8062525
  -0.08244929   5.166937     4.525614    57.33979     -9.299406
 -12.697043   -26.22467     -0.5561391   -1.5839833    3.3639631
  -9.16877     -6.0784574   -0.3810441 ]
X_ 1 postcondition: != 0.95
[-27.637669   -47.006573   -81.08216    -18.469004     1.1804938
 -18.52105     -3.8873196  -23.958752    -6.6389875    7.076147
   4.429166    -1.9506352    6.0150857    5.200746   -12.8062525
  -0.08244929   5.166937     4.525614    57.33979     -9.299406
 -12.697043   -26.22467     -0.5561391   -1.5839833    3.3639631
  -9.16877     -6.0784574   -0.3810441 ]
X_ 1 postcondition: >= 0.99
[-28.801365   -48.9858     -84.49615    -19.246645     1.2301989
 -19.300884    -4.0509963  -24.967539    -6.9185233    7.37409
   4.615657    -2.0327675    6.2683525    5.419725   -13.345463
  -0.08592116   5.384492     4.716166    59.7541      -9.690961
 -13.231655   -27.328867    -0.57955444  -1.6506768    3.505604
  -9.554823    -6.334393    -0.39708805]
X_ 1 postcondition: <= 0.99
[-28.801365   -48.9858     -84.49615    -19.246645     1.2301989
 -19.300884    -4.0509963  -24.967539    -6.9185233    7.37409
   4.615657    -2.0327675    6.2683525    5.419725   -13.345463
  -0.08592116   5.384492     4.716166    59.7541      -9.690961
 -13.231655   -27.328867    -0.57955444  -1.6506768    3.505604
  -9.554823    -6.334393    -0.39708805]
X_ 1 postcondition: > 0.99
[-28.801365   -48.9858     -84.49615    -19.246645     1.2301989
 -19.300884    -4.0509963  -24.967539    -6.9185233    7.37409
   4.615657    -2.0327675    6.2683525    5.419725   -13.345463
  -0.08592116   5.384492     4.716166    59.7541      -9.690961
 -13.231655   -27.328867    -0.57955444  -1.6506768    3.505604
  -9.554823    -6.334393    -0.39708805]
X_ 1 postcondition: < 0.99
[-28.801365   -48.9858     -84.49615    -19.246645     1.2301989
 -19.300884    -4.0509963  -24.967539    -6.9185233    7.37409
   4.615657    -2.0327675    6.2683525    5.419725   -13.345463
  -0.08592116   5.384492     4.716166    59.7541      -9.690961
 -13.231655   -27.328867    -0.57955444  -1.6506768    3.505604
  -9.554823    -6.334393    -0.39708805]
X_ 1 postcondition: == 0.99
[-28.801365   -48.9858     -84.49615    -19.246645     1.2301989
 -19.300884    -4.0509963  -24.967539    -6.9185233    7.37409
   4.615657    -2.0327675    6.2683525    5.419725   -13.345463
  -0.08592116   5.384492     4.716166    59.7541      -9.690961
 -13.231655   -27.328867    -0.57955444  -1.6506768    3.505604
  -9.554823    -6.334393    -0.39708805]
X_ 1 postcondition: != 0.99
[-28.801365   -48.9858     -84.49615    -19.246645     1.2301989
 -19.300884    -4.0509963  -24.967539    -6.9185233    7.37409
   4.615657    -2.0327675    6.2683525    5.419725   -13.345463
  -0.08592116   5.384492     4.716166    59.7541      -9.690961
 -13.231655   -27.328867    -0.57955444  -1.6506768    3.505604
  -9.554823    -6.334393    -0.39708805]
X_ 2 postcondition: >= 0.75
[ 0.01518363  0.23777129 -0.0997422  -0.00547167 -0.17367114  0.15016861
  0.42244774  0.06478225 -0.43673283 -0.17496715]
X_ 2 postcondition: <= 0.75
[ 0.01518363  0.23777129 -0.0997422  -0.00547167 -0.17367114  0.15016861
  0.42244774  0.06478225 -0.43673283 -0.17496715]
X_ 2 postcondition: > 0.75
[ 0.01518363  0.23777129 -0.0997422  -0.00547167 -0.17367114  0.15016861
  0.42244774  0.06478225 -0.43673283 -0.17496715]
X_ 2 postcondition: < 0.75
[ 0.01518363  0.23777129 -0.0997422  -0.00547167 -0.17367114  0.15016861
  0.42244774  0.06478225 -0.43673283 -0.17496715]
X_ 2 postcondition: == 0.75
[ 0.01518363  0.23777129 -0.0997422  -0.00547167 -0.17367114  0.15016861
  0.42244774  0.06478225 -0.43673283 -0.17496715]
X_ 2 postcondition: != 0.75
[ 0.01518363  0.23777129 -0.0997422  -0.00547167 -0.17367114  0.15016861
  0.42244774  0.06478225 -0.43673283 -0.17496715]
X_ 2 postcondition: >= 0.9
[ 0.01822038  0.2853255  -0.1196906  -0.00656598 -0.20840542  0.18020232
  0.5069373   0.07773868 -0.5240793  -0.20996055]
X_ 2 postcondition: <= 0.9
[ 0.01822038  0.2853255  -0.1196906  -0.00656598 -0.20840542  0.18020232
  0.5069373   0.07773868 -0.5240793  -0.20996055]
X_ 2 postcondition: > 0.9
[ 0.01822038  0.2853255  -0.1196906  -0.00656598 -0.20840542  0.18020232
  0.5069373   0.07773868 -0.5240793  -0.20996055]
X_ 2 postcondition: < 0.9
[ 0.01822038  0.2853255  -0.1196906  -0.00656598 -0.20840542  0.18020232
  0.5069373   0.07773868 -0.5240793  -0.20996055]
X_ 2 postcondition: == 0.9
[ 0.01822038  0.2853255  -0.1196906  -0.00656598 -0.20840542  0.18020232
  0.5069373   0.07773868 -0.5240793  -0.20996055]
X_ 2 postcondition: != 0.9
[ 0.01822038  0.2853255  -0.1196906  -0.00656598 -0.20840542  0.18020232
  0.5069373   0.07773868 -0.5240793  -0.20996055]
X_ 2 postcondition: >= 0.95
[ 0.01923255  0.30117697 -0.12634009 -0.0069308  -0.21998346  0.19021356
  0.5351005   0.08205751 -0.5531949  -0.22162504]
X_ 2 postcondition: <= 0.95
[ 0.01923255  0.30117697 -0.12634009 -0.0069308  -0.21998346  0.19021356
  0.5351005   0.08205751 -0.5531949  -0.22162504]
X_ 2 postcondition: > 0.95
[ 0.01923255  0.30117697 -0.12634009 -0.0069308  -0.21998346  0.19021356
  0.5351005   0.08205751 -0.5531949  -0.22162504]
X_ 2 postcondition: < 0.95
[ 0.01923255  0.30117697 -0.12634009 -0.0069308  -0.21998346  0.19021356
  0.5351005   0.08205751 -0.5531949  -0.22162504]
X_ 2 postcondition: == 0.95
[ 0.01923255  0.30117697 -0.12634009 -0.0069308  -0.21998346  0.19021356
  0.5351005   0.08205751 -0.5531949  -0.22162504]
X_ 2 postcondition: != 0.95
[ 0.01923255  0.30117697 -0.12634009 -0.0069308  -0.21998346  0.19021356
  0.5351005   0.08205751 -0.5531949  -0.22162504]
X_ 2 postcondition: >= 0.99
[ 0.02004236  0.31385806 -0.13165969 -0.00722258 -0.22924595  0.19822253
  0.5576311   0.08551258 -0.57648724 -0.23095663]
X_ 2 postcondition: <= 0.99
[ 0.02004236  0.31385806 -0.13165969 -0.00722258 -0.22924595  0.19822253
  0.5576311   0.08551258 -0.57648724 -0.23095663]
X_ 2 postcondition: > 0.99
[ 0.02004236  0.31385806 -0.13165969 -0.00722258 -0.22924595  0.19822253
  0.5576311   0.08551258 -0.57648724 -0.23095663]
X_ 2 postcondition: < 0.99
[ 0.02004236  0.31385806 -0.13165969 -0.00722258 -0.22924595  0.19822253
  0.5576311   0.08551258 -0.57648724 -0.23095663]
X_ 2 postcondition: == 0.99
[ 0.02004236  0.31385806 -0.13165969 -0.00722258 -0.22924595  0.19822253
  0.5576311   0.08551258 -0.57648724 -0.23095663]
X_ 2 postcondition: != 0.99
[ 0.02004236  0.31385806 -0.13165969 -0.00722258 -0.22924595  0.19822253
  0.5576311   0.08551258 -0.57648724 -0.23095663]
X_ 3 postcondition: >= 0.75
[ 2.05561233e+00 -1.21758556e+00  1.73720646e+01 -3.45487671e+01
  1.11694717e+00  1.05661726e+01  5.35759640e+00 -5.09921837e+00
 -1.38955951e+00 -3.07047486e+00 -6.64951134e+00 -1.74374342e+00
 -8.55208576e-01 -8.27694178e-01 -5.12557685e-01  2.22172901e-01
 -2.89085358e+02 -3.83867264e+00 -2.68837899e-01  8.06846008e+01
  1.76844192e+00 -1.10794306e+00 -1.15299736e+02  2.07935071e+00
  1.81547984e-01  8.33744907e+00 -1.70381527e+01  1.07944453e+00]
X_ 3 postcondition: <= 0.75
[ 2.05561233e+00 -1.21758556e+00  1.73720646e+01 -3.45487671e+01
  1.11694717e+00  1.05661726e+01  5.35759640e+00 -5.09921837e+00
 -1.38955951e+00 -3.07047486e+00 -6.64951134e+00 -1.74374342e+00
 -8.55208576e-01 -8.27694178e-01 -5.12557685e-01  2.22172901e-01
 -2.89085358e+02 -3.83867264e+00 -2.68837899e-01  8.06846008e+01
  1.76844192e+00 -1.10794306e+00 -1.15299736e+02  2.07935071e+00
  1.81547984e-01  8.33744907e+00 -1.70381527e+01  1.07944453e+00]
X_ 3 postcondition: > 0.75
[ 2.05561233e+00 -1.21758556e+00  1.73720646e+01 -3.45487671e+01
  1.11694717e+00  1.05661726e+01  5.35759640e+00 -5.09921837e+00
 -1.38955951e+00 -3.07047486e+00 -6.64951134e+00 -1.74374342e+00
 -8.55208576e-01 -8.27694178e-01 -5.12557685e-01  2.22172901e-01
 -2.89085358e+02 -3.83867264e+00 -2.68837899e-01  8.06846008e+01
  1.76844192e+00 -1.10794306e+00 -1.15299736e+02  2.07935071e+00
  1.81547984e-01  8.33744907e+00 -1.70381527e+01  1.07944453e+00]
X_ 3 postcondition: < 0.75
[ 2.05561233e+00 -1.21758556e+00  1.73720646e+01 -3.45487671e+01
  1.11694717e+00  1.05661726e+01  5.35759640e+00 -5.09921837e+00
 -1.38955951e+00 -3.07047486e+00 -6.64951134e+00 -1.74374342e+00
 -8.55208576e-01 -8.27694178e-01 -5.12557685e-01  2.22172901e-01
 -2.89085358e+02 -3.83867264e+00 -2.68837899e-01  8.06846008e+01
  1.76844192e+00 -1.10794306e+00 -1.15299736e+02  2.07935071e+00
  1.81547984e-01  8.33744907e+00 -1.70381527e+01  1.07944453e+00]
X_ 3 postcondition: == 0.75
[ 2.05561233e+00 -1.21758556e+00  1.73720646e+01 -3.45487671e+01
  1.11694717e+00  1.05661726e+01  5.35759640e+00 -5.09921837e+00
 -1.38955951e+00 -3.07047486e+00 -6.64951134e+00 -1.74374342e+00
 -8.55208576e-01 -8.27694178e-01 -5.12557685e-01  2.22172901e-01
 -2.89085358e+02 -3.83867264e+00 -2.68837899e-01  8.06846008e+01
  1.76844192e+00 -1.10794306e+00 -1.15299736e+02  2.07935071e+00
  1.81547984e-01  8.33744907e+00 -1.70381527e+01  1.07944453e+00]
X_ 3 postcondition: != 0.75
[ 2.05561233e+00 -1.21758556e+00  1.73720646e+01 -3.45487671e+01
  1.11694717e+00  1.05661726e+01  5.35759640e+00 -5.09921837e+00
 -1.38955951e+00 -3.07047486e+00 -6.64951134e+00 -1.74374342e+00
 -8.55208576e-01 -8.27694178e-01 -5.12557685e-01  2.22172901e-01
 -2.89085358e+02 -3.83867264e+00 -2.68837899e-01  8.06846008e+01
  1.76844192e+00 -1.10794306e+00 -1.15299736e+02  2.07935071e+00
  1.81547984e-01  8.33744907e+00 -1.70381527e+01  1.07944453e+00]
X_ 3 postcondition: >= 0.9
[ 2.4667346e+00 -1.4611026e+00  2.0846479e+01 -4.1458519e+01
  1.3403364e+00  1.2679406e+01  6.4291158e+00 -6.1190624e+00
 -1.6674714e+00 -3.6845698e+00 -7.9794135e+00 -2.0924919e+00
 -1.0262502e+00 -9.9323297e-01 -6.1506921e-01  2.6660749e-01
 -3.4690240e+02 -4.6064072e+00 -3.2260549e-01  9.6821518e+01
  2.1221302e+00 -1.3295316e+00 -1.3835968e+02  2.4952207e+00
  2.1785757e-01  1.0004939e+01 -2.0445782e+01  1.2953333e+00]
X_ 3 postcondition: <= 0.9
[ 2.4667346e+00 -1.4611026e+00  2.0846479e+01 -4.1458519e+01
  1.3403364e+00  1.2679406e+01  6.4291158e+00 -6.1190624e+00
 -1.6674714e+00 -3.6845698e+00 -7.9794135e+00 -2.0924919e+00
 -1.0262502e+00 -9.9323297e-01 -6.1506921e-01  2.6660749e-01
 -3.4690240e+02 -4.6064072e+00 -3.2260549e-01  9.6821518e+01
  2.1221302e+00 -1.3295316e+00 -1.3835968e+02  2.4952207e+00
  2.1785757e-01  1.0004939e+01 -2.0445782e+01  1.2953333e+00]
X_ 3 postcondition: > 0.9
[ 2.4667346e+00 -1.4611026e+00  2.0846479e+01 -4.1458519e+01
  1.3403364e+00  1.2679406e+01  6.4291158e+00 -6.1190624e+00
 -1.6674714e+00 -3.6845698e+00 -7.9794135e+00 -2.0924919e+00
 -1.0262502e+00 -9.9323297e-01 -6.1506921e-01  2.6660749e-01
 -3.4690240e+02 -4.6064072e+00 -3.2260549e-01  9.6821518e+01
  2.1221302e+00 -1.3295316e+00 -1.3835968e+02  2.4952207e+00
  2.1785757e-01  1.0004939e+01 -2.0445782e+01  1.2953333e+00]
X_ 3 postcondition: < 0.9
[ 2.4667346e+00 -1.4611026e+00  2.0846479e+01 -4.1458519e+01
  1.3403364e+00  1.2679406e+01  6.4291158e+00 -6.1190624e+00
 -1.6674714e+00 -3.6845698e+00 -7.9794135e+00 -2.0924919e+00
 -1.0262502e+00 -9.9323297e-01 -6.1506921e-01  2.6660749e-01
 -3.4690240e+02 -4.6064072e+00 -3.2260549e-01  9.6821518e+01
  2.1221302e+00 -1.3295316e+00 -1.3835968e+02  2.4952207e+00
  2.1785757e-01  1.0004939e+01 -2.0445782e+01  1.2953333e+00]
X_ 3 postcondition: == 0.9
[ 2.4667346e+00 -1.4611026e+00  2.0846479e+01 -4.1458519e+01
  1.3403364e+00  1.2679406e+01  6.4291158e+00 -6.1190624e+00
 -1.6674714e+00 -3.6845698e+00 -7.9794135e+00 -2.0924919e+00
 -1.0262502e+00 -9.9323297e-01 -6.1506921e-01  2.6660749e-01
 -3.4690240e+02 -4.6064072e+00 -3.2260549e-01  9.6821518e+01
  2.1221302e+00 -1.3295316e+00 -1.3835968e+02  2.4952207e+00
  2.1785757e-01  1.0004939e+01 -2.0445782e+01  1.2953333e+00]
X_ 3 postcondition: != 0.9
[ 2.4667346e+00 -1.4611026e+00  2.0846479e+01 -4.1458519e+01
  1.3403364e+00  1.2679406e+01  6.4291158e+00 -6.1190624e+00
 -1.6674714e+00 -3.6845698e+00 -7.9794135e+00 -2.0924919e+00
 -1.0262502e+00 -9.9323297e-01 -6.1506921e-01  2.6660749e-01
 -3.4690240e+02 -4.6064072e+00 -3.2260549e-01  9.6821518e+01
  2.1221302e+00 -1.3295316e+00 -1.3835968e+02  2.4952207e+00
  2.1785757e-01  1.0004939e+01 -2.0445782e+01  1.2953333e+00]
X_ 3 postcondition: >= 0.95
[ 2.6037755e+00 -1.5422750e+00  2.2004616e+01 -4.3761768e+01
  1.4147997e+00  1.3383818e+01  6.7862883e+00 -6.4590101e+00
 -1.7601087e+00 -3.8892684e+00 -8.4227142e+00 -2.2087417e+00
 -1.0832641e+00 -1.0484127e+00 -6.4923978e-01  2.8141901e-01
 -3.6617474e+02 -4.8623185e+00 -3.4052801e-01  1.0220049e+02
  2.2400262e+00 -1.4033945e+00 -1.4604633e+02  2.6338441e+00
  2.2996077e-01  1.0560769e+01 -2.1581659e+01  1.3672962e+00]
X_ 3 postcondition: <= 0.95
[ 2.6037755e+00 -1.5422750e+00  2.2004616e+01 -4.3761768e+01
  1.4147997e+00  1.3383818e+01  6.7862883e+00 -6.4590101e+00
 -1.7601087e+00 -3.8892684e+00 -8.4227142e+00 -2.2087417e+00
 -1.0832641e+00 -1.0484127e+00 -6.4923978e-01  2.8141901e-01
 -3.6617474e+02 -4.8623185e+00 -3.4052801e-01  1.0220049e+02
  2.2400262e+00 -1.4033945e+00 -1.4604633e+02  2.6338441e+00
  2.2996077e-01  1.0560769e+01 -2.1581659e+01  1.3672962e+00]
X_ 3 postcondition: > 0.95
[ 2.6037755e+00 -1.5422750e+00  2.2004616e+01 -4.3761768e+01
  1.4147997e+00  1.3383818e+01  6.7862883e+00 -6.4590101e+00
 -1.7601087e+00 -3.8892684e+00 -8.4227142e+00 -2.2087417e+00
 -1.0832641e+00 -1.0484127e+00 -6.4923978e-01  2.8141901e-01
 -3.6617474e+02 -4.8623185e+00 -3.4052801e-01  1.0220049e+02
  2.2400262e+00 -1.4033945e+00 -1.4604633e+02  2.6338441e+00
  2.2996077e-01  1.0560769e+01 -2.1581659e+01  1.3672962e+00]
X_ 3 postcondition: < 0.95
[ 2.6037755e+00 -1.5422750e+00  2.2004616e+01 -4.3761768e+01
  1.4147997e+00  1.3383818e+01  6.7862883e+00 -6.4590101e+00
 -1.7601087e+00 -3.8892684e+00 -8.4227142e+00 -2.2087417e+00
 -1.0832641e+00 -1.0484127e+00 -6.4923978e-01  2.8141901e-01
 -3.6617474e+02 -4.8623185e+00 -3.4052801e-01  1.0220049e+02
  2.2400262e+00 -1.4033945e+00 -1.4604633e+02  2.6338441e+00
  2.2996077e-01  1.0560769e+01 -2.1581659e+01  1.3672962e+00]
X_ 3 postcondition: == 0.95
[ 2.6037755e+00 -1.5422750e+00  2.2004616e+01 -4.3761768e+01
  1.4147997e+00  1.3383818e+01  6.7862883e+00 -6.4590101e+00
 -1.7601087e+00 -3.8892684e+00 -8.4227142e+00 -2.2087417e+00
 -1.0832641e+00 -1.0484127e+00 -6.4923978e-01  2.8141901e-01
 -3.6617474e+02 -4.8623185e+00 -3.4052801e-01  1.0220049e+02
  2.2400262e+00 -1.4033945e+00 -1.4604633e+02  2.6338441e+00
  2.2996077e-01  1.0560769e+01 -2.1581659e+01  1.3672962e+00]
X_ 3 postcondition: != 0.95
[ 2.6037755e+00 -1.5422750e+00  2.2004616e+01 -4.3761768e+01
  1.4147997e+00  1.3383818e+01  6.7862883e+00 -6.4590101e+00
 -1.7601087e+00 -3.8892684e+00 -8.4227142e+00 -2.2087417e+00
 -1.0832641e+00 -1.0484127e+00 -6.4923978e-01  2.8141901e-01
 -3.6617474e+02 -4.8623185e+00 -3.4052801e-01  1.0220049e+02
  2.2400262e+00 -1.4033945e+00 -1.4604633e+02  2.6338441e+00
  2.2996077e-01  1.0560769e+01 -2.1581659e+01  1.3672962e+00]
X_ 3 postcondition: >= 0.99
[ 2.7134085e+00 -1.6072129e+00  2.2931126e+01 -4.5604374e+01
  1.4743701e+00  1.3947348e+01  7.0720277e+00 -6.7309685e+00
 -1.8342186e+00 -4.0530267e+00 -8.7773552e+00 -2.3017414e+00
 -1.1288753e+00 -1.0925564e+00 -6.7657620e-01  2.9326823e-01
 -3.8159265e+02 -5.0670481e+00 -3.5486606e-01  1.0650368e+02
  2.3343432e+00 -1.4624847e+00 -1.5219566e+02  2.7447429e+00
  2.3964334e-01  1.1005434e+01 -2.2490362e+01  1.4248667e+00]
X_ 3 postcondition: <= 0.99
[ 2.7134085e+00 -1.6072129e+00  2.2931126e+01 -4.5604374e+01
  1.4743701e+00  1.3947348e+01  7.0720277e+00 -6.7309685e+00
 -1.8342186e+00 -4.0530267e+00 -8.7773552e+00 -2.3017414e+00
 -1.1288753e+00 -1.0925564e+00 -6.7657620e-01  2.9326823e-01
 -3.8159265e+02 -5.0670481e+00 -3.5486606e-01  1.0650368e+02
  2.3343432e+00 -1.4624847e+00 -1.5219566e+02  2.7447429e+00
  2.3964334e-01  1.1005434e+01 -2.2490362e+01  1.4248667e+00]
X_ 3 postcondition: > 0.99
[ 2.7134085e+00 -1.6072129e+00  2.2931126e+01 -4.5604374e+01
  1.4743701e+00  1.3947348e+01  7.0720277e+00 -6.7309685e+00
 -1.8342186e+00 -4.0530267e+00 -8.7773552e+00 -2.3017414e+00
 -1.1288753e+00 -1.0925564e+00 -6.7657620e-01  2.9326823e-01
 -3.8159265e+02 -5.0670481e+00 -3.5486606e-01  1.0650368e+02
  2.3343432e+00 -1.4624847e+00 -1.5219566e+02  2.7447429e+00
  2.3964334e-01  1.1005434e+01 -2.2490362e+01  1.4248667e+00]
X_ 3 postcondition: < 0.99
[ 2.7134085e+00 -1.6072129e+00  2.2931126e+01 -4.5604374e+01
  1.4743701e+00  1.3947348e+01  7.0720277e+00 -6.7309685e+00
 -1.8342186e+00 -4.0530267e+00 -8.7773552e+00 -2.3017414e+00
 -1.1288753e+00 -1.0925564e+00 -6.7657620e-01  2.9326823e-01
 -3.8159265e+02 -5.0670481e+00 -3.5486606e-01  1.0650368e+02
  2.3343432e+00 -1.4624847e+00 -1.5219566e+02  2.7447429e+00
  2.3964334e-01  1.1005434e+01 -2.2490362e+01  1.4248667e+00]
X_ 3 postcondition: == 0.99
[ 2.7134085e+00 -1.6072129e+00  2.2931126e+01 -4.5604374e+01
  1.4743701e+00  1.3947348e+01  7.0720277e+00 -6.7309685e+00
 -1.8342186e+00 -4.0530267e+00 -8.7773552e+00 -2.3017414e+00
 -1.1288753e+00 -1.0925564e+00 -6.7657620e-01  2.9326823e-01
 -3.8159265e+02 -5.0670481e+00 -3.5486606e-01  1.0650368e+02
  2.3343432e+00 -1.4624847e+00 -1.5219566e+02  2.7447429e+00
  2.3964334e-01  1.1005434e+01 -2.2490362e+01  1.4248667e+00]
X_ 3 postcondition: != 0.99
[ 2.7134085e+00 -1.6072129e+00  2.2931126e+01 -4.5604374e+01
  1.4743701e+00  1.3947348e+01  7.0720277e+00 -6.7309685e+00
 -1.8342186e+00 -4.0530267e+00 -8.7773552e+00 -2.3017414e+00
 -1.1288753e+00 -1.0925564e+00 -6.7657620e-01  2.9326823e-01
 -3.8159265e+02 -5.0670481e+00 -3.5486606e-01  1.0650368e+02
  2.3343432e+00 -1.4624847e+00 -1.5219566e+02  2.7447429e+00
  2.3964334e-01  1.1005434e+01 -2.2490362e+01  1.4248667e+00]
Weakest precondition: [-29.092285   -49.480606   -85.349655   -19.441055     1.242625
 -19.495842    -4.091915   -25.219738    -6.9884076    7.4485755
   4.6622796   -2.0533004    6.3316693    5.4744697  -13.480267
  -0.08678891   5.438881     4.763804    60.357677    -9.788848
 -13.365309   -27.604918    -0.58540976  -1.6673509    3.5410142
  -9.651337    -6.398376    -0.40109903]
Features:  ['age' 'education' 'balance' 'day' 'month' 'duration' 'campaign' 'pdays'
 'previous' 'poutcome' 'job_blue' 'job_entrepreneur' 'job_housemaid'
 'job_management' 'job_retired' 'job_self' 'job_services' 'job_student'
 'job_technician' 'job_unemployed' 'job_unknown' 'marital_married'
 'marital_single' 'default_yes' 'housing_yes' 'loan_yes'
 'contact_telephone' 'contact_unknown']
Features length:  28
Weakest precondition size  28

Checking precondition violation:   0%|          | 0/28 [00:00<?, ?it/s]
Checking precondition violation:  71%|███████▏  | 20/28 [00:00<00:00, 190.31it/s]
Checking precondition violation: 100%|██████████| 28/28 [00:00<00:00, 191.54it/s]
