Number of layers in the model: 3
Layer: dense
Layer: dense_1
Layer: dense_2
Number of selected layers in the model: 3
#weights: 3 | #biases: 3 | #N: 3 | #Gamma: 3
W_ 1 : [[ 0.12465932 -0.33227065 -0.00923057 ... -0.0893919  -0.35016236
  -0.04940707]
 [-0.05469956 -0.24102058  0.08385683 ...  0.05594456 -0.08414326
  -0.12722966]
 [ 0.04643077 -0.31824467  0.32343727 ...  0.1097028  -0.05439237
  -0.07393119]
 ...
 [-0.19476934  0.13452642 -0.12296481 ...  0.05803853 -0.25177062
   0.23110199]
 [-0.04253561 -0.1291741  -0.1736632  ... -0.20778099  0.0908953
  -0.32303855]
 [ 0.12662344  0.13025935 -0.14770311 ...  0.19090518 -0.04346811
   0.11728236]]
W_ 2 : [[-0.08202022 -0.19331084 -0.09085116 ...  0.02678386  0.05347746
  -0.25673866]
 [-0.11212926  0.11284797  0.0820813  ...  0.12092546 -0.15372898
  -0.1768121 ]
 [ 0.09004911  0.11061534  0.15870592 ... -0.2261046   0.04063894
   0.17209423]
 ...
 [-0.07904691  0.3050926  -0.06010252 ... -0.19551224  0.07786635
  -0.0887028 ]
 [-0.20618555  0.00057282 -0.05040579 ...  0.08914682  0.12782867
   0.04376534]
 [ 0.27393395  0.13136686  0.10825461 ... -0.09607612  0.317858
   0.04806732]]
W_ 3 : [[ 0.222592  ]
 [ 0.16233625]
 [-0.35937157]
 [ 0.28440925]
 [ 0.0127435 ]
 [-0.20861816]
 [ 0.42056793]
 [ 0.02774856]
 [ 0.48642477]
 [-0.07783269]
 [-0.40794456]
 [-0.55789137]
 [ 0.14619151]
 [-0.6712196 ]
 [-0.4464231 ]
 [-0.26739344]
 [-0.13274093]
 [-0.41420284]
 [-0.0686949 ]
 [-0.20396762]
 [-0.41583544]
 [ 0.3834916 ]]
B_ 1 : [-0.01761619 -0.00069796 -0.00360485  0.02129123  0.00552454 -0.02052066
  0.01991268  0.00733537 -0.03952672  0.01104913  0.00799385 -0.02074919
 -0.01254797 -0.0313816   0.02503739 -0.0299557  -0.00303087 -0.02875697
  0.0107251  -0.00297816  0.01273077  0.01715397  0.02252387 -0.02237735
 -0.01079898  0.02560608  0.0152779   0.00889851 -0.0055253  -0.01917758
 -0.0059688  -0.01837414 -0.03392136 -0.01613973  0.02359335  0.00275235
  0.0304537  -0.00310084  0.00722206  0.00073029  0.00097238 -0.00986798
  0.0059234  -0.00570096 -0.02169002 -0.00059258  0.01958947 -0.03760804
 -0.00686787  0.00239113]
B_ 2 : [-0.00223362 -0.00900825  0.02780168  0.         -0.00235872  0.00207404
 -0.0205716  -0.00572618  0.01514626  0.00963239  0.01519911 -0.01015877
  0.00168968  0.04076882  0.06990494  0.0234403  -0.00087079  0.02580513
 -0.00290199  0.01724896  0.01666468 -0.00072598]
B_ 3 : [-0.04597278]
Activation function of layer_a 1 : tanh
Activation function of layer_a 2 : relu
Activation function of layer_a 3 : relu
Gamma_ 1 : [[ 0.12536155 -0.01310593 -0.04335398 ... -0.13335045  0.1179994
   0.04237483]
 [-0.43812683  0.07190308 -0.18340765 ...  0.22946659 -0.14700593
   0.05171396]
 [-0.0802701   0.11622582  0.2657804  ... -0.03194647 -0.13961248
  -0.10587762]
 ...
 [-0.11653542 -0.21667032  0.09410118 ... -0.11234785 -0.2829471
   0.01040326]
 [-0.25526908  0.0405327  -0.1117298  ... -0.14750533 -0.05906768
  -0.00514518]
 [ 0.05643024 -0.16404244 -0.10813984 ...  0.10259967 -0.22771922
   0.04182981]]
Gamma_ 2 : [[-4.5894089e+00  7.4248970e-01 -6.3995540e-01 ...  4.2872381e-01
  -2.3963034e+00 -1.4082718e+00]
 [ 9.1002852e-01 -2.5085027e+00 -1.2848020e+00 ...  5.2042727e+00
  -4.7812734e+00 -1.8204226e+00]
 [ 3.1877201e+00 -6.7330790e-01  2.5770736e+00 ... -2.0132785e+00
   2.7880406e-01 -2.1703022e+00]
 ...
 [ 1.9770315e+01 -3.8096154e+00 -2.6068797e+00 ...  9.7973365e-01
  -2.3733897e+00 -2.7980318e+00]
 [-6.3089359e-01  3.2480483e+00  1.2943373e+00 ... -1.9071438e+00
   6.4464483e+00  1.7764564e+00]
 [ 1.5697812e+00  1.6508040e+00 -5.5243725e-01 ... -2.5034239e+00
   3.5677403e-03  4.5863551e-01]]
Gamma_ 3 : [[-7.6446705e+00 -1.7060787e+01  7.8501620e+00 -3.2674095e+01
   1.8213982e+03 -2.1111570e+01 -1.0550016e+01 -3.0790210e+02
   1.7701864e+00 -4.5582771e+01 -6.5094509e+00  3.7781873e+00
  -7.4440002e+00 -5.4962692e+01 -6.5318823e+00 -3.1921331e+01
  -3.8951469e+01  9.0180655e+00 -1.5970322e+02  1.2357791e+01
  -1.8324732e+00 -1.5162011e+01]]
X_ 1 postcondition: >= 0.75
[ 0.00611138  0.01141831  0.01115483 -0.0056562  -0.00924243  0.01793887
 -0.0083062  -0.01143064  0.00014612 -0.04729677 -0.0060453   0.0016268
 -0.00786977  0.02496894  0.02786737 -0.00145611 -0.0260478  -0.01329018
 -0.02998992 -0.00087646  0.00376166 -0.00288845]
X_ 1 postcondition: <= 0.75
[ 0.00611138  0.01141831  0.01115483 -0.0056562  -0.00924243  0.01793887
 -0.0083062  -0.01143064  0.00014612 -0.04729677 -0.0060453   0.0016268
 -0.00786977  0.02496894  0.02786737 -0.00145611 -0.0260478  -0.01329018
 -0.02998992 -0.00087646  0.00376166 -0.00288845]
X_ 1 postcondition: > 0.75
[ 0.00611138  0.01141831  0.01115483 -0.0056562  -0.00924243  0.01793887
 -0.0083062  -0.01143064  0.00014612 -0.04729677 -0.0060453   0.0016268
 -0.00786977  0.02496894  0.02786737 -0.00145611 -0.0260478  -0.01329018
 -0.02998992 -0.00087646  0.00376166 -0.00288845]
X_ 1 postcondition: < 0.75
[ 0.00611138  0.01141831  0.01115483 -0.0056562  -0.00924243  0.01793887
 -0.0083062  -0.01143064  0.00014612 -0.04729677 -0.0060453   0.0016268
 -0.00786977  0.02496894  0.02786737 -0.00145611 -0.0260478  -0.01329018
 -0.02998992 -0.00087646  0.00376166 -0.00288845]
X_ 1 postcondition: == 0.75
[ 0.00611138  0.01141831  0.01115483 -0.0056562  -0.00924243  0.01793887
 -0.0083062  -0.01143064  0.00014612 -0.04729677 -0.0060453   0.0016268
 -0.00786977  0.02496894  0.02786737 -0.00145611 -0.0260478  -0.01329018
 -0.02998992 -0.00087646  0.00376166 -0.00288845]
X_ 1 postcondition: != 0.75
[ 0.00611138  0.01141831  0.01115483 -0.0056562  -0.00924243  0.01793887
 -0.0083062  -0.01143064  0.00014612 -0.04729677 -0.0060453   0.0016268
 -0.00786977  0.02496894  0.02786737 -0.00145611 -0.0260478  -0.01329018
 -0.02998992 -0.00087646  0.00376166 -0.00288845]
X_ 1 postcondition: >= 0.9
[ 0.00733366  0.01370197  0.0133858  -0.00678744 -0.01109092  0.02152664
 -0.00996744 -0.01371676  0.00017535 -0.05675612 -0.00725436  0.00195216
 -0.00944373  0.02996273  0.03344084 -0.00174734 -0.03125735 -0.01594822
 -0.03598791 -0.00105175  0.00451399 -0.00346613]
X_ 1 postcondition: <= 0.9
[ 0.00733366  0.01370197  0.0133858  -0.00678744 -0.01109092  0.02152664
 -0.00996744 -0.01371676  0.00017535 -0.05675612 -0.00725436  0.00195216
 -0.00944373  0.02996273  0.03344084 -0.00174734 -0.03125735 -0.01594822
 -0.03598791 -0.00105175  0.00451399 -0.00346613]
X_ 1 postcondition: > 0.9
[ 0.00733366  0.01370197  0.0133858  -0.00678744 -0.01109092  0.02152664
 -0.00996744 -0.01371676  0.00017535 -0.05675612 -0.00725436  0.00195216
 -0.00944373  0.02996273  0.03344084 -0.00174734 -0.03125735 -0.01594822
 -0.03598791 -0.00105175  0.00451399 -0.00346613]
X_ 1 postcondition: < 0.9
[ 0.00733366  0.01370197  0.0133858  -0.00678744 -0.01109092  0.02152664
 -0.00996744 -0.01371676  0.00017535 -0.05675612 -0.00725436  0.00195216
 -0.00944373  0.02996273  0.03344084 -0.00174734 -0.03125735 -0.01594822
 -0.03598791 -0.00105175  0.00451399 -0.00346613]
X_ 1 postcondition: == 0.9
[ 0.00733366  0.01370197  0.0133858  -0.00678744 -0.01109092  0.02152664
 -0.00996744 -0.01371676  0.00017535 -0.05675612 -0.00725436  0.00195216
 -0.00944373  0.02996273  0.03344084 -0.00174734 -0.03125735 -0.01594822
 -0.03598791 -0.00105175  0.00451399 -0.00346613]
X_ 1 postcondition: != 0.9
[ 0.00733366  0.01370197  0.0133858  -0.00678744 -0.01109092  0.02152664
 -0.00996744 -0.01371676  0.00017535 -0.05675612 -0.00725436  0.00195216
 -0.00944373  0.02996273  0.03344084 -0.00174734 -0.03125735 -0.01594822
 -0.03598791 -0.00105175  0.00451399 -0.00346613]
X_ 1 postcondition: >= 0.95
[ 0.00774108  0.01446319  0.01412946 -0.00716452 -0.01170708  0.02272256
 -0.01052119 -0.01447881  0.00018509 -0.05990924 -0.00765738  0.00206061
 -0.00996838  0.03162732  0.03529868 -0.00184441 -0.03299387 -0.01683423
 -0.03798724 -0.00111018  0.00476477 -0.0036587 ]
X_ 1 postcondition: <= 0.95
[ 0.00774108  0.01446319  0.01412946 -0.00716452 -0.01170708  0.02272256
 -0.01052119 -0.01447881  0.00018509 -0.05990924 -0.00765738  0.00206061
 -0.00996838  0.03162732  0.03529868 -0.00184441 -0.03299387 -0.01683423
 -0.03798724 -0.00111018  0.00476477 -0.0036587 ]
X_ 1 postcondition: > 0.95
[ 0.00774108  0.01446319  0.01412946 -0.00716452 -0.01170708  0.02272256
 -0.01052119 -0.01447881  0.00018509 -0.05990924 -0.00765738  0.00206061
 -0.00996838  0.03162732  0.03529868 -0.00184441 -0.03299387 -0.01683423
 -0.03798724 -0.00111018  0.00476477 -0.0036587 ]
X_ 1 postcondition: < 0.95
[ 0.00774108  0.01446319  0.01412946 -0.00716452 -0.01170708  0.02272256
 -0.01052119 -0.01447881  0.00018509 -0.05990924 -0.00765738  0.00206061
 -0.00996838  0.03162732  0.03529868 -0.00184441 -0.03299387 -0.01683423
 -0.03798724 -0.00111018  0.00476477 -0.0036587 ]
X_ 1 postcondition: == 0.95
[ 0.00774108  0.01446319  0.01412946 -0.00716452 -0.01170708  0.02272256
 -0.01052119 -0.01447881  0.00018509 -0.05990924 -0.00765738  0.00206061
 -0.00996838  0.03162732  0.03529868 -0.00184441 -0.03299387 -0.01683423
 -0.03798724 -0.00111018  0.00476477 -0.0036587 ]
X_ 1 postcondition: != 0.95
[ 0.00774108  0.01446319  0.01412946 -0.00716452 -0.01170708  0.02272256
 -0.01052119 -0.01447881  0.00018509 -0.05990924 -0.00765738  0.00206061
 -0.00996838  0.03162732  0.03529868 -0.00184441 -0.03299387 -0.01683423
 -0.03798724 -0.00111018  0.00476477 -0.0036587 ]
X_ 1 postcondition: >= 0.99
[ 0.00806702  0.01507217  0.01472438 -0.00746618 -0.01220001  0.0236793
 -0.01096418 -0.01508844  0.00019288 -0.06243174 -0.0079798   0.00214737
 -0.0103881   0.032959    0.03678493 -0.00192207 -0.03438309 -0.01754304
 -0.0395867  -0.00115693  0.00496539 -0.00381275]
X_ 1 postcondition: <= 0.99
[ 0.00806702  0.01507217  0.01472438 -0.00746618 -0.01220001  0.0236793
 -0.01096418 -0.01508844  0.00019288 -0.06243174 -0.0079798   0.00214737
 -0.0103881   0.032959    0.03678493 -0.00192207 -0.03438309 -0.01754304
 -0.0395867  -0.00115693  0.00496539 -0.00381275]
X_ 1 postcondition: > 0.99
[ 0.00806702  0.01507217  0.01472438 -0.00746618 -0.01220001  0.0236793
 -0.01096418 -0.01508844  0.00019288 -0.06243174 -0.0079798   0.00214737
 -0.0103881   0.032959    0.03678493 -0.00192207 -0.03438309 -0.01754304
 -0.0395867  -0.00115693  0.00496539 -0.00381275]
X_ 1 postcondition: < 0.99
[ 0.00806702  0.01507217  0.01472438 -0.00746618 -0.01220001  0.0236793
 -0.01096418 -0.01508844  0.00019288 -0.06243174 -0.0079798   0.00214737
 -0.0103881   0.032959    0.03678493 -0.00192207 -0.03438309 -0.01754304
 -0.0395867  -0.00115693  0.00496539 -0.00381275]
X_ 1 postcondition: == 0.99
[ 0.00806702  0.01507217  0.01472438 -0.00746618 -0.01220001  0.0236793
 -0.01096418 -0.01508844  0.00019288 -0.06243174 -0.0079798   0.00214737
 -0.0103881   0.032959    0.03678493 -0.00192207 -0.03438309 -0.01754304
 -0.0395867  -0.00115693  0.00496539 -0.00381275]
X_ 1 postcondition: != 0.99
[ 0.00806702  0.01507217  0.01472438 -0.00746618 -0.01220001  0.0236793
 -0.01096418 -0.01508844  0.00019288 -0.06243174 -0.0079798   0.00214737
 -0.0103881   0.032959    0.03678493 -0.00192207 -0.03438309 -0.01754304
 -0.0395867  -0.00115693  0.00496539 -0.00381275]
X_ 2 postcondition: >= 0.75
[-1.0905117   0.13620505 -0.09612764  0.49373105  0.01043424 -0.9776708
  0.14818297 -0.39263916  0.01413691 -1.2846085  -0.12461782 -0.48792857
  0.06250077  0.63346136  0.39105332  0.7116095   0.43136927  0.23964612
 -2.3437562   0.22369461 -0.9792525   0.04387554 -0.3026927   0.20947747
 -0.41128492  0.0460507  -0.18531796  0.00809486 -0.61231184 -0.05705716
  0.02791128 -0.15220422 -0.23535174  0.22475904  0.3021024   0.09348701
  0.01534048  0.5693927   0.07702322  1.5569327  -0.27419972  0.17461848
  0.08672374  0.72489196  0.16198425 -0.02380587  0.1113437   0.06283746
  1.12228     0.05874654]
X_ 2 postcondition: <= 0.75
[-1.0905117   0.13620505 -0.09612764  0.49373105  0.01043424 -0.9776708
  0.14818297 -0.39263916  0.01413691 -1.2846085  -0.12461782 -0.48792857
  0.06250077  0.63346136  0.39105332  0.7116095   0.43136927  0.23964612
 -2.3437562   0.22369461 -0.9792525   0.04387554 -0.3026927   0.20947747
 -0.41128492  0.0460507  -0.18531796  0.00809486 -0.61231184 -0.05705716
  0.02791128 -0.15220422 -0.23535174  0.22475904  0.3021024   0.09348701
  0.01534048  0.5693927   0.07702322  1.5569327  -0.27419972  0.17461848
  0.08672374  0.72489196  0.16198425 -0.02380587  0.1113437   0.06283746
  1.12228     0.05874654]
X_ 2 postcondition: > 0.75
[-1.0905117   0.13620505 -0.09612764  0.49373105  0.01043424 -0.9776708
  0.14818297 -0.39263916  0.01413691 -1.2846085  -0.12461782 -0.48792857
  0.06250077  0.63346136  0.39105332  0.7116095   0.43136927  0.23964612
 -2.3437562   0.22369461 -0.9792525   0.04387554 -0.3026927   0.20947747
 -0.41128492  0.0460507  -0.18531796  0.00809486 -0.61231184 -0.05705716
  0.02791128 -0.15220422 -0.23535174  0.22475904  0.3021024   0.09348701
  0.01534048  0.5693927   0.07702322  1.5569327  -0.27419972  0.17461848
  0.08672374  0.72489196  0.16198425 -0.02380587  0.1113437   0.06283746
  1.12228     0.05874654]
X_ 2 postcondition: < 0.75
[-1.0905117   0.13620505 -0.09612764  0.49373105  0.01043424 -0.9776708
  0.14818297 -0.39263916  0.01413691 -1.2846085  -0.12461782 -0.48792857
  0.06250077  0.63346136  0.39105332  0.7116095   0.43136927  0.23964612
 -2.3437562   0.22369461 -0.9792525   0.04387554 -0.3026927   0.20947747
 -0.41128492  0.0460507  -0.18531796  0.00809486 -0.61231184 -0.05705716
  0.02791128 -0.15220422 -0.23535174  0.22475904  0.3021024   0.09348701
  0.01534048  0.5693927   0.07702322  1.5569327  -0.27419972  0.17461848
  0.08672374  0.72489196  0.16198425 -0.02380587  0.1113437   0.06283746
  1.12228     0.05874654]
X_ 2 postcondition: == 0.75
[-1.0905117   0.13620505 -0.09612764  0.49373105  0.01043424 -0.9776708
  0.14818297 -0.39263916  0.01413691 -1.2846085  -0.12461782 -0.48792857
  0.06250077  0.63346136  0.39105332  0.7116095   0.43136927  0.23964612
 -2.3437562   0.22369461 -0.9792525   0.04387554 -0.3026927   0.20947747
 -0.41128492  0.0460507  -0.18531796  0.00809486 -0.61231184 -0.05705716
  0.02791128 -0.15220422 -0.23535174  0.22475904  0.3021024   0.09348701
  0.01534048  0.5693927   0.07702322  1.5569327  -0.27419972  0.17461848
  0.08672374  0.72489196  0.16198425 -0.02380587  0.1113437   0.06283746
  1.12228     0.05874654]
X_ 2 postcondition: != 0.75
[-1.0905117   0.13620505 -0.09612764  0.49373105  0.01043424 -0.9776708
  0.14818297 -0.39263916  0.01413691 -1.2846085  -0.12461782 -0.48792857
  0.06250077  0.63346136  0.39105332  0.7116095   0.43136927  0.23964612
 -2.3437562   0.22369461 -0.9792525   0.04387554 -0.3026927   0.20947747
 -0.41128492  0.0460507  -0.18531796  0.00809486 -0.61231184 -0.05705716
  0.02791128 -0.15220422 -0.23535174  0.22475904  0.3021024   0.09348701
  0.01534048  0.5693927   0.07702322  1.5569327  -0.27419972  0.17461848
  0.08672374  0.72489196  0.16198425 -0.02380587  0.1113437   0.06283746
  1.12228     0.05874654]
X_ 2 postcondition: >= 0.9
[-1.308614    0.16344605 -0.11535315  0.59247726  0.01252109 -1.1732047
  0.17781954 -0.47116697  0.01696429 -1.5415301  -0.14954136 -0.58551425
  0.07500092  0.7601538   0.46926406  0.8539313   0.5176432   0.28757533
 -2.8125074   0.26843357 -1.1751031   0.05265065 -0.36323112  0.25137296
 -0.49354202  0.05526086 -0.22238156  0.00971383 -0.73477423 -0.06846861
  0.03349353 -0.18264498 -0.28242207  0.26971084  0.36252293  0.11218442
  0.01840858  0.6832711   0.09242787  1.8683194  -0.3290395   0.2095422
  0.10406848  0.8698704   0.1943811  -0.02856704  0.13361245  0.07540497
  1.3467361   0.07049581]
X_ 2 postcondition: <= 0.9
[-1.308614    0.16344605 -0.11535315  0.59247726  0.01252109 -1.1732047
  0.17781954 -0.47116697  0.01696429 -1.5415301  -0.14954136 -0.58551425
  0.07500092  0.7601538   0.46926406  0.8539313   0.5176432   0.28757533
 -2.8125074   0.26843357 -1.1751031   0.05265065 -0.36323112  0.25137296
 -0.49354202  0.05526086 -0.22238156  0.00971383 -0.73477423 -0.06846861
  0.03349353 -0.18264498 -0.28242207  0.26971084  0.36252293  0.11218442
  0.01840858  0.6832711   0.09242787  1.8683194  -0.3290395   0.2095422
  0.10406848  0.8698704   0.1943811  -0.02856704  0.13361245  0.07540497
  1.3467361   0.07049581]
X_ 2 postcondition: > 0.9
[-1.308614    0.16344605 -0.11535315  0.59247726  0.01252109 -1.1732047
  0.17781954 -0.47116697  0.01696429 -1.5415301  -0.14954136 -0.58551425
  0.07500092  0.7601538   0.46926406  0.8539313   0.5176432   0.28757533
 -2.8125074   0.26843357 -1.1751031   0.05265065 -0.36323112  0.25137296
 -0.49354202  0.05526086 -0.22238156  0.00971383 -0.73477423 -0.06846861
  0.03349353 -0.18264498 -0.28242207  0.26971084  0.36252293  0.11218442
  0.01840858  0.6832711   0.09242787  1.8683194  -0.3290395   0.2095422
  0.10406848  0.8698704   0.1943811  -0.02856704  0.13361245  0.07540497
  1.3467361   0.07049581]
X_ 2 postcondition: < 0.9
[-1.308614    0.16344605 -0.11535315  0.59247726  0.01252109 -1.1732047
  0.17781954 -0.47116697  0.01696429 -1.5415301  -0.14954136 -0.58551425
  0.07500092  0.7601538   0.46926406  0.8539313   0.5176432   0.28757533
 -2.8125074   0.26843357 -1.1751031   0.05265065 -0.36323112  0.25137296
 -0.49354202  0.05526086 -0.22238156  0.00971383 -0.73477423 -0.06846861
  0.03349353 -0.18264498 -0.28242207  0.26971084  0.36252293  0.11218442
  0.01840858  0.6832711   0.09242787  1.8683194  -0.3290395   0.2095422
  0.10406848  0.8698704   0.1943811  -0.02856704  0.13361245  0.07540497
  1.3467361   0.07049581]
X_ 2 postcondition: == 0.9
[-1.308614    0.16344605 -0.11535315  0.59247726  0.01252109 -1.1732047
  0.17781954 -0.47116697  0.01696429 -1.5415301  -0.14954136 -0.58551425
  0.07500092  0.7601538   0.46926406  0.8539313   0.5176432   0.28757533
 -2.8125074   0.26843357 -1.1751031   0.05265065 -0.36323112  0.25137296
 -0.49354202  0.05526086 -0.22238156  0.00971383 -0.73477423 -0.06846861
  0.03349353 -0.18264498 -0.28242207  0.26971084  0.36252293  0.11218442
  0.01840858  0.6832711   0.09242787  1.8683194  -0.3290395   0.2095422
  0.10406848  0.8698704   0.1943811  -0.02856704  0.13361245  0.07540497
  1.3467361   0.07049581]
X_ 2 postcondition: != 0.9
[-1.308614    0.16344605 -0.11535315  0.59247726  0.01252109 -1.1732047
  0.17781954 -0.47116697  0.01696429 -1.5415301  -0.14954136 -0.58551425
  0.07500092  0.7601538   0.46926406  0.8539313   0.5176432   0.28757533
 -2.8125074   0.26843357 -1.1751031   0.05265065 -0.36323112  0.25137296
 -0.49354202  0.05526086 -0.22238156  0.00971383 -0.73477423 -0.06846861
  0.03349353 -0.18264498 -0.28242207  0.26971084  0.36252293  0.11218442
  0.01840858  0.6832711   0.09242787  1.8683194  -0.3290395   0.2095422
  0.10406848  0.8698704   0.1943811  -0.02856704  0.13361245  0.07540497
  1.3467361   0.07049581]
X_ 2 postcondition: >= 0.95
[-1.3813149   0.17252639 -0.12176166  0.62539274  0.0132167  -1.2383828
  0.18769845 -0.4973429   0.01790676 -1.6271707  -0.1578492  -0.6180428
  0.07916766  0.8023844   0.49533424  0.901372    0.5464011   0.30355176
 -2.9687576   0.2833466  -1.2403865   0.05557568 -0.38341072  0.26533815
 -0.5209609   0.05833089 -0.23473608  0.01025349 -0.77559507 -0.07227241
  0.03535429 -0.19279194 -0.2981122   0.28469476  0.38266304  0.11841689
  0.01943128  0.7212306   0.09756266  1.9721149  -0.3473195   0.22118342
  0.10985003  0.91819656  0.20518008 -0.03015411  0.14103536  0.07959413
  1.4215548   0.07441224]
X_ 2 postcondition: <= 0.95
[-1.3813149   0.17252639 -0.12176166  0.62539274  0.0132167  -1.2383828
  0.18769845 -0.4973429   0.01790676 -1.6271707  -0.1578492  -0.6180428
  0.07916766  0.8023844   0.49533424  0.901372    0.5464011   0.30355176
 -2.9687576   0.2833466  -1.2403865   0.05557568 -0.38341072  0.26533815
 -0.5209609   0.05833089 -0.23473608  0.01025349 -0.77559507 -0.07227241
  0.03535429 -0.19279194 -0.2981122   0.28469476  0.38266304  0.11841689
  0.01943128  0.7212306   0.09756266  1.9721149  -0.3473195   0.22118342
  0.10985003  0.91819656  0.20518008 -0.03015411  0.14103536  0.07959413
  1.4215548   0.07441224]
X_ 2 postcondition: > 0.95
[-1.3813149   0.17252639 -0.12176166  0.62539274  0.0132167  -1.2383828
  0.18769845 -0.4973429   0.01790676 -1.6271707  -0.1578492  -0.6180428
  0.07916766  0.8023844   0.49533424  0.901372    0.5464011   0.30355176
 -2.9687576   0.2833466  -1.2403865   0.05557568 -0.38341072  0.26533815
 -0.5209609   0.05833089 -0.23473608  0.01025349 -0.77559507 -0.07227241
  0.03535429 -0.19279194 -0.2981122   0.28469476  0.38266304  0.11841689
  0.01943128  0.7212306   0.09756266  1.9721149  -0.3473195   0.22118342
  0.10985003  0.91819656  0.20518008 -0.03015411  0.14103536  0.07959413
  1.4215548   0.07441224]
X_ 2 postcondition: < 0.95
[-1.3813149   0.17252639 -0.12176166  0.62539274  0.0132167  -1.2383828
  0.18769845 -0.4973429   0.01790676 -1.6271707  -0.1578492  -0.6180428
  0.07916766  0.8023844   0.49533424  0.901372    0.5464011   0.30355176
 -2.9687576   0.2833466  -1.2403865   0.05557568 -0.38341072  0.26533815
 -0.5209609   0.05833089 -0.23473608  0.01025349 -0.77559507 -0.07227241
  0.03535429 -0.19279194 -0.2981122   0.28469476  0.38266304  0.11841689
  0.01943128  0.7212306   0.09756266  1.9721149  -0.3473195   0.22118342
  0.10985003  0.91819656  0.20518008 -0.03015411  0.14103536  0.07959413
  1.4215548   0.07441224]
X_ 2 postcondition: == 0.95
[-1.3813149   0.17252639 -0.12176166  0.62539274  0.0132167  -1.2383828
  0.18769845 -0.4973429   0.01790676 -1.6271707  -0.1578492  -0.6180428
  0.07916766  0.8023844   0.49533424  0.901372    0.5464011   0.30355176
 -2.9687576   0.2833466  -1.2403865   0.05557568 -0.38341072  0.26533815
 -0.5209609   0.05833089 -0.23473608  0.01025349 -0.77559507 -0.07227241
  0.03535429 -0.19279194 -0.2981122   0.28469476  0.38266304  0.11841689
  0.01943128  0.7212306   0.09756266  1.9721149  -0.3473195   0.22118342
  0.10985003  0.91819656  0.20518008 -0.03015411  0.14103536  0.07959413
  1.4215548   0.07441224]
X_ 2 postcondition: != 0.95
[-1.3813149   0.17252639 -0.12176166  0.62539274  0.0132167  -1.2383828
  0.18769845 -0.4973429   0.01790676 -1.6271707  -0.1578492  -0.6180428
  0.07916766  0.8023844   0.49533424  0.901372    0.5464011   0.30355176
 -2.9687576   0.2833466  -1.2403865   0.05557568 -0.38341072  0.26533815
 -0.5209609   0.05833089 -0.23473608  0.01025349 -0.77559507 -0.07227241
  0.03535429 -0.19279194 -0.2981122   0.28469476  0.38266304  0.11841689
  0.01943128  0.7212306   0.09756266  1.9721149  -0.3473195   0.22118342
  0.10985003  0.91819656  0.20518008 -0.03015411  0.14103536  0.07959413
  1.4215548   0.07441224]
X_ 2 postcondition: >= 0.99
[-1.4394753   0.17979066 -0.12688848  0.65172493  0.01377319 -1.2905254
  0.19560146 -0.5182837   0.01866072 -1.6956834  -0.16449551 -0.6440657
  0.08250102  0.8361691   0.51619047  0.9393244   0.5694075   0.3163329
 -3.0937579   0.29527703 -1.2926131   0.05791569 -0.3995544   0.2765102
 -0.5428962   0.06078695 -0.24461971  0.01068522 -0.80825174 -0.07531546
  0.03684288 -0.20090948 -0.31066427  0.29668197  0.3987752   0.12340288
  0.02024944  0.75159824  0.10167062  2.0551512  -0.36194354  0.2304964
  0.11447532  0.9568575   0.21381918 -0.03142375  0.14697368  0.08294544
  1.4814098   0.07754541]
X_ 2 postcondition: <= 0.99
[-1.4394753   0.17979066 -0.12688848  0.65172493  0.01377319 -1.2905254
  0.19560146 -0.5182837   0.01866072 -1.6956834  -0.16449551 -0.6440657
  0.08250102  0.8361691   0.51619047  0.9393244   0.5694075   0.3163329
 -3.0937579   0.29527703 -1.2926131   0.05791569 -0.3995544   0.2765102
 -0.5428962   0.06078695 -0.24461971  0.01068522 -0.80825174 -0.07531546
  0.03684288 -0.20090948 -0.31066427  0.29668197  0.3987752   0.12340288
  0.02024944  0.75159824  0.10167062  2.0551512  -0.36194354  0.2304964
  0.11447532  0.9568575   0.21381918 -0.03142375  0.14697368  0.08294544
  1.4814098   0.07754541]
X_ 2 postcondition: > 0.99
[-1.4394753   0.17979066 -0.12688848  0.65172493  0.01377319 -1.2905254
  0.19560146 -0.5182837   0.01866072 -1.6956834  -0.16449551 -0.6440657
  0.08250102  0.8361691   0.51619047  0.9393244   0.5694075   0.3163329
 -3.0937579   0.29527703 -1.2926131   0.05791569 -0.3995544   0.2765102
 -0.5428962   0.06078695 -0.24461971  0.01068522 -0.80825174 -0.07531546
  0.03684288 -0.20090948 -0.31066427  0.29668197  0.3987752   0.12340288
  0.02024944  0.75159824  0.10167062  2.0551512  -0.36194354  0.2304964
  0.11447532  0.9568575   0.21381918 -0.03142375  0.14697368  0.08294544
  1.4814098   0.07754541]
X_ 2 postcondition: < 0.99
[-1.4394753   0.17979066 -0.12688848  0.65172493  0.01377319 -1.2905254
  0.19560146 -0.5182837   0.01866072 -1.6956834  -0.16449551 -0.6440657
  0.08250102  0.8361691   0.51619047  0.9393244   0.5694075   0.3163329
 -3.0937579   0.29527703 -1.2926131   0.05791569 -0.3995544   0.2765102
 -0.5428962   0.06078695 -0.24461971  0.01068522 -0.80825174 -0.07531546
  0.03684288 -0.20090948 -0.31066427  0.29668197  0.3987752   0.12340288
  0.02024944  0.75159824  0.10167062  2.0551512  -0.36194354  0.2304964
  0.11447532  0.9568575   0.21381918 -0.03142375  0.14697368  0.08294544
  1.4814098   0.07754541]
X_ 2 postcondition: == 0.99
[-1.4394753   0.17979066 -0.12688848  0.65172493  0.01377319 -1.2905254
  0.19560146 -0.5182837   0.01866072 -1.6956834  -0.16449551 -0.6440657
  0.08250102  0.8361691   0.51619047  0.9393244   0.5694075   0.3163329
 -3.0937579   0.29527703 -1.2926131   0.05791569 -0.3995544   0.2765102
 -0.5428962   0.06078695 -0.24461971  0.01068522 -0.80825174 -0.07531546
  0.03684288 -0.20090948 -0.31066427  0.29668197  0.3987752   0.12340288
  0.02024944  0.75159824  0.10167062  2.0551512  -0.36194354  0.2304964
  0.11447532  0.9568575   0.21381918 -0.03142375  0.14697368  0.08294544
  1.4814098   0.07754541]
X_ 2 postcondition: != 0.99
[-1.4394753   0.17979066 -0.12688848  0.65172493  0.01377319 -1.2905254
  0.19560146 -0.5182837   0.01866072 -1.6956834  -0.16449551 -0.6440657
  0.08250102  0.8361691   0.51619047  0.9393244   0.5694075   0.3163329
 -3.0937579   0.29527703 -1.2926131   0.05791569 -0.3995544   0.2765102
 -0.5428962   0.06078695 -0.24461971  0.01068522 -0.80825174 -0.07531546
  0.03684288 -0.20090948 -0.31066427  0.29668197  0.3987752   0.12340288
  0.02024944  0.75159824  0.10167062  2.0551512  -0.36194354  0.2304964
  0.11447532  0.9568575   0.21381918 -0.03142375  0.14697368  0.08294544
  1.4814098   0.07754541]
X_ 3 postcondition: >= 0.75
[-2.6358506e-01 -5.8824885e-01  2.7067032e-01 -1.1265892e+00
  6.2801052e+01 -7.2791815e-01 -3.6376017e-01 -1.0616337e+01
  6.1035294e-02 -1.5716751e+00 -2.2444317e-01  1.3027033e-01
 -2.5666603e-01 -1.8950908e+00 -2.2521658e-01 -1.1006342e+00
 -1.3430305e+00  3.1093913e-01 -5.5065007e+00  4.2609149e-01
 -6.3182913e-02 -5.2277988e-01]
X_ 3 postcondition: <= 0.75
[-2.6358506e-01 -5.8824885e-01  2.7067032e-01 -1.1265892e+00
  6.2801052e+01 -7.2791815e-01 -3.6376017e-01 -1.0616337e+01
  6.1035294e-02 -1.5716751e+00 -2.2444317e-01  1.3027033e-01
 -2.5666603e-01 -1.8950908e+00 -2.2521658e-01 -1.1006342e+00
 -1.3430305e+00  3.1093913e-01 -5.5065007e+00  4.2609149e-01
 -6.3182913e-02 -5.2277988e-01]
X_ 3 postcondition: > 0.75
[-2.6358506e-01 -5.8824885e-01  2.7067032e-01 -1.1265892e+00
  6.2801052e+01 -7.2791815e-01 -3.6376017e-01 -1.0616337e+01
  6.1035294e-02 -1.5716751e+00 -2.2444317e-01  1.3027033e-01
 -2.5666603e-01 -1.8950908e+00 -2.2521658e-01 -1.1006342e+00
 -1.3430305e+00  3.1093913e-01 -5.5065007e+00  4.2609149e-01
 -6.3182913e-02 -5.2277988e-01]
X_ 3 postcondition: < 0.75
[-2.6358506e-01 -5.8824885e-01  2.7067032e-01 -1.1265892e+00
  6.2801052e+01 -7.2791815e-01 -3.6376017e-01 -1.0616337e+01
  6.1035294e-02 -1.5716751e+00 -2.2444317e-01  1.3027033e-01
 -2.5666603e-01 -1.8950908e+00 -2.2521658e-01 -1.1006342e+00
 -1.3430305e+00  3.1093913e-01 -5.5065007e+00  4.2609149e-01
 -6.3182913e-02 -5.2277988e-01]
X_ 3 postcondition: == 0.75
[-2.6358506e-01 -5.8824885e-01  2.7067032e-01 -1.1265892e+00
  6.2801052e+01 -7.2791815e-01 -3.6376017e-01 -1.0616337e+01
  6.1035294e-02 -1.5716751e+00 -2.2444317e-01  1.3027033e-01
 -2.5666603e-01 -1.8950908e+00 -2.2521658e-01 -1.1006342e+00
 -1.3430305e+00  3.1093913e-01 -5.5065007e+00  4.2609149e-01
 -6.3182913e-02 -5.2277988e-01]
X_ 3 postcondition: != 0.75
[-2.6358506e-01 -5.8824885e-01  2.7067032e-01 -1.1265892e+00
  6.2801052e+01 -7.2791815e-01 -3.6376017e-01 -1.0616337e+01
  6.1035294e-02 -1.5716751e+00 -2.2444317e-01  1.3027033e-01
 -2.5666603e-01 -1.8950908e+00 -2.2521658e-01 -1.1006342e+00
 -1.3430305e+00  3.1093913e-01 -5.5065007e+00  4.2609149e-01
 -6.3182913e-02 -5.2277988e-01]
X_ 3 postcondition: >= 0.9
[-3.1630206e-01 -7.0589858e-01  3.2480437e-01 -1.3519070e+00
  7.5361259e+01 -8.7350178e-01 -4.3651220e-01 -1.2739603e+01
  7.3242351e-02 -1.8860101e+00 -2.6933178e-01  1.5632439e-01
 -3.0799925e-01 -2.2741089e+00 -2.7025992e-01 -1.3207611e+00
 -1.6116365e+00  3.7312695e-01 -6.6078005e+00  5.1130974e-01
 -7.5819492e-02 -6.2733585e-01]
X_ 3 postcondition: <= 0.9
[-3.1630206e-01 -7.0589858e-01  3.2480437e-01 -1.3519070e+00
  7.5361259e+01 -8.7350178e-01 -4.3651220e-01 -1.2739603e+01
  7.3242351e-02 -1.8860101e+00 -2.6933178e-01  1.5632439e-01
 -3.0799925e-01 -2.2741089e+00 -2.7025992e-01 -1.3207611e+00
 -1.6116365e+00  3.7312695e-01 -6.6078005e+00  5.1130974e-01
 -7.5819492e-02 -6.2733585e-01]
X_ 3 postcondition: > 0.9
[-3.1630206e-01 -7.0589858e-01  3.2480437e-01 -1.3519070e+00
  7.5361259e+01 -8.7350178e-01 -4.3651220e-01 -1.2739603e+01
  7.3242351e-02 -1.8860101e+00 -2.6933178e-01  1.5632439e-01
 -3.0799925e-01 -2.2741089e+00 -2.7025992e-01 -1.3207611e+00
 -1.6116365e+00  3.7312695e-01 -6.6078005e+00  5.1130974e-01
 -7.5819492e-02 -6.2733585e-01]
X_ 3 postcondition: < 0.9
[-3.1630206e-01 -7.0589858e-01  3.2480437e-01 -1.3519070e+00
  7.5361259e+01 -8.7350178e-01 -4.3651220e-01 -1.2739603e+01
  7.3242351e-02 -1.8860101e+00 -2.6933178e-01  1.5632439e-01
 -3.0799925e-01 -2.2741089e+00 -2.7025992e-01 -1.3207611e+00
 -1.6116365e+00  3.7312695e-01 -6.6078005e+00  5.1130974e-01
 -7.5819492e-02 -6.2733585e-01]
X_ 3 postcondition: == 0.9
[-3.1630206e-01 -7.0589858e-01  3.2480437e-01 -1.3519070e+00
  7.5361259e+01 -8.7350178e-01 -4.3651220e-01 -1.2739603e+01
  7.3242351e-02 -1.8860101e+00 -2.6933178e-01  1.5632439e-01
 -3.0799925e-01 -2.2741089e+00 -2.7025992e-01 -1.3207611e+00
 -1.6116365e+00  3.7312695e-01 -6.6078005e+00  5.1130974e-01
 -7.5819492e-02 -6.2733585e-01]
X_ 3 postcondition: != 0.9
[-3.1630206e-01 -7.0589858e-01  3.2480437e-01 -1.3519070e+00
  7.5361259e+01 -8.7350178e-01 -4.3651220e-01 -1.2739603e+01
  7.3242351e-02 -1.8860101e+00 -2.6933178e-01  1.5632439e-01
 -3.0799925e-01 -2.2741089e+00 -2.7025992e-01 -1.3207611e+00
 -1.6116365e+00  3.7312695e-01 -6.6078005e+00  5.1130974e-01
 -7.5819492e-02 -6.2733585e-01]
X_ 3 postcondition: >= 0.95
[-3.3387440e-01 -7.4511522e-01  3.4284908e-01 -1.4270130e+00
  7.9547997e+01 -9.2202967e-01 -4.6076289e-01 -1.3447359e+01
  7.7311367e-02 -1.9907882e+00 -2.8429466e-01  1.6500908e-01
 -3.2511032e-01 -2.4004483e+00 -2.8527433e-01 -1.3941367e+00
 -1.7011719e+00  3.9385629e-01 -6.9749002e+00  5.3971589e-01
 -8.0031693e-02 -6.6218781e-01]
X_ 3 postcondition: <= 0.95
[-3.3387440e-01 -7.4511522e-01  3.4284908e-01 -1.4270130e+00
  7.9547997e+01 -9.2202967e-01 -4.6076289e-01 -1.3447359e+01
  7.7311367e-02 -1.9907882e+00 -2.8429466e-01  1.6500908e-01
 -3.2511032e-01 -2.4004483e+00 -2.8527433e-01 -1.3941367e+00
 -1.7011719e+00  3.9385629e-01 -6.9749002e+00  5.3971589e-01
 -8.0031693e-02 -6.6218781e-01]
X_ 3 postcondition: > 0.95
[-3.3387440e-01 -7.4511522e-01  3.4284908e-01 -1.4270130e+00
  7.9547997e+01 -9.2202967e-01 -4.6076289e-01 -1.3447359e+01
  7.7311367e-02 -1.9907882e+00 -2.8429466e-01  1.6500908e-01
 -3.2511032e-01 -2.4004483e+00 -2.8527433e-01 -1.3941367e+00
 -1.7011719e+00  3.9385629e-01 -6.9749002e+00  5.3971589e-01
 -8.0031693e-02 -6.6218781e-01]
X_ 3 postcondition: < 0.95
[-3.3387440e-01 -7.4511522e-01  3.4284908e-01 -1.4270130e+00
  7.9547997e+01 -9.2202967e-01 -4.6076289e-01 -1.3447359e+01
  7.7311367e-02 -1.9907882e+00 -2.8429466e-01  1.6500908e-01
 -3.2511032e-01 -2.4004483e+00 -2.8527433e-01 -1.3941367e+00
 -1.7011719e+00  3.9385629e-01 -6.9749002e+00  5.3971589e-01
 -8.0031693e-02 -6.6218781e-01]
X_ 3 postcondition: == 0.95
[-3.3387440e-01 -7.4511522e-01  3.4284908e-01 -1.4270130e+00
  7.9547997e+01 -9.2202967e-01 -4.6076289e-01 -1.3447359e+01
  7.7311367e-02 -1.9907882e+00 -2.8429466e-01  1.6500908e-01
 -3.2511032e-01 -2.4004483e+00 -2.8527433e-01 -1.3941367e+00
 -1.7011719e+00  3.9385629e-01 -6.9749002e+00  5.3971589e-01
 -8.0031693e-02 -6.6218781e-01]
X_ 3 postcondition: != 0.95
[-3.3387440e-01 -7.4511522e-01  3.4284908e-01 -1.4270130e+00
  7.9547997e+01 -9.2202967e-01 -4.6076289e-01 -1.3447359e+01
  7.7311367e-02 -1.9907882e+00 -2.8429466e-01  1.6500908e-01
 -3.2511032e-01 -2.4004483e+00 -2.8527433e-01 -1.3941367e+00
 -1.7011719e+00  3.9385629e-01 -6.9749002e+00  5.3971589e-01
 -8.0031693e-02 -6.6218781e-01]
X_ 3 postcondition: >= 0.99
[-3.4793228e-01 -7.7648848e-01  3.5728481e-01 -1.4870979e+00
  8.2897392e+01 -9.6085203e-01 -4.8016343e-01 -1.4013565e+01
  8.0566585e-02 -2.0746112e+00 -2.9626498e-01  1.7195682e-01
 -3.3879918e-01 -2.5015199e+00 -2.9728591e-01 -1.4528372e+00
 -1.7728002e+00  4.1043970e-01 -7.2685809e+00  5.6244075e-01
 -8.3401449e-02 -6.9006938e-01]
X_ 3 postcondition: <= 0.99
[-3.4793228e-01 -7.7648848e-01  3.5728481e-01 -1.4870979e+00
  8.2897392e+01 -9.6085203e-01 -4.8016343e-01 -1.4013565e+01
  8.0566585e-02 -2.0746112e+00 -2.9626498e-01  1.7195682e-01
 -3.3879918e-01 -2.5015199e+00 -2.9728591e-01 -1.4528372e+00
 -1.7728002e+00  4.1043970e-01 -7.2685809e+00  5.6244075e-01
 -8.3401449e-02 -6.9006938e-01]
X_ 3 postcondition: > 0.99
[-3.4793228e-01 -7.7648848e-01  3.5728481e-01 -1.4870979e+00
  8.2897392e+01 -9.6085203e-01 -4.8016343e-01 -1.4013565e+01
  8.0566585e-02 -2.0746112e+00 -2.9626498e-01  1.7195682e-01
 -3.3879918e-01 -2.5015199e+00 -2.9728591e-01 -1.4528372e+00
 -1.7728002e+00  4.1043970e-01 -7.2685809e+00  5.6244075e-01
 -8.3401449e-02 -6.9006938e-01]
X_ 3 postcondition: < 0.99
[-3.4793228e-01 -7.7648848e-01  3.5728481e-01 -1.4870979e+00
  8.2897392e+01 -9.6085203e-01 -4.8016343e-01 -1.4013565e+01
  8.0566585e-02 -2.0746112e+00 -2.9626498e-01  1.7195682e-01
 -3.3879918e-01 -2.5015199e+00 -2.9728591e-01 -1.4528372e+00
 -1.7728002e+00  4.1043970e-01 -7.2685809e+00  5.6244075e-01
 -8.3401449e-02 -6.9006938e-01]
X_ 3 postcondition: == 0.99
[-3.4793228e-01 -7.7648848e-01  3.5728481e-01 -1.4870979e+00
  8.2897392e+01 -9.6085203e-01 -4.8016343e-01 -1.4013565e+01
  8.0566585e-02 -2.0746112e+00 -2.9626498e-01  1.7195682e-01
 -3.3879918e-01 -2.5015199e+00 -2.9728591e-01 -1.4528372e+00
 -1.7728002e+00  4.1043970e-01 -7.2685809e+00  5.6244075e-01
 -8.3401449e-02 -6.9006938e-01]
X_ 3 postcondition: != 0.99
[-3.4793228e-01 -7.7648848e-01  3.5728481e-01 -1.4870979e+00
  8.2897392e+01 -9.6085203e-01 -4.8016343e-01 -1.4013565e+01
  8.0566585e-02 -2.0746112e+00 -2.9626498e-01  1.7195682e-01
 -3.3879918e-01 -2.5015199e+00 -2.9728591e-01 -1.4528372e+00
 -1.7728002e+00  4.1043970e-01 -7.2685809e+00  5.6244075e-01
 -8.3401449e-02 -6.9006938e-01]
Weakest precondition: [-6.5220142e-05 -2.0076809e-04 -2.5138192e-04  2.3912504e-05
  8.4116182e-05 -4.3249322e-04  1.4069876e-04  1.6922353e-05
 -4.4276411e-04  3.1444750e-04  2.3007876e-04 -2.7210449e-04
 -1.2218754e-04 -5.1779079e-04 -5.4093020e-04  3.1660224e-04
  1.8804650e-04  5.5192079e-04  1.6741184e-04  5.8025667e-05
 -7.9473961e-05 -1.8508011e-04]
Features:  ['Age' 'Job' 'Credit amount' 'Duration' 'Sex_female' 'Sex_male'
 'Housing_free' 'Housing_own' 'Housing_rent' 'Saving accounts_little'
 'Saving accounts_moderate' 'Saving accounts_quite rich'
 'Checking account_little' 'Checking account_moderate'
 'Checking account_rich' 'Purpose_business' 'Purpose_car'
 'Purpose_domestic appliances' 'Purpose_education'
 'Purpose_furniture/equipment' 'Purpose_radio/TV' 'Purpose_repairs']
Features length:  22
Weakest precondition size  22

Checking precondition violation:   0%|          | 0/22 [00:00<?, ?it/s]
Checking precondition violation: 100%|██████████| 22/22 [00:00<00:00, 923.40it/s]
