Number of layers in the model: 3
Layer: dense
Layer: dense_1
Layer: dense_2
Number of selected layers in the model: 3
#weights: 3 | #biases: 3 | #N: 3 | #Gamma: 3
W_ 1 : [[ 0.21125162 -0.00335716 -0.27482533  0.16866988  0.27187967  0.23406282
  -0.25136855  0.11660658 -0.06771147 -0.25394025]
 [ 0.65991867  0.39322954 -0.19724531  0.19107361  0.144481    0.22155845
   0.292149   -0.28338134  0.22721523  0.20319949]
 [-0.22143634  0.23559211 -0.37241468  0.21956103 -0.35642844  0.01681626
  -0.11322463 -0.04055947  0.12599757 -0.19252348]
 [-0.00268586 -0.09898072 -0.19255129 -0.04711456  0.00901018 -0.2046364
   0.14313981  0.15438102  0.21634859  0.34668127]
 [ 0.62741894 -0.35857484 -0.13488215  0.23907068 -0.12513004  0.3631699
  -0.22511055 -0.44801307  0.04315359 -0.04146412]
 [ 0.28115442 -0.22744139  0.3391711  -0.36553323 -0.10096283  0.23245093
   0.00480606 -0.09624022 -0.18062684  0.26020443]
 [ 0.4196185   0.30446702 -0.2635743  -0.14931689 -0.1618659   0.01220602
   0.2895547   0.03876337  0.06473394 -0.14658968]
 [-0.03921384  0.292529    0.3845749  -0.18361394  0.29157978  0.23324074
   0.21147074  0.22129646 -0.19525106 -0.38652024]
 [-0.13176103  0.28373307  0.1401903   0.02148     0.10322185 -0.09371942
  -0.23646851 -0.45582202 -0.14058669 -0.17352034]
 [-0.06422527  0.0723928  -0.07898264  0.2491009  -0.00226853 -0.17745307
  -0.22863422 -0.4663434   0.00849891  0.15474845]
 [-0.07315833  0.30365098 -0.44378626  0.05137936  0.01531281 -0.42246306
   0.46571672 -0.2485432   0.05780179  0.13301201]
 [ 0.0431757  -0.11029131 -0.4865883   0.4012917   0.30659002  0.25913396
  -0.33909294 -0.35541758  0.3411461  -0.17738935]
 [-0.2944815   0.10353902 -0.30572718  0.21035203  0.09756991  0.06580202
   0.23375365 -0.21374322  0.06824625  0.07157127]
 [ 0.11878017  0.43197966 -0.17145012  0.05210655  0.38310876  0.28352824
   0.514978   -0.16826095 -0.16861342 -0.32984987]
 [ 0.19038726  0.29535678  0.23343262 -0.38292712  0.09807322 -0.3104065
  -0.33750296 -0.04697081 -0.11197075  0.20855205]
 [ 0.02930655 -0.3482876  -0.15130295  0.02159163  0.00462908  0.05876864
   0.3020012   0.26685598 -0.3169385   0.0248503 ]
 [ 0.2386285   0.09578235 -0.11245833  0.18028866 -0.01696551 -0.09628934
  -0.11727511 -0.17313327 -0.35463187  0.49023154]
 [-0.00969752  0.12589458  0.18304035 -0.12866502  0.05464305  0.3345419
  -0.15129471  0.3004815  -0.3370828  -0.34566566]
 [-0.05835438  0.24869974 -0.27290893 -0.33464968  0.13762823  0.05227425
  -0.18240751  0.13841052 -0.33546016  0.1010522 ]
 [ 0.04509157  0.19639568 -0.34816027  0.33729765 -0.24668434 -0.21600387
  -0.11023789  0.32231784 -0.3641004  -0.1876165 ]
 [ 0.12270667  0.2174912  -0.28327084 -0.10746843  0.2239026  -0.49388015
   0.2387177  -0.35034978  0.06791139 -0.28859478]
 [ 0.6067212  -0.16847208 -0.17820765 -0.05124727 -0.10198833 -0.18737441
   0.39320892 -0.0292432  -0.09504829 -0.10428803]
 [ 0.36991292 -0.13094015 -0.6136427  -0.07661305 -0.07715073 -0.08544029
   0.00698001 -0.13712844 -0.10672908  0.01059822]
 [ 0.33246368 -0.25352386 -0.48238084  0.17909801  0.44861323  0.0169062
   0.24593444  0.07933474  0.1710224   0.09807542]
 [ 0.42648128  0.07107788 -0.4805843  -0.26984718  0.35434464 -0.37475428
   0.54377866 -0.01349015  0.2906161  -0.03471208]
 [-0.10500786  0.02931127 -0.5473256  -0.34029442  0.25291276  0.13681895
   0.49835053  0.36321372  0.23619536 -0.04798261]
 [-0.19405131  0.35376862 -0.40947065 -0.15616535 -0.06833354 -0.24107158
  -0.13635077  0.19352861 -0.21750642 -0.20700327]
 [ 0.31048918 -0.30620906 -0.16368906  0.17873715 -0.00674646 -0.39014292
   0.03006887  0.32299146 -0.32795227  0.484529  ]]
W_ 2 : [[ 0.11036119  0.25917333 -0.06967674  0.21413872 -0.00668328 -0.33399025
   0.2870473  -0.6623056   0.04105719 -0.22173193 -0.0191437   0.27851328
  -0.46352702  0.31351218 -0.12642264 -0.28810602  0.31522813  0.642225
   0.526343    0.20049565 -0.5550401  -0.50571746  0.33515257  0.25108954
   0.5198804   0.14470442 -0.3485329   0.38226292]
 [ 0.11198617 -0.06534914 -0.2901874  -0.29764405  0.20503317  0.11810983
   0.16707042  0.12524462 -0.12456548  0.1570128   0.21144037  0.10813181
  -0.27017647  0.46614963  0.18747905  0.03593035 -0.22011602  0.08045951
   0.36682266  0.01629741 -0.35665673  0.24905875 -0.31661105 -0.10722668
   0.3500242  -0.09031723 -0.34768823  0.07968411]
 [ 0.07089911 -0.04404978  0.20653056 -0.20444594 -0.15192248  0.11505007
  -0.34821922  0.30837706 -0.18383193  0.3679048  -0.26572874 -0.3576751
   0.1667893  -0.33805466 -0.28575283 -0.38323286 -0.31761613 -0.12596154
  -0.2734499  -0.01176712  0.20849875  0.10969869 -0.3834555  -0.03205296
  -0.12397669 -0.31725302  0.35648963 -0.37891772]
 [ 0.26146886  0.15762192  0.2748071   0.3180742  -0.21062489 -0.299437
   0.21471143  0.11760797 -0.09435078 -0.28574967 -0.2697403  -0.0924537
   0.32725397  0.24506621  0.13213466  0.27689397  0.11153808  0.12221189
  -0.05406159  0.20563     0.0456675   0.22032844 -0.18192725 -0.1577227
   0.04875872  0.21021225 -0.27891716 -0.22788398]
 [-0.34936026  0.04470576  0.2987706   0.35654122  0.19297859 -0.00668934
   0.15416119 -0.0237269   0.35117653 -0.01748236  0.2343619   0.13801523
  -0.35155776  0.3581131   0.1138173   0.35113034 -0.3105251  -0.21520637
  -0.25209975  0.04278252 -0.2666767  -0.17776625  0.18365405 -0.3864801
   0.05148616  0.10149895  0.277612   -0.30678588]
 [-0.44557852 -0.11604211 -0.200564   -0.11012353  0.29045397 -0.23394129
  -0.16340749  0.3194874   0.15572213 -0.25890267 -0.25809622 -0.42110485
   0.36586174  0.27700472 -0.0421695  -0.253923   -0.38987568  0.39586383
   0.10263303  0.19641298  0.11289951 -0.00157932 -0.39666566 -0.36593908
   0.35038882  0.18741882  0.37646922 -0.2229144 ]
 [ 0.01680704 -0.38475567  0.20809446 -0.3037179  -0.3618564   0.11923109
  -0.23931845  0.22368777 -0.03822134 -0.34743026  0.09434343 -0.31268528
  -0.0487863   0.27164692  0.04419696  0.30594847  0.0087823   0.30356967
   0.1918145   0.15826009 -0.14193971  0.12827072 -0.3188723  -0.0541904
   0.38787344 -0.20933993 -0.3883292   0.06614336]
 [ 0.13615878 -0.27211827  0.22826783 -0.18212624  0.14221644 -0.12265574
  -0.2917933   0.23629415  0.24911413  0.07584625 -0.08493622  0.33142096
   0.09727262 -0.00331288 -0.24312209 -0.18155906  0.03178978 -0.12589626
   0.463826   -0.3648754   0.2540405   0.30745262 -0.2933167   0.32086748
  -0.21782112 -0.024947   -0.2352276  -0.03587948]
 [ 0.32483914 -0.11432459 -0.2235319  -0.24244688 -0.27361497  0.35937357
   0.3741671  -0.16924514 -0.02428228  0.3294558   0.07444061  0.11760429
   0.17062715  0.16205111 -0.18681365 -0.10420763 -0.18996869 -0.18521675
   0.0927242  -0.1203152  -0.06317171  0.2835659   0.39348206  0.27842945
   0.36860377 -0.1732188   0.16830505  0.15069239]
 [ 0.2533129  -0.21401729  0.09845745 -0.244424    0.33508602 -0.22102828
  -0.14931294 -0.33962083 -0.39117363 -0.15439145  0.2740858   0.29902002
  -0.15191476 -0.11502229 -0.19060923  0.15925625 -0.21622749  0.01526702
   0.14444159 -0.34005162  0.22176927  0.02897529 -0.13459313  0.08846463
   0.06528987  0.15998678 -0.1323485   0.13654426]]
W_ 3 : [[ 0.36936444]
 [ 0.04501494]
 [-0.42602447]
 [-0.26620075]
 [-0.30206996]
 [ 0.19040053]
 [-0.25238872]
 [ 0.25877324]
 [ 0.06391605]
 [-0.16859291]
 [ 0.15931804]
 [ 0.2395882 ]
 [ 0.10136546]
 [-0.45037884]
 [ 0.4175057 ]
 [-0.31681654]
 [-0.02253655]
 [-0.15157582]
 [-0.07071891]
 [-0.05677726]
 [ 0.4065402 ]
 [ 0.13041908]
 [ 0.37037492]
 [-0.26967114]
 [-0.02604796]
 [-0.26892886]
 [ 0.2417028 ]
 [-0.10002884]]
B_ 1 : [ 0.27406913  0.000879   -0.1527102  -0.00560032  0.09442576 -0.02002406
  0.01457398 -0.12108003 -0.05997763  0.06197968]
B_ 2 : [-0.11706481 -0.07759579  0.10213365  0.02967488  0.07500605 -0.03836521
  0.04384249 -0.08802048 -0.08655689  0.0195733  -0.04940269 -0.05165276
 -0.10195303  0.1049723  -0.02383155  0.023143    0.          0.00783335
  0.11020651 -0.00728865 -0.08352155 -0.06476146 -0.02967753  0.02278156
  0.06113864  0.13703386 -0.09001561  0.00855352]
B_ 3 : [-0.08232941]
Activation function of layer_a 1 : relu
Activation function of layer_a 2 : relu
Activation function of layer_a 3 : tanh
Gamma_ 1 : [[-5.2861023e-01 -4.5303965e-01 -6.3873506e-01  4.8357630e-01
   6.4915419e-03 -1.4608717e-01  5.4080176e-01  7.4279404e-01
   5.5162811e-01 -6.0575438e-01  2.4792671e-01  4.1980910e-01
  -6.7940080e-01  1.0334229e+00  1.0050111e+00 -3.4754045e-02
   5.8400428e-01 -1.6374111e-01  8.6402893e-04  5.2984285e-01
  -8.7889099e-01  8.6821675e-01  9.8220348e-02 -1.9368950e-01
   3.7272215e-01 -8.1760526e-02 -1.3875008e-01 -7.0316792e-02]
 [-9.8790169e-02  6.4592510e-02  3.6634484e-01  9.4544852e-01
  -1.9845033e-01  1.1076348e+00  3.6294356e-02 -1.8357992e-02
  -4.5665264e-02 -1.0591297e+00 -7.0485222e-01 -2.0927833e-01
  -1.4541742e-01 -4.4004023e-03  6.9636524e-01 -1.1741234e+00
   8.4810096e-01  1.2524933e-01 -4.9298060e-01  1.6904559e+00
  -3.9693546e-01  4.7355145e-01 -2.9779646e-01 -5.8395028e-01
  -8.3115196e-01  2.0900911e-01  2.8517926e-01  3.8403541e-02]
 [-6.0248232e-01  1.2630333e-01 -8.2528931e-01  4.3695188e-01
  -8.0161504e-03  3.3653241e-01  8.6164725e-01  6.3872302e-01
  -1.1925578e-01 -9.0540057e-01  3.9717788e-01 -1.4078566e-01
  -4.4171417e-01  1.2684091e+00 -7.9298556e-01  1.7207887e-02
  -3.9992359e-01  2.4567518e-01 -8.1847769e-01  2.0609324e-01
  -7.9687595e-02  1.2721640e-01 -8.7449008e-01  2.0405656e-01
  -9.9919766e-01 -6.3379055e-01 -1.3699597e-01 -6.1178511e-01]
 [-1.8422294e+00 -4.4685394e-01  6.1280489e-01 -8.5714385e-02
  -3.4761089e-01 -4.6132982e-01 -1.7212590e+00 -3.8399816e-02
   5.1515341e-02 -2.5353178e-02  7.7967227e-02  4.7953510e-01
  -3.1370932e-01  1.2875160e+00  8.3625728e-01  8.0510676e-01
  -1.1963652e-01  4.0934542e-01 -1.8115952e+00  8.3446169e-01
  -2.0179319e-01  6.3000518e-01 -2.3326983e-01  3.1265241e-01
  -1.1977799e+00 -3.3419803e-01  6.7705816e-01 -3.5932612e-01]
 [-1.1592221e+00  6.1602962e-01  1.5494339e+00 -1.1302376e+00
   2.5339988e-01 -6.2081188e-01 -5.9692883e-01 -2.4152410e-01
   2.0735581e+00  2.2653432e+00 -1.3561494e+00  3.5288873e-01
  -1.9158165e+00  6.9942868e-01  2.4452506e-01  2.0139453e+00
   1.6435699e-01  1.9584204e+00  1.0458273e-01 -1.2967967e+00
  -8.2749796e-01 -1.4606066e-02 -2.8315037e-03 -1.4400922e-01
   1.5579029e+00  1.2790055e+00 -1.5468996e+00  1.5586807e+00]
 [ 3.6672516e+00 -3.7621355e-01 -4.3922356e-01  7.0461702e-01
   9.3960166e-02  2.7782540e+00 -6.4091229e-01  1.1073418e+00
  -3.3164444e+00 -1.0382094e+00  7.2361183e-01  2.8019667e-02
   5.8327973e-01  3.7090349e-01 -1.8927379e+00 -1.2605644e+00
   4.3715736e-01  4.0643787e-01  2.7577400e-01 -7.2259426e-02
   3.3674622e-01  3.7284875e-01 -1.0816431e-01  7.3379302e-01
  -4.0624857e-01 -4.5278418e-01  1.1916561e+00 -1.5474687e+00]
 [-1.4494476e+00  6.9090986e-01 -7.8883785e-01  5.2921724e-01
   2.5852239e-01  2.5806665e-01  8.5489988e-02 -9.0694046e-01
  -9.1102600e-02  1.1389909e+00  4.1299820e-02 -4.7452092e-01
   3.2330430e-01  5.0495195e-01 -1.3827128e+00  4.2973050e-01
  -1.6121066e+00  2.3919420e+00  8.3296394e-01  1.6247163e+00
   4.8762512e-01 -8.1732917e-01 -1.4510584e-01 -4.1858986e-01
   8.0326986e-01  1.5248239e-01 -8.5308266e-01  1.5961318e+00]
 [ 7.2165012e-01 -2.0774081e-01  3.6847544e-01  4.6804646e-01
  -8.8468410e-02 -1.3108239e-01 -9.6858221e-01 -8.9318514e-02
  -3.6014795e-01  4.6553650e-01  5.0724089e-01 -3.0996603e-01
  -4.5053965e-01 -1.2432137e+00 -6.3075447e-01  1.7294835e-01
  -6.8592048e-01  2.3561221e-01 -5.6966102e-01 -3.0648145e-01
  -9.4355583e-02  4.6496645e-02 -1.9698635e-01  9.8942333e-01
  -2.8933564e-01 -4.3665722e-01  5.3847349e-01 -1.0477804e+00]
 [-4.0001297e-01  4.5355952e-01  6.9044775e-01 -9.1271651e-01
  -1.2854406e-01 -4.0826237e-01  2.1090990e-01 -1.2205410e-01
  -3.6950493e-01  2.7332008e-01 -1.0186052e-01  8.9759880e-01
  -1.8402734e-01  6.5354192e-01  1.6099857e+00 -4.8490629e-01
  -1.5921625e-01 -9.8602319e-01 -7.7187586e-01  1.1432599e+00
  -7.2040176e-01  3.3892810e-02  1.2697339e-02  5.5634445e-01
  -1.6476905e-01  4.6447614e-01  2.3368502e-01 -1.1481866e+00]
 [ 4.8264027e-01  3.1837067e-01 -1.0214314e+00  5.4672563e-01
  -2.6784158e-01 -7.3839307e-01 -3.6477506e-01 -6.9582963e-01
   7.1152830e-01 -8.1502151e-01 -6.3298106e-02 -9.0490031e-01
  -5.0293946e-01 -2.2792801e-01  1.0714284e+00 -1.5672674e+00
   1.6537100e+00  1.5871720e+00  3.3088326e-02 -1.4683852e+00
  -3.0686092e-01  2.2530206e-01 -3.4030512e-01 -1.4883888e-01
   1.5837212e+00 -3.1564754e-01 -7.0800900e-02  1.4537904e-01]]
Gamma_ 2 : [[ 8.63842890e-02  1.35066226e-01  2.69550204e-01  4.20526743e-01
  -8.93352032e-02 -2.23001599e-01 -9.60446149e-02 -3.58642153e-02
   1.82496458e-01  2.20953703e-01]
 [ 1.14571854e-01  2.47706592e-01  1.72721967e-01  2.15638086e-01
  -8.97036865e-02 -1.13038190e-01 -3.79529953e-01 -1.57110453e-01
  -1.78950042e-01 -1.43697128e-01]
 [ 2.11471707e-01 -3.11207294e-01  3.97381783e-01  2.50033468e-01
   4.65730011e-01 -2.17320278e-01  2.98740208e-01  2.77312279e-01
   8.02100729e-03  1.39336407e-01]
 [ 1.06888026e-01 -9.26979259e-02  2.32001692e-02  2.73783416e-01
   1.81639493e-01 -7.53387213e-02 -1.84990555e-01  6.33419678e-02
  -8.19701701e-02 -1.44260436e-01]
 [-7.59461299e-02  2.91008741e-01 -1.43440172e-01 -1.24659516e-01
   6.23389427e-03  1.96681455e-01 -3.92729104e-01  4.28323597e-02
  -2.43761763e-01  2.27633566e-01]
 [-1.64874434e-01  5.17294817e-02 -7.15162978e-02 -2.77832121e-01
  -2.34102774e-02 -1.27383515e-01  1.84603035e-01 -1.02583803e-01
   1.44128114e-01 -2.21545666e-01]
 [-1.56775471e-02  1.68227866e-01 -1.18753403e-01  3.03880721e-01
   1.23264566e-02  5.85107831e-03 -2.70219922e-01 -1.19928561e-01
   2.80560076e-01 -6.43268153e-02]
 [-1.90586388e-01  1.99771464e-01 -5.09186350e-02 -3.58908833e-03
  -4.14581448e-02  2.85450257e-02  4.60021161e-02  2.02490762e-01
  -1.39757469e-01 -3.71983409e-01]
 [ 2.84479596e-02 -2.47516915e-01 -2.72780895e-01 -2.00111642e-01
   2.78731614e-01  1.34233534e-01  1.03771247e-01  5.15346587e-01
   1.09421141e-01 -4.68818516e-01]
 [ 5.47179282e-02  3.69417399e-01  3.55664760e-01 -3.99123840e-02
   4.71331999e-02 -1.92099556e-01 -2.95562148e-01  5.42234592e-02
   4.34332602e-02 -2.00654641e-01]
 [-1.42108694e-01  5.41612431e-02 -1.78434819e-01 -2.51204997e-01
   1.13280915e-01 -9.26362202e-02  1.48123175e-01 -1.29964963e-01
  -1.48925241e-02  2.08786547e-01]
 [ 4.64390330e-02  8.08415264e-02 -1.05438411e-01  5.40180206e-02
   1.62524790e-01 -1.02959506e-01 -2.25229934e-01  3.05050731e-01
   5.18857390e-02  1.03036523e-01]
 [-2.02209309e-01 -2.62303948e-01 -2.84603119e-01  2.72672713e-01
  -2.62016386e-01  3.07126820e-01 -8.58038887e-02  4.75946479e-02
   3.23264241e-01 -3.76236811e-02]
 [ 5.42515442e-02  1.87503546e-01 -9.07984152e-02  2.01382294e-01
   2.62829155e-01  1.37816980e-01  4.31397185e-02  1.79236904e-01
   2.14316607e-01 -1.11797027e-01]
 [-2.31024638e-01  2.85699219e-01 -2.93355554e-01  8.24313203e-04
  -1.58688709e-01 -7.45093375e-02 -7.94317052e-02 -1.95502266e-01
  -2.40517944e-01 -1.89591452e-01]
 [-2.88676232e-01 -1.09001800e-01 -3.36667836e-01  1.25673339e-01
   1.53408647e-01 -1.25279561e-01  2.84116954e-01 -1.65357977e-01
   2.09461544e-02  2.18876317e-01]
 [-1.75423443e-03 -1.15282416e-01 -2.67644346e-01 -5.05976230e-02
  -2.97293723e-01 -1.81823865e-01  5.06522097e-02  6.62540644e-02
  -2.32626528e-01 -3.34880322e-01]
 [ 2.25110263e-01 -6.94822073e-02  4.85962406e-02 -5.21534868e-03
  -1.54569969e-01  1.83464766e-01  1.36084601e-01 -9.77749005e-02
  -9.54292417e-02  4.06298488e-02]
 [ 1.42400235e-01  1.15859844e-01 -1.31680682e-01 -5.85484505e-02
  -6.78095296e-02  1.17688738e-01  3.66609450e-03  3.92611533e-01
   3.17310914e-02 -1.07136123e-01]
 [ 7.40359202e-02  6.64365515e-02  8.08622241e-02  8.48818794e-02
  -6.83020502e-02  4.27551847e-03  5.52026145e-02 -2.08342537e-01
  -9.34711248e-02 -2.04091161e-01]
 [-2.04763800e-01 -2.93219447e-01 -2.01476365e-01  4.62246761e-02
  -1.63106710e-01  1.61285281e-01 -4.34287116e-02  5.77326678e-02
   8.31140950e-02  2.30198100e-01]
 [-2.12960392e-01  1.87956989e-01 -1.04261115e-01  2.66721964e-01
  -6.27886280e-02  1.37142222e-02 -6.19778484e-02  1.61803618e-01
   2.25178376e-01 -2.62097511e-02]
 [ 3.51480744e-03 -4.03146744e-01 -2.90680707e-01 -1.34625405e-01
   8.54612663e-02  3.65550956e-03  2.82425452e-02 -5.48424870e-02
   3.59948575e-01 -6.43082038e-02]
 [ 1.06403150e-01 -1.82911932e-01 -2.55066641e-02 -8.10304135e-02
  -1.17526077e-01 -8.14988986e-02  4.68693115e-02  2.36900851e-01
   1.57614529e-01 -6.88945949e-02]
 [ 1.77642047e-01 -3.96091603e-02  9.67504680e-02  6.22086823e-02
   1.20348386e-01  2.21121520e-01  2.22554624e-01 -1.22353598e-01
   3.73459458e-01  1.68454751e-01]
 [-5.83464950e-02 -7.76157975e-02 -2.72166371e-01  1.76218286e-01
  -3.33473422e-02  2.01473981e-01 -2.10257590e-01  6.48650224e-04
  -2.78873747e-04  1.85826361e-01]
 [-1.26043353e-02 -2.82706171e-01  7.88835362e-02 -1.62778124e-01
   1.80089369e-01  2.73415834e-01 -1.06643401e-01 -9.88852009e-02
   2.74291575e-01  8.33023861e-02]
 [-6.23827241e-02 -7.70570189e-02 -3.54968607e-01 -2.69773334e-01
  -2.87598431e-01  1.80409327e-02  9.22239274e-02 -1.02616452e-01
   1.14600658e-02  1.19151836e-02]]
Gamma_ 3 : [[  0.36954987   4.4783497   -4.0384426   -0.76528287   0.70368826
   -6.334368    -2.40212     -2.7399962   30.536236    -4.6786957
   -1.1495509    1.2711444   -6.8439236   -1.1189926   -0.6546589
   -4.348929   -22.065018    11.635644   -30.595537    21.281609
   -0.86253786   8.188709     1.7456224   -1.4159012   23.266718
   -4.633862     1.1082249   -3.8057976 ]]
X_ 1 postcondition: >= 0.75
[ 0.21009748  0.03557898  0.04340007  0.01053394 -0.02430755  0.15282863
 -0.04952836 -0.01728519 -0.40486085 -0.07460765  0.14620051 -0.06535582
  0.20292963 -0.18412183 -0.35964137 -0.08623747 -0.3006852  -0.19204116
 -0.20156425  0.0819323   0.20256501 -0.15071763 -0.1224665   0.2124712
 -0.42805362 -0.16045655  0.21495879 -0.36177737]
X_ 1 postcondition: <= 0.75
[ 0.21009748  0.03557898  0.04340007  0.01053394 -0.02430755  0.15282863
 -0.04952836 -0.01728519 -0.40486085 -0.07460765  0.14620051 -0.06535582
  0.20292963 -0.18412183 -0.35964137 -0.08623747 -0.3006852  -0.19204116
 -0.20156425  0.0819323   0.20256501 -0.15071763 -0.1224665   0.2124712
 -0.42805362 -0.16045655  0.21495879 -0.36177737]
X_ 1 postcondition: > 0.75
[ 0.21009748  0.03557898  0.04340007  0.01053394 -0.02430755  0.15282863
 -0.04952836 -0.01728519 -0.40486085 -0.07460765  0.14620051 -0.06535582
  0.20292963 -0.18412183 -0.35964137 -0.08623747 -0.3006852  -0.19204116
 -0.20156425  0.0819323   0.20256501 -0.15071763 -0.1224665   0.2124712
 -0.42805362 -0.16045655  0.21495879 -0.36177737]
X_ 1 postcondition: < 0.75
[ 0.21009748  0.03557898  0.04340007  0.01053394 -0.02430755  0.15282863
 -0.04952836 -0.01728519 -0.40486085 -0.07460765  0.14620051 -0.06535582
  0.20292963 -0.18412183 -0.35964137 -0.08623747 -0.3006852  -0.19204116
 -0.20156425  0.0819323   0.20256501 -0.15071763 -0.1224665   0.2124712
 -0.42805362 -0.16045655  0.21495879 -0.36177737]
X_ 1 postcondition: == 0.75
[ 0.21009748  0.03557898  0.04340007  0.01053394 -0.02430755  0.15282863
 -0.04952836 -0.01728519 -0.40486085 -0.07460765  0.14620051 -0.06535582
  0.20292963 -0.18412183 -0.35964137 -0.08623747 -0.3006852  -0.19204116
 -0.20156425  0.0819323   0.20256501 -0.15071763 -0.1224665   0.2124712
 -0.42805362 -0.16045655  0.21495879 -0.36177737]
X_ 1 postcondition: != 0.75
[ 0.21009748  0.03557898  0.04340007  0.01053394 -0.02430755  0.15282863
 -0.04952836 -0.01728519 -0.40486085 -0.07460765  0.14620051 -0.06535582
  0.20292963 -0.18412183 -0.35964137 -0.08623747 -0.3006852  -0.19204116
 -0.20156425  0.0819323   0.20256501 -0.15071763 -0.1224665   0.2124712
 -0.42805362 -0.16045655  0.21495879 -0.36177737]
X_ 1 postcondition: >= 0.9
[ 0.25211698  0.04269478  0.05208009  0.01264072 -0.02916907  0.18339434
 -0.05943405 -0.02074221 -0.48583302 -0.08952917  0.17544061 -0.07842699
  0.24351555 -0.22094616 -0.43156967 -0.10348498 -0.36082223 -0.2304494
 -0.24187706  0.09831876  0.24307798 -0.18086116 -0.1469598   0.2549654
 -0.51366436 -0.19254784  0.25795057 -0.4341328 ]
X_ 1 postcondition: <= 0.9
[ 0.25211698  0.04269478  0.05208009  0.01264072 -0.02916907  0.18339434
 -0.05943405 -0.02074221 -0.48583302 -0.08952917  0.17544061 -0.07842699
  0.24351555 -0.22094616 -0.43156967 -0.10348498 -0.36082223 -0.2304494
 -0.24187706  0.09831876  0.24307798 -0.18086116 -0.1469598   0.2549654
 -0.51366436 -0.19254784  0.25795057 -0.4341328 ]
X_ 1 postcondition: > 0.9
[ 0.25211698  0.04269478  0.05208009  0.01264072 -0.02916907  0.18339434
 -0.05943405 -0.02074221 -0.48583302 -0.08952917  0.17544061 -0.07842699
  0.24351555 -0.22094616 -0.43156967 -0.10348498 -0.36082223 -0.2304494
 -0.24187706  0.09831876  0.24307798 -0.18086116 -0.1469598   0.2549654
 -0.51366436 -0.19254784  0.25795057 -0.4341328 ]
X_ 1 postcondition: < 0.9
[ 0.25211698  0.04269478  0.05208009  0.01264072 -0.02916907  0.18339434
 -0.05943405 -0.02074221 -0.48583302 -0.08952917  0.17544061 -0.07842699
  0.24351555 -0.22094616 -0.43156967 -0.10348498 -0.36082223 -0.2304494
 -0.24187706  0.09831876  0.24307798 -0.18086116 -0.1469598   0.2549654
 -0.51366436 -0.19254784  0.25795057 -0.4341328 ]
X_ 1 postcondition: == 0.9
[ 0.25211698  0.04269478  0.05208009  0.01264072 -0.02916907  0.18339434
 -0.05943405 -0.02074221 -0.48583302 -0.08952917  0.17544061 -0.07842699
  0.24351555 -0.22094616 -0.43156967 -0.10348498 -0.36082223 -0.2304494
 -0.24187706  0.09831876  0.24307798 -0.18086116 -0.1469598   0.2549654
 -0.51366436 -0.19254784  0.25795057 -0.4341328 ]
X_ 1 postcondition: != 0.9
[ 0.25211698  0.04269478  0.05208009  0.01264072 -0.02916907  0.18339434
 -0.05943405 -0.02074221 -0.48583302 -0.08952917  0.17544061 -0.07842699
  0.24351555 -0.22094616 -0.43156967 -0.10348498 -0.36082223 -0.2304494
 -0.24187706  0.09831876  0.24307798 -0.18086116 -0.1469598   0.2549654
 -0.51366436 -0.19254784  0.25795057 -0.4341328 ]
X_ 1 postcondition: >= 0.95
[ 0.26612344  0.04506671  0.05497342  0.013343   -0.03078957  0.19358295
 -0.06273593 -0.02189456 -0.51282376 -0.09450301  0.18518734 -0.08278403
  0.2570442  -0.23322096 -0.45554575 -0.10923414 -0.38086793 -0.24325214
 -0.2553147   0.10378093  0.25658235 -0.19090898 -0.1551242   0.26913014
 -0.5422012  -0.20324495  0.27228117 -0.45825133]
X_ 1 postcondition: <= 0.95
[ 0.26612344  0.04506671  0.05497342  0.013343   -0.03078957  0.19358295
 -0.06273593 -0.02189456 -0.51282376 -0.09450301  0.18518734 -0.08278403
  0.2570442  -0.23322096 -0.45554575 -0.10923414 -0.38086793 -0.24325214
 -0.2553147   0.10378093  0.25658235 -0.19090898 -0.1551242   0.26913014
 -0.5422012  -0.20324495  0.27228117 -0.45825133]
X_ 1 postcondition: > 0.95
[ 0.26612344  0.04506671  0.05497342  0.013343   -0.03078957  0.19358295
 -0.06273593 -0.02189456 -0.51282376 -0.09450301  0.18518734 -0.08278403
  0.2570442  -0.23322096 -0.45554575 -0.10923414 -0.38086793 -0.24325214
 -0.2553147   0.10378093  0.25658235 -0.19090898 -0.1551242   0.26913014
 -0.5422012  -0.20324495  0.27228117 -0.45825133]
X_ 1 postcondition: < 0.95
[ 0.26612344  0.04506671  0.05497342  0.013343   -0.03078957  0.19358295
 -0.06273593 -0.02189456 -0.51282376 -0.09450301  0.18518734 -0.08278403
  0.2570442  -0.23322096 -0.45554575 -0.10923414 -0.38086793 -0.24325214
 -0.2553147   0.10378093  0.25658235 -0.19090898 -0.1551242   0.26913014
 -0.5422012  -0.20324495  0.27228117 -0.45825133]
X_ 1 postcondition: == 0.95
[ 0.26612344  0.04506671  0.05497342  0.013343   -0.03078957  0.19358295
 -0.06273593 -0.02189456 -0.51282376 -0.09450301  0.18518734 -0.08278403
  0.2570442  -0.23322096 -0.45554575 -0.10923414 -0.38086793 -0.24325214
 -0.2553147   0.10378093  0.25658235 -0.19090898 -0.1551242   0.26913014
 -0.5422012  -0.20324495  0.27228117 -0.45825133]
X_ 1 postcondition: != 0.95
[ 0.26612344  0.04506671  0.05497342  0.013343   -0.03078957  0.19358295
 -0.06273593 -0.02189456 -0.51282376 -0.09450301  0.18518734 -0.08278403
  0.2570442  -0.23322096 -0.45554575 -0.10923414 -0.38086793 -0.24325214
 -0.2553147   0.10378093  0.25658235 -0.19090898 -0.1551242   0.26913014
 -0.5422012  -0.20324495  0.27228117 -0.45825133]
X_ 1 postcondition: >= 0.99
[ 0.27732864  0.04696426  0.0572881   0.0139048  -0.03208598  0.20173381
 -0.06537745 -0.02281645 -0.5344163  -0.0984821   0.19298469 -0.08626969
  0.26786715 -0.24304077 -0.47472662 -0.11383346 -0.39690444 -0.25349432
 -0.26606476  0.10815065  0.26738578 -0.19894728 -0.16165575  0.28046197
 -0.56503075 -0.21180263  0.28374565 -0.47754613]
X_ 1 postcondition: <= 0.99
[ 0.27732864  0.04696426  0.0572881   0.0139048  -0.03208598  0.20173381
 -0.06537745 -0.02281645 -0.5344163  -0.0984821   0.19298469 -0.08626969
  0.26786715 -0.24304077 -0.47472662 -0.11383346 -0.39690444 -0.25349432
 -0.26606476  0.10815065  0.26738578 -0.19894728 -0.16165575  0.28046197
 -0.56503075 -0.21180263  0.28374565 -0.47754613]
X_ 1 postcondition: > 0.99
[ 0.27732864  0.04696426  0.0572881   0.0139048  -0.03208598  0.20173381
 -0.06537745 -0.02281645 -0.5344163  -0.0984821   0.19298469 -0.08626969
  0.26786715 -0.24304077 -0.47472662 -0.11383346 -0.39690444 -0.25349432
 -0.26606476  0.10815065  0.26738578 -0.19894728 -0.16165575  0.28046197
 -0.56503075 -0.21180263  0.28374565 -0.47754613]
X_ 1 postcondition: < 0.99
[ 0.27732864  0.04696426  0.0572881   0.0139048  -0.03208598  0.20173381
 -0.06537745 -0.02281645 -0.5344163  -0.0984821   0.19298469 -0.08626969
  0.26786715 -0.24304077 -0.47472662 -0.11383346 -0.39690444 -0.25349432
 -0.26606476  0.10815065  0.26738578 -0.19894728 -0.16165575  0.28046197
 -0.56503075 -0.21180263  0.28374565 -0.47754613]
X_ 1 postcondition: == 0.99
[ 0.27732864  0.04696426  0.0572881   0.0139048  -0.03208598  0.20173381
 -0.06537745 -0.02281645 -0.5344163  -0.0984821   0.19298469 -0.08626969
  0.26786715 -0.24304077 -0.47472662 -0.11383346 -0.39690444 -0.25349432
 -0.26606476  0.10815065  0.26738578 -0.19894728 -0.16165575  0.28046197
 -0.56503075 -0.21180263  0.28374565 -0.47754613]
X_ 1 postcondition: != 0.99
[ 0.27732864  0.04696426  0.0572881   0.0139048  -0.03208598  0.20173381
 -0.06537745 -0.02281645 -0.5344163  -0.0984821   0.19298469 -0.08626969
  0.26786715 -0.24304077 -0.47472662 -0.11383346 -0.39690444 -0.25349432
 -0.26606476  0.10815065  0.26738578 -0.19894728 -0.16165575  0.28046197
 -0.56503075 -0.21180263  0.28374565 -0.47754613]
X_ 2 postcondition: >= 0.75
[-0.07833582 -0.03191279 -0.01986196 -0.01442666 -0.06658356 -0.01432339
 -0.02152058 -0.02171187  0.03757142 -0.05595351]
X_ 2 postcondition: <= 0.75
[-0.07833582 -0.03191279 -0.01986196 -0.01442666 -0.06658356 -0.01432339
 -0.02152058 -0.02171187  0.03757142 -0.05595351]
X_ 2 postcondition: > 0.75
[-0.07833582 -0.03191279 -0.01986196 -0.01442666 -0.06658356 -0.01432339
 -0.02152058 -0.02171187  0.03757142 -0.05595351]
X_ 2 postcondition: < 0.75
[-0.07833582 -0.03191279 -0.01986196 -0.01442666 -0.06658356 -0.01432339
 -0.02152058 -0.02171187  0.03757142 -0.05595351]
X_ 2 postcondition: == 0.75
[-0.07833582 -0.03191279 -0.01986196 -0.01442666 -0.06658356 -0.01432339
 -0.02152058 -0.02171187  0.03757142 -0.05595351]
X_ 2 postcondition: != 0.75
[-0.07833582 -0.03191279 -0.01986196 -0.01442666 -0.06658356 -0.01432339
 -0.02152058 -0.02171187  0.03757142 -0.05595351]
X_ 2 postcondition: >= 0.9
[-0.09400298 -0.03829535 -0.02383435 -0.01731198 -0.07990029 -0.01718806
 -0.02582469 -0.02605424  0.04508569 -0.06714422]
X_ 2 postcondition: <= 0.9
[-0.09400298 -0.03829535 -0.02383435 -0.01731198 -0.07990029 -0.01718806
 -0.02582469 -0.02605424  0.04508569 -0.06714422]
X_ 2 postcondition: > 0.9
[-0.09400298 -0.03829535 -0.02383435 -0.01731198 -0.07990029 -0.01718806
 -0.02582469 -0.02605424  0.04508569 -0.06714422]
X_ 2 postcondition: < 0.9
[-0.09400298 -0.03829535 -0.02383435 -0.01731198 -0.07990029 -0.01718806
 -0.02582469 -0.02605424  0.04508569 -0.06714422]
X_ 2 postcondition: == 0.9
[-0.09400298 -0.03829535 -0.02383435 -0.01731198 -0.07990029 -0.01718806
 -0.02582469 -0.02605424  0.04508569 -0.06714422]
X_ 2 postcondition: != 0.9
[-0.09400298 -0.03829535 -0.02383435 -0.01731198 -0.07990029 -0.01718806
 -0.02582469 -0.02605424  0.04508569 -0.06714422]
X_ 2 postcondition: >= 0.95
[-0.09922536 -0.04042286 -0.02515849 -0.01827377 -0.0843392  -0.01814296
 -0.0272594  -0.02750169  0.04759046 -0.07087444]
X_ 2 postcondition: <= 0.95
[-0.09922536 -0.04042286 -0.02515849 -0.01827377 -0.0843392  -0.01814296
 -0.0272594  -0.02750169  0.04759046 -0.07087444]
X_ 2 postcondition: > 0.95
[-0.09922536 -0.04042286 -0.02515849 -0.01827377 -0.0843392  -0.01814296
 -0.0272594  -0.02750169  0.04759046 -0.07087444]
X_ 2 postcondition: < 0.95
[-0.09922536 -0.04042286 -0.02515849 -0.01827377 -0.0843392  -0.01814296
 -0.0272594  -0.02750169  0.04759046 -0.07087444]
X_ 2 postcondition: == 0.95
[-0.09922536 -0.04042286 -0.02515849 -0.01827377 -0.0843392  -0.01814296
 -0.0272594  -0.02750169  0.04759046 -0.07087444]
X_ 2 postcondition: != 0.95
[-0.09922536 -0.04042286 -0.02515849 -0.01827377 -0.0843392  -0.01814296
 -0.0272594  -0.02750169  0.04759046 -0.07087444]
X_ 2 postcondition: >= 0.99
[-0.10340328 -0.04212488 -0.02621778 -0.01904319 -0.08789033 -0.01890687
 -0.02840717 -0.02865966  0.04959426 -0.07385863]
X_ 2 postcondition: <= 0.99
[-0.10340328 -0.04212488 -0.02621778 -0.01904319 -0.08789033 -0.01890687
 -0.02840717 -0.02865966  0.04959426 -0.07385863]
X_ 2 postcondition: > 0.99
[-0.10340328 -0.04212488 -0.02621778 -0.01904319 -0.08789033 -0.01890687
 -0.02840717 -0.02865966  0.04959426 -0.07385863]
X_ 2 postcondition: < 0.99
[-0.10340328 -0.04212488 -0.02621778 -0.01904319 -0.08789033 -0.01890687
 -0.02840717 -0.02865966  0.04959426 -0.07385863]
X_ 2 postcondition: == 0.99
[-0.10340328 -0.04212488 -0.02621778 -0.01904319 -0.08789033 -0.01890687
 -0.02840717 -0.02865966  0.04959426 -0.07385863]
X_ 2 postcondition: != 0.99
[-0.10340328 -0.04212488 -0.02621778 -0.01904319 -0.08789033 -0.01890687
 -0.02840717 -0.02865966  0.04959426 -0.07385863]
X_ 3 postcondition: >= 0.75
[ 0.02281862  0.2765249  -0.24936195 -0.04725396  0.04345068 -0.3911286
 -0.14832385 -0.1691867   1.8855226  -0.2888957  -0.07098138  0.07848942
 -0.42259213 -0.06909449 -0.04042326 -0.26853356 -1.3624499   0.71846676
 -1.8891844   1.3140767  -0.05325917  0.5056287   0.10778704 -0.08742773
  1.4366513  -0.28612736  0.06842962 -0.2349968 ]
X_ 3 postcondition: <= 0.75
[ 0.02281862  0.2765249  -0.24936195 -0.04725396  0.04345068 -0.3911286
 -0.14832385 -0.1691867   1.8855226  -0.2888957  -0.07098138  0.07848942
 -0.42259213 -0.06909449 -0.04042326 -0.26853356 -1.3624499   0.71846676
 -1.8891844   1.3140767  -0.05325917  0.5056287   0.10778704 -0.08742773
  1.4366513  -0.28612736  0.06842962 -0.2349968 ]
X_ 3 postcondition: > 0.75
[ 0.02281862  0.2765249  -0.24936195 -0.04725396  0.04345068 -0.3911286
 -0.14832385 -0.1691867   1.8855226  -0.2888957  -0.07098138  0.07848942
 -0.42259213 -0.06909449 -0.04042326 -0.26853356 -1.3624499   0.71846676
 -1.8891844   1.3140767  -0.05325917  0.5056287   0.10778704 -0.08742773
  1.4366513  -0.28612736  0.06842962 -0.2349968 ]
X_ 3 postcondition: < 0.75
[ 0.02281862  0.2765249  -0.24936195 -0.04725396  0.04345068 -0.3911286
 -0.14832385 -0.1691867   1.8855226  -0.2888957  -0.07098138  0.07848942
 -0.42259213 -0.06909449 -0.04042326 -0.26853356 -1.3624499   0.71846676
 -1.8891844   1.3140767  -0.05325917  0.5056287   0.10778704 -0.08742773
  1.4366513  -0.28612736  0.06842962 -0.2349968 ]
X_ 3 postcondition: == 0.75
[ 0.02281862  0.2765249  -0.24936195 -0.04725396  0.04345068 -0.3911286
 -0.14832385 -0.1691867   1.8855226  -0.2888957  -0.07098138  0.07848942
 -0.42259213 -0.06909449 -0.04042326 -0.26853356 -1.3624499   0.71846676
 -1.8891844   1.3140767  -0.05325917  0.5056287   0.10778704 -0.08742773
  1.4366513  -0.28612736  0.06842962 -0.2349968 ]
X_ 3 postcondition: != 0.75
[ 0.02281862  0.2765249  -0.24936195 -0.04725396  0.04345068 -0.3911286
 -0.14832385 -0.1691867   1.8855226  -0.2888957  -0.07098138  0.07848942
 -0.42259213 -0.06909449 -0.04042326 -0.26853356 -1.3624499   0.71846676
 -1.8891844   1.3140767  -0.05325917  0.5056287   0.10778704 -0.08742773
  1.4366513  -0.28612736  0.06842962 -0.2349968 ]
X_ 3 postcondition: >= 0.9
[ 0.02738234  0.33182988 -0.29923433 -0.05670476  0.05214081 -0.46935427
 -0.17798862 -0.20302403  2.2626271  -0.3466748  -0.08517766  0.09418731
 -0.50711054 -0.0829134  -0.04850791 -0.32224026 -1.6349398   0.8621601
 -2.2670212   1.576892   -0.06391101  0.6067544   0.12934445 -0.10491327
  1.7239816  -0.34335276  0.08211555 -0.28199613]
X_ 3 postcondition: <= 0.9
[ 0.02738234  0.33182988 -0.29923433 -0.05670476  0.05214081 -0.46935427
 -0.17798862 -0.20302403  2.2626271  -0.3466748  -0.08517766  0.09418731
 -0.50711054 -0.0829134  -0.04850791 -0.32224026 -1.6349398   0.8621601
 -2.2670212   1.576892   -0.06391101  0.6067544   0.12934445 -0.10491327
  1.7239816  -0.34335276  0.08211555 -0.28199613]
X_ 3 postcondition: > 0.9
[ 0.02738234  0.33182988 -0.29923433 -0.05670476  0.05214081 -0.46935427
 -0.17798862 -0.20302403  2.2626271  -0.3466748  -0.08517766  0.09418731
 -0.50711054 -0.0829134  -0.04850791 -0.32224026 -1.6349398   0.8621601
 -2.2670212   1.576892   -0.06391101  0.6067544   0.12934445 -0.10491327
  1.7239816  -0.34335276  0.08211555 -0.28199613]
X_ 3 postcondition: < 0.9
[ 0.02738234  0.33182988 -0.29923433 -0.05670476  0.05214081 -0.46935427
 -0.17798862 -0.20302403  2.2626271  -0.3466748  -0.08517766  0.09418731
 -0.50711054 -0.0829134  -0.04850791 -0.32224026 -1.6349398   0.8621601
 -2.2670212   1.576892   -0.06391101  0.6067544   0.12934445 -0.10491327
  1.7239816  -0.34335276  0.08211555 -0.28199613]
X_ 3 postcondition: == 0.9
[ 0.02738234  0.33182988 -0.29923433 -0.05670476  0.05214081 -0.46935427
 -0.17798862 -0.20302403  2.2626271  -0.3466748  -0.08517766  0.09418731
 -0.50711054 -0.0829134  -0.04850791 -0.32224026 -1.6349398   0.8621601
 -2.2670212   1.576892   -0.06391101  0.6067544   0.12934445 -0.10491327
  1.7239816  -0.34335276  0.08211555 -0.28199613]
X_ 3 postcondition: != 0.9
[ 0.02738234  0.33182988 -0.29923433 -0.05670476  0.05214081 -0.46935427
 -0.17798862 -0.20302403  2.2626271  -0.3466748  -0.08517766  0.09418731
 -0.50711054 -0.0829134  -0.04850791 -0.32224026 -1.6349398   0.8621601
 -2.2670212   1.576892   -0.06391101  0.6067544   0.12934445 -0.10491327
  1.7239816  -0.34335276  0.08211555 -0.28199613]
X_ 3 postcondition: >= 0.95
[ 0.02890358  0.35026488 -0.31585845 -0.05985502  0.05503752 -0.49542952
 -0.18787687 -0.21430315  2.3883288  -0.36593452 -0.08990975  0.09941993
 -0.5352833  -0.08751969 -0.0512028  -0.34014252 -1.7257699   0.9100579
 -2.3929667   1.664497   -0.06746162  0.640463    0.13653025 -0.11074179
  1.8197583  -0.36242795  0.08667752 -0.2976626 ]
X_ 3 postcondition: <= 0.95
[ 0.02890358  0.35026488 -0.31585845 -0.05985502  0.05503752 -0.49542952
 -0.18787687 -0.21430315  2.3883288  -0.36593452 -0.08990975  0.09941993
 -0.5352833  -0.08751969 -0.0512028  -0.34014252 -1.7257699   0.9100579
 -2.3929667   1.664497   -0.06746162  0.640463    0.13653025 -0.11074179
  1.8197583  -0.36242795  0.08667752 -0.2976626 ]
X_ 3 postcondition: > 0.95
[ 0.02890358  0.35026488 -0.31585845 -0.05985502  0.05503752 -0.49542952
 -0.18787687 -0.21430315  2.3883288  -0.36593452 -0.08990975  0.09941993
 -0.5352833  -0.08751969 -0.0512028  -0.34014252 -1.7257699   0.9100579
 -2.3929667   1.664497   -0.06746162  0.640463    0.13653025 -0.11074179
  1.8197583  -0.36242795  0.08667752 -0.2976626 ]
X_ 3 postcondition: < 0.95
[ 0.02890358  0.35026488 -0.31585845 -0.05985502  0.05503752 -0.49542952
 -0.18787687 -0.21430315  2.3883288  -0.36593452 -0.08990975  0.09941993
 -0.5352833  -0.08751969 -0.0512028  -0.34014252 -1.7257699   0.9100579
 -2.3929667   1.664497   -0.06746162  0.640463    0.13653025 -0.11074179
  1.8197583  -0.36242795  0.08667752 -0.2976626 ]
X_ 3 postcondition: == 0.95
[ 0.02890358  0.35026488 -0.31585845 -0.05985502  0.05503752 -0.49542952
 -0.18787687 -0.21430315  2.3883288  -0.36593452 -0.08990975  0.09941993
 -0.5352833  -0.08751969 -0.0512028  -0.34014252 -1.7257699   0.9100579
 -2.3929667   1.664497   -0.06746162  0.640463    0.13653025 -0.11074179
  1.8197583  -0.36242795  0.08667752 -0.2976626 ]
X_ 3 postcondition: != 0.95
[ 0.02890358  0.35026488 -0.31585845 -0.05985502  0.05503752 -0.49542952
 -0.18787687 -0.21430315  2.3883288  -0.36593452 -0.08990975  0.09941993
 -0.5352833  -0.08751969 -0.0512028  -0.34014252 -1.7257699   0.9100579
 -2.3929667   1.664497   -0.06746162  0.640463    0.13653025 -0.11074179
  1.8197583  -0.36242795  0.08667752 -0.2976626 ]
X_ 3 postcondition: >= 0.99
[ 0.03012057  0.36501285 -0.32915777 -0.06237523  0.0573549  -0.5162898
 -0.19578747 -0.22332643  2.48889    -0.38134232 -0.09369543  0.10360605
 -0.55782163 -0.09120473 -0.05335871 -0.3544643  -1.7984339   0.9483762
 -2.4937234   1.7345812  -0.07030211  0.66742986  0.1422789  -0.11540461
  1.8963798  -0.37768808  0.0903271  -0.31019577]
X_ 3 postcondition: <= 0.99
[ 0.03012057  0.36501285 -0.32915777 -0.06237523  0.0573549  -0.5162898
 -0.19578747 -0.22332643  2.48889    -0.38134232 -0.09369543  0.10360605
 -0.55782163 -0.09120473 -0.05335871 -0.3544643  -1.7984339   0.9483762
 -2.4937234   1.7345812  -0.07030211  0.66742986  0.1422789  -0.11540461
  1.8963798  -0.37768808  0.0903271  -0.31019577]
X_ 3 postcondition: > 0.99
[ 0.03012057  0.36501285 -0.32915777 -0.06237523  0.0573549  -0.5162898
 -0.19578747 -0.22332643  2.48889    -0.38134232 -0.09369543  0.10360605
 -0.55782163 -0.09120473 -0.05335871 -0.3544643  -1.7984339   0.9483762
 -2.4937234   1.7345812  -0.07030211  0.66742986  0.1422789  -0.11540461
  1.8963798  -0.37768808  0.0903271  -0.31019577]
X_ 3 postcondition: < 0.99
[ 0.03012057  0.36501285 -0.32915777 -0.06237523  0.0573549  -0.5162898
 -0.19578747 -0.22332643  2.48889    -0.38134232 -0.09369543  0.10360605
 -0.55782163 -0.09120473 -0.05335871 -0.3544643  -1.7984339   0.9483762
 -2.4937234   1.7345812  -0.07030211  0.66742986  0.1422789  -0.11540461
  1.8963798  -0.37768808  0.0903271  -0.31019577]
X_ 3 postcondition: == 0.99
[ 0.03012057  0.36501285 -0.32915777 -0.06237523  0.0573549  -0.5162898
 -0.19578747 -0.22332643  2.48889    -0.38134232 -0.09369543  0.10360605
 -0.55782163 -0.09120473 -0.05335871 -0.3544643  -1.7984339   0.9483762
 -2.4937234   1.7345812  -0.07030211  0.66742986  0.1422789  -0.11540461
  1.8963798  -0.37768808  0.0903271  -0.31019577]
X_ 3 postcondition: != 0.99
[ 0.03012057  0.36501285 -0.32915777 -0.06237523  0.0573549  -0.5162898
 -0.19578747 -0.22332643  2.48889    -0.38134232 -0.09369543  0.10360605
 -0.55782163 -0.09120473 -0.05335871 -0.3544643  -1.7984339   0.9483762
 -2.4937234   1.7345812  -0.07030211  0.66742986  0.1422789  -0.11540461
  1.8963798  -0.37768808  0.0903271  -0.31019577]
Weakest precondition: [ 0.28012997  0.04743864  0.05786678  0.01404524 -0.03241007  0.20377152
 -0.06603782 -0.02304692 -0.5398145  -0.09947686  0.19493403 -0.08714107
  0.27057284 -0.24549575 -0.47952184 -0.11498329 -0.40091357 -0.25605488
 -0.26875234  0.10924308  0.27008665 -0.20095684 -0.16328864  0.2832949
 -0.57073814 -0.21394207  0.28661177 -0.4823698 ]
Features:  ['age' 'education' 'balance' 'day' 'month' 'duration' 'campaign' 'pdays'
 'previous' 'poutcome' 'job_blue' 'job_entrepreneur' 'job_housemaid'
 'job_management' 'job_retired' 'job_self' 'job_services' 'job_student'
 'job_technician' 'job_unemployed' 'job_unknown' 'marital_married'
 'marital_single' 'default_yes' 'housing_yes' 'loan_yes'
 'contact_telephone' 'contact_unknown']
Features length:  28
Weakest precondition size  28

Checking precondition violation:   0%|          | 0/28 [00:00<?, ?it/s]
Checking precondition violation:  68%|██████▊   | 19/28 [00:00<00:00, 187.28it/s]
Checking precondition violation: 100%|██████████| 28/28 [00:00<00:00, 189.23it/s]
