Number of layers in the model: 3
Layer: dense
Layer: dense_1
Layer: dense_2
Number of selected layers in the model: 3
#weights: 3 | #biases: 3 | #N: 3 | #Gamma: 3
W_ 1 : [[-0.1914335   0.02415061 -0.5403405  ... -0.30846897 -0.4368678
   0.31571132]
 [ 0.04148713  0.1062719  -0.51639175 ...  0.11691684 -0.17132948
   0.15461372]
 [-0.076651   -0.12440705  0.00808174 ... -0.06285652 -0.00385069
  -0.16183734]
 ...
 [ 0.528287    0.906174   -0.8226726  ... -0.72144043 -0.4545914
   1.013691  ]
 [-0.41570035 -0.3950568  -0.17668478 ...  0.6295215  -0.05774354
   1.3863244 ]
 [ 0.77971244 -1.465721   -2.9129243  ... -2.4628892  -0.5329039
   1.3302244 ]]
W_ 2 : [[ 0.25368372 -0.01734908 -0.07784019 ...  0.15229094 -0.12522545
   0.0534839 ]
 [ 0.08999813 -0.20932996  0.1503251  ... -0.02394557  0.22803402
   0.10214819]
 [-0.01889857  0.21126503 -0.27342305 ... -0.09319063 -0.16512415
  -0.21596292]
 ...
 [ 0.17091452  0.13843349  0.17537656 ... -0.19765538 -0.09953643
  -0.1329988 ]
 [-0.26529256 -0.16680835 -0.07557371 ... -0.15753001 -0.02491366
   0.02226271]
 [-0.27021185  0.17390344 -0.02000931 ...  0.12827002 -0.23532407
  -0.02816402]]
W_ 3 : [[ 0.28455594]
 [ 0.07598624]
 [ 0.03111672]
 [-0.06651904]
 [-0.02112874]
 [ 0.02662898]
 [-0.02627753]
 [-0.6563552 ]
 [ 0.14922994]
 [ 0.15313008]
 [ 0.08336359]
 [-0.00841662]
 [-0.01885598]
 [ 0.18189776]
 [ 0.04411019]
 [-0.05017226]]
B_ 1 : [ 0.04548062 -0.41943225 -0.4525016  -0.7086781  -0.6730256   0.7746943
 -0.20646161  0.40485892  0.34535748  0.07366769 -0.16852608 -0.8631584
  1.4443451  -0.47760057 -0.01237976 -0.6229317  -0.09058893 -0.1857185
 -0.8304756  -0.30556926 -0.7383061   0.32691756 -0.7579486   0.7729068
 -0.26436093  1.131396   -0.24421807 -0.38689485 -1.0291387  -0.61648464
 -0.2703163   0.9948919  -0.43088785  0.6149758   0.54859     0.43864673
  0.16116853 -0.45518795  0.02293597  0.853546    0.31725305  0.13360412
 -0.42149705  0.29691833  0.7890308  -0.41204432 -0.32281083 -0.4282559
  0.74752426  0.1551614   0.29031938 -0.7154969   0.12621453 -0.8578972
  0.00465539 -0.10205151 -1.0453012   0.17022294 -0.29112327 -0.21094355
  0.2368936   0.5376315  -0.25184304  0.33588663]
B_ 2 : [-0.01181873 -0.1053793  -0.10911537  0.7043591  -0.26962736 -0.42599434
  0.25010145  0.35227925 -0.72261316 -0.04865809 -0.2505111   0.0762587
  0.6591343  -0.21947561 -0.5637848   0.35317096]
B_ 3 : [-0.23180898]
Activation function of layer_a 1 : relu
Activation function of layer_a 2 : relu
Activation function of layer_a 3 : sigmoid
Gamma_ 1 : [[-0.1795855   0.01496707 -0.20880648 ...  0.04372919  0.02181314
  -0.01614371]
 [ 0.01860451 -0.01280601  0.01302854 ...  0.11704165  0.04442701
  -0.05617309]
 [-0.13364737 -0.25162584 -0.01996905 ...  0.03633601 -0.10172417
  -0.06649605]
 ...
 [-0.08672437  0.14687432 -0.29235885 ...  0.03628096  0.02820709
  -0.00382423]
 [-0.2328548   0.03971929  0.00722187 ... -0.02213223 -0.00842304
   0.00257707]
 [-0.00082771  0.15732813 -0.2713181  ...  0.06569792  0.08093118
   0.03355859]]
Gamma_ 2 : [[ 0.9743674  -0.26471752  0.42889756 ...  0.10193606  0.26602682
  -0.44371468]
 [ 0.1692541  -0.5378777   0.67017937 ...  0.9358622   0.96443737
  -0.24877287]
 [ 0.6423672   1.5051748   0.10504405 ...  0.12446568 -0.50949126
  -0.03697442]
 ...
 [ 1.2489928  -0.83262885 -0.12877685 ...  0.17479672  0.09283832
   0.571353  ]
 [ 0.03844154 -0.55435157  0.18493095 ...  1.3372546   4.616499
   0.2224944 ]
 [ 0.05185457  0.44550025 -0.10003328 ... -0.07258241 -0.23052458
   0.72989106]]
Gamma_ 3 : [[  -2.373814    -26.731663    -12.271503      1.6784878  -167.63745
   188.78569      55.848076     -0.46309698    2.1152706   -13.7572975
    20.559465     39.955612    118.75709      -8.5387125   -49.518223
    69.51342   ]]
X_ 1 postcondition: >= 0.75
[-0.18084027 -0.04891229 -0.05891332 -0.00517521 -0.03019019 -0.07533911
 -0.0633298  -0.099131   -0.1289306   0.00574675 -0.03950245  0.01566532
 -0.03511175  0.01843535  0.04203006 -0.00643047 -0.04857237  0.04721717
  0.04251078  0.01677108  0.09547685 -0.10323322 -0.18635051 -0.03015535
 -0.03263215  0.00934059 -0.02503176 -0.01491546]
X_ 1 postcondition: <= 0.75
[-0.18084027 -0.04891229 -0.05891332 -0.00517521 -0.03019019 -0.07533911
 -0.0633298  -0.099131   -0.1289306   0.00574675 -0.03950245  0.01566532
 -0.03511175  0.01843535  0.04203006 -0.00643047 -0.04857237  0.04721717
  0.04251078  0.01677108  0.09547685 -0.10323322 -0.18635051 -0.03015535
 -0.03263215  0.00934059 -0.02503176 -0.01491546]
X_ 1 postcondition: > 0.75
[-0.18084027 -0.04891229 -0.05891332 -0.00517521 -0.03019019 -0.07533911
 -0.0633298  -0.099131   -0.1289306   0.00574675 -0.03950245  0.01566532
 -0.03511175  0.01843535  0.04203006 -0.00643047 -0.04857237  0.04721717
  0.04251078  0.01677108  0.09547685 -0.10323322 -0.18635051 -0.03015535
 -0.03263215  0.00934059 -0.02503176 -0.01491546]
X_ 1 postcondition: < 0.75
[-0.18084027 -0.04891229 -0.05891332 -0.00517521 -0.03019019 -0.07533911
 -0.0633298  -0.099131   -0.1289306   0.00574675 -0.03950245  0.01566532
 -0.03511175  0.01843535  0.04203006 -0.00643047 -0.04857237  0.04721717
  0.04251078  0.01677108  0.09547685 -0.10323322 -0.18635051 -0.03015535
 -0.03263215  0.00934059 -0.02503176 -0.01491546]
X_ 1 postcondition: == 0.75
[-0.18084027 -0.04891229 -0.05891332 -0.00517521 -0.03019019 -0.07533911
 -0.0633298  -0.099131   -0.1289306   0.00574675 -0.03950245  0.01566532
 -0.03511175  0.01843535  0.04203006 -0.00643047 -0.04857237  0.04721717
  0.04251078  0.01677108  0.09547685 -0.10323322 -0.18635051 -0.03015535
 -0.03263215  0.00934059 -0.02503176 -0.01491546]
X_ 1 postcondition: != 0.75
[-0.18084027 -0.04891229 -0.05891332 -0.00517521 -0.03019019 -0.07533911
 -0.0633298  -0.099131   -0.1289306   0.00574675 -0.03950245  0.01566532
 -0.03511175  0.01843535  0.04203006 -0.00643047 -0.04857237  0.04721717
  0.04251078  0.01677108  0.09547685 -0.10323322 -0.18635051 -0.03015535
 -0.03263215  0.00934059 -0.02503176 -0.01491546]
X_ 1 postcondition: >= 0.9
[-0.21700832 -0.05869472 -0.07069595 -0.00621029 -0.03622826 -0.09040695
 -0.07599577 -0.11895718 -0.15471673  0.00689611 -0.04740293  0.01879841
 -0.04213405  0.02212244  0.05043609 -0.00771656 -0.05828685  0.05666056
  0.05101298  0.02012527  0.11457221 -0.12387985 -0.22362061 -0.03618643
 -0.03915857  0.01120872 -0.03003814 -0.01789854]
X_ 1 postcondition: <= 0.9
[-0.21700832 -0.05869472 -0.07069595 -0.00621029 -0.03622826 -0.09040695
 -0.07599577 -0.11895718 -0.15471673  0.00689611 -0.04740293  0.01879841
 -0.04213405  0.02212244  0.05043609 -0.00771656 -0.05828685  0.05666056
  0.05101298  0.02012527  0.11457221 -0.12387985 -0.22362061 -0.03618643
 -0.03915857  0.01120872 -0.03003814 -0.01789854]
X_ 1 postcondition: > 0.9
[-0.21700832 -0.05869472 -0.07069595 -0.00621029 -0.03622826 -0.09040695
 -0.07599577 -0.11895718 -0.15471673  0.00689611 -0.04740293  0.01879841
 -0.04213405  0.02212244  0.05043609 -0.00771656 -0.05828685  0.05666056
  0.05101298  0.02012527  0.11457221 -0.12387985 -0.22362061 -0.03618643
 -0.03915857  0.01120872 -0.03003814 -0.01789854]
X_ 1 postcondition: < 0.9
[-0.21700832 -0.05869472 -0.07069595 -0.00621029 -0.03622826 -0.09040695
 -0.07599577 -0.11895718 -0.15471673  0.00689611 -0.04740293  0.01879841
 -0.04213405  0.02212244  0.05043609 -0.00771656 -0.05828685  0.05666056
  0.05101298  0.02012527  0.11457221 -0.12387985 -0.22362061 -0.03618643
 -0.03915857  0.01120872 -0.03003814 -0.01789854]
X_ 1 postcondition: == 0.9
[-0.21700832 -0.05869472 -0.07069595 -0.00621029 -0.03622826 -0.09040695
 -0.07599577 -0.11895718 -0.15471673  0.00689611 -0.04740293  0.01879841
 -0.04213405  0.02212244  0.05043609 -0.00771656 -0.05828685  0.05666056
  0.05101298  0.02012527  0.11457221 -0.12387985 -0.22362061 -0.03618643
 -0.03915857  0.01120872 -0.03003814 -0.01789854]
X_ 1 postcondition: != 0.9
[-0.21700832 -0.05869472 -0.07069595 -0.00621029 -0.03622826 -0.09040695
 -0.07599577 -0.11895718 -0.15471673  0.00689611 -0.04740293  0.01879841
 -0.04213405  0.02212244  0.05043609 -0.00771656 -0.05828685  0.05666056
  0.05101298  0.02012527  0.11457221 -0.12387985 -0.22362061 -0.03618643
 -0.03915857  0.01120872 -0.03003814 -0.01789854]
X_ 1 postcondition: >= 0.95
[-0.22906432 -0.06195554 -0.07462348 -0.0065553  -0.03824096 -0.09542955
 -0.08021776 -0.12556587 -0.1633121   0.00727921 -0.05003642  0.0198428
 -0.04447483  0.02335144  0.0532381  -0.00814525 -0.06152499  0.05980839
  0.053847    0.02124334  0.12093735 -0.13076206 -0.23604399 -0.03819677
 -0.04133405  0.0118314  -0.0317069  -0.01889288]
X_ 1 postcondition: <= 0.95
[-0.22906432 -0.06195554 -0.07462348 -0.0065553  -0.03824096 -0.09542955
 -0.08021776 -0.12556587 -0.1633121   0.00727921 -0.05003642  0.0198428
 -0.04447483  0.02335144  0.0532381  -0.00814525 -0.06152499  0.05980839
  0.053847    0.02124334  0.12093735 -0.13076206 -0.23604399 -0.03819677
 -0.04133405  0.0118314  -0.0317069  -0.01889288]
X_ 1 postcondition: > 0.95
[-0.22906432 -0.06195554 -0.07462348 -0.0065553  -0.03824096 -0.09542955
 -0.08021776 -0.12556587 -0.1633121   0.00727921 -0.05003642  0.0198428
 -0.04447483  0.02335144  0.0532381  -0.00814525 -0.06152499  0.05980839
  0.053847    0.02124334  0.12093735 -0.13076206 -0.23604399 -0.03819677
 -0.04133405  0.0118314  -0.0317069  -0.01889288]
X_ 1 postcondition: < 0.95
[-0.22906432 -0.06195554 -0.07462348 -0.0065553  -0.03824096 -0.09542955
 -0.08021776 -0.12556587 -0.1633121   0.00727921 -0.05003642  0.0198428
 -0.04447483  0.02335144  0.0532381  -0.00814525 -0.06152499  0.05980839
  0.053847    0.02124334  0.12093735 -0.13076206 -0.23604399 -0.03819677
 -0.04133405  0.0118314  -0.0317069  -0.01889288]
X_ 1 postcondition: == 0.95
[-0.22906432 -0.06195554 -0.07462348 -0.0065553  -0.03824096 -0.09542955
 -0.08021776 -0.12556587 -0.1633121   0.00727921 -0.05003642  0.0198428
 -0.04447483  0.02335144  0.0532381  -0.00814525 -0.06152499  0.05980839
  0.053847    0.02124334  0.12093735 -0.13076206 -0.23604399 -0.03819677
 -0.04133405  0.0118314  -0.0317069  -0.01889288]
X_ 1 postcondition: != 0.95
[-0.22906432 -0.06195554 -0.07462348 -0.0065553  -0.03824096 -0.09542955
 -0.08021776 -0.12556587 -0.1633121   0.00727921 -0.05003642  0.0198428
 -0.04447483  0.02335144  0.0532381  -0.00814525 -0.06152499  0.05980839
  0.053847    0.02124334  0.12093735 -0.13076206 -0.23604399 -0.03819677
 -0.04133405  0.0118314  -0.0317069  -0.01889288]
X_ 1 postcondition: >= 0.99
[-0.23870912 -0.06456418 -0.07776557 -0.00683129 -0.03985109 -0.09944758
 -0.08359537 -0.13085288 -0.1701884   0.00758572 -0.05214324  0.0206782
 -0.0463475   0.02433465  0.05547971 -0.00848821 -0.06411553  0.06232663
  0.05611424  0.02213781  0.12602943 -0.13626787 -0.24598266 -0.03980507
 -0.04307443  0.01232961 -0.0330419  -0.01968841]
X_ 1 postcondition: <= 0.99
[-0.23870912 -0.06456418 -0.07776557 -0.00683129 -0.03985109 -0.09944758
 -0.08359537 -0.13085288 -0.1701884   0.00758572 -0.05214324  0.0206782
 -0.0463475   0.02433465  0.05547971 -0.00848821 -0.06411553  0.06232663
  0.05611424  0.02213781  0.12602943 -0.13626787 -0.24598266 -0.03980507
 -0.04307443  0.01232961 -0.0330419  -0.01968841]
X_ 1 postcondition: > 0.99
[-0.23870912 -0.06456418 -0.07776557 -0.00683129 -0.03985109 -0.09944758
 -0.08359537 -0.13085288 -0.1701884   0.00758572 -0.05214324  0.0206782
 -0.0463475   0.02433465  0.05547971 -0.00848821 -0.06411553  0.06232663
  0.05611424  0.02213781  0.12602943 -0.13626787 -0.24598266 -0.03980507
 -0.04307443  0.01232961 -0.0330419  -0.01968841]
X_ 1 postcondition: < 0.99
[-0.23870912 -0.06456418 -0.07776557 -0.00683129 -0.03985109 -0.09944758
 -0.08359537 -0.13085288 -0.1701884   0.00758572 -0.05214324  0.0206782
 -0.0463475   0.02433465  0.05547971 -0.00848821 -0.06411553  0.06232663
  0.05611424  0.02213781  0.12602943 -0.13626787 -0.24598266 -0.03980507
 -0.04307443  0.01232961 -0.0330419  -0.01968841]
X_ 1 postcondition: == 0.99
[-0.23870912 -0.06456418 -0.07776557 -0.00683129 -0.03985109 -0.09944758
 -0.08359537 -0.13085288 -0.1701884   0.00758572 -0.05214324  0.0206782
 -0.0463475   0.02433465  0.05547971 -0.00848821 -0.06411553  0.06232663
  0.05611424  0.02213781  0.12602943 -0.13626787 -0.24598266 -0.03980507
 -0.04307443  0.01232961 -0.0330419  -0.01968841]
X_ 1 postcondition: != 0.99
[-0.23870912 -0.06456418 -0.07776557 -0.00683129 -0.03985109 -0.09944758
 -0.08359537 -0.13085288 -0.1701884   0.00758572 -0.05214324  0.0206782
 -0.0463475   0.02433465  0.05547971 -0.00848821 -0.06411553  0.06232663
  0.05611424  0.02213781  0.12602943 -0.13626787 -0.24598266 -0.03980507
 -0.04307443  0.01232961 -0.0330419  -0.01968841]
X_ 2 postcondition: >= 0.75
[-1.9709714e-02 -3.5201702e-01  1.9622648e-01  6.4736176e-01
  1.9782650e+00 -8.8125572e-02  6.0721107e-02  1.0582192e+00
  5.9028101e-01 -6.8407083e-01 -4.9676788e-01  2.6530203e-01
  2.4525250e-01 -2.5132281e-01  2.3450089e+00 -1.6287428e-01
  2.5151077e-01 -9.4625020e-01 -7.1025431e-01 -8.6201006e-01
  5.6313610e-01  1.2917852e+00  1.6629238e-01 -1.0179404e+00
  6.0572540e-03  5.8584398e-01  5.1328540e-01 -3.2574275e-01
  1.0238978e-01 -1.1816403e-01 -3.4468266e-01 -2.9147545e-01
 -5.0580013e-01 -3.0421099e-02 -1.7298064e-01  4.5826736e-01
  6.0741872e-01 -7.5213760e-01 -1.1006991e+00 -5.0532484e-01
 -3.5782072e-01 -1.7394384e-02  6.5574028e-02  2.4431220e-03
 -1.3498046e-01 -1.3086504e+00  1.3408401e+00 -9.9716383e-01
 -1.5266392e+00  3.9033100e-02  1.6575417e-01 -1.8800361e-01
  2.9582718e-01 -5.6744975e-01 -2.5593320e-01 -2.4598750e-01
 -2.8056797e-01  3.2826955e-04 -6.1350536e-01 -4.5305011e-01
 -2.2093147e-02  4.3355224e-01  2.0249333e+00  3.0533698e-01]
X_ 2 postcondition: <= 0.75
[-1.9709714e-02 -3.5201702e-01  1.9622648e-01  6.4736176e-01
  1.9782650e+00 -8.8125572e-02  6.0721107e-02  1.0582192e+00
  5.9028101e-01 -6.8407083e-01 -4.9676788e-01  2.6530203e-01
  2.4525250e-01 -2.5132281e-01  2.3450089e+00 -1.6287428e-01
  2.5151077e-01 -9.4625020e-01 -7.1025431e-01 -8.6201006e-01
  5.6313610e-01  1.2917852e+00  1.6629238e-01 -1.0179404e+00
  6.0572540e-03  5.8584398e-01  5.1328540e-01 -3.2574275e-01
  1.0238978e-01 -1.1816403e-01 -3.4468266e-01 -2.9147545e-01
 -5.0580013e-01 -3.0421099e-02 -1.7298064e-01  4.5826736e-01
  6.0741872e-01 -7.5213760e-01 -1.1006991e+00 -5.0532484e-01
 -3.5782072e-01 -1.7394384e-02  6.5574028e-02  2.4431220e-03
 -1.3498046e-01 -1.3086504e+00  1.3408401e+00 -9.9716383e-01
 -1.5266392e+00  3.9033100e-02  1.6575417e-01 -1.8800361e-01
  2.9582718e-01 -5.6744975e-01 -2.5593320e-01 -2.4598750e-01
 -2.8056797e-01  3.2826955e-04 -6.1350536e-01 -4.5305011e-01
 -2.2093147e-02  4.3355224e-01  2.0249333e+00  3.0533698e-01]
X_ 2 postcondition: > 0.75
[-1.9709714e-02 -3.5201702e-01  1.9622648e-01  6.4736176e-01
  1.9782650e+00 -8.8125572e-02  6.0721107e-02  1.0582192e+00
  5.9028101e-01 -6.8407083e-01 -4.9676788e-01  2.6530203e-01
  2.4525250e-01 -2.5132281e-01  2.3450089e+00 -1.6287428e-01
  2.5151077e-01 -9.4625020e-01 -7.1025431e-01 -8.6201006e-01
  5.6313610e-01  1.2917852e+00  1.6629238e-01 -1.0179404e+00
  6.0572540e-03  5.8584398e-01  5.1328540e-01 -3.2574275e-01
  1.0238978e-01 -1.1816403e-01 -3.4468266e-01 -2.9147545e-01
 -5.0580013e-01 -3.0421099e-02 -1.7298064e-01  4.5826736e-01
  6.0741872e-01 -7.5213760e-01 -1.1006991e+00 -5.0532484e-01
 -3.5782072e-01 -1.7394384e-02  6.5574028e-02  2.4431220e-03
 -1.3498046e-01 -1.3086504e+00  1.3408401e+00 -9.9716383e-01
 -1.5266392e+00  3.9033100e-02  1.6575417e-01 -1.8800361e-01
  2.9582718e-01 -5.6744975e-01 -2.5593320e-01 -2.4598750e-01
 -2.8056797e-01  3.2826955e-04 -6.1350536e-01 -4.5305011e-01
 -2.2093147e-02  4.3355224e-01  2.0249333e+00  3.0533698e-01]
X_ 2 postcondition: < 0.75
[-1.9709714e-02 -3.5201702e-01  1.9622648e-01  6.4736176e-01
  1.9782650e+00 -8.8125572e-02  6.0721107e-02  1.0582192e+00
  5.9028101e-01 -6.8407083e-01 -4.9676788e-01  2.6530203e-01
  2.4525250e-01 -2.5132281e-01  2.3450089e+00 -1.6287428e-01
  2.5151077e-01 -9.4625020e-01 -7.1025431e-01 -8.6201006e-01
  5.6313610e-01  1.2917852e+00  1.6629238e-01 -1.0179404e+00
  6.0572540e-03  5.8584398e-01  5.1328540e-01 -3.2574275e-01
  1.0238978e-01 -1.1816403e-01 -3.4468266e-01 -2.9147545e-01
 -5.0580013e-01 -3.0421099e-02 -1.7298064e-01  4.5826736e-01
  6.0741872e-01 -7.5213760e-01 -1.1006991e+00 -5.0532484e-01
 -3.5782072e-01 -1.7394384e-02  6.5574028e-02  2.4431220e-03
 -1.3498046e-01 -1.3086504e+00  1.3408401e+00 -9.9716383e-01
 -1.5266392e+00  3.9033100e-02  1.6575417e-01 -1.8800361e-01
  2.9582718e-01 -5.6744975e-01 -2.5593320e-01 -2.4598750e-01
 -2.8056797e-01  3.2826955e-04 -6.1350536e-01 -4.5305011e-01
 -2.2093147e-02  4.3355224e-01  2.0249333e+00  3.0533698e-01]
X_ 2 postcondition: == 0.75
[-1.9709714e-02 -3.5201702e-01  1.9622648e-01  6.4736176e-01
  1.9782650e+00 -8.8125572e-02  6.0721107e-02  1.0582192e+00
  5.9028101e-01 -6.8407083e-01 -4.9676788e-01  2.6530203e-01
  2.4525250e-01 -2.5132281e-01  2.3450089e+00 -1.6287428e-01
  2.5151077e-01 -9.4625020e-01 -7.1025431e-01 -8.6201006e-01
  5.6313610e-01  1.2917852e+00  1.6629238e-01 -1.0179404e+00
  6.0572540e-03  5.8584398e-01  5.1328540e-01 -3.2574275e-01
  1.0238978e-01 -1.1816403e-01 -3.4468266e-01 -2.9147545e-01
 -5.0580013e-01 -3.0421099e-02 -1.7298064e-01  4.5826736e-01
  6.0741872e-01 -7.5213760e-01 -1.1006991e+00 -5.0532484e-01
 -3.5782072e-01 -1.7394384e-02  6.5574028e-02  2.4431220e-03
 -1.3498046e-01 -1.3086504e+00  1.3408401e+00 -9.9716383e-01
 -1.5266392e+00  3.9033100e-02  1.6575417e-01 -1.8800361e-01
  2.9582718e-01 -5.6744975e-01 -2.5593320e-01 -2.4598750e-01
 -2.8056797e-01  3.2826955e-04 -6.1350536e-01 -4.5305011e-01
 -2.2093147e-02  4.3355224e-01  2.0249333e+00  3.0533698e-01]
X_ 2 postcondition: != 0.75
[-1.9709714e-02 -3.5201702e-01  1.9622648e-01  6.4736176e-01
  1.9782650e+00 -8.8125572e-02  6.0721107e-02  1.0582192e+00
  5.9028101e-01 -6.8407083e-01 -4.9676788e-01  2.6530203e-01
  2.4525250e-01 -2.5132281e-01  2.3450089e+00 -1.6287428e-01
  2.5151077e-01 -9.4625020e-01 -7.1025431e-01 -8.6201006e-01
  5.6313610e-01  1.2917852e+00  1.6629238e-01 -1.0179404e+00
  6.0572540e-03  5.8584398e-01  5.1328540e-01 -3.2574275e-01
  1.0238978e-01 -1.1816403e-01 -3.4468266e-01 -2.9147545e-01
 -5.0580013e-01 -3.0421099e-02 -1.7298064e-01  4.5826736e-01
  6.0741872e-01 -7.5213760e-01 -1.1006991e+00 -5.0532484e-01
 -3.5782072e-01 -1.7394384e-02  6.5574028e-02  2.4431220e-03
 -1.3498046e-01 -1.3086504e+00  1.3408401e+00 -9.9716383e-01
 -1.5266392e+00  3.9033100e-02  1.6575417e-01 -1.8800361e-01
  2.9582718e-01 -5.6744975e-01 -2.5593320e-01 -2.4598750e-01
 -2.8056797e-01  3.2826955e-04 -6.1350536e-01 -4.5305011e-01
 -2.2093147e-02  4.3355224e-01  2.0249333e+00  3.0533698e-01]
X_ 2 postcondition: >= 0.9
[-2.3651671e-02 -4.2242038e-01  2.3547176e-01  7.7683419e-01
  2.3739181e+00 -1.0575061e-01  7.2865285e-02  1.2698629e+00
  7.0833719e-01 -8.2088488e-01 -5.9612149e-01  3.1836247e-01
  2.9430300e-01 -3.0158740e-01  2.8140104e+00 -1.9544919e-01
  3.0181292e-01 -1.1355004e+00 -8.5230505e-01 -1.0344121e+00
  6.7576331e-01  1.5501419e+00  1.9955087e-01 -1.2215285e+00
  7.2687492e-03  7.0301276e-01  6.1594236e-01 -3.9089119e-01
  1.2286785e-01 -1.4179684e-01 -4.1361919e-01 -3.4977058e-01
 -6.0696012e-01 -3.6505308e-02 -2.0757669e-01  5.4992086e-01
  7.2890234e-01 -9.0256506e-01 -1.3208388e+00 -6.0638970e-01
 -4.2938489e-01 -2.0873236e-02  7.8688830e-02  2.9317720e-03
 -1.6197661e-01 -1.5703804e+00  1.6090084e+00 -1.1965966e+00
 -1.8319669e+00  4.6839725e-02  1.9890502e-01 -2.2560431e-01
  3.5499254e-01 -6.8093956e-01 -3.0711985e-01 -2.9518503e-01
 -3.3668160e-01  3.9385070e-04 -7.3620635e-01 -5.4366010e-01
 -2.6511775e-02  5.2026254e-01  2.4299200e+00  3.6640441e-01]
X_ 2 postcondition: <= 0.9
[-2.3651671e-02 -4.2242038e-01  2.3547176e-01  7.7683419e-01
  2.3739181e+00 -1.0575061e-01  7.2865285e-02  1.2698629e+00
  7.0833719e-01 -8.2088488e-01 -5.9612149e-01  3.1836247e-01
  2.9430300e-01 -3.0158740e-01  2.8140104e+00 -1.9544919e-01
  3.0181292e-01 -1.1355004e+00 -8.5230505e-01 -1.0344121e+00
  6.7576331e-01  1.5501419e+00  1.9955087e-01 -1.2215285e+00
  7.2687492e-03  7.0301276e-01  6.1594236e-01 -3.9089119e-01
  1.2286785e-01 -1.4179684e-01 -4.1361919e-01 -3.4977058e-01
 -6.0696012e-01 -3.6505308e-02 -2.0757669e-01  5.4992086e-01
  7.2890234e-01 -9.0256506e-01 -1.3208388e+00 -6.0638970e-01
 -4.2938489e-01 -2.0873236e-02  7.8688830e-02  2.9317720e-03
 -1.6197661e-01 -1.5703804e+00  1.6090084e+00 -1.1965966e+00
 -1.8319669e+00  4.6839725e-02  1.9890502e-01 -2.2560431e-01
  3.5499254e-01 -6.8093956e-01 -3.0711985e-01 -2.9518503e-01
 -3.3668160e-01  3.9385070e-04 -7.3620635e-01 -5.4366010e-01
 -2.6511775e-02  5.2026254e-01  2.4299200e+00  3.6640441e-01]
X_ 2 postcondition: > 0.9
[-2.3651671e-02 -4.2242038e-01  2.3547176e-01  7.7683419e-01
  2.3739181e+00 -1.0575061e-01  7.2865285e-02  1.2698629e+00
  7.0833719e-01 -8.2088488e-01 -5.9612149e-01  3.1836247e-01
  2.9430300e-01 -3.0158740e-01  2.8140104e+00 -1.9544919e-01
  3.0181292e-01 -1.1355004e+00 -8.5230505e-01 -1.0344121e+00
  6.7576331e-01  1.5501419e+00  1.9955087e-01 -1.2215285e+00
  7.2687492e-03  7.0301276e-01  6.1594236e-01 -3.9089119e-01
  1.2286785e-01 -1.4179684e-01 -4.1361919e-01 -3.4977058e-01
 -6.0696012e-01 -3.6505308e-02 -2.0757669e-01  5.4992086e-01
  7.2890234e-01 -9.0256506e-01 -1.3208388e+00 -6.0638970e-01
 -4.2938489e-01 -2.0873236e-02  7.8688830e-02  2.9317720e-03
 -1.6197661e-01 -1.5703804e+00  1.6090084e+00 -1.1965966e+00
 -1.8319669e+00  4.6839725e-02  1.9890502e-01 -2.2560431e-01
  3.5499254e-01 -6.8093956e-01 -3.0711985e-01 -2.9518503e-01
 -3.3668160e-01  3.9385070e-04 -7.3620635e-01 -5.4366010e-01
 -2.6511775e-02  5.2026254e-01  2.4299200e+00  3.6640441e-01]
X_ 2 postcondition: < 0.9
[-2.3651671e-02 -4.2242038e-01  2.3547176e-01  7.7683419e-01
  2.3739181e+00 -1.0575061e-01  7.2865285e-02  1.2698629e+00
  7.0833719e-01 -8.2088488e-01 -5.9612149e-01  3.1836247e-01
  2.9430300e-01 -3.0158740e-01  2.8140104e+00 -1.9544919e-01
  3.0181292e-01 -1.1355004e+00 -8.5230505e-01 -1.0344121e+00
  6.7576331e-01  1.5501419e+00  1.9955087e-01 -1.2215285e+00
  7.2687492e-03  7.0301276e-01  6.1594236e-01 -3.9089119e-01
  1.2286785e-01 -1.4179684e-01 -4.1361919e-01 -3.4977058e-01
 -6.0696012e-01 -3.6505308e-02 -2.0757669e-01  5.4992086e-01
  7.2890234e-01 -9.0256506e-01 -1.3208388e+00 -6.0638970e-01
 -4.2938489e-01 -2.0873236e-02  7.8688830e-02  2.9317720e-03
 -1.6197661e-01 -1.5703804e+00  1.6090084e+00 -1.1965966e+00
 -1.8319669e+00  4.6839725e-02  1.9890502e-01 -2.2560431e-01
  3.5499254e-01 -6.8093956e-01 -3.0711985e-01 -2.9518503e-01
 -3.3668160e-01  3.9385070e-04 -7.3620635e-01 -5.4366010e-01
 -2.6511775e-02  5.2026254e-01  2.4299200e+00  3.6640441e-01]
X_ 2 postcondition: == 0.9
[-2.3651671e-02 -4.2242038e-01  2.3547176e-01  7.7683419e-01
  2.3739181e+00 -1.0575061e-01  7.2865285e-02  1.2698629e+00
  7.0833719e-01 -8.2088488e-01 -5.9612149e-01  3.1836247e-01
  2.9430300e-01 -3.0158740e-01  2.8140104e+00 -1.9544919e-01
  3.0181292e-01 -1.1355004e+00 -8.5230505e-01 -1.0344121e+00
  6.7576331e-01  1.5501419e+00  1.9955087e-01 -1.2215285e+00
  7.2687492e-03  7.0301276e-01  6.1594236e-01 -3.9089119e-01
  1.2286785e-01 -1.4179684e-01 -4.1361919e-01 -3.4977058e-01
 -6.0696012e-01 -3.6505308e-02 -2.0757669e-01  5.4992086e-01
  7.2890234e-01 -9.0256506e-01 -1.3208388e+00 -6.0638970e-01
 -4.2938489e-01 -2.0873236e-02  7.8688830e-02  2.9317720e-03
 -1.6197661e-01 -1.5703804e+00  1.6090084e+00 -1.1965966e+00
 -1.8319669e+00  4.6839725e-02  1.9890502e-01 -2.2560431e-01
  3.5499254e-01 -6.8093956e-01 -3.0711985e-01 -2.9518503e-01
 -3.3668160e-01  3.9385070e-04 -7.3620635e-01 -5.4366010e-01
 -2.6511775e-02  5.2026254e-01  2.4299200e+00  3.6640441e-01]
X_ 2 postcondition: != 0.9
[-2.3651671e-02 -4.2242038e-01  2.3547176e-01  7.7683419e-01
  2.3739181e+00 -1.0575061e-01  7.2865285e-02  1.2698629e+00
  7.0833719e-01 -8.2088488e-01 -5.9612149e-01  3.1836247e-01
  2.9430300e-01 -3.0158740e-01  2.8140104e+00 -1.9544919e-01
  3.0181292e-01 -1.1355004e+00 -8.5230505e-01 -1.0344121e+00
  6.7576331e-01  1.5501419e+00  1.9955087e-01 -1.2215285e+00
  7.2687492e-03  7.0301276e-01  6.1594236e-01 -3.9089119e-01
  1.2286785e-01 -1.4179684e-01 -4.1361919e-01 -3.4977058e-01
 -6.0696012e-01 -3.6505308e-02 -2.0757669e-01  5.4992086e-01
  7.2890234e-01 -9.0256506e-01 -1.3208388e+00 -6.0638970e-01
 -4.2938489e-01 -2.0873236e-02  7.8688830e-02  2.9317720e-03
 -1.6197661e-01 -1.5703804e+00  1.6090084e+00 -1.1965966e+00
 -1.8319669e+00  4.6839725e-02  1.9890502e-01 -2.2560431e-01
  3.5499254e-01 -6.8093956e-01 -3.0711985e-01 -2.9518503e-01
 -3.3668160e-01  3.9385070e-04 -7.3620635e-01 -5.4366010e-01
 -2.6511775e-02  5.2026254e-01  2.4299200e+00  3.6640441e-01]
X_ 2 postcondition: >= 0.95
[-2.4965590e-02 -4.4588828e-01  2.4855353e-01  8.1999159e-01
  2.5058026e+00 -1.1162574e-01  7.6913372e-02  1.3404109e+00
  7.4768937e-01 -8.6648971e-01 -6.2923938e-01  3.3604929e-01
  3.1065309e-01 -3.1834224e-01  2.9703445e+00 -2.0630738e-01
  3.1858033e-01 -1.1985837e+00 -8.9965510e-01 -1.0918791e+00
  7.1330565e-01  1.6362611e+00  2.1063699e-01 -1.2893912e+00
  7.6725474e-03  7.4206907e-01  6.5016145e-01 -4.1260740e-01
  1.2969376e-01 -1.4967445e-01 -4.3659797e-01 -3.6920226e-01
 -6.4068013e-01 -3.8533382e-02 -2.1910883e-01  5.8047199e-01
  7.6939690e-01 -9.5270747e-01 -1.3942189e+00 -6.4007819e-01
 -4.5323956e-01 -2.2032849e-02  8.3060436e-02  3.0946380e-03
 -1.7097528e-01 -1.6576239e+00  1.6983974e+00 -1.2630742e+00
 -1.9337430e+00  4.9441949e-02  2.0995528e-01 -2.3813786e-01
  3.7471443e-01 -7.1876967e-01 -3.2418209e-01 -3.1158409e-01
 -3.5538626e-01  4.1585192e-04 -7.7710670e-01 -5.7386357e-01
 -2.7984621e-02  5.4916614e-01  2.5649157e+00  3.8676026e-01]
X_ 2 postcondition: <= 0.95
[-2.4965590e-02 -4.4588828e-01  2.4855353e-01  8.1999159e-01
  2.5058026e+00 -1.1162574e-01  7.6913372e-02  1.3404109e+00
  7.4768937e-01 -8.6648971e-01 -6.2923938e-01  3.3604929e-01
  3.1065309e-01 -3.1834224e-01  2.9703445e+00 -2.0630738e-01
  3.1858033e-01 -1.1985837e+00 -8.9965510e-01 -1.0918791e+00
  7.1330565e-01  1.6362611e+00  2.1063699e-01 -1.2893912e+00
  7.6725474e-03  7.4206907e-01  6.5016145e-01 -4.1260740e-01
  1.2969376e-01 -1.4967445e-01 -4.3659797e-01 -3.6920226e-01
 -6.4068013e-01 -3.8533382e-02 -2.1910883e-01  5.8047199e-01
  7.6939690e-01 -9.5270747e-01 -1.3942189e+00 -6.4007819e-01
 -4.5323956e-01 -2.2032849e-02  8.3060436e-02  3.0946380e-03
 -1.7097528e-01 -1.6576239e+00  1.6983974e+00 -1.2630742e+00
 -1.9337430e+00  4.9441949e-02  2.0995528e-01 -2.3813786e-01
  3.7471443e-01 -7.1876967e-01 -3.2418209e-01 -3.1158409e-01
 -3.5538626e-01  4.1585192e-04 -7.7710670e-01 -5.7386357e-01
 -2.7984621e-02  5.4916614e-01  2.5649157e+00  3.8676026e-01]
X_ 2 postcondition: > 0.95
[-2.4965590e-02 -4.4588828e-01  2.4855353e-01  8.1999159e-01
  2.5058026e+00 -1.1162574e-01  7.6913372e-02  1.3404109e+00
  7.4768937e-01 -8.6648971e-01 -6.2923938e-01  3.3604929e-01
  3.1065309e-01 -3.1834224e-01  2.9703445e+00 -2.0630738e-01
  3.1858033e-01 -1.1985837e+00 -8.9965510e-01 -1.0918791e+00
  7.1330565e-01  1.6362611e+00  2.1063699e-01 -1.2893912e+00
  7.6725474e-03  7.4206907e-01  6.5016145e-01 -4.1260740e-01
  1.2969376e-01 -1.4967445e-01 -4.3659797e-01 -3.6920226e-01
 -6.4068013e-01 -3.8533382e-02 -2.1910883e-01  5.8047199e-01
  7.6939690e-01 -9.5270747e-01 -1.3942189e+00 -6.4007819e-01
 -4.5323956e-01 -2.2032849e-02  8.3060436e-02  3.0946380e-03
 -1.7097528e-01 -1.6576239e+00  1.6983974e+00 -1.2630742e+00
 -1.9337430e+00  4.9441949e-02  2.0995528e-01 -2.3813786e-01
  3.7471443e-01 -7.1876967e-01 -3.2418209e-01 -3.1158409e-01
 -3.5538626e-01  4.1585192e-04 -7.7710670e-01 -5.7386357e-01
 -2.7984621e-02  5.4916614e-01  2.5649157e+00  3.8676026e-01]
X_ 2 postcondition: < 0.95
[-2.4965590e-02 -4.4588828e-01  2.4855353e-01  8.1999159e-01
  2.5058026e+00 -1.1162574e-01  7.6913372e-02  1.3404109e+00
  7.4768937e-01 -8.6648971e-01 -6.2923938e-01  3.3604929e-01
  3.1065309e-01 -3.1834224e-01  2.9703445e+00 -2.0630738e-01
  3.1858033e-01 -1.1985837e+00 -8.9965510e-01 -1.0918791e+00
  7.1330565e-01  1.6362611e+00  2.1063699e-01 -1.2893912e+00
  7.6725474e-03  7.4206907e-01  6.5016145e-01 -4.1260740e-01
  1.2969376e-01 -1.4967445e-01 -4.3659797e-01 -3.6920226e-01
 -6.4068013e-01 -3.8533382e-02 -2.1910883e-01  5.8047199e-01
  7.6939690e-01 -9.5270747e-01 -1.3942189e+00 -6.4007819e-01
 -4.5323956e-01 -2.2032849e-02  8.3060436e-02  3.0946380e-03
 -1.7097528e-01 -1.6576239e+00  1.6983974e+00 -1.2630742e+00
 -1.9337430e+00  4.9441949e-02  2.0995528e-01 -2.3813786e-01
  3.7471443e-01 -7.1876967e-01 -3.2418209e-01 -3.1158409e-01
 -3.5538626e-01  4.1585192e-04 -7.7710670e-01 -5.7386357e-01
 -2.7984621e-02  5.4916614e-01  2.5649157e+00  3.8676026e-01]
X_ 2 postcondition: == 0.95
[-2.4965590e-02 -4.4588828e-01  2.4855353e-01  8.1999159e-01
  2.5058026e+00 -1.1162574e-01  7.6913372e-02  1.3404109e+00
  7.4768937e-01 -8.6648971e-01 -6.2923938e-01  3.3604929e-01
  3.1065309e-01 -3.1834224e-01  2.9703445e+00 -2.0630738e-01
  3.1858033e-01 -1.1985837e+00 -8.9965510e-01 -1.0918791e+00
  7.1330565e-01  1.6362611e+00  2.1063699e-01 -1.2893912e+00
  7.6725474e-03  7.4206907e-01  6.5016145e-01 -4.1260740e-01
  1.2969376e-01 -1.4967445e-01 -4.3659797e-01 -3.6920226e-01
 -6.4068013e-01 -3.8533382e-02 -2.1910883e-01  5.8047199e-01
  7.6939690e-01 -9.5270747e-01 -1.3942189e+00 -6.4007819e-01
 -4.5323956e-01 -2.2032849e-02  8.3060436e-02  3.0946380e-03
 -1.7097528e-01 -1.6576239e+00  1.6983974e+00 -1.2630742e+00
 -1.9337430e+00  4.9441949e-02  2.0995528e-01 -2.3813786e-01
  3.7471443e-01 -7.1876967e-01 -3.2418209e-01 -3.1158409e-01
 -3.5538626e-01  4.1585192e-04 -7.7710670e-01 -5.7386357e-01
 -2.7984621e-02  5.4916614e-01  2.5649157e+00  3.8676026e-01]
X_ 2 postcondition: != 0.95
[-2.4965590e-02 -4.4588828e-01  2.4855353e-01  8.1999159e-01
  2.5058026e+00 -1.1162574e-01  7.6913372e-02  1.3404109e+00
  7.4768937e-01 -8.6648971e-01 -6.2923938e-01  3.3604929e-01
  3.1065309e-01 -3.1834224e-01  2.9703445e+00 -2.0630738e-01
  3.1858033e-01 -1.1985837e+00 -8.9965510e-01 -1.0918791e+00
  7.1330565e-01  1.6362611e+00  2.1063699e-01 -1.2893912e+00
  7.6725474e-03  7.4206907e-01  6.5016145e-01 -4.1260740e-01
  1.2969376e-01 -1.4967445e-01 -4.3659797e-01 -3.6920226e-01
 -6.4068013e-01 -3.8533382e-02 -2.1910883e-01  5.8047199e-01
  7.6939690e-01 -9.5270747e-01 -1.3942189e+00 -6.4007819e-01
 -4.5323956e-01 -2.2032849e-02  8.3060436e-02  3.0946380e-03
 -1.7097528e-01 -1.6576239e+00  1.6983974e+00 -1.2630742e+00
 -1.9337430e+00  4.9441949e-02  2.0995528e-01 -2.3813786e-01
  3.7471443e-01 -7.1876967e-01 -3.2418209e-01 -3.1158409e-01
 -3.5538626e-01  4.1585192e-04 -7.7710670e-01 -5.7386357e-01
 -2.7984621e-02  5.4916614e-01  2.5649157e+00  3.8676026e-01]
X_ 2 postcondition: >= 0.99
[-2.6016794e-02 -4.6466255e-01  2.5901893e-01  8.5451758e-01
  2.6113095e+00 -1.1632577e-01  8.0151841e-02  1.3968493e+00
  7.7917093e-01 -9.0297347e-01 -6.5573359e-01  3.5019875e-01
  3.2373321e-01 -3.3174616e-01  3.0954118e+00 -2.1499409e-01
  3.3199418e-01 -1.2490506e+00 -9.3753552e-01 -1.1378531e+00
  7.4333960e-01  1.7051563e+00  2.1950597e-01 -1.3436813e+00
  7.9955840e-03  7.7331412e-01  6.7753667e-01 -4.2998034e-01
  1.3515455e-01 -1.5597650e-01 -4.5498118e-01 -3.8474774e-01
 -6.6765606e-01 -4.0155843e-02 -2.2833444e-01  6.0491294e-01
  8.0179274e-01 -9.9282169e-01 -1.4529229e+00 -6.6702878e-01
 -4.7232339e-01 -2.2960532e-02  8.6557731e-02  3.2249128e-03
 -1.7817427e-01 -1.7274184e+00  1.7699089e+00 -1.3162563e+00
 -2.0151637e+00  5.1523704e-02  2.1879545e-01 -2.4816480e-01
  3.9049178e-01 -7.4903357e-01 -3.3783185e-01 -3.2470354e-01
 -3.7034971e-01  4.3320167e-04 -8.0982703e-01 -5.9802622e-01
 -2.9162953e-02  5.7228881e-01  2.6729121e+00  4.0304485e-01]
X_ 2 postcondition: <= 0.99
[-2.6016794e-02 -4.6466255e-01  2.5901893e-01  8.5451758e-01
  2.6113095e+00 -1.1632577e-01  8.0151841e-02  1.3968493e+00
  7.7917093e-01 -9.0297347e-01 -6.5573359e-01  3.5019875e-01
  3.2373321e-01 -3.3174616e-01  3.0954118e+00 -2.1499409e-01
  3.3199418e-01 -1.2490506e+00 -9.3753552e-01 -1.1378531e+00
  7.4333960e-01  1.7051563e+00  2.1950597e-01 -1.3436813e+00
  7.9955840e-03  7.7331412e-01  6.7753667e-01 -4.2998034e-01
  1.3515455e-01 -1.5597650e-01 -4.5498118e-01 -3.8474774e-01
 -6.6765606e-01 -4.0155843e-02 -2.2833444e-01  6.0491294e-01
  8.0179274e-01 -9.9282169e-01 -1.4529229e+00 -6.6702878e-01
 -4.7232339e-01 -2.2960532e-02  8.6557731e-02  3.2249128e-03
 -1.7817427e-01 -1.7274184e+00  1.7699089e+00 -1.3162563e+00
 -2.0151637e+00  5.1523704e-02  2.1879545e-01 -2.4816480e-01
  3.9049178e-01 -7.4903357e-01 -3.3783185e-01 -3.2470354e-01
 -3.7034971e-01  4.3320167e-04 -8.0982703e-01 -5.9802622e-01
 -2.9162953e-02  5.7228881e-01  2.6729121e+00  4.0304485e-01]
X_ 2 postcondition: > 0.99
[-2.6016794e-02 -4.6466255e-01  2.5901893e-01  8.5451758e-01
  2.6113095e+00 -1.1632577e-01  8.0151841e-02  1.3968493e+00
  7.7917093e-01 -9.0297347e-01 -6.5573359e-01  3.5019875e-01
  3.2373321e-01 -3.3174616e-01  3.0954118e+00 -2.1499409e-01
  3.3199418e-01 -1.2490506e+00 -9.3753552e-01 -1.1378531e+00
  7.4333960e-01  1.7051563e+00  2.1950597e-01 -1.3436813e+00
  7.9955840e-03  7.7331412e-01  6.7753667e-01 -4.2998034e-01
  1.3515455e-01 -1.5597650e-01 -4.5498118e-01 -3.8474774e-01
 -6.6765606e-01 -4.0155843e-02 -2.2833444e-01  6.0491294e-01
  8.0179274e-01 -9.9282169e-01 -1.4529229e+00 -6.6702878e-01
 -4.7232339e-01 -2.2960532e-02  8.6557731e-02  3.2249128e-03
 -1.7817427e-01 -1.7274184e+00  1.7699089e+00 -1.3162563e+00
 -2.0151637e+00  5.1523704e-02  2.1879545e-01 -2.4816480e-01
  3.9049178e-01 -7.4903357e-01 -3.3783185e-01 -3.2470354e-01
 -3.7034971e-01  4.3320167e-04 -8.0982703e-01 -5.9802622e-01
 -2.9162953e-02  5.7228881e-01  2.6729121e+00  4.0304485e-01]
X_ 2 postcondition: < 0.99
[-2.6016794e-02 -4.6466255e-01  2.5901893e-01  8.5451758e-01
  2.6113095e+00 -1.1632577e-01  8.0151841e-02  1.3968493e+00
  7.7917093e-01 -9.0297347e-01 -6.5573359e-01  3.5019875e-01
  3.2373321e-01 -3.3174616e-01  3.0954118e+00 -2.1499409e-01
  3.3199418e-01 -1.2490506e+00 -9.3753552e-01 -1.1378531e+00
  7.4333960e-01  1.7051563e+00  2.1950597e-01 -1.3436813e+00
  7.9955840e-03  7.7331412e-01  6.7753667e-01 -4.2998034e-01
  1.3515455e-01 -1.5597650e-01 -4.5498118e-01 -3.8474774e-01
 -6.6765606e-01 -4.0155843e-02 -2.2833444e-01  6.0491294e-01
  8.0179274e-01 -9.9282169e-01 -1.4529229e+00 -6.6702878e-01
 -4.7232339e-01 -2.2960532e-02  8.6557731e-02  3.2249128e-03
 -1.7817427e-01 -1.7274184e+00  1.7699089e+00 -1.3162563e+00
 -2.0151637e+00  5.1523704e-02  2.1879545e-01 -2.4816480e-01
  3.9049178e-01 -7.4903357e-01 -3.3783185e-01 -3.2470354e-01
 -3.7034971e-01  4.3320167e-04 -8.0982703e-01 -5.9802622e-01
 -2.9162953e-02  5.7228881e-01  2.6729121e+00  4.0304485e-01]
X_ 2 postcondition: == 0.99
[-2.6016794e-02 -4.6466255e-01  2.5901893e-01  8.5451758e-01
  2.6113095e+00 -1.1632577e-01  8.0151841e-02  1.3968493e+00
  7.7917093e-01 -9.0297347e-01 -6.5573359e-01  3.5019875e-01
  3.2373321e-01 -3.3174616e-01  3.0954118e+00 -2.1499409e-01
  3.3199418e-01 -1.2490506e+00 -9.3753552e-01 -1.1378531e+00
  7.4333960e-01  1.7051563e+00  2.1950597e-01 -1.3436813e+00
  7.9955840e-03  7.7331412e-01  6.7753667e-01 -4.2998034e-01
  1.3515455e-01 -1.5597650e-01 -4.5498118e-01 -3.8474774e-01
 -6.6765606e-01 -4.0155843e-02 -2.2833444e-01  6.0491294e-01
  8.0179274e-01 -9.9282169e-01 -1.4529229e+00 -6.6702878e-01
 -4.7232339e-01 -2.2960532e-02  8.6557731e-02  3.2249128e-03
 -1.7817427e-01 -1.7274184e+00  1.7699089e+00 -1.3162563e+00
 -2.0151637e+00  5.1523704e-02  2.1879545e-01 -2.4816480e-01
  3.9049178e-01 -7.4903357e-01 -3.3783185e-01 -3.2470354e-01
 -3.7034971e-01  4.3320167e-04 -8.0982703e-01 -5.9802622e-01
 -2.9162953e-02  5.7228881e-01  2.6729121e+00  4.0304485e-01]
X_ 2 postcondition: != 0.99
[-2.6016794e-02 -4.6466255e-01  2.5901893e-01  8.5451758e-01
  2.6113095e+00 -1.1632577e-01  8.0151841e-02  1.3968493e+00
  7.7917093e-01 -9.0297347e-01 -6.5573359e-01  3.5019875e-01
  3.2373321e-01 -3.3174616e-01  3.0954118e+00 -2.1499409e-01
  3.3199418e-01 -1.2490506e+00 -9.3753552e-01 -1.1378531e+00
  7.4333960e-01  1.7051563e+00  2.1950597e-01 -1.3436813e+00
  7.9955840e-03  7.7331412e-01  6.7753667e-01 -4.2998034e-01
  1.3515455e-01 -1.5597650e-01 -4.5498118e-01 -3.8474774e-01
 -6.6765606e-01 -4.0155843e-02 -2.2833444e-01  6.0491294e-01
  8.0179274e-01 -9.9282169e-01 -1.4529229e+00 -6.6702878e-01
 -4.7232339e-01 -2.2960532e-02  8.6557731e-02  3.2249128e-03
 -1.7817427e-01 -1.7274184e+00  1.7699089e+00 -1.3162563e+00
 -2.0151637e+00  5.1523704e-02  2.1879545e-01 -2.4816480e-01
  3.9049178e-01 -7.4903357e-01 -3.3783185e-01 -3.2470354e-01
 -3.7034971e-01  4.3320167e-04 -8.0982703e-01 -5.9802622e-01
 -2.9162953e-02  5.7228881e-01  2.6729121e+00  4.0304485e-01]
X_ 3 postcondition: >= 0.75
[ -0.41270357  -4.6474795   -2.1334834    0.2918164  -29.1449
  32.821663     9.709563    -0.08051252   0.36775404  -2.3917987
   3.5744016    6.9465523   20.646719    -1.4845127   -8.6090765
  12.085376  ]
X_ 3 postcondition: <= 0.75
[ -0.41270357  -4.6474795   -2.1334834    0.2918164  -29.1449
  32.821663     9.709563    -0.08051252   0.36775404  -2.3917987
   3.5744016    6.9465523   20.646719    -1.4845127   -8.6090765
  12.085376  ]
X_ 3 postcondition: > 0.75
[ -0.41270357  -4.6474795   -2.1334834    0.2918164  -29.1449
  32.821663     9.709563    -0.08051252   0.36775404  -2.3917987
   3.5744016    6.9465523   20.646719    -1.4845127   -8.6090765
  12.085376  ]
X_ 3 postcondition: < 0.75
[ -0.41270357  -4.6474795   -2.1334834    0.2918164  -29.1449
  32.821663     9.709563    -0.08051252   0.36775404  -2.3917987
   3.5744016    6.9465523   20.646719    -1.4845127   -8.6090765
  12.085376  ]
X_ 3 postcondition: == 0.75
[ -0.41270357  -4.6474795   -2.1334834    0.2918164  -29.1449
  32.821663     9.709563    -0.08051252   0.36775404  -2.3917987
   3.5744016    6.9465523   20.646719    -1.4845127   -8.6090765
  12.085376  ]
X_ 3 postcondition: != 0.75
[ -0.41270357  -4.6474795   -2.1334834    0.2918164  -29.1449
  32.821663     9.709563    -0.08051252   0.36775404  -2.3917987
   3.5744016    6.9465523   20.646719    -1.4845127   -8.6090765
  12.085376  ]
X_ 3 postcondition: >= 0.9
[ -0.49524426  -5.5769753   -2.56018      0.35017967 -34.973877
  39.385994    11.651477    -0.09661503   0.44130483  -2.8701584
   4.289282     8.335862    24.776062    -1.7814151  -10.330892
  14.502451  ]
X_ 3 postcondition: <= 0.9
[ -0.49524426  -5.5769753   -2.56018      0.35017967 -34.973877
  39.385994    11.651477    -0.09661503   0.44130483  -2.8701584
   4.289282     8.335862    24.776062    -1.7814151  -10.330892
  14.502451  ]
X_ 3 postcondition: > 0.9
[ -0.49524426  -5.5769753   -2.56018      0.35017967 -34.973877
  39.385994    11.651477    -0.09661503   0.44130483  -2.8701584
   4.289282     8.335862    24.776062    -1.7814151  -10.330892
  14.502451  ]
X_ 3 postcondition: < 0.9
[ -0.49524426  -5.5769753   -2.56018      0.35017967 -34.973877
  39.385994    11.651477    -0.09661503   0.44130483  -2.8701584
   4.289282     8.335862    24.776062    -1.7814151  -10.330892
  14.502451  ]
X_ 3 postcondition: == 0.9
[ -0.49524426  -5.5769753   -2.56018      0.35017967 -34.973877
  39.385994    11.651477    -0.09661503   0.44130483  -2.8701584
   4.289282     8.335862    24.776062    -1.7814151  -10.330892
  14.502451  ]
X_ 3 postcondition: != 0.9
[ -0.49524426  -5.5769753   -2.56018      0.35017967 -34.973877
  39.385994    11.651477    -0.09661503   0.44130483  -2.8701584
   4.289282     8.335862    24.776062    -1.7814151  -10.330892
  14.502451  ]
X_ 3 postcondition: >= 0.95
[ -0.5227578   -5.886807    -2.7024124    0.3696341  -36.91687
  41.57411     12.29878     -0.10198253   0.46582174  -3.0296116
   4.527575     8.798966    26.15251     -1.8803825  -10.90483
  15.308144  ]
X_ 3 postcondition: <= 0.95
[ -0.5227578   -5.886807    -2.7024124    0.3696341  -36.91687
  41.57411     12.29878     -0.10198253   0.46582174  -3.0296116
   4.527575     8.798966    26.15251     -1.8803825  -10.90483
  15.308144  ]
X_ 3 postcondition: > 0.95
[ -0.5227578   -5.886807    -2.7024124    0.3696341  -36.91687
  41.57411     12.29878     -0.10198253   0.46582174  -3.0296116
   4.527575     8.798966    26.15251     -1.8803825  -10.90483
  15.308144  ]
X_ 3 postcondition: < 0.95
[ -0.5227578   -5.886807    -2.7024124    0.3696341  -36.91687
  41.57411     12.29878     -0.10198253   0.46582174  -3.0296116
   4.527575     8.798966    26.15251     -1.8803825  -10.90483
  15.308144  ]
X_ 3 postcondition: == 0.95
[ -0.5227578   -5.886807    -2.7024124    0.3696341  -36.91687
  41.57411     12.29878     -0.10198253   0.46582174  -3.0296116
   4.527575     8.798966    26.15251     -1.8803825  -10.90483
  15.308144  ]
X_ 3 postcondition: != 0.95
[ -0.5227578   -5.886807    -2.7024124    0.3696341  -36.91687
  41.57411     12.29878     -0.10198253   0.46582174  -3.0296116
   4.527575     8.798966    26.15251     -1.8803825  -10.90483
  15.308144  ]
X_ 3 postcondition: >= 0.99
[ -0.5447687   -6.134673    -2.816198     0.38519764 -38.471268
  43.324596    12.816625    -0.10627654   0.4854353   -3.1571743
   4.7182097    9.169449    27.25367     -1.9595567  -11.363981
  15.952696  ]
X_ 3 postcondition: <= 0.99
[ -0.5447687   -6.134673    -2.816198     0.38519764 -38.471268
  43.324596    12.816625    -0.10627654   0.4854353   -3.1571743
   4.7182097    9.169449    27.25367     -1.9595567  -11.363981
  15.952696  ]
X_ 3 postcondition: > 0.99
[ -0.5447687   -6.134673    -2.816198     0.38519764 -38.471268
  43.324596    12.816625    -0.10627654   0.4854353   -3.1571743
   4.7182097    9.169449    27.25367     -1.9595567  -11.363981
  15.952696  ]
X_ 3 postcondition: < 0.99
[ -0.5447687   -6.134673    -2.816198     0.38519764 -38.471268
  43.324596    12.816625    -0.10627654   0.4854353   -3.1571743
   4.7182097    9.169449    27.25367     -1.9595567  -11.363981
  15.952696  ]
X_ 3 postcondition: == 0.99
[ -0.5447687   -6.134673    -2.816198     0.38519764 -38.471268
  43.324596    12.816625    -0.10627654   0.4854353   -3.1571743
   4.7182097    9.169449    27.25367     -1.9595567  -11.363981
  15.952696  ]
X_ 3 postcondition: != 0.99
[ -0.5447687   -6.134673    -2.816198     0.38519764 -38.471268
  43.324596    12.816625    -0.10627654   0.4854353   -3.1571743
   4.7182097    9.169449    27.25367     -1.9595567  -11.363981
  15.952696  ]
Weakest precondition: [-0.24112034 -0.06521636 -0.07855099 -0.0069003  -0.04025366 -0.10045213
 -0.08443978 -0.13217458 -0.17190748  0.00766234 -0.05266993  0.02088708
 -0.04681563  0.02458047  0.05604008 -0.00857395 -0.06476317  0.06295621
  0.05668109  0.02236144  0.12730245 -0.13764429 -0.2484673  -0.04020714
 -0.04350953  0.01245414 -0.0333757  -0.01988727]
Features:  ['age' 'education' 'balance' 'day' 'month' 'duration' 'campaign' 'pdays'
 'previous' 'poutcome' 'job_blue' 'job_entrepreneur' 'job_housemaid'
 'job_management' 'job_retired' 'job_self' 'job_services' 'job_student'
 'job_technician' 'job_unemployed' 'job_unknown' 'marital_married'
 'marital_single' 'default_yes' 'housing_yes' 'loan_yes'
 'contact_telephone' 'contact_unknown']
Features length:  28
Weakest precondition size  28

Checking precondition violation:   0%|          | 0/28 [00:00<?, ?it/s]
Checking precondition violation:  43%|████▎     | 12/28 [00:00<00:00, 118.99it/s]
Checking precondition violation: 100%|██████████| 28/28 [00:00<00:00, 151.32it/s]
