Number of layers in the model: 3
Layer: dense
Layer: dense_1
Layer: dense_2
Number of selected layers in the model: 3
#weights: 3 | #biases: 3 | #N: 3 | #Gamma: 3
W_ 1 : [[ 0.4213617  -0.40809864 -0.28419325 -0.279556   -0.18657568  0.17289215
   0.3214829   0.47148597 -0.07921185  0.06432581  0.4497056   0.1856396 ]
 [-0.25972143 -0.42870015  0.37820888  0.08764703 -0.03536266 -0.25719014
   0.484945   -0.21695979  0.43046    -0.40671253 -0.41292182 -0.22651768]
 [ 0.4971649  -0.12576354  0.0982831   0.52096444  0.30375892 -0.37652558
   0.4047697   0.13751754 -0.17286718 -0.27569044 -0.533984   -0.08610531]
 [ 0.18281992  0.02152955 -0.05586888  0.4573674   0.13159038 -0.04609013
  -0.18083864 -0.09645896  0.26344296 -0.2254112   0.32834685  0.12129641]
 [-0.00326715  0.3045513  -0.4338458  -0.3452026  -0.27019083 -0.09117758
  -0.28654733  0.19747661  0.09958007 -0.27612764 -0.23856565 -0.25797445]
 [-0.29167473  0.11047138  0.33462587  0.14422701  0.0993478  -0.1088382
  -0.01782561  0.33597538  0.2771245  -0.4478932  -0.44567373 -0.36218056]
 [ 0.38594985 -0.3760315  -0.01559156 -0.31667647 -0.04324042 -0.31569046
   0.19721581 -0.36866984 -0.13601905  0.06939209  0.23180395  0.47562018]
 [-0.55280095 -0.5377088   0.5544851   0.5191638   0.08430284 -0.47663075
   0.16773076 -0.31945968  0.4013244  -0.19344711 -0.52033776  0.56324613]]
W_ 2 : [[ 0.05149776 -0.1860863   0.303088    0.13183057  0.18912882 -0.02858187
   0.19217022 -0.5016161 ]
 [ 0.4794568  -0.45371008  0.20450813  0.08862579 -0.29437974 -0.47895426
   0.3044076   0.46413502]
 [ 0.36743036  0.5383316  -0.49074593 -0.05595154 -0.30699578 -0.00793067
   0.01061875  0.35248086]
 [-0.5230565  -0.22256115  0.06713384 -0.38203493 -0.5421233  -0.35261297
   0.2688608   0.06711726]
 [-0.33445966 -0.39372587 -0.20697412  0.0590381   0.11047733  0.38526934
  -0.3112827  -0.33311495]
 [-0.08079159  0.54754925  0.0494889   0.4835614   0.51001704 -0.06183738
   0.51846063 -0.10380471]
 [ 0.1639908  -0.5107434  -0.15373227 -0.01856142 -0.2810485   0.5046257
  -0.37203056 -0.29937407]
 [-0.20475718  0.01432896  0.21686167 -0.37875378 -0.25545192 -0.43184966
  -0.3816782   0.4929795 ]
 [ 0.1115586  -0.01889843 -0.48661178 -0.3481012   0.24679539  0.2521889
  -0.0315555  -0.06737608]
 [ 0.13932616 -0.37267667  0.36016846 -0.28730562  0.39631605  0.04795414
  -0.26177752  0.25499052]
 [ 0.17485893 -0.13565207 -0.39133286  0.34182763  0.17163509  0.20100808
  -0.13190159 -0.04319513]
 [ 0.23298788 -0.12549564  0.4987538   0.26258272  0.35071146 -0.25674382
   0.45571506  0.0618751 ]]
W_ 3 : [[ 0.06153359]
 [-0.10528308]
 [ 0.6876339 ]
 [ 0.07025468]
 [ 0.6517179 ]
 [-0.20232368]
 [ 0.3371179 ]
 [ 0.19336252]]
B_ 1 : [-0.01945198 -0.02457364  0.02177002  0.03258234  0.02568875  0.
  0.03006912  0.02232286 -0.02686014  0.          0.          0.0098689 ]
B_ 2 : [-0.02638727  0.          0.          0.         -0.02831062  0.02941491
 -0.02474085 -0.00443293]
B_ 3 : [-0.02962779]
Activation function of layer_a 1 : relu
Activation function of layer_a 2 : relu
Activation function of layer_a 3 : relu
Gamma_ 1 : [[-0.01721678 -0.04767852  0.45418277  0.36520073 -0.01972403  0.2049268
   0.60116255 -0.45701203]
 [-0.55431974 -0.36374414  0.02477768  0.06862123  0.02525529  0.33673173
   0.16277511 -0.29709142]
 [-0.27699614 -0.36158583 -0.3585094  -0.20292678 -1.1358471   1.720047
   0.99287313 -0.32267052]
 [ 0.07170302  0.07809506  0.4888708   0.57554936 -0.04016453 -0.99735177
  -1.137197    0.35696214]
 [-0.29415098 -0.35917953  0.10795153  0.10634139 -0.6541584   0.79335237
   0.47030455 -0.28469476]
 [ 0.2270026   0.28746006 -0.1765739  -0.06040898 -0.36055088 -0.5107727
  -0.8442124  -0.14921694]
 [ 0.27484116  0.7926934   0.28704125 -0.33070165 -0.2722712  -0.6571033
  -0.41658902 -0.19735807]
 [ 0.9102185  -0.8373162   0.06630163 -0.2527288  -0.03516705  1.0687091
  -0.18185346  0.3386256 ]
 [ 0.2002067   0.5348806  -0.35358503  0.6781768   0.296715   -0.06868352
  -0.19411053  0.08972088]
 [-0.0471416  -0.12872691  0.06732085 -0.61567575 -0.29279318 -0.87825125
  -0.6152304   0.18020758]
 [ 0.15718804  0.06573455 -0.53466713  0.73866355 -0.57787716  0.487511
   0.4165975  -0.4359518 ]
 [ 0.31741217 -0.88861537 -0.06059233 -0.03096948  0.16806155  0.19712463
   0.3641743   0.79428715]]
Gamma_ 2 : [[ 0.8069701  -0.74592304  1.091692   -0.37618327  0.5716686  -0.22004819
   2.3403902   2.3682013   1.7278509  -3.2085629  -0.8204621   4.251772  ]
 [ 0.8962343  -2.4029355   1.367515   -0.69349396 -1.1711744  -1.5580661
  -2.3279786   0.43382388 -1.6631095   1.837325    3.0636113   1.0386738 ]
 [ 0.3498547  -1.9582496   0.08004665  0.8492788  -0.12791348 -0.75490606
  -0.32122278 -2.2048717  -1.9563518   1.9470015  -0.6059409   1.1015081 ]
 [-0.48272806  2.2188091  -1.5172584  -0.50889874 -0.0170548   1.2810256
   0.8124925   1.3612503  -1.7124916   0.24895501 -1.0114639  -2.6042507 ]
 [ 0.5862442  -1.4953582  -0.85077333  0.2814123   0.36120272 -2.3380735
  -1.594909    1.6028807  -0.45138717 -0.8844743   2.3600705  -0.25138903]
 [-2.073432    1.7696097  -0.14721382 -0.01650552 -0.8863689   0.58843106
   1.643811   -2.50252    -0.41738945  1.8942086  -1.3485557  -2.584734  ]
 [-0.58239186  1.742809   -0.87866354  0.75301176 -0.7744355   0.6977667
   1.3952334   0.09110713  0.53102565  0.5296178  -0.8523289  -0.44498205]
 [-0.948609    0.95931125 -1.0952417  -0.39733708 -0.32320157  2.5880435
  -0.4437561  -2.4511025  -0.7055289   1.7701349  -1.0475473  -4.191214  ]]
Gamma_ 3 : [[ -6.9555826 -15.738978   -5.2871647   4.2732306   1.9193721  13.812616
   -1.0394273   1.3689766]]
X_ 1 postcondition: >= 0.75
[-0.02178305  0.01701034 -0.01534784  0.01937283  0.04377055 -0.01571779
  0.02012103 -0.01540246]
X_ 1 postcondition: <= 0.75
[-0.02178305  0.01701034 -0.01534784  0.01937283  0.04377055 -0.01571779
  0.02012103 -0.01540246]
X_ 1 postcondition: > 0.75
[-0.02178305  0.01701034 -0.01534784  0.01937283  0.04377055 -0.01571779
  0.02012103 -0.01540246]
X_ 1 postcondition: < 0.75
[-0.02178305  0.01701034 -0.01534784  0.01937283  0.04377055 -0.01571779
  0.02012103 -0.01540246]
X_ 1 postcondition: == 0.75
[-0.02178305  0.01701034 -0.01534784  0.01937283  0.04377055 -0.01571779
  0.02012103 -0.01540246]
X_ 1 postcondition: != 0.75
[-0.02178305  0.01701034 -0.01534784  0.01937283  0.04377055 -0.01571779
  0.02012103 -0.01540246]
X_ 1 postcondition: >= 0.9
[-0.02613966  0.02041241 -0.01841741  0.0232474   0.05252466 -0.01886135
  0.02414523 -0.01848295]
X_ 1 postcondition: <= 0.9
[-0.02613966  0.02041241 -0.01841741  0.0232474   0.05252466 -0.01886135
  0.02414523 -0.01848295]
X_ 1 postcondition: > 0.9
[-0.02613966  0.02041241 -0.01841741  0.0232474   0.05252466 -0.01886135
  0.02414523 -0.01848295]
X_ 1 postcondition: < 0.9
[-0.02613966  0.02041241 -0.01841741  0.0232474   0.05252466 -0.01886135
  0.02414523 -0.01848295]
X_ 1 postcondition: == 0.9
[-0.02613966  0.02041241 -0.01841741  0.0232474   0.05252466 -0.01886135
  0.02414523 -0.01848295]
X_ 1 postcondition: != 0.9
[-0.02613966  0.02041241 -0.01841741  0.0232474   0.05252466 -0.01886135
  0.02414523 -0.01848295]
X_ 1 postcondition: >= 0.95
[-0.02759186  0.02154643 -0.0194406   0.02453892  0.05544269 -0.0199092
  0.02548664 -0.01950978]
X_ 1 postcondition: <= 0.95
[-0.02759186  0.02154643 -0.0194406   0.02453892  0.05544269 -0.0199092
  0.02548664 -0.01950978]
X_ 1 postcondition: > 0.95
[-0.02759186  0.02154643 -0.0194406   0.02453892  0.05544269 -0.0199092
  0.02548664 -0.01950978]
X_ 1 postcondition: < 0.95
[-0.02759186  0.02154643 -0.0194406   0.02453892  0.05544269 -0.0199092
  0.02548664 -0.01950978]
X_ 1 postcondition: == 0.95
[-0.02759186  0.02154643 -0.0194406   0.02453892  0.05544269 -0.0199092
  0.02548664 -0.01950978]
X_ 1 postcondition: != 0.95
[-0.02759186  0.02154643 -0.0194406   0.02453892  0.05544269 -0.0199092
  0.02548664 -0.01950978]
X_ 1 postcondition: >= 0.99
[-0.02875363  0.02245365 -0.02025915  0.02557214  0.05777712 -0.02074748
  0.02655976 -0.02033124]
X_ 1 postcondition: <= 0.99
[-0.02875363  0.02245365 -0.02025915  0.02557214  0.05777712 -0.02074748
  0.02655976 -0.02033124]
X_ 1 postcondition: > 0.99
[-0.02875363  0.02245365 -0.02025915  0.02557214  0.05777712 -0.02074748
  0.02655976 -0.02033124]
X_ 1 postcondition: < 0.99
[-0.02875363  0.02245365 -0.02025915  0.02557214  0.05777712 -0.02074748
  0.02655976 -0.02033124]
X_ 1 postcondition: == 0.99
[-0.02875363  0.02245365 -0.02025915  0.02557214  0.05777712 -0.02074748
  0.02655976 -0.02033124]
X_ 1 postcondition: != 0.99
[-0.02875363  0.02245365 -0.02025915  0.02557214  0.05777712 -0.02074748
  0.02655976 -0.02033124]
X_ 2 postcondition: >= 0.75
[ 0.06019987 -0.05002437 -0.01315716  0.0115461   0.02309264 -0.0454286
  0.00060241  0.12965159  0.04132661 -0.10835482  0.04432643  0.11363757]
X_ 2 postcondition: <= 0.75
[ 0.06019987 -0.05002437 -0.01315716  0.0115461   0.02309264 -0.0454286
  0.00060241  0.12965159  0.04132661 -0.10835482  0.04432643  0.11363757]
X_ 2 postcondition: > 0.75
[ 0.06019987 -0.05002437 -0.01315716  0.0115461   0.02309264 -0.0454286
  0.00060241  0.12965159  0.04132661 -0.10835482  0.04432643  0.11363757]
X_ 2 postcondition: < 0.75
[ 0.06019987 -0.05002437 -0.01315716  0.0115461   0.02309264 -0.0454286
  0.00060241  0.12965159  0.04132661 -0.10835482  0.04432643  0.11363757]
X_ 2 postcondition: == 0.75
[ 0.06019987 -0.05002437 -0.01315716  0.0115461   0.02309264 -0.0454286
  0.00060241  0.12965159  0.04132661 -0.10835482  0.04432643  0.11363757]
X_ 2 postcondition: != 0.75
[ 0.06019987 -0.05002437 -0.01315716  0.0115461   0.02309264 -0.0454286
  0.00060241  0.12965159  0.04132661 -0.10835482  0.04432643  0.11363757]
X_ 2 postcondition: >= 0.9
[ 0.07223984 -0.06002924 -0.01578859  0.01385532  0.02771116 -0.05451432
  0.00072289  0.1555819   0.04959193 -0.13002579  0.0531917   0.1363651 ]
X_ 2 postcondition: <= 0.9
[ 0.07223984 -0.06002924 -0.01578859  0.01385532  0.02771116 -0.05451432
  0.00072289  0.1555819   0.04959193 -0.13002579  0.0531917   0.1363651 ]
X_ 2 postcondition: > 0.9
[ 0.07223984 -0.06002924 -0.01578859  0.01385532  0.02771116 -0.05451432
  0.00072289  0.1555819   0.04959193 -0.13002579  0.0531917   0.1363651 ]
X_ 2 postcondition: < 0.9
[ 0.07223984 -0.06002924 -0.01578859  0.01385532  0.02771116 -0.05451432
  0.00072289  0.1555819   0.04959193 -0.13002579  0.0531917   0.1363651 ]
X_ 2 postcondition: == 0.9
[ 0.07223984 -0.06002924 -0.01578859  0.01385532  0.02771116 -0.05451432
  0.00072289  0.1555819   0.04959193 -0.13002579  0.0531917   0.1363651 ]
X_ 2 postcondition: != 0.9
[ 0.07223984 -0.06002924 -0.01578859  0.01385532  0.02771116 -0.05451432
  0.00072289  0.1555819   0.04959193 -0.13002579  0.0531917   0.1363651 ]
X_ 2 postcondition: >= 0.95
[ 0.07625317 -0.06336419 -0.01666574  0.01462506  0.02925067 -0.05754288
  0.00076305  0.16422535  0.05234704 -0.13724944  0.0561468   0.14394094]
X_ 2 postcondition: <= 0.95
[ 0.07625317 -0.06336419 -0.01666574  0.01462506  0.02925067 -0.05754288
  0.00076305  0.16422535  0.05234704 -0.13724944  0.0561468   0.14394094]
X_ 2 postcondition: > 0.95
[ 0.07625317 -0.06336419 -0.01666574  0.01462506  0.02925067 -0.05754288
  0.00076305  0.16422535  0.05234704 -0.13724944  0.0561468   0.14394094]
X_ 2 postcondition: < 0.95
[ 0.07625317 -0.06336419 -0.01666574  0.01462506  0.02925067 -0.05754288
  0.00076305  0.16422535  0.05234704 -0.13724944  0.0561468   0.14394094]
X_ 2 postcondition: == 0.95
[ 0.07625317 -0.06336419 -0.01666574  0.01462506  0.02925067 -0.05754288
  0.00076305  0.16422535  0.05234704 -0.13724944  0.0561468   0.14394094]
X_ 2 postcondition: != 0.95
[ 0.07625317 -0.06336419 -0.01666574  0.01462506  0.02925067 -0.05754288
  0.00076305  0.16422535  0.05234704 -0.13724944  0.0561468   0.14394094]
X_ 2 postcondition: >= 0.99
[ 0.07946383 -0.06603216 -0.01736745  0.01524085  0.03048228 -0.05996575
  0.00079518  0.17114012  0.05455112 -0.14302838  0.05851088  0.15000162]
X_ 2 postcondition: <= 0.99
[ 0.07946383 -0.06603216 -0.01736745  0.01524085  0.03048228 -0.05996575
  0.00079518  0.17114012  0.05455112 -0.14302838  0.05851088  0.15000162]
X_ 2 postcondition: > 0.99
[ 0.07946383 -0.06603216 -0.01736745  0.01524085  0.03048228 -0.05996575
  0.00079518  0.17114012  0.05455112 -0.14302838  0.05851088  0.15000162]
X_ 2 postcondition: < 0.99
[ 0.07946383 -0.06603216 -0.01736745  0.01524085  0.03048228 -0.05996575
  0.00079518  0.17114012  0.05455112 -0.14302838  0.05851088  0.15000162]
X_ 2 postcondition: == 0.99
[ 0.07946383 -0.06603216 -0.01736745  0.01524085  0.03048228 -0.05996575
  0.00079518  0.17114012  0.05455112 -0.14302838  0.05851088  0.15000162]
X_ 2 postcondition: != 0.99
[ 0.07946383 -0.06603216 -0.01736745  0.01524085  0.03048228 -0.05996575
  0.00079518  0.17114012  0.05455112 -0.14302838  0.05851088  0.15000162]
X_ 3 postcondition: >= 0.75
[-0.15455893 -0.34973338 -0.11748526  0.09495479  0.04265007  0.306928
 -0.02309695  0.03041982]
X_ 3 postcondition: <= 0.75
[-0.15455893 -0.34973338 -0.11748526  0.09495479  0.04265007  0.306928
 -0.02309695  0.03041982]
X_ 3 postcondition: > 0.75
[-0.15455893 -0.34973338 -0.11748526  0.09495479  0.04265007  0.306928
 -0.02309695  0.03041982]
X_ 3 postcondition: < 0.75
[-0.15455893 -0.34973338 -0.11748526  0.09495479  0.04265007  0.306928
 -0.02309695  0.03041982]
X_ 3 postcondition: == 0.75
[-0.15455893 -0.34973338 -0.11748526  0.09495479  0.04265007  0.306928
 -0.02309695  0.03041982]
X_ 3 postcondition: != 0.75
[-0.15455893 -0.34973338 -0.11748526  0.09495479  0.04265007  0.306928
 -0.02309695  0.03041982]
X_ 3 postcondition: >= 0.9
[-0.1854707  -0.41968006 -0.14098231  0.11394574  0.05118008  0.36831358
 -0.02771634  0.03650378]
X_ 3 postcondition: <= 0.9
[-0.1854707  -0.41968006 -0.14098231  0.11394574  0.05118008  0.36831358
 -0.02771634  0.03650378]
X_ 3 postcondition: > 0.9
[-0.1854707  -0.41968006 -0.14098231  0.11394574  0.05118008  0.36831358
 -0.02771634  0.03650378]
X_ 3 postcondition: < 0.9
[-0.1854707  -0.41968006 -0.14098231  0.11394574  0.05118008  0.36831358
 -0.02771634  0.03650378]
X_ 3 postcondition: == 0.9
[-0.1854707  -0.41968006 -0.14098231  0.11394574  0.05118008  0.36831358
 -0.02771634  0.03650378]
X_ 3 postcondition: != 0.9
[-0.1854707  -0.41968006 -0.14098231  0.11394574  0.05118008  0.36831358
 -0.02771634  0.03650378]
X_ 3 postcondition: >= 0.95
[-0.19577463 -0.4429956  -0.14881466  0.12027606  0.05402342  0.38877547
 -0.02925614  0.03853177]
X_ 3 postcondition: <= 0.95
[-0.19577463 -0.4429956  -0.14881466  0.12027606  0.05402342  0.38877547
 -0.02925614  0.03853177]
X_ 3 postcondition: > 0.95
[-0.19577463 -0.4429956  -0.14881466  0.12027606  0.05402342  0.38877547
 -0.02925614  0.03853177]
X_ 3 postcondition: < 0.95
[-0.19577463 -0.4429956  -0.14881466  0.12027606  0.05402342  0.38877547
 -0.02925614  0.03853177]
X_ 3 postcondition: == 0.95
[-0.19577463 -0.4429956  -0.14881466  0.12027606  0.05402342  0.38877547
 -0.02925614  0.03853177]
X_ 3 postcondition: != 0.95
[-0.19577463 -0.4429956  -0.14881466  0.12027606  0.05402342  0.38877547
 -0.02925614  0.03853177]
X_ 3 postcondition: >= 0.99
[-0.20401777 -0.46164808 -0.15508054  0.12534033  0.05629809  0.40514496
 -0.03048798  0.04015416]
X_ 3 postcondition: <= 0.99
[-0.20401777 -0.46164808 -0.15508054  0.12534033  0.05629809  0.40514496
 -0.03048798  0.04015416]
X_ 3 postcondition: > 0.99
[-0.20401777 -0.46164808 -0.15508054  0.12534033  0.05629809  0.40514496
 -0.03048798  0.04015416]
X_ 3 postcondition: < 0.99
[-0.20401777 -0.46164808 -0.15508054  0.12534033  0.05629809  0.40514496
 -0.03048798  0.04015416]
X_ 3 postcondition: == 0.99
[-0.20401777 -0.46164808 -0.15508054  0.12534033  0.05629809  0.40514496
 -0.03048798  0.04015416]
X_ 3 postcondition: != 0.99
[-0.20401777 -0.46164808 -0.15508054  0.12534033  0.05629809  0.40514496
 -0.03048798  0.04015416]
Weakest precondition: [-0.02904406  0.02268045 -0.02046379  0.02583044  0.05836073 -0.02095705
  0.02682804 -0.02053661]
Features:  ['Pregnancies' 'Glucose' 'BloodPressure' 'SkinThickness' 'Insulin' 'BMI'
 'DiabetesPedigreeFunction' 'Age']
Features length:  8
Weakest precondition size  8

Checking precondition violation:   0%|          | 0/8 [00:00<?, ?it/s]
Checking precondition violation: 100%|██████████| 8/8 [00:00<00:00, 1634.25it/s]
