Number of layers in the model: 3
Layer: dense
Layer: dense_1
Layer: dense_2
Number of selected layers in the model: 3
#weights: 3 | #biases: 3 | #N: 3 | #Gamma: 3
W_ 1 : [[-3.45840231e-02  7.59774446e-02 -1.65133685e-01 -2.39719272e-01
   1.32388979e-01  9.55692083e-02 -2.54832417e-01 -3.14686209e-01
  -5.43396235e-01  7.04308078e-02 -2.12197363e-01 -2.82652915e-01
  -1.31039813e-01  6.02336377e-02 -2.05370426e-01  1.74774319e-01
  -4.14970696e-01 -1.56781867e-01 -1.33399248e-01 -3.58941853e-01
  -1.50987938e-01 -4.34394181e-01 -2.31833816e-01 -1.41945733e-02
  -4.60271500e-02  6.93031922e-02 -4.19857949e-01 -1.65311880e-02
  -2.58341908e-01  4.49740916e-01  8.02528933e-02 -2.19575703e-01]
 [-4.01382357e-01  2.52025336e-01 -3.22057247e-01 -3.11603308e-01
   7.92701319e-02 -1.58798486e-01 -2.54045147e-02  2.82445163e-01
  -8.85413436e-04 -2.99375415e-01  1.45479381e-01 -2.90863756e-02
  -1.06393826e+00  3.89267057e-01 -1.10734999e-01 -1.47843152e-01
   4.12057132e-01 -6.47969902e-01 -6.77329183e-01 -2.73728162e-01
  -4.37145114e-01  9.51714907e-03  2.44451221e-02  7.91983008e-02
   1.86080590e-01  5.06039679e-01 -6.49712682e-01  6.18696474e-02
   3.41384739e-01  5.27681768e-01 -4.35225517e-02 -4.56992835e-02]
 [ 1.26491338e-01  1.95495069e-01  6.07581623e-02 -2.30804570e-02
  -9.60877463e-02  1.20767914e-02 -1.19631805e-01  1.51096255e-01
  -8.24183878e-03 -4.30639833e-02  1.38846308e-01 -1.11886963e-01
  -2.86670905e-02 -8.51031579e-03 -1.53240282e-02  6.68732896e-02
  -1.59897432e-01 -4.52055894e-02 -3.24459933e-02 -6.16733693e-02
  -1.43551277e-02 -1.25222027e-01  8.53239372e-02  6.42426386e-02
  -1.15281746e-01 -9.69658233e-03 -2.62817238e-02 -7.26498514e-02
  -2.78600398e-02 -1.35095134e-01 -8.81346390e-02  1.12809040e-01]
 [-1.66512564e-01 -6.18903572e-03  2.41340622e-02 -4.62322384e-01
  -1.56822488e-01 -2.96149161e-02 -6.14756942e-01  2.10591391e-01
   5.00937849e-02  2.30872165e-02 -1.74927473e-01  4.05254848e-02
  -6.99651659e-01 -1.75326779e-01  2.96671614e-02  2.36328901e-03
   7.34081566e-01  2.27541134e-01 -1.06664449e-02 -4.71708569e-04
  -1.51958495e-01 -2.71597654e-02 -2.15744853e-01 -1.62615869e-02
  -3.63018543e-01 -5.70375979e-01  4.92809415e-01 -4.64299053e-01
  -1.00623034e-01  2.99575925e-01  1.32030308e-01  3.09374724e-02]
 [-8.05132449e-01 -5.55010661e-02  2.32401982e-01  1.80356517e-01
  -6.34038925e-01  4.81023312e-01 -3.37297291e-01 -3.46635252e-01
  -1.75967351e-01 -3.78086269e-02 -9.92447063e-02  3.37419420e-01
  -1.38343680e+00 -3.25852334e-01 -2.85006195e-01  4.47698236e-01
   9.06820536e-01  1.66610390e-01 -1.36930436e-01  1.12017579e-01
  -8.05080354e-01 -2.00267732e-01 -1.77321449e-01  7.16397539e-02
  -4.86419827e-01 -8.31390977e-01  7.84581840e-01 -4.88659918e-01
   7.07204342e-02  2.76893526e-01  1.06193185e+00 -1.25520140e-01]
 [-7.21964845e-03 -2.56481916e-01  1.06920406e-01  5.25132455e-02
  -3.04451119e-02 -9.36224014e-02 -1.93493843e-01  1.96927208e-02
   2.82701135e-01 -3.58669221e-01  1.32671937e-01 -3.36873114e-01
   3.66245024e-02  2.67475396e-02 -1.93045422e-01 -2.57828712e-01
  -3.86354089e-01  3.75106297e-02  5.25153354e-02 -1.34249136e-01
   5.47938980e-02 -7.74222463e-02  1.35095790e-01  9.31651816e-02
   1.24456771e-01 -4.40579727e-02  3.70059088e-02 -3.24466010e-03
   8.04089084e-02 -2.33576909e-01 -6.86153248e-02 -8.25006142e-02]
 [-7.01299250e-01  1.43497214e-01  9.82664526e-02 -1.95439965e-01
  -1.68085650e-01  3.88128042e-01 -3.38744730e-01  1.55915603e-01
  -3.08098495e-01 -2.53235370e-01  3.33246112e-01 -2.84805059e-01
  -1.20231187e+00  5.24652787e-02  1.74373820e-01  4.66693997e-01
   9.16779935e-02 -3.67795497e-01  4.82968614e-02 -5.85722744e-01
  -4.80815083e-01 -4.23974007e-01 -3.10889840e-01 -2.23044366e-01
  -1.18790820e-01  7.29711890e-01  2.80713856e-01 -1.38303235e-01
  -1.08793611e-02  5.03360450e-01  3.02970678e-01 -5.90412676e-01]
 [-1.41379520e-01 -1.98607638e-01 -1.34148046e-01  8.17134082e-02
  -1.95692345e-01  1.09031498e-01 -8.70115682e-02  7.29301795e-02
  -3.10964901e-02 -6.98745474e-02  2.21979231e-01  5.18089123e-02
   6.92349449e-02  7.83835575e-02 -1.03784151e-01 -2.28181720e-01
  -3.89821470e-01 -4.14632820e-02 -1.95002958e-01  1.82028159e-01
   2.73298651e-01 -3.17810550e-02 -5.93143366e-02  1.01989776e-01
   1.35426417e-01  9.72502902e-02  1.49541467e-01 -6.13612458e-02
   1.00940175e-01  1.09296247e-01 -4.45650816e-02 -1.81771100e-01]
 [-1.46550044e-01 -1.39983609e-01 -1.12068228e-01 -4.69243899e-02
   6.25948608e-02  2.63476938e-01  2.56660372e-01  1.63623959e-01
   3.61414462e-01 -1.83936149e-01 -3.73582095e-02  5.09339631e-01
  -4.32123959e-01  2.44188234e-02 -2.15345442e-01 -4.99825001e-01
   1.46855101e-01 -1.55223027e-01  1.71824992e-01 -9.03739452e-01
  -1.81331430e-02  3.69365335e-01  8.01730454e-02  1.37241647e-01
  -2.05552652e-01  4.61692333e-01 -5.98000705e-01 -2.96047684e-02
   3.44018400e-01  8.48524332e-01 -6.28150344e-01  5.64198077e-01]
 [ 1.25056779e+00 -1.39219189e+00 -1.72003138e+00  6.85709178e-01
  -2.29675159e-01 -1.80544662e+00  2.34848976e-01  1.13329256e+00
   3.62784833e-01  1.18768841e-01 -1.81749654e+00  1.56308152e-03
   3.28608036e-01  1.22405398e+00  2.64462739e-01 -1.51498830e+00
  -1.50087863e-01 -1.94346964e-01 -2.28629082e-01 -2.04624966e-01
  -9.09933627e-01  1.16475880e-01  1.58708286e+00  1.87361753e+00
  -3.31922710e-01  6.10371977e-02 -3.34746502e-02 -3.54667515e-01
   1.49152052e+00  1.04125991e-01 -1.40093625e-01  1.66053891e+00]
 [-8.66970778e-01  6.37203813e-01  1.19399905e+00 -1.16912544e+00
  -1.17816353e+00  1.92001987e+00 -1.01136255e+00 -8.45253289e-01
  -5.01996279e-01 -2.80874446e-02  1.11317611e+00  1.58841002e+00
  -1.10466075e+00 -1.13419640e+00  2.52168059e-01  1.82928658e+00
   1.64962828e+00 -3.39748830e-01  1.78109124e-01 -7.52079427e-01
   1.69631094e-01 -5.81504226e-01 -5.45944929e-01 -1.30707300e+00
   4.82744277e-01  1.28546882e+00 -1.56081784e+00  2.06292290e-02
  -1.48490477e+00  1.21572161e+00  1.56208670e+00 -1.30100918e+00]
 [-1.34580863e+00  1.22754872e+00  8.95585239e-01 -7.69895464e-02
   3.10413361e-01  2.14365625e+00 -3.93464953e-01 -1.02830791e+00
   5.65853000e-01  2.55778223e-01  1.41462862e+00  1.17066547e-01
  -5.24681747e-01  3.06828827e-01 -2.90496975e-01  1.78203154e+00
   1.10957146e-01 -4.03966814e-01  7.37072527e-01 -1.32406318e+00
   9.10713553e-01 -1.13416123e+00 -8.99317145e-01 -1.50099981e+00
   3.84563386e-01  1.71788979e+00  4.37698543e-01  1.67161095e+00
  -8.28022122e-01  5.48506737e-01 -1.01027116e-01 -1.51485121e+00]
 [-1.91393420e-01  1.48865685e-01  2.99580157e-01 -1.93303376e-01
  -1.41874659e+00  2.13856343e-02 -5.30300856e-01 -8.23214233e-01
  -6.71717107e-01  2.80524313e-01  4.85602468e-01  7.32976496e-01
  -8.24383795e-01 -9.41829979e-01  3.13698202e-01  4.97611940e-01
   1.34811139e+00  8.46036017e-01 -5.93055189e-01  1.06622553e+00
  -3.44067872e-01  8.08159888e-01 -7.96068788e-01  6.29665256e-02
  -6.61352694e-01  5.24599135e-01 -1.89249903e-01 -1.48817122e+00
  -8.10321122e-02 -8.38980898e-02 -1.34291381e-01 -4.69353497e-01]
 [-1.06576696e-01 -4.08266753e-01 -6.77880794e-02  7.86203146e-01
  -3.80560279e-01 -6.24857843e-02 -6.33323193e-01  5.45206703e-02
  -5.56544542e-01  9.79914293e-02 -5.14541209e-01  7.90586352e-01
   1.46797448e-01 -8.46019328e-01  2.59084374e-01 -5.33492938e-02
   1.51520824e+00  1.37110925e+00  8.00152302e-01 -1.02711149e-01
  -5.58578849e-01  8.37233007e-01 -1.12953119e-01  2.75135249e-01
  -1.38005745e+00 -3.05429786e-01  4.62511122e-01 -5.36230683e-01
   4.78649624e-02  6.17662787e-01  4.95121211e-01  1.02724664e-01]
 [ 1.35692000e+00 -1.34361351e+00 -1.26183474e+00 -8.82502973e-01
   1.41938961e+00 -1.65184176e+00 -1.68289289e-01  7.87611306e-01
   4.11804318e-01  1.47138149e-01 -1.02877986e+00  3.91982853e-01
   6.56779826e-01  7.42978573e-01  2.49370672e-02 -1.25005901e+00
  -1.57434076e-01 -1.05107248e+00 -1.86414218e+00  8.10053706e-01
   2.98998594e-01 -1.19789219e+00  8.06848109e-01  1.18411088e+00
   8.77629042e-01 -1.12317359e+00  1.48353326e+00 -5.28886557e-01
   5.70059776e-01 -8.71048868e-02 -4.53868657e-01  1.36238694e+00]
 [-9.89468873e-01  8.72051418e-02  3.56776476e-01  4.15395200e-01
  -1.38502991e+00  8.37844074e-01 -7.81100631e-01 -6.13493681e-01
   4.77795452e-01  8.43933076e-02  3.98794353e-01  9.61235940e-01
  -1.72702181e+00  8.56353879e-01  2.34733254e-01  9.38306868e-01
   7.71461248e-01  7.49994040e-01  2.12669045e-01  1.74792975e-01
  -3.53143871e-01  3.27401876e-01 -4.73231375e-01  2.00545326e-01
  -6.19137228e-01 -4.34980899e-01  3.47208917e-01 -6.45056441e-02
   8.73482823e-01  6.20701909e-01 -1.13850331e+00 -5.98806739e-01]
 [-5.93753278e-01  1.39639661e-01  5.98414838e-01 -8.67487863e-03
   5.65345824e-01  6.62809610e-01  1.04223061e+00 -2.03039363e-01
  -8.58805954e-01 -2.65044421e-01  2.90371418e-01 -9.65318382e-01
  -8.73331010e-01  4.16595846e-01 -2.68168330e-01  1.53853267e-01
  -1.04117095e+00 -1.09589458e+00 -2.12169975e-01 -9.29370448e-02
   1.08636510e+00 -8.43544781e-01 -6.77980602e-01 -1.14918613e+00
   5.45684814e-01  3.03917348e-01 -2.28232431e+00  8.62714708e-01
  -1.04075933e+00 -7.85754442e-01 -6.94587588e-01 -1.87698931e-01]
 [ 2.88694233e-01 -7.69171357e-01 -1.84516180e+00 -5.04035473e-01
   1.90277755e-01 -8.09410155e-01 -1.70668289e-01  2.06882858e+00
   7.91951001e-01 -9.96610671e-02 -1.82843435e+00 -1.55682862e-01
  -4.13704664e-03  1.79779959e+00  2.78945595e-01 -4.65498388e-01
   2.80920804e-01 -8.47517431e-01 -5.81079304e-01 -8.49304497e-01
  -1.31132758e+00  2.12880626e-01  1.82081020e+00  8.31977129e-01
   1.19662113e-01 -6.90734759e-03  6.19317949e-01  1.07563719e-01
   8.66443694e-01  8.03947002e-02 -5.59974790e-01  3.31499010e-01]
 [ 8.11367035e-02  8.70466903e-02  5.49707711e-01 -5.06983161e-01
   2.87533522e-01 -1.40231237e-01 -6.29108101e-02 -6.23450637e-01
  -1.37075555e+00 -1.92050159e-01  1.49931133e-01 -6.52585506e-01
   1.71042725e-01 -2.08769274e+00 -7.95596838e-03 -3.62033725e-01
  -6.59590423e-01  3.58975142e-01  5.28182864e-01 -1.02872096e-01
   4.76096034e-01  2.59950072e-01 -5.88763714e-01 -9.16081518e-02
  -3.70881677e-01  5.77964008e-01  1.21153617e+00  1.17193684e-01
  -1.52714944e+00  1.16512328e-01  4.46420014e-01  1.38960943e-01]
 [-4.55864519e-01 -1.42429667e-02  2.84552220e-02  1.46418202e+00
  -7.34586343e-02  3.24499100e-01 -8.52792919e-01 -4.53840703e-01
  -3.53831530e-01  1.65496379e-01  2.25284528e-02  8.05801690e-01
   8.27965498e-01 -3.86404067e-01 -1.82516545e-01  4.17793542e-01
   5.09658456e-01  1.65182757e+00  5.21049678e-01 -9.46155012e-01
  -3.50944757e-01  5.53994596e-01 -2.03766763e-01  1.50131837e-01
  -1.59148848e+00 -5.63690186e-01  1.39683217e-01 -1.37866706e-01
   8.21257591e-01 -3.41436952e-01  8.46226234e-03 -3.87635618e-01]
 [-1.02107882e+00  5.33518672e-01  3.72001231e-02  1.44476295e+00
  -3.43753397e-02  7.00323761e-01 -2.46636093e-01 -4.05920744e-01
   1.58027303e+00 -2.48059988e-01  2.45277986e-01  2.29957432e-01
  -7.13282526e-01  5.88607967e-01  6.12049401e-02  1.03745890e+00
   1.05985165e-01  3.49732161e-01  7.98040926e-01  2.03622371e-01
   1.09430000e-01  2.25606710e-01 -5.05874991e-01 -3.30608547e-01
  -8.70228350e-01 -7.76088476e-01  7.95040131e-01  6.19403422e-02
   5.01106203e-01 -2.20010459e-01  2.06171155e+00 -6.68039799e-01]
 [-2.73857325e-01  4.47851866e-01  3.75497669e-01 -5.11287034e-01
  -9.74162996e-01  2.25901932e-01 -2.36203358e-01 -1.62114669e-02
  -6.57605767e-01  2.29612306e-01  1.39438659e-01  1.41362786e-01
  -8.64521801e-01 -1.37885720e-01 -1.35344863e-01  3.61006021e-01
   7.39651322e-01 -2.10331678e-01 -2.37798408e-01 -8.97462130e-01
   8.11898783e-02  1.10527351e-01 -5.52889705e-01 -5.05424678e-01
   2.28150506e-02 -2.42248103e-02 -8.68273079e-01 -1.11042333e+00
  -1.08660400e+00  1.07303596e+00  2.30783391e+00 -1.93329200e-01]
 [ 2.27604255e-01 -1.64965853e-01 -4.79549885e-01 -4.71163601e-01
  -3.59312147e-01 -1.86357666e-02  3.35830301e-01  1.37169555e-01
  -8.76106083e-01 -2.99073756e-01 -3.12737644e-01 -6.21911585e-01
  -8.48740816e-01 -6.92062199e-01  1.68351352e-01  4.65352312e-02
  -1.62199393e-01  2.89276004e-01 -1.71162993e-01 -5.60310900e-01
  -4.26706940e-01  9.79721725e-01 -1.23975284e-01  3.06056231e-01
  -4.91391957e-01  3.48803639e-01  6.10957682e-01 -8.57146978e-02
   1.96372241e-01  9.50694501e-01  4.63721454e-01  3.06483567e-01]
 [-4.22964424e-01  5.57867110e-01  1.05347955e+00 -9.13133845e-02
  -5.09806335e-01  1.28268659e+00 -1.06646800e+00 -1.52155235e-02
   9.19778794e-02  1.34897873e-01  4.68628258e-01  1.10002124e+00
  -1.65068716e-01 -6.54656708e-01  3.28340679e-01  1.29039896e+00
   1.22040486e+00  4.97226954e-01 -1.70197472e-01 -5.47247052e-01
   4.87010092e-01 -5.75940125e-02 -8.87658179e-01 -5.49876392e-01
  -4.40762285e-03  1.19692409e+00 -8.43156725e-02  3.93438905e-01
  -9.79720294e-01  1.00855124e+00 -1.06841058e-01 -1.13432658e+00]
 [-2.49886441e+00  2.06366801e+00  1.70708382e+00 -1.07888174e+00
  -9.21087623e-01  2.76128697e+00  1.63502708e-01 -1.80668950e+00
  -2.59638205e-02 -3.49557251e-01  2.35474443e+00 -3.53055090e-01
  -1.87483180e+00  1.26932442e-01  1.89092442e-01  1.64400065e+00
   1.99972555e-01 -1.62482536e+00 -8.52992177e-01 -9.07337725e-01
   1.38948381e+00  3.80282909e-01 -1.47211754e+00 -2.34439373e+00
   1.52903938e+00  1.39817131e+00 -3.47783589e+00 -8.04277778e-01
  -1.20223844e+00  7.44190812e-01 -4.66610134e-01 -2.40909457e+00]
 [-9.04055476e-01  8.86020482e-01  1.27077866e+00 -8.19015563e-01
  -1.01306152e+00  1.01145554e+00  1.78008229e-01 -5.68522573e-01
  -3.19005430e-01 -1.58871695e-01  1.10419416e+00 -8.91467750e-01
  -2.17407298e+00 -1.73433438e-01 -1.99111521e-01  1.09426796e+00
   3.03453237e-01 -8.55997086e-01 -1.37457454e+00  1.31253913e-01
   4.18612242e-01  1.32385969e+00 -7.07922399e-01 -1.47609901e+00
   8.31084549e-01  7.45663866e-02 -1.22221455e-01 -8.21439862e-01
  -1.11116898e+00  1.90189958e+00  1.26156342e+00 -1.10541523e+00]
 [ 6.14368200e-01 -1.38959515e+00 -5.75616956e-01 -2.26771140e+00
  -1.09754860e+00 -1.05242836e+00 -2.43345246e-01  1.57187510e+00
  -1.24040341e+00  2.98335671e-01 -8.15922260e-01  3.05637687e-01
  -4.44109678e-01  4.21979666e-01 -2.77792454e-01 -7.64617860e-01
   1.44076836e+00 -2.38509917e+00 -1.59544408e+00 -3.99243355e-01
   2.26524681e-01  1.01903522e+00  1.14601350e+00 -1.79949880e-01
   1.40939367e+00  8.92645419e-01  9.22825813e-01 -1.39851034e+00
  -1.42963135e+00  7.92096078e-01  5.42367756e-01  7.49472082e-01]
 [-3.63680911e+00  3.14612412e+00  3.55847263e+00  2.92174906e-01
  -1.32196975e+00  4.20126581e+00 -1.56551564e+00 -2.95220637e+00
  -6.58651721e-03  3.28989059e-01  3.54602242e+00  8.61898720e-01
  -1.14041948e+00 -1.52614653e+00 -2.32383847e-01  4.01803017e+00
   2.41384959e+00  2.94922054e-01 -4.01475616e-02  1.47690916e+00
   1.51159179e+00  2.99406320e-01 -3.06082082e+00 -3.62691593e+00
  -1.17134184e-01 -1.85934031e+00  9.16958094e-01 -5.20668387e-01
  -2.43233132e+00 -1.74345180e-01  4.06184912e+00 -4.08330679e+00]]
W_ 2 : [[-0.05349765  0.07150462 -0.02597483  0.00138805  0.15680946 -0.27823383
   0.3069114   0.31477413 -0.26446894  0.06853694  0.13211267 -0.01475035
  -0.13924895  0.2026871   0.04491189 -0.12695691]
 [-0.09017128  0.21359837 -0.28706628  0.21539699  0.13576357 -0.4133883
   0.20849635  0.14000686 -0.24961223  0.15585668  0.22484817 -0.15155049
   0.0051895   0.27635878  0.09039642 -0.12364209]
 [-0.0044668   0.2266991  -0.08038685 -0.12664708 -0.02995428  0.1126672
  -0.15625283  0.0091161   0.11140504  0.2271242  -0.10898274  0.1843037
  -0.09403374 -0.23575276 -0.2770568  -0.16385025]
 [-0.1289533   0.04795153  0.23721144 -0.30652732  0.21810646 -0.36473364
  -0.32457778 -0.10603604 -0.3006585   0.2409444  -0.25011992 -0.2374425
  -0.15097253 -0.29488492 -0.55976075  0.17416629]
 [-0.3487738   0.18873179  0.1468755  -0.20970555 -0.1710115   0.11222345
  -0.32257208  0.04884695 -0.32769907 -0.3257064   0.07713385 -0.00838973
   0.242168    0.192581   -0.0394978   0.2366933 ]
 [ 0.23242863 -0.03346719  0.39679235  0.15938942 -0.04411126 -0.25614402
   0.08660328 -0.2089452   0.27121443 -0.3345697  -0.14747919 -0.01703233
   0.3751227  -0.52948034 -0.42535633 -0.11640061]
 [ 0.21610023  0.15561171 -0.02802989  0.05947341 -0.1696049  -0.14052491
  -0.27191764 -0.05522871 -0.01138505  0.1546267  -0.14833902 -0.03641333
   0.0400678   0.24449019  0.28226197 -0.3085268 ]
 [-0.22827573  0.10485598  0.39290893  0.22717987  0.11158701 -0.31621227
   0.23501658 -0.10389458  0.3860785  -0.03914433 -0.17322405  0.30220452
  -0.28574932 -0.22808766  0.07252877  0.21443827]
 [ 0.16365762 -0.10292932  0.3321167   0.0334478  -0.06708766 -0.17733611
  -0.19935666 -0.14578447  0.15193468 -0.01674919  0.14004    -0.14799857
  -0.00557518 -0.09353525 -0.3699117   0.33665022]
 [ 0.25785205  0.38114196  0.04349473 -0.06429284 -0.12267092  0.20819114
  -0.20592621  0.08019734  0.00358388  0.57497793  0.40853757 -0.2733329
   0.4694214  -0.0879972  -0.36349702  0.30353418]
 [ 0.3142802   0.2007202   0.02423201  0.01377379 -0.18884604 -0.25259802
  -0.04795699  0.16025974 -0.20155495 -0.4135521   0.04651283  0.20698944
  -0.20605466 -0.24757285 -0.33054632 -0.01513946]
 [-0.1257805  -0.1376623  -0.49473837  0.18377669 -0.2626518  -0.03442701
  -0.04889702 -0.3491477  -0.05926019  0.17492835  0.02871539  0.11458884
   0.19407935 -0.12450816  0.41014168 -0.21406364]
 [-0.10907052  0.23905113  0.12523314 -0.15992625  0.4246296  -0.1595524
   0.02195096 -0.19229889  0.07569761  0.19205813 -0.12827173  0.00355358
  -0.254145    0.02813857 -0.16077763 -0.0566311 ]
 [-0.44515777 -0.22774659  0.19842762  0.15613933  0.15695788 -0.13218497
  -0.07904601 -0.01428805 -0.2141266  -0.5841745   0.30881032 -0.00183555
  -0.7921738   0.06120602  0.36834306 -0.06815961]
 [-0.07714741  0.11702392  0.2912967  -0.02490136  0.05654868  0.21299109
   0.05371338 -0.01714611  0.27975807 -0.14461084  0.13491347 -0.00359806
   0.11587501 -0.16107754 -0.00890113 -0.14194839]
 [ 0.34876144  0.05842123  0.3821978   0.23184542  0.15119582  0.01669285
  -0.11162435  0.08637118 -0.22905883  0.1673141  -0.10401325  0.05846561
   0.34303752 -0.04604855  0.37670878  0.16033207]
 [-0.21251605  0.00263156 -0.06987812 -0.06045406  0.04185224 -0.15152845
   0.06990528 -0.15062378 -0.05112883  0.19420752  0.32640135 -0.21355946
  -0.2299681  -0.41797963  0.27361163  0.00508748]
 [ 0.08114     0.09798421  0.21216577 -0.22582217  0.02327491  0.23166499
  -0.37153924  0.20013797  0.11824414 -0.06557591  0.09313862 -0.26699358
   0.00819964 -0.39512417  0.23599559 -0.2647636 ]
 [-0.32995954  0.14747374  0.01621319 -0.15299748 -0.26084977 -0.22186841
   0.01534927  0.18032071  0.24559042  0.28543365 -0.27498615 -0.06294785
  -0.07493468 -0.02652526 -0.29903916  0.39870593]
 [-0.73912764 -0.2537704  -0.01078576  0.07603893  0.17334802 -0.1416611
  -0.2316791  -0.16310278  0.13975532 -0.31409878  0.38763532  0.02770261
  -0.2829971   0.18547031 -0.08023233  0.41744104]
 [ 0.005606    0.05520682 -0.07229765  0.05007519  0.21960804 -0.03646296
  -0.1176636  -0.0313132   0.08402505 -0.13424262  0.01187747  0.3899141
  -0.4371282   0.18639922 -0.05712561  0.3120879 ]
 [ 0.27578914 -0.10885411 -0.37527317 -0.15363197 -0.37711188 -0.03667844
   0.23421133  0.01607224  0.01094489 -0.08479999  0.3649462  -0.38771364
   0.01853234  0.03900266 -0.08927676 -0.6923087 ]
 [ 0.14972709 -0.03769246 -0.05412756  0.15362027 -0.20065022 -0.17467953
   0.13474794  0.27657995  0.25521877 -0.36914948 -0.10320845 -0.01222743
  -0.10786799 -0.18555911  0.25361952 -0.03927603]
 [ 0.04917357  0.04408974 -0.1140847  -0.35430127 -0.05706631  0.43524882
  -0.05457643  0.25160566 -0.21020892  0.10109279  0.06769642  0.2931448
  -0.09000849  0.00860277 -0.22454078 -0.06413008]
 [-0.54790175 -0.11661851  0.23022091  0.3321314  -0.21888515  0.23598818
  -0.23602313 -0.30389464 -0.5223713  -0.18572596  0.2873098   0.02216628
  -0.41017365  0.30109018 -0.20691705 -0.21665823]
 [-0.23633012  0.13489087  0.22255081  0.28416854  0.36640403 -0.45788786
  -0.0293489   0.31730238 -0.20870353 -0.06998968  0.20876281  0.3044595
   0.23801476 -0.23046854  0.13066342 -0.02925101]
 [-0.14040063  0.14017604  0.26408654 -0.03182434  0.475032   -0.3253134
   0.34842062  0.22501694 -0.38944304  0.15213701 -0.22875087 -0.19315042
   0.19593054 -0.02766545 -0.32167435 -0.02393057]
 [ 0.24913798 -0.17862512  0.10161009  0.01773796 -0.36084282 -0.12812158
  -0.12333134 -0.2721934   0.065795   -0.34606853 -0.00125303 -0.19403484
  -0.17225131  0.1825563  -0.06520887  0.21172468]
 [-0.09452607 -0.07111749 -0.0060568  -0.12156682  0.00779073 -0.07051766
  -0.21020241 -0.01550028  0.06354194 -0.31247905  0.07962902  0.08122075
  -0.12685066 -0.18735865 -0.37209064 -0.19249621]
 [-0.58524853 -0.06098755  0.20219722  0.17957336 -0.31748     0.07338988
  -0.91471523 -0.40650627 -0.21534482  0.1524102  -0.39543125  0.12694842
   0.20277384 -0.16545984  0.42783597 -0.31809133]
 [-0.55041564  0.12103585 -0.03718753  0.18792094  0.01986556 -0.29270622
  -0.69056636 -0.09403862  0.07497351  0.20140895 -0.21955061 -0.6471974
   0.21891761  0.02785261  0.05861407 -0.11539894]
 [-0.2851261  -0.01413971 -0.2830362  -0.22069496  0.13229327 -0.21392526
   0.12668748  0.06834586 -0.1741345  -0.24025741  0.1512853   0.12532079
  -0.1317344  -0.16516142 -0.28267914  0.13293   ]]
W_ 3 : [[ 0.01969074]
 [-0.41807082]
 [ 0.07847995]
 [-0.3430524 ]
 [ 0.0880908 ]
 [ 0.16583912]
 [ 0.35541457]
 [ 0.11722855]
 [ 0.0337938 ]
 [-0.13146348]
 [-0.0840828 ]
 [ 0.09273659]
 [-0.44109643]
 [ 0.18194988]
 [ 0.13386004]
 [ 0.02155486]]
B_ 1 : [-0.54750377  0.09365526  0.16982995 -0.6700779  -0.19779357  0.36649075
 -0.0689258  -0.25683907 -0.5225346  -0.10440718  0.24289162 -0.12591329
 -0.8344511  -0.45496693 -0.05123715  0.24597567  0.20952322 -0.00725867
 -0.20422286 -0.6427916   0.1221745   0.19862324 -0.24729146 -0.4308964
 -0.02482654  0.70406675 -0.46428648 -0.4479345  -0.79426306  0.69926846
  0.6426782  -0.2900559 ]
B_ 2 : [ 0.04338963  0.2973983  -0.19006613  0.35069582 -0.551099   -0.02662912
 -0.27450398 -0.22662315 -0.1340452   0.09036049  0.22551091 -0.325686
  0.6073766  -0.5812576   0.12413929 -0.3111017 ]
B_ 3 : [-0.3062717]
Activation function of layer_a 1 : relu
Activation function of layer_a 2 : relu
Activation function of layer_a 3 : sigmoid
Gamma_ 1 : [[ 3.07811558e-01 -2.07946539e-01  6.32969677e-01 -2.37401947e-01
  -2.96674490e-01  5.69890916e-01  4.09414917e-02 -6.05557203e-01
   1.98110417e-01 -3.98028083e-03  2.67689321e-02  6.06456883e-02
   1.73018157e-01  1.24794260e-01  1.07019834e-01 -1.26073649e-02
   5.89278750e-02 -1.13405801e-01 -3.34001809e-01 -1.77764893e-01
  -1.62374098e-02 -1.78121403e-02  3.04729581e-01  2.38616187e-02
  -1.92111939e-01  3.19339707e-02  2.57532373e-02  9.54310223e-02]
 [-6.60004467e-02  5.55243909e-01  1.10043991e+00  1.24887437e-01
   3.47413063e-01 -9.12822127e-01 -5.24202287e-01  2.34085605e-01
  -5.24405956e-01 -1.92785054e-01 -1.78392828e-01  2.64358241e-02
  -2.68158436e-01  3.00407223e-02 -1.41800508e-01  2.35733949e-03
  -3.05215895e-01 -7.83224031e-02  1.81517601e-01 -3.26537527e-02
   1.37647867e-01  1.03147261e-01 -1.31901339e-01  1.17853001e-01
   2.75948763e-01 -1.00482054e-01  1.10502690e-02 -2.16780409e-01]
 [-1.11227736e-01 -4.23075378e-01 -9.77185309e-01  1.70525592e-02
  -4.91110206e-01  3.70672435e-01  9.62663889e-01 -1.07460785e+00
   9.39304411e-01  7.25958586e-01 -1.76635943e-02 -3.74367923e-01
   3.01213581e-02 -8.09870124e-01 -1.10706940e-01  1.03865854e-01
   1.34487018e-01 -1.45963114e-02  1.62470326e-01  1.56416833e-01
  -4.72671717e-01 -6.42922670e-02 -2.78188050e-01  2.48970047e-01
  -3.99443299e-01  1.93816781e-01 -1.10175706e-01  5.25879025e-01]
 [-4.83458675e-02  1.92155600e-01  9.17000532e-01 -3.38694304e-01
   7.11526275e-01 -4.27400619e-01 -2.37079501e-01  3.37798744e-01
  -7.72216618e-01 -1.75730944e-01 -1.85658529e-01  4.98071425e-02
  -3.47042084e-01  5.79124868e-01 -7.43958633e-03 -1.35872349e-01
  -8.44017267e-02 -3.57404649e-01 -1.05314299e-01  7.35344440e-02
   3.46880525e-01 -1.73416391e-01 -2.26582378e-01  2.89231896e-01
   3.37566257e-01  1.28927127e-01  1.73669070e-01 -4.24925417e-01]
 [ 7.74949417e-02  1.57241747e-01 -8.54156539e-02 -1.03456952e-01
  -6.74588606e-02 -2.08569288e-01  1.56149328e-01 -3.02625984e-01
  -5.72656430e-02 -3.42680335e-01  3.80912647e-02 -3.42322141e-02
  -5.21970578e-02  2.74137855e-01  2.10684434e-01 -1.13463469e-01
  -1.11735370e-02 -1.83503721e-02  1.74887367e-02  1.06690176e-01
   2.19778091e-01 -1.26466706e-01 -1.52231023e-01 -7.91456029e-02
   5.54598346e-02  1.25085667e-01 -9.83643066e-03 -1.56248420e-01]
 [ 2.14425534e-01 -5.70093095e-01  5.59322953e-01 -1.78496048e-01
   9.77382362e-02  4.19754535e-01  3.14280465e-02  2.37802505e-01
   7.08727002e-01  3.40562373e-01 -6.36418983e-02  1.08002149e-01
   1.80448651e-01  1.99134648e-01  6.96397722e-02 -2.10344836e-01
   1.75232291e-01  2.31066734e-01 -2.47133553e-01 -3.63560200e-01
  -2.94665098e-01 -1.40900597e-01  4.65243757e-01  5.46052568e-02
  -1.98124610e-02 -1.71859130e-01 -1.39129758e-01  3.92591894e-01]
 [-5.25588453e-01 -2.91513145e-01 -2.38252461e-01 -9.73086417e-01
   1.93337932e-01  1.49031684e-01  6.49004877e-02 -1.96525499e-01
   3.01820338e-01 -3.52444589e-01 -1.86083019e-01  1.52894035e-01
   2.47666866e-01  2.88467526e-01  2.17863634e-01  6.95071444e-02
   1.19686127e-01  3.13718945e-01 -7.96056911e-02 -3.01389605e-01
  -2.23143190e-01  5.09747922e-01  1.90600708e-01 -1.42722353e-01
  -4.85888533e-02 -7.22606927e-02 -2.16077790e-01  2.90137194e-02]
 [-2.83423692e-01  4.81473655e-02  4.86642063e-01  5.27512968e-01
   2.61541337e-01 -7.62697577e-01  1.70466587e-01  8.75428438e-01
  -3.09153706e-01 -3.93441141e-01 -6.91921115e-02 -2.43882552e-01
  -2.90761471e-01 -1.04199976e-01 -2.58088529e-01 -2.58690864e-01
  -2.63577420e-02 -1.62577748e-01 -3.04288268e-01  8.72977152e-02
   1.67295828e-01 -7.28005096e-02 -2.81085409e-02  3.44799668e-01
   1.43185109e-02 -2.17385087e-02  1.35978699e-01 -2.60016501e-01]
 [-3.59276198e-02 -2.49037758e-01 -4.19411927e-01  2.84982860e-01
  -9.48001742e-02  4.27284867e-01 -7.86272883e-02 -2.24318728e-01
   5.34110785e-01  1.73075736e-01  2.80885976e-02  4.75980043e-02
   3.23560089e-01 -3.42892915e-01 -2.06741337e-02 -1.63714141e-01
  -3.41786398e-03  2.29147464e-01  7.50646070e-02 -9.09392759e-02
   7.59507194e-02  2.44725891e-03 -1.73909038e-01  8.32351595e-02
  -1.12264551e-01  1.28328919e-01 -1.73864365e-01  8.16538259e-02]
 [-2.25180820e-01 -3.97496164e-01 -1.26290035e+00  1.51747787e+00
  -2.80033518e-03 -1.66572380e+00  2.47846410e-01  6.01979554e-01
   6.66713491e-02  6.49752676e-01  1.62311912e-01  2.43563224e-02
   3.64050642e-02 -1.12675297e+00 -4.19242680e-01 -3.49611729e-01
  -4.26208861e-02 -1.33423924e-01  1.31883100e-01  6.20826542e-01
  -1.57435983e-01 -2.61284679e-01 -5.24683714e-01 -2.75483485e-02
  -1.42776549e-01  4.05539334e-01 -4.83703986e-02 -4.33513857e-02]
 [-4.56065476e-01  2.90563792e-01  1.02274799e+00 -7.21393287e-01
  -4.41441059e-01  6.06113911e-01  1.57715663e-01  9.94398743e-02
   1.05466232e-01 -2.89496034e-01  8.08117017e-02  2.29534626e-01
   1.13807417e-01  5.74187934e-01  2.93186873e-01  2.38453940e-01
   1.37314601e-02  9.65480283e-02 -6.97790384e-02 -1.28403455e-01
  -2.39130557e-01  3.46184582e-01  5.47114722e-02 -5.04683435e-01
  -1.50997102e-01  3.60200889e-02 -1.27693862e-01  1.08157590e-01]
 [-1.61658987e-01  1.19860418e-01 -2.90447652e-01 -4.89548445e-01
  -6.22720830e-02 -5.91789842e-01  6.67219162e-02  1.70590773e-01
   2.61207730e-01 -4.28091645e-01  2.11843178e-01 -2.61449814e-01
   1.56745017e-02 -3.06229711e-01  9.44075584e-02  2.96719819e-01
  -2.58052796e-02  1.46821782e-01  2.76218206e-01  2.16123268e-01
   1.94753662e-01  1.83507010e-01 -3.26758146e-01 -4.68738824e-02
  -1.40308961e-01 -2.00516153e-02  2.63911374e-02 -1.09274320e-01]
 [ 4.04995084e-01 -2.01249436e-01 -1.92064084e-02 -5.34921467e-01
  -3.24610978e-01  5.38846374e-01  1.98280692e-01 -2.80959010e-01
   5.20366430e-01  1.89868852e-01 -1.78275585e-01 -4.16659527e-02
   8.24877322e-02  1.40431300e-01  3.57664712e-02 -4.40452695e-02
  -6.25206754e-02  1.19861037e-01 -1.55046999e-01 -2.44416177e-01
  -3.09942186e-01  6.02220744e-02  1.78059220e-01  5.45728579e-02
  -9.32651609e-02 -2.21927553e-01 -2.55163070e-02  4.07692641e-01]
 [ 1.54355526e-01 -2.28011571e-02  3.58203053e-02 -1.06507683e+00
  -7.68632591e-01  1.03135788e+00  2.71597624e-01 -7.05393732e-01
   5.81425607e-01  4.04504165e-02 -1.97154120e-01  1.86762959e-01
   3.26659203e-01  4.07956868e-01  2.97656715e-01  5.25596321e-01
   2.31215030e-01  4.19462740e-01  6.09866576e-03 -3.72630566e-01
  -3.25040638e-01  6.00435674e-01  5.46301641e-02 -2.99039155e-01
  -3.21177602e-01 -1.05715618e-01 -1.45613611e-01  4.45783138e-01]
 [-7.98358440e-01 -4.46390003e-01 -5.63623130e-01 -2.05049261e-01
  -8.80604804e-01 -3.50319631e-02  8.51227820e-01 -5.91096759e-01
   3.64374012e-01  7.37618625e-01  1.99602246e-01 -1.77402258e-01
   4.88979146e-02 -1.01659715e-01  3.47427100e-01  3.50975096e-01
   2.17084005e-01  4.21714693e-01  4.89202172e-01 -2.92601213e-02
  -4.24680412e-01  2.27827951e-01  6.38843998e-02 -1.54034764e-01
  -4.06113826e-02  4.27062921e-02 -4.22362030e-01  4.75838751e-01]
 [ 3.91293198e-01  4.44649644e-02  1.15944147e+00 -2.66952872e-01
   6.38479352e-01 -4.76083457e-01 -4.16804075e-01 -2.35996470e-01
  -1.05847383e+00 -8.05852056e-01  5.54061355e-03 -5.09547740e-02
  -3.26799601e-01  3.66055965e-01  1.90192312e-02 -2.87237633e-02
  -2.18237951e-01 -4.45826650e-01 -4.24068540e-01  7.45494887e-02
   6.94915056e-01 -2.85859764e-01  2.61172533e-01  2.54857957e-01
   3.62664431e-01 -5.71056828e-02  3.97037685e-01 -6.34888113e-01]
 [-1.63821697e-01  3.04354548e-01  2.51755148e-01 -1.20465785e-01
   1.96332633e-01  5.98512828e-01 -3.06603640e-01 -4.57320929e-01
  -2.99467921e-01  3.46704237e-02 -2.20919073e-01  3.10818762e-01
  -3.46025787e-02  7.08765030e-01  1.09107286e-01 -8.40756446e-02
   1.04041572e-03 -1.49051622e-01 -3.20530355e-01 -3.14571083e-01
  -1.60165131e-01  5.58949858e-02  3.20169061e-01  5.31678163e-02
   1.70582071e-01 -2.40129471e-01  7.77832419e-02  5.73035851e-02]
 [-7.42277980e-01  6.07205667e-02 -2.26690978e-01 -6.29621968e-02
   2.03131080e-01  2.60266483e-01 -5.08733928e-01  5.44332743e-01
  -5.85052311e-01 -5.16310155e-01  5.66337518e-02  3.34867388e-01
   1.80714875e-01  3.35115254e-01  1.66426852e-01  6.73974603e-02
   4.01379094e-02  3.01847816e-01  3.86702903e-02  8.25010240e-02
  -1.14748470e-01  5.80303848e-01 -3.98780890e-02 -1.68514252e-01
   1.69154424e-02  1.93195134e-01 -3.28285009e-01 -3.65194261e-01]
 [ 3.35876852e-01  2.21880171e-02  2.25677371e-01  3.01143944e-01
   2.02927798e-01 -4.17046607e-01 -2.59397682e-02  1.12987310e-01
  -5.34756958e-01 -4.29949105e-01 -1.53398598e-02 -8.42479542e-02
  -4.44425493e-01  3.72767538e-01 -2.78775424e-01  5.38797416e-02
  -2.93423414e-01 -4.69485909e-01 -2.33894080e-01 -2.18235537e-01
   3.97100180e-01 -2.03013062e-01 -3.30909528e-02 -6.90002218e-02
   2.53170609e-01 -2.46593729e-01  3.32426280e-01 -3.51960659e-01]
 [ 3.88322443e-01  8.03017467e-02  2.35498562e-01  1.12994760e-01
  -9.77243334e-02 -2.54803836e-01 -5.86493388e-02  4.88603026e-01
   4.64979857e-02  4.72350977e-02  8.35829452e-02 -5.67927808e-02
   1.36278301e-01  2.17338637e-01 -1.15850709e-01 -1.07495323e-01
   3.78339887e-02 -3.22217643e-02 -1.02974243e-01 -3.13180476e-01
   8.16356018e-02 -3.50125611e-01 -1.36543587e-01 -7.20236525e-02
  -1.31328046e-01  1.02110162e-01 -7.23033026e-03  6.80600703e-02]
 [-4.05133009e-01  1.14442907e-01  4.55934733e-01  8.11341405e-01
   1.91943556e-01 -5.63035190e-01 -6.01946652e-01  8.01012516e-01
  -8.29668581e-01  3.38890180e-02  5.40852286e-02  1.88330144e-01
  -3.30336869e-01  1.74883798e-01  4.21634912e-02 -7.20133707e-02
   2.43211221e-02 -3.69477808e-01 -5.97602688e-03  2.17157409e-01
   3.69095832e-01 -1.26334667e-01  1.79381698e-01  9.28650945e-02
   3.80528569e-01 -1.37080168e-02  1.78881988e-01 -3.62534255e-01]
 [ 1.64086118e-01  2.16154084e-01 -3.61437738e-01 -2.44605523e-02
  -2.40333021e-01 -6.04573302e-02 -1.73339203e-01 -2.98695534e-01
   8.77661481e-02 -6.88251033e-02 -1.94387995e-02 -2.26675361e-01
  -7.25285485e-02 -2.14352116e-01 -1.56288147e-01  1.13421448e-01
  -6.67744800e-02 -3.96002978e-02  1.00101911e-01  1.53178483e-01
   2.25184947e-01 -1.89301774e-01  1.05221786e-01  7.08574876e-02
  -7.27360696e-03  1.89544261e-02  2.05580592e-01  2.84191016e-02]
 [-6.37159467e-01 -2.17027180e-02  9.77506578e-01  2.86551807e-02
   1.84341922e-01 -3.16227704e-01 -3.93452466e-01  4.81856048e-01
  -4.66749400e-01  1.18093178e-01  4.59373593e-01  2.94829279e-01
  -6.60316274e-02  3.97883981e-01  1.26111597e-01 -3.98689024e-02
   5.46425255e-03  3.17774475e-01  3.47485274e-01  2.74095178e-01
  -7.82396421e-02 -1.43188789e-01 -4.45271343e-01 -5.25526226e-01
   1.23260230e-01  5.42640507e-01 -1.96827665e-01 -2.42032096e-01]
 [ 2.37995416e-01  3.84316564e-01  7.16134548e-01 -7.40112543e-01
   4.26488340e-01  4.17056173e-01 -3.78653258e-01 -2.06065372e-01
  -3.31921667e-01 -1.18665293e-01 -3.22400272e-01 -9.92184877e-02
  -2.59713560e-01  3.43137294e-01  9.09352452e-02  2.53344178e-01
  -1.99422643e-01 -1.42782062e-01  3.89425941e-02 -4.12231684e-01
   8.53455290e-02  1.98992401e-01  3.65168929e-01  4.03181314e-01
   3.09488356e-01 -5.09028375e-01  8.99749771e-02 -1.55494027e-02]
 [-2.53764927e-01  4.02342230e-01 -1.78220645e-01  1.79701582e-01
   1.19382489e+00 -6.75512552e-01 -6.61701858e-01  5.54441571e-01
  -1.68959820e+00 -8.03643763e-01 -1.46726921e-01 -6.55234978e-02
  -7.92585373e-01  2.56508768e-01 -1.83706000e-01 -8.64579529e-02
  -5.29577434e-01 -6.81850672e-01 -3.23389769e-01  6.12157173e-02
   4.63621259e-01 -6.55753538e-02  3.91221531e-02  4.11827505e-01
   6.77191079e-01 -1.74011126e-01  3.81093740e-01 -8.69729161e-01]
 [ 1.38566690e-02 -1.73511300e-02 -2.19489098e-01 -5.13772704e-02
  -1.18753113e-01  6.72010332e-02  2.15170264e-01  3.52672525e-02
   1.98155686e-01  1.93137586e-01 -4.61133523e-03  1.66348055e-01
   3.52987677e-01 -1.21459626e-01 -7.64538124e-02 -2.08773807e-01
   2.64788326e-02  2.47632116e-02  2.87721884e-02 -2.28279140e-02
   4.11496796e-02 -7.35549331e-02 -9.53698382e-02  5.22461310e-02
  -1.03777081e-01  5.57203591e-02 -1.30564882e-03  1.51981022e-02]
 [-1.82269096e-01 -1.28523171e-01  7.44929761e-02 -2.74149895e-01
   9.26785693e-02  2.33835056e-02  1.42150775e-01 -6.30662292e-02
   2.56624240e-02 -8.30093175e-02 -1.52120262e-01  1.29110992e-01
   1.52883502e-02  4.92406003e-02  1.07609555e-01  9.59224552e-02
  -7.66638443e-02  5.42013533e-02  8.84260461e-02 -5.07386178e-02
  -4.24225479e-02  8.34984034e-02  4.67550084e-02 -1.67135969e-02
  -1.83649864e-02 -2.35809069e-02  3.42202336e-02  2.84464974e-02]
 [-1.46691382e-01  4.34367746e-01 -8.14256728e-01  2.01228350e-01
  -4.24790800e-01  1.88639075e-01 -1.55451149e-01 -1.45127982e-01
   2.34216005e-01  5.10440052e-01  1.70847222e-01  5.31061785e-04
  -6.05966337e-02 -4.77368057e-01 -1.34584904e-01  2.01672733e-01
   2.07801163e-01  1.26760304e-01  2.37666920e-01  7.60402381e-02
  -3.07547599e-01 -5.61459661e-02  1.54583558e-01  2.70272642e-02
  -3.55598956e-01  3.01777065e-04 -1.25552550e-01  3.72649550e-01]
 [-3.37185636e-02 -8.94713923e-02 -9.22317445e-01  1.24916720e+00
  -5.14901429e-03 -7.99219131e-01  4.62079793e-01  2.86355793e-01
  -1.13825396e-01  4.67382371e-01  1.31942287e-01 -2.15098768e-01
  -2.98084229e-01 -8.19802046e-01 -3.29466343e-01 -3.61841053e-01
  -1.89589396e-01 -6.12211049e-01 -4.18747753e-01  4.63733494e-01
   1.15187615e-02 -6.02130532e-01  2.76829839e-01  1.22583874e-01
   4.91078757e-02 -1.39241563e-02  1.80009902e-01  8.99870880e-03]
 [ 3.62349838e-01 -8.46430007e-03  1.97781995e-01 -1.08873688e-01
  -8.87522995e-02 -1.76537290e-01  3.54818776e-02  3.02429587e-01
   8.58647898e-02  9.75052593e-04  9.33961757e-03  3.14422213e-02
  -1.85972854e-01  4.51109618e-01  5.41623682e-02  2.59781573e-02
  -1.30771756e-01 -7.36239403e-02 -9.23856124e-02 -2.13273346e-01
  -7.03210086e-02 -4.90211174e-02 -8.87837037e-02 -2.85641756e-02
  -6.70635095e-03  2.29502782e-01 -7.82882720e-02 -2.17872839e-02]
 [-1.33190528e-01  3.16010527e-02 -5.51532805e-01  7.15545118e-02
  -2.46271059e-01  1.22041322e-01  1.62313998e-01  1.06784897e-02
   1.77276358e-01  3.04235607e-01  1.35574162e-01 -3.47744860e-02
   6.37945831e-02 -2.94591278e-01 -1.68873817e-02 -8.54612961e-02
   5.45123219e-02  4.42688428e-02  5.10984361e-02  5.84707074e-02
  -3.82360741e-02  1.46474227e-01  9.23425034e-02 -7.30014369e-02
  -1.78563088e-01  8.45223782e-04 -8.67265016e-02  2.04057783e-01]
 [-4.61994633e-02  2.09026430e-02  9.38335240e-01 -1.23681193e-02
   1.60275340e-01 -1.47365510e-01 -2.14845538e-01 -2.52244890e-01
   8.60778987e-02  6.76871017e-02 -3.01900059e-02  8.70909393e-02
  -8.54389742e-02  1.06625699e-01  4.81806621e-02  9.01994482e-03
   1.69780888e-02 -2.14173868e-01 -5.55514060e-02 -7.48216361e-02
   7.47422874e-02 -4.90994789e-02  1.48001775e-01 -1.79453343e-02
   5.04727475e-02 -7.25771636e-02  1.02403775e-01 -2.85650529e-02]]
Gamma_ 2 : [[ 1.83432055e+00 -1.23869753e+00 -6.22823596e-01 -2.42156696e+00
  -3.53052068e+00 -7.20927000e-01 -3.25796700e+00 -8.23393822e-01
   8.39124799e-01  3.33834946e-01  7.52553940e-01  1.18925476e+00
   2.06031990e+00  1.81865990e-02 -6.67911530e-01  7.28840351e-01
  -6.81078196e-01  1.42621469e+00  1.82632446e-01 -7.00402975e-01
  -1.15507436e+00 -4.38180923e-01 -9.38790560e-01 -1.05861616e+00
   1.05875957e+00  3.51520300e-01 -2.45907709e-01  2.26012611e+00
   8.95859122e-01  1.49677038e-01  2.85183210e-02 -1.13320732e+00]
 [-1.79265328e-02  2.50011349e+00 -2.39613391e-02  1.19070061e-01
   2.77585721e+00  2.10743880e+00 -7.99247205e-01  5.80912650e-01
  -1.33851552e+00 -2.83387631e-01  6.23915315e-01  1.52956128e-01
   1.14617392e-01 -2.69314677e-01 -2.14365423e-02 -1.54473054e+00
  -9.35151100e-01  7.04421401e-02 -4.67932224e-03  3.21182221e-01
  -2.64124852e-02 -1.97148189e-01  1.94258466e-01 -3.71360451e-01
  -3.15419823e-01 -1.42687783e-01 -1.23918390e+00 -1.31748214e-01
  -1.62175143e+00 -4.34951305e-01  6.26862943e-01 -1.68351185e+00]
 [ 1.13285697e+00 -3.35547590e+00  3.54000306e+00 -2.43741632e+00
  -2.88037395e+00 -2.08076334e+00 -1.45608759e+00 -5.82113171e+00
   1.05815804e+00  1.00512111e+00 -2.62730122e-01  3.57723236e-01
   5.81822062e+00  5.43461740e-01  3.12403679e-01  1.85279810e+00
   2.14063823e-01 -2.46125221e+00  2.91939163e+00 -1.75660443e+00
  -2.24030495e+00  6.35485649e-02  8.32800269e-02  4.22295213e-01
  -6.98177457e-01  2.41924834e+00  5.09420693e-01 -9.43770885e-01
   3.48328680e-01  2.03809440e-01 -2.38717079e-01  6.66560602e+00]
 [ 2.98738027e+00  4.69364834e+00  1.32732463e+00 -7.62608051e-01
  -1.83787072e+00  1.08747876e+00 -6.24622822e+00  5.23359776e-01
  -9.33224857e-01 -1.37850285e+00  2.00019741e+00  1.28740692e+00
  -3.58668327e-01 -1.00893307e+00 -4.44177628e-01  7.09809542e-01
  -3.46731997e+00  3.92876267e+00 -1.63039398e+00  1.11563325e-01
   1.59480941e+00 -3.97294044e-01 -3.64258003e+00 -9.52999830e-01
   2.10665882e-01 -9.15509820e-01 -1.99005663e+00  9.62227821e-01
  -1.66217005e+00  3.20848823e-01  8.58958185e-01  4.15020943e-01]
 [-6.44659102e-01  3.03677416e+00 -5.07594824e-01  4.32122374e+00
   1.49161661e+00  7.12993979e-01 -3.09573889e-01  6.58782840e-01
  -1.59397912e+00 -6.69409409e-02 -3.62860441e-01 -6.55920029e-01
  -4.57752419e+00 -2.84856200e-01  1.16205645e+00 -3.15937579e-01
   1.87372899e+00 -3.08820605e+00 -1.75213814e+00  1.35716844e+00
   4.21688747e+00  5.40131807e-01  8.64049494e-02  1.86158085e+00
  -1.07982564e+00 -2.28762579e+00 -5.23283422e-01 -4.50316525e+00
   9.06295851e-02  2.10016757e-01  8.62270057e-01 -5.05827713e+00]
 [ 6.60069644e-01  5.64735746e+00 -6.89658672e-02  1.11700356e+00
   1.52176690e+00  1.08258295e+00 -5.20264387e-01 -1.45977175e+00
   2.47811270e+00 -9.76585507e-01 -1.44010139e+00 -4.08079338e+00
  -6.98332691e+00 -1.76603958e-01  4.38370705e-02  2.35852885e+00
   1.75861418e+00 -1.40671587e+00  1.89761925e+00  4.48405117e-01
   2.59094214e+00 -4.54404354e-02 -3.98510551e+00  4.16971588e+00
   2.08917713e+00 -6.61889195e-01 -1.44846511e+00 -3.18115067e+00
  -2.17682576e+00 -5.14231622e-02  2.31217290e-03 -6.98299313e+00]
 [-2.06384850e+00  5.05060911e+00  4.06833744e+00 -4.37503457e-01
   1.48123610e+00 -1.24192274e+00  6.93164587e-01 -1.40758502e+00
  -3.63680601e-01  9.34022129e-01 -1.25214505e+00 -1.00338173e+00
  -4.46097374e+00 -5.57704329e-01  1.94008589e+00  1.99501574e-01
   2.11631274e+00 -1.46540952e+00 -5.45103073e-01  1.93138480e+00
   2.38392544e+00  3.28749418e-01 -2.53551632e-01  1.09086132e+00
  -6.26973867e-01 -9.74698365e-02  1.24706812e-01 -2.27208781e+00
  -4.66279864e-01 -6.57124043e-01 -6.18354559e-01  5.21912003e+00]
 [ 2.60991812e+00  1.78195190e+00 -4.37554717e-01  5.48211455e-01
  -1.61209881e+00 -1.91068995e+00 -1.45670176e-01  1.14487374e+00
  -1.08620510e-01 -2.07319409e-01  4.89807844e-01 -1.19394302e-01
  -9.56718206e-01 -4.16940711e-02 -2.49668598e-01  6.75281584e-01
  -3.56188804e-01  1.19593072e+00  1.03105354e+00  2.55338222e-01
   1.75034940e+00 -3.51844072e-01 -6.25506282e-01 -8.92728269e-01
  -1.76646844e-01 -1.17739892e+00  8.74563694e-01 -1.22300982e+00
   4.51273322e-01  9.21821356e-01 -3.89158651e-02  7.57723093e-01]
 [ 1.82240963e+00 -3.36564541e+00  8.92045498e-02 -1.32384300e+00
  -1.86003637e+00  8.43492031e-01 -1.00442123e+00 -2.66130447e-01
   1.26428366e-01 -1.58904672e-01  9.31690216e-01  1.51626587e+00
   2.10601425e+00  4.12164152e-01  2.10956573e+00  2.97862148e+00
  -1.37296247e+00  2.47898388e+00 -4.01641846e-01  1.92504406e-01
  -6.63236141e-01  8.75740051e-02 -1.17536306e+00  4.24078941e-01
  -1.06837630e+00  9.81792927e-01 -2.89795309e-01  1.70432663e+00
  -4.20862943e-01  1.73153877e-02  9.80476439e-01  9.08840179e-01]
 [-2.78165913e+00  7.40610242e-01  2.61959285e-01  4.43400669e+00
   3.19222748e-01 -3.02491963e-01  3.61150789e+00 -6.42030954e-01
   4.99522418e-01  5.69805205e-01 -2.03807974e+00 -9.68669891e-01
   3.53205061e+00  1.45655811e-01 -2.62183189e-01  8.71168017e-01
  -1.13423288e-01 -5.02014399e+00  2.77206039e+00 -4.16458189e-01
  -3.23657691e-01  4.84323502e-03  1.51144803e-01 -2.02969265e+00
   1.14591765e+00  1.19239569e+00  9.34465349e-01 -7.35933781e-01
   5.86968303e-01 -2.64101446e-01 -9.97197866e-01 -1.91251802e+00]
 [ 1.98779881e-01 -3.44196618e-01 -7.69906819e-01  1.78658187e+00
   9.53541994e-01 -4.26174134e-01  2.03500056e+00  2.78850198e-01
   1.37613750e+00  7.64920950e-01 -3.86469364e-02 -1.12053108e+00
  -1.17157626e+00 -2.91858435e-01 -5.07416725e-02 -7.64233470e-02
   2.10727572e+00 -3.06648493e+00 -4.19568443e+00  6.21411920e-01
   4.63323325e-01  9.98698950e-01  1.11430311e+00  2.13995433e+00
  -6.60536945e-01 -1.75342882e+00  1.34379953e-01 -4.27641106e+00
   8.70695770e-01  7.51920640e-02 -2.65169293e-01 -1.21708632e-01]
 [-4.60171556e+00  1.33470583e+00  8.60041380e-02 -8.39053154e-01
   4.57522869e+00  4.71873045e-01  4.15957832e+00  1.47219753e+00
   7.77864337e-01  3.21919143e-01 -4.67153549e-01 -3.57792664e+00
  -6.67091560e+00  4.40687150e-01  2.36759186e-01 -1.73500490e+00
   3.43123078e+00 -4.03906870e+00 -2.23927307e+00  1.35210586e+00
   2.76179433e+00  1.60639381e+00  1.71567655e+00  3.05977583e+00
  -1.52877605e+00 -5.91357946e-01  1.08352172e+00 -4.61388588e+00
   8.08141112e-01  3.52672815e-01 -1.14836776e+00 -3.22934151e+00]
 [-1.84761107e+00  2.61864614e+00 -2.81019092e+00  4.96822739e+00
   2.34762573e+00  1.89750051e+00  5.45292139e+00  2.44374728e+00
  -9.32242990e-01  4.63230968e-01 -6.66797161e-01 -2.64892197e+00
  -8.10942650e+00 -8.36477652e-02  1.14073658e+00 -3.10193014e+00
   2.76356006e+00 -5.74253845e+00 -5.72902298e+00  1.63766885e+00
   3.25142574e+00  5.39394855e-01  1.35530806e+00  1.26233423e+00
  -2.63621831e+00 -2.92980647e+00  3.94977592e-02 -6.47332048e+00
  -1.06241032e-02  1.98474228e-01 -5.76675057e-01 -3.00008631e+00]
 [ 1.14105892e+00  1.28209543e+00 -9.19296265e-01 -1.88530505e+00
  -4.21371371e-01  4.44318354e-02  1.06854224e+00 -2.67240405e-01
  -1.22882351e-01  5.78864396e-01 -4.37207460e-01 -3.13226700e-01
   2.96623063e+00  2.34292448e-01  1.14567518e+00  7.97666132e-01
  -5.45499623e-02 -7.75062740e-01 -8.94315720e-01 -2.42707431e-02
  -8.01022887e-01  6.37705564e-01  1.87320083e-01  1.49933624e+00
  -4.52394634e-02 -8.32392693e-01  4.17641252e-01  2.21531224e+00
  -7.10345030e-01  5.31903267e-01  5.60609877e-01 -5.61164618e-01]
 [-3.72002339e+00 -1.45117831e+00  1.75108075e+00 -3.52778196e+00
   6.54006124e-01  2.58342624e-01  3.03080463e+00 -2.15696812e-01
   1.39804387e+00 -3.17848235e-01 -9.02022362e-01 -1.21099091e+00
  -2.38953114e+00  5.55794299e-01 -1.46909142e+00 -1.15979886e+00
   8.48198533e-01 -1.68896317e+00 -1.56418610e+00  2.29665160e-01
   2.60327458e-01 -1.91054344e-01  6.28362775e-01  1.91426039e-01
   1.31949246e-01 -1.37423551e+00  8.90778899e-01 -8.65822792e-01
  -9.35605645e-01 -2.67820716e-01 -5.40388487e-02 -3.82214546e-01]
 [-4.00317132e-01 -1.58764601e+00  7.39999294e-01 -1.34445429e-02
   1.38645279e+00  8.03219914e-01 -4.07921076e-01  2.71433830e+00
   8.10262680e-01  3.72908622e-01 -3.42107058e-01  3.48455429e-01
  -4.60094643e+00 -1.36732280e-01 -1.38098192e+00 -2.23212862e+00
  -4.87986356e-01  2.05386901e+00  5.94148636e-01  1.08735353e-01
  -8.04249167e-01 -3.68512392e-01  9.22077537e-01  1.76615715e+00
   7.22009182e-01 -2.51331902e+00 -9.04848516e-01 -2.52450252e+00
  -8.10486138e-01 -3.83642226e-01 -1.91919110e-03 -4.71629333e+00]]
Gamma_ 3 : [[120.68637      0.25168896  -9.340934    -1.7150431    5.1590405
    3.6741695    4.0354013   -9.467287     5.7167654   -0.50446606
  -11.061784    -3.8394442    5.9224253    3.2979026   -0.21778584
    8.185425  ]]
X_ 1 postcondition: >= 0.75
[ 1.8207270e-01  1.2624012e-03  1.8448627e-01  4.6521619e-02
  3.3526737e-02 -1.9661324e-01  5.6930218e-02 -1.5423942e-01
 -5.8003500e-02  1.4430507e-01 -1.5270106e-01 -1.8480204e-01
 -2.4986832e-01 -1.5751489e-01 -1.3313614e-01  2.9465152e-02
 -1.1389553e-01 -2.7608144e-01 -2.5561699e-01 -6.9815159e-02
  1.4021834e-04 -3.1681117e-01  4.4569775e-02  2.0643353e-01
 -3.1958364e-02 -1.7185807e-01  1.3048238e-01  1.0553465e-01]
X_ 1 postcondition: <= 0.75
[ 1.8207270e-01  1.2624012e-03  1.8448627e-01  4.6521619e-02
  3.3526737e-02 -1.9661324e-01  5.6930218e-02 -1.5423942e-01
 -5.8003500e-02  1.4430507e-01 -1.5270106e-01 -1.8480204e-01
 -2.4986832e-01 -1.5751489e-01 -1.3313614e-01  2.9465152e-02
 -1.1389553e-01 -2.7608144e-01 -2.5561699e-01 -6.9815159e-02
  1.4021834e-04 -3.1681117e-01  4.4569775e-02  2.0643353e-01
 -3.1958364e-02 -1.7185807e-01  1.3048238e-01  1.0553465e-01]
X_ 1 postcondition: > 0.75
[ 1.8207270e-01  1.2624012e-03  1.8448627e-01  4.6521619e-02
  3.3526737e-02 -1.9661324e-01  5.6930218e-02 -1.5423942e-01
 -5.8003500e-02  1.4430507e-01 -1.5270106e-01 -1.8480204e-01
 -2.4986832e-01 -1.5751489e-01 -1.3313614e-01  2.9465152e-02
 -1.1389553e-01 -2.7608144e-01 -2.5561699e-01 -6.9815159e-02
  1.4021834e-04 -3.1681117e-01  4.4569775e-02  2.0643353e-01
 -3.1958364e-02 -1.7185807e-01  1.3048238e-01  1.0553465e-01]
X_ 1 postcondition: < 0.75
[ 1.8207270e-01  1.2624012e-03  1.8448627e-01  4.6521619e-02
  3.3526737e-02 -1.9661324e-01  5.6930218e-02 -1.5423942e-01
 -5.8003500e-02  1.4430507e-01 -1.5270106e-01 -1.8480204e-01
 -2.4986832e-01 -1.5751489e-01 -1.3313614e-01  2.9465152e-02
 -1.1389553e-01 -2.7608144e-01 -2.5561699e-01 -6.9815159e-02
  1.4021834e-04 -3.1681117e-01  4.4569775e-02  2.0643353e-01
 -3.1958364e-02 -1.7185807e-01  1.3048238e-01  1.0553465e-01]
X_ 1 postcondition: == 0.75
[ 1.8207270e-01  1.2624012e-03  1.8448627e-01  4.6521619e-02
  3.3526737e-02 -1.9661324e-01  5.6930218e-02 -1.5423942e-01
 -5.8003500e-02  1.4430507e-01 -1.5270106e-01 -1.8480204e-01
 -2.4986832e-01 -1.5751489e-01 -1.3313614e-01  2.9465152e-02
 -1.1389553e-01 -2.7608144e-01 -2.5561699e-01 -6.9815159e-02
  1.4021834e-04 -3.1681117e-01  4.4569775e-02  2.0643353e-01
 -3.1958364e-02 -1.7185807e-01  1.3048238e-01  1.0553465e-01]
X_ 1 postcondition: != 0.75
[ 1.8207270e-01  1.2624012e-03  1.8448627e-01  4.6521619e-02
  3.3526737e-02 -1.9661324e-01  5.6930218e-02 -1.5423942e-01
 -5.8003500e-02  1.4430507e-01 -1.5270106e-01 -1.8480204e-01
 -2.4986832e-01 -1.5751489e-01 -1.3313614e-01  2.9465152e-02
 -1.1389553e-01 -2.7608144e-01 -2.5561699e-01 -6.9815159e-02
  1.4021834e-04 -3.1681117e-01  4.4569775e-02  2.0643353e-01
 -3.1958364e-02 -1.7185807e-01  1.3048238e-01  1.0553465e-01]
X_ 1 postcondition: >= 0.9
[ 2.1848725e-01  1.5148453e-03  2.2138327e-01  5.5826105e-02
  4.0232129e-02 -2.3593587e-01  6.8316258e-02 -1.8508731e-01
 -6.9604114e-02  1.7316614e-01 -1.8324123e-01 -2.2176248e-01
 -2.9984200e-01 -1.8901786e-01 -1.5976338e-01  3.5358150e-02
 -1.3667461e-01 -3.3129770e-01 -3.0674040e-01 -8.3778217e-02
  1.6822736e-04 -3.8017344e-01  5.3483620e-02  2.4772026e-01
 -3.8350035e-02 -2.0622975e-01  1.5657884e-01  1.2664154e-01]
X_ 1 postcondition: <= 0.9
[ 2.1848725e-01  1.5148453e-03  2.2138327e-01  5.5826105e-02
  4.0232129e-02 -2.3593587e-01  6.8316258e-02 -1.8508731e-01
 -6.9604114e-02  1.7316614e-01 -1.8324123e-01 -2.2176248e-01
 -2.9984200e-01 -1.8901786e-01 -1.5976338e-01  3.5358150e-02
 -1.3667461e-01 -3.3129770e-01 -3.0674040e-01 -8.3778217e-02
  1.6822736e-04 -3.8017344e-01  5.3483620e-02  2.4772026e-01
 -3.8350035e-02 -2.0622975e-01  1.5657884e-01  1.2664154e-01]
X_ 1 postcondition: > 0.9
[ 2.1848725e-01  1.5148453e-03  2.2138327e-01  5.5826105e-02
  4.0232129e-02 -2.3593587e-01  6.8316258e-02 -1.8508731e-01
 -6.9604114e-02  1.7316614e-01 -1.8324123e-01 -2.2176248e-01
 -2.9984200e-01 -1.8901786e-01 -1.5976338e-01  3.5358150e-02
 -1.3667461e-01 -3.3129770e-01 -3.0674040e-01 -8.3778217e-02
  1.6822736e-04 -3.8017344e-01  5.3483620e-02  2.4772026e-01
 -3.8350035e-02 -2.0622975e-01  1.5657884e-01  1.2664154e-01]
X_ 1 postcondition: < 0.9
[ 2.1848725e-01  1.5148453e-03  2.2138327e-01  5.5826105e-02
  4.0232129e-02 -2.3593587e-01  6.8316258e-02 -1.8508731e-01
 -6.9604114e-02  1.7316614e-01 -1.8324123e-01 -2.2176248e-01
 -2.9984200e-01 -1.8901786e-01 -1.5976338e-01  3.5358150e-02
 -1.3667461e-01 -3.3129770e-01 -3.0674040e-01 -8.3778217e-02
  1.6822736e-04 -3.8017344e-01  5.3483620e-02  2.4772026e-01
 -3.8350035e-02 -2.0622975e-01  1.5657884e-01  1.2664154e-01]
X_ 1 postcondition: == 0.9
[ 2.1848725e-01  1.5148453e-03  2.2138327e-01  5.5826105e-02
  4.0232129e-02 -2.3593587e-01  6.8316258e-02 -1.8508731e-01
 -6.9604114e-02  1.7316614e-01 -1.8324123e-01 -2.2176248e-01
 -2.9984200e-01 -1.8901786e-01 -1.5976338e-01  3.5358150e-02
 -1.3667461e-01 -3.3129770e-01 -3.0674040e-01 -8.3778217e-02
  1.6822736e-04 -3.8017344e-01  5.3483620e-02  2.4772026e-01
 -3.8350035e-02 -2.0622975e-01  1.5657884e-01  1.2664154e-01]
X_ 1 postcondition: != 0.9
[ 2.1848725e-01  1.5148453e-03  2.2138327e-01  5.5826105e-02
  4.0232129e-02 -2.3593587e-01  6.8316258e-02 -1.8508731e-01
 -6.9604114e-02  1.7316614e-01 -1.8324123e-01 -2.2176248e-01
 -2.9984200e-01 -1.8901786e-01 -1.5976338e-01  3.5358150e-02
 -1.3667461e-01 -3.3129770e-01 -3.0674040e-01 -8.3778217e-02
  1.6822736e-04 -3.8017344e-01  5.3483620e-02  2.4772026e-01
 -3.8350035e-02 -2.0622975e-01  1.5657884e-01  1.2664154e-01]
X_ 1 postcondition: >= 0.95
[ 2.3062533e-01  1.5990594e-03  2.3368229e-01  5.8927584e-02
  4.2467162e-02 -2.4904346e-01  7.2111629e-02 -1.9536987e-01
 -7.3470995e-02  1.8278645e-01 -1.9342130e-01 -2.3408264e-01
 -3.1649989e-01 -1.9951873e-01 -1.6863911e-01  3.7322510e-02
 -1.4426763e-01 -3.4970313e-01 -3.2378158e-01 -8.8432558e-02
  1.7762082e-04 -4.0129417e-01  5.6454968e-02  2.6148251e-01
 -4.0480591e-02 -2.1768691e-01  1.6527763e-01  1.3367723e-01]
X_ 1 postcondition: <= 0.95
[ 2.3062533e-01  1.5990594e-03  2.3368229e-01  5.8927584e-02
  4.2467162e-02 -2.4904346e-01  7.2111629e-02 -1.9536987e-01
 -7.3470995e-02  1.8278645e-01 -1.9342130e-01 -2.3408264e-01
 -3.1649989e-01 -1.9951873e-01 -1.6863911e-01  3.7322510e-02
 -1.4426763e-01 -3.4970313e-01 -3.2378158e-01 -8.8432558e-02
  1.7762082e-04 -4.0129417e-01  5.6454968e-02  2.6148251e-01
 -4.0480591e-02 -2.1768691e-01  1.6527763e-01  1.3367723e-01]
X_ 1 postcondition: > 0.95
[ 2.3062533e-01  1.5990594e-03  2.3368229e-01  5.8927584e-02
  4.2467162e-02 -2.4904346e-01  7.2111629e-02 -1.9536987e-01
 -7.3470995e-02  1.8278645e-01 -1.9342130e-01 -2.3408264e-01
 -3.1649989e-01 -1.9951873e-01 -1.6863911e-01  3.7322510e-02
 -1.4426763e-01 -3.4970313e-01 -3.2378158e-01 -8.8432558e-02
  1.7762082e-04 -4.0129417e-01  5.6454968e-02  2.6148251e-01
 -4.0480591e-02 -2.1768691e-01  1.6527763e-01  1.3367723e-01]
X_ 1 postcondition: < 0.95
[ 2.3062533e-01  1.5990594e-03  2.3368229e-01  5.8927584e-02
  4.2467162e-02 -2.4904346e-01  7.2111629e-02 -1.9536987e-01
 -7.3470995e-02  1.8278645e-01 -1.9342130e-01 -2.3408264e-01
 -3.1649989e-01 -1.9951873e-01 -1.6863911e-01  3.7322510e-02
 -1.4426763e-01 -3.4970313e-01 -3.2378158e-01 -8.8432558e-02
  1.7762082e-04 -4.0129417e-01  5.6454968e-02  2.6148251e-01
 -4.0480591e-02 -2.1768691e-01  1.6527763e-01  1.3367723e-01]
X_ 1 postcondition: == 0.95
[ 2.3062533e-01  1.5990594e-03  2.3368229e-01  5.8927584e-02
  4.2467162e-02 -2.4904346e-01  7.2111629e-02 -1.9536987e-01
 -7.3470995e-02  1.8278645e-01 -1.9342130e-01 -2.3408264e-01
 -3.1649989e-01 -1.9951873e-01 -1.6863911e-01  3.7322510e-02
 -1.4426763e-01 -3.4970313e-01 -3.2378158e-01 -8.8432558e-02
  1.7762082e-04 -4.0129417e-01  5.6454968e-02  2.6148251e-01
 -4.0480591e-02 -2.1768691e-01  1.6527763e-01  1.3367723e-01]
X_ 1 postcondition: != 0.95
[ 2.3062533e-01  1.5990594e-03  2.3368229e-01  5.8927584e-02
  4.2467162e-02 -2.4904346e-01  7.2111629e-02 -1.9536987e-01
 -7.3470995e-02  1.8278645e-01 -1.9342130e-01 -2.3408264e-01
 -3.1649989e-01 -1.9951873e-01 -1.6863911e-01  3.7322510e-02
 -1.4426763e-01 -3.4970313e-01 -3.2378158e-01 -8.8432558e-02
  1.7762082e-04 -4.0129417e-01  5.6454968e-02  2.6148251e-01
 -4.0480591e-02 -2.1768691e-01  1.6527763e-01  1.3367723e-01]
X_ 1 postcondition: >= 0.99
[ 2.4033584e-01  1.6663634e-03  2.4352169e-01  6.1408743e-02
  4.4255383e-02 -2.5952944e-01  7.5147904e-02 -2.0359609e-01
 -7.6564476e-02  1.9048268e-01 -2.0156540e-01 -2.4393873e-01
 -3.2982621e-01 -2.0791960e-01 -1.7573972e-01  3.8894016e-02
 -1.5034211e-01 -3.6442751e-01 -3.3741450e-01 -9.2156023e-02
  1.8506940e-04 -4.1819078e-01  5.8832012e-02  2.7249232e-01
 -4.2185027e-02 -2.2685266e-01  1.7223673e-01  1.3930574e-01]
X_ 1 postcondition: <= 0.99
[ 2.4033584e-01  1.6663634e-03  2.4352169e-01  6.1408743e-02
  4.4255383e-02 -2.5952944e-01  7.5147904e-02 -2.0359609e-01
 -7.6564476e-02  1.9048268e-01 -2.0156540e-01 -2.4393873e-01
 -3.2982621e-01 -2.0791960e-01 -1.7573972e-01  3.8894016e-02
 -1.5034211e-01 -3.6442751e-01 -3.3741450e-01 -9.2156023e-02
  1.8506940e-04 -4.1819078e-01  5.8832012e-02  2.7249232e-01
 -4.2185027e-02 -2.2685266e-01  1.7223673e-01  1.3930574e-01]
X_ 1 postcondition: > 0.99
[ 2.4033584e-01  1.6663634e-03  2.4352169e-01  6.1408743e-02
  4.4255383e-02 -2.5952944e-01  7.5147904e-02 -2.0359609e-01
 -7.6564476e-02  1.9048268e-01 -2.0156540e-01 -2.4393873e-01
 -3.2982621e-01 -2.0791960e-01 -1.7573972e-01  3.8894016e-02
 -1.5034211e-01 -3.6442751e-01 -3.3741450e-01 -9.2156023e-02
  1.8506940e-04 -4.1819078e-01  5.8832012e-02  2.7249232e-01
 -4.2185027e-02 -2.2685266e-01  1.7223673e-01  1.3930574e-01]
X_ 1 postcondition: < 0.99
[ 2.4033584e-01  1.6663634e-03  2.4352169e-01  6.1408743e-02
  4.4255383e-02 -2.5952944e-01  7.5147904e-02 -2.0359609e-01
 -7.6564476e-02  1.9048268e-01 -2.0156540e-01 -2.4393873e-01
 -3.2982621e-01 -2.0791960e-01 -1.7573972e-01  3.8894016e-02
 -1.5034211e-01 -3.6442751e-01 -3.3741450e-01 -9.2156023e-02
  1.8506940e-04 -4.1819078e-01  5.8832012e-02  2.7249232e-01
 -4.2185027e-02 -2.2685266e-01  1.7223673e-01  1.3930574e-01]
X_ 1 postcondition: == 0.99
[ 2.4033584e-01  1.6663634e-03  2.4352169e-01  6.1408743e-02
  4.4255383e-02 -2.5952944e-01  7.5147904e-02 -2.0359609e-01
 -7.6564476e-02  1.9048268e-01 -2.0156540e-01 -2.4393873e-01
 -3.2982621e-01 -2.0791960e-01 -1.7573972e-01  3.8894016e-02
 -1.5034211e-01 -3.6442751e-01 -3.3741450e-01 -9.2156023e-02
  1.8506940e-04 -4.1819078e-01  5.8832012e-02  2.7249232e-01
 -4.2185027e-02 -2.2685266e-01  1.7223673e-01  1.3930574e-01]
X_ 1 postcondition: != 0.99
[ 2.4033584e-01  1.6663634e-03  2.4352169e-01  6.1408743e-02
  4.4255383e-02 -2.5952944e-01  7.5147904e-02 -2.0359609e-01
 -7.6564476e-02  1.9048268e-01 -2.0156540e-01 -2.4393873e-01
 -3.2982621e-01 -2.0791960e-01 -1.7573972e-01  3.8894016e-02
 -1.5034211e-01 -3.6442751e-01 -3.3741450e-01 -9.2156023e-02
  1.8506940e-04 -4.1819078e-01  5.8832012e-02  2.7249232e-01
 -4.2185027e-02 -2.2685266e-01  1.7223673e-01  1.3930574e-01]
X_ 2 postcondition: >= 0.75
[-0.10842106 -0.39314997  1.7645953  -1.9836106   0.00355832 -1.6823665
 -0.37017375 -1.1693954   0.33097246  0.7206925  -0.838954   -0.14210139
  0.39582196  0.4043142   1.1166767   1.6480943   1.2338581   0.18670617
  2.6553667   0.2024842   0.39692467  0.5980549   0.47789997  2.3922062
  0.20783272  0.110392    0.8290438   0.19139911  0.35532427  0.31393403
  0.26398718 -0.2635753 ]
X_ 2 postcondition: <= 0.75
[-0.10842106 -0.39314997  1.7645953  -1.9836106   0.00355832 -1.6823665
 -0.37017375 -1.1693954   0.33097246  0.7206925  -0.838954   -0.14210139
  0.39582196  0.4043142   1.1166767   1.6480943   1.2338581   0.18670617
  2.6553667   0.2024842   0.39692467  0.5980549   0.47789997  2.3922062
  0.20783272  0.110392    0.8290438   0.19139911  0.35532427  0.31393403
  0.26398718 -0.2635753 ]
X_ 2 postcondition: > 0.75
[-0.10842106 -0.39314997  1.7645953  -1.9836106   0.00355832 -1.6823665
 -0.37017375 -1.1693954   0.33097246  0.7206925  -0.838954   -0.14210139
  0.39582196  0.4043142   1.1166767   1.6480943   1.2338581   0.18670617
  2.6553667   0.2024842   0.39692467  0.5980549   0.47789997  2.3922062
  0.20783272  0.110392    0.8290438   0.19139911  0.35532427  0.31393403
  0.26398718 -0.2635753 ]
X_ 2 postcondition: < 0.75
[-0.10842106 -0.39314997  1.7645953  -1.9836106   0.00355832 -1.6823665
 -0.37017375 -1.1693954   0.33097246  0.7206925  -0.838954   -0.14210139
  0.39582196  0.4043142   1.1166767   1.6480943   1.2338581   0.18670617
  2.6553667   0.2024842   0.39692467  0.5980549   0.47789997  2.3922062
  0.20783272  0.110392    0.8290438   0.19139911  0.35532427  0.31393403
  0.26398718 -0.2635753 ]
X_ 2 postcondition: == 0.75
[-0.10842106 -0.39314997  1.7645953  -1.9836106   0.00355832 -1.6823665
 -0.37017375 -1.1693954   0.33097246  0.7206925  -0.838954   -0.14210139
  0.39582196  0.4043142   1.1166767   1.6480943   1.2338581   0.18670617
  2.6553667   0.2024842   0.39692467  0.5980549   0.47789997  2.3922062
  0.20783272  0.110392    0.8290438   0.19139911  0.35532427  0.31393403
  0.26398718 -0.2635753 ]
X_ 2 postcondition: != 0.75
[-0.10842106 -0.39314997  1.7645953  -1.9836106   0.00355832 -1.6823665
 -0.37017375 -1.1693954   0.33097246  0.7206925  -0.838954   -0.14210139
  0.39582196  0.4043142   1.1166767   1.6480943   1.2338581   0.18670617
  2.6553667   0.2024842   0.39692467  0.5980549   0.47789997  2.3922062
  0.20783272  0.110392    0.8290438   0.19139911  0.35532427  0.31393403
  0.26398718 -0.2635753 ]
X_ 2 postcondition: >= 0.9
[-0.13010536 -0.47178006  2.1175144  -2.3803325   0.00427008 -2.0188398
 -0.4442085  -1.4032744   0.39716697  0.864831   -1.0067449  -0.17052181
  0.4749872   0.48517704  1.340012    1.9777129   1.4806297   0.22404754
  3.18644     0.24298118  0.47630936  0.71766585  0.57347995  2.8706474
  0.24939916  0.13247053  0.9948524   0.22967832  0.42638892  0.37672085
  0.31678462 -0.31629044]
X_ 2 postcondition: <= 0.9
[-0.13010536 -0.47178006  2.1175144  -2.3803325   0.00427008 -2.0188398
 -0.4442085  -1.4032744   0.39716697  0.864831   -1.0067449  -0.17052181
  0.4749872   0.48517704  1.340012    1.9777129   1.4806297   0.22404754
  3.18644     0.24298118  0.47630936  0.71766585  0.57347995  2.8706474
  0.24939916  0.13247053  0.9948524   0.22967832  0.42638892  0.37672085
  0.31678462 -0.31629044]
X_ 2 postcondition: > 0.9
[-0.13010536 -0.47178006  2.1175144  -2.3803325   0.00427008 -2.0188398
 -0.4442085  -1.4032744   0.39716697  0.864831   -1.0067449  -0.17052181
  0.4749872   0.48517704  1.340012    1.9777129   1.4806297   0.22404754
  3.18644     0.24298118  0.47630936  0.71766585  0.57347995  2.8706474
  0.24939916  0.13247053  0.9948524   0.22967832  0.42638892  0.37672085
  0.31678462 -0.31629044]
X_ 2 postcondition: < 0.9
[-0.13010536 -0.47178006  2.1175144  -2.3803325   0.00427008 -2.0188398
 -0.4442085  -1.4032744   0.39716697  0.864831   -1.0067449  -0.17052181
  0.4749872   0.48517704  1.340012    1.9777129   1.4806297   0.22404754
  3.18644     0.24298118  0.47630936  0.71766585  0.57347995  2.8706474
  0.24939916  0.13247053  0.9948524   0.22967832  0.42638892  0.37672085
  0.31678462 -0.31629044]
X_ 2 postcondition: == 0.9
[-0.13010536 -0.47178006  2.1175144  -2.3803325   0.00427008 -2.0188398
 -0.4442085  -1.4032744   0.39716697  0.864831   -1.0067449  -0.17052181
  0.4749872   0.48517704  1.340012    1.9777129   1.4806297   0.22404754
  3.18644     0.24298118  0.47630936  0.71766585  0.57347995  2.8706474
  0.24939916  0.13247053  0.9948524   0.22967832  0.42638892  0.37672085
  0.31678462 -0.31629044]
X_ 2 postcondition: != 0.9
[-0.13010536 -0.47178006  2.1175144  -2.3803325   0.00427008 -2.0188398
 -0.4442085  -1.4032744   0.39716697  0.864831   -1.0067449  -0.17052181
  0.4749872   0.48517704  1.340012    1.9777129   1.4806297   0.22404754
  3.18644     0.24298118  0.47630936  0.71766585  0.57347995  2.8706474
  0.24939916  0.13247053  0.9948524   0.22967832  0.42638892  0.37672085
  0.31678462 -0.31629044]
X_ 2 postcondition: >= 0.95
[-0.13733342 -0.49799     2.2351537  -2.5125728   0.00450705 -2.1309977
 -0.46888706 -1.4812342   0.41923183  0.91287714 -1.062675   -0.17999505
  0.50137454  0.51213133  1.4144572   2.0875864   1.5628864   0.23649411
  3.3634644   0.25648004  0.5027711   0.7575362   0.60534006  3.0301275
  0.26325482  0.13982996  1.050122    0.24243805  0.45007733  0.3976498
  0.3343838  -0.33386245]
X_ 2 postcondition: <= 0.95
[-0.13733342 -0.49799     2.2351537  -2.5125728   0.00450705 -2.1309977
 -0.46888706 -1.4812342   0.41923183  0.91287714 -1.062675   -0.17999505
  0.50137454  0.51213133  1.4144572   2.0875864   1.5628864   0.23649411
  3.3634644   0.25648004  0.5027711   0.7575362   0.60534006  3.0301275
  0.26325482  0.13982996  1.050122    0.24243805  0.45007733  0.3976498
  0.3343838  -0.33386245]
X_ 2 postcondition: > 0.95
[-0.13733342 -0.49799     2.2351537  -2.5125728   0.00450705 -2.1309977
 -0.46888706 -1.4812342   0.41923183  0.91287714 -1.062675   -0.17999505
  0.50137454  0.51213133  1.4144572   2.0875864   1.5628864   0.23649411
  3.3634644   0.25648004  0.5027711   0.7575362   0.60534006  3.0301275
  0.26325482  0.13982996  1.050122    0.24243805  0.45007733  0.3976498
  0.3343838  -0.33386245]
X_ 2 postcondition: < 0.95
[-0.13733342 -0.49799     2.2351537  -2.5125728   0.00450705 -2.1309977
 -0.46888706 -1.4812342   0.41923183  0.91287714 -1.062675   -0.17999505
  0.50137454  0.51213133  1.4144572   2.0875864   1.5628864   0.23649411
  3.3634644   0.25648004  0.5027711   0.7575362   0.60534006  3.0301275
  0.26325482  0.13982996  1.050122    0.24243805  0.45007733  0.3976498
  0.3343838  -0.33386245]
X_ 2 postcondition: == 0.95
[-0.13733342 -0.49799     2.2351537  -2.5125728   0.00450705 -2.1309977
 -0.46888706 -1.4812342   0.41923183  0.91287714 -1.062675   -0.17999505
  0.50137454  0.51213133  1.4144572   2.0875864   1.5628864   0.23649411
  3.3634644   0.25648004  0.5027711   0.7575362   0.60534006  3.0301275
  0.26325482  0.13982996  1.050122    0.24243805  0.45007733  0.3976498
  0.3343838  -0.33386245]
X_ 2 postcondition: != 0.95
[-0.13733342 -0.49799     2.2351537  -2.5125728   0.00450705 -2.1309977
 -0.46888706 -1.4812342   0.41923183  0.91287714 -1.062675   -0.17999505
  0.50137454  0.51213133  1.4144572   2.0875864   1.5628864   0.23649411
  3.3634644   0.25648004  0.5027711   0.7575362   0.60534006  3.0301275
  0.26325482  0.13982996  1.050122    0.24243805  0.45007733  0.3976498
  0.3343838  -0.33386245]
X_ 2 postcondition: >= 0.99
[-0.14311579 -0.5189579   2.3292654  -2.6183658   0.00469687 -2.2207239
 -0.4886299  -1.543602    0.43688375  0.95131403 -1.1074195  -0.18757388
  0.5224853   0.5336947   1.4740132   2.1754844   1.6286918   0.24645191
  3.5050843   0.26727927  0.5239405   0.7894324   0.6308279   3.157712
  0.27433908  0.14571747  1.0943378   0.25264585  0.46902797  0.41439295
  0.3484631  -0.3479196 ]
X_ 2 postcondition: <= 0.99
[-0.14311579 -0.5189579   2.3292654  -2.6183658   0.00469687 -2.2207239
 -0.4886299  -1.543602    0.43688375  0.95131403 -1.1074195  -0.18757388
  0.5224853   0.5336947   1.4740132   2.1754844   1.6286918   0.24645191
  3.5050843   0.26727927  0.5239405   0.7894324   0.6308279   3.157712
  0.27433908  0.14571747  1.0943378   0.25264585  0.46902797  0.41439295
  0.3484631  -0.3479196 ]
X_ 2 postcondition: > 0.99
[-0.14311579 -0.5189579   2.3292654  -2.6183658   0.00469687 -2.2207239
 -0.4886299  -1.543602    0.43688375  0.95131403 -1.1074195  -0.18757388
  0.5224853   0.5336947   1.4740132   2.1754844   1.6286918   0.24645191
  3.5050843   0.26727927  0.5239405   0.7894324   0.6308279   3.157712
  0.27433908  0.14571747  1.0943378   0.25264585  0.46902797  0.41439295
  0.3484631  -0.3479196 ]
X_ 2 postcondition: < 0.99
[-0.14311579 -0.5189579   2.3292654  -2.6183658   0.00469687 -2.2207239
 -0.4886299  -1.543602    0.43688375  0.95131403 -1.1074195  -0.18757388
  0.5224853   0.5336947   1.4740132   2.1754844   1.6286918   0.24645191
  3.5050843   0.26727927  0.5239405   0.7894324   0.6308279   3.157712
  0.27433908  0.14571747  1.0943378   0.25264585  0.46902797  0.41439295
  0.3484631  -0.3479196 ]
X_ 2 postcondition: == 0.99
[-0.14311579 -0.5189579   2.3292654  -2.6183658   0.00469687 -2.2207239
 -0.4886299  -1.543602    0.43688375  0.95131403 -1.1074195  -0.18757388
  0.5224853   0.5336947   1.4740132   2.1754844   1.6286918   0.24645191
  3.5050843   0.26727927  0.5239405   0.7894324   0.6308279   3.157712
  0.27433908  0.14571747  1.0943378   0.25264585  0.46902797  0.41439295
  0.3484631  -0.3479196 ]
X_ 2 postcondition: != 0.99
[-0.14311579 -0.5189579   2.3292654  -2.6183658   0.00469687 -2.2207239
 -0.4886299  -1.543602    0.43688375  0.95131403 -1.1074195  -0.18757388
  0.5224853   0.5336947   1.4740132   2.1754844   1.6286918   0.24645191
  3.5050843   0.26727927  0.5239405   0.7894324   0.6308279   3.157712
  0.27433908  0.14571747  1.0943378   0.25264585  0.46902797  0.41439295
  0.3484631  -0.3479196 ]
X_ 3 postcondition: >= 0.75
[27.722115    0.05781391 -2.1456478  -0.39395186  1.1850511   0.8439706
  0.92694694 -2.1746716   1.3131626  -0.11587775 -2.5409336  -0.8819348
  1.3604035   0.75754064 -0.05002623  1.880223  ]
X_ 3 postcondition: <= 0.75
[27.722115    0.05781391 -2.1456478  -0.39395186  1.1850511   0.8439706
  0.92694694 -2.1746716   1.3131626  -0.11587775 -2.5409336  -0.8819348
  1.3604035   0.75754064 -0.05002623  1.880223  ]
X_ 3 postcondition: > 0.75
[27.722115    0.05781391 -2.1456478  -0.39395186  1.1850511   0.8439706
  0.92694694 -2.1746716   1.3131626  -0.11587775 -2.5409336  -0.8819348
  1.3604035   0.75754064 -0.05002623  1.880223  ]
X_ 3 postcondition: < 0.75
[27.722115    0.05781391 -2.1456478  -0.39395186  1.1850511   0.8439706
  0.92694694 -2.1746716   1.3131626  -0.11587775 -2.5409336  -0.8819348
  1.3604035   0.75754064 -0.05002623  1.880223  ]
X_ 3 postcondition: == 0.75
[27.722115    0.05781391 -2.1456478  -0.39395186  1.1850511   0.8439706
  0.92694694 -2.1746716   1.3131626  -0.11587775 -2.5409336  -0.8819348
  1.3604035   0.75754064 -0.05002623  1.880223  ]
X_ 3 postcondition: != 0.75
[27.722115    0.05781391 -2.1456478  -0.39395186  1.1850511   0.8439706
  0.92694694 -2.1746716   1.3131626  -0.11587775 -2.5409336  -0.8819348
  1.3604035   0.75754064 -0.05002623  1.880223  ]
X_ 3 postcondition: >= 0.9
[33.266537    0.06937668 -2.5747774  -0.47274223  1.4220613   1.0127647
  1.1123363  -2.609606    1.575795   -0.1390533  -3.0491202  -1.0583217
  1.6324841   0.9090488  -0.06003147  2.2562675 ]
X_ 3 postcondition: <= 0.9
[33.266537    0.06937668 -2.5747774  -0.47274223  1.4220613   1.0127647
  1.1123363  -2.609606    1.575795   -0.1390533  -3.0491202  -1.0583217
  1.6324841   0.9090488  -0.06003147  2.2562675 ]
X_ 3 postcondition: > 0.9
[33.266537    0.06937668 -2.5747774  -0.47274223  1.4220613   1.0127647
  1.1123363  -2.609606    1.575795   -0.1390533  -3.0491202  -1.0583217
  1.6324841   0.9090488  -0.06003147  2.2562675 ]
X_ 3 postcondition: < 0.9
[33.266537    0.06937668 -2.5747774  -0.47274223  1.4220613   1.0127647
  1.1123363  -2.609606    1.575795   -0.1390533  -3.0491202  -1.0583217
  1.6324841   0.9090488  -0.06003147  2.2562675 ]
X_ 3 postcondition: == 0.9
[33.266537    0.06937668 -2.5747774  -0.47274223  1.4220613   1.0127647
  1.1123363  -2.609606    1.575795   -0.1390533  -3.0491202  -1.0583217
  1.6324841   0.9090488  -0.06003147  2.2562675 ]
X_ 3 postcondition: != 0.9
[33.266537    0.06937668 -2.5747774  -0.47274223  1.4220613   1.0127647
  1.1123363  -2.609606    1.575795   -0.1390533  -3.0491202  -1.0583217
  1.6324841   0.9090488  -0.06003147  2.2562675 ]
X_ 3 postcondition: >= 0.95
[35.11468     0.07323094 -2.7178204  -0.4990057   1.5010647   1.0690295
  1.1741328  -2.7545838   1.6633394  -0.1467785  -3.2185159  -1.1171174
  1.7231778   0.9595516  -0.06336655  2.3816159 ]
X_ 3 postcondition: <= 0.95
[35.11468     0.07323094 -2.7178204  -0.4990057   1.5010647   1.0690295
  1.1741328  -2.7545838   1.6633394  -0.1467785  -3.2185159  -1.1171174
  1.7231778   0.9595516  -0.06336655  2.3816159 ]
X_ 3 postcondition: > 0.95
[35.11468     0.07323094 -2.7178204  -0.4990057   1.5010647   1.0690295
  1.1741328  -2.7545838   1.6633394  -0.1467785  -3.2185159  -1.1171174
  1.7231778   0.9595516  -0.06336655  2.3816159 ]
X_ 3 postcondition: < 0.95
[35.11468     0.07323094 -2.7178204  -0.4990057   1.5010647   1.0690295
  1.1741328  -2.7545838   1.6633394  -0.1467785  -3.2185159  -1.1171174
  1.7231778   0.9595516  -0.06336655  2.3816159 ]
X_ 3 postcondition: == 0.95
[35.11468     0.07323094 -2.7178204  -0.4990057   1.5010647   1.0690295
  1.1741328  -2.7545838   1.6633394  -0.1467785  -3.2185159  -1.1171174
  1.7231778   0.9595516  -0.06336655  2.3816159 ]
X_ 3 postcondition: != 0.95
[35.11468     0.07323094 -2.7178204  -0.4990057   1.5010647   1.0690295
  1.1741328  -2.7545838   1.6633394  -0.1467785  -3.2185159  -1.1171174
  1.7231778   0.9595516  -0.06336655  2.3816159 ]
X_ 3 postcondition: >= 0.99
[36.593193    0.07631435 -2.832255   -0.5200165   1.5642674   1.1140412
  1.22357    -2.8705664   1.7333747  -0.15295863 -3.3540323  -1.1641539
  1.7957326   0.9999537  -0.06603462  2.4818945 ]
X_ 3 postcondition: <= 0.99
[36.593193    0.07631435 -2.832255   -0.5200165   1.5642674   1.1140412
  1.22357    -2.8705664   1.7333747  -0.15295863 -3.3540323  -1.1641539
  1.7957326   0.9999537  -0.06603462  2.4818945 ]
X_ 3 postcondition: > 0.99
[36.593193    0.07631435 -2.832255   -0.5200165   1.5642674   1.1140412
  1.22357    -2.8705664   1.7333747  -0.15295863 -3.3540323  -1.1641539
  1.7957326   0.9999537  -0.06603462  2.4818945 ]
X_ 3 postcondition: < 0.99
[36.593193    0.07631435 -2.832255   -0.5200165   1.5642674   1.1140412
  1.22357    -2.8705664   1.7333747  -0.15295863 -3.3540323  -1.1641539
  1.7957326   0.9999537  -0.06603462  2.4818945 ]
X_ 3 postcondition: == 0.99
[36.593193    0.07631435 -2.832255   -0.5200165   1.5642674   1.1140412
  1.22357    -2.8705664   1.7333747  -0.15295863 -3.3540323  -1.1641539
  1.7957326   0.9999537  -0.06603462  2.4818945 ]
X_ 3 postcondition: != 0.99
[36.593193    0.07631435 -2.832255   -0.5200165   1.5642674   1.1140412
  1.22357    -2.8705664   1.7333747  -0.15295863 -3.3540323  -1.1641539
  1.7957326   0.9999537  -0.06603462  2.4818945 ]
Weakest precondition: [ 2.4276350e-01  1.6832257e-03  2.4598147e-01  6.2028944e-02
  4.4702396e-02 -2.6215097e-01  7.5906910e-02 -2.0565255e-01
 -7.7337936e-02  1.9240682e-01 -2.0360136e-01 -2.4640276e-01
 -3.3315784e-01 -2.1001986e-01 -1.7751488e-01  3.9286852e-02
 -1.5186068e-01 -3.6810863e-01 -3.4082273e-01 -9.3086876e-02
  1.8689880e-04 -4.2241493e-01  5.9426300e-02  2.7524468e-01
 -4.2611171e-02 -2.2914413e-01  1.7397648e-01  1.4071290e-01]
Features:  ['age' 'education' 'balance' 'day' 'month' 'duration' 'campaign' 'pdays'
 'previous' 'poutcome' 'job_blue' 'job_entrepreneur' 'job_housemaid'
 'job_management' 'job_retired' 'job_self' 'job_services' 'job_student'
 'job_technician' 'job_unemployed' 'job_unknown' 'marital_married'
 'marital_single' 'default_yes' 'housing_yes' 'loan_yes'
 'contact_telephone' 'contact_unknown']
Features length:  28
Weakest precondition size  28

Checking precondition violation:   0%|          | 0/28 [00:00<?, ?it/s]
Checking precondition violation:  71%|  | 20/28 [00:00<00:00, 194.69it/s]
Checking precondition violation: 100%|| 28/28 [00:00<00:00, 199.88it/s]
