Number of layers in the model: 4
Layer: dense
Layer: dense_1
Layer: dense_2
Layer: dense_3
Number of selected layers in the model: 4
#weights: 4 | #biases: 4 | #N: 4 | #Gamma: 4
W_ 1 : [[ 0.13692962 -0.00131342 -0.0278603  ...  0.14021079  0.22594512
   0.1834744 ]
 [ 0.0314969   0.34278485 -0.14397147 ...  0.23057216  0.03863257
  -0.12136216]
 [ 0.10196982  0.11212711  0.30583218 ... -0.15499589  0.04068624
  -0.2247101 ]
 ...
 [ 0.02983237 -0.15263863 -0.050361   ... -0.2613581   0.18466298
   0.19083019]
 [-0.14974718 -0.14585575  0.12974331 ... -0.13105518  0.17985223
   0.32730335]
 [-0.04397066  0.12829031  0.18517776 ... -0.03046074 -0.17208566
  -0.02868562]]
W_ 2 : [[-0.22389019  0.00785336  0.30939218 ...  0.10197698  0.23191494
  -0.16872062]
 [-0.1303697  -0.06896569 -0.10380913 ... -0.06454407 -0.00696106
  -0.01479741]
 [ 0.2797228   0.13346645  0.02121772 ... -0.20357595 -0.1163696
   0.01471185]
 ...
 [-0.2919045   0.23668303  0.13128474 ...  0.11626555  0.00620236
  -0.2771937 ]
 [ 0.13693576 -0.02715025  0.12472027 ... -0.08158267 -0.13097398
  -0.13356975]
 [ 0.12978168 -0.3673278  -0.3105726  ...  0.27256346  0.21623015
  -0.16555943]]
W_ 3 : [[ 3.51463825e-01  2.83313870e-01 -3.62342507e-01 -3.87822390e-01
   2.39951164e-01 -4.58482392e-02 -2.60108471e-01  3.20169181e-01
  -1.50408238e-01 -2.38504633e-01  1.11513406e-01 -3.43810134e-02
  -2.19798699e-01 -2.53369391e-01 -2.23957866e-01 -2.89525688e-01
   3.21671188e-01 -2.20501497e-01  1.18457332e-01  1.33483008e-01
   2.27768496e-01 -3.94935519e-01]
 [-3.89142305e-01 -1.77924186e-01 -1.69782098e-02 -2.43817851e-01
   4.50331897e-01 -1.16443224e-01  2.16111481e-01  2.70272344e-01
   1.85709849e-01  1.58835515e-01  3.09199274e-01 -2.24145591e-01
   2.60499865e-01 -6.91335425e-02 -6.14784770e-02 -1.58506751e-01
  -4.02534872e-01  1.08187936e-01  4.30652201e-01  1.24420792e-01
   1.31447405e-01 -1.36000410e-01]
 [-1.47243187e-01 -1.51029369e-02  2.77353376e-01  1.74560338e-01
  -9.61650833e-02 -2.08503202e-01 -4.05404806e-01  8.80714282e-02
   4.38610464e-02 -1.21139236e-01 -1.38180077e-01  2.46373609e-01
  -2.69025475e-01 -8.72410163e-02  2.95116067e-01 -2.10941672e-01
  -1.36835515e-01 -2.62376845e-01  3.67729336e-01  4.35951144e-01
  -1.00000137e-02 -2.91853212e-02]
 [ 1.16482407e-01 -3.30028504e-01  3.71992916e-01  5.62265962e-02
   3.44246835e-01  2.27049753e-01 -6.49701506e-02 -9.33150854e-03
  -1.23873480e-01  2.34650970e-01 -3.25831860e-01  2.74211347e-01
   1.10204980e-01 -1.55487329e-01 -3.34036537e-02 -8.72230604e-02
  -8.60263631e-02  6.20826297e-02 -4.47645009e-01  5.70937842e-02
  -4.38655943e-01  1.46458283e-01]
 [ 5.90644538e-01 -1.19856242e-02 -2.70046473e-01 -4.08930294e-02
   1.08266324e-01 -2.19423532e-01 -2.03388005e-01  1.64826751e-01
  -3.75780277e-04 -9.70730260e-02 -2.35174093e-02 -3.36261913e-02
  -9.24304351e-02 -4.18809354e-01 -1.71304509e-01 -9.49243009e-02
  -4.05964535e-03 -8.40647519e-02 -3.14675361e-01  7.61042610e-02
   3.81835222e-01 -1.90015107e-01]
 [-1.32920623e-01 -2.59634852e-01  5.58572710e-02  6.02048598e-02
  -2.62979358e-01  5.89522235e-02  2.42351890e-01 -1.32064268e-01
  -1.59253106e-01  3.27493370e-01  3.06044787e-01 -1.95719972e-01
  -2.10336372e-01 -2.23379284e-01  2.39796247e-02  2.06262209e-02
   4.27398644e-02  1.52370661e-01 -2.59158731e-01 -7.92949274e-02
   1.06755622e-01  4.21753377e-01]
 [ 2.16659188e-01  4.96696889e-01 -3.01496625e-01 -1.64586470e-01
   1.45418212e-01  1.99534893e-01 -1.88510060e-01 -9.18202922e-02
   2.63536423e-01  2.27786064e-01 -9.42212343e-02  4.66910489e-02
   3.17439586e-01  3.39406073e-01  1.09239645e-01  4.27161977e-02
  -2.49888092e-01  1.74707621e-02  2.80491598e-02 -4.12973911e-01
  -9.27832723e-02  2.01362833e-01]
 [-2.40259990e-02 -8.57240558e-02  3.60016257e-01  1.99170202e-01
  -1.60808340e-01 -1.98373497e-01  1.14064023e-01  3.10133487e-01
  -1.52846009e-01 -1.34491935e-01  2.31574163e-01  3.67112085e-02
   2.76239842e-01 -1.91689119e-01  1.99623868e-01  1.11135907e-01
   2.26545930e-01  1.74416870e-01  1.73758551e-01  1.18434288e-01
   1.56351522e-01 -1.65354628e-02]
 [-1.22363277e-01 -2.74680167e-01 -2.01402247e-01  2.33188555e-01
  -3.29688013e-01 -5.84932789e-02  1.88313559e-01  3.94817144e-02
  -6.28289208e-02  4.18411911e-01  1.21128112e-01 -3.66744883e-02
   3.47070485e-01  5.51177375e-02  1.30160019e-01 -2.24188328e-01
   4.65828300e-01 -4.24761176e-01 -1.47499695e-01  1.20043702e-01
   2.55598217e-01 -1.20403796e-01]
 [-3.60396594e-01  4.32426669e-02 -2.94637293e-01  3.29221785e-02
   1.71576262e-01  2.25826457e-01  2.50350982e-02 -7.60728419e-02
  -3.54907602e-01 -8.25158879e-02  2.03522503e-01 -1.41620621e-01
   1.53474048e-01 -6.75630793e-02 -1.79075211e-01  3.77083927e-01
   4.49750304e-01 -9.37366858e-02 -1.84955075e-01 -3.52219224e-01
  -8.77296850e-02  2.01622978e-01]
 [ 5.10314107e-02  4.51852232e-02  2.13176474e-01 -3.55352134e-01
  -1.91440627e-01  1.02377929e-01 -3.33954722e-01 -3.07781816e-01
  -4.27121311e-01 -3.52850497e-01 -2.13994667e-01 -5.56581318e-02
   5.70032746e-02 -3.46941590e-01  1.84832841e-01  1.62238538e-01
   1.09874882e-01  2.27499306e-01  2.75121450e-01  1.69245645e-01
   2.29773253e-01 -2.19207585e-01]
 [ 2.84684241e-01 -7.90723413e-02 -2.89970785e-01  2.59986252e-01
  -1.67646781e-01  9.50654149e-02 -8.78829882e-02  7.26632774e-02
  -2.29232222e-01  7.12602399e-03  5.27901836e-02  3.31481993e-02
   2.50268549e-01  3.94678026e-01  4.18145508e-01 -1.14139132e-02
  -1.67282119e-01  1.60807937e-01 -5.39376624e-02 -2.39549667e-01
  -6.38555214e-02  4.59085256e-01]
 [ 1.67211771e-01 -8.20770338e-02  4.20893967e-01 -1.85689956e-01
  -3.04452656e-03  3.48012596e-01  2.15134010e-01 -6.61377609e-02
  -7.17297494e-02  2.10646808e-01  5.96028492e-02 -1.44847259e-01
  -8.44119191e-02 -2.46755317e-01  2.24508435e-01  1.75172672e-01
   1.02983527e-01 -2.45762482e-01  6.13132045e-02  3.42281014e-02
   3.32781933e-02 -1.63528666e-01]
 [ 5.88272922e-02 -1.40134513e-01 -3.27091254e-02 -2.22247699e-03
  -2.02942669e-01 -3.60375464e-01  5.30960783e-02  1.17359750e-01
   3.45843852e-01 -3.21444392e-01 -3.87696475e-01 -3.62009890e-02
  -8.77123997e-02 -4.19416368e-01  1.42046690e-01 -2.60132700e-01
  -1.82199124e-02  2.50260562e-01  1.44015923e-01 -6.05266765e-02
   1.30489528e-01 -1.28619000e-01]
 [-1.75912119e-02 -2.97985137e-01  1.75550193e-01  3.50504965e-01
   3.27196687e-01  2.64181402e-02  2.39528157e-02  2.65491426e-01
   3.67018491e-01 -2.70134956e-01 -4.79109958e-03 -2.05024958e-01
  -1.57445624e-01 -3.99036318e-01  4.95516211e-02 -4.20977436e-02
   1.19900078e-01  9.59805120e-03  6.33112714e-02 -3.92890982e-02
   2.74582237e-01 -1.28344059e-01]
 [ 7.08838522e-01  2.09540069e-01  1.14692234e-01  7.90180713e-02
   2.27642991e-02 -1.55147493e-01 -1.58969373e-01 -1.06461607e-01
  -1.94194794e-01 -1.62534624e-01  4.72063618e-03 -1.17956111e-02
  -1.72967628e-01 -7.22222030e-02 -3.53579044e-01 -1.61186978e-01
   4.98682022e-01 -4.58676964e-02  6.91530555e-02 -1.82530861e-02
   2.48847544e-01  3.24713260e-01]
 [-4.31877434e-01 -3.98874730e-01 -3.07896614e-01  1.65282428e-01
   2.73412019e-01  7.04585463e-02  1.83397636e-01 -6.82135746e-02
   1.01488315e-01  3.40430260e-01  2.77063370e-01 -5.17008714e-02
   4.99323308e-02 -1.91755872e-02  2.72951335e-01 -9.86835137e-02
   6.18039779e-02 -1.08812585e-01 -9.61559713e-02 -3.36292297e-01
   2.97443032e-01 -2.60157168e-01]
 [ 1.47210464e-01  3.98329705e-01  1.98495224e-01 -1.23327143e-01
   3.73033024e-02  2.12847516e-01  1.25963733e-01 -4.57447134e-02
  -1.24640800e-01  3.94778907e-01 -1.11833349e-01  1.97041392e-01
   2.32455373e-01  2.37511992e-01  6.44613281e-02 -3.36031258e-01
  -4.27919716e-01  7.14398697e-02  1.24357902e-01 -7.21027032e-02
   2.65939653e-01 -2.81351566e-01]
 [-2.55490571e-01  1.56437427e-01 -1.88565820e-01  1.93710148e-01
   3.75849664e-01 -6.98114687e-04 -1.54701978e-01  1.04714386e-01
   1.48538202e-01 -3.52156550e-01  1.70044795e-01 -1.81457326e-01
  -2.34849192e-03  7.74434283e-02 -1.92140132e-01  1.32561654e-01
   3.90853100e-02  2.55350113e-01 -2.61403590e-01 -1.64425969e-01
  -3.67187858e-02 -3.67599577e-02]
 [ 3.08808357e-01 -6.02086782e-02  1.36805162e-01  2.07987696e-01
  -1.85425997e-01 -1.98798120e-01 -4.77731898e-02 -3.59525770e-01
   3.54637764e-02  1.89421847e-01  1.80092573e-01  1.48437217e-01
   1.51578799e-01 -3.65596950e-01  1.26361400e-01  1.97430998e-01
   3.81610364e-01  4.28078230e-03 -2.21124500e-01  4.22632724e-01
  -1.74251214e-01 -2.08298373e-03]
 [-6.95303977e-02 -2.97195196e-01  9.61611643e-02  2.73948491e-01
   9.05457959e-02  2.84268171e-01  2.00407252e-01 -2.01549217e-01
   6.80699870e-02  1.98124602e-01 -1.56237766e-01 -3.21441948e-01
  -7.11877197e-02 -3.73991877e-01 -3.53576541e-01 -3.00731003e-01
   5.69663793e-02 -1.28384382e-01 -3.24470177e-02  6.15802482e-02
   2.42459342e-01 -1.05149753e-01]
 [ 4.48961258e-02 -3.53979707e-01 -1.24109566e-01 -3.68291110e-01
   3.42857046e-03 -1.34823322e-01  4.19701993e-01  1.52433380e-01
   1.15407191e-01 -1.64479148e-02 -1.01714268e-01 -1.66215986e-01
   2.63591796e-01  1.08014524e-01  2.31132120e-01  2.27428108e-01
  -1.02367133e-01  3.92805859e-02  1.26254499e-01  6.60530478e-02
  -2.51779854e-01 -1.62552491e-01]]
W_ 4 : [[-0.8375529 ]
 [-0.6110835 ]
 [ 0.26134974]
 [-0.10048574]
 [-0.3503729 ]
 [ 0.01661306]
 [ 0.16953704]
 [-0.08038633]
 [-0.2601248 ]
 [ 0.24614266]
 [-0.0139051 ]
 [-0.19338271]
 [-0.05814563]
 [ 0.4319257 ]
 [-0.01908519]
 [ 0.14872777]
 [-0.35932666]
 [ 0.20599954]
 [-0.06291884]
 [-0.00579862]
 [-0.54354995]
 [ 0.45575088]]
B_ 1 : [-0.02545186 -0.07280691 -0.00540474 -0.05596411 -0.01647773  0.05528384
  0.04890326 -0.04215865 -0.09210089 -0.00646248  0.00094746 -0.01073965
  0.04790959 -0.00817963  0.02498027  0.04952537  0.02481352  0.04296548
 -0.08160542 -0.0668205  -0.02368112 -0.04711737 -0.02858436 -0.00133996
  0.01542929  0.06818891  0.09274193  0.04547461  0.02982784  0.01427062
 -0.05622147 -0.03930061  0.0302079   0.01879943 -0.04114076  0.01186623
  0.08658321 -0.07704949 -0.00527225 -0.0304098   0.12276494 -0.01669204
 -0.0025065   0.00141837  0.06380698  0.023171    0.07646968 -0.03333138
  0.02999735 -0.00334849]
B_ 2 : [ 0.20781453 -0.05370402 -0.0421516  -0.01424705  0.2236023  -0.03787509
  0.09722129 -0.01800714  0.01721862 -0.08112862 -0.09806155  0.03128592
 -0.03668413 -0.02253787 -0.0472938   0.12498382  0.00481744  0.03507693
  0.00122392 -0.00875785 -0.03671455 -0.01060141]
B_ 3 : [ 3.4242961e-01  8.3619222e-02 -1.7940468e-01  5.5132732e-03
  1.4620970e-01 -2.5318069e-02 -8.3974414e-03 -1.0457979e-02
  2.3278451e-02 -8.4096696e-03 -4.0729461e-05  9.2584025e-03
  6.9145914e-03  0.0000000e+00  4.2871124e-04 -1.7270274e-02
  2.8979924e-02 -6.8321452e-02  2.7384271e-03 -6.7541964e-02
  1.2851623e-01 -7.3130749e-02]
B_ 4 : [-0.6883526]
Activation function of layer_a 1 : tanh
Activation function of layer_a 2 : relu
Activation function of layer_a 3 : relu
Activation function of layer_a 4 : sigmoid
Gamma_ 1 : [[ 0.16811271  0.00249371  0.18163785 ...  0.14302067 -0.02523153
  -0.16776031]
 [ 0.21390918  0.30233264  0.20445177 ... -0.13867545 -0.08010796
   0.03354658]
 [-0.12548585 -0.28184226  0.35964453 ...  0.12802178  0.0770219
   0.16844977]
 ...
 [ 0.1318391   0.2512286  -0.09728934 ... -0.1430553  -0.05270583
   0.06871416]
 [ 0.24663518  0.15247491  0.0503131  ...  0.23325768  0.10004046
  -0.00837299]
 [ 0.24931371  0.04894706 -0.18148157 ...  0.13069013  0.2179476
   0.03980592]]
Gamma_ 2 : [[ 0.74385667 -2.4313622  -0.88232654 ... -0.6872153  -0.01454709
  -2.2325015 ]
 [-3.8020298   2.0682802  -0.5149255  ...  1.735479    1.4775767
  -3.3291726 ]
 [ 0.31369573  3.0067546  -1.2800697  ...  0.5339216   1.9951115
   4.042913  ]
 ...
 [ 1.3162184   0.28075027  1.717001   ...  0.9829087   1.8790915
   1.8834825 ]
 [-1.9475579  -0.6952572  -1.1912127  ... -0.03389812  0.06253541
   0.13025594]
 [-1.1708757  -1.4247516  -0.08868152 ... -1.0423956  -0.5265574
  -0.2926951 ]]
Gamma_ 3 : [[ 0.22692466 -0.28902927 -0.32040858 -0.06165562  0.32324812 -0.49269724
   0.2584237   0.7423103  -0.66177243 -0.7392932  -0.24322851  0.4260574
   0.36035806 -0.2551566  -0.628158    0.2689693   0.43249926 -0.5580814
  -0.20776112  0.09127584  0.6928856   0.12935567]
 [ 0.19473864 -0.3466037   1.295622   -0.41604125 -0.05339063  0.8803879
   0.26786935 -0.3928836   0.04660764  1.3503941  -0.4640941  -0.24843921
   0.13367283  0.5181079   0.2842465   0.1557638  -0.7945527   1.8528801
   1.1642054   0.573699   -0.12889339  0.9121154 ]
 [-0.9293857   0.6571631  -0.26053724  0.4260923   0.19050378 -0.80261743
  -0.26283735  0.5236889   0.4088955  -0.83589643 -0.03715422 -0.15186897
   1.9753568   0.6597927  -1.5221708   0.65577734  0.18504658 -0.83970666
   1.0456142  -0.7087245  -0.27580166 -1.1528047 ]
 [ 0.346072   -1.7303269   1.6591623  -0.36199817  0.2472353   0.2813202
   1.0230381   2.3876865  -1.4529142   0.0586439  -0.7041693  -0.12323599
  -0.98883194 -0.82234645 -0.91060793 -0.0326134   1.041487    0.23062988
   0.63496304  0.1141472   2.5461557   1.6397562 ]
 [-0.03783926  0.13913035  1.1833779   0.3143593  -0.0658904   0.6494942
  -0.13977791 -1.0883362  -0.07691316  1.202642    0.02788847 -0.19838282
  -0.56983626 -0.28343907  1.3340784   0.909579    0.05403365  1.6382608
   0.6981433   0.51446944 -0.54045856  1.5210749 ]
 [ 0.6201647   0.7286057  -2.3382013  -0.01639868 -1.1706688  -0.36859718
  -0.9914548  -2.1612036   0.80223227  0.09278833  0.6282936   0.98357016
  -0.36879918 -0.4756351   3.2494738  -1.3889213  -1.6315994   0.30674142
  -2.0773752   0.60587704 -1.4428988  -1.9731243 ]
 [-0.6730897   1.4609904  -1.1842495  -0.5458045  -0.5031222  -0.34874442
  -2.779822   -3.6261857   0.9161072   2.231755   -0.60499215  1.0227486
   0.5635511   1.3988773   2.6568372   0.03185705 -1.8794452   2.5133812
  -0.9617132   1.2616353  -2.5448306  -0.6662864 ]
 [ 1.4131622  -2.0639734   1.3480155   0.3336704   0.11939071  1.7252725
   2.0794842   3.0705369  -0.7720208  -0.53472716 -0.2520156  -1.1901177
  -1.9273375  -1.6345541   0.2598708  -0.5545876   0.36394644 -0.08651073
  -0.05696345 -1.0208601   1.5976158   2.3187163 ]
 [-0.3362081   1.0346848  -1.830723   -0.11388765 -0.6033035  -0.5311237
  -0.24523976 -1.7938358   1.0972006  -0.64459956  0.21905357 -0.01846538
   0.12151554  0.30742106  2.0731294  -0.5056047  -0.98929584 -0.51616055
  -1.0651996   0.47348344 -1.748151   -1.7466352 ]
 [ 1.7846532  -4.0493803   3.5422723   0.3498787   0.1915492   3.2916343
   4.610809    5.535981   -2.3054562  -1.3126136  -0.08302204 -2.7778275
  -3.3870072  -3.017346   -1.7046711   0.28175062  2.663039   -0.11128633
   0.7596664  -0.8757323   4.449937    5.137512  ]
 [-0.48654595  2.6570444  -2.6737783  -0.28899735 -0.09985387 -2.185787
  -2.0795074  -1.4182049   0.57679856 -0.7365995  -0.39921173  1.6993756
   2.7689342   1.3092375  -1.010095   -0.4212469  -0.30744413 -1.6261264
  -0.45111614  0.5432959  -1.7523104  -4.1408033 ]
 [-0.40565914  1.6438032  -2.9572082   0.08753109 -0.64447194 -1.368136
  -2.4401634  -3.2453134   0.79909116  1.1070058   0.15148166  0.67981976
  -0.88106143  0.4039002   3.7010527  -0.96368873 -1.3839045   0.890739
  -3.734817    1.1491494  -3.6993318  -3.1564927 ]
 [-1.1032729   2.272325   -1.7479724   0.21285151  0.27129695 -1.9485741
  -1.111367   -1.3944639   1.5104613   0.4060592   0.23558095  1.1250334
   1.5715134   1.3443784  -0.14216779 -0.19985786 -1.1340526  -0.4658165
  -0.23976836  0.34768292 -1.3607442  -2.4586484 ]
 [-0.04472526 -0.79250544  0.21252888 -0.01317837 -0.4309926   0.3215903
   0.294081    0.22181821  0.33161613 -1.0657575   0.34258243 -0.42694023
  -0.7738943  -1.2038107   0.16720976  0.60331804  0.3967902   0.03667546
   0.6820575  -0.62600476  0.01908105  1.1134331 ]
 [-0.01805332  0.16219139  1.0084243  -0.01008885 -0.26774758  0.6865025
  -0.4092734  -1.4024416   0.6275801   0.82354796  0.12684904  0.69894457
   0.8366117   0.82544625  0.851618    0.26102346 -0.24532902  1.3686225
   1.0568098   0.5945446  -1.165263    0.6926123 ]
 [ 0.22005829 -2.4611816   1.5108299  -0.40409362  0.65924287  1.5604969
   2.124096    2.4057667  -1.479674    0.14975373  0.30281612 -1.8172269
  -2.608781   -2.5765696   0.9776452  -0.29203168  0.771069    0.2632327
  -0.70223683 -0.27668807  1.4793953   3.1185956 ]
 [ 1.089229   -1.4333075   0.5830049   0.3009578  -1.0934101   1.2934564
   1.2014921   0.92741936  0.16077836 -0.2255627   0.41416377 -1.0719172
  -1.5621006  -0.88957894  1.0039235   0.5271869   0.46328452  0.31001142
   0.179817    0.06275094  0.38568732  1.7294759 ]
 [ 1.6303201  -2.4444728   0.8443179   0.25915197 -0.92847687  2.385483
   2.1388443   2.7303321  -1.4906596  -1.2049564   0.68668455 -1.2918998
  -3.2930133  -1.8944932   0.6682255  -0.16057427  1.1185979   0.49123362
   0.19755161  0.02127052  1.9197203   2.8835862 ]
 [ 0.944501   -1.1802583   0.9422477  -0.3853778  -0.53732514  0.24889761
   1.6158742   2.4928896  -1.7408247  -0.40780222 -0.07422738 -0.556687
  -1.5294087  -1.1566329  -0.53651816  0.0802027   1.2344129  -0.6295931
  -1.0962218  -0.17230639  2.2255797   1.4719603 ]
 [ 0.40204495  0.15013051  0.34269053 -0.19424546 -0.6158462   1.4423416
  -0.74820626 -2.354844    1.0640732   0.8626787   0.6661515  -0.06383029
  -1.9314878  -1.1313499   3.58608    -0.3870908  -1.9511755   2.1406476
  -0.44962075  1.240888   -1.3261158   1.2340105 ]
 [-0.77512634  0.50227684 -0.67502874 -0.35462847  0.23411244  0.80272657
  -0.7751255  -2.2903123   1.3848344   0.7901459   1.0217347  -0.36328834
  -1.337088   -0.6863682   3.6036277   0.12332516 -1.1606632   1.7123258
  -1.1792426   0.10418522 -2.272978   -0.18423398]
 [-0.79471517  1.7532766  -0.6526208   0.08358366 -0.31460187  0.5269318
  -1.186392   -3.2298946   1.4695898   1.5654647   0.25641644  0.7271877
  -0.06055894  0.6759266   2.8085794   0.285753   -2.075626    1.1049125
  -1.04868     0.557385   -2.6349554  -1.1170849 ]]
Gamma_ 4 : [[   0.4419824     0.54300994    2.3518097    -5.8921905    -3.3872766
    55.67415       4.4709053    -0.750159    -17.647305      2.1397367
   160.4425       -0.73068786  -39.693302      1.049887   -122.21796
    23.653746      6.050709     -1.0621731   -57.01064     170.65125
    -3.7380538     3.8397775 ]]
X_ 1 postcondition: >= 0.75
[ 0.02880148  0.02531377  0.0639331   0.03377648 -0.09573247  0.01990577
  0.03578106 -0.04463337 -0.08511397 -0.03746572  0.01327606 -0.00783645
 -0.03134711 -0.02366    -0.0152869   0.06566603 -0.00596681  0.07926054
 -0.04077971 -0.01779177 -0.02129561 -0.03038074]
X_ 1 postcondition: <= 0.75
[ 0.02880148  0.02531377  0.0639331   0.03377648 -0.09573247  0.01990577
  0.03578106 -0.04463337 -0.08511397 -0.03746572  0.01327606 -0.00783645
 -0.03134711 -0.02366    -0.0152869   0.06566603 -0.00596681  0.07926054
 -0.04077971 -0.01779177 -0.02129561 -0.03038074]
X_ 1 postcondition: > 0.75
[ 0.02880148  0.02531377  0.0639331   0.03377648 -0.09573247  0.01990577
  0.03578106 -0.04463337 -0.08511397 -0.03746572  0.01327606 -0.00783645
 -0.03134711 -0.02366    -0.0152869   0.06566603 -0.00596681  0.07926054
 -0.04077971 -0.01779177 -0.02129561 -0.03038074]
X_ 1 postcondition: < 0.75
[ 0.02880148  0.02531377  0.0639331   0.03377648 -0.09573247  0.01990577
  0.03578106 -0.04463337 -0.08511397 -0.03746572  0.01327606 -0.00783645
 -0.03134711 -0.02366    -0.0152869   0.06566603 -0.00596681  0.07926054
 -0.04077971 -0.01779177 -0.02129561 -0.03038074]
X_ 1 postcondition: == 0.75
[ 0.02880148  0.02531377  0.0639331   0.03377648 -0.09573247  0.01990577
  0.03578106 -0.04463337 -0.08511397 -0.03746572  0.01327606 -0.00783645
 -0.03134711 -0.02366    -0.0152869   0.06566603 -0.00596681  0.07926054
 -0.04077971 -0.01779177 -0.02129561 -0.03038074]
X_ 1 postcondition: != 0.75
[ 0.02880148  0.02531377  0.0639331   0.03377648 -0.09573247  0.01990577
  0.03578106 -0.04463337 -0.08511397 -0.03746572  0.01327606 -0.00783645
 -0.03134711 -0.02366    -0.0152869   0.06566603 -0.00596681  0.07926054
 -0.04077971 -0.01779177 -0.02129561 -0.03038074]
X_ 1 postcondition: >= 0.9
[ 0.03456178  0.03037651  0.07671972  0.04053178 -0.11487896  0.02388692
  0.04293727 -0.05356006 -0.10213675 -0.04495886  0.01593127 -0.00940374
 -0.03761655 -0.028392   -0.01834428  0.07879923 -0.00716018  0.09511264
 -0.04893566 -0.02135013 -0.02555474 -0.03645688]
X_ 1 postcondition: <= 0.9
[ 0.03456178  0.03037651  0.07671972  0.04053178 -0.11487896  0.02388692
  0.04293727 -0.05356006 -0.10213675 -0.04495886  0.01593127 -0.00940374
 -0.03761655 -0.028392   -0.01834428  0.07879923 -0.00716018  0.09511264
 -0.04893566 -0.02135013 -0.02555474 -0.03645688]
X_ 1 postcondition: > 0.9
[ 0.03456178  0.03037651  0.07671972  0.04053178 -0.11487896  0.02388692
  0.04293727 -0.05356006 -0.10213675 -0.04495886  0.01593127 -0.00940374
 -0.03761655 -0.028392   -0.01834428  0.07879923 -0.00716018  0.09511264
 -0.04893566 -0.02135013 -0.02555474 -0.03645688]
X_ 1 postcondition: < 0.9
[ 0.03456178  0.03037651  0.07671972  0.04053178 -0.11487896  0.02388692
  0.04293727 -0.05356006 -0.10213675 -0.04495886  0.01593127 -0.00940374
 -0.03761655 -0.028392   -0.01834428  0.07879923 -0.00716018  0.09511264
 -0.04893566 -0.02135013 -0.02555474 -0.03645688]
X_ 1 postcondition: == 0.9
[ 0.03456178  0.03037651  0.07671972  0.04053178 -0.11487896  0.02388692
  0.04293727 -0.05356006 -0.10213675 -0.04495886  0.01593127 -0.00940374
 -0.03761655 -0.028392   -0.01834428  0.07879923 -0.00716018  0.09511264
 -0.04893566 -0.02135013 -0.02555474 -0.03645688]
X_ 1 postcondition: != 0.9
[ 0.03456178  0.03037651  0.07671972  0.04053178 -0.11487896  0.02388692
  0.04293727 -0.05356006 -0.10213675 -0.04495886  0.01593127 -0.00940374
 -0.03761655 -0.028392   -0.01834428  0.07879923 -0.00716018  0.09511264
 -0.04893566 -0.02135013 -0.02555474 -0.03645688]
X_ 1 postcondition: >= 0.95
[ 0.03648188  0.03206409  0.08098193  0.04278355 -0.12126112  0.02521396
  0.04532268 -0.05653561 -0.10781101 -0.04745658  0.01681635 -0.00992617
 -0.03970635 -0.02996933 -0.0193634   0.08317698 -0.00755796  0.10039667
 -0.05165431 -0.02253625 -0.02697445 -0.03848227]
X_ 1 postcondition: <= 0.95
[ 0.03648188  0.03206409  0.08098193  0.04278355 -0.12126112  0.02521396
  0.04532268 -0.05653561 -0.10781101 -0.04745658  0.01681635 -0.00992617
 -0.03970635 -0.02996933 -0.0193634   0.08317698 -0.00755796  0.10039667
 -0.05165431 -0.02253625 -0.02697445 -0.03848227]
X_ 1 postcondition: > 0.95
[ 0.03648188  0.03206409  0.08098193  0.04278355 -0.12126112  0.02521396
  0.04532268 -0.05653561 -0.10781101 -0.04745658  0.01681635 -0.00992617
 -0.03970635 -0.02996933 -0.0193634   0.08317698 -0.00755796  0.10039667
 -0.05165431 -0.02253625 -0.02697445 -0.03848227]
X_ 1 postcondition: < 0.95
[ 0.03648188  0.03206409  0.08098193  0.04278355 -0.12126112  0.02521396
  0.04532268 -0.05653561 -0.10781101 -0.04745658  0.01681635 -0.00992617
 -0.03970635 -0.02996933 -0.0193634   0.08317698 -0.00755796  0.10039667
 -0.05165431 -0.02253625 -0.02697445 -0.03848227]
X_ 1 postcondition: == 0.95
[ 0.03648188  0.03206409  0.08098193  0.04278355 -0.12126112  0.02521396
  0.04532268 -0.05653561 -0.10781101 -0.04745658  0.01681635 -0.00992617
 -0.03970635 -0.02996933 -0.0193634   0.08317698 -0.00755796  0.10039667
 -0.05165431 -0.02253625 -0.02697445 -0.03848227]
X_ 1 postcondition: != 0.95
[ 0.03648188  0.03206409  0.08098193  0.04278355 -0.12126112  0.02521396
  0.04532268 -0.05653561 -0.10781101 -0.04745658  0.01681635 -0.00992617
 -0.03970635 -0.02996933 -0.0193634   0.08317698 -0.00755796  0.10039667
 -0.05165431 -0.02253625 -0.02697445 -0.03848227]
X_ 1 postcondition: >= 0.99
[ 0.03801795  0.03341416  0.08439169  0.04458496 -0.12636687  0.02627561
  0.047231   -0.05891607 -0.11235045 -0.04945475  0.0175244  -0.01034412
 -0.04137821 -0.03123121 -0.02017871  0.08667917 -0.0078762   0.1046239
 -0.05382923 -0.02348514 -0.02811022 -0.04010258]
X_ 1 postcondition: <= 0.99
[ 0.03801795  0.03341416  0.08439169  0.04458496 -0.12636687  0.02627561
  0.047231   -0.05891607 -0.11235045 -0.04945475  0.0175244  -0.01034412
 -0.04137821 -0.03123121 -0.02017871  0.08667917 -0.0078762   0.1046239
 -0.05382923 -0.02348514 -0.02811022 -0.04010258]
X_ 1 postcondition: > 0.99
[ 0.03801795  0.03341416  0.08439169  0.04458496 -0.12636687  0.02627561
  0.047231   -0.05891607 -0.11235045 -0.04945475  0.0175244  -0.01034412
 -0.04137821 -0.03123121 -0.02017871  0.08667917 -0.0078762   0.1046239
 -0.05382923 -0.02348514 -0.02811022 -0.04010258]
X_ 1 postcondition: < 0.99
[ 0.03801795  0.03341416  0.08439169  0.04458496 -0.12636687  0.02627561
  0.047231   -0.05891607 -0.11235045 -0.04945475  0.0175244  -0.01034412
 -0.04137821 -0.03123121 -0.02017871  0.08667917 -0.0078762   0.1046239
 -0.05382923 -0.02348514 -0.02811022 -0.04010258]
X_ 1 postcondition: == 0.99
[ 0.03801795  0.03341416  0.08439169  0.04458496 -0.12636687  0.02627561
  0.047231   -0.05891607 -0.11235045 -0.04945475  0.0175244  -0.01034412
 -0.04137821 -0.03123121 -0.02017871  0.08667917 -0.0078762   0.1046239
 -0.05382923 -0.02348514 -0.02811022 -0.04010258]
X_ 1 postcondition: != 0.99
[ 0.03801795  0.03341416  0.08439169  0.04458496 -0.12636687  0.02627561
  0.047231   -0.05891607 -0.11235045 -0.04945475  0.0175244  -0.01034412
 -0.04137821 -0.03123121 -0.02017871  0.08667917 -0.0078762   0.1046239
 -0.05382923 -0.02348514 -0.02811022 -0.04010258]
X_ 2 postcondition: >= 0.75
[-1.3476834   0.64712864  0.32643345  0.13287932 -0.06989188  0.05042335
 -0.30113113 -0.1948769  -1.0132906  -0.05548571 -0.236864   -0.4157215
 -0.29930255  0.11633997  0.07481617 -0.64165914 -0.19211291 -0.46051916
  0.70254755 -0.21215808  0.4745687   0.19544022  0.04695321 -0.0090899
 -0.10850875  0.09008244 -0.154863   -0.04192515  0.11321908  1.0516243
  0.01946645  0.14644337 -0.13030028 -0.2059484  -0.5235902  -0.8857483
 -0.13601601  0.18937045 -0.05658037  0.1293216   0.7880679   0.6654616
  0.08553519 -0.27075502 -0.05326416  0.5949822   0.07694659 -0.07643031
 -0.53486156 -0.399111  ]
X_ 2 postcondition: <= 0.75
[-1.3476834   0.64712864  0.32643345  0.13287932 -0.06989188  0.05042335
 -0.30113113 -0.1948769  -1.0132906  -0.05548571 -0.236864   -0.4157215
 -0.29930255  0.11633997  0.07481617 -0.64165914 -0.19211291 -0.46051916
  0.70254755 -0.21215808  0.4745687   0.19544022  0.04695321 -0.0090899
 -0.10850875  0.09008244 -0.154863   -0.04192515  0.11321908  1.0516243
  0.01946645  0.14644337 -0.13030028 -0.2059484  -0.5235902  -0.8857483
 -0.13601601  0.18937045 -0.05658037  0.1293216   0.7880679   0.6654616
  0.08553519 -0.27075502 -0.05326416  0.5949822   0.07694659 -0.07643031
 -0.53486156 -0.399111  ]
X_ 2 postcondition: > 0.75
[-1.3476834   0.64712864  0.32643345  0.13287932 -0.06989188  0.05042335
 -0.30113113 -0.1948769  -1.0132906  -0.05548571 -0.236864   -0.4157215
 -0.29930255  0.11633997  0.07481617 -0.64165914 -0.19211291 -0.46051916
  0.70254755 -0.21215808  0.4745687   0.19544022  0.04695321 -0.0090899
 -0.10850875  0.09008244 -0.154863   -0.04192515  0.11321908  1.0516243
  0.01946645  0.14644337 -0.13030028 -0.2059484  -0.5235902  -0.8857483
 -0.13601601  0.18937045 -0.05658037  0.1293216   0.7880679   0.6654616
  0.08553519 -0.27075502 -0.05326416  0.5949822   0.07694659 -0.07643031
 -0.53486156 -0.399111  ]
X_ 2 postcondition: < 0.75
[-1.3476834   0.64712864  0.32643345  0.13287932 -0.06989188  0.05042335
 -0.30113113 -0.1948769  -1.0132906  -0.05548571 -0.236864   -0.4157215
 -0.29930255  0.11633997  0.07481617 -0.64165914 -0.19211291 -0.46051916
  0.70254755 -0.21215808  0.4745687   0.19544022  0.04695321 -0.0090899
 -0.10850875  0.09008244 -0.154863   -0.04192515  0.11321908  1.0516243
  0.01946645  0.14644337 -0.13030028 -0.2059484  -0.5235902  -0.8857483
 -0.13601601  0.18937045 -0.05658037  0.1293216   0.7880679   0.6654616
  0.08553519 -0.27075502 -0.05326416  0.5949822   0.07694659 -0.07643031
 -0.53486156 -0.399111  ]
X_ 2 postcondition: == 0.75
[-1.3476834   0.64712864  0.32643345  0.13287932 -0.06989188  0.05042335
 -0.30113113 -0.1948769  -1.0132906  -0.05548571 -0.236864   -0.4157215
 -0.29930255  0.11633997  0.07481617 -0.64165914 -0.19211291 -0.46051916
  0.70254755 -0.21215808  0.4745687   0.19544022  0.04695321 -0.0090899
 -0.10850875  0.09008244 -0.154863   -0.04192515  0.11321908  1.0516243
  0.01946645  0.14644337 -0.13030028 -0.2059484  -0.5235902  -0.8857483
 -0.13601601  0.18937045 -0.05658037  0.1293216   0.7880679   0.6654616
  0.08553519 -0.27075502 -0.05326416  0.5949822   0.07694659 -0.07643031
 -0.53486156 -0.399111  ]
X_ 2 postcondition: != 0.75
[-1.3476834   0.64712864  0.32643345  0.13287932 -0.06989188  0.05042335
 -0.30113113 -0.1948769  -1.0132906  -0.05548571 -0.236864   -0.4157215
 -0.29930255  0.11633997  0.07481617 -0.64165914 -0.19211291 -0.46051916
  0.70254755 -0.21215808  0.4745687   0.19544022  0.04695321 -0.0090899
 -0.10850875  0.09008244 -0.154863   -0.04192515  0.11321908  1.0516243
  0.01946645  0.14644337 -0.13030028 -0.2059484  -0.5235902  -0.8857483
 -0.13601601  0.18937045 -0.05658037  0.1293216   0.7880679   0.6654616
  0.08553519 -0.27075502 -0.05326416  0.5949822   0.07694659 -0.07643031
 -0.53486156 -0.399111  ]
X_ 2 postcondition: >= 0.9
[-1.6172203   0.7765542   0.39172     0.15945514 -0.08387025  0.06050802
 -0.36135742 -0.23385225 -1.2159486  -0.06658285 -0.28423688 -0.49886578
 -0.35916308  0.13960795  0.08977941 -0.7699909  -0.23053542 -0.5526231
  0.8430569  -0.25458977  0.5694824   0.23452823  0.05634385 -0.0109079
 -0.13021053  0.10809893 -0.18583561 -0.05031019  0.1358629   1.261949
  0.02335974  0.17573205 -0.15636031 -0.24713807 -0.6283082  -1.0628983
 -0.16321917  0.22724453 -0.06789641  0.15518591  0.9456814   0.7985538
  0.10264227 -0.32490587 -0.06391698  0.71397865  0.09233597 -0.09171634
 -0.6418339  -0.47893322]
X_ 2 postcondition: <= 0.9
[-1.6172203   0.7765542   0.39172     0.15945514 -0.08387025  0.06050802
 -0.36135742 -0.23385225 -1.2159486  -0.06658285 -0.28423688 -0.49886578
 -0.35916308  0.13960795  0.08977941 -0.7699909  -0.23053542 -0.5526231
  0.8430569  -0.25458977  0.5694824   0.23452823  0.05634385 -0.0109079
 -0.13021053  0.10809893 -0.18583561 -0.05031019  0.1358629   1.261949
  0.02335974  0.17573205 -0.15636031 -0.24713807 -0.6283082  -1.0628983
 -0.16321917  0.22724453 -0.06789641  0.15518591  0.9456814   0.7985538
  0.10264227 -0.32490587 -0.06391698  0.71397865  0.09233597 -0.09171634
 -0.6418339  -0.47893322]
X_ 2 postcondition: > 0.9
[-1.6172203   0.7765542   0.39172     0.15945514 -0.08387025  0.06050802
 -0.36135742 -0.23385225 -1.2159486  -0.06658285 -0.28423688 -0.49886578
 -0.35916308  0.13960795  0.08977941 -0.7699909  -0.23053542 -0.5526231
  0.8430569  -0.25458977  0.5694824   0.23452823  0.05634385 -0.0109079
 -0.13021053  0.10809893 -0.18583561 -0.05031019  0.1358629   1.261949
  0.02335974  0.17573205 -0.15636031 -0.24713807 -0.6283082  -1.0628983
 -0.16321917  0.22724453 -0.06789641  0.15518591  0.9456814   0.7985538
  0.10264227 -0.32490587 -0.06391698  0.71397865  0.09233597 -0.09171634
 -0.6418339  -0.47893322]
X_ 2 postcondition: < 0.9
[-1.6172203   0.7765542   0.39172     0.15945514 -0.08387025  0.06050802
 -0.36135742 -0.23385225 -1.2159486  -0.06658285 -0.28423688 -0.49886578
 -0.35916308  0.13960795  0.08977941 -0.7699909  -0.23053542 -0.5526231
  0.8430569  -0.25458977  0.5694824   0.23452823  0.05634385 -0.0109079
 -0.13021053  0.10809893 -0.18583561 -0.05031019  0.1358629   1.261949
  0.02335974  0.17573205 -0.15636031 -0.24713807 -0.6283082  -1.0628983
 -0.16321917  0.22724453 -0.06789641  0.15518591  0.9456814   0.7985538
  0.10264227 -0.32490587 -0.06391698  0.71397865  0.09233597 -0.09171634
 -0.6418339  -0.47893322]
X_ 2 postcondition: == 0.9
[-1.6172203   0.7765542   0.39172     0.15945514 -0.08387025  0.06050802
 -0.36135742 -0.23385225 -1.2159486  -0.06658285 -0.28423688 -0.49886578
 -0.35916308  0.13960795  0.08977941 -0.7699909  -0.23053542 -0.5526231
  0.8430569  -0.25458977  0.5694824   0.23452823  0.05634385 -0.0109079
 -0.13021053  0.10809893 -0.18583561 -0.05031019  0.1358629   1.261949
  0.02335974  0.17573205 -0.15636031 -0.24713807 -0.6283082  -1.0628983
 -0.16321917  0.22724453 -0.06789641  0.15518591  0.9456814   0.7985538
  0.10264227 -0.32490587 -0.06391698  0.71397865  0.09233597 -0.09171634
 -0.6418339  -0.47893322]
X_ 2 postcondition: != 0.9
[-1.6172203   0.7765542   0.39172     0.15945514 -0.08387025  0.06050802
 -0.36135742 -0.23385225 -1.2159486  -0.06658285 -0.28423688 -0.49886578
 -0.35916308  0.13960795  0.08977941 -0.7699909  -0.23053542 -0.5526231
  0.8430569  -0.25458977  0.5694824   0.23452823  0.05634385 -0.0109079
 -0.13021053  0.10809893 -0.18583561 -0.05031019  0.1358629   1.261949
  0.02335974  0.17573205 -0.15636031 -0.24713807 -0.6283082  -1.0628983
 -0.16321917  0.22724453 -0.06789641  0.15518591  0.9456814   0.7985538
  0.10264227 -0.32490587 -0.06391698  0.71397865  0.09233597 -0.09171634
 -0.6418339  -0.47893322]
X_ 2 postcondition: >= 0.95
[-1.7070657   0.81969607  0.41348228  0.16831352 -0.08852971  0.06386958
 -0.38143277 -0.24684404 -1.2835013  -0.0702819  -0.3000278  -0.5265806
 -0.37911662  0.14736396  0.09476718 -0.81276816 -0.24334303 -0.58332443
  0.8898935  -0.26873353  0.60112035  0.24755757  0.05947405 -0.01151382
 -0.13744444  0.11410449 -0.19615978 -0.05310518  0.14341082  1.3320574
  0.02465758  0.18549494 -0.16504702 -0.26086792 -0.6632142  -1.121948
 -0.17228694  0.23986924 -0.07166838  0.1638073   0.99821925  0.842918
  0.10834461 -0.3429563  -0.06746789  0.75364417  0.09746578 -0.0968117
 -0.67749137 -0.5055406 ]
X_ 2 postcondition: <= 0.95
[-1.7070657   0.81969607  0.41348228  0.16831352 -0.08852971  0.06386958
 -0.38143277 -0.24684404 -1.2835013  -0.0702819  -0.3000278  -0.5265806
 -0.37911662  0.14736396  0.09476718 -0.81276816 -0.24334303 -0.58332443
  0.8898935  -0.26873353  0.60112035  0.24755757  0.05947405 -0.01151382
 -0.13744444  0.11410449 -0.19615978 -0.05310518  0.14341082  1.3320574
  0.02465758  0.18549494 -0.16504702 -0.26086792 -0.6632142  -1.121948
 -0.17228694  0.23986924 -0.07166838  0.1638073   0.99821925  0.842918
  0.10834461 -0.3429563  -0.06746789  0.75364417  0.09746578 -0.0968117
 -0.67749137 -0.5055406 ]
X_ 2 postcondition: > 0.95
[-1.7070657   0.81969607  0.41348228  0.16831352 -0.08852971  0.06386958
 -0.38143277 -0.24684404 -1.2835013  -0.0702819  -0.3000278  -0.5265806
 -0.37911662  0.14736396  0.09476718 -0.81276816 -0.24334303 -0.58332443
  0.8898935  -0.26873353  0.60112035  0.24755757  0.05947405 -0.01151382
 -0.13744444  0.11410449 -0.19615978 -0.05310518  0.14341082  1.3320574
  0.02465758  0.18549494 -0.16504702 -0.26086792 -0.6632142  -1.121948
 -0.17228694  0.23986924 -0.07166838  0.1638073   0.99821925  0.842918
  0.10834461 -0.3429563  -0.06746789  0.75364417  0.09746578 -0.0968117
 -0.67749137 -0.5055406 ]
X_ 2 postcondition: < 0.95
[-1.7070657   0.81969607  0.41348228  0.16831352 -0.08852971  0.06386958
 -0.38143277 -0.24684404 -1.2835013  -0.0702819  -0.3000278  -0.5265806
 -0.37911662  0.14736396  0.09476718 -0.81276816 -0.24334303 -0.58332443
  0.8898935  -0.26873353  0.60112035  0.24755757  0.05947405 -0.01151382
 -0.13744444  0.11410449 -0.19615978 -0.05310518  0.14341082  1.3320574
  0.02465758  0.18549494 -0.16504702 -0.26086792 -0.6632142  -1.121948
 -0.17228694  0.23986924 -0.07166838  0.1638073   0.99821925  0.842918
  0.10834461 -0.3429563  -0.06746789  0.75364417  0.09746578 -0.0968117
 -0.67749137 -0.5055406 ]
X_ 2 postcondition: == 0.95
[-1.7070657   0.81969607  0.41348228  0.16831352 -0.08852971  0.06386958
 -0.38143277 -0.24684404 -1.2835013  -0.0702819  -0.3000278  -0.5265806
 -0.37911662  0.14736396  0.09476718 -0.81276816 -0.24334303 -0.58332443
  0.8898935  -0.26873353  0.60112035  0.24755757  0.05947405 -0.01151382
 -0.13744444  0.11410449 -0.19615978 -0.05310518  0.14341082  1.3320574
  0.02465758  0.18549494 -0.16504702 -0.26086792 -0.6632142  -1.121948
 -0.17228694  0.23986924 -0.07166838  0.1638073   0.99821925  0.842918
  0.10834461 -0.3429563  -0.06746789  0.75364417  0.09746578 -0.0968117
 -0.67749137 -0.5055406 ]
X_ 2 postcondition: != 0.95
[-1.7070657   0.81969607  0.41348228  0.16831352 -0.08852971  0.06386958
 -0.38143277 -0.24684404 -1.2835013  -0.0702819  -0.3000278  -0.5265806
 -0.37911662  0.14736396  0.09476718 -0.81276816 -0.24334303 -0.58332443
  0.8898935  -0.26873353  0.60112035  0.24755757  0.05947405 -0.01151382
 -0.13744444  0.11410449 -0.19615978 -0.05310518  0.14341082  1.3320574
  0.02465758  0.18549494 -0.16504702 -0.26086792 -0.6632142  -1.121948
 -0.17228694  0.23986924 -0.07166838  0.1638073   0.99821925  0.842918
  0.10834461 -0.3429563  -0.06746789  0.75364417  0.09746578 -0.0968117
 -0.67749137 -0.5055406 ]
X_ 2 postcondition: >= 0.99
[-1.7789418   0.8542096   0.43089217  0.17540069 -0.09225728  0.06655881
 -0.39749312 -0.2572375  -1.3375435  -0.07324115 -0.31266055 -0.5487524
 -0.39507937  0.15356876  0.09875735 -0.8469901  -0.253589   -0.6078854
  0.92736274 -0.28004873  0.62643063  0.25798103  0.06197822 -0.01199867
 -0.14323157  0.11890888 -0.20441918 -0.05534122  0.14944921  1.3881439
  0.02569576  0.19330525 -0.17199636 -0.27185193 -0.69113904 -1.1691881
 -0.17954114  0.24996902 -0.0746861   0.17070451  1.04025     0.8784092
  0.11290646 -0.3573965  -0.07030861  0.78537655  0.1015695  -0.10088802
 -0.7060172  -0.52682656]
X_ 2 postcondition: <= 0.99
[-1.7789418   0.8542096   0.43089217  0.17540069 -0.09225728  0.06655881
 -0.39749312 -0.2572375  -1.3375435  -0.07324115 -0.31266055 -0.5487524
 -0.39507937  0.15356876  0.09875735 -0.8469901  -0.253589   -0.6078854
  0.92736274 -0.28004873  0.62643063  0.25798103  0.06197822 -0.01199867
 -0.14323157  0.11890888 -0.20441918 -0.05534122  0.14944921  1.3881439
  0.02569576  0.19330525 -0.17199636 -0.27185193 -0.69113904 -1.1691881
 -0.17954114  0.24996902 -0.0746861   0.17070451  1.04025     0.8784092
  0.11290646 -0.3573965  -0.07030861  0.78537655  0.1015695  -0.10088802
 -0.7060172  -0.52682656]
X_ 2 postcondition: > 0.99
[-1.7789418   0.8542096   0.43089217  0.17540069 -0.09225728  0.06655881
 -0.39749312 -0.2572375  -1.3375435  -0.07324115 -0.31266055 -0.5487524
 -0.39507937  0.15356876  0.09875735 -0.8469901  -0.253589   -0.6078854
  0.92736274 -0.28004873  0.62643063  0.25798103  0.06197822 -0.01199867
 -0.14323157  0.11890888 -0.20441918 -0.05534122  0.14944921  1.3881439
  0.02569576  0.19330525 -0.17199636 -0.27185193 -0.69113904 -1.1691881
 -0.17954114  0.24996902 -0.0746861   0.17070451  1.04025     0.8784092
  0.11290646 -0.3573965  -0.07030861  0.78537655  0.1015695  -0.10088802
 -0.7060172  -0.52682656]
X_ 2 postcondition: < 0.99
[-1.7789418   0.8542096   0.43089217  0.17540069 -0.09225728  0.06655881
 -0.39749312 -0.2572375  -1.3375435  -0.07324115 -0.31266055 -0.5487524
 -0.39507937  0.15356876  0.09875735 -0.8469901  -0.253589   -0.6078854
  0.92736274 -0.28004873  0.62643063  0.25798103  0.06197822 -0.01199867
 -0.14323157  0.11890888 -0.20441918 -0.05534122  0.14944921  1.3881439
  0.02569576  0.19330525 -0.17199636 -0.27185193 -0.69113904 -1.1691881
 -0.17954114  0.24996902 -0.0746861   0.17070451  1.04025     0.8784092
  0.11290646 -0.3573965  -0.07030861  0.78537655  0.1015695  -0.10088802
 -0.7060172  -0.52682656]
X_ 2 postcondition: == 0.99
[-1.7789418   0.8542096   0.43089217  0.17540069 -0.09225728  0.06655881
 -0.39749312 -0.2572375  -1.3375435  -0.07324115 -0.31266055 -0.5487524
 -0.39507937  0.15356876  0.09875735 -0.8469901  -0.253589   -0.6078854
  0.92736274 -0.28004873  0.62643063  0.25798103  0.06197822 -0.01199867
 -0.14323157  0.11890888 -0.20441918 -0.05534122  0.14944921  1.3881439
  0.02569576  0.19330525 -0.17199636 -0.27185193 -0.69113904 -1.1691881
 -0.17954114  0.24996902 -0.0746861   0.17070451  1.04025     0.8784092
  0.11290646 -0.3573965  -0.07030861  0.78537655  0.1015695  -0.10088802
 -0.7060172  -0.52682656]
X_ 2 postcondition: != 0.99
[-1.7789418   0.8542096   0.43089217  0.17540069 -0.09225728  0.06655881
 -0.39749312 -0.2572375  -1.3375435  -0.07324115 -0.31266055 -0.5487524
 -0.39507937  0.15356876  0.09875735 -0.8469901  -0.253589   -0.6078854
  0.92736274 -0.28004873  0.62643063  0.25798103  0.06197822 -0.01199867
 -0.14323157  0.11890888 -0.20441918 -0.05534122  0.14944921  1.3881439
  0.02569576  0.19330525 -0.17199636 -0.27185193 -0.69113904 -1.1691881
 -0.17954114  0.24996902 -0.0746861   0.17070451  1.04025     0.8784092
  0.11290646 -0.3573965  -0.07030861  0.78537655  0.1015695  -0.10088802
 -0.7060172  -0.52682656]
X_ 3 postcondition: >= 0.75
[-0.03628425  0.04815793 -0.03358082  0.09885129 -0.1425879   0.0830465
  0.00809461  0.14065382  0.10973775 -0.13555776  0.06548107 -0.09778084
  0.04944342  0.04603492 -0.1810346  -0.14195941 -0.08302372 -0.21430528
  0.07885601 -0.1440886   0.01448388 -0.17883693]
X_ 3 postcondition: <= 0.75
[-0.03628425  0.04815793 -0.03358082  0.09885129 -0.1425879   0.0830465
  0.00809461  0.14065382  0.10973775 -0.13555776  0.06548107 -0.09778084
  0.04944342  0.04603492 -0.1810346  -0.14195941 -0.08302372 -0.21430528
  0.07885601 -0.1440886   0.01448388 -0.17883693]
X_ 3 postcondition: > 0.75
[-0.03628425  0.04815793 -0.03358082  0.09885129 -0.1425879   0.0830465
  0.00809461  0.14065382  0.10973775 -0.13555776  0.06548107 -0.09778084
  0.04944342  0.04603492 -0.1810346  -0.14195941 -0.08302372 -0.21430528
  0.07885601 -0.1440886   0.01448388 -0.17883693]
X_ 3 postcondition: < 0.75
[-0.03628425  0.04815793 -0.03358082  0.09885129 -0.1425879   0.0830465
  0.00809461  0.14065382  0.10973775 -0.13555776  0.06548107 -0.09778084
  0.04944342  0.04603492 -0.1810346  -0.14195941 -0.08302372 -0.21430528
  0.07885601 -0.1440886   0.01448388 -0.17883693]
X_ 3 postcondition: == 0.75
[-0.03628425  0.04815793 -0.03358082  0.09885129 -0.1425879   0.0830465
  0.00809461  0.14065382  0.10973775 -0.13555776  0.06548107 -0.09778084
  0.04944342  0.04603492 -0.1810346  -0.14195941 -0.08302372 -0.21430528
  0.07885601 -0.1440886   0.01448388 -0.17883693]
X_ 3 postcondition: != 0.75
[-0.03628425  0.04815793 -0.03358082  0.09885129 -0.1425879   0.0830465
  0.00809461  0.14065382  0.10973775 -0.13555776  0.06548107 -0.09778084
  0.04944342  0.04603492 -0.1810346  -0.14195941 -0.08302372 -0.21430528
  0.07885601 -0.1440886   0.01448388 -0.17883693]
X_ 3 postcondition: >= 0.9
[-0.04354111  0.05778948 -0.04029699  0.11862154 -0.17110549  0.09965582
  0.00971354  0.16878454  0.13168526 -0.16266927  0.07857728 -0.11733697
  0.05933208  0.05524192 -0.21724151 -0.17035124 -0.09962848 -0.25716636
  0.09462719 -0.17290635  0.01738067 -0.21460438]
X_ 3 postcondition: <= 0.9
[-0.04354111  0.05778948 -0.04029699  0.11862154 -0.17110549  0.09965582
  0.00971354  0.16878454  0.13168526 -0.16266927  0.07857728 -0.11733697
  0.05933208  0.05524192 -0.21724151 -0.17035124 -0.09962848 -0.25716636
  0.09462719 -0.17290635  0.01738067 -0.21460438]
X_ 3 postcondition: > 0.9
[-0.04354111  0.05778948 -0.04029699  0.11862154 -0.17110549  0.09965582
  0.00971354  0.16878454  0.13168526 -0.16266927  0.07857728 -0.11733697
  0.05933208  0.05524192 -0.21724151 -0.17035124 -0.09962848 -0.25716636
  0.09462719 -0.17290635  0.01738067 -0.21460438]
X_ 3 postcondition: < 0.9
[-0.04354111  0.05778948 -0.04029699  0.11862154 -0.17110549  0.09965582
  0.00971354  0.16878454  0.13168526 -0.16266927  0.07857728 -0.11733697
  0.05933208  0.05524192 -0.21724151 -0.17035124 -0.09962848 -0.25716636
  0.09462719 -0.17290635  0.01738067 -0.21460438]
X_ 3 postcondition: == 0.9
[-0.04354111  0.05778948 -0.04029699  0.11862154 -0.17110549  0.09965582
  0.00971354  0.16878454  0.13168526 -0.16266927  0.07857728 -0.11733697
  0.05933208  0.05524192 -0.21724151 -0.17035124 -0.09962848 -0.25716636
  0.09462719 -0.17290635  0.01738067 -0.21460438]
X_ 3 postcondition: != 0.9
[-0.04354111  0.05778948 -0.04029699  0.11862154 -0.17110549  0.09965582
  0.00971354  0.16878454  0.13168526 -0.16266927  0.07857728 -0.11733697
  0.05933208  0.05524192 -0.21724151 -0.17035124 -0.09962848 -0.25716636
  0.09462719 -0.17290635  0.01738067 -0.21460438]
X_ 3 postcondition: >= 0.95
[-0.04596008  0.06100002 -0.04253573  0.12521164 -0.18061139  0.10519221
  0.01025316  0.17816153  0.13900116 -0.17170648  0.08294268 -0.12385572
  0.06262839  0.05831093 -0.22931044 -0.17981525 -0.1051634  -0.27145335
  0.09988425 -0.18251227  0.01834625 -0.22652678]
X_ 3 postcondition: <= 0.95
[-0.04596008  0.06100002 -0.04253573  0.12521164 -0.18061139  0.10519221
  0.01025316  0.17816153  0.13900116 -0.17170648  0.08294268 -0.12385572
  0.06262839  0.05831093 -0.22931044 -0.17981525 -0.1051634  -0.27145335
  0.09988425 -0.18251227  0.01834625 -0.22652678]
X_ 3 postcondition: > 0.95
[-0.04596008  0.06100002 -0.04253573  0.12521164 -0.18061139  0.10519221
  0.01025316  0.17816153  0.13900116 -0.17170648  0.08294268 -0.12385572
  0.06262839  0.05831093 -0.22931044 -0.17981525 -0.1051634  -0.27145335
  0.09988425 -0.18251227  0.01834625 -0.22652678]
X_ 3 postcondition: < 0.95
[-0.04596008  0.06100002 -0.04253573  0.12521164 -0.18061139  0.10519221
  0.01025316  0.17816153  0.13900116 -0.17170648  0.08294268 -0.12385572
  0.06262839  0.05831093 -0.22931044 -0.17981525 -0.1051634  -0.27145335
  0.09988425 -0.18251227  0.01834625 -0.22652678]
X_ 3 postcondition: == 0.95
[-0.04596008  0.06100002 -0.04253573  0.12521164 -0.18061139  0.10519221
  0.01025316  0.17816153  0.13900116 -0.17170648  0.08294268 -0.12385572
  0.06262839  0.05831093 -0.22931044 -0.17981525 -0.1051634  -0.27145335
  0.09988425 -0.18251227  0.01834625 -0.22652678]
X_ 3 postcondition: != 0.95
[-0.04596008  0.06100002 -0.04253573  0.12521164 -0.18061139  0.10519221
  0.01025316  0.17816153  0.13900116 -0.17170648  0.08294268 -0.12385572
  0.06262839  0.05831093 -0.22931044 -0.17981525 -0.1051634  -0.27145335
  0.09988425 -0.18251227  0.01834625 -0.22652678]
X_ 3 postcondition: >= 0.99
[-0.04789526  0.06356847 -0.0443267   0.13048369 -0.18821606  0.1096214
  0.01068488  0.18566298  0.14485376 -0.17893627  0.08643501 -0.1290707
  0.06526532  0.06076612 -0.23896565 -0.18738642 -0.10959133 -0.28288293
  0.10408994 -0.19019692  0.01911869 -0.2360648 ]
X_ 3 postcondition: <= 0.99
[-0.04789526  0.06356847 -0.0443267   0.13048369 -0.18821606  0.1096214
  0.01068488  0.18566298  0.14485376 -0.17893627  0.08643501 -0.1290707
  0.06526532  0.06076612 -0.23896565 -0.18738642 -0.10959133 -0.28288293
  0.10408994 -0.19019692  0.01911869 -0.2360648 ]
X_ 3 postcondition: > 0.99
[-0.04789526  0.06356847 -0.0443267   0.13048369 -0.18821606  0.1096214
  0.01068488  0.18566298  0.14485376 -0.17893627  0.08643501 -0.1290707
  0.06526532  0.06076612 -0.23896565 -0.18738642 -0.10959133 -0.28288293
  0.10408994 -0.19019692  0.01911869 -0.2360648 ]
X_ 3 postcondition: < 0.99
[-0.04789526  0.06356847 -0.0443267   0.13048369 -0.18821606  0.1096214
  0.01068488  0.18566298  0.14485376 -0.17893627  0.08643501 -0.1290707
  0.06526532  0.06076612 -0.23896565 -0.18738642 -0.10959133 -0.28288293
  0.10408994 -0.19019692  0.01911869 -0.2360648 ]
X_ 3 postcondition: == 0.99
[-0.04789526  0.06356847 -0.0443267   0.13048369 -0.18821606  0.1096214
  0.01068488  0.18566298  0.14485376 -0.17893627  0.08643501 -0.1290707
  0.06526532  0.06076612 -0.23896565 -0.18738642 -0.10959133 -0.28288293
  0.10408994 -0.19019692  0.01911869 -0.2360648 ]
X_ 3 postcondition: != 0.99
[-0.04789526  0.06356847 -0.0443267   0.13048369 -0.18821606  0.1096214
  0.01068488  0.18566298  0.14485376 -0.17893627  0.08643501 -0.1290707
  0.06526532  0.06076612 -0.23896565 -0.18738642 -0.10959133 -0.28288293
  0.10408994 -0.19019692  0.01911869 -0.2360648 ]
X_ 4 postcondition: >= 0.75
[  0.22817978   0.2803367    1.2141558   -3.0419283   -1.7487304
  28.742582     2.3081694   -0.38728043  -9.110676     1.1046699
  82.83076     -0.37722817 -20.49224      0.5420193  -63.096786
  12.211587     3.1237657   -0.5483622  -29.432566    88.101166
  -1.9298241    1.9823407 ]
X_ 4 postcondition: <= 0.75
[  0.22817978   0.2803367    1.2141558   -3.0419283   -1.7487304
  28.742582     2.3081694   -0.38728043  -9.110676     1.1046699
  82.83076     -0.37722817 -20.49224      0.5420193  -63.096786
  12.211587     3.1237657   -0.5483622  -29.432566    88.101166
  -1.9298241    1.9823407 ]
X_ 4 postcondition: > 0.75
[  0.22817978   0.2803367    1.2141558   -3.0419283   -1.7487304
  28.742582     2.3081694   -0.38728043  -9.110676     1.1046699
  82.83076     -0.37722817 -20.49224      0.5420193  -63.096786
  12.211587     3.1237657   -0.5483622  -29.432566    88.101166
  -1.9298241    1.9823407 ]
X_ 4 postcondition: < 0.75
[  0.22817978   0.2803367    1.2141558   -3.0419283   -1.7487304
  28.742582     2.3081694   -0.38728043  -9.110676     1.1046699
  82.83076     -0.37722817 -20.49224      0.5420193  -63.096786
  12.211587     3.1237657   -0.5483622  -29.432566    88.101166
  -1.9298241    1.9823407 ]
X_ 4 postcondition: == 0.75
[  0.22817978   0.2803367    1.2141558   -3.0419283   -1.7487304
  28.742582     2.3081694   -0.38728043  -9.110676     1.1046699
  82.83076     -0.37722817 -20.49224      0.5420193  -63.096786
  12.211587     3.1237657   -0.5483622  -29.432566    88.101166
  -1.9298241    1.9823407 ]
X_ 4 postcondition: != 0.75
[  0.22817978   0.2803367    1.2141558   -3.0419283   -1.7487304
  28.742582     2.3081694   -0.38728043  -9.110676     1.1046699
  82.83076     -0.37722817 -20.49224      0.5420193  -63.096786
  12.211587     3.1237657   -0.5483622  -29.432566    88.101166
  -1.9298241    1.9823407 ]
X_ 4 postcondition: >= 0.9
[  0.27381575   0.33640406   1.4569868   -3.650314    -2.0984766
  34.491096     2.7698033   -0.46473652 -10.932811     1.3256038
  99.39691     -0.4526738  -24.590689     0.65042317 -75.71614
  14.653905     3.7485187   -0.6580346  -35.319077   105.721405
  -2.315789     2.3788085 ]
X_ 4 postcondition: <= 0.9
[  0.27381575   0.33640406   1.4569868   -3.650314    -2.0984766
  34.491096     2.7698033   -0.46473652 -10.932811     1.3256038
  99.39691     -0.4526738  -24.590689     0.65042317 -75.71614
  14.653905     3.7485187   -0.6580346  -35.319077   105.721405
  -2.315789     2.3788085 ]
X_ 4 postcondition: > 0.9
[  0.27381575   0.33640406   1.4569868   -3.650314    -2.0984766
  34.491096     2.7698033   -0.46473652 -10.932811     1.3256038
  99.39691     -0.4526738  -24.590689     0.65042317 -75.71614
  14.653905     3.7485187   -0.6580346  -35.319077   105.721405
  -2.315789     2.3788085 ]
X_ 4 postcondition: < 0.9
[  0.27381575   0.33640406   1.4569868   -3.650314    -2.0984766
  34.491096     2.7698033   -0.46473652 -10.932811     1.3256038
  99.39691     -0.4526738  -24.590689     0.65042317 -75.71614
  14.653905     3.7485187   -0.6580346  -35.319077   105.721405
  -2.315789     2.3788085 ]
X_ 4 postcondition: == 0.9
[  0.27381575   0.33640406   1.4569868   -3.650314    -2.0984766
  34.491096     2.7698033   -0.46473652 -10.932811     1.3256038
  99.39691     -0.4526738  -24.590689     0.65042317 -75.71614
  14.653905     3.7485187   -0.6580346  -35.319077   105.721405
  -2.315789     2.3788085 ]
X_ 4 postcondition: != 0.9
[  0.27381575   0.33640406   1.4569868   -3.650314    -2.0984766
  34.491096     2.7698033   -0.46473652 -10.932811     1.3256038
  99.39691     -0.4526738  -24.590689     0.65042317 -75.71614
  14.653905     3.7485187   -0.6580346  -35.319077   105.721405
  -2.315789     2.3788085 ]
X_ 4 postcondition: >= 0.95
[  0.28902772   0.35509318   1.5379306   -3.8531094   -2.2150586
  36.407272     2.923681    -0.4905552  -11.540189     1.3992486
 104.91896     -0.4778223  -25.956839     0.68655777 -79.92259
  15.468011     3.95677     -0.6945921  -37.28125    111.59482
  -2.444444     2.5109646 ]
X_ 4 postcondition: <= 0.95
[  0.28902772   0.35509318   1.5379306   -3.8531094   -2.2150586
  36.407272     2.923681    -0.4905552  -11.540189     1.3992486
 104.91896     -0.4778223  -25.956839     0.68655777 -79.92259
  15.468011     3.95677     -0.6945921  -37.28125    111.59482
  -2.444444     2.5109646 ]
X_ 4 postcondition: > 0.95
[  0.28902772   0.35509318   1.5379306   -3.8531094   -2.2150586
  36.407272     2.923681    -0.4905552  -11.540189     1.3992486
 104.91896     -0.4778223  -25.956839     0.68655777 -79.92259
  15.468011     3.95677     -0.6945921  -37.28125    111.59482
  -2.444444     2.5109646 ]
X_ 4 postcondition: < 0.95
[  0.28902772   0.35509318   1.5379306   -3.8531094   -2.2150586
  36.407272     2.923681    -0.4905552  -11.540189     1.3992486
 104.91896     -0.4778223  -25.956839     0.68655777 -79.92259
  15.468011     3.95677     -0.6945921  -37.28125    111.59482
  -2.444444     2.5109646 ]
X_ 4 postcondition: == 0.95
[  0.28902772   0.35509318   1.5379306   -3.8531094   -2.2150586
  36.407272     2.923681    -0.4905552  -11.540189     1.3992486
 104.91896     -0.4778223  -25.956839     0.68655777 -79.92259
  15.468011     3.95677     -0.6945921  -37.28125    111.59482
  -2.444444     2.5109646 ]
X_ 4 postcondition: != 0.95
[  0.28902772   0.35509318   1.5379306   -3.8531094   -2.2150586
  36.407272     2.923681    -0.4905552  -11.540189     1.3992486
 104.91896     -0.4778223  -25.956839     0.68655777 -79.92259
  15.468011     3.95677     -0.6945921  -37.28125    111.59482
  -2.444444     2.5109646 ]
X_ 4 postcondition: >= 0.99
[  0.30119732   0.37004447   1.6026856   -4.0153456   -2.308324
  37.940212     3.0467834   -0.51121014 -12.026092     1.4581643
 109.33661     -0.49794117 -27.049757     0.7154655  -83.28776
  16.119295     4.123371    -0.72383815 -38.850986   116.29354
  -2.547368     2.6166894 ]
X_ 4 postcondition: <= 0.99
[  0.30119732   0.37004447   1.6026856   -4.0153456   -2.308324
  37.940212     3.0467834   -0.51121014 -12.026092     1.4581643
 109.33661     -0.49794117 -27.049757     0.7154655  -83.28776
  16.119295     4.123371    -0.72383815 -38.850986   116.29354
  -2.547368     2.6166894 ]
X_ 4 postcondition: > 0.99
[  0.30119732   0.37004447   1.6026856   -4.0153456   -2.308324
  37.940212     3.0467834   -0.51121014 -12.026092     1.4581643
 109.33661     -0.49794117 -27.049757     0.7154655  -83.28776
  16.119295     4.123371    -0.72383815 -38.850986   116.29354
  -2.547368     2.6166894 ]
X_ 4 postcondition: < 0.99
[  0.30119732   0.37004447   1.6026856   -4.0153456   -2.308324
  37.940212     3.0467834   -0.51121014 -12.026092     1.4581643
 109.33661     -0.49794117 -27.049757     0.7154655  -83.28776
  16.119295     4.123371    -0.72383815 -38.850986   116.29354
  -2.547368     2.6166894 ]
X_ 4 postcondition: == 0.99
[  0.30119732   0.37004447   1.6026856   -4.0153456   -2.308324
  37.940212     3.0467834   -0.51121014 -12.026092     1.4581643
 109.33661     -0.49794117 -27.049757     0.7154655  -83.28776
  16.119295     4.123371    -0.72383815 -38.850986   116.29354
  -2.547368     2.6166894 ]
X_ 4 postcondition: != 0.99
[  0.30119732   0.37004447   1.6026856   -4.0153456   -2.308324
  37.940212     3.0467834   -0.51121014 -12.026092     1.4581643
 109.33661     -0.49794117 -27.049757     0.7154655  -83.28776
  16.119295     4.123371    -0.72383815 -38.850986   116.29354
  -2.547368     2.6166894 ]
Weakest precondition: [ 4.2751877e-04  5.5566459e-04  8.8621693e-04  3.6973282e-04
  6.9535576e-04 -2.4441976e-04 -2.4266644e-04 -1.3116945e-04
 -5.3313392e-04  1.1074470e-03  6.0274178e-05 -8.6461368e-06
  5.3116947e-04  8.7893422e-05 -2.6751703e-04  6.6889057e-05
 -9.2895073e-04 -1.6215636e-04  6.5361336e-04  2.7344309e-04
  8.8374101e-04  6.7624882e-05]
Features:  ['Age' 'Job' 'Credit amount' 'Duration' 'Sex_female' 'Sex_male'
 'Housing_free' 'Housing_own' 'Housing_rent' 'Saving accounts_little'
 'Saving accounts_moderate' 'Saving accounts_quite rich'
 'Checking account_little' 'Checking account_moderate'
 'Checking account_rich' 'Purpose_business' 'Purpose_car'
 'Purpose_domestic appliances' 'Purpose_education'
 'Purpose_furniture/equipment' 'Purpose_radio/TV' 'Purpose_repairs']
Features length:  22
Weakest precondition size  22

Checking precondition violation:   0%|          | 0/22 [00:00<?, ?it/s]
Checking precondition violation: 100%|| 22/22 [00:00<00:00, 917.69it/s]
