Number of layers in the model: 3
Layer: dense
Layer: dense_1
Layer: dense_2
Number of selected layers in the model: 3
#weights: 3 | #biases: 3 | #N: 3 | #Gamma: 3
W_ 1 : [[ 0.34037548 -0.48925373 -0.43961617 -0.08610541 -0.4734087   0.47492748
  -0.21657786  0.02029067  0.25315702 -0.03470778  0.315718    0.3776338 ]
 [ 0.44152457  0.2689063   0.00996828 -0.36713517 -0.01956576  0.04571784
   0.38675582  0.29654944 -0.47650763 -0.38084146  0.01529193  0.1512019 ]
 [-0.01926392 -0.09384122 -0.05448809 -0.19939324  0.04734808 -0.17551881
  -0.1967423  -0.19099766  0.13366628  0.4399063  -0.0374673  -0.18636748]
 [ 0.31276     0.44934613  0.009525    0.06152052  0.47579372  0.11529964
  -0.33479565  0.45591056 -0.27326143 -0.11906597 -0.27918476  0.2855233 ]
 [-0.37907755 -0.40749532 -0.08269733  0.41074455  0.27782893  0.19131213
   0.08614975  0.21461558 -0.31607172  0.24849623  0.41042107  0.17713434]
 [ 0.21146035  0.41695887 -0.18157783 -0.25564885 -0.5001024  -0.20010543
   0.21472502  0.41143256 -0.02570698  0.15130371  0.18247867  0.3705309 ]
 [-0.07813689 -0.04870981  0.42501265 -0.18693998 -0.06900832  0.14484912
   0.22901529  0.46478254  0.34118724  0.40852767 -0.3927425   0.37074482]
 [-0.34344262 -0.3707934  -0.25464642  0.48042184  0.2818002  -0.26075938
   0.06733662 -0.19013456 -0.44134066 -0.13816917  0.36026347 -0.04863125]
 [ 0.16480047 -0.30482823 -0.05633718  0.06397074  0.46904385  0.20929253
   0.37076324  0.03160661 -0.20397684 -0.06076413 -0.26745826 -0.18462697]
 [ 0.08709961 -0.2389436  -0.11341196  0.30486405  0.33177614  0.09541863
  -0.3869534   0.22820097  0.18820351  0.10269362  0.17137623 -0.02647296]]
W_ 2 : [[-0.06777853  0.14785141  0.2757026   0.04463422  0.4861235   0.28080887
   0.09213245 -0.27929208  0.38118887  0.2942863 ]
 [ 0.4668917  -0.27810985 -0.41018263  0.13812995 -0.32487035 -0.3668301
   0.00083399 -0.43773422 -0.420573    0.23788029]
 [ 0.12218744  0.34714878 -0.16018939  0.305862   -0.00323838 -0.25896582
   0.19126248 -0.076047    0.33856446 -0.15541095]
 [ 0.05208057  0.40364724 -0.26780602 -0.3187214   0.47775698 -0.4401309
  -0.10389903  0.19113028 -0.15540919  0.4563732 ]
 [-0.35657346  0.31039518 -0.02647182  0.35856986 -0.05420047  0.27253813
   0.0767256   0.12305129 -0.30480927  0.11872518]
 [ 0.34863234  0.3454014   0.1866439   0.25821674 -0.4743028   0.20819199
  -0.47913057  0.48472852 -0.06799915  0.25906903]
 [ 0.52220446  0.47787076  0.44175237 -0.27345666 -0.08680964  0.36266363
   0.5085407  -0.2505183   0.38834107  0.30922282]
 [-0.2236875  -0.48791587  0.28125113 -0.28678745  0.31893557  0.41447288
   0.02230072  0.1673755   0.14316785 -0.02165961]
 [ 0.4357013   0.14868987 -0.4376219   0.3897819   0.06055087  0.46451318
  -0.40492994 -0.32145828 -0.34411064  0.4408564 ]
 [-0.44716173 -0.18879035 -0.462696   -0.03975493 -0.07730541  0.04258704
   0.22522098 -0.0698109   0.25852168 -0.29036576]
 [-0.04424876  0.06726396  0.02645063  0.39524364  0.3114525   0.01686502
  -0.11424106  0.38762027 -0.46864444 -0.06987417]
 [ 0.17116094 -0.35340893  0.3476162  -0.36997125  0.16626835 -0.41298085
   0.30268204  0.21591002 -0.49552232 -0.25626633]]
W_ 3 : [[-0.5502731 ]
 [ 0.02203918]
 [-0.7340586 ]
 [-0.20331055]
 [ 0.4972176 ]
 [ 0.11935067]
 [-0.429708  ]
 [-0.42382294]
 [ 0.3312691 ]
 [-0.01755941]]
B_ 1 : [0. 0. 0. 0. 0. 0. 0. 0. 0. 0. 0. 0.]
B_ 2 : [0. 0. 0. 0. 0. 0. 0. 0. 0. 0.]
B_ 3 : [0.]
Activation function of layer_a 1 : relu
Activation function of layer_a 2 : relu
Activation function of layer_a 3 : relu
Gamma_ 1 : [[ 0.18975101  0.5362965   0.28486887 -0.10272276 -0.6474896   0.23637797
  -0.0470634   0.08318244  0.41586208  0.8557125 ]
 [-0.5826585  -0.94214785 -0.6053994   0.4268255   0.69395787  0.78678465
  -1.1379418  -1.359153    0.2578534  -0.58842987]
 [-0.43213928  1.3890605  -0.02226127 -0.5619404   0.17172457 -1.3362745
   0.79092467 -0.1398709  -1.3768486   0.5951166 ]
 [-0.19928004 -1.4072286  -1.3262142   0.16249877 -0.08663577  0.7953806
  -0.35884988  0.04919553  0.7399467   0.13971594]
 [-0.26231834  0.34057623  0.42563626  0.23593967  0.045006   -0.3126865
   0.08959445  0.13734707  0.22823714  0.5154686 ]
 [ 0.22914578 -0.5959944  -0.62726253  0.22360341  1.6180818  -0.30331197
  -1.0437454  -2.0957901   0.49140447 -0.9170315 ]
 [-0.33127603 -0.33779684 -0.66619074 -0.61677116  0.11628018  0.8544942
  -0.08503141 -0.22893892  1.1585633  -0.15286948]
 [-0.37410364  0.47257563 -0.3857359  -0.3219044   0.05999444  0.48264897
   0.34973288 -0.11286011 -0.00947646  1.3020337 ]
 [-0.15989867 -0.5537542  -0.72924256 -0.60534257 -0.70214987  0.406662
   0.19243768 -0.2263413   0.276119    1.0849581 ]
 [-0.10199484 -0.6230149   1.0700492   0.21815321  0.9173949   0.6507651
  -0.27867892 -0.69290173  0.53334063 -0.48040122]
 [-0.35276097  1.0908852   0.06870142 -0.8894856   0.9096739  -0.1315576
  -0.5322945  -0.7069545  -0.87360644  1.1200213 ]
 [ 0.77947396 -0.0485114   0.1214757   0.8760931  -0.45774543 -0.21718028
   1.054865    1.3743156  -0.5475216  -0.87499535]]
Gamma_ 2 : [[-1.38625145e-01  6.91027522e-01 -2.75316477e+00 -2.43847489e-01
  -3.41652918e+00 -6.47963047e-01  1.62562144e+00 -1.61926365e+00
  -7.15998471e-01  4.29111481e-01  4.16947269e+00 -2.29389453e+00]
 [ 2.11572790e+00 -2.15122914e+00  1.65384698e+00 -4.56699729e-02
   1.58325410e+00  2.10275674e+00 -1.63801956e+00 -1.91045904e+00
   2.48255444e+00  2.60935020e+00 -4.63733482e+00  4.33974743e+00]
 [ 4.66680145e+00 -3.70711327e-01 -4.46575165e-01 -6.60174370e-01
   6.11560822e-01  1.48866653e+00 -8.76550019e-01 -1.52458954e+00
   1.71686649e-01  1.58932495e+00 -1.86638451e+00  2.00006676e+00]
 [-4.84280944e-01  1.17993474e+00 -1.97465897e+00 -3.43752265e-01
   6.46245420e-01 -7.68374503e-01  2.36715943e-01  1.33646715e+00
  -8.31398010e-01 -2.68869925e+00  1.17733431e+00 -2.71494460e+00]
 [ 2.13878250e+00 -4.60932255e-01  3.48554611e-01  4.59563732e-01
  -1.87898636e-01 -8.44041824e-01 -3.74538153e-01 -2.38452911e-01
   9.59661245e-01 -1.91574097e-01  6.57507896e-01  6.70151711e-01]
 [-1.49678063e+00 -4.14406031e-01 -3.65455985e-01 -1.75562233e-01
  -3.27407241e-01 -1.12506330e+00  7.45955169e-01  9.67808008e-01
   6.36255205e-01 -9.17473793e-01  4.65288937e-01  2.66629875e-01]
 [-5.46342373e-01  1.82830501e+00 -3.01485658e+00  4.53943014e-03
  -1.63476968e+00 -5.45522928e-01  2.40104842e+00 -9.41214085e-01
  -2.21925473e+00  1.09531593e+00  4.10192585e+00 -3.50585365e+00]
 [-2.78974414e+00  1.55722868e+00 -2.29339600e+00  6.93379641e-01
  -2.20679951e+00 -1.23299992e+00  2.36177707e+00  7.86352873e-01
  -3.01055431e+00 -2.39764214e-01  4.73042011e+00 -4.94745588e+00]
 [-2.20724130e+00  8.76691103e-01  3.42046380e-01  1.10432774e-01
  -1.91954172e+00 -1.15019643e+00  1.49169350e+00 -7.56986141e-02
  -1.69759393e+00 -3.04898930e+00  2.51857924e+00 -2.37770200e+00]
 [-1.15587652e+00  2.45603538e+00 -5.09610772e-02  8.52600574e-01
   2.32918680e-01 -7.00625956e-01  8.77658427e-01  2.85948801e+00
  -1.99542725e+00 -1.54832983e+00  2.04005075e+00 -2.81998014e+00]]
Gamma_ 3 : [[-10.996399    76.33984      1.861023    55.680176    -7.2684937
   16.918762    -0.95607567 -13.911987    23.533447   408.16992   ]]
X_ 1 postcondition: >= 0.75
[0. 0. 0. 0. 0. 0. 0. 0. 0. 0.]
X_ 1 postcondition: <= 0.75
[0. 0. 0. 0. 0. 0. 0. 0. 0. 0.]
X_ 1 postcondition: > 0.75
[0. 0. 0. 0. 0. 0. 0. 0. 0. 0.]
X_ 1 postcondition: < 0.75
[0. 0. 0. 0. 0. 0. 0. 0. 0. 0.]
X_ 1 postcondition: == 0.75
[0. 0. 0. 0. 0. 0. 0. 0. 0. 0.]
X_ 1 postcondition: != 0.75
[0. 0. 0. 0. 0. 0. 0. 0. 0. 0.]
X_ 1 postcondition: >= 0.9
[0. 0. 0. 0. 0. 0. 0. 0. 0. 0.]
X_ 1 postcondition: <= 0.9
[0. 0. 0. 0. 0. 0. 0. 0. 0. 0.]
X_ 1 postcondition: > 0.9
[0. 0. 0. 0. 0. 0. 0. 0. 0. 0.]
X_ 1 postcondition: < 0.9
[0. 0. 0. 0. 0. 0. 0. 0. 0. 0.]
X_ 1 postcondition: == 0.9
[0. 0. 0. 0. 0. 0. 0. 0. 0. 0.]
X_ 1 postcondition: != 0.9
[0. 0. 0. 0. 0. 0. 0. 0. 0. 0.]
X_ 1 postcondition: >= 0.95
[0. 0. 0. 0. 0. 0. 0. 0. 0. 0.]
X_ 1 postcondition: <= 0.95
[0. 0. 0. 0. 0. 0. 0. 0. 0. 0.]
X_ 1 postcondition: > 0.95
[0. 0. 0. 0. 0. 0. 0. 0. 0. 0.]
X_ 1 postcondition: < 0.95
[0. 0. 0. 0. 0. 0. 0. 0. 0. 0.]
X_ 1 postcondition: == 0.95
[0. 0. 0. 0. 0. 0. 0. 0. 0. 0.]
X_ 1 postcondition: != 0.95
[0. 0. 0. 0. 0. 0. 0. 0. 0. 0.]
X_ 1 postcondition: >= 0.99
[0. 0. 0. 0. 0. 0. 0. 0. 0. 0.]
X_ 1 postcondition: <= 0.99
[0. 0. 0. 0. 0. 0. 0. 0. 0. 0.]
X_ 1 postcondition: > 0.99
[0. 0. 0. 0. 0. 0. 0. 0. 0. 0.]
X_ 1 postcondition: < 0.99
[0. 0. 0. 0. 0. 0. 0. 0. 0. 0.]
X_ 1 postcondition: == 0.99
[0. 0. 0. 0. 0. 0. 0. 0. 0. 0.]
X_ 1 postcondition: != 0.99
[0. 0. 0. 0. 0. 0. 0. 0. 0. 0.]
X_ 2 postcondition: >= 0.75
[0. 0. 0. 0. 0. 0. 0. 0. 0. 0. 0. 0.]
X_ 2 postcondition: <= 0.75
[0. 0. 0. 0. 0. 0. 0. 0. 0. 0. 0. 0.]
X_ 2 postcondition: > 0.75
[0. 0. 0. 0. 0. 0. 0. 0. 0. 0. 0. 0.]
X_ 2 postcondition: < 0.75
[0. 0. 0. 0. 0. 0. 0. 0. 0. 0. 0. 0.]
X_ 2 postcondition: == 0.75
[0. 0. 0. 0. 0. 0. 0. 0. 0. 0. 0. 0.]
X_ 2 postcondition: != 0.75
[0. 0. 0. 0. 0. 0. 0. 0. 0. 0. 0. 0.]
X_ 2 postcondition: >= 0.9
[0. 0. 0. 0. 0. 0. 0. 0. 0. 0. 0. 0.]
X_ 2 postcondition: <= 0.9
[0. 0. 0. 0. 0. 0. 0. 0. 0. 0. 0. 0.]
X_ 2 postcondition: > 0.9
[0. 0. 0. 0. 0. 0. 0. 0. 0. 0. 0. 0.]
X_ 2 postcondition: < 0.9
[0. 0. 0. 0. 0. 0. 0. 0. 0. 0. 0. 0.]
X_ 2 postcondition: == 0.9
[0. 0. 0. 0. 0. 0. 0. 0. 0. 0. 0. 0.]
X_ 2 postcondition: != 0.9
[0. 0. 0. 0. 0. 0. 0. 0. 0. 0. 0. 0.]
X_ 2 postcondition: >= 0.95
[0. 0. 0. 0. 0. 0. 0. 0. 0. 0. 0. 0.]
X_ 2 postcondition: <= 0.95
[0. 0. 0. 0. 0. 0. 0. 0. 0. 0. 0. 0.]
X_ 2 postcondition: > 0.95
[0. 0. 0. 0. 0. 0. 0. 0. 0. 0. 0. 0.]
X_ 2 postcondition: < 0.95
[0. 0. 0. 0. 0. 0. 0. 0. 0. 0. 0. 0.]
X_ 2 postcondition: == 0.95
[0. 0. 0. 0. 0. 0. 0. 0. 0. 0. 0. 0.]
X_ 2 postcondition: != 0.95
[0. 0. 0. 0. 0. 0. 0. 0. 0. 0. 0. 0.]
X_ 2 postcondition: >= 0.99
[0. 0. 0. 0. 0. 0. 0. 0. 0. 0. 0. 0.]
X_ 2 postcondition: <= 0.99
[0. 0. 0. 0. 0. 0. 0. 0. 0. 0. 0. 0.]
X_ 2 postcondition: > 0.99
[0. 0. 0. 0. 0. 0. 0. 0. 0. 0. 0. 0.]
X_ 2 postcondition: < 0.99
[0. 0. 0. 0. 0. 0. 0. 0. 0. 0. 0. 0.]
X_ 2 postcondition: == 0.99
[0. 0. 0. 0. 0. 0. 0. 0. 0. 0. 0. 0.]
X_ 2 postcondition: != 0.99
[0. 0. 0. 0. 0. 0. 0. 0. 0. 0. 0. 0.]
X_ 3 postcondition: >= 0.75
[0. 0. 0. 0. 0. 0. 0. 0. 0. 0.]
X_ 3 postcondition: <= 0.75
[0. 0. 0. 0. 0. 0. 0. 0. 0. 0.]
X_ 3 postcondition: > 0.75
[0. 0. 0. 0. 0. 0. 0. 0. 0. 0.]
X_ 3 postcondition: < 0.75
[0. 0. 0. 0. 0. 0. 0. 0. 0. 0.]
X_ 3 postcondition: == 0.75
[0. 0. 0. 0. 0. 0. 0. 0. 0. 0.]
X_ 3 postcondition: != 0.75
[0. 0. 0. 0. 0. 0. 0. 0. 0. 0.]
X_ 3 postcondition: >= 0.9
[0. 0. 0. 0. 0. 0. 0. 0. 0. 0.]
X_ 3 postcondition: <= 0.9
[0. 0. 0. 0. 0. 0. 0. 0. 0. 0.]
X_ 3 postcondition: > 0.9
[0. 0. 0. 0. 0. 0. 0. 0. 0. 0.]
X_ 3 postcondition: < 0.9
[0. 0. 0. 0. 0. 0. 0. 0. 0. 0.]
X_ 3 postcondition: == 0.9
[0. 0. 0. 0. 0. 0. 0. 0. 0. 0.]
X_ 3 postcondition: != 0.9
[0. 0. 0. 0. 0. 0. 0. 0. 0. 0.]
X_ 3 postcondition: >= 0.95
[0. 0. 0. 0. 0. 0. 0. 0. 0. 0.]
X_ 3 postcondition: <= 0.95
[0. 0. 0. 0. 0. 0. 0. 0. 0. 0.]
X_ 3 postcondition: > 0.95
[0. 0. 0. 0. 0. 0. 0. 0. 0. 0.]
X_ 3 postcondition: < 0.95
[0. 0. 0. 0. 0. 0. 0. 0. 0. 0.]
X_ 3 postcondition: == 0.95
[0. 0. 0. 0. 0. 0. 0. 0. 0. 0.]
X_ 3 postcondition: != 0.95
[0. 0. 0. 0. 0. 0. 0. 0. 0. 0.]
X_ 3 postcondition: >= 0.99
[0. 0. 0. 0. 0. 0. 0. 0. 0. 0.]
X_ 3 postcondition: <= 0.99
[0. 0. 0. 0. 0. 0. 0. 0. 0. 0.]
X_ 3 postcondition: > 0.99
[0. 0. 0. 0. 0. 0. 0. 0. 0. 0.]
X_ 3 postcondition: < 0.99
[0. 0. 0. 0. 0. 0. 0. 0. 0. 0.]
X_ 3 postcondition: == 0.99
[0. 0. 0. 0. 0. 0. 0. 0. 0. 0.]
X_ 3 postcondition: != 0.99
[0. 0. 0. 0. 0. 0. 0. 0. 0. 0.]
Weakest precondition: [0. 0. 0. 0. 0. 0. 0. 0. 0. 0.]
Features:  ['LotArea' 'OverallQual' 'OverallCond' 'TotalBsmtSF' 'FullBath' 'HalfBath'
 'BedroomAbvGr' 'TotRmsAbvGrd' 'Fireplaces' 'GarageArea']
Features length:  10
Weakest precondition size  10

Checking precondition violation:   0%|          | 0/10 [00:00<?, ?it/s]
Checking precondition violation: 100%|██████████| 10/10 [00:00<00:00, 1055.46it/s]
